105450
89841 89841
93343 93343
94821 94821
95705 95705
97334 97334
98640 98640
99930 99930
101160 101160
101160 101160
101160 101160
101928 101928
101928 101928
101928 101928
104610 104610
104610 104610
104610 104610
104610 104610
104610 104610
104610 104610
104610 104610
104610 104610
104610 104610
104610 104610
104610 104610
104610 104610
104610 104610
104610 104610
104610 104610
104610 104610
104610 104610
104610 104610
104610 104610
104610 104610
104610 104610
104610 104610
104610 104610
104610 104610
104610 104610
104610 104610
104610 104610
104610 104610
104610 104610
104610 104610
104610 104610
104610 104610
104610 104610
105450 105450
105450 105450
105450 105450
105450 105450
105450 105450
105450 105450
105450 105450
105450 105450
105450 105450
105450 105450
105450 105450
105450 105450
105450 105450
105450 105450
105450 105450
105450 105450
105450 105450
105450 105450
105450 105450
105450 105450
105450 105450
105450 105450
105450 105450
105450 105450
105450 105450
105450 105450
105450 105450
105450 105450
105450 105450
105450 105450
105450 105450
105450 105450
105450 105450
105450 105450
105450 105450
105450 105450
105450 105450
105450 105450
105450 105450
105450 105450
105450 105450
105450 105450
105450 105450
105450 105450
105450 105450
105450 105450
105450 105450
105450 105450
105450 105450
105450 105450
105450 105450
105450 105450
105450 105450
105450 105450
105450 105450
105450 105450
105450 105450
105450 105450
105450 105450
105450 105450
105450 105450
105450 105450
105450 105450
105450 105450
105450 105450
105450 105450
105450 105450
105450 105450
105450 105450
105450 105450
105450 105450
105450 105450
105450 105450
105450 105450
105450 105450
105450 105450
105450 105450
105450 105450
105450 105450
105450 105450
105450 105450
105450 105450
105450 105450
105450 105450
105450 105450
105450 105450
105450 105450
105450 105450
105450 105450
105450 105450
105450 105450
105450 105450
105450 105450
105450 105450
105450 105450
105450 105450
105450 105450
105450 105450
105450 105450
105450 105450
105450 105450
105450 105450
105450 105450
105450 105450
105450 105450
105450 105450
105450 105450
