94906
81763 81763
82193 82193
83646 83646
84042 84042
86566 86566
86566 86566
86765 86765
87835 87835
87835 87835
88318 88318
89665 89665
89665 89665
89665 89665
89665 89665
89665 89665
90325 90325
90325 90325
90325 90325
90325 90325
90823 90823
90823 90823
90823 90823
90823 90823
90823 90823
90823 90823
90823 90823
90823 90823
90823 90823
90823 90823
90823 90823
91777 91777
91777 91777
91777 91777
91777 91777
91777 91777
91777 91777
91777 91777
91777 91777
91777 91777
91777 91777
91777 91777
91777 91777
91777 91777
91777 91777
91777 91777
91777 91777
91777 91777
91777 91777
91777 91777
91777 91777
91777 91777
91777 91777
91777 91777
91777 91777
91777 91777
91777 91777
91777 91777
91777 91777
91777 91777
91777 91777
91777 91777
91777 91777
93767 93767
93767 93767
93767 93767
93767 93767
93767 93767
93767 93767
93767 93767
93767 93767
93767 93767
93767 93767
93767 93767
93767 93767
93767 93767
93767 93767
93767 93767
93767 93767
93767 93767
93767 93767
93767 93767
93767 93767
93767 93767
93767 93767
93767 93767
93767 93767
93767 93767
93767 93767
93767 93767
93767 93767
93767 93767
93767 93767
93767 93767
93767 93767
93767 93767
93767 93767
93767 93767
93767 93767
93767 93767
93767 93767
93767 93767
93767 93767
93767 93767
93767 93767
93767 93767
93767 93767
93767 93767
93767 93767
93767 93767
93767 93767
93767 93767
93767 93767
93767 93767
93767 93767
93767 93767
93767 93767
93767 93767
93767 93767
93767 93767
93767 93767
93767 93767
93767 93767
93767 93767
93767 93767
93767 93767
93767 93767
93767 93767
93767 93767
93767 93767
93767 93767
93767 93767
93767 93767
93767 93767
93767 93767
93767 93767
93767 93767
93767 93767
93767 93767
93767 93767
93767 93767
93767 93767
93767 93767
93767 93767
93767 93767
93767 93767
93767 93767
93767 93767
93767 93767
93767 93767
93767 93767
93767 93767
93767 93767
93767 93767
93767 93767
94906 94906
94906 94906
94906 94906
94906 94906
94906 94906
94906 94906
94906 94906
94906 94906
94906 94906
94906 94906
94906 94906
94906 94906
94906 94906
94906 94906
94906 94906
94906 94906
94906 94906
94906 94906
94906 94906
94906 94906
94906 94906
94906 94906
94906 94906
94906 94906
94906 94906
94906 94906
94906 94906
94906 94906
94906 94906
94906 94906
94906 94906
94906 94906
94906 94906
94906 94906
94906 94906
94906 94906
94906 94906
94906 94906
94906 94906
94906 94906
94906 94906
94906 94906
94906 94906
94906 94906
94906 94906
94906 94906
94906 94906
94906 94906
94906 94906
94906 94906
94906 94906
94906 94906
94906 94906
94906 94906
94906 94906
94906 94906
94906 94906
94906 94906
94906 94906
94906 94906
94906 94906
94906 94906
94906 94906
94906 94906
94906 94906
94906 94906
94906 94906
94906 94906
94906 94906
94906 94906
94906 94906
94906 94906
94906 94906
94906 94906
94906 94906
94906 94906
94906 94906
94906 94906
94906 94906
94906 94906
94906 94906
94906 94906
94906 94906
94906 94906
94906 94906
94906 94906
94906 94906
94906 94906
94906 94906
94906 94906
94906 94906
94906 94906
94906 94906
94906 94906
94906 94906
94906 94906
