92498
81865 81865
81865 81865
83686 83686
84435 84435
85894 85894
86838 86838
88771 88771
88771 88771
88771 88771
88771 88771
88771 88771
89136 89136
89136 89136
89289 89289
90290 90290
90290 90290
90290 90290
90290 90290
90290 90290
90290 90290
90290 90290
90290 90290
90290 90290
90290 90290
90290 90290
90290 90290
90290 90290
90290 90290
90290 90290
90290 90290
90290 90290
90290 90290
90290 90290
90290 90290
90290 90290
90290 90290
90290 90290
90980 90980
90980 90980
90980 90980
90980 90980
90980 90980
90980 90980
90980 90980
92498 92498
92498 92498
92498 92498
92498 92498
92498 92498
92498 92498
92498 92498
92498 92498
92498 92498
92498 92498
92498 92498
92498 92498
92498 92498
92498 92498
92498 92498
92498 92498
92498 92498
92498 92498
92498 92498
92498 92498
92498 92498
92498 92498
92498 92498
92498 92498
92498 92498
92498 92498
92498 92498
92498 92498
92498 92498
92498 92498
92498 92498
92498 92498
92498 92498
92498 92498
92498 92498
92498 92498
92498 92498
92498 92498
92498 92498
92498 92498
92498 92498
92498 92498
92498 92498
92498 92498
92498 92498
92498 92498
92498 92498
92498 92498
92498 92498
92498 92498
92498 92498
92498 92498
92498 92498
92498 92498
92498 92498
92498 92498
92498 92498
92498 92498
92498 92498
92498 92498
92498 92498
92498 92498
92498 92498
92498 92498
92498 92498
92498 92498
92498 92498
92498 92498
92498 92498
92498 92498
92498 92498
92498 92498
92498 92498
92498 92498
92498 92498
92498 92498
92498 92498
92498 92498
92498 92498
92498 92498
92498 92498
92498 92498
92498 92498
92498 92498
92498 92498
92498 92498
92498 92498
92498 92498
92498 92498
92498 92498
92498 92498
92498 92498
92498 92498
92498 92498
92498 92498
92498 92498
92498 92498
92498 92498
92498 92498
92498 92498
92498 92498
92498 92498
92498 92498
92498 92498
92498 92498
92498 92498
92498 92498
92498 92498
92498 92498
92498 92498
92498 92498
92498 92498
92498 92498
92498 92498
92498 92498
92498 92498
92498 92498
92498 92498
92498 92498
92498 92498
92498 92498
92498 92498
92498 92498
92498 92498
92498 92498
92498 92498
92498 92498
92498 92498
92498 92498
92498 92498
92498 92498
92498 92498
92498 92498
92498 92498
92498 92498
92498 92498
92498 92498
92498 92498
92498 92498
92498 92498
92498 92498
92498 92498
92498 92498
92498 92498
92498 92498
92498 92498
92498 92498
92498 92498
92498 92498
92498 92498
92498 92498
92498 92498
92498 92498
92498 92498
92498 92498
92498 92498
92498 92498
92498 92498
92498 92498
92498 92498
92498 92498
92498 92498
92498 92498
92498 92498
92498 92498
92498 92498
92498 92498
92498 92498
92498 92498
92498 92498
92498 92498
92498 92498
92498 92498
92498 92498
92498 92498
92498 92498
92498 92498
92498 92498
92498 92498
92498 92498
92498 92498
92498 92498
92498 92498
92498 92498
92498 92498
92498 92498
92498 92498
92498 92498
92498 92498
92498 92498
92498 92498
92498 92498
92498 92498
92498 92498
92498 92498
92498 92498
92498 92498
92498 92498
92498 92498
92498 92498
92498 92498
92498 92498
92498 92498
92498 92498
92498 92498
92498 92498
92498 92498
