116219
100753 100753
105817 105817
106414 106414
107294 107294
108500 108500
108908 108908
109000 109000
110378 110378
111258 111258
111258 111258
111258 111258
111258 111258
111258 111258
112958 112958
112958 112958
112958 112958
112958 112958
112958 112958
112958 112958
112958 112958
112958 112958
112958 112958
112958 112958
113342 113342
113342 113342
113342 113342
113342 113342
113507 113507
113507 113507
113507 113507
113507 113507
113507 113507
113507 113507
113507 113507
113507 113507
113507 113507
113507 113507
113507 113507
113507 113507
113507 113507
113770 113770
113770 113770
113770 113770
113770 113770
113770 113770
113770 113770
113770 113770
113770 113770
113770 113770
113770 113770
113770 113770
113770 113770
113770 113770
113770 113770
113770 113770
113770 113770
113770 113770
113770 113770
113770 113770
113770 113770
113770 113770
113770 113770
113770 113770
113770 113770
113770 113770
113770 113770
113770 113770
113770 113770
113901 113901
113901 113901
113901 113901
113901 113901
113901 113901
113901 113901
113901 113901
113901 113901
113901 113901
113901 113901
113901 113901
113901 113901
115566 115566
115566 115566
115566 115566
115566 115566
115566 115566
115566 115566
115566 115566
115566 115566
115566 115566
115566 115566
115566 115566
115566 115566
115566 115566
115566 115566
115566 115566
115566 115566
115566 115566
115566 115566
115566 115566
115566 115566
115566 115566
115566 115566
115566 115566
115566 115566
115566 115566
115566 115566
116219 116219
116219 116219
116219 116219
116219 116219
116219 116219
116219 116219
116219 116219
116219 116219
116219 116219
116219 116219
116219 116219
116219 116219
116219 116219
116219 116219
116219 116219
116219 116219
116219 116219
116219 116219
116219 116219
116219 116219
116219 116219
116219 116219
116219 116219
116219 116219
116219 116219
116219 116219
