92591
80064 80064
81422 81422
84059 84059
84790 84790
86680 86680
86680 86680
86921 86921
86921 86921
89242 89242
89242 89242
89242 89242
89242 89242
89242 89242
89242 89242
89242 89242
89242 89242
89373 89373
89568 89568
89784 89784
89784 89784
89784 89784
89784 89784
89784 89784
89805 89805
89805 89805
89805 89805
89805 89805
89805 89805
89805 89805
89864 89864
89864 89864
90097 90097
90097 90097
90097 90097
90097 90097
90097 90097
90097 90097
90691 90691
90691 90691
90691 90691
90691 90691
90691 90691
90691 90691
90691 90691
90691 90691
90691 90691
90691 90691
90691 90691
90691 90691
90691 90691
90691 90691
90691 90691
90691 90691
90691 90691
90691 90691
90691 90691
90691 90691
90691 90691
91057 91057
91057 91057
91057 91057
91057 91057
91057 91057
91057 91057
92591 92591
92591 92591
92591 92591
92591 92591
92591 92591
92591 92591
92591 92591
92591 92591
92591 92591
92591 92591
92591 92591
92591 92591
92591 92591
92591 92591
92591 92591
92591 92591
92591 92591
92591 92591
92591 92591
92591 92591
92591 92591
92591 92591
92591 92591
92591 92591
92591 92591
92591 92591
92591 92591
92591 92591
92591 92591
92591 92591
92591 92591
92591 92591
92591 92591
92591 92591
92591 92591
92591 92591
92591 92591
92591 92591
92591 92591
92591 92591
92591 92591
92591 92591
92591 92591
92591 92591
92591 92591
92591 92591
92591 92591
92591 92591
92591 92591
92591 92591
92591 92591
92591 92591
92591 92591
92591 92591
92591 92591
92591 92591
92591 92591
92591 92591
92591 92591
92591 92591
92591 92591
92591 92591
92591 92591
92591 92591
92591 92591
92591 92591
92591 92591
92591 92591
92591 92591
92591 92591
92591 92591
92591 92591
92591 92591
92591 92591
92591 92591
92591 92591
92591 92591
92591 92591
92591 92591
92591 92591
92591 92591
92591 92591
92591 92591
92591 92591
92591 92591
92591 92591
92591 92591
92591 92591
92591 92591
92591 92591
92591 92591
92591 92591
92591 92591
92591 92591
92591 92591
92591 92591
92591 92591
92591 92591
92591 92591
92591 92591
92591 92591
92591 92591
92591 92591
92591 92591
92591 92591
92591 92591
92591 92591
92591 92591
92591 92591
92591 92591
92591 92591
92591 92591
92591 92591
92591 92591
92591 92591
92591 92591
92591 92591
92591 92591
92591 92591
92591 92591
92591 92591
92591 92591
92591 92591
92591 92591
92591 92591
92591 92591
92591 92591
92591 92591
92591 92591
92591 92591
92591 92591
92591 92591
92591 92591
92591 92591
92591 92591
92591 92591
92591 92591
92591 92591
92591 92591
92591 92591
92591 92591
92591 92591
92591 92591
92591 92591
92591 92591
92591 92591
92591 92591
92591 92591
92591 92591
92591 92591
92591 92591
92591 92591
92591 92591
92591 92591
92591 92591
92591 92591
92591 92591
92591 92591
92591 92591
92591 92591
92591 92591
92591 92591
92591 92591
92591 92591
92591 92591
92591 92591
92591 92591
92591 92591
92591 92591
92591 92591
92591 92591
92591 92591
92591 92591
92591 92591
92591 92591
92591 92591
92591 92591
92591 92591
92591 92591
92591 92591
92591 92591
92591 92591
92591 92591
92591 92591
92591 92591
92591 92591
92591 92591
