117073
104642 104642
104642 104642
105912 105912
106508 106508
109403 109403
109403 109403
109748 109748
110794 110794
110794 110794
112877 112877
112877 112877
112877 112877
112877 112877
112877 112877
113157 113157
113157 113157
113157 113157
113157 113157
113157 113157
113157 113157
113157 113157
113157 113157
113157 113157
113157 113157
113157 113157
113157 113157
117073 117073
117073 117073
117073 117073
117073 117073
117073 117073
117073 117073
117073 117073
117073 117073
117073 117073
117073 117073
117073 117073
117073 117073
117073 117073
117073 117073
117073 117073
117073 117073
117073 117073
117073 117073
117073 117073
117073 117073
117073 117073
117073 117073
117073 117073
117073 117073
117073 117073
117073 117073
117073 117073
117073 117073
117073 117073
117073 117073
117073 117073
117073 117073
117073 117073
117073 117073
117073 117073
117073 117073
117073 117073
117073 117073
117073 117073
117073 117073
117073 117073
117073 117073
117073 117073
117073 117073
117073 117073
117073 117073
117073 117073
117073 117073
117073 117073
117073 117073
117073 117073
117073 117073
117073 117073
117073 117073
117073 117073
117073 117073
117073 117073
117073 117073
117073 117073
117073 117073
117073 117073
117073 117073
117073 117073
117073 117073
117073 117073
117073 117073
117073 117073
117073 117073
117073 117073
117073 117073
117073 117073
117073 117073
117073 117073
117073 117073
117073 117073
117073 117073
117073 117073
117073 117073
117073 117073
117073 117073
117073 117073
117073 117073
117073 117073
117073 117073
117073 117073
117073 117073
117073 117073
117073 117073
117073 117073
117073 117073
117073 117073
117073 117073
117073 117073
117073 117073
117073 117073
117073 117073
117073 117073
117073 117073
117073 117073
117073 117073
117073 117073
117073 117073
117073 117073
117073 117073
117073 117073
117073 117073
