104507
92531 92531
93282 93282
94651 94651
96754 96754
97266 97266
98543 98543
98813 98813
100122 100122
101339 101339
101777 101777
101777 101777
102399 102399
102399 102399
102563 102563
103456 103456
103456 103456
103456 103456
103456 103456
103456 103456
103564 103564
103564 103564
104445 104445
104445 104445
104445 104445
104445 104445
104445 104445
104445 104445
104445 104445
104445 104445
104445 104445
104445 104445
104445 104445
104445 104445
104445 104445
104445 104445
104445 104445
104445 104445
104445 104445
104445 104445
104445 104445
104445 104445
104445 104445
104445 104445
104445 104445
104445 104445
104445 104445
104445 104445
104445 104445
104445 104445
104445 104445
104445 104445
104445 104445
104445 104445
104445 104445
104445 104445
104445 104445
104445 104445
104445 104445
104445 104445
104445 104445
104445 104445
104445 104445
104445 104445
104445 104445
104445 104445
104445 104445
104445 104445
104445 104445
104445 104445
104445 104445
104445 104445
104445 104445
104445 104445
104445 104445
104445 104445
104445 104445
104445 104445
104445 104445
104445 104445
104445 104445
104445 104445
104445 104445
104445 104445
104445 104445
104445 104445
104445 104445
104445 104445
104445 104445
104445 104445
104445 104445
104445 104445
104445 104445
104445 104445
104445 104445
104445 104445
104445 104445
104445 104445
104445 104445
104445 104445
104445 104445
104445 104445
104507 104507
104507 104507
104507 104507
104507 104507
104507 104507
104507 104507
104507 104507
104507 104507
104507 104507
104507 104507
104507 104507
104507 104507
104507 104507
104507 104507
104507 104507
104507 104507
104507 104507
104507 104507
104507 104507
104507 104507
104507 104507
104507 104507
104507 104507
104507 104507
104507 104507
104507 104507
104507 104507
104507 104507
104507 104507
104507 104507
104507 104507
104507 104507
104507 104507
104507 104507
104507 104507
104507 104507
104507 104507
104507 104507
104507 104507
104507 104507
104507 104507
104507 104507
104507 104507
104507 104507
104507 104507
104507 104507
104507 104507
104507 104507
104507 104507
104507 104507
104507 104507
104507 104507
