106937
93018 93018
94371 94371
94840 94840
97442 97442
100657 100657
100657 100657
100657 100657
100657 100657
101393 101393
101963 101963
101963 101963
101963 101963
101963 101963
101963 101963
101963 101963
101963 101963
101963 101963
101963 101963
101963 101963
104832 104832
104832 104832
104832 104832
104832 104832
104832 104832
104832 104832
104832 104832
104832 104832
104832 104832
104832 104832
104832 104832
104832 104832
104832 104832
104832 104832
104832 104832
104832 104832
104832 104832
104832 104832
104832 104832
104832 104832
104832 104832
104832 104832
104832 104832
104832 104832
104832 104832
104832 104832
104832 104832
104832 104832
104832 104832
104832 104832
104832 104832
104832 104832
104832 104832
104832 104832
104832 104832
104832 104832
104832 104832
104832 104832
104832 104832
104832 104832
104832 104832
104832 104832
104832 104832
104832 104832
104832 104832
104832 104832
104832 104832
104832 104832
104832 104832
104832 104832
104832 104832
104832 104832
104832 104832
104832 104832
104832 104832
104832 104832
104832 104832
104832 104832
104832 104832
104832 104832
104832 104832
104832 104832
104832 104832
104832 104832
104832 104832
104832 104832
104832 104832
104832 104832
104832 104832
104832 104832
104832 104832
104832 104832
104832 104832
104832 104832
104832 104832
104832 104832
104832 104832
104832 104832
104832 104832
104832 104832
104832 104832
104832 104832
104832 104832
104832 104832
104832 104832
104832 104832
104832 104832
104832 104832
104832 104832
104832 104832
104832 104832
104832 104832
104832 104832
104832 104832
104832 104832
104832 104832
104832 104832
104832 104832
104832 104832
106937 106937
106937 106937
106937 106937
106937 106937
106937 106937
106937 106937
106937 106937
106937 106937
106937 106937
106937 106937
106937 106937
106937 106937
106937 106937
106937 106937
106937 106937
106937 106937
106937 106937
106937 106937
106937 106937
106937 106937
106937 106937
106937 106937
106937 106937
106937 106937
106937 106937
106937 106937
106937 106937
106937 106937
106937 106937
106937 106937
106937 106937
106937 106937
106937 106937
106937 106937
106937 106937
