116330
104707 104707
104707 104707
106234 106234
107803 107803
107803 107803
108152 108152
109847 109847
111140 111140
111140 111140
111140 111140
112139 112139
112139 112139
112139 112139
112139 112139
112139 112139
114202 114202
114202 114202
114202 114202
114202 114202
114202 114202
114202 114202
114202 114202
114202 114202
114202 114202
114202 114202
116212 116212
116212 116212
116212 116212
116212 116212
116212 116212
116212 116212
116212 116212
116212 116212
116212 116212
116212 116212
116212 116212
116212 116212
116212 116212
116212 116212
116212 116212
116212 116212
116212 116212
116212 116212
116212 116212
116212 116212
116212 116212
116212 116212
116212 116212
116212 116212
116212 116212
116212 116212
116212 116212
116212 116212
116212 116212
116212 116212
116212 116212
116212 116212
116212 116212
116212 116212
116212 116212
116212 116212
116212 116212
116212 116212
116212 116212
116212 116212
116212 116212
116212 116212
116212 116212
116212 116212
116212 116212
116212 116212
116212 116212
116212 116212
116212 116212
116212 116212
116212 116212
116212 116212
116212 116212
116212 116212
116212 116212
116212 116212
116212 116212
116212 116212
116212 116212
116212 116212
116212 116212
116212 116212
116212 116212
116212 116212
116212 116212
116212 116212
116212 116212
116230 116230
116230 116230
116230 116230
116230 116230
116230 116230
116230 116230
116230 116230
116230 116230
116230 116230
116230 116230
116230 116230
116230 116230
116230 116230
116230 116230
116330 116330
116330 116330
116330 116330
116330 116330
116330 116330
116330 116330
116330 116330
116330 116330
116330 116330
116330 116330
116330 116330
116330 116330
116330 116330
116330 116330
116330 116330
116330 116330
116330 116330
116330 116330
116330 116330
116330 116330
116330 116330
116330 116330
116330 116330
116330 116330
116330 116330
116330 116330
