117846
101754 101754
102816 102816
106942 106942
107915 107915
108876 108876
109585 109585
111222 111222
115668 115668
115668 115668
115668 115668
115668 115668
115668 115668
115668 115668
115668 115668
115668 115668
115668 115668
115668 115668
115668 115668
115668 115668
115668 115668
115668 115668
115668 115668
115668 115668
115668 115668
117846 117846
117846 117846
117846 117846
117846 117846
117846 117846
117846 117846
117846 117846
117846 117846
117846 117846
117846 117846
117846 117846
117846 117846
117846 117846
117846 117846
117846 117846
117846 117846
117846 117846
117846 117846
117846 117846
117846 117846
117846 117846
117846 117846
117846 117846
117846 117846
117846 117846
117846 117846
117846 117846
117846 117846
117846 117846
117846 117846
117846 117846
117846 117846
117846 117846
117846 117846
117846 117846
117846 117846
117846 117846
117846 117846
117846 117846
117846 117846
117846 117846
117846 117846
117846 117846
117846 117846
117846 117846
117846 117846
117846 117846
117846 117846
117846 117846
117846 117846
117846 117846
117846 117846
117846 117846
117846 117846
117846 117846
117846 117846
117846 117846
117846 117846
117846 117846
117846 117846
117846 117846
117846 117846
117846 117846
117846 117846
117846 117846
117846 117846
117846 117846
117846 117846
117846 117846
117846 117846
117846 117846
117846 117846
117846 117846
117846 117846
117846 117846
117846 117846
117846 117846
117846 117846
117846 117846
117846 117846
117846 117846
117846 117846
117846 117846
117846 117846
117846 117846
117846 117846
117846 117846
117846 117846
117846 117846
117846 117846
117846 117846
117846 117846
117846 117846
117846 117846
117846 117846
117846 117846
117846 117846
117846 117846
117846 117846
117846 117846
117846 117846
117846 117846
117846 117846
117846 117846
117846 117846
117846 117846
117846 117846
117846 117846
