93756
79731 79731
82220 82220
85353 85353
85353 85353
87032 87032
87032 87032
87057 87057
88005 88005
88005 88005
88005 88005
88005 88005
90863 90863
90863 90863
90863 90863
90863 90863
90863 90863
90863 90863
90863 90863
90863 90863
90863 90863
90863 90863
90863 90863
90863 90863
90863 90863
90863 90863
90863 90863
90863 90863
90863 90863
90863 90863
90863 90863
90863 90863
91348 91348
91348 91348
91348 91348
91348 91348
91348 91348
91348 91348
91348 91348
91348 91348
91348 91348
91348 91348
91348 91348
91348 91348
91348 91348
91348 91348
91348 91348
91348 91348
91348 91348
91348 91348
91348 91348
91348 91348
91348 91348
91348 91348
91348 91348
91348 91348
91456 91456
91456 91456
91456 91456
91456 91456
91456 91456
91456 91456
91456 91456
91456 91456
91456 91456
91456 91456
92659 92659
92659 92659
92659 92659
92659 92659
92659 92659
92659 92659
92659 92659
92659 92659
92659 92659
92659 92659
92659 92659
92659 92659
92659 92659
92659 92659
92659 92659
92659 92659
92659 92659
92659 92659
92659 92659
92659 92659
92659 92659
92659 92659
92659 92659
92659 92659
92659 92659
92659 92659
92659 92659
92659 92659
92659 92659
92659 92659
92659 92659
92659 92659
92659 92659
92659 92659
92659 92659
92659 92659
92659 92659
92659 92659
92659 92659
92659 92659
92659 92659
92659 92659
92659 92659
92659 92659
92659 92659
92659 92659
92659 92659
92842 92842
92842 92842
92842 92842
92842 92842
92842 92842
92842 92842
92842 92842
92842 92842
92842 92842
92842 92842
92842 92842
92842 92842
92842 92842
92842 92842
92842 92842
92842 92842
92842 92842
92842 92842
92842 92842
92842 92842
92842 92842
92842 92842
92842 92842
92842 92842
92842 92842
92842 92842
92842 92842
92842 92842
92842 92842
92842 92842
92842 92842
92842 92842
92842 92842
92842 92842
92842 92842
92842 92842
92842 92842
92842 92842
92842 92842
92842 92842
92842 92842
92842 92842
92842 92842
92842 92842
92842 92842
92842 92842
92842 92842
92842 92842
92842 92842
92842 92842
92842 92842
92842 92842
92842 92842
92842 92842
92842 92842
92842 92842
92842 92842
92842 92842
92842 92842
92842 92842
92842 92842
92842 92842
92842 92842
92842 92842
92842 92842
92842 92842
92842 92842
92842 92842
92842 92842
92842 92842
92842 92842
92842 92842
92842 92842
92842 92842
92842 92842
92842 92842
92842 92842
92842 92842
92842 92842
92842 92842
92842 92842
92842 92842
92842 92842
92842 92842
92842 92842
92842 92842
92842 92842
92842 92842
92842 92842
92842 92842
92842 92842
92842 92842
92842 92842
92842 92842
92842 92842
92842 92842
93756 93756
93756 93756
93756 93756
93756 93756
93756 93756
93756 93756
93756 93756
93756 93756
93756 93756
93756 93756
93756 93756
93756 93756
93756 93756
93756 93756
93756 93756
93756 93756
93756 93756
93756 93756
93756 93756
93756 93756
93756 93756
93756 93756
93756 93756
93756 93756
93756 93756
93756 93756
93756 93756
93756 93756
93756 93756
93756 93756
93756 93756
93756 93756
93756 93756
93756 93756
93756 93756
93756 93756
93756 93756
93756 93756
93756 93756
93756 93756
93756 93756
93756 93756
