105275
90559 90559
95891 95891
96664 96664
96664 96664
97758 97758
98714 98714
100099 100099
100107 100107
100703 100703
100703 100703
100845 100845
101143 101143
101143 101143
101143 101143
101196 101196
101660 101660
104096 104096
104096 104096
104096 104096
104096 104096
104096 104096
104096 104096
104096 104096
104096 104096
104096 104096
104096 104096
104096 104096
104096 104096
104096 104096
104096 104096
104096 104096
104096 104096
104096 104096
104096 104096
104096 104096
104096 104096
104096 104096
104096 104096
104096 104096
104096 104096
104096 104096
104096 104096
104096 104096
104096 104096
104096 104096
104096 104096
104096 104096
104096 104096
104096 104096
104096 104096
104096 104096
104096 104096
104096 104096
104096 104096
104096 104096
104096 104096
104096 104096
104096 104096
104096 104096
104096 104096
104096 104096
104096 104096
104096 104096
104096 104096
104096 104096
104096 104096
104096 104096
104096 104096
104096 104096
104096 104096
104096 104096
104096 104096
104096 104096
104096 104096
104096 104096
104096 104096
104096 104096
104096 104096
104096 104096
104096 104096
104096 104096
104096 104096
104096 104096
104096 104096
104096 104096
104096 104096
104096 104096
104096 104096
104096 104096
104096 104096
104096 104096
104096 104096
104096 104096
104096 104096
104792 104792
104792 104792
104792 104792
104792 104792
104792 104792
104792 104792
104792 104792
104792 104792
104792 104792
104792 104792
104792 104792
105275 105275
105275 105275
105275 105275
105275 105275
105275 105275
105275 105275
105275 105275
105275 105275
105275 105275
105275 105275
105275 105275
105275 105275
105275 105275
105275 105275
105275 105275
105275 105275
105275 105275
105275 105275
105275 105275
105275 105275
105275 105275
105275 105275
105275 105275
105275 105275
105275 105275
105275 105275
105275 105275
105275 105275
105275 105275
105275 105275
105275 105275
105275 105275
105275 105275
105275 105275
105275 105275
105275 105275
105275 105275
105275 105275
105275 105275
105275 105275
105275 105275
105275 105275
105275 105275
105275 105275
105275 105275
105275 105275
105275 105275
105275 105275
105275 105275
