134036
118169 118169
122480 122480
122995 122995
125390 125390
126940 126940
126940 126940
130309 130309
130309 130309
130363 130363
131945 131945
131945 131945
131945 131945
131945 131945
131945 131945
131972 131972
131972 131972
131972 131972
132753 132753
132753 132753
132753 132753
132753 132753
132753 132753
132753 132753
132753 132753
132753 132753
134036 134036
134036 134036
134036 134036
134036 134036
134036 134036
134036 134036
134036 134036
134036 134036
134036 134036
134036 134036
134036 134036
134036 134036
134036 134036
134036 134036
134036 134036
134036 134036
134036 134036
134036 134036
134036 134036
134036 134036
134036 134036
134036 134036
134036 134036
134036 134036
134036 134036
134036 134036
134036 134036
