132877
120828 120828
121278 121278
124569 124569
126569 126569
127491 127491
127918 127918
129424 129424
129424 129424
129424 129424
129424 129424
129424 129424
130455 130455
130486 130486
132455 132455
132455 132455
132455 132455
132455 132455
132455 132455
132455 132455
132455 132455
132455 132455
132455 132455
132455 132455
132455 132455
132455 132455
132455 132455
132455 132455
132455 132455
132455 132455
132455 132455
132455 132455
132455 132455
132455 132455
132455 132455
132455 132455
132455 132455
132455 132455
132525 132525
132525 132525
132525 132525
132525 132525
132525 132525
132877 132877
132877 132877
132877 132877
132877 132877
132877 132877
132877 132877
132877 132877
132877 132877
132877 132877
132877 132877
