135987
118803 118803
122235 122235
124126 124126
125151 125151
125722 125722
127600 127600
129287 129287
129287 129287
129567 129567
129567 129567
129567 129567
130955 130955
130955 130955
130955 130955
130955 130955
132858 132858
132858 132858
132858 132858
132858 132858
132858 132858
132858 132858
132858 132858
133437 133437
133437 133437
133437 133437
133437 133437
133437 133437
133437 133437
133437 133437
133437 133437
133437 133437
133437 133437
133437 133437
133437 133437
133437 133437
133437 133437
133437 133437
133437 133437
133437 133437
133437 133437
133437 133437
133437 133437
133437 133437
133437 133437
133437 133437
133437 133437
133437 133437
133437 133437
134963 134963
134963 134963
135987 135987
135987 135987
