136253
120605 120605
121236 121236
125687 125687
125687 125687
127088 127088
129998 129998
129998 129998
130085 130085
130085 130085
130728 130728
132567 132567
132567 132567
134847 134847
134847 134847
134847 134847
134847 134847
134847 134847
134847 134847
136253 136253
136253 136253
136253 136253
136253 136253
136253 136253
136253 136253
136253 136253
136253 136253
136253 136253
136253 136253
136253 136253
136253 136253
136253 136253
136253 136253
136253 136253
136253 136253
136253 136253
136253 136253
136253 136253
136253 136253
136253 136253
136253 136253
136253 136253
136253 136253
136253 136253
136253 136253
136253 136253
136253 136253
136253 136253
136253 136253
136253 136253
136253 136253
136253 136253
136253 136253
