0
0 -8802047
0 -18435514
0 -28068752
0 -37594169
0 -47164967
0 -56345843
0 -65894706
0 -75443569
0 -84992432
0 -94541295
0 -102305548
0 -111688947
0 -121072346
0 -130455745
0 -139839144
0 -149222543
0 -158605942
0 -167989341
0 -177372740
0 -186756139
0 -196139538
0 -205522937
0 -214906336
0 -224289735
0 -233673134
0 -243056533
0 -252439932
0 -261823331
0 -271206730
0 -280590129
0 -289973528
0 -299356927
0 -308740326
0 -318123725
0 -327507124
0 -336890523
0 -346273922
0 -355657321
0 -365040720
0 -374424119
0 -383807518
0 -393190917
0 -402574316
0 -411957715
0 -421341114
0 -430724513
0 -440107912
0 -449491311
0 -458874710
0 -468258109
0 -477641508
0 -487024907
0 -495624354
0 -504993429
0 -514362504
0 -523731579
0 -529439039
0 -538743392
0 -548047745
0 -557352098
0 -566656451
0 -575960804
0 -585265157
0 -594569510
0 -603873863
0 -613178216
0 -622482569
0 -631786922
0 -641091275
0 -650395628
0 -659699981
0 -669004334
0 -678308687
0 -687613040
0 -696917393
0 -706221746
0 -715526099
0 -724830452
0 -734134805
0 -743439158
0 -752743511
0 -762047864
0 -771352217
0 -780656570
0 -789960923
0 -799265276
0 -808569629
0 -817873982
0 -827178335
0 -836482688
0 -845787041
0 -855091394
0 -864395747
0 -873700100
0 -883004453
0 -892308806
0 -901613159
0 -910917512
0 -920221865
0 -929526218
0 -938830571
0 -948134924
0 -957439277
0 -966743630
0 -976047983
0 -985352336
0 -994656689
0 -1003961042
0 -1013265395
0 -1022569748
0 -1031874101
0 -1041178454
0 -1050482807
0 -1059787160
0 -1069091513
0 -1078395866
0 -1087700219
0 -1097004572
0 -1106308925
0 -1115613278
0 -1124917631
0 -1134221984
0 -1143526337
0 -1152830690
0 -1162135043
0 -1171439396
0 -1180743749
0 -1190048102
0 -1199352455
0 -1208656808
0 -1217961161
0 -1227265514
0 -1236569867
0 -1245874220
0 -1255178573
0 -1264482926
0 -1273787279
0 -1283091632
0 -1292395985
0 -1301700338
0 -1311004691
0 -1320309044
0 -1329613397
0 -1338917750
0 -1348222103
0 -1357526456
0 -1366830809
0 -1376135162
0 -1385439515
0 -1394743868
0 -1404048221
0 -1413352574
0 -1422656927
0 -1431961280
0 -1441265633
0 -1450569986
0 -1459874339
0 -1469178692
0 -1478483045
0 -1487787398
0 -1497091751
0 -1506396104
0 -1515700457
0 -1525004810
0 -1534309163
0 -1543613516
0 -1552917869
0 -1562222222
0 -1571526575
0 -1580830928
0 -1590135281
0 -1599439634
0 -1608743987
0 -1618048340
0 -1627352693
0 -1636657046
0 -1645961399
0 -1655265752
0 -1664570105
0 -1673874458
0 -1683178811
0 -1692483164
0 -1701787517
0 -1711091870
0 -1720396223
0 -1729700576
0 -1739004929
0 -1748309282
0 -1757613635
0 -1766917988
0 -1776222341
0 -1785526694
0 -1794831047
0 -1804135400
0 -1813439753
0 -1822744106
0 -1832048459
0 -1841352812
0 -1850657165
0 -1859961518
0 -1869265871
0 -1878570224
0 -1887874577
0 -1897178930
0 -1906483283
0 -1915787636
0 -1925091989
0 -1934396342
0 -1943700695
0 -1953005048
0 -1962309401
0 -1971613754
0 -1980918107
0 -1990222460
0 -1999526813
0 -2008831166
0 -2018135519
0 -2027439872
0 -2036744225
0 -2046048578
0 -2055352931
0 -2064657284
0 -2073961637
0 -2083265990
0 -2092570343
0 -2101874696
0 -2111179049
0 -2120483402
0 -2129787755
0 -2139092108
0 -2148396461
0 -2157700814
0 -2167005167
0 -2176309520
0 -2185613873
0 -2194918226
0 -2204222579
0 -2213526932
0 -2222831285
0 -2232135638
0 -2241439991
0 -2250744344
0 -2260048697
0 -2269353050
0 -2278657403
0 -2287961756
0 -2297266109
0 -2306570462
0 -2315874815
0 -2325179168
0 -2334483521
0 -2343787874
0 -2353092227
0 -2362396580
0 -2371700933
0 -2381005286
0 -2390309639
0 -2399613992
0 -2408918345
0 -2418222698
0 -2427527051
0 -2436831404
0 -2446135757
0 -2455440110
0 -2463886497
0 -2473187603
0 -2482488709
0 -2491789815
0 -2501090921
0 -2510392027
0 -2519693133
0 -2528994239
0 -2538295345
0 -2547596451
0 -2556897557
0 -2566198663
0 -2575499769
0 -2584800875
0 -2594101981
0 -2603403087
0 -2612704193
0 -2622005299
0 -2631306405
0 -2640607511
0 -2649908617
0 -2659209723
0 -2668510829
0 -2677811935
0 -2687113041
0 -2696414147
0 -2705715253
0 -2715016359
0 -2724317465
0 -2733618571
0 -2742919677
0 -2752220783
0 -2761521889
0 -2770822995
0 -2780124101
0 -2789425207
0 -2798726313
0 -2808027419
0 -2817328525
0 -2826629631
0 -2835930737
0 -2845231843
0 -2854532949
0 -2863834055
0 -2873135161
0 -2882436267
0 -2891737373
0 -2901038479
0 -2910339585
0 -2919640691
0 -2928941797
0 -2938242903
0 -2947544009
0 -2956845115
0 -2966146221
0 -2975447327
0 -2984748433
0 -2994049539
0 -3003350645
0 -3012651751
0 -3021952857
0 -3031253963
0 -3040555069
0 -3049856175
0 -3059157281
0 -3068458387
0 -3077759493
0 -3087060599
0 -3096361705
0 -3105662811
0 -3114963917
0 -3124265023
0 -3133566129
0 -3142867235
0 -3152168341
0 -3161469447
0 -3170770553
0 -3180071659
0 -3189372765
0 -3198673871
0 -3207974977
0 -3217276083
0 -3226577189
0 -3213832748
0 -3223070478
0 -3232308208
0 -3241545938
0 -3250783668
0 -3260021398
0 -3269259128
0 -3278496858
0 -3287734588
0 -3296972318
0 -3306210048
0 -3315447778
0 -3324685508
0 -3333923238
0 -3343160968
0 -3352398698
0 -3361636428
0 -3370874158
0 -3380111888
0 -3389349618
0 -3398587348
0 -3407825078
0 -3417062808
0 -3426300538
0 -3435538268
0 -3444775998
0 -3454013728
0 -3463251458
0 -3472489188
0 -3481726918
0 -3490964648
0 -3500202378
0 -3509440108
0 -3518677838
0 -3527915568
0 -3537153298
0 -3546391028
0 -3555628758
0 -3564866488
0 -3574104218
0 -3583341948
0 -3592579678
0 -3601817408
0 -3611055138
0 -3620292868
0 -3629530598
0 -3638768328
0 -3648006058
0 -3657243788
0 -3666481518
0 -3675719248
0 -3684956978
0 -3694194708
0 -3703432438
0 -3712670168
0 -3721907898
0 -3731145628
0 -3740383358
0 -3749621088
0 -3758858818
0 -3768096548
0 -3777334278
0 -3786572008
0 -3795809738
0 -3805047468
0 -3814285198
0 -3823522928
0 -3832760658
0 -3841998388
0 -3851236118
0 -3860473848
0 -3869711578
0 -3878949308
0 -3888187038
0 -3897424768
0 -3906662498
0 -3915900228
0 -3925137958
0 -3934375688
0 -3943613418
0 -3952851148
0 -3962088878
0 -3971326608
0 -3980564338
0 -3989802068
0 -3999039798
0 -4008277528
0 -4017515258
0 -4026752988
0 -4035990718
0 -4045228448
0 -4054466178
0 -4063703908
0 -4072941638
0 -4082179368
0 -4091417098
0 -4100654828
0 -4109892558
0 -4119130288
0 -4128368018
0 -4137605748
0 -4146843478
0 -4156081208
0 -4165318938
0 -4174556668
0 -4183794398
0 -4193032128
0 -4202269858
0 -4211507588
0 -4220745318
0 -4229983048
0 -4239220778
0 -4248458508
0 -4257696238
0 -4266933968
0 -4276171698
0 -4285409428
0 -4294647158
0 -4303884888
0 -4313122618
0 -4322360348
0 -4331598078
0 -4340835808
0 -4350073538
0 -4359311268
0 -4368548998
0 -4377786728
0 -4387024458
0 -4396262188
0 -4405499918
0 -4414737648
0 -4423975378
0 -4433213108
0 -4442450838
0 -4451688568
0 -4460926298
0 -4470164028
0 -4479401758
0 -4488639488
0 -4497877218
0 -4507114948
0 -4516352678
0 -4525590408
0 -4534828138
0 -4544065868
0 -4553303598
0 -4562541328
0 -4571779058
0 -4581016788
0 -4590254518
0 -4599492248
0 -4608729978
0 -4617967708
0 -4627205438
0 -4636443168
0 -4645680898
0 -4654918628
0 -4664156358
0 -4673394088
0 -4682631818
0 -4691869548
0 -4701107278
0 -4710345008
0 -4719582738
0 -4728820468
0 -4738058198
0 -4707447528
0 -4716607740
0 -4725767952
0 -4734928164
0 -4744088376
0 -4753248588
0 -4762408800
0 -4771569012
0 -4780729224
0 -4789889436
0 -4799049648
0 -4808209860
0 -4817370072
0 -4826530284
0 -4835690496
0 -4844850708
0 -4854010920
0 -4863171132
0 -4872331344
0 -4881491556
0 -4890651768
0 -4899811980
0 -4908972192
0 -4918132404
0 -4927292616
0 -4936452828
0 -4945613040
0 -4954773252
0 -4963933464
0 -4973093676
0 -4982253888
0 -4991414100
0 -5000574312
0 -5009734524
0 -5018894736
0 -5028054948
0 -5037215160
0 -5046375372
0 -5055535584
0 -5064695796
0 -5073856008
0 -5083016220
0 -5092176432
0 -5101336644
0 -5110496856
0 -5119657068
0 -5128817280
0 -5137977492
0 -5147137704
0 -5156297916
0 -5165458128
0 -5174618340
0 -5183778552
0 -5192938764
0 -5202098976
0 -5211259188
0 -5220419400
0 -5229579612
0 -5238739824
0 -5247900036
0 -5257060248
0 -5266220460
0 -5275380672
0 -5284540884
0 -5293701096
0 -5302861308
0 -5312021520
0 -5321181732
0 -5330341944
0 -5339502156
0 -5348662368
0 -5357822580
0 -5366982792
0 -5376143004
0 -5385303216
0 -5394463428
0 -5403623640
0 -5412783852
0 -5421944064
0 -5431104276
0 -5440264488
0 -5449424700
0 -5458584912
0 -5467745124
0 -5476905336
0 -5486065548
0 -5495225760
0 -5504385972
0 -5513546184
0 -5522706396
0 -5531866608
0 -5541026820
0 -5550187032
0 -5559347244
0 -5568507456
0 -5577667668
0 -5586827880
0 -5595988092
0 -5605148304
0 -5614308516
0 -5623468728
0 -5632628940
0 -5641789152
0 -5650949364
0 -5660109576
0 -5669269788
0 -5678430000
0 -5687590212
0 -5696750424
0 -5705910636
0 -5715070848
0 -5724231060
0 -5733391272
0 -5742551484
0 -5751711696
0 -5760871908
0 -5770032120
0 -5779192332
0 -5788352544
0 -5797512756
0 -5806672968
0 -5815833180
0 -5824993392
0 -5834153604
0 -5843313816
0 -5852474028
0 -5861634240
0 -5870794452
0 -5879954664
0 -5889114876
0 -5898275088
0 -5907435300
0 -5916595512
0 -5925755724
0 -5934915936
0 -5944076148
0 -5953236360
0 -5962396572
0 -5971556784
0 -5980716996
0 -5989877208
0 -5999037420
0 -6008197632
0 -6017357844
0 -6026518056
0 -6035678268
0 -6044838480
0 -6053998692
0 -6063158904
0 -6072319116
0 -6081479328
0 -6090639540
0 -6099799752
0 -6108959964
0 -6118120176
0 -6127280388
0 -6136440600
0 -6145600812
0 -6154761024
0 -6163921236
0 -6173081448
0 -6182241660
0 -6191401872
0 -6200562084
0 -6209722296
0 -6218882508
0 -6228042720
0 -6237202932
0 -6246363144
0 -6255523356
0 -6264683568
0 -6273843780
0 -6283003992
0 -6292164204
0 -6301324416
0 -6310484628
0 -6319644840
0 -6328805052
0 -6337965264
0 -6347125476
0 -6356285688
0 -6365445900
0 -6374606112
0 -6383766324
0 -6392926536
0 -6402086748
0 -6411246960
0 -6420407172
0 -6429567384
0 -6438727596
0 -6447887808
0 -6457048020
0 -6466208232
0 -6475368444
0 -6484528656
0 -6493688868
0 -6502849080
0 -6512009292
0 -6521169504
0 -6530329716
0 -6539489928
0 -6548650140
0 -6557810352
0 -6566970564
0 -6576130776
0 -6585290988
0 -6594451200
0 -6603611412
0 -6612771624
0 -6621931836
0 -6631092048
0 -6640252260
0 -6649412472
0 -6658572684
0 -6667732896
0 -6676893108
0 -6686053320
0 -6695213532
0 -6704373744
0 -6713533956
0 -6722694168
0 -6731854380
0 -6741014592
0 -6750174804
0 -6759335016
0 -6768495228
0 -6777655440
0 -6786815652
0 -6780519102
0 -6789658485
0 -6798797868
0 -6807937251
0 -6817076634
0 -6826216017
0 -6835355400
0 -6844494783
0 -6853634166
0 -6862773549
0 -6871912932
0 -6881052315
0 -6890191698
0 -6899331081
0 -6908470464
0 -6917609847
0 -6926749230
0 -6935888613
0 -6945027996
0 -6954167379
0 -6963306762
0 -6972446145
0 -6981585528
0 -6990724911
0 -6999864294
0 -7009003677
0 -7018143060
0 -7027282443
0 -7036421826
0 -7045561209
0 -7054700592
0 -7063839975
0 -7072979358
0 -7082118741
0 -7091258124
0 -7100397507
0 -7109536890
0 -7118676273
0 -7127815656
0 -7136955039
0 -7146094422
0 -7155233805
0 -7164373188
0 -7173512571
0 -7182651954
0 -7191791337
0 -7200930720
0 -7210070103
0 -7219209486
0 -7228348869
0 -7237488252
0 -7246627635
0 -7255767018
0 -7264906401
0 -7274045784
0 -7283185167
0 -7292324550
0 -7301463933
0 -7310603316
0 -7319742699
0 -7328882082
0 -7338021465
0 -7347160848
0 -7356300231
0 -7365439614
0 -7374578997
0 -7383718380
0 -7392857763
0 -7401997146
0 -7411136529
0 -7420275912
0 -7429415295
0 -7438554678
0 -7447694061
0 -7456833444
0 -7465972827
0 -7475112210
0 -7484251593
0 -7493390976
0 -7502530359
0 -7511669742
0 -7520809125
0 -7529948508
0 -7539087891
0 -7548227274
0 -7557366657
0 -7566506040
0 -7575645423
0 -7584784806
0 -7593924189
0 -7603063572
0 -7612202955
0 -7621342338
0 -7630481721
0 -7639621104
0 -7648760487
0 -7657899870
0 -7667039253
0 -7676178636
0 -7685318019
0 -7694457402
0 -7703596785
0 -7712736168
0 -7721875551
0 -7731014934
0 -7740154317
0 -7749293700
0 -7758433083
0 -7767572466
0 -7776711849
0 -7785851232
0 -7794990615
0 -7804129998
0 -7813269381
0 -7822408764
0 -7831548147
0 -7840687530
0 -7849826913
0 -7858966296
0 -7868105679
0 -7877245062
0 -7886384445
0 -7895523828
0 -7904663211
0 -7913802594
0 -7922941977
0 -7932081360
0 -7941220743
0 -7950360126
0 -7959499509
0 -7968638892
0 -7977778275
0 -7986917658
0 -7996057041
0 -8005196424
0 -8014335807
0 -8023475190
0 -8032614573
0 -8041753956
0 -8050893339
0 -8060032722
0 -8069172105
0 -8078311488
0 -8087450871
0 -8096590254
0 -8105729637
0 -8114869020
0 -8124008403
0 -8133147786
0 -8142287169
0 -8151426552
0 -8160565935
0 -8169705318
0 -8178844701
0 -8187984084
0 -8197123467
0 -8206262850
0 -8215402233
0 -8224541616
0 -8233680999
0 -8242820382
0 -8251959765
0 -8261099148
0 -8270238531
0 -8279377914
0 -8288517297
0 -8297656680
0 -8306796063
0 -8315935446
0 -8325074829
0 -8334214212
0 -8343353595
0 -8352492978
0 -8361632361
0 -8370771744
0 -8379911127
0 -8389050510
0 -8398189893
0 -8407329276
0 -8416468659
0 -8425608042
0 -8434747425
0 -8443886808
0 -8453026191
0 -8462165574
0 -8471304957
0 -8480444340
0 -8489583723
0 -8498723106
0 -8507862489
0 -8517001872
0 -8526141255
0 -8535280638
0 -8544420021
0 -8553559404
0 -8562698787
0 -8571838170
0 -8580977553
0 -8590116936
0 -8599256319
0 -8608395702
0 -8617535085
0 -8626674468
0 -8635813851
0 -8644953234
0 -8654092617
0 -8663232000
0 -8672371383
0 -8681510766
0 -8690650149
0 -8699789532
0 -8708928915
0 -8718068298
0 -8727207681
0 -8736347064
0 -8745486447
0 -8754625830
0 -8763765213
0 -8772904596
0 -8782043979
0 -8791183362
0 -8800322745
0 -8809462128
0 -8818601511
0 -8827740894
0 -8836880277
0 -8846019660
0 -8855159043
0 -8864298426
0 -8873437809
0 -8882577192
0 -8891716575
0 -8900855958
0 -8909995341
0 -8913822321
0 -8922956273
0 -8932090225
0 -8941224177
0 -8950358129
0 -8959492081
0 -8968626033
0 -8977759985
0 -8986893937
0 -8996027889
0 -9005161841
0 -9014295793
0 -9023429745
0 -9032563697
0 -9041697649
0 -9050831601
0 -9059965553
0 -9069099505
0 -9078233457
0 -9087367409
0 -9096501361
0 -9105635313
0 -9114769265
0 -9123903217
0 -9133037169
0 -9142171121
0 -9151305073
0 -9160439025
0 -9169572977
0 -9178706929
0 -9187840881
0 -9196974833
0 -9206108785
0 -9215242737
0 -9224376689
0 -9233510641
0 -9242644593
0 -9251778545
0 -9260912497
0 -9270046449
0 -9279180401
0 -9288314353
0 -9297448305
0 -9306582257
0 -9315716209
0 -9324850161
0 -9333984113
0 -9343118065
0 -9352252017
0 -9361385969
0 -9370519921
0 -9379653873
0 -9388787825
0 -9397921777
0 -9407055729
0 -9416189681
0 -9425323633
0 -9434457585
0 -9443591537
0 -9452725489
0 -9461859441
0 -9470993393
0 -9480127345
0 -9489261297
0 -9498395249
0 -9507529201
0 -9516663153
0 -9525797105
0 -9534931057
0 -9544065009
0 -9553198961
0 -9562332913
0 -9571466865
0 -9580600817
0 -9589734769
0 -9598868721
0 -9608002673
0 -9617136625
0 -9626270577
0 -9635404529
0 -9644538481
0 -9653672433
0 -9662806385
0 -9671940337
0 -9681074289
0 -9690208241
0 -9699342193
0 -9708476145
0 -9717610097
0 -9726744049
0 -9735878001
0 -9745011953
0 -9754145905
0 -9763279857
0 -9772413809
0 -9781547761
0 -9790681713
0 -9799815665
0 -9808949617
0 -9818083569
0 -9827217521
0 -9836351473
0 -9845485425
0 -9854619377
0 -9863753329
0 -9872887281
0 -9882021233
0 -9891155185
0 -9900289137
0 -9909423089
0 -9918557041
0 -9927690993
0 -9936824945
0 -9945958897
0 -9955092849
0 -9964226801
0 -9973360753
0 -9982494705
0 -9991628657
0 -10000762609
0 -10009896561
0 -10019030513
0 -10028164465
0 -10037298417
0 -10046432369
0 -10055566321
0 -10064700273
0 -10073834225
0 -10082968177
0 -10092102129
0 -10101236081
0 -10110370033
0 -10119503985
0 -10128637937
0 -10137771889
0 -10146905841
0 -10156039793
0 -10165173745
0 -10174307697
0 -10183441649
0 -10192575601
0 -10201709553
0 -10210843505
0 -10219977457
0 -10229111409
0 -10238245361
0 -10247379313
0 -10256513265
0 -10265647217
0 -10274781169
0 -10283915121
0 -10293049073
0 -10302183025
0 -10311316977
0 -10320450929
0 -10329584881
0 -10338718833
0 -10347852785
0 -10356986737
0 -10366120689
0 -10375254641
0 -10384388593
0 -10393522545
0 -10402656497
0 -10411790449
0 -10420924401
0 -10430058353
0 -10439192305
0 -10448326257
0 -10457460209
0 -10466594161
0 -10475728113
0 -10484862065
0 -10493996017
0 -10503129969
0 -10512263921
0 -10521397873
0 -10530531825
0 -10539665777
0 -10548799729
0 -10557933681
0 -10567067633
0 -10576201585
0 -10585335537
0 -10594469489
0 -10603603441
0 -10612737393
0 -10621871345
0 -10631005297
0 -10640139249
0 -10649273201
0 -10658407153
0 -10667541105
0 -10676675057
0 -10685809009
0 -10694942961
0 -10704076913
0 -10713210865
0 -10722344817
0 -10731478769
0 -10740612721
0 -10749746673
0 -10758880625
0 -10768014577
0 -10777148529
0 -10786282481
0 -10795416433
0 -10804550385
0 -10813684337
0 -10822818289
0 -10831952241
0 -10841086193
0 -10850220145
0 -10859354097
0 -10868488049
0 -10877622001
0 -10886755953
0 -10895889905
0 -10905023857
0 -10914157809
0 -10923291761
0 -10932425713
0 -10941559665
0 -10950693617
0 -10959827569
0 -10968961521
0 -10978095473
0 -10987229425
0 -10996363377
0 -11005497329
0 -11014631281
0 -11023765233
0 -11032899185
0 -11042033137
0 -11051167089
0 -11060301041
0 -11069434993
0 -11078568945
0 -11087702897
0 -11096836849
0 -11105970801
0 -11115104753
0 -11124238705
0 -11133372657
0 -11142506609
0 -11132118873
0 -11141236827
0 -11150354781
0 -11159472735
0 -11168590689
0 -11177708643
0 -11186826597
0 -11195944551
0 -11205062505
0 -11214180459
0 -11223298413
0 -11232416367
0 -11241534321
0 -11250652275
0 -11259770229
0 -11268888183
0 -11278006137
0 -11287124091
0 -11296242045
0 -11305359999
0 -11314477953
0 -11323595907
0 -11332713861
0 -11341831815
0 -11350949769
0 -11360067723
0 -11369185677
0 -11378303631
0 -11387421585
0 -11396539539
0 -11332603402
0 -11341662950
0 -11350722498
0 -11359782046
0 -11368841594
0 -11377901142
0 -11386960690
0 -11396020238
0 -11405079786
0 -11414139334
0 -11423198882
0 -11432258430
0 -11441317978
0 -11450377526
0 -11459437074
0 -11468496622
0 -11477556170
0 -11486615718
0 -11495675266
0 -11504734814
0 -11513794362
0 -11522853910
0 -11531913458
0 -11540973006
0 -11550032554
0 -11559092102
0 -11568151650
0 -11577211198
0 -11586270746
0 -11595330294
0 -11604389842
0 -11613449390
0 -11622508938
0 -11631568486
0 -11640628034
0 -11649687582
0 -11658747130
0 -11667806678
0 -11676866226
0 -11685925774
0 -11694985322
0 -11704044870
0 -11713104418
0 -11722163966
0 -11731223514
0 -11740283062
0 -11749342610
0 -11758402158
0 -11767461706
0 -11776521254
0 -11785580802
0 -11794640350
0 -11803699898
0 -11812759446
0 -11821818994
0 -11830878542
0 -11839938090
0 -11848997638
0 -11858057186
0 -11867116734
0 -11876176282
0 -11885235830
0 -11894295378
0 -11903354926
0 -11912414474
0 -11921474022
0 -11930533570
0 -11939593118
0 -11948652666
0 -11957712214
0 -11966771762
0 -11975831310
0 -11984890858
0 -11993950406
0 -12003009954
0 -12012069502
0 -12021129050
0 -12030188598
0 -12039248146
0 -12048307694
0 -12057367242
0 -12066426790
0 -12075486338
0 -12084545886
0 -12093605434
0 -12102664982
0 -12111724530
0 -12120784078
0 -12129843626
0 -12138903174
0 -12147962722
0 -12157022270
0 -12166081818
0 -12175141366
0 -12184200914
0 -12193260462
0 -12202320010
0 -12211379558
0 -12220439106
0 -12229498654
0 -12238558202
0 -12247617750
0 -12256677298
0 -12265736846
0 -12274796394
0 -12283855942
0 -12292915490
0 -12301975038
0 -12298577884
0 -12307628263
0 -12316678642
0 -12325729021
0 -12334779400
0 -12343829779
0 -12352880158
0 -12361930537
0 -12370980916
0 -12380031295
0 -12389081674
0 -12398132053
0 -12407182432
0 -12416232811
0 -12425283190
0 -12434333569
0 -12443383948
0 -12452434327
0 -12461484706
0 -12470535085
0 -12479585464
0 -12488635843
0 -12497686222
0 -12506736601
0 -12515786980
0 -12524837359
0 -12533887738
0 -12542938117
0 -12551988496
0 -12561038875
0 -12570089254
0 -12579139633
0 -12588190012
0 -12597240391
0 -12606290770
0 -12615341149
0 -12624391528
0 -12633441907
0 -12642492286
0 -12651542665
0 -12660593044
0 -12669643423
0 -12678693802
0 -12687744181
0 -12696794560
0 -12705844939
0 -12714895318
0 -12723945697
0 -12732996076
0 -12742046455
0 -12751096834
0 -12760147213
0 -12769197592
0 -12778247971
0 -12787298350
0 -12796348729
0 -12805399108
0 -12814449487
0 -12823499866
0 -12832550245
0 -12841600624
0 -12850651003
0 -12859701382
0 -12868751761
0 -12877802140
0 -12886852519
0 -12895902898
0 -12904953277
0 -12914003656
0 -12923054035
0 -12932104414
0 -12941154793
0 -12950205172
0 -12959255551
0 -12968305930
0 -12977356309
0 -12986406688
0 -12995457067
0 -13004507446
0 -13013557825
0 -13022608204
0 -13031658583
0 -13040708962
0 -13049759341
0 -13058809720
0 -13067860099
0 -13076910478
0 -13085960857
0 -13095011236
0 -13104061615
0 -13113111994
0 -13122162373
0 -13131212752
0 -13140263131
0 -13149313510
0 -13158363889
0 -13167414268
0 -13176464647
0 -13185515026
0 -13194565405
0 -13203615784
0 -13212666163
0 -13221716542
0 -13230766921
0 -13239817300
0 -13248867679
0 -13257918058
0 -13266968437
0 -13276018816
0 -13285069195
0 -13294119574
0 -13303169953
0 -13312220332
0 -13321270711
0 -13330321090
0 -13339371469
0 -13348421848
0 -13357472227
0 -13366522606
0 -13375572985
0 -13384623364
0 -13393673743
0 -13402724122
0 -13411774501
0 -13420824880
0 -13429875259
0 -13438925638
0 -13447976017
0 -13457026396
0 -13466076775
0 -13475127154
0 -13484177533
0 -13493227912
0 -13502278291
0 -13511328670
0 -13520379049
0 -13529429428
0 -13538479807
0 -13547530186
0 -13556580565
0 -13565630944
0 -13574681323
0 -13583731702
0 -13592782081
0 -13601832460
0 -13610882839
0 -13619933218
0 -13628983597
0 -13638033976
0 -13647084355
0 -13656134734
0 -13665185113
0 -13674235492
0 -13683285871
0 -13692336250
0 -13701386629
0 -13710437008
0 -13719487387
0 -13728537766
0 -13737588145
0 -13746638524
0 -13755688903
0 -13764739282
0 -13773789661
0 -13782840040
0 -13791890419
0 -13800940798
0 -13809991177
0 -13819041556
0 -13828091935
0 -13837142314
0 -13846192693
0 -13855243072
0 -13864293451
0 -13873343830
0 -13882394209
0 -13891444588
0 -13900494967
0 -13909545346
0 -13918595725
0 -13927646104
0 -13936696483
0 -13945746862
0 -13954797241
0 -13963847620
0 -13972897999
0 -13981948378
0 -13990998757
0 -14000049136
0 -14009099515
0 -14018149894
0 -14027200273
0 -14036250652
0 -14045301031
0 -14054351410
0 -14063401789
0 -14072452168
0 -14081502547
0 -14090552926
0 -14099603305
0 -14108653684
0 -14117704063
0 -14126754442
0 -14135804821
0 -14144855200
0 -14153905579
0 -14162955958
0 -14172006337
0 -14181056716
0 -14190107095
0 -14199157474
0 -14208207853
0 -14217258232
0 -14226308611
0 -14235358990
0 -14244409369
0 -14253459748
0 -14262510127
0 -14271560506
0 -14280610885
0 -14289661264
0 -14298711643
0 -14307762022
0 -14316812401
0 -14325862780
0 -14334913159
0 -14343963538
0 -14353013917
0 -14362064296
0 -14371114675
0 -14380165054
0 -14389215433
0 -14398265812
0 -14407316191
0 -14416366570
0 -14425416949
0 -14434467328
0 -14443517707
0 -14452568086
0 -14461618465
0 -14470668844
0 -14479719223
0 -14488769602
0 -14497819981
0 -14506870360
0 -14515920739
0 -14524971118
0 -14534021497
0 -14543071876
0 -14552122255
0 -14561172634
0 -14570223013
0 -14579273392
0 -14588323771
0 -14597374150
0 -14606424529
0 -14615474908
0 -14624525287
0 -14633575666
0 -14642626045
0 -14651676424
0 -14660726803
0 -14669777182
0 -14678827561
0 -14687877940
0 -14696928319
0 -14705978698
0 -14715029077
0 -14724079456
0 -14733129835
0 -14742180214
0 -14751230593
0 -14760280972
0 -14769331351
0 -14778381730
0 -14787432109
0 -14796482488
0 -14805532867
0 -14814583246
0 -14823633625
0 -14832684004
0 -14841734383
0 -14850784762
0 -14859835141
0 -14868885520
0 -14877935899
0 -14886986278
0 -14896036657
0 -14905087036
0 -14914137415
0 -14923187794
0 -14932238173
0 -14941288552
0 -14950338931
0 -14959389310
0 -14968439689
0 -14977490068
0 -14986540447
0 -14995590826
0 -15004641205
0 -15013691584
0 -15022741963
0 -15031792342
0 -15040842721
0 -15049893100
0 -15058943479
0 -15067993858
0 -15077044237
0 -15086094616
0 -15095144995
0 -15104195374
0 -15113245753
0 -15122296132
0 -15131346511
0 -15140396890
0 -15149447269
0 -15158497648
0 -15167548027
0 -15176598406
0 -15185648785
0 -15194699164
0 -15203749543
0 -15212799922
0 -15221850301
0 -15230900680
0 -15239951059
0 -15249001438
0 -15258051817
0 -15267102196
0 -15276152575
0 -15285202954
0 -15294253333
0 -15303303712
0 -15312354091
0 -15321404470
0 -15330454849
0 -15339505228
0 -15348555607
0 -15357605986
0 -15366656365
0 -15375706744
0 -15384757123
0 -15393807502
0 -15402857881
0 -15411908260
0 -15420958639
0 -15430009018
0 -15439059397
0 -15448109776
0 -15457160155
0 -15466210534
0 -15475260913
0 -15484311292
0 -15493361671
0 -15502412050
0 -15511462429
0 -15520512808
0 -15529563187
0 -15538613566
0 -15547663945
0 -15556714324
0 -15565764703
0 -15574815082
0 -15583865461
0 -15592915840
0 -15601966219
0 -15611016598
0 -15620066977
0 -15629117356
0 -15638167735
0 -15647218114
0 -15656268493
0 -15665318872
0 -15674369251
0 -15683419630
0 -15692470009
0 -15701520388
0 -15710570767
0 -15719621146
0 -15728671525
0 -15737721904
0 -15746772283
0 -15755822662
0 -15764873041
0 -15773923420
0 -15782973799
0 -15792024178
0 -15801074557
0 -15810124936
0 -15819175315
0 -15828225694
0 -15837276073
0 -15846326452
0 -15855376831
0 -15864427210
0 -15873477589
0 -15882527968
0 -15891578347
0 -15900628726
0 -15909679105
0 -15918729484
0 -15927779863
0 -15936830242
0 -15945880621
0 -15954931000
0 -15963981379
0 -15973031758
0 -15982082137
0 -15991132516
0 -16000182895
0 -16009233274
0 -16018283653
0 -16027334032
0 -16036384411
0 -16045434790
0 -16054485169
0 -16063535548
0 -16072585927
0 -16081636306
0 -16090686685
0 -16099737064
0 -16108787443
0 -16117837822
0 -16126888201
0 -16135938580
0 -16144988959
0 -16154039338
0 -16163089717
0 -16172140096
0 -16181190475
0 -16190240854
0 -16199291233
0 -16208341612
0 -16217391991
0 -16226442370
0 -16235492749
0 -16244543128
0 -16253593507
0 -16262643886
0 -16271694265
0 -16280744644
0 -16289795023
0 -16298845402
0 -16307895781
0 -16316946160
0 -16325996539
0 -16335046918
0 -16344097297
0 -16353147676
0 -16362198055
0 -16371248434
0 -16380298813
0 -16389349192
0 -16398399571
0 -16407449950
0 -16416500329
0 -16425550708
0 -16434601087
0 -16443651466
0 -16452701845
0 -16461752224
0 -16470802603
0 -16479852982
0 -16488903361
0 -16497953740
0 -16507004119
0 -16516054498
0 -16525104877
0 -16534155256
0 -16543205635
0 -16552256014
0 -16561306393
0 -16570356772
0 -16579407151
0 -16588457530
0 -16597507909
0 -16606558288
0 -16615608667
0 -16624659046
0 -16633709425
0 -16642759804
0 -16651810183
0 -16660860562
0 -16669910941
0 -16678961320
0 -16688011699
0 -16697062078
0 -16706112457
0 -16715162836
0 -16724213215
0 -16733263594
0 -16742313973
0 -16751364352
0 -16760414731
0 -16769465110
0 -16778515489
0 -16787565868
0 -16796616247
0 -16805666626
0 -16814717005
0 -16823767384
0 -16832817763
0 -16841868142
0 -16850918521
0 -16859968900
0 -16869019279
0 -16878069658
0 -16887120037
0 -16896170416
0 -16905220795
0 -16914271174
0 -16923321553
0 -16932371932
0 -16941422311
0 -16950472690
0 -16959523069
0 -16968573448
0 -16977623827
0 -16986674206
0 -16995724585
0 -17004774964
0 -17013825343
0 -17022875722
0 -17031926101
0 -17040976480
0 -17050026859
0 -17059077238
0 -17068127617
0 -17077177996
0 -17086228375
0 -17095278754
0 -17104329133
0 -17113379512
0 -17122429891
0 -17131480270
0 -17140530649
0 -17149581028
0 -17158631407
0 -17167681786
0 -17176732165
0 -17145768832
0 -17154798145
0 -17163827458
0 -17172856771
0 -17181886084
0 -17190915397
0 -17199944710
0 -17208974023
0 -17218003336
0 -17227032649
0 -17236061962
0 -17245091275
0 -17254120588
0 -17263149901
0 -17272179214
0 -17281208527
0 -17290237840
0 -17299267153
0 -17308296466
0 -17317325779
0 -17326355092
0 -17335384405
0 -17344413718
0 -17353443031
0 -17362472344
0 -17371501657
0 -17380530970
0 -17389560283
0 -17398589596
0 -17407618909
0 -17416648222
0 -17425677535
0 -17434706848
0 -17443736161
0 -17452765474
0 -17461794787
0 -17470824100
0 -17479853413
0 -17488882726
0 -17497912039
0 -17506941352
0 -17515970665
0 -17524999978
0 -17534029291
0 -17543058604
0 -17552087917
0 -17561117230
0 -17570146543
0 -17579175856
0 -17588205169
0 -17597234482
0 -17606263795
0 -17615293108
0 -17624322421
0 -17633351734
0 -17642381047
0 -17651410360
0 -17660439673
0 -17669468986
0 -17678498299
0 -17687527612
0 -17696556925
0 -17705586238
0 -17714615551
0 -17723644864
0 -17732674177
0 -17741703490
0 -17750732803
0 -17759762116
0 -17768791429
0 -17777820742
0 -17786850055
0 -17795879368
0 -17804908681
0 -17813937994
0 -17822967307
0 -17831996620
0 -17841025933
0 -17850055246
0 -17859084559
0 -17868113872
0 -17877143185
0 -17886172498
0 -17895201811
0 -17904231124
0 -17913260437
0 -17922289750
0 -17931319063
0 -17940348376
0 -17949377689
0 -17958407002
0 -17967436315
0 -17976465628
0 -17985494941
0 -17994524254
0 -18003553567
0 -18012582880
0 -18021612193
0 -18030641506
0 -18039670819
0 -18048700132
0 -18057729445
0 -18066758758
0 -18075788071
0 -18084817384
0 -18093846697
0 -18102876010
0 -18111905323
0 -18120934636
0 -18129963949
0 -18138993262
0 -18148022575
0 -18157051888
0 -18166081201
0 -18175110514
0 -18184139827
0 -18193169140
0 -18202198453
0 -18211227766
0 -18220257079
0 -18229286392
0 -18238315705
0 -18247345018
0 -18256374331
0 -18265403644
0 -18274432957
0 -18283462270
0 -18292491583
0 -18301520896
0 -18310550209
0 -18319579522
0 -18328608835
0 -18337638148
0 -18346667461
0 -18355696774
0 -18364726087
0 -18373755400
0 -18382784713
0 -18391814026
0 -18400843339
0 -18409872652
0 -18418901965
0 -18427931278
0 -18436960591
0 -18445989904
0 -18455019217
0 -18464048530
0 -18473077843
0 -18482107156
0 -18491136469
0 -18500165782
0 -18509195095
0 -18518224408
0 -18527253721
0 -18536283034
0 -18545312347
0 -18554341660
0 -18563370973
0 -18572400286
0 -18581429599
0 -18590458912
0 -18599488225
0 -18608517538
0 -18617546851
0 -18626576164
0 -18635605477
0 -18644634790
0 -18653664103
0 -18662693416
0 -18671722729
0 -18680752042
0 -18689781355
0 -18698810668
0 -18707839981
0 -18716869294
0 -18725898607
0 -18734927920
0 -18743957233
0 -18752986546
0 -18762015859
0 -18771045172
0 -18780074485
0 -18789103798
0 -18798133111
0 -18807162424
0 -18816191737
0 -18825221050
0 -18834250363
0 -18843279676
0 -18852308989
0 -18861338302
0 -18870367615
0 -18879396928
0 -18888426241
0 -18897455554
0 -18906484867
0 -18915514180
0 -18924543493
0 -18933572806
0 -18942602119
0 -18951631432
0 -18960660745
0 -18969690058
0 -18978719371
0 -18987748684
0 -18996777997
0 -19005807310
0 -19014836623
0 -19023865936
0 -19032895249
0 -19041924562
0 -19050953875
0 -19059983188
0 -19069012501
0 -19078041814
0 -19087071127
0 -19096100440
0 -19105129753
0 -19114159066
0 -19123188379
0 -19132217692
0 -19141247005
0 -19150276318
0 -19159305631
0 -19168334944
0 -19177364257
0 -19186393570
0 -19195422883
0 -19204452196
0 -19213481509
0 -19222510822
0 -19231540135
0 -19240569448
0 -19249598761
0 -19258628074
0 -19267657387
0 -19276686700
0 -19285716013
0 -19294745326
0 -19303774639
0 -19312803952
0 -19321833265
0 -19330862578
0 -19339891891
0 -19348921204
0 -19357950517
0 -19366979830
0 -19376009143
0 -19385038456
0 -19394067769
0 -19403097082
0 -19412126395
0 -19421155708
0 -19430185021
0 -19439214334
0 -19448243647
0 -19457272960
0 -19466302273
0 -19475331586
0 -19484360899
0 -19493390212
0 -19502419525
0 -19511448838
0 -19520478151
0 -19529507464
0 -19538536777
0 -19547566090
0 -19556595403
0 -19565624716
0 -19574654029
0 -19583683342
0 -19592712655
0 -19601741968
0 -19610771281
0 -19619800594
0 -19628829907
0 -19637859220
0 -19646888533
0 -19655917846
0 -19664947159
0 -19673976472
0 -19683005785
0 -19692035098
0 -19701064411
0 -19710093724
0 -19719123037
0 -19728152350
0 -19737181663
0 -19746210976
0 -19755240289
0 -19764269602
0 -19773298915
0 -19782328228
0 -19791357541
0 -19800386854
0 -19809416167
0 -19818445480
0 -19827474793
0 -19836504106
0 -19845533419
0 -19854562732
0 -19863592045
0 -19872621358
0 -19881650671
0 -19890679984
0 -19899709297
0 -19908738610
0 -19917767923
0 -19926797236
0 -19935826549
0 -19944855862
0 -19953885175
0 -19962914488
0 -19971943801
0 -19980973114
0 -19990002427
0 -19999031740
0 -20008061053
0 -20017090366
0 -20026119679
0 -20035148992
0 -20044178305
0 -20053207618
0 -20062236931
0 -20071266244
0 -20080295557
0 -20089324870
0 -20098354183
0 -20107383496
0 -20116412809
0 -20125442122
0 -20134471435
0 -20143500748
0 -20152530061
0 -20161559374
0 -20170588687
0 -20179618000
0 -20188647313
0 -20197676626
0 -20206705939
0 -20215735252
0 -20224764565
0 -20233793878
0 -20242823191
0 -20251852504
0 -20260881817
0 -20269911130
0 -20278940443
0 -20287969756
0 -20296999069
0 -20306028382
0 -20315057695
0 -20324087008
0 -20333116321
0 -20342145634
0 -20351174947
0 -20360204260
0 -20369233573
0 -20378262886
0 -20387292199
0 -20396321512
0 -20405350825
0 -20414380138
0 -20423409451
0 -20432438764
0 -20441468077
0 -20450497390
0 -20459526703
0 -20468556016
0 -20477585329
0 -20486614642
0 -20495643955
0 -20504673268
0 -20513702581
0 -20522731894
0 -20531761207
0 -20540790520
0 -20549819833
0 -20558849146
0 -20567878459
0 -20576907772
0 -20585937085
0 -20594966398
0 -20603995711
0 -20613025024
0 -20622054337
0 -20631083650
0 -20640112963
0 -20649142276
0 -20658171589
0 -20667200902
0 -20676230215
0 -20685259528
0 -20694288841
0 -20703318154
0 -20712347467
0 -20721376780
0 -20730406093
0 -20739435406
0 -20748464719
0 -20757494032
0 -20766523345
0 -20775552658
0 -20784581971
0 -20793611284
0 -20802640597
0 -20811669910
0 -20820699223
0 -20829728536
0 -20838757849
0 -20847787162
0 -20856816475
0 -20865845788
0 -20874875101
0 -20883904414
0 -20892933727
0 -20901963040
0 -20910992353
0 -20920021666
0 -20929050979
0 -20938080292
0 -20947109605
0 -20956138918
0 -20965168231
0 -20974197544
0 -20983226857
0 -20992256170
0 -21001285483
0 -21010314796
0 -21019344109
0 -21028373422
0 -21037402735
0 -21046432048
0 -21055461361
0 -21064490674
0 -21073519987
0 -21082549300
0 -21091578613
0 -21100607926
0 -21109637239
0 -21118666552
0 -21127695865
0 -21136725178
0 -21145754491
0 -21154783804
0 -21163813117
0 -21172842430
0 -21181871743
0 -21190901056
0 -21199930369
0 -21208959682
0 -21217988995
0 -21227018308
0 -21236047621
0 -21245076934
0 -21254106247
0 -21263135560
0 -21272164873
0 -21281194186
0 -21290223499
0 -21299252812
0 -21308282125
0 -21317311438
0 -21326340751
0 -21335370064
0 -21344399377
0 -21353428690
0 -21362458003
0 -21371487316
0 -21380516629
0 -21389545942
0 -21398575255
0 -21407604568
0 -21416633881
0 -21425663194
0 -21434692507
0 -21443721820
0 -21452751133
0 -21461780446
0 -21470809759
0 -21479839072
0 -21488868385
0 -21497897698
0 -21506927011
0 -21515956324
0 -21524985637
0 -21534014950
0 -21543044263
0 -21552073576
0 -21561102889
0 -21570132202
0 -21579161515
0 -21588190828
0 -21597220141
0 -21606249454
0 -21615278767
0 -21624308080
0 -21633337393
0 -21642366706
0 -21651396019
0 -21660425332
0 -21669454645
0 -21678483958
0 -21687513271
0 -21696542584
0 -21705571897
0 -21714601210
0 -21723630523
0 -21732659836
0 -21741689149
0 -21750718462
0 -21759747775
0 -21768777088
0 -21777806401
0 -21786835714
0 -21795865027
0 -21804894340
0 -21813923653
0 -21822952966
0 -21831982279
0 -21841011592
0 -21850040905
0 -21859070218
0 -21868099531
0 -21877128844
0 -21886158157
0 -21895187470
0 -21904216783
0 -21913246096
0 -21922275409
0 -21931304722
0 -21940334035
0 -21949363348
0 -21958392661
0 -21967421974
0 -21976451287
0 -21985480600
0 -21994509913
0 -22003539226
0 -22012568539
0 -22021597852
0 -22030627165
0 -22039656478
0 -22048685791
0 -22057715104
0 -22066744417
0 -22075773730
0 -22084803043
0 -22093832356
0 -22102861669
0 -22111890982
0 -22120920295
0 -22129949608
0 -22138978921
0 -22148008234
0 -22157037547
0 -22166066860
0 -22175096173
0 -22184125486
0 -22193154799
0 -22202184112
0 -22211213425
0 -22220242738
0 -22229272051
0 -22238301364
0 -22247330677
0 -22256359990
0 -22265389303
0 -22274418616
0 -22283447929
0 -22292477242
0 -22301506555
0 -22310535868
0 -22319565181
0 -22328594494
0 -22337623807
0 -22346653120
0 -22355682433
0 -22364711746
0 -22373741059
0 -22382770372
0 -22391799685
0 -22400828998
0 -22409858311
0 -22418887624
0 -22427916937
0 -22436946250
0 -22445975563
0 -22455004876
0 -22464034189
0 -22473063502
0 -22482092815
0 -22491122128
0 -22500151441
0 -22509180754
0 -22518210067
0 -22527239380
0 -22536268693
0 -22545298006
0 -22554327319
0 -22563356632
0 -22572385945
0 -22581415258
0 -22590444571
0 -22599473884
0 -22608503197
0 -22617532510
0 -22626561823
0 -22635591136
0 -22644620449
0 -22653649762
0 -22662679075
0 -22671708388
0 -22680737701
0 -22689767014
0 -22698796327
0 -22707825640
0 -22716854953
0 -22725884266
0 -22734913579
0 -22743942892
0 -22752972205
0 -22762001518
0 -22771030831
0 -22780060144
0 -22789089457
0 -22798118770
0 -22807148083
0 -22816177396
0 -22825206709
0 -22834236022
0 -22843265335
0 -22852294648
0 -22861323961
0 -22870353274
0 -22879382587
0 -22888411900
0 -22897441213
0 -22906470526
0 -22915499839
0 -22924529152
0 -22933558465
0 -22942587778
0 -22951617091
0 -22960646404
0 -22969675717
0 -22978705030
0 -22987734343
0 -22996763656
0 -23005792969
0 -23014822282
0 -23023851595
0 -23032880908
0 -23041910221
0 -23050939534
0 -23059968847
0 -23068998160
0 -23078027473
0 -23087056786
0 -23096086099
0 -23105115412
0 -23114144725
0 -23123174038
0 -23132203351
0 -23141232664
0 -23150261977
0 -23159291290
0 -23168320603
0 -23177349916
0 -23186379229
0 -23195408542
0 -23204437855
0 -23213467168
0 -23222496481
0 -23231525794
0 -23240555107
0 -23249584420
0 -23258613733
0 -23267643046
0 -23276672359
0 -23285701672
0 -23294730985
0 -23303760298
0 -23312789611
0 -23321818924
0 -23330848237
0 -23339877550
0 -23348906863
0 -23357936176
0 -23366965489
0 -23375994802
0 -23385024115
0 -23394053428
0 -23403082741
0 -23412112054
0 -23421141367
0 -23430170680
0 -23439199993
0 -23448229306
0 -23457258619
0 -23466287932
0 -23475317245
0 -23484346558
0 -23493375871
0 -23502405184
0 -23511434497
0 -23520463810
0 -23529493123
0 -23538522436
0 -23547551749
0 -23556581062
0 -23565610375
0 -23574639688
0 -23583669001
0 -23592698314
0 -23601727627
0 -23610756940
0 -23619786253
0 -23628815566
0 -23637844879
0 -23646874192
0 -23655903505
0 -23664932818
0 -23673962131
0 -23682991444
0 -23692020757
0 -23701050070
0 -23710079383
0 -23719108696
0 -23728138009
0 -23737167322
0 -23746196635
0 -23755225948
0 -23764255261
0 -23773284574
0 -23782313887
0 -23791343200
0 -23800372513
0 -23809401826
0 -23818431139
0 -23827460452
0 -23836489765
0 -23845519078
0 -23854548391
0 -23863577704
0 -23872607017
0 -23881636330
0 -23890665643
0 -23899694956
0 -23908724269
0 -23917753582
0 -23926782895
0 -23935812208
0 -23944841521
0 -23953870834
0 -23962900147
0 -23971929460
0 -23980958773
0 -23989988086
0 -23999017399
0 -24008046712
0 -24017076025
0 -24026105338
0 -24035134651
0 -24044163964
0 -24053193277
0 -24062222590
0 -24071251903
0 -24080281216
0 -24089310529
0 -24098339842
0 -24107369155
0 -24116398468
0 -24125427781
0 -24134457094
0 -24143486407
0 -24152515720
0 -24161545033
0 -24170574346
0 -24179603659
0 -24188632972
0 -24197662285
0 -24206691598
0 -24215720911
0 -24224750224
0 -24233779537
0 -24242808850
0 -24251838163
0 -24260867476
0 -24269896789
0 -24278926102
0 -24287955415
0 -24296984728
0 -24306014041
0 -24315043354
0 -24324072667
0 -24333101980
0 -24342131293
0 -24351160606
0 -24360189919
0 -24369219232
0 -24378248545
0 -24387277858
0 -24396307171
0 -24405336484
0 -24414365797
0 -24423395110
0 -24432424423
0 -24441453736
0 -24450483049
0 -24459512362
0 -24468541675
0 -24477570988
0 -24486600301
0 -24495629614
0 -24504658927
0 -24513688240
0 -24522717553
0 -24531746866
0 -24540776179
0 -24549805492
0 -24558834805
0 -24567864118
0 -24576893431
0 -24585922744
0 -24594952057
0 -24603981370
0 -24613010683
0 -24622039996
0 -24631069309
0 -24640098622
0 -24649127935
0 -24658157248
0 -24667186561
0 -24676215874
0 -24685245187
0 -24694274500
0 -24703303813
0 -24712333126
0 -24721362439
0 -24730391752
0 -24739421065
0 -24748450378
0 -24757479691
0 -24766509004
0 -24775538317
0 -24784567630
0 -24793596943
0 -24802626256
0 -24811655569
0 -24820684882
0 -24829714195
0 -24838743508
0 -24847772821
0 -24856802134
0 -24865831447
0 -24874860760
0 -24883890073
0 -24892919386
0 -24901948699
0 -24910978012
0 -24920007325
0 -24929036638
0 -24938065951
0 -24947095264
0 -24956124577
0 -24965153890
0 -24974183203
0 -24983212516
0 -24992241829
0 -25001271142
0 -25010300455
0 -25019329768
0 -25028359081
0 -25037388394
0 -25046417707
0 -25055447020
0 -25064476333
0 -25073505646
0 -25082534959
0 -25091564272
0 -25100593585
0 -25109622898
0 -25118652211
0 -25127681524
0 -25136710837
0 -25145740150
0 -25154769463
0 -25163798776
0 -25172828089
0 -25181857402
0 -25190886715
0 -25199916028
0 -25208945341
0 -25217974654
0 -25227003967
0 -25236033280
0 -25245062593
0 -25254091906
0 -25263121219
0 -25272150532
0 -25281179845
0 -25290209158
0 -25299238471
0 -25308267784
0 -25317297097
0 -25326326410
0 -25335355723
0 -25344385036
0 -25353414349
0 -25362443662
0 -25371472975
0 -25380502288
0 -25389531601
0 -25398560914
0 -25407590227
0 -25416619540
0 -25425648853
0 -25434678166
0 -25443707479
0 -25452736792
0 -25461766105
0 -25470795418
0 -25479824731
0 -25488854044
0 -25497883357
0 -25506912670
0 -25515941983
0 -25524971296
0 -25534000609
0 -25543029922
0 -25552059235
0 -25561088548
0 -25570117861
0 -25579147174
0 -25588176487
0 -25597205800
0 -25606235113
0 -25615264426
0 -25624293739
0 -25633323052
0 -25642352365
0 -25651381678
0 -25660410991
0 -25669440304
0 -25678469617
0 -25687498930
0 -25696528243
0 -25705557556
0 -25714586869
0 -25723616182
0 -25732645495
0 -25741674808
0 -25750704121
0 -25759733434
0 -25768762747
0 -25777792060
0 -25786821373
0 -25795850686
0 -25804879999
0 -25813909312
0 -25822938625
0 -25831967938
0 -25840997251
0 -25850026564
0 -25859055877
0 -25868085190
0 -25877114503
0 -25886143816
0 -25895173129
0 -25904202442
0 -25913231755
0 -25922261068
0 -25931290381
0 -25940319694
0 -25949349007
0 -25958378320
0 -25967407633
0 -25976436946
0 -25985466259
0 -25994495572
0 -26003524885
0 -26012554198
0 -26021583511
0 -26030612824
0 -26039642137
0 -26048671450
0 -26057700763
0 -26066730076
0 -26075759389
0 -26084788702
0 -26093818015
0 -26102847328
0 -26111876641
0 -26120905954
0 -26129935267
0 -26138964580
0 -26147993893
0 -26157023206
0 -26166052519
0 -26175081832
0 -26184111145
0 -26193140458
0 -26202169771
0 -26211199084
0 -26220228397
0 -26229257710
0 -26238287023
0 -26247316336
0 -26256345649
0 -26265374962
0 -26274404275
0 -26283433588
0 -26292462901
0 -26301492214
0 -26310521527
0 -26319550840
0 -26328580153
0 -26337609466
0 -26346638779
0 -26355668092
0 -26364697405
0 -26373726718
0 -26382756031
0 -26391785344
0 -26400814657
0 -26409843970
0 -26418873283
0 -26427902596
0 -26436931909
0 -26445961222
0 -26454990535
0 -26464019848
0 -26473049161
0 -26482078474
0 -26491107787
0 -26500137100
0 -26509166413
0 -26518195726
0 -26527225039
0 -26536254352
0 -26545283665
0 -26554312978
0 -26563342291
0 -26572371604
0 -26581400917
0 -26590430230
0 -26599459543
0 -26608488856
0 -26617518169
0 -26626547482
0 -26635576795
0 -26644606108
0 -26653635421
0 -26662664734
0 -26671694047
0 -26680723360
0 -26689752673
0 -26698781986
0 -26707811299
0 -26716840612
0 -26725869925
0 -26734899238
0 -26743928551
0 -26752957864
0 -26761987177
0 -26771016490
0 -26780045803
0 -26789075116
0 -26798104429
0 -26807133742
0 -26816163055
0 -26825192368
0 -26834221681
0 -26843250994
0 -26852280307
0 -26861309620
0 -26870338933
0 -26879368246
0 -26888397559
0 -26897426872
0 -26906456185
0 -26915485498
0 -26924514811
0 -26933544124
0 -26942573437
0 -26951602750
0 -26960632063
0 -26969661376
0 -26978690689
0 -26987720002
0 -26996749315
0 -27005778628
0 -27014807941
0 -27023837254
0 -27032866567
0 -27041895880
0 -27050925193
0 -27059954506
0 -27068983819
0 -27078013132
0 -27087042445
0 -27096071758
0 -27105101071
0 -27114130384
0 -27123159697
0 -27132189010
0 -27141218323
0 -27150247636
0 -27159276949
0 -27168306262
0 -27177335575
0 -27186364888
0 -27195394201
0 -27204423514
0 -27213452827
0 -27222482140
0 -27231511453
0 -27240540766
0 -27249570079
0 -27258599392
0 -27267628705
0 -27276658018
0 -27285687331
0 -27294716644
0 -27303745957
0 -27312775270
0 -27321804583
0 -27330833896
0 -27339863209
0 -27348892522
0 -27357921835
0 -27366951148
0 -27375980461
0 -27385009774
0 -27394039087
0 -27403068400
0 -27412097713
0 -27421127026
0 -27430156339
0 -27439185652
0 -27448214965
0 -27457244278
0 -27466273591
0 -27475302904
0 -27484332217
0 -27493361530
0 -27502390843
0 -27511420156
0 -27520449469
0 -27529478782
0 -27538508095
0 -27547537408
0 -27556566721
0 -27565596034
0 -27574625347
0 -27583654660
0 -27592683973
0 -27601713286
0 -27610742599
0 -27619771912
0 -27628801225
0 -27637830538
0 -27646859851
0 -27655889164
0 -27664918477
0 -27673947790
0 -27682977103
0 -27692006416
0 -27701035729
0 -27710065042
0 -27719094355
0 -27728123668
0 -27737152981
0 -27746182294
0 -27755211607
0 -27764240920
0 -27773270233
0 -27782299546
0 -27791328859
0 -27800358172
0 -27809387485
0 -27818416798
0 -27827446111
0 -27836475424
0 -27845504737
0 -27854534050
0 -27863563363
0 -27872592676
0 -27881621989
0 -27890651302
0 -27899680615
0 -27908709928
0 -27917739241
0 -27926768554
0 -27935797867
0 -27944827180
0 -27953856493
0 -27962885806
0 -27971915119
0 -27980944432
0 -27989973745
0 -27999003058
0 -28008032371
0 -28017061684
0 -28026090997
0 -28035120310
0 -28044149623
0 -28053178936
0 -28062208249
0 -28071237562
0 -28080266875
0 -28089296188
0 -28098325501
0 -28107354814
0 -28116384127
0 -28125413440
0 -28134442753
0 -28143472066
0 -28152501379
0 -28161530692
0 -28170560005
0 -28179589318
0 -28188618631
0 -28197647944
0 -28206677257
0 -28215706570
0 -28224735883
0 -28233765196
0 -28242794509
0 -28251823822
0 -28260853135
0 -28269882448
0 -28278911761
0 -28287941074
0 -28296970387
0 -28305999700
0 -28315029013
0 -28324058326
0 -28333087639
0 -28342116952
0 -28351146265
0 -28360175578
0 -28369204891
0 -28378234204
0 -28387263517
0 -28396292830
0 -28405322143
0 -28414351456
0 -28423380769
0 -28432410082
0 -28441439395
0 -28450468708
0 -28459498021
0 -28468527334
0 -28477556647
0 -28486585960
0 -28495615273
0 -28504644586
0 -28513673899
0 -28522703212
0 -28531732525
0 -28540761838
0 -28549791151
0 -28558820464
0 -28567849777
0 -28576879090
0 -28585908403
0 -28594937716
0 -28603967029
0 -28612996342
0 -28622025655
0 -28631054968
0 -28640084281
0 -28649113594
0 -28658142907
0 -28667172220
0 -28676201533
0 -28685230846
0 -28694260159
0 -28703289472
0 -28712318785
0 -28721348098
0 -28730377411
0 -28739406724
0 -28748436037
0 -28757465350
0 -28766494663
0 -28775523976
0 -28784553289
0 -28793582602
0 -28802611915
0 -28811641228
0 -28820670541
0 -28829699854
0 -28838729167
0 -28847758480
0 -28856787793
0 -28865817106
0 -28874846419
0 -28883875732
0 -28892905045
0 -28901934358
0 -28910963671
0 -28919992984
0 -28929022297
0 -28938051610
0 -28947080923
0 -28956110236
0 -28965139549
0 -28974168862
0 -28983198175
0 -28992227488
0 -29001256801
0 -29010286114
0 -29019315427
0 -29028344740
0 -29037374053
0 -29046403366
0 -29055432679
0 -29064461992
0 -29073491305
0 -29082520618
0 -29091549931
0 -29100579244
0 -29109608557
0 -29118637870
0 -29127667183
0 -29136696496
0 -29145725809
0 -29154755122
0 -29163784435
0 -29172813748
0 -29181843061
0 -29190872374
0 -29199901687
0 -29208931000
0 -29217960313
0 -29226989626
0 -29236018939
0 -29245048252
0 -29254077565
0 -29263106878
0 -29272136191
0 -29281165504
0 -29290194817
0 -29299224130
0 -29308253443
0 -29317282756
0 -29326312069
0 -29335341382
0 -29344370695
0 -29353400008
0 -29362429321
0 -29371458634
0 -29380487947
0 -29389517260
0 -29398546573
0 -29407575886
0 -29416605199
0 -29425634512
0 -29434663825
0 -29443693138
0 -29452722451
0 -29461751764
0 -29470781077
0 -29479810390
0 -29488839703
0 -29497869016
0 -29506898329
0 -29515927642
0 -29524956955
0 -29533986268
0 -29543015581
0 -29552044894
0 -29561074207
0 -29570103520
0 -29579132833
0 -29588162146
0 -29597191459
0 -29606220772
0 -29615250085
0 -29624279398
0 -29633308711
0 -29642338024
0 -29651367337
0 -29660396650
0 -29669425963
0 -29678455276
0 -29687484589
0 -29696513902
0 -29705543215
0 -29714572528
0 -29723601841
0 -29732631154
0 -29741660467
0 -29750689780
0 -29759719093
0 -29768748406
0 -29777777719
0 -29786807032
0 -29795836345
0 -29804865658
0 -29813894971
0 -29822924284
0 -29831953597
0 -29840982910
0 -29850012223
0 -29859041536
0 -29868070849
0 -29877100162
0 -29886129475
0 -29895158788
0 -29904188101
0 -29913217414
0 -29922246727
0 -29931276040
0 -29940305353
0 -29949334666
0 -29958363979
0 -29967393292
0 -29976422605
0 -29985451918
0 -29994481231
0 -30003510544
0 -30012539857
0 -30021569170
0 -30030598483
0 -30039627796
0 -30048657109
0 -30057686422
0 -30066715735
0 -30075745048
0 -30084774361
0 -30093803674
0 -30102832987
0 -30111862300
0 -30120891613
0 -30129920926
0 -30138950239
0 -30147979552
0 -30157008865
0 -30166038178
0 -30175067491
0 -30184096804
0 -30193126117
0 -30202155430
0 -30211184743
0 -30220214056
0 -30229243369
0 -30238272682
0 -30247301995
0 -30256331308
0 -30265360621
0 -30274389934
0 -30283419247
0 -30292448560
0 -30301477873
0 -30310507186
0 -30319536499
0 -30328565812
0 -30337595125
0 -30346624438
0 -30355653751
0 -30364683064
0 -30373712377
0 -30382741690
0 -30391771003
0 -30400800316
0 -30409829629
0 -30418858942
0 -30427888255
0 -30436917568
0 -30445946881
0 -30454976194
0 -30464005507
0 -30473034820
0 -30482064133
0 -30491093446
0 -30500122759
0 -30509152072
0 -30518181385
0 -30527210698
0 -30536240011
0 -30545269324
0 -30554298637
0 -30563327950
0 -30572357263
0 -30581386576
0 -30590415889
0 -30599445202
0 -30608474515
0 -30617503828
0 -30626533141
0 -30635562454
0 -30644591767
0 -30653621080
0 -30662650393
0 -30671679706
0 -30680709019
0 -30539163832
0 -30548148844
0 -30557133856
0 -30566118868
0 -30575103880
0 -30584088892
0 -30593073904
0 -30602058916
0 -30611043928
0 -30620028940
0 -30629013952
0 -30637998964
0 -30646983976
0 -30655968988
0 -30664954000
0 -30673939012
0 -30682924024
0 -30691909036
0 -30700894048
0 -30709879060
0 -30718864072
0 -30727849084
0 -30736834096
0 -30745819108
0 -30754804120
0 -30717343760
0 -30726315206
0 -30735286652
0 -30744258098
0 -30753229544
0 -30762200990
0 -30771172436
0 -30780143882
0 -30789115328
0 -30798086774
0 -30807058220
0 -30816029666
0 -30825001112
0 -30833972558
0 -30842944004
0 -30851915450
0 -30860886896
0 -30869858342
0 -30878829788
0 -30887801234
0 -30896772680
0 -30905744126
0 -30914715572
0 -30923687018
0 -30932658464
0 -30941629910
0 -30950601356
0 -30959572802
0 -30968544248
0 -30977515694
0 -30986487140
0 -30995458586
0 -31004430032
0 -31013401478
0 -31022372924
0 -31031344370
0 -31040315816
0 -31049287262
0 -31058258708
0 -31067230154
0 -31076201600
0 -31085173046
0 -31094144492
0 -31103115938
0 -31112087384
0 -31121058830
0 -31130030276
0 -31139001722
0 -31147973168
0 -31156944614
0 -31165916060
0 -31174887506
0 -31183858952
0 -31192830398
0 -31201801844
0 -31210773290
0 -31219744736
0 -31228716182
0 -31237687628
0 -31246659074
0 -31255630520
0 -31264601966
0 -31273573412
0 -31282544858
0 -31291516304
0 -31300487750
0 -31309459196
0 -31318430642
0 -31327402088
0 -31336373534
0 -31345344980
0 -31354316426
0 -31363287872
0 -31372259318
0 -31381230764
0 -31390202210
0 -31399173656
0 -31408145102
0 -31417116548
0 -31426087994
0 -31435059440
0 -31444030886
0 -31453002332
0 -31461973778
0 -31470945224
0 -31479916670
0 -31488888116
0 -31497859562
0 -31506831008
0 -31515802454
0 -31524773900
0 -31533745346
0 -31542716792
0 -31551688238
0 -31560659684
0 -31569631130
0 -31578602576
0 -31587574022
0 -31596545468
0 -31605516914
0 -31614488360
0 -31623459806
0 -31632431252
0 -31641402698
0 -31650374144
0 -31659345590
0 -31668317036
0 -31677288482
0 -31686259928
0 -31695231374
0 -31704202820
0 -31713174266
0 -31722145712
0 -31731117158
0 -31740088604
0 -31749060050
0 -31758031496
0 -31767002942
0 -31775974388
0 -31784945834
0 -31793917280
0 -31802888726
0 -31811860172
0 -31820831618
0 -31829803064
0 -31838774510
0 -31847745956
0 -31856717402
0 -31865688848
0 -31874660294
0 -31883631740
0 -31892603186
0 -31901574632
0 -31910546078
0 -31919517524
0 -31928488970
0 -31937460416
0 -31946431862
0 -31955403308
0 -31964374754
0 -31973346200
0 -31982317646
0 -31991289092
0 -32000260538
0 -32009231984
0 -32018203430
0 -32027174876
0 -32036146322
0 -32045117768
0 -32054089214
0 -32063060660
0 -32072032106
0 -32081003552
0 -32089974998
0 -32098946444
0 -32107917890
0 -32116889336
0 -32125860782
0 -32134832228
0 -32143803674
0 -32152775120
0 -32161746566
0 -32170718012
0 -32179689458
0 -32188660904
0 -32197632350
0 -32206603796
0 -32215575242
0 -32224546688
0 -32233518134
0 -32242489580
0 -32251461026
0 -32260432472
0 -32269403918
0 -32278375364
0 -32287346810
0 -32296318256
0 -32305289702
0 -32314261148
0 -32323232594
0 -32332204040
0 -32341175486
0 -32350146932
0 -32359118378
0 -32368089824
0 -32377061270
0 -32386032716
0 -32395004162
0 -32403975608
0 -32412947054
0 -32421918500
0 -32430889946
0 -32439861392
0 -32448832838
0 -32457804284
0 -32466775730
0 -32475747176
0 -32484718622
0 -32493690068
0 -32502661514
0 -32511632960
0 -32520604406
0 -32529575852
0 -32538547298
0 -32547518744
0 -32556490190
0 -32565461636
0 -32574433082
0 -32583404528
0 -32592375974
0 -32601347420
0 -32610318866
0 -32619290312
0 -32628261758
0 -32637233204
0 -32646204650
0 -32655176096
0 -32664147542
0 -32673118988
0 -32682090434
0 -32691061880
0 -32700033326
0 -32709004772
0 -32717976218
0 -32726947664
0 -32735919110
0 -32744890556
0 -32753862002
0 -32762833448
0 -32771804894
0 -32780776340
0 -32789747786
0 -32798719232
0 -32807690678
0 -32816662124
0 -32825633570
0 -32834605016
0 -32843576462
0 -32852547908
0 -32861519354
0 -32870490800
0 -32879462246
0 -32888433692
0 -32897405138
0 -32906376584
0 -32915348030
0 -32924319476
0 -32933290922
0 -32942262368
0 -32951233814
0 -32960205260
0 -32969176706
0 -32978148152
0 -32987119598
0 -32996091044
0 -33005062490
0 -33014033936
0 -33023005382
0 -33031976828
0 -33040948274
0 -33049919720
0 -32888195542
0 -32897120665
0 -32906045788
0 -32914970911
0 -32923896034
0 -32932821157
0 -32941746280
0 -32950671403
0 -32959596526
0 -32968521649
0 -32977446772
0 -32986371895
0 -32995297018
0 -33004222141
0 -33013147264
0 -33022072387
0 -33030997510
0 -33039922633
0 -33048847756
0 -33057772879
0 -33066698002
0 -33075623125
0 -33084548248
0 -33093473371
0 -33102398494
0 -33111323617
0 -33120248740
0 -33129173863
0 -33138098986
0 -33147024109
0 -33155949232
0 -33164874355
0 -33173799478
0 -33182724601
0 -33191649724
0 -33200574847
0 -33209499970
0 -33218425093
0 -33227350216
0 -33236275339
0 -33245200462
0 -33254125585
0 -33263050708
0 -33271975831
0 -33280900954
0 -33289826077
0 -33298751200
0 -33307676323
0 -33316601446
0 -33325526569
0 -33334451692
0 -33343376815
0 -33352301938
0 -33361227061
0 -33370152184
0 -33379077307
0 -33388002430
0 -33396927553
0 -33405852676
0 -33414777799
0 -33423702922
0 -33432628045
0 -33441553168
0 -33450478291
0 -33459403414
0 -33468328537
0 -33477253660
0 -33486178783
0 -33495103906
0 -33504029029
0 -33512954152
0 -33521879275
0 -33530804398
0 -33539729521
0 -33548654644
0 -33557579767
0 -33566504890
0 -33575430013
0 -33584355136
0 -33593280259
0 -33602205382
0 -33611130505
0 -33620055628
0 -33628980751
0 -33637905874
0 -33646830997
0 -33655756120
0 -33664681243
0 -33673606366
0 -33682531489
0 -33691456612
0 -33700381735
0 -33709306858
0 -33718231981
0 -33727157104
0 -33736082227
0 -33745007350
0 -33753932473
0 -33762857596
0 -33771782719
0 -33780707842
0 -33789632965
0 -33798558088
0 -33807483211
0 -33816408334
0 -33825333457
0 -33834258580
0 -33843183703
0 -33852108826
0 -33861033949
0 -33869959072
0 -33878884195
0 -33887809318
0 -33896734441
0 -33905659564
0 -33914584687
0 -33923509810
0 -33932434933
0 -33941360056
0 -33950285179
0 -33959210302
0 -33968135425
0 -33977060548
0 -33985985671
0 -33994910794
0 -34003835917
0 -34012761040
0 -34021686163
0 -34030611286
0 -34039536409
0 -34048461532
0 -34057386655
0 -34066311778
0 -34075236901
0 -34084162024
0 -34093087147
0 -34102012270
0 -34110937393
0 -34119862516
0 -34128787639
0 -34137712762
0 -34146637885
0 -34155563008
0 -34164488131
0 -34173413254
0 -34182338377
0 -34191263500
0 -34200188623
0 -34209113746
0 -34218038869
0 -34226963992
0 -34235889115
0 -34244814238
0 -34253739361
0 -34262664484
0 -34271589607
0 -34280514730
0 -34289439853
0 -34298364976
0 -34307290099
0 -34316215222
0 -34325140345
0 -34334065468
0 -34342990591
0 -34351915714
0 -34360840837
0 -34369765960
0 -34378691083
0 -34387616206
0 -34396541329
0 -34405466452
0 -34414391575
0 -34423316698
0 -34432241821
0 -34441166944
0 -34450092067
0 -34459017190
0 -34467942313
0 -34476867436
0 -34485792559
0 -34494717682
0 -34503642805
0 -34512567928
0 -34521493051
0 -34530418174
0 -34539343297
0 -34548268420
0 -34557193543
0 -34566118666
0 -34575043789
0 -34583968912
0 -34592894035
0 -34601819158
0 -34610744281
0 -34619669404
0 -34628594527
0 -34637519650
0 -34646444773
0 -34655369896
0 -34664295019
0 -34673220142
0 -34682145265
0 -34691070388
0 -34699995511
0 -34708920634
0 -34717845757
0 -34726770880
0 -34735696003
0 -34744621126
0 -34753546249
0 -34762471372
0 -34771396495
0 -34780321618
0 -34789246741
0 -34798171864
0 -34807096987
0 -34816022110
0 -34824947233
0 -34833872356
0 -34842797479
0 -34851722602
0 -34860647725
0 -34869572848
0 -34878497971
0 -34887423094
0 -34896348217
0 -34905273340
0 -34914198463
0 -34923123586
0 -34932048709
0 -34940973832
0 -34949898955
0 -34958824078
0 -34967749201
0 -34976674324
0 -34985599447
0 -34994524570
0 -35003449693
0 -35012374816
0 -35021299939
0 -35030225062
0 -35039150185
0 -35048075308
0 -35057000431
0 -35065925554
0 -35074850677
0 -35083775800
0 -35092700923
0 -35101626046
0 -35110551169
0 -35119476292
0 -35128401415
0 -35137326538
0 -35146251661
0 -35155176784
0 -35164101907
0 -35173027030
0 -35181952153
0 -35190877276
0 -35199802399
0 -35208727522
0 -35217652645
0 -35226577768
0 -35235502891
0 -35244428014
0 -35253353137
0 -35262278260
0 -35271203383
0 -35280128506
0 -35289053629
0 -35297978752
0 -35306903875
0 -35315828998
0 -35324754121
0 -35333679244
0 -35342604367
0 -35351529490
0 -35360454613
0 -35369379736
0 -35378304859
0 -35387229982
0 -35396155105
0 -35405080228
0 -35414005351
0 -35422930474
0 -35431855597
0 -35440780720
0 -35449705843
0 -35458630966
0 -35467556089
0 -35476481212
0 -35485406335
0 -35494331458
0 -35503256581
0 -35512181704
0 -35521106827
0 -35530031950
0 -35538957073
0 -35547882196
0 -35556807319
0 -35565732442
0 -35574657565
0 -35583582688
0 -35592507811
0 -35601432934
0 -35610358057
0 -35619283180
0 -35628208303
0 -35637133426
0 -35646058549
0 -35654983672
0 -35663908795
0 -35672833918
0 -35681759041
0 -35690684164
0 -35699609287
0 -35708534410
0 -35717459533
0 -35726384656
0 -35735309779
0 -35744234902
0 -35753160025
0 -35762085148
0 -35771010271
0 -35779935394
0 -35788860517
0 -35797785640
0 -35806710763
0 -35815635886
0 -35824561009
0 -35833486132
0 -35842411255
0 -35851336378
0 -35860261501
0 -35869186624
0 -35878111747
0 -35887036870
0 -35895961993
0 -35904887116
0 -35913812239
0 -35922737362
0 -35931662485
0 -35940587608
0 -35949512731
0 -35958437854
0 -35967362977
0 -35976288100
0 -35985213223
0 -35994138346
0 -36003063469
0 -36011988592
0 -36020913715
0 -36029838838
0 -36038763961
0 -36047689084
0 -36056614207
0 -36065539330
0 -36074464453
0 -36083389576
0 -36092314699
0 -36101239822
0 -36110164945
0 -36119090068
0 -36128015191
0 -36136940314
0 -36145865437
0 -36154790560
0 -36163715683
0 -36172640806
0 -36181565929
0 -36190491052
0 -36199416175
0 -36208341298
0 -36217266421
0 -36226191544
0 -36235116667
0 -36244041790
0 -36252966913
0 -36261892036
0 -36270817159
0 -36279742282
0 -36288667405
0 -36297592528
0 -36306517651
0 -36315442774
0 -36324367897
0 -36333293020
0 -36342218143
0 -36351143266
0 -36360068389
0 -36368993512
0 -36377918635
0 -36386843758
0 -36395768881
0 -36404694004
0 -36413619127
0 -36422544250
0 -36431469373
0 -36440394496
0 -36449319619
0 -36458244742
0 -36467169865
0 -36476094988
0 -36485020111
0 -36493945234
0 -36502870357
0 -36511795480
0 -36520720603
0 -36529645726
0 -36538570849
0 -36547495972
0 -36556421095
0 -36565346218
0 -36574271341
0 -36583196464
0 -36592121587
0 -36601046710
0 -36609971833
0 -36618896956
0 -36627822079
0 -36636747202
0 -36645672325
0 -36654597448
0 -36663522571
0 -36672447694
0 -36681372817
0 -36690297940
0 -36699223063
0 -36708148186
0 -36717073309
0 -36725998432
0 -36734923555
0 -36743848678
0 -36752773801
0 -36761698924
0 -36770624047
0 -36779549170
0 -36788474293
0 -36797399416
0 -36806324539
0 -36815249662
0 -36824174785
0 -36833099908
0 -36842025031
0 -36850950154
0 -36859875277
0 -36868800400
0 -36877725523
0 -36886650646
0 -36895575769
0 -36904500892
0 -36913426015
0 -36922351138
0 -36931276261
0 -36940201384
0 -36949126507
0 -36958051630
0 -36966976753
0 -36975901876
0 -36984826999
0 -36993752122
0 -37002677245
0 -37011602368
0 -37020527491
0 -37029452614
0 -37038377737
0 -37047302860
0 -37056227983
0 -37065153106
0 -37074078229
0 -37083003352
0 -37091928475
0 -37100853598
0 -37109778721
0 -37118703844
0 -37127628967
0 -37136554090
0 -37145479213
0 -37154404336
0 -37163329459
0 -37172254582
0 -37181179705
0 -37190104828
0 -37199029951
0 -37207955074
0 -37216880197
0 -37225805320
0 -37234730443
0 -37243655566
0 -37252580689
0 -37261505812
0 -37270430935
0 -37279356058
0 -37288281181
0 -37297206304
0 -37306131427
0 -37315056550
0 -37323981673
0 -37332906796
0 -37341831919
0 -37350757042
0 -37359682165
0 -37368607288
0 -37377532411
0 -37386457534
0 -37395382657
0 -37404307780
0 -37413232903
0 -37422158026
0 -37431083149
0 -37440008272
0 -37448933395
0 -37457858518
0 -37466783641
0 -37475708764
0 -37484633887
0 -37493559010
0 -37502484133
0 -37511409256
0 -37520334379
0 -37529259502
0 -37538184625
0 -37547109748
0 -37556034871
0 -37564959994
0 -37573885117
0 -37582810240
0 -37591735363
0 -37600660486
0 -37609585609
0 -37618510732
0 -37627435855
0 -37636360978
0 -37645286101
0 -37654211224
0 -37663136347
0 -37672061470
0 -37680986593
0 -37689911716
0 -37698836839
0 -37707761962
0 -37716687085
0 -37725612208
0 -37734537331
0 -37743462454
0 -37752387577
0 -37761312700
0 -37770237823
0 -37779162946
0 -37788088069
0 -37797013192
0 -37805938315
0 -37814863438
0 -37823788561
0 -37832713684
0 -37841638807
0 -37850563930
0 -37859489053
0 -37868414176
0 -37877339299
0 -37886264422
0 -37895189545
0 -37904114668
0 -37913039791
0 -37921964914
0 -37930890037
0 -37939815160
0 -37948740283
0 -37957665406
0 -37966590529
0 -37975515652
0 -37984440775
0 -37993365898
0 -38002291021
0 -38011216144
0 -38020141267
0 -38029066390
0 -38037991513
0 -38046916636
0 -38055841759
0 -38064766882
0 -38073692005
0 -38082617128
0 -38091542251
0 -38100467374
0 -38109392497
0 -38118317620
0 -38127242743
0 -38136167866
0 -38145092989
0 -38154018112
0 -38162943235
0 -38171868358
0 -38180793481
0 -38189718604
0 -38198643727
0 -38207568850
0 -38216493973
0 -38225419096
0 -38234344219
0 -38243269342
0 -38252194465
0 -38261119588
0 -38270044711
0 -38278969834
0 -38287894957
0 -38296820080
0 -38305745203
0 -38314670326
0 -38323595449
0 -38332520572
0 -38341445695
0 -38350370818
0 -38359295941
0 -38368221064
0 -38377146187
0 -38386071310
0 -38394996433
0 -38403921556
0 -38412846679
0 -38421771802
0 -38430696925
0 -38439622048
0 -38448547171
0 -38457472294
0 -38466397417
0 -38475322540
0 -38484247663
0 -38493172786
0 -38502097909
0 -38511023032
0 -38519948155
0 -38528873278
0 -38537798401
0 -38546723524
0 -38555648647
0 -38564573770
0 -38573498893
0 -38582424016
0 -38591349139
0 -38600274262
0 -38609199385
0 -38618124508
0 -38627049631
0 -38635974754
0 -38644899877
0 -38653825000
0 -38662750123
0 -38671675246
0 -38680600369
0 -38689525492
0 -38698450615
0 -38707375738
0 -38716300861
0 -38725225984
0 -38734151107
0 -38743076230
0 -38752001353
0 -38760926476
0 -38769851599
0 -38778776722
0 -38787701845
0 -38796626968
0 -38805552091
0 -38814477214
0 -38823402337
0 -38832327460
0 -38841252583
0 -38850177706
0 -38859102829
0 -38868027952
0 -38876953075
0 -38885878198
0 -38894803321
0 -38903728444
0 -38912653567
0 -38921578690
0 -38930503813
0 -38939428936
0 -38948354059
0 -38957279182
0 -38966204305
0 -38975129428
0 -38984054551
0 -38992979674
0 -39001904797
0 -39010829920
0 -39019755043
0 -39028680166
0 -39037605289
0 -39046530412
0 -39055455535
0 -39064380658
0 -39073305781
0 -39082230904
0 -39091156027
0 -39100081150
0 -39109006273
0 -39117931396
0 -39126856519
0 -39135781642
0 -39144706765
0 -39153631888
0 -39162557011
0 -39171482134
0 -39180407257
0 -39189332380
0 -39198257503
0 -39207182626
0 -39216107749
0 -39225032872
0 -39233957995
0 -39242883118
0 -39251808241
0 -39260733364
0 -39269658487
0 -39278583610
0 -39287508733
0 -39296433856
0 -39305358979
0 -39314284102
0 -39323209225
0 -39332134348
0 -39341059471
0 -39349984594
0 -39358909717
0 -39367834840
0 -39376759963
0 -39385685086
0 -39394610209
0 -39403535332
0 -39412460455
0 -39421385578
0 -39430310701
0 -39439235824
0 -39448160947
0 -39457086070
0 -39466011193
0 -39474936316
0 -39483861439
0 -39492786562
0 -39501711685
0 -39510636808
0 -39519561931
0 -39528487054
0 -39537412177
0 -39546337300
0 -39555262423
0 -39564187546
0 -39573112669
0 -39582037792
0 -39590962915
0 -39599888038
0 -39608813161
0 -39617738284
0 -39626663407
0 -39635588530
0 -39644513653
0 -39653438776
0 -39662363899
0 -39671289022
0 -39680214145
0 -39689139268
0 -39698064391
0 -39706989514
0 -39715914637
0 -39724839760
0 -39733764883
0 -39742690006
0 -39751615129
0 -39760540252
0 -39769465375
0 -39778390498
0 -39787315621
0 -39796240744
0 -39805165867
0 -39814090990
0 -39823016113
0 -39831941236
0 -39840866359
0 -39849791482
0 -39858716605
0 -39867641728
0 -39876566851
0 -39885491974
0 -39894417097
0 -39903342220
0 -39912267343
0 -39921192466
0 -39930117589
0 -39939042712
0 -39947967835
0 -39956892958
0 -39965818081
0 -39974743204
0 -39983668327
0 -39992593450
0 -40001518573
0 -40010443696
0 -40019368819
0 -40028293942
0 -40037219065
0 -40046144188
0 -40055069311
0 -40063994434
0 -40072919557
0 -40081844680
0 -40090769803
0 -40099694926
0 -40108620049
0 -40117545172
0 -40126470295
0 -40135395418
0 -40144320541
0 -40153245664
0 -40162170787
0 -40171095910
0 -40180021033
0 -40188946156
0 -40197871279
0 -40206796402
0 -40215721525
0 -40224646648
0 -40233571771
0 -40242496894
0 -40251422017
0 -40260347140
0 -40269272263
0 -40278197386
0 -40287122509
0 -40296047632
0 -40304972755
0 -40313897878
0 -40322823001
0 -40331748124
0 -40340673247
0 -40349598370
0 -40358523493
0 -40367448616
0 -40376373739
0 -40385298862
0 -40394223985
0 -40403149108
0 -40412074231
0 -40420999354
0 -40429924477
0 -40438849600
0 -40447774723
0 -40456699846
0 -40465624969
0 -40474550092
0 -40483475215
0 -40492400338
0 -40501325461
0 -40510250584
0 -40519175707
0 -40528100830
0 -40537025953
0 -40545951076
0 -40554876199
0 -40563801322
0 -40572726445
0 -40581651568
0 -40590576691
0 -40599501814
0 -40608426937
0 -40617352060
0 -40626277183
0 -40635202306
0 -40644127429
0 -40653052552
0 -40661977675
0 -40670902798
0 -40679827921
0 -40688753044
0 -40697678167
0 -40706603290
0 -40715528413
0 -40724453536
0 -40733378659
0 -40742303782
0 -40751228905
0 -40760154028
0 -40769079151
0 -40778004274
0 -40786929397
0 -40795854520
0 -40804779643
0 -40813704766
0 -40822629889
0 -40831555012
0 -40840480135
0 -40849405258
0 -40858330381
0 -40867255504
0 -40876180627
0 -40885105750
0 -40894030873
0 -40902955996
0 -40911881119
0 -40920806242
0 -40929731365
0 -40938656488
0 -40947581611
0 -40956506734
0 -40965431857
0 -40974356980
0 -40983282103
0 -40992207226
0 -41001132349
0 -41010057472
0 -41018982595
0 -41027907718
0 -41036832841
0 -41045757964
0 -41054683087
0 -41063608210
0 -41072533333
0 -41081458456
0 -41090383579
0 -41099308702
0 -41108233825
0 -41117158948
0 -41126084071
0 -41135009194
0 -41143934317
0 -41152859440
0 -41161784563
0 -41170709686
0 -41179634809
0 -41188559932
0 -41197485055
0 -41206410178
0 -41215335301
0 -41224260424
0 -41233185547
0 -41242110670
0 -41251035793
0 -41259960916
0 -41268886039
0 -41277811162
0 -41286736285
0 -41295661408
0 -41304586531
0 -41313511654
0 -41322436777
0 -41331361900
0 -41340287023
0 -41349212146
0 -41358137269
0 -41367062392
0 -41375987515
0 -41384912638
0 -41393837761
0 -41402762884
0 -41411688007
0 -41420613130
0 -41429538253
0 -41438463376
0 -41447388499
0 -41456313622
0 -41465238745
0 -41474163868
0 -41483088991
0 -41492014114
0 -41500939237
0 -41509864360
0 -41518789483
0 -41527714606
0 -41536639729
0 -41545564852
0 -41554489975
0 -41563415098
0 -41572340221
0 -41581265344
0 -41590190467
0 -41599115590
0 -41608040713
0 -41616965836
0 -41625890959
0 -41634816082
0 -41643741205
0 -41652666328
0 -41661591451
0 -41670516574
0 -41679441697
0 -41688366820
0 -41697291943
0 -41706217066
0 -41715142189
0 -41724067312
0 -41732992435
0 -41741917558
0 -41750842681
0 -41759767804
0 -41768692927
0 -41777618050
0 -41786543173
0 -41795468296
0 -41804393419
0 -41813318542
0 -41822243665
0 -41831168788
0 -41840093911
0 -41849019034
0 -41857944157
0 -41866869280
0 -41875794403
0 -41884719526
0 -41893644649
0 -41902569772
0 -41911494895
0 -41920420018
0 -41929345141
0 -41938270264
0 -41947195387
0 -41956120510
0 -41965045633
0 -41973970756
0 -41982895879
0 -41991821002
0 -42000746125
0 -42009671248
0 -42018596371
0 -42027521494
0 -42036446617
0 -42045371740
0 -42054296863
0 -42063221986
0 -42072147109
0 -42081072232
0 -42089997355
0 -42098922478
0 -42107847601
0 -42116772724
0 -42125697847
0 -42134622970
0 -42143548093
0 -42152473216
0 -42161398339
0 -42170323462
0 -42179248585
0 -42188173708
0 -42197098831
0 -42206023954
0 -42214949077
0 -42223874200
0 -42232799323
0 -42241724446
0 -42250649569
0 -42259574692
0 -42268499815
0 -42277424938
0 -42286350061
0 -42295275184
0 -42304200307
0 -42313125430
0 -42322050553
0 -42330975676
0 -42339900799
0 -42348825922
0 -42357751045
0 -42366676168
0 -42375601291
0 -42384526414
0 -42393451537
0 -42402376660
0 -42411301783
0 -42420226906
0 -42429152029
0 -42438077152
0 -42447002275
0 -42455927398
0 -42464852521
0 -42473777644
0 -42482702767
0 -42491627890
0 -42500553013
0 -42509478136
0 -42518403259
0 -42527328382
0 -42536253505
0 -42545178628
0 -42554103751
0 -42563028874
0 -42571953997
0 -42580879120
0 -42589804243
0 -42598729366
0 -42607654489
0 -42616579612
0 -42625504735
0 -42634429858
0 -42643354981
0 -42652280104
0 -42661205227
0 -42670130350
0 -42679055473
0 -42687980596
0 -42696905719
0 -42705830842
0 -42714755965
0 -42723681088
0 -42732606211
0 -42741531334
0 -42750456457
0 -42759381580
0 -42768306703
0 -42777231826
0 -42786156949
0 -42795082072
0 -42804007195
0 -42812932318
0 -42821857441
0 -42830782564
0 -42839707687
0 -42848632810
0 -42857557933
0 -42866483056
0 -42875408179
0 -42884333302
0 -42893258425
0 -42902183548
0 -42911108671
0 -42920033794
0 -42928958917
0 -42937884040
0 -42946809163
0 -42955734286
0 -42964659409
0 -42973584532
0 -42982509655
0 -42991434778
0 -43000359901
0 -43009285024
0 -43018210147
0 -43027135270
0 -43036060393
0 -43044985516
0 -43053910639
0 -43062835762
0 -43071760885
0 -43080686008
0 -43089611131
0 -43098536254
0 -43107461377
0 -43116386500
0 -43125311623
0 -43134236746
0 -43143161869
0 -43152086992
0 -43161012115
0 -43169937238
0 -43178862361
0 -43187787484
0 -43196712607
0 -43205637730
0 -43214562853
0 -43223487976
0 -43232413099
0 -43241338222
0 -43250263345
0 -43259188468
0 -43268113591
0 -43277038714
0 -43285963837
0 -43294888960
0 -43303814083
0 -43312739206
0 -43321664329
0 -43330589452
0 -43339514575
0 -43348439698
0 -43357364821
0 -43366289944
0 -43375215067
0 -43384140190
0 -43393065313
0 -43401990436
0 -43410915559
0 -43419840682
0 -43428765805
0 -43437690928
0 -43446616051
0 -43455541174
0 -43464466297
0 -43473391420
0 -43482316543
0 -43491241666
0 -43500166789
0 -43509091912
0 -43518017035
0 -43526942158
0 -43535867281
0 -43544792404
0 -43553717527
0 -43562642650
0 -43571567773
0 -43580492896
0 -43589418019
0 -43598343142
0 -43607268265
0 -43616193388
0 -43625118511
0 -43634043634
0 -43642968757
0 -43651893880
0 -43660819003
0 -43669744126
0 -43678669249
0 -43687594372
0 -43696519495
0 -43705444618
0 -43714369741
0 -43723294864
0 -43732219987
0 -43741145110
0 -43750070233
0 -43758995356
0 -43767920479
0 -43776845602
0 -43785770725
0 -43794695848
0 -43803620971
0 -43812546094
0 -43821471217
0 -43830396340
0 -43839321463
0 -43848246586
0 -43857171709
0 -43866096832
0 -43875021955
0 -43883947078
0 -43892872201
0 -43901797324
0 -43910722447
0 -43919647570
0 -43928572693
0 -43937497816
0 -43946422939
0 -43955348062
0 -43964273185
0 -43973198308
0 -43982123431
0 -43991048554
0 -43999973677
0 -44008898800
0 -44017823923
0 -44026749046
0 -44035674169
0 -44044599292
0 -44053524415
0 -44062449538
0 -44071374661
0 -44080299784
0 -44089224907
0 -44098150030
0 -44107075153
0 -44116000276
0 -44124925399
0 -44133850522
0 -44142775645
0 -44151700768
0 -44160625891
0 -44169551014
0 -44178476137
0 -44187401260
0 -44196326383
0 -44205251506
0 -44214176629
0 -44223101752
0 -44232026875
0 -44240951998
0 -44249877121
0 -44258802244
0 -44267727367
0 -44276652490
0 -44285577613
0 -44294502736
0 -44303427859
0 -44312352982
0 -44321278105
0 -44330203228
0 -44339128351
0 -44348053474
0 -44356978597
0 -44365903720
0 -44374828843
0 -44383753966
0 -44392679089
0 -44401604212
0 -44410529335
0 -44419454458
0 -44428379581
0 -44437304704
0 -44446229827
0 -44455154950
0 -44464080073
0 -44473005196
0 -44481930319
0 -44490855442
0 -44499780565
0 -44508705688
0 -44517630811
0 -44526555934
0 -44535481057
0 -44544406180
0 -44553331303
0 -44562256426
0 -44571181549
0 -44580106672
0 -44589031795
0 -44597956918
0 -44606882041
0 -44615807164
0 -8521891
0 -17983825
0 -27445759
0 -36907693
0 -46369627
0 -55831561
0 -65293495
0 -74755429
0 -83332820
0 -92694778
0 -102056736
0 -111418694
0 -120780652
0 -130142610
0 -139504568
0 -148866526
0 -158228484
0 -167590442
0 -176952400
0 -186314358
0 -195676316
0 -205038274
0 -214400232
0 -223762190
0 -233124148
0 -242486106
0 -251848064
0 -261210022
0 -270571980
0 -279933938
0 -289295896
0 -298657854
0 -308019812
0 -317381770
0 -325089676
0 -334404347
0 -343719018
0 -353033689
0 -362348360
0 -371663031
0 -380977702
0 -390292373
0 -399607044
0 -408921715
0 -418236386
0 -427551057
0 -436865728
0 -446180399
0 -455495070
0 -464809741
0 -474124412
0 -483439083
0 -492753754
0 -502068425
0 -511383096
0 -520697767
0 -530012438
0 -539327109
0 -548641780
0 -557956451
0 -567271122
0 -576585793
0 -585900464
0 -595215135
0 -604529806
0 -613844477
0 -623159148
0 -629195148
0 -638461454
0 -647727760
0 -656994066
0 -666260372
0 -675526678
0 -684792984
0 -694059290
0 -703325596
0 -712591902
0 -721858208
0 -731124514
0 -740390820
0 -749657126
0 -758923432
0 -768189738
0 -777456044
0 -786722350
0 -795988656
0 -805254962
0 -814521268
0 -823787574
0 -833053880
0 -842320186
0 -851586492
0 -860852798
0 -870119104
0 -879385410
0 -888651716
0 -897918022
0 -907184328
0 -916450634
0 -920823945
0 -930041044
0 -939258143
0 -948475242
0 -957692341
0 -966909440
0 -976126539
0 -985343638
0 -994560737
0 -1003777836
0 -1012994935
0 -1022212034
0 -1031429133
0 -1040646232
0 -1049863331
0 -1059080430
0 -1068297529
0 -1077514628
0 -1086731727
0 -1095948826
0 -1105165925
0 -1114383024
0 -1123600123
0 -1132817222
0 -1142034321
0 -1151251420
0 -1160468519
0 -1169685618
0 -1178902717
0 -1188119816
0 -1197336915
0 -1206554014
0 -1215771113
0 -1224988212
0 -1234205311
0 -1243422410
0 -1252639509
0 -1261856608
0 -1271073707
0 -1280290806
0 -1289507905
0 -1298725004
0 -1307942103
0 -1317159202
0 -1326376301
0 -1335593400
0 -1344810499
0 -1354027598
0 -1363244697
0 -1372461796
0 -1381678895
0 -1390895994
0 -1400113093
0 -1409330192
0 -1418547291
0 -1427764390
0 -1436981489
0 -1446198588
0 -1455415687
0 -1464632786
0 -1473849885
0 -1483066984
0 -1492284083
0 -1501501182
0 -1510718281
0 -1519935380
0 -1529152479
0 -1538369578
0 -1547586677
0 -1556803776
0 -1566020875
0 -1575237974
0 -1584455073
0 -1593672172
0 -1602889271
0 -1612106370
0 -1621323469
0 -1630540568
0 -1639757667
0 -1648974766
0 -1658191865
0 -1667408964
0 -1676626063
0 -1685843162
0 -1695060261
0 -1704277360
0 -1713494459
0 -1722711558
0 -1731928657
0 -1741145756
0 -1750362855
0 -1759579954
0 -1768797053
0 -1778014152
0 -1787231251
0 -1796448350
0 -1805665449
0 -1814882548
0 -1824099647
0 -1833316746
0 -1842533845
0 -1851750944
0 -1860968043
0 -1870185142
0 -1879402241
0 -1888619340
0 -1897836439
0 -1907053538
0 -1916270637
0 -1925487736
0 -1934704835
0 -1943921934
0 -1953139033
0 -1962356132
0 -1971573231
0 -1980790330
0 -1990007429
0 -1999224528
0 -2008441627
0 -2017658726
0 -2026875825
0 -2036092924
0 -2045310023
0 -2054527122
0 -2063744221
0 -2072961320
0 -2082178419
0 -2091395518
0 -2100612617
0 -2109829716
0 -2119046815
0 -2128263914
0 -2137481013
0 -2146698112
0 -2155915211
0 -2165132310
0 -2174349409
0 -2183566508
0 -2192783607
0 -2202000706
0 -2211217805
0 -2220434904
0 -2229652003
0 -2238869102
0 -2248086201
0 -2257303300
0 -2266520399
0 -2275737498
0 -2284954597
0 -2294171696
0 -2303388795
0 -2312605894
0 -2321822993
0 -2331040092
0 -2340257191
0 -2349474290
0 -2358691389
0 -2367908488
0 -2377125587
0 -2386342686
0 -2395559785
0 -2404776884
0 -2413993983
0 -2423211082
0 -2432428181
0 -2441645280
0 -2450862379
0 -2460079478
0 -2469296577
0 -2478513676
0 -2487730775
0 -2496947874
0 -2506164973
0 -2515382072
0 -2524599171
0 -2533816270
0 -2543033369
0 -2552250468
0 -2561467567
0 -2570684666
0 -2579901765
0 -2589118864
0 -2598335963
0 -2607553062
0 -2616770161
0 -2625987260
0 -2635204359
0 -2644421458
0 -2653638557
0 -2662855656
0 -2672072755
0 -2681289854
0 -2690506953
0 -2699724052
0 -2708941151
0 -2718158250
0 -2727375349
0 -2736592448
0 -2745809547
0 -2755026646
0 -2764243745
0 -2773460844
0 -2782677943
0 -2791895042
0 -2801112141
0 -2810329240
0 -2819546339
0 -2828546742
0 -2837763261
0 -2846979780
0 -2856196299
0 -2865412818
0 -2874629337
0 -2883845856
0 -2893062375
0 -2902278894
0 -2911495413
0 -2920711932
0 -2929928451
0 -2939144970
0 -2948361489
0 -2957578008
0 -2966794527
0 -2976011046
0 -2985227565
0 -2994444084
0 -3003660603
0 -3012877122
0 -3022093641
0 -3031310160
0 -3040526679
0 -3049743198
0 -3058959717
0 -3068176236
0 -3077392755
0 -3086609274
0 -3095825793
0 -3105042312
0 -3114258831
0 -3123475350
0 -3132691869
0 -3141908388
0 -3151124907
0 -3160341426
0 -3169557945
0 -3178774464
0 -3187990983
0 -3197207502
0 -3206424021
0 -3215640540
0 -3224857059
0 -3234073578
0 -3243290097
0 -3252506616
0 -3261723135
0 -3270939654
0 -3280156173
0 -3289372692
0 -3298589211
0 -3307805730
0 -3317022249
0 -3326238768
0 -3335455287
0 -3344671806
0 -3353888325
0 -3363104844
0 -3372321363
0 -3381537882
0 -3390754401
0 -3399970920
0 -3409187439
0 -3418403958
0 -3427620477
0 -3436836996
0 -3446053515
0 -3455270034
0 -3464486553
0 -3473703072
0 -3480093331
0 -3489302304
0 -3498511277
0 -3507720250
0 -3516929223
0 -3526138196
0 -3535347169
0 -3544556142
0 -3553765115
0 -3562974088
0 -3572183061
0 -3581392034
0 -3590601007
0 -3599809980
0 -3609018953
0 -3618227926
0 -3627436899
0 -3636645872
0 -3645854845
0 -3655063818
0 -3664272791
0 -3673481764
0 -3682690737
0 -3691899710
0 -3701108683
0 -3710317656
0 -3719526629
0 -3728735602
0 -3737944575
0 -3747153548
0 -3756362521
0 -3765571494
0 -3774780467
0 -3783989440
0 -3793198413
0 -3802407386
0 -3811616359
0 -3820825332
0 -3830034305
0 -3839243278
0 -3848452251
0 -3857661224
0 -3866870197
0 -3876079170
0 -3885288143
0 -3894497116
0 -3903706089
0 -3912915062
0 -3922124035
0 -3931333008
0 -3940541981
0 -3949750954
0 -3958959927
0 -3968168900
0 -3977377873
0 -3986586846
0 -3995795819
0 -4005004792
0 -4014213765
0 -4023422738
0 -4032631711
0 -4041840684
0 -4051049657
0 -4060258630
0 -4069467603
0 -4078676576
0 -4087885549
0 -4097094522
0 -4106303495
0 -4115512468
0 -4124721441
0 -4133930414
0 -4143139387
0 -4152348360
0 -4161557333
0 -4170766306
0 -4179975279
0 -4189184252
0 -4198393225
0 -4207602198
0 -4216811171
0 -4226020144
0 -4235229117
0 -4244438090
0 -4253647063
0 -4262856036
0 -4272065009
0 -4281273982
0 -4290482955
0 -4299691928
0 -4308900901
0 -4318109874
0 -4327318847
0 -4336527820
0 -4345736793
0 -4354945766
0 -4364154739
0 -4373363712
0 -4382572685
0 -4391781658
0 -4400990631
0 -4410199604
0 -4419408577
0 -4428617550
0 -4437826523
0 -4447035496
0 -4456244469
0 -4465453442
