0
0 -138298235
0 -278438385
0 -416742208
0 -553034613
0 -689041718
0 -827277276
0 -955558462
0 -1092370141
0 -1229181820
0 -1365993499
0 -1502805178
0 -1639616857
0 -1776428536
0 -1913240215
0 -2050051894
0 -2186863573
0 -2313627230
0 -2449847348
0 -2586067466
0 -2722287584
0 -2858507702
0 -2994727820
0 -3130947938
0 -3267168056
0 -3403388174
0 -3539608292
0 -3675828410
0 -3812048528
0 -3948268646
0 -4084488764
0 -4220708882
0 -4356929000
0 -4493149118
0 -4629369236
0 -4765589354
0 -4901809472
0 -5038029590
0 -5174249708
0 -5310469826
0 -5446689944
0 -5582910062
0 -5719130180
0 -5855350298
0 -5991570416
0 -6121802686
0 -6257889676
0 -6393976666
0 -6530063656
0 -6666150646
0 -6802237636
0 -6938324626
0 -7074411616
0 -7210498606
0 -7346585596
0 -7482672586
0 -7618759576
0 -7754846566
0 -7890933556
0 -8027020546
0 -8153156595
0 -8289077168
0 -8424997741
0 -8560918314
0 -8696838887
0 -8832759460
0 -8968680033
0 -9104600606
0 -9240521179
0 -9376441752
0 -9512362325
0 -9648282898
0 -9784203471
0 -9920124044
0 -10056044617
0 -10191965190
0 -10327885763
0 -10463806336
0 -10599726909
0 -10735647482
0 -10871568055
0 -11007488628
0 -11143409201
0 -11271417329
0 -11407242679
0 -11543068029
0 -11678893379
0 -11814718729
0 -11950544079
0 -12086369429
0 -12222194779
0 -12358020129
0 -12493845479
0 -12629670829
0 -12765496179
0 -12901321529
0 -13037146879
0 -13172972229
0 -13308797579
0 -13444622929
0 -13580448279
0 -13716273629
0 -13852098979
0 -13987924329
0 -14123749679
0 -14259575029
0 -14395400379
0 -14531225729
0 -14667051079
0 -14802876429
0 -14938701779
0 -15074527129
0 -15210352479
0 -15346177829
0 -15482003179
0 -15617828529
0 -15753653879
0 -15889479229
0 -16025304579
0 -16161129929
0 -16296955279
0 -16432780629
0 -16568605979
0 -16704431329
0 -16840256679
0 -16976082029
0 -17111907379
0 -17247732729
0 -17383558079
0 -17519383429
0 -17655208779
0 -17791034129
0 -17926859479
0 -18062684829
0 -18198510179
0 -18334335529
0 -18470160879
0 -18605986229
0 -18741811579
0 -18877636929
0 -18982349880
0 -19117953218
0 -19253556556
0 -19389159894
0 -19524763232
0 -19660366570
0 -19795969908
0 -19931573246
0 -20067176584
0 -20202779922
0 -20338383260
0 -20473986598
0 -20609589936
0 -20745193274
0 -20880796612
0 -21016399950
0 -21152003288
0 -21287606626
0 -21423209964
0 -21558813302
0 -21694416640
0 -21830019978
0 -21965623316
0 -22101226654
0 -22236829992
0 -22372433330
0 -22508036668
0 -22643640006
0 -22779243344
0 -22914846682
0 -23050450020
0 -23186053358
0 -23321656696
0 -23457260034
0 -23592863372
0 -23728466710
0 -23864070048
0 -23999673386
0 -24135276724
0 -24270880062
0 -24406483400
0 -24542086738
0 -24677690076
0 -24813293414
0 -24948896752
0 -25084500090
0 -25220103428
0 -25355706766
0 -25491310104
0 -25626913442
0 -25762516780
0 -25898120118
0 -26033723456
0 -26169326794
0 -26304930132
0 -26440533470
0 -26576136808
0 -26711740146
0 -26847343484
0 -26982946822
0 -27118550160
0 -27254153498
0 -27234217865
0 -27369051117
0 -27503884369
0 -27638717621
0 -27773550873
0 -27908384125
0 -28043217377
0 -28178050629
0 -28312883881
0 -28447717133
0 -28582550385
0 -28717383637
0 -28852216889
0 -28987050141
0 -29121883393
0 -29256716645
0 -29391549897
0 -29526383149
0 -29661216401
0 -29796049653
0 -29930882905
0 -30065716157
0 -30200549409
0 -30335382661
0 -30470215913
0 -30605049165
0 -30739882417
0 -30874715669
0 -31009548921
0 -31144382173
0 -31279215425
0 -31224512536
0 -31358532322
0 -31492552108
0 -31626571894
0 -31760591680
0 -31894611466
0 -32028631252
0 -32162651038
0 -32296670824
0 -32430690610
0 -32564710396
0 -32698730182
0 -32832749968
0 -32966769754
0 -33100789540
0 -33234809326
0 -33368829112
0 -33502848898
0 -33636868684
0 -33770888470
0 -33904908256
0 -34038928042
0 -34172947828
0 -34306967614
0 -34440987400
0 -34575007186
0 -34709026972
0 -34843046758
0 -34977066544
0 -35111086330
0 -35245106116
0 -35379125902
0 -35513145688
0 -35647165474
0 -35781185260
0 -35915205046
0 -36049224832
0 -36183244618
0 -36317264404
0 -36451284190
0 -36585303976
0 -36719323762
0 -36853343548
0 -36987363334
0 -37121383120
0 -37255402906
0 -37389422692
0 -37523442478
0 -37657462264
0 -37791482050
0 -37925501836
0 -38059521622
0 -38193541408
0 -38327561194
0 -38461580980
0 -38595600766
0 -38729620552
0 -38863640338
0 -38997660124
0 -39131679910
0 -39265699696
0 -39399719482
0 -39533739268
0 -39667759054
0 -39801778840
0 -39935798626
0 -40069818412
0 -40203838198
0 -40337857984
0 -40471877770
0 -40605897556
0 -40739917342
0 -40873937128
0 -41007956914
0 -41141976700
0 -41275996486
0 -41410016272
0 -41544036058
0 -41678055844
0 -41812075630
0 -41946095416
0 -42080115202
0 -42214134988
0 -42348154774
0 -42482174560
0 -42616194346
0 -42750214132
0 -42884233918
0 -43018253704
0 -43152273490
0 -43286293276
0 -43420313062
0 -43554332848
0 -43688352634
0 -43822372420
0 -43956392206
0 -44090411992
0 -44224431778
0 -44358451564
0 -44492471350
0 -44626491136
0 -44760510922
0 -44894530708
0 -45028550494
0 -45162570280
0 -45296590066
0 -45430609852
0 -45564629638
0 -45698649424
0 -45832669210
0 -45966688996
0 -46100708782
0 -46234728568
0 -46368748354
0 -46502768140
0 -46636787926
0 -46770807712
0 -46904827498
0 -47038847284
0 -47172867070
0 -47306886856
0 -47440906642
0 -47574926428
0 -47708946214
0 -47842966000
0 -47976985786
0 -48111005572
0 -48245025358
0 -48379045144
0 -48513064930
0 -48647084716
0 -48781104502
0 -48915124288
0 -49049144074
0 -49183163860
0 -49317183646
0 -49451203432
0 -49585223218
0 -49719243004
0 -49853262790
0 -49987282576
0 -50121302362
0 -50255322148
0 -50389341934
0 -50523361720
0 -50657381506
0 -50791401292
0 -50925421078
0 -51059440864
0 -51193460650
0 -51327480436
0 -51461500222
0 -51595520008
0 -51729539794
0 -51863559580
0 -51997579366
0 -52131599152
0 -52265618938
0 -52399638724
0 -52533658510
0 -52667678296
0 -52801698082
0 -52935717868
0 -53069737654
0 -53203757440
0 -53337777226
0 -53471797012
0 -53605816798
0 -53739836584
0 -53873856370
0 -54007876156
0 -54141895942
0 -54275915728
0 -54409935514
0 -54543955300
0 -54677975086
0 -54811994872
0 -54946014658
0 -55080034444
0 -55214054230
0 -55348074016
0 -55482093802
0 -55616113588
0 -55750133374
0 -55884153160
0 -56018172946
0 -56152192732
0 -56286212518
0 -56420232304
0 -56554252090
0 -56688271876
0 -56822291662
0 -56956311448
0 -57090331234
0 -57224351020
0 -57358370806
0 -57492390592
0 -57626410378
0 -57760430164
0 -57894449950
0 -58028469736
0 -58162489522
0 -58296509308
0 -58430529094
0 -58564548880
0 -58698568666
0 -58832588452
0 -58966608238
0 -59100628024
0 -59234647810
0 -59368667596
0 -59502687382
0 -59636707168
0 -59770726954
0 -59904746740
0 -60038766526
0 -60172786312
0 -60306806098
0 -60440825884
0 -60574845670
0 -60708865456
0 -60842885242
0 -60976905028
0 -61110924814
0 -61244944600
0 -61378964386
0 -61512984172
0 -61647003958
0 -61781023744
0 -61915043530
0 -62049063316
0 -62183083102
0 -62317102888
0 -62451122674
0 -62585142460
0 -62719162246
0 -62853182032
0 -62987201818
0 -63121221604
0 -63255241390
0 -63389261176
0 -63523280962
0 -63657300748
0 -63791320534
0 -63925340320
0 -64059360106
0 -64193379892
0 -64327399678
0 -64461419464
0 -64595439250
0 -64729459036
0 -64863478822
0 -64997498608
0 -65131518394
0 -65265538180
0 -65399557966
0 -65533577752
0 -65667597538
0 -65801617324
0 -65935637110
0 -66069656896
0 -66203676682
0 -66337696468
0 -66471716254
0 -66605736040
0 -66739755826
0 -66873775612
0 -67007795398
0 -67141815184
0 -67275834970
0 -67409854756
0 -67543874542
0 -67677894328
0 -67811914114
0 -67945933900
0 -68079953686
0 -68213973472
0 -68347993258
0 -68482013044
0 -68616032830
0 -68750052616
0 -68884072402
0 -69018092188
0 -69152111974
0 -69286131760
0 -69420151546
0 -69554171332
0 -69688191118
0 -69822210904
0 -69956230690
0 -70090250476
0 -70224270262
0 -70358290048
0 -70492309834
0 -70626329620
0 -70760349406
0 -70894369192
0 -71028388978
0 -71162408764
0 -71296428550
0 -71430448336
0 -71564468122
0 -71698487908
0 -71832507694
0 -71966527480
0 -72100547266
0 -72234567052
0 -72368586838
0 -72502606624
0 -72636626410
0 -72770646196
0 -72904665982
0 -73038685768
0 -73172705554
0 -73306725340
0 -73440745126
0 -73574764912
0 -73708784698
0 -73842804484
0 -73976824270
0 -74110844056
0 -74244863842
0 -74378883628
0 -74512903414
0 -74646923200
0 -74780942986
0 -74914962772
0 -75048982558
0 -75183002344
0 -75317022130
0 -75451041916
0 -75585061702
0 -75719081488
0 -75853101274
0 -75987121060
0 -76121140846
0 -76255160632
0 -76389180418
0 -76523200204
0 -76657219990
0 -76791239776
0 -76925259562
0 -77059279348
0 -77193299134
0 -77327318920
0 -77461338706
0 -77595358492
0 -77729378278
0 -77863398064
0 -77997417850
0 -78131437636
0 -78265457422
0 -78399477208
0 -78533496994
0 -78667516780
0 -78801536566
0 -78935556352
0 -79069576138
0 -79203595924
0 -79337615710
0 -79471635496
0 -79605655282
0 -79739675068
0 -79873694854
0 -80007714640
0 -80141734426
0 -80275754212
0 -80409773998
0 -80543793784
0 -80677813570
0 -80811833356
0 -80945853142
0 -81079872928
0 -81213892714
0 -81347912500
0 -81481932286
0 -81615952072
0 -81749971858
0 -81883991644
0 -82018011430
0 -82152031216
0 -82286051002
0 -82420070788
0 -82554090574
0 -82688110360
0 -82822130146
0 -82956149932
0 -83090169718
0 -83224189504
0 -83358209290
0 -83492229076
0 -83626248862
0 -83760268648
0 -83894288434
0 -84028308220
0 -84162328006
0 -84296347792
0 -84430367578
0 -84564387364
0 -84698407150
0 -84832426936
0 -84966446722
0 -85100466508
0 -85234486294
0 -85368506080
0 -85502525866
0 -85636545652
0 -85770565438
0 -85904585224
0 -86038605010
0 -86172624796
0 -86306644582
0 -86440664368
0 -86574684154
0 -86708703940
0 -86842723726
0 -86976743512
0 -87110763298
0 -87244783084
0 -87378802870
0 -87512822656
0 -87646842442
0 -87780862228
0 -87914882014
0 -88048901800
0 -88182921586
0 -88316941372
0 -88450961158
0 -88584980944
0 -88719000730
0 -88853020516
0 -88987040302
0 -89121060088
0 -89255079874
0 -89389099660
0 -89523119446
0 -89657139232
0 -89791159018
0 -89925178804
0 -90059198590
0 -90193218376
0 -90327238162
0 -90461257948
0 -90595277734
0 -90729297520
0 -90863317306
0 -90997337092
0 -91131356878
0 -91265376664
0 -91399396450
0 -91533416236
0 -91667436022
0 -91801455808
0 -91935475594
0 -92069495380
0 -92203515166
0 -92337534952
0 -92471554738
0 -92605574524
0 -92739594310
0 -92873614096
0 -93007633882
0 -93141653668
0 -93275673454
0 -93409693240
0 -93543713026
0 -93677732812
0 -93811752598
0 -93945772384
0 -94079792170
0 -94213811956
0 -94347831742
0 -94481851528
0 -94615871314
0 -94749891100
0 -94883910886
0 -95017930672
0 -95151950458
0 -95285970244
0 -95419990030
0 -95554009816
0 -95688029602
0 -95822049388
0 -95956069174
0 -96090088960
0 -96224108746
0 -96358128532
0 -96492148318
0 -96626168104
0 -96760187890
0 -96894207676
0 -97028227462
0 -97162247248
0 -97296267034
0 -97430286820
0 -97564306606
0 -97698326392
0 -97832346178
0 -97966365964
0 -98100385750
0 -98234405536
0 -98368425322
0 -98502445108
0 -98636464894
0 -98770484680
0 -98904504466
0 -99038524252
0 -99172544038
0 -99306563824
0 -99440583610
0 -99574603396
0 -99708623182
0 -99842642968
0 -99976662754
0 -100110682540
0 -100244702326
0 -100378722112
0 -100512741898
0 -100646761684
0 -100780781470
0 -100914801256
0 -101048821042
0 -101182840828
0 -101316860614
0 -101450880400
0 -101584900186
0 -101718919972
0 -101852939758
0 -101986959544
0 -102120979330
0 -102254999116
0 -102389018902
0 -102523038688
0 -102657058474
0 -102791078260
0 -102925098046
0 -103059117832
0 -103193137618
0 -103327157404
0 -103461177190
0 -103595196976
0 -103729216762
0 -103863236548
0 -103997256334
0 -104131276120
0 -104265295906
0 -104399315692
0 -104533335478
0 -104667355264
0 -104801375050
0 -104935394836
0 -105069414622
0 -105203434408
0 -105337454194
0 -105471473980
0 -105605493766
0 -105739513552
0 -105873533338
0 -106007553124
0 -106141572910
0 -106275592696
0 -106409612482
0 -106543632268
0 -106677652054
0 -106811671840
0 -106945691626
0 -107079711412
0 -107213731198
0 -107347750984
0 -107481770770
0 -107615790556
0 -107749810342
0 -107883830128
0 -108017849914
0 -108151869700
0 -108285889486
0 -108419909272
0 -108553929058
0 -108687948844
0 -108821968630
0 -108955988416
0 -109090008202
0 -109224027988
0 -109358047774
0 -109492067560
0 -109626087346
0 -109760107132
0 -109894126918
0 -110028146704
0 -110162166490
0 -110296186276
0 -110430206062
0 -110564225848
0 -110698245634
0 -110832265420
0 -110966285206
0 -111100304992
0 -111234324778
0 -111368344564
0 -111502364350
0 -111636384136
0 -111770403922
0 -111904423708
0 -112038443494
0 -112172463280
0 -112306483066
0 -112440502852
0 -112574522638
0 -112708542424
0 -112842562210
0 -112976581996
0 -113110601782
0 -113244621568
0 -113378641354
0 -113512661140
0 -113646680926
0 -113780700712
0 -113914720498
0 -114048740284
0 -114182760070
0 -114316779856
0 -114450799642
0 -114584819428
0 -114718839214
0 -114852859000
0 -114986878786
0 -115120898572
0 -115254918358
0 -115388938144
0 -115522957930
0 -115656977716
0 -115790997502
0 -115925017288
0 -116059037074
0 -116193056860
0 -116327076646
0 -116461096432
0 -116595116218
0 -116729136004
0 -116863155790
0 -116997175576
0 -117131195362
0 -117265215148
0 -117399234934
0 -117533254720
0 -117667274506
0 -117801294292
0 -117935314078
0 -118069333864
0 -118203353650
0 -118337373436
0 -118471393222
0 -118605413008
0 -118739432794
0 -118873452580
0 -119007472366
0 -119141492152
0 -119275511938
0 -119409531724
0 -119543551510
0 -119677571296
0 -119811591082
0 -119945610868
0 -120079630654
0 -120213650440
0 -120347670226
0 -120481690012
0 -120615709798
0 -120749729584
0 -120883749370
0 -121017769156
0 -121151788942
0 -121285808728
0 -121419828514
0 -121553848300
0 -121687868086
0 -121821887872
0 -121955907658
0 -122089927444
0 -122223947230
0 -122357967016
0 -122491986802
0 -122626006588
0 -122760026374
0 -122894046160
0 -123028065946
0 -123162085732
0 -123296105518
0 -123430125304
0 -123564145090
0 -123501463184
0 -123635269850
0 -123769076516
0 -123902883182
0 -124036689848
0 -124170496514
0 -124304303180
0 -124438109846
0 -124571916512
0 -124705723178
0 -124839529844
0 -124973336510
0 -125107143176
0 -125240949842
0 -125374756508
0 -125508563174
0 -125642369840
0 -125776176506
0 -125909983172
0 -126043789838
0 -126177596504
0 -126311403170
0 -126445209836
0 -126579016502
0 -126712823168
0 -126846629834
0 -126980436500
0 -127114243166
0 -127248049832
0 -127381856498
0 -127515663164
0 -127649469830
0 -127783276496
0 -127917083162
0 -128050889828
0 -128184696494
0 -128318503160
0 -128452309826
0 -128586116492
0 -128719923158
0 -128853729824
0 -128987536490
0 -129121343156
0 -129255149822
0 -129388956488
0 -129522763154
0 -129656569820
0 -129790376486
0 -129924183152
0 -130057989818
0 -130191796484
0 -130325603150
0 -130459409816
0 -130593216482
0 -130727023148
0 -130860829814
0 -130994636480
0 -131128443146
0 -131262249812
0 -131396056478
0 -131529863144
0 -131663669810
0 -131797476476
0 -131931283142
0 -132065089808
0 -132198896474
0 -132332703140
0 -132466509806
0 -132600316472
0 -132734123138
0 -132867929804
0 -133001736470
0 -133135543136
0 -133269349802
0 -133403156468
0 -133536963134
0 -133670769800
0 -133804576466
0 -133938383132
0 -134072189798
0 -134205996464
0 -134339803130
0 -134473609796
0 -134607416462
0 -134741223128
0 -134875029794
0 -135008836460
0 -135142643126
0 -135276449792
0 -135410256458
0 -135544063124
0 -135677869790
0 -135811676456
0 -135945483122
0 -136079289788
0 -136213096454
0 -136346903120
0 -136480709786
0 -136614516452
0 -136748323118
0 -136882129784
0 -137015936450
0 -137149743116
0 -137283549782
0 -137417356448
0 -137551163114
0 -137684969780
0 -137818776446
0 -137952583112
0 -138086389778
0 -138220196444
0 -138354003110
0 -138487809776
0 -138621616442
0 -138755423108
0 -138889229774
0 -139023036440
0 -139156843106
0 -139290649772
0 -139424456438
0 -139558263104
0 -139692069770
0 -139825876436
0 -139959683102
0 -140093489768
0 -140227296434
0 -140361103100
0 -140494909766
0 -140628716432
0 -140762523098
0 -140896329764
0 -141030136430
0 -141163943096
0 -141297749762
0 -141431556428
0 -141565363094
0 -141699169760
0 -141832976426
0 -141966783092
0 -142100589758
0 -142234396424
0 -142368203090
0 -142502009756
0 -142635816422
0 -142769623088
0 -142903429754
0 -143037236420
0 -143171043086
0 -143304849752
0 -143438656418
0 -143572463084
0 -143706269750
0 -143840076416
0 -143973883082
0 -144107689748
0 -144241496414
0 -144375303080
0 -144509109746
0 -144642916412
0 -144776723078
0 -144910529744
0 -145044336410
0 -145178143076
0 -145311949742
0 -145445756408
0 -145579563074
0 -145713369740
0 -145847176406
0 -145980983072
0 -146114789738
0 -146248596404
0 -146382403070
0 -146516209736
0 -146650016402
0 -146783823068
0 -146917629734
0 -147051436400
0 -147185243066
0 -147319049732
0 -147452856398
0 -147586663064
0 -147720469730
0 -147854276396
0 -147988083062
0 -148121889728
0 -148255696394
0 -148389503060
0 -148523309726
0 -148657116392
0 -148790923058
0 -148924729724
0 -149058536390
0 -149192343056
0 -149326149722
0 -149459956388
0 -149593763054
0 -149727569720
0 -149861376386
0 -149995183052
0 -150128989718
0 -150262796384
0 -150396603050
0 -150530409716
0 -150664216382
0 -150798023048
0 -150931829714
0 -151065636380
0 -151199443046
0 -150830242849
0 -150963604775
0 -151096966701
0 -151230328627
0 -151363690553
0 -151497052479
0 -151630414405
0 -151763776331
0 -151897138257
0 -152030500183
0 -152163862109
0 -152297224035
0 -152430585961
0 -152563947887
0 -152697309813
0 -152830671739
0 -152964033665
0 -153097395591
0 -153230757517
0 -153364119443
0 -153497481369
0 -153630843295
0 -153764205221
0 -153897567147
0 -154030929073
0 -154164290999
0 -154297652925
0 -154431014851
0 -154564376777
0 -154697738703
0 -154831100629
0 -154964462555
0 -155097824481
0 -155231186407
0 -155364548333
0 -155497910259
0 -155631272185
0 -155764634111
0 -155897996037
0 -156031357963
0 -156164719889
0 -156298081815
0 -156431443741
0 -156564805667
0 -156698167593
0 -156831529519
0 -156964891445
0 -157098253371
0 -157231615297
0 -157364977223
0 -157498339149
0 -157631701075
0 -157765063001
0 -157898424927
0 -158031786853
0 -158165148779
0 -158298510705
0 -158431872631
0 -158565234557
0 -158698596483
0 -158831958409
0 -158965320335
0 -159098682261
0 -159232044187
0 -159365406113
0 -159498768039
0 -159632129965
0 -159765491891
0 -159898853817
0 -160032215743
0 -160165577669
0 -160298939595
0 -160432301521
0 -160565663447
0 -160699025373
0 -160832387299
0 -160965749225
0 -161099111151
0 -161232473077
0 -161365835003
0 -161499196929
0 -161632558855
0 -161765920781
0 -161899282707
0 -162032644633
0 -162166006559
0 -162299368485
0 -162432730411
0 -162566092337
0 -162699454263
0 -162832816189
0 -162966178115
0 -163099540041
0 -163232901967
0 -163366263893
0 -163499625819
0 -163632987745
0 -163766349671
0 -163899711597
0 -164033073523
0 -164166435449
0 -164299797375
0 -164433159301
0 -164566521227
0 -164699883153
0 -164833245079
0 -164966607005
0 -165099968931
0 -165233330857
0 -165366692783
0 -165500054709
0 -165633416635
0 -165766778561
0 -165900140487
0 -166033502413
0 -166166864339
0 -166300226265
0 -166433588191
0 -166566950117
0 -166700312043
0 -166833673969
0 -166967035895
0 -167100397821
0 -167233759747
0 -167367121673
0 -167500483599
0 -167633845525
0 -167767207451
0 -167900569377
0 -168033931303
0 -168167293229
0 -168300655155
0 -168434017081
0 -168567379007
0 -168700740933
0 -168834102859
0 -168967464785
0 -169100826711
0 -169234188637
0 -169367550563
0 -169500912489
0 -169634274415
0 -169767636341
0 -169900998267
0 -170034360193
0 -170167722119
0 -170301084045
0 -170434445971
0 -170567807897
0 -170701169823
0 -170834531749
0 -170967893675
0 -171101255601
0 -171234617527
0 -171367979453
0 -171501341379
0 -171634703305
0 -171768065231
0 -171901427157
0 -172034789083
0 -172168151009
0 -172301512935
0 -172434874861
0 -172568236787
0 -172701598713
0 -172834960639
0 -172968322565
0 -173101684491
0 -173235046417
0 -173368408343
0 -173501770269
0 -173635132195
0 -173768494121
0 -173901856047
0 -174035217973
0 -174168579899
0 -174301941825
0 -174435303751
0 -174568665677
0 -174702027603
0 -174835389529
0 -174968751455
0 -175102113381
0 -175235475307
0 -175368837233
0 -175502199159
0 -175635561085
0 -175768923011
0 -175902284937
0 -176035646863
0 -176169008789
0 -176302370715
0 -176435732641
0 -176569094567
0 -176702456493
0 -176835818419
0 -176969180345
0 -177102542271
0 -177235904197
0 -177369266123
0 -177502628049
0 -177635989975
0 -177769351901
0 -177902713827
0 -178036075753
0 -178169437679
0 -178302799605
0 -178436161531
0 -178569523457
0 -178702885383
0 -178836247309
0 -178969609235
0 -179102971161
0 -179236333087
0 -179369695013
0 -179503056939
0 -179636418865
0 -179769780791
0 -179903142717
0 -180036504643
0 -180169866569
0 -180303228495
0 -180436590421
0 -180569952347
0 -180703314273
0 -180836676199
0 -180970038125
0 -181103400051
0 -181236761977
0 -181370123903
0 -181503485829
0 -181636847755
0 -181770209681
0 -181903571607
0 -182036933533
0 -182170295459
0 -182303657385
0 -182437019311
0 -182570381237
0 -182703743163
0 -182837105089
0 -182970467015
0 -183103828941
0 -183237190867
0 -183370552793
0 -183503914719
0 -183637276645
0 -183770638571
0 -183904000497
0 -184037362423
0 -184170724349
0 -184304086275
0 -184437448201
0 -184570810127
0 -184704172053
0 -184837533979
0 -184970895905
0 -185104257831
0 -185237619757
0 -185370981683
0 -185504343609
0 -185637705535
0 -185771067461
0 -185904429387
0 -186037791313
0 -186171153239
0 -186304515165
0 -186437877091
0 -186571239017
0 -186704600943
0 -186837962869
0 -186971324795
0 -187104686721
0 -187238048647
0 -187371410573
0 -187504772499
0 -187638134425
0 -187771496351
0 -187904858277
0 -188038220203
0 -188171582129
0 -188304944055
0 -188438305981
0 -188571667907
0 -188705029833
0 -188838391759
0 -188971753685
0 -189105115611
0 -189238477537
0 -189371839463
0 -189505201389
0 -189638563315
0 -189771925241
0 -189905287167
0 -190038649093
0 -190172011019
0 -190305372945
0 -190438734871
0 -190572096797
0 -190705458723
0 -190838820649
0 -190972182575
0 -191105544501
0 -191238906427
0 -191372268353
0 -191505630279
0 -191638992205
0 -191772354131
0 -191905716057
0 -192039077983
0 -192172439909
0 -192305801835
0 -192439163761
0 -192572525687
0 -192705887613
0 -192839249539
0 -192972611465
0 -193105973391
0 -193239335317
0 -193372697243
0 -193506059169
0 -193639421095
0 -193772783021
0 -193906144947
0 -194039506873
0 -194172868799
0 -194306230725
0 -194439592651
0 -194572954577
0 -194706316503
0 -194839678429
0 -194973040355
0 -195106402281
0 -195239764207
0 -195373126133
0 -195506488059
0 -195639849985
0 -195773211911
0 -195906573837
0 -196039935763
0 -196173297689
0 -196306659615
0 -196440021541
0 -196573383467
0 -196706745393
0 -196840107319
0 -196973469245
0 -197106831171
0 -197240193097
0 -197373555023
0 -197506916949
0 -197640278875
0 -197773640801
0 -197907002727
0 -198040364653
0 -198173726579
0 -198307088505
0 -198440450431
0 -198573812357
0 -198707174283
0 -198840536209
0 -198973898135
0 -199107260061
0 -199240621987
0 -199373983913
0 -199507345839
0 -199640707765
0 -199774069691
0 -199907431617
0 -200040793543
0 -200174155469
0 -200307517395
0 -200440879321
0 -200574241247
0 -200707603173
0 -200840965099
0 -200974327025
0 -201107688951
0 -201241050877
0 -201374412803
0 -201507774729
0 -201641136655
0 -201774498581
0 -201907860507
0 -202041222433
0 -202174584359
0 -202307946285
0 -202441308211
0 -202574670137
0 -202708032063
0 -202841393989
0 -202974755915
0 -203108117841
0 -203241479767
0 -203374841693
0 -203508203619
0 -203641565545
0 -203774927471
0 -203908289397
0 -204041651323
0 -204175013249
0 -204308375175
0 -204441737101
0 -204575099027
0 -204708460953
0 -204841822879
0 -204975184805
0 -205108546731
0 -205241908657
0 -205375270583
0 -205508632509
0 -205641994435
0 -205775356361
0 -205908718287
0 -206042080213
0 -206175442139
0 -206308804065
0 -206442165991
0 -206575527917
0 -206708889843
0 -206842251769
0 -206975613695
0 -207108975621
0 -207242337547
0 -207375699473
0 -207509061399
0 -207642423325
0 -207775785251
0 -207909147177
0 -208042509103
0 -208175871029
0 -208309232955
0 -208442594881
0 -208575956807
0 -208709318733
0 -208842680659
0 -208976042585
0 -209109404511
0 -209242766437
0 -209376128363
0 -209509490289
0 -209642852215
0 -209776214141
0 -209909576067
0 -210042937993
0 -210176299919
0 -210309661845
0 -210443023771
0 -210576385697
0 -210709747623
0 -210843109549
0 -210976471475
0 -211109833401
0 -211243195327
0 -211376557253
0 -211509919179
0 -211643281105
0 -211776643031
0 -211910004957
0 -212043366883
0 -212176728809
0 -212310090735
0 -212443452661
0 -212576814587
0 -212710176513
0 -212843538439
0 -212976900365
0 -213110262291
0 -213243624217
0 -213376986143
0 -213510348069
0 -213643709995
0 -213777071921
0 -213910433847
0 -214043795773
0 -214177157699
0 -214310519625
0 -214443881551
0 -214577243477
0 -214710605403
0 -214843967329
0 -214977329255
0 -215110691181
0 -215244053107
0 -215377415033
0 -215510776959
0 -215644138885
0 -215777500811
0 -215910862737
0 -216044224663
0 -216177586589
0 -216310948515
0 -216444310441
0 -216577672367
0 -216711034293
0 -216844396219
0 -216977758145
0 -217111120071
0 -217244481997
0 -217377843923
0 -217511205849
0 -217644567775
0 -217777929701
0 -217911291627
0 -218044653553
0 -218178015479
0 -218311377405
0 -218444739331
0 -218578101257
0 -218711463183
0 -218844825109
0 -218978187035
0 -219111548961
0 -219244910887
0 -219378272813
0 -219511634739
0 -219644996665
0 -219778358591
0 -219911720517
0 -220045082443
0 -220178444369
0 -220311806295
0 -220445168221
0 -220578530147
0 -220711892073
0 -220845253999
0 -220978615925
0 -221111977851
0 -221245339777
0 -221378701703
0 -221512063629
0 -221645425555
0 -221778787481
0 -221912149407
0 -222045511333
0 -222178873259
0 -222312235185
0 -222445597111
0 -222578959037
0 -222712320963
0 -222845682889
0 -222979044815
0 -223112406741
0 -223245768667
0 -223379130593
0 -223512492519
0 -223645854445
0 -223779216371
0 -223912578297
0 -224045940223
0 -224179302149
0 -224312664075
0 -224446026001
0 -224579387927
0 -224712749853
0 -224846111779
0 -224979473705
0 -225112835631
0 -225246197557
0 -225379559483
0 -225512921409
0 -225646283335
0 -225779645261
0 -225913007187
0 -226046369113
0 -226179731039
0 -226313092965
0 -226446454891
0 -226579816817
0 -226713178743
0 -226846540669
0 -226979902595
0 -227113264521
0 -227246626447
0 -227379988373
0 -227513350299
0 -227646712225
0 -227780074151
0 -227913436077
0 -228046798003
0 -228180159929
0 -228313521855
0 -228446883781
0 -228580245707
0 -228713607633
0 -228846969559
0 -228980331485
0 -229113693411
0 -229247055337
0 -229380417263
0 -229513779189
0 -229647141115
0 -229780503041
0 -229913864967
0 -230047226893
0 -230180588819
0 -230313950745
0 -230447312671
0 -230580674597
0 -230714036523
0 -230847398449
0 -230980760375
0 -231114122301
0 -231247484227
0 -231380846153
0 -231514208079
0 -231647570005
0 -231780931931
0 -231914293857
0 -232047655783
0 -232181017709
0 -232314379635
0 -232447741561
0 -232581103487
0 -232714465413
0 -232847827339
0 -232981189265
0 -233114551191
0 -233247913117
0 -233381275043
0 -233514636969
0 -233647998895
0 -233781360821
0 -233914722747
0 -234048084673
0 -234181446599
0 -234314808525
0 -234448170451
0 -234581532377
0 -234714894303
0 -234848256229
0 -234981618155
0 -235114980081
0 -235248342007
0 -235381703933
0 -235515065859
0 -235648427785
0 -235781789711
0 -235915151637
0 -236048513563
0 -236181875489
0 -236315237415
0 -236448599341
0 -236581961267
0 -236715323193
0 -236848685119
0 -236982047045
0 -237115408971
0 -237248770897
0 -237382132823
0 -237515494749
0 -237648856675
0 -237782218601
0 -237915580527
0 -238048942453
0 -238182304379
0 -238315666305
0 -238449028231
0 -238582390157
0 -238715752083
0 -238849114009
0 -238982475935
0 -239115837861
0 -239249199787
0 -239382561713
0 -239515923639
0 -239649285565
0 -239782647491
0 -239916009417
0 -240049371343
0 -240182733269
0 -240316095195
0 -240449457121
0 -240582819047
0 -240716180973
0 -240849542899
0 -240982904825
0 -241116266751
0 -241249628677
0 -241382990603
0 -241516352529
0 -241649714455
0 -241783076381
0 -241916438307
0 -242049800233
0 -242183162159
0 -242316524085
0 -242449886011
0 -242583247937
0 -242716609863
0 -242849971789
0 -242983333715
0 -243116695641
0 -243250057567
0 -243383419493
0 -243516781419
0 -243650143345
0 -243783505271
0 -243916867197
0 -244050229123
0 -244183591049
0 -244316952975
0 -244450314901
0 -244583676827
0 -244717038753
0 -244850400679
0 -244983762605
0 -245117124531
0 -245250486457
0 -245383848383
0 -245517210309
0 -245650572235
0 -245783934161
0 -245917296087
0 -246050658013
0 -246184019939
0 -246317381865
0 -246450743791
0 -246584105717
0 -246717467643
0 -246850829569
0 -246984191495
0 -247117553421
0 -247250915347
0 -247384277273
0 -247517639199
0 -247651001125
0 -247784363051
0 -247917724977
0 -248051086903
0 -248184448829
0 -248317810755
0 -248451172681
0 -248584534607
0 -248717896533
0 -248851258459
0 -248984620385
0 -249117982311
0 -249251344237
0 -249384706163
0 -249518068089
0 -249651430015
0 -249784791941
0 -249918153867
0 -250051515793
0 -250184877719
0 -250318239645
0 -250451601571
0 -250584963497
0 -250718325423
0 -250851687349
0 -250985049275
0 -251118411201
0 -251251773127
0 -251385135053
0 -251518496979
0 -251651858905
0 -251785220831
0 -251918582757
0 -252051944683
0 -252185306609
0 -252318668535
0 -252452030461
0 -252585392387
0 -252718754313
0 -252852116239
0 -252985478165
0 -253118840091
0 -253252202017
0 -253385563943
0 -253518925869
0 -253652287795
0 -253785649721
0 -253919011647
0 -254052373573
0 -254185735499
0 -254319097425
0 -254452459351
0 -254585821277
0 -254719183203
0 -254852545129
0 -254985907055
0 -255119268981
0 -255252630907
0 -255385992833
0 -255519354759
0 -255652716685
0 -255786078611
0 -255919440537
0 -256052802463
0 -256186164389
0 -256319526315
0 -256452888241
0 -256586250167
0 -256719612093
0 -256852974019
0 -256986335945
0 -257119697871
0 -257253059797
0 -257386421723
0 -257519783649
0 -257653145575
0 -257786507501
0 -257919869427
0 -258053231353
0 -258186593279
0 -258319955205
0 -258453317131
0 -258586679057
0 -258720040983
0 -258853402909
0 -258986764835
0 -259120126761
0 -259253488687
0 -259386850613
0 -259520212539
0 -259653574465
0 -259786936391
0 -259920298317
0 -260053660243
0 -260187022169
0 -260320384095
0 -260453746021
0 -260587107947
0 -260720469873
0 -260853831799
0 -260987193725
0 -261120555651
0 -261253917577
0 -261387279503
0 -261520641429
0 -261654003355
0 -261787365281
0 -261920727207
0 -262054089133
0 -262187451059
0 -262320812985
0 -262454174911
0 -262587536837
0 -262720898763
0 -262854260689
0 -262987622615
0 -263120984541
0 -263254346467
0 -263387708393
0 -263521070319
0 -263654432245
0 -263787794171
0 -263921156097
0 -264054518023
0 -264187879949
0 -264321241875
0 -264244815028
0 -264378071166
0 -264511327304
0 -264644583442
0 -264777839580
0 -264911095718
0 -265044351856
0 -265177607994
0 -265310864132
0 -265444120270
0 -265577376408
0 -265710632546
0 -265843888684
0 -265977144822
0 -266110400960
0 -266243657098
0 -266376913236
0 -266510169374
0 -266643425512
0 -266776681650
0 -266909937788
0 -267043193926
0 -267176450064
0 -267309706202
0 -267442962340
0 -267576218478
0 -267709474616
0 -267842730754
0 -267975986892
0 -268109243030
0 -268242499168
0 -268375755306
0 -268509011444
0 -268642267582
0 -268775523720
0 -268908779858
0 -269042035996
0 -269175292134
0 -269308548272
0 -269441804410
0 -269575060548
0 -269708316686
0 -269841572824
0 -269974828962
0 -270108085100
0 -270241341238
0 -270374597376
0 -270507853514
0 -270641109652
0 -270774365790
0 -270907621928
0 -271040878066
0 -271174134204
0 -271307390342
0 -271440646480
0 -271573902618
0 -271707158756
0 -271840414894
0 -271973671032
0 -272106927170
0 -272240183308
0 -272373439446
0 -272506695584
0 -272639951722
0 -272773207860
0 -272906463998
0 -273039720136
0 -273172976274
0 -273306232412
0 -273439488550
0 -273572744688
0 -273706000826
0 -273839256964
0 -273972513102
0 -274105769240
0 -274239025378
0 -274372281516
0 -274505537654
0 -274638793792
0 -274772049930
0 -274905306068
0 -275038562206
0 -275171818344
0 -275305074482
0 -275438330620
0 -275571586758
0 -275704842896
0 -275838099034
0 -275971355172
0 -276104611310
0 -276237867448
0 -276371123586
0 -276504379724
0 -276637635862
0 -276770892000
0 -276904148138
0 -277037404276
0 -277170660414
0 -277303916552
0 -277437172690
0 -277570428828
0 -277703684966
0 -277836941104
0 -277970197242
0 -278103453380
0 -278236709518
0 -278369965656
0 -278503221794
0 -278636477932
0 -278769734070
0 -278902990208
0 -279036246346
0 -279169502484
0 -279302758622
0 -279436014760
0 -279569270898
0 -279702527036
0 -279835783174
0 -279969039312
0 -280102295450
0 -280235551588
0 -280368807726
0 -280502063864
0 -280635320002
0 -280768576140
0 -280901832278
0 -281035088416
0 -281168344554
0 -281301600692
0 -281434856830
0 -281568112968
0 -281701369106
0 -281834625244
0 -281967881382
0 -282101137520
0 -282234393658
0 -282367649796
0 -282500905934
0 -282634162072
0 -282767418210
0 -282900674348
0 -283033930486
0 -283167186624
0 -283300442762
0 -283433698900
0 -283566955038
0 -283700211176
0 -283833467314
0 -283966723452
0 -284099979590
0 -284233235728
0 -284366491866
0 -284499748004
0 -284633004142
0 -284766260280
0 -284899516418
0 -285032772556
0 -285166028694
0 -285299284832
0 -285432540970
0 -285565797108
0 -285699053246
0 -285832309384
0 -285965565522
0 -286098821660
0 -286232077798
0 -286365333936
0 -286498590074
0 -286631846212
0 -286765102350
0 -286898358488
0 -287031614626
0 -287164870764
0 -287298126902
0 -287431383040
0 -287564639178
0 -287697895316
0 -287831151454
0 -287964407592
0 -288097663730
0 -288230919868
0 -288364176006
0 -288497432144
0 -288630688282
0 -288763944420
0 -288897200558
0 -289030456696
0 -289163712834
0 -289296968972
0 -289430225110
0 -289563481248
0 -289696737386
0 -289829993524
0 -289963249662
0 -290096505800
0 -290229761938
0 -290363018076
0 -290496274214
0 -290629530352
0 -290762786490
0 -290896042628
0 -291029298766
0 -291162554904
0 -291295811042
0 -291429067180
0 -291562323318
0 -291695579456
0 -291828835594
0 -291962091732
0 -292095347870
0 -292228604008
0 -292361860146
0 -292495116284
0 -292628372422
0 -292761628560
0 -292894884698
0 -293028140836
0 -293161396974
0 -293294653112
0 -293427909250
0 -293561165388
0 -293694421526
0 -293827677664
0 -293960933802
0 -294094189940
0 -294227446078
0 -294360702216
0 -294493958354
0 -294627214492
0 -294760470630
0 -294893726768
0 -295026982906
0 -295160239044
0 -295293495182
0 -294818321089
0 -294951302791
0 -295084284493
0 -295217266195
0 -295350247897
0 -295483229599
0 -295616211301
0 -295749193003
0 -295882174705
0 -296015156407
0 -296148138109
0 -296281119811
0 -296414101513
0 -296547083215
0 -296680064917
0 -296813046619
0 -296946028321
0 -297079010023
0 -297211991725
0 -297344973427
0 -297477955129
0 -297610936831
0 -297743918533
0 -297876900235
0 -298009881937
0 -298142863639
0 -298275845341
0 -298408827043
0 -298541808745
0 -298674790447
0 -298807772149
0 -298940753851
0 -299073735553
0 -299206717255
0 -299339698957
0 -299472680659
0 -299605662361
0 -299738644063
0 -299871625765
0 -300004607467
0 -300137589169
0 -300270570871
0 -300403552573
0 -300536534275
0 -300669515977
0 -300802497679
0 -300935479381
0 -301068461083
0 -301201442785
0 -301334424487
0 -301467406189
0 -301600387891
0 -301733369593
0 -301866351295
0 -301999332997
0 -302132314699
0 -302265296401
0 -302398278103
0 -302531259805
0 -302664241507
0 -302797223209
0 -302930204911
0 -303063186613
0 -303196168315
0 -303329150017
0 -303462131719
0 -303595113421
0 -303728095123
0 -303861076825
0 -303994058527
0 -304127040229
0 -304260021931
0 -304393003633
0 -304525985335
0 -304658967037
0 -304791948739
0 -304924930441
0 -305057912143
0 -305190893845
0 -305323875547
0 -305456857249
0 -305589838951
0 -305722820653
0 -305855802355
0 -305988784057
0 -306121765759
0 -306254747461
0 -306387729163
0 -306520710865
0 -306653692567
0 -306786674269
0 -306919655971
0 -307052637673
0 -307185619375
0 -307318601077
0 -307451582779
0 -307584564481
0 -307717546183
0 -307850527885
0 -307983509587
0 -308116491289
0 -308249472991
0 -308382454693
0 -308515436395
0 -308648418097
0 -308781399799
0 -308914381501
0 -309047363203
0 -309180344905
0 -309313326607
0 -309446308309
0 -309579290011
0 -309712271713
0 -309845253415
0 -309978235117
0 -310111216819
0 -310244198521
0 -310377180223
0 -310510161925
0 -310643143627
0 -310776125329
0 -310909107031
0 -311042088733
0 -311175070435
0 -311308052137
0 -311441033839
0 -311574015541
0 -311706997243
0 -311839978945
0 -311972960647
0 -312105942349
0 -312238924051
0 -312371905753
0 -312504887455
0 -312637869157
0 -312770850859
0 -312903832561
0 -313036814263
0 -313169795965
0 -313302777667
0 -313435759369
0 -313568741071
0 -313701722773
0 -313834704475
0 -313967686177
0 -314100667879
0 -314233649581
0 -314366631283
0 -314499612985
0 -314632594687
0 -314765576389
0 -314898558091
0 -315031539793
0 -315164521495
0 -315297503197
0 -315430484899
0 -315563466601
0 -315696448303
0 -315829430005
0 -315962411707
0 -316095393409
0 -316228375111
0 -316361356813
0 -316494338515
0 -316627320217
0 -316760301919
0 -316893283621
0 -317026265323
0 -317159247025
0 -317292228727
0 -317425210429
0 -317558192131
0 -317691173833
0 -317824155535
0 -317957137237
0 -318090118939
0 -318223100641
0 -318356082343
0 -318489064045
0 -318622045747
0 -318755027449
0 -318888009151
0 -319020990853
0 -319153972555
0 -319286954257
0 -319419935959
0 -319552917661
0 -319685899363
0 -319818881065
0 -319951862767
0 -320084844469
0 -320217826171
0 -320350807873
0 -320483789575
0 -320616771277
0 -320749752979
0 -320882734681
0 -321015716383
0 -321148698085
0 -321281679787
0 -321414661489
0 -321547643191
0 -321680624893
0 -321813606595
0 -321946588297
0 -322079569999
0 -322212551701
0 -322345533403
0 -322478515105
0 -322611496807
0 -322744478509
0 -322877460211
0 -323010441913
0 -323143423615
0 -323276405317
0 -323409387019
0 -323542368721
0 -323675350423
0 -323808332125
0 -323941313827
0 -324074295529
0 -324207277231
0 -324340258933
0 -324473240635
0 -324606222337
0 -324739204039
0 -324872185741
0 -325005167443
0 -325138149145
0 -325271130847
0 -325404112549
0 -325537094251
0 -325670075953
0 -325803057655
