0
0 -137506068
0 -274701973
0 -413120253
0 -551538533
0 -689956813
0 -828375093
0 -966793373
0 -1101777441
0 -1231265116
0 -1368307361
0 -1505349606
0 -1642391851
0 -1779434096
0 -1914368264
0 -2051259011
0 -2188149758
0 -2325040505
0 -2461931252
0 -2585800975
0 -2722007460
0 -2858213945
0 -2994420430
0 -3130626915
0 -3266833400
0 -3403039885
0 -3539246370
0 -3675452855
0 -3811659340
0 -3947865825
0 -4084072310
0 -4220278795
0 -4356485280
0 -4492691765
0 -4628898250
0 -4765104735
0 -4901311220
0 -5037517705
0 -5173724190
0 -5309930675
0 -5446137160
0 -5582343645
0 -5718550130
0 -5854756615
0 -5990963100
0 -6127169585
0 -6263376070
0 -6399582555
0 -6515425416
0 -6651207414
0 -6786989412
0 -6922771410
0 -7058553408
0 -7194335406
0 -7330117404
0 -7465899402
0 -7601681400
0 -7737463398
0 -7873245396
0 -8009027394
0 -8144809392
0 -8280591390
0 -8416373388
0 -8552155386
0 -8687937384
0 -8823719382
0 -8959501380
0 -9095283378
0 -9231065376
0 -9366847374
0 -9502629372
0 -9638411370
0 -9774193368
0 -9909975366
0 -10045757364
0 -10181539362
0 -10317321360
0 -10453103358
0 -10588885356
0 -10724667354
0 -10860449352
0 -10996231350
0 -11132013348
0 -11267795346
0 -11403577344
0 -11539359342
0 -11675141340
0 -11810923338
0 -11946705336
0 -12082487334
0 -12218269332
0 -12354051330
0 -12489833328
0 -12625615326
0 -12761397324
0 -12897179322
0 -13032961320
0 -13168743318
0 -13304525316
0 -13440307314
0 -13576089312
0 -13711871310
0 -13847653308
0 -13983435306
0 -14119217304
0 -14254999302
0 -14390781300
0 -14526563298
0 -14662345296
0 -14798127294
0 -14933909292
0 -15069691290
0 -15205473288
0 -15341255286
0 -15477037284
0 -15612819282
0 -15748601280
0 -15884383278
0 -16020165276
0 -16155947274
0 -16291729272
0 -16427511270
0 -16563293268
0 -16699075266
0 -16834857264
0 -16970639262
0 -17106421260
0 -17242203258
0 -17377985256
0 -17513767254
0 -17649549252
0 -17785331250
0 -17921113248
0 -18056895246
0 -18192677244
0 -18328459242
0 -18419827442
0 -18555282680
0 -18690737918
0 -18826193156
0 -18961648394
0 -19097103632
0 -19232558870
0 -19368014108
0 -19503469346
0 -19638924584
0 -19774379822
0 -19909835060
0 -20045290298
0 -20180745536
0 -20316200774
0 -20451656012
0 -20587111250
0 -20722566488
0 -20858021726
0 -20993476964
0 -21128932202
0 -21264387440
0 -21399842678
0 -21535297916
0 -21670753154
0 -21806208392
0 -21941663630
0 -22077118868
0 -22212574106
0 -22348029344
0 -22483484582
0 -22618939820
0 -22754395058
0 -22889850296
0 -23025305534
0 -23160760772
0 -23296216010
0 -23431671248
0 -23567126486
0 -23702581724
0 -23838036962
0 -23973492200
0 -24108947438
0 -24244402676
0 -24379857914
0 -24515313152
0 -24650768390
0 -24786223628
0 -24921678866
0 -25057134104
0 -25192589342
0 -25328044580
0 -25463499818
0 -25598955056
0 -25734410294
0 -25869865532
0 -26005320770
0 -26140776008
0 -26276231246
0 -26411686484
0 -26547141722
0 -26682596960
0 -26791386317
0 -26926706997
0 -27062027677
0 -27197348357
0 -27332669037
0 -27467989717
0 -27603310397
0 -27738631077
0 -27873951757
0 -28009272437
0 -28144593117
0 -28279913797
0 -28415234477
0 -28550555157
0 -28685875837
0 -28821196517
0 -28956517197
0 -29091837877
0 -29227158557
0 -29362479237
0 -29497799917
0 -29633120597
0 -29768441277
0 -29903761957
0 -30039082637
0 -30174403317
0 -30309723997
0 -30445044677
0 -30580365357
0 -30715686037
0 -30851006717
0 -30986327397
0 -31121648077
0 -31256968757
0 -31392289437
0 -31527610117
0 -31662930797
0 -31798251477
0 -31933572157
0 -32068892837
0 -32204213517
0 -32339534197
0 -32474854877
0 -32610175557
0 -32745496237
0 -32880816917
0 -33016137597
0 -33151458277
0 -33286778957
0 -33422099637
0 -33557420317
0 -33692740997
0 -33828061677
0 -33963382357
0 -34098703037
0 -34234023717
0 -34369344397
0 -34504665077
0 -34639985757
0 -34775306437
0 -34910627117
0 -35045947797
0 -35181268477
0 -35316589157
0 -35451909837
0 -35587230517
0 -35722551197
0 -35857871877
0 -35993192557
0 -36128513237
0 -36263833917
0 -36399154597
0 -36534475277
0 -36669795957
0 -36805116637
0 -36940437317
0 -37075757997
0 -37211078677
0 -37346399357
0 -37481720037
0 -37617040717
0 -37752361397
0 -37887682077
0 -38023002757
0 -38158323437
0 -38293644117
0 -38428964797
0 -38564285477
0 -38699606157
0 -38834926837
0 -38970247517
0 -39105568197
0 -39240888877
0 -39376209557
0 -39511530237
0 -39646850917
0 -39782171597
0 -39917492277
0 -40052812957
0 -40188133637
0 -40323454317
0 -40458774997
0 -40594095677
0 -40729416357
0 -40864737037
0 -41000057717
0 -41135378397
0 -41270699077
0 -41406019757
0 -41541340437
0 -41676661117
0 -41811981797
0 -41947302477
0 -42082623157
0 -42217943837
0 -42353264517
0 -42488585197
0 -42623905877
0 -42759226557
0 -42894547237
0 -43029867917
0 -43165188597
0 -43300509277
0 -43435829957
0 -43571150637
0 -43706471317
0 -43841791997
0 -43977112677
0 -44112433357
0 -44247754037
0 -44383074717
0 -44518395397
0 -44653716077
0 -44789036757
0 -44924357437
0 -45059678117
0 -45194998797
0 -45330319477
0 -45465640157
0 -45600960837
0 -45736281517
0 -45399473822
0 -45533401760
0 -45667329698
0 -45801257636
0 -45935185574
0 -46069113512
0 -46203041450
0 -46336969388
0 -46470897326
0 -46604825264
0 -46738753202
0 -46872681140
0 -47006609078
0 -47140537016
0 -47274464954
0 -47408392892
0 -47542320830
0 -47676248768
0 -47810176706
0 -47944104644
0 -48078032582
0 -48211960520
0 -48345888458
0 -48479816396
0 -48613744334
0 -48747672272
0 -48881600210
0 -49015528148
0 -49149456086
0 -49283384024
0 -49417311962
0 -49551239900
0 -49685167838
0 -49819095776
0 -49953023714
0 -50086951652
0 -50220879590
0 -50354807528
0 -50488735466
0 -50622663404
0 -50756591342
0 -50890519280
0 -51024447218
0 -51158375156
0 -51292303094
0 -51426231032
0 -51560158970
0 -51694086908
0 -51828014846
0 -51961942784
0 -52095870722
0 -52229798660
0 -52363726598
0 -52497654536
0 -52631582474
0 -52765510412
0 -52899438350
0 -53033366288
0 -53167294226
0 -53301222164
0 -53435150102
0 -53569078040
0 -53703005978
0 -53836933916
0 -53970861854
0 -54104789792
0 -54238717730
0 -54372645668
0 -54506573606
0 -54640501544
0 -54774429482
0 -54908357420
0 -55042285358
0 -55176213296
0 -55310141234
0 -55444069172
0 -55577997110
0 -55711925048
0 -55845852986
0 -55979780924
0 -56113708862
0 -56247636800
0 -56381564738
0 -56515492676
0 -56649420614
0 -56783348552
0 -56917276490
0 -57051204428
0 -57185132366
0 -57319060304
0 -57452988242
0 -57586916180
0 -57720844118
0 -57854772056
0 -57988699994
0 -58122627932
0 -58256555870
0 -58390483808
0 -58524411746
0 -58658339684
0 -58792267622
0 -58926195560
0 -59060123498
0 -59194051436
0 -59327979374
0 -59461907312
0 -59595835250
0 -59729763188
0 -59863691126
0 -59997619064
0 -60131547002
0 -60265474940
0 -60399402878
0 -60533330816
0 -60667258754
0 -60801186692
0 -60935114630
0 -61069042568
0 -61202970506
0 -61336898444
0 -61470826382
0 -61604754320
0 -61738682258
0 -61872610196
0 -62006538134
0 -62140466072
0 -62274394010
0 -62408321948
0 -62542249886
0 -62676177824
0 -62810105762
0 -62944033700
0 -63077961638
0 -63211889576
0 -63345817514
0 -63479745452
0 -63613673390
0 -63747601328
0 -63881529266
0 -64015457204
0 -64149385142
0 -64283313080
0 -64417241018
0 -64551168956
0 -64685096894
0 -64819024832
0 -64952952770
0 -65086880708
0 -65220808646
0 -65354736584
0 -65488664522
0 -65622592460
0 -65756520398
0 -65890448336
0 -66024376274
0 -66158304212
0 -66292232150
0 -66426160088
0 -66560088026
0 -66694015964
0 -66827943902
0 -66961871840
0 -67095799778
0 -67229727716
0 -67363655654
0 -67497583592
0 -67631511530
0 -67765439468
0 -67899367406
0 -68033295344
0 -68167223282
0 -68301151220
0 -68435079158
0 -68569007096
0 -68702935034
0 -68836862972
0 -68970790910
0 -69104718848
0 -69238646786
0 -69372574724
0 -69506502662
0 -69640430600
0 -69774358538
0 -69908286476
0 -70042214414
0 -70176142352
0 -70310070290
0 -70443998228
0 -70577926166
0 -70711854104
0 -70845782042
0 -70979709980
0 -71113637918
0 -71247565856
0 -71381493794
0 -71515421732
0 -71649349670
0 -71783277608
0 -71917205546
0 -72051133484
0 -72185061422
0 -72318989360
0 -72452917298
0 -72586845236
0 -72720773174
0 -72854701112
0 -72988629050
0 -73122556988
0 -73256484926
0 -73390412864
0 -73524340802
0 -73658268740
0 -73792196678
0 -73926124616
0 -74060052554
0 -74193980492
0 -74327908430
0 -74461836368
0 -74595764306
0 -74729692244
0 -74863620182
0 -74997548120
0 -75131476058
0 -75265403996
0 -75399331934
0 -75533259872
0 -75667187810
0 -75801115748
0 -75935043686
0 -76068971624
0 -76202899562
0 -76336827500
0 -76470755438
0 -76604683376
0 -76738611314
0 -76872539252
0 -77006467190
0 -77140395128
0 -77274323066
0 -77408251004
0 -77542178942
0 -77676106880
0 -77810034818
0 -77943962756
0 -78077890694
0 -78080728225
0 -78214431695
0 -78348135165
0 -78481838635
0 -78615542105
0 -78749245575
0 -78882949045
0 -79016652515
0 -79150355985
0 -79284059455
0 -79417762925
0 -79551466395
0 -79685169865
0 -79818873335
0 -79952576805
0 -80086280275
0 -80219983745
0 -80353687215
0 -80487390685
0 -80621094155
0 -80754797625
0 -80888501095
0 -81022204565
0 -81155908035
0 -81289611505
0 -81423314975
0 -81557018445
0 -81690721915
0 -81824425385
0 -81958128855
0 -82091832325
0 -82225535795
0 -82359239265
0 -82492942735
0 -82626646205
0 -82760349675
0 -82894053145
0 -83027756615
0 -83161460085
0 -83295163555
0 -83428867025
0 -83562570495
0 -83696273965
0 -83829977435
0 -83963680905
0 -84097384375
0 -84231087845
0 -84364791315
0 -84498494785
0 -84632198255
0 -84765901725
0 -84899605195
0 -85033308665
0 -85167012135
0 -85300715605
0 -85434419075
0 -85568122545
0 -85701826015
0 -85835529485
0 -85396209268
0 -85529021461
0 -85661833654
0 -85794645847
0 -85927458040
0 -86060270233
0 -86193082426
0 -86325894619
0 -86458706812
0 -86591519005
0 -86724331198
0 -86857143391
0 -86989955584
0 -87122767777
0 -87255579970
0 -87388392163
0 -87521204356
0 -87654016549
0 -87786828742
0 -87919640935
0 -88052453128
0 -88185265321
0 -88318077514
0 -88450889707
0 -88583701900
0 -88716514093
0 -88849326286
0 -88982138479
0 -89114950672
0 -89247762865
0 -89380575058
0 -89513387251
0 -89646199444
0 -89779011637
0 -89911823830
0 -90044636023
0 -90177448216
0 -90310260409
0 -90443072602
0 -90575884795
0 -90708696988
0 -90841509181
0 -90974321374
0 -91107133567
0 -91239945760
0 -91372757953
0 -91505570146
0 -91638382339
0 -91771194532
0 -91904006725
0 -92036818918
0 -92169631111
0 -92302443304
0 -92435255497
0 -92568067690
0 -92700879883
0 -92833692076
0 -92966504269
0 -93099316462
0 -93232128655
0 -93364940848
0 -93497753041
0 -93630565234
0 -93763377427
0 -93896189620
0 -94029001813
0 -94161814006
0 -94294626199
0 -94427438392
0 -94560250585
0 -94693062778
0 -94825874971
0 -94958687164
0 -95091499357
0 -95224311550
0 -95357123743
0 -95489935936
0 -95622748129
0 -95755560322
0 -95888372515
0 -96021184708
0 -96153996901
0 -96286809094
0 -96419621287
0 -96552433480
0 -96685245673
0 -96818057866
0 -96950870059
0 -97083682252
0 -97216494445
0 -97349306638
0 -97482118831
0 -97614931024
0 -97747743217
0 -97880555410
0 -98013367603
0 -98146179796
0 -98278991989
0 -98411804182
0 -98544616375
0 -98677428568
0 -98810240761
0 -98943052954
0 -99075865147
0 -99208677340
0 -99341489533
0 -99474301726
0 -99607113919
0 -99739926112
0 -99872738305
0 -100005550498
0 -100138362691
0 -100271174884
0 -100403987077
0 -100536799270
0 -100669611463
0 -100802423656
0 -100935235849
0 -101068048042
0 -101200860235
0 -101333672428
0 -101466484621
0 -101599296814
0 -101732109007
0 -101864921200
0 -101997733393
0 -102130545586
0 -102263357779
0 -102396169972
0 -102528982165
0 -102661794358
0 -102794606551
0 -102927418744
0 -103060230937
0 -103193043130
0 -103325855323
0 -103458667516
0 -103591479709
0 -103724291902
0 -103857104095
0 -103989916288
0 -104122728481
0 -104255540674
0 -104388352867
0 -104521165060
0 -104653977253
0 -104786789446
0 -104919601639
0 -105052413832
0 -105185226025
0 -105318038218
0 -105450850411
0 -105583662604
0 -105716474797
0 -105849286990
0 -105982099183
0 -106114911376
0 -106247723569
0 -106380535762
0 -106513347955
0 -106646160148
0 -106778972341
0 -106911784534
0 -107044596727
0 -107177408920
0 -107310221113
0 -107443033306
0 -107575845499
0 -107708657692
0 -107841469885
0 -107974282078
0 -108107094271
0 -108239906464
0 -108372718657
0 -108505530850
0 -108638343043
0 -108771155236
0 -108903967429
0 -109036779622
0 -109169591815
0 -109302404008
0 -109435216201
0 -109568028394
0 -109700840587
0 -109833652780
0 -109966464973
0 -110099277166
0 -110232089359
0 -110364901552
0 -110497713745
0 -110630525938
0 -110763338131
0 -110896150324
0 -111028962517
0 -111161774710
0 -111294586903
0 -111427399096
0 -111560211289
0 -111693023482
0 -111825835675
0 -111958647868
0 -112091460061
0 -112224272254
0 -112357084447
0 -112489896640
0 -112622708833
0 -112755521026
0 -112888333219
0 -113021145412
0 -113153957605
0 -113286769798
0 -113419581991
0 -113552394184
0 -113685206377
0 -113818018570
0 -113950830763
0 -114083642956
0 -114216455149
0 -114349267342
0 -114482079535
0 -114614891728
0 -114747703921
0 -114880516114
0 -115013328307
0 -115146140500
0 -115278952693
0 -115411764886
0 -115544577079
0 -115677389272
0 -115810201465
0 -115943013658
0 -116075825851
0 -116208638044
0 -116341450237
0 -116474262430
0 -116607074623
0 -116739886816
0 -116872699009
0 -117005511202
0 -117138323395
0 -117271135588
0 -117403947781
0 -117536759974
0 -117669572167
0 -117802384360
0 -117935196553
0 -118068008746
0 -118200820939
0 -118333633132
0 -118466445325
0 -118599257518
0 -118732069711
0 -118864881904
0 -118997694097
0 -119130506290
0 -119263318483
0 -119396130676
0 -119528942869
0 -119661755062
0 -119794567255
0 -119927379448
0 -120060191641
0 -120193003834
0 -120325816027
0 -120458628220
0 -120591440413
0 -120724252606
0 -120857064799
0 -120989876992
0 -121122689185
0 -121255501378
0 -121388313571
0 -121521125764
0 -121653937957
0 -121786750150
0 -121919562343
0 -122052374536
0 -122185186729
0 -122317998922
0 -122450811115
0 -122583623308
0 -122716435501
0 -122849247694
0 -122982059887
0 -123114872080
0 -123247684273
0 -123380496466
0 -123513308659
0 -123646120852
0 -123778933045
0 -123911745238
0 -124044557431
0 -124177369624
0 -124310181817
0 -124442994010
0 -124575806203
0 -124708618396
0 -124841430589
0 -124974242782
0 -125107054975
0 -125239867168
0 -125372679361
0 -125505491554
0 -125638303747
0 -125771115940
0 -125903928133
0 -126036740326
0 -126169552519
0 -126302364712
0 -126435176905
0 -126567989098
0 -126700801291
0 -126833613484
0 -126966425677
0 -127099237870
0 -127232050063
0 -127364862256
0 -127497674449
0 -127630486642
0 -127763298835
0 -127896111028
0 -128028923221
0 -128161735414
0 -128294547607
0 -128427359800
0 -128560171993
0 -128692984186
0 -128825796379
0 -128958608572
0 -129091420765
0 -129224232958
0 -129357045151
0 -129489857344
0 -129622669537
0 -129755481730
0 -129888293923
0 -130021106116
0 -130153918309
0 -130286730502
0 -130419542695
0 -130552354888
0 -130685167081
0 -130817979274
0 -130950791467
0 -131083603660
0 -131216415853
0 -131349228046
0 -131482040239
0 -131614852432
0 -131747664625
0 -131880476818
0 -132013289011
0 -132146101204
0 -132278913397
0 -132411725590
0 -132544537783
0 -132677349976
0 -132810162169
0 -132942974362
0 -133075786555
0 -133208598748
0 -133341410941
0 -133474223134
0 -133607035327
0 -133739847520
0 -133872659713
0 -134005471906
0 -134138284099
0 -134271096292
0 -134403908485
0 -134536720678
0 -134669532871
0 -134802345064
0 -134935157257
0 -135067969450
0 -135200781643
0 -135333593836
0 -135466406029
0 -135599218222
0 -135732030415
0 -135864842608
0 -135997654801
0 -136130466994
0 -136263279187
0 -136396091380
0 -136528903573
0 -136661715766
0 -136794527959
0 -136927340152
0 -137060152345
0 -137113326083
0 -137246061198
0 -137378796313
0 -137511531428
0 -137644266543
0 -137777001658
0 -137909736773
0 -138042471888
0 -138175207003
0 -138307942118
0 -138440677233
0 -138573412348
0 -138706147463
0 -138838882578
0 -138971617693
0 -139104352808
0 -139237087923
0 -139369823038
0 -139502558153
0 -139635293268
0 -139768028383
0 -139900763498
0 -140033498613
0 -140166233728
0 -140298968843
0 -140431703958
0 -140564439073
0 -140697174188
0 -140829909303
0 -140962644418
0 -141095379533
0 -141228114648
0 -141360849763
0 -141493584878
0 -141626319993
0 -141759055108
0 -141891790223
0 -142024525338
0 -142157260453
0 -142289995568
0 -142422730683
0 -142555465798
0 -142688200913
0 -142820936028
0 -142953671143
0 -143086406258
0 -143219141373
0 -143351876488
0 -143484611603
0 -143617346718
0 -143750081833
0 -143882816948
0 -144015552063
0 -144148287178
0 -144281022293
0 -144413757408
0 -144546492523
0 -144679227638
0 -144811962753
0 -144944697868
0 -145077432983
0 -145210168098
0 -145342903213
0 -145475638328
0 -145608373443
0 -145741108558
0 -145873843673
0 -146006578788
0 -146139313903
0 -146272049018
0 -146404784133
0 -146537519248
0 -146670254363
0 -146802989478
0 -146935724593
0 -147068459708
0 -147201194823
0 -147333929938
0 -147466665053
0 -147599400168
0 -147732135283
0 -147864870398
0 -147997605513
0 -148130340628
0 -148263075743
0 -148395810858
0 -148528545973
0 -148661281088
0 -148794016203
0 -148926751318
0 -149059486433
0 -149192221548
0 -149324956663
0 -149457691778
0 -149590426893
0 -149723162008
0 -149855897123
0 -149988632238
0 -150121367353
0 -150254102468
0 -150386837583
0 -150519572698
0 -150652307813
0 -150785042928
0 -150917778043
0 -151050513158
0 -151183248273
0 -151315983388
0 -151448718503
0 -151581453618
0 -151714188733
0 -151846923848
0 -151979658963
0 -152112394078
0 -152245129193
0 -152377864308
0 -152510599423
0 -152643334538
0 -152776069653
0 -152908804768
0 -153041539883
0 -153174274998
0 -153307010113
0 -153439745228
0 -153572480343
0 -153705215458
0 -153837950573
0 -153970685688
0 -154103420803
0 -154236155918
0 -154368891033
0 -154501626148
0 -154634361263
0 -154767096378
0 -154899831493
0 -155032566608
0 -155165301723
0 -155298036838
0 -155430771953
0 -155563507068
0 -155696242183
0 -155828977298
0 -155961712413
0 -156094447528
0 -156227182643
0 -156359917758
0 -156492652873
0 -156625387988
0 -156758123103
0 -156890858218
0 -157023593333
0 -157156328448
0 -157289063563
0 -157421798678
0 -157554533793
0 -157687268908
0 -157820004023
0 -157952739138
0 -158085474253
0 -158218209368
0 -158350944483
0 -158483679598
0 -158616414713
0 -158749149828
0 -158881884943
0 -159014620058
0 -159147355173
0 -159280090288
0 -159412825403
0 -159545560518
0 -159678295633
0 -159811030748
0 -159943765863
0 -160076500978
0 -160209236093
0 -160341971208
0 -160474706323
0 -160607441438
0 -160740176553
0 -160872911668
0 -161005646783
0 -161138381898
0 -161271117013
0 -161403852128
0 -161536587243
0 -161669322358
0 -161802057473
0 -161934792588
0 -162067527703
0 -162200262818
0 -162332997933
0 -162465733048
0 -162598468163
0 -162731203278
0 -162863938393
0 -162996673508
0 -163129408623
0 -163262143738
0 -163394878853
0 -163527613968
0 -163660349083
0 -163793084198
0 -163925819313
0 -164058554428
0 -164191289543
0 -164324024658
0 -164456759773
0 -164589494888
0 -164722230003
0 -164854965118
0 -164987700233
0 -165120435348
0 -165253170463
0 -165385905578
0 -165518640693
0 -165651375808
0 -165784110923
0 -165916846038
0 -166049581153
0 -166182316268
0 -166315051383
0 -166447786498
0 -166580521613
0 -166713256728
0 -166845991843
0 -166978726958
0 -167111462073
0 -167244197188
0 -167376932303
0 -167509667418
0 -167642402533
0 -167775137648
0 -167907872763
0 -168040607878
0 -168173342993
0 -168306078108
0 -168438813223
0 -168571548338
0 -168704283453
0 -168837018568
0 -168969753683
0 -169102488798
0 -169235223913
0 -169367959028
0 -169500694143
0 -169633429258
0 -169766164373
0 -169898899488
0 -170031634603
0 -170164369718
0 -170297104833
0 -170429839948
0 -170562575063
0 -170695310178
0 -170828045293
0 -170960780408
0 -171093515523
0 -171226250638
0 -171358985753
0 -171491720868
0 -171624455983
0 -171757191098
0 -171889926213
0 -172022661328
0 -172155396443
0 -172288131558
0 -172420866673
0 -172553601788
0 -172686336903
0 -172819072018
0 -172951807133
0 -173084542248
0 -173217277363
0 -173350012478
0 -173482747593
0 -173615482708
0 -173748217823
0 -173880952938
0 -174013688053
0 -174146423168
0 -174279158283
0 -174411893398
0 -174544628513
0 -174677363628
0 -174810098743
0 -174942833858
0 -175075568973
0 -175208304088
0 -175341039203
0 -175473774318
0 -175606509433
0 -175739244548
0 -175871979663
0 -176004714778
0 -176137449893
0 -176270185008
0 -176402920123
0 -176535655238
0 -176668390353
0 -176801125468
0 -176933860583
0 -177066595698
0 -177199330813
0 -177332065928
0 -177464801043
0 -177597536158
0 -177730271273
0 -177863006388
0 -177995741503
0 -178128476618
0 -178261211733
0 -178393946848
0 -178526681963
0 -178659417078
0 -178792152193
0 -176666635603
0 -176797695464
0 -176928755325
0 -177059815186
0 -177190875047
0 -177321934908
0 -177452994769
0 -177584054630
0 -177715114491
0 -177846174352
0 -177977234213
0 -178108294074
0 -178239353935
0 -178370413796
0 -178501473657
0 -178632533518
0 -178763593379
0 -178894653240
0 -179025713101
0 -179156772962
0 -179287832823
0 -179418892684
0 -179549952545
0 -179681012406
0 -179812072267
0 -179943132128
0 -180074191989
0 -180205251850
0 -180336311711
0 -180467371572
0 -180598431433
0 -180729491294
0 -180860551155
0 -180991611016
0 -181122670877
0 -181253730738
0 -181384790599
0 -181515850460
0 -181646910321
0 -181777970182
0 -181909030043
0 -182040089904
0 -182171149765
0 -182302209626
0 -182433269487
0 -182564329348
0 -182695389209
0 -182826449070
0 -182957508931
0 -183088568792
0 -183219628653
0 -183350688514
0 -183481748375
0 -183612808236
0 -183743868097
0 -183874927958
0 -184005987819
0 -184137047680
0 -184268107541
0 -184399167402
0 -184530227263
0 -184661287124
0 -184792346985
0 -184923406846
0 -185054466707
0 -185185526568
0 -185316586429
0 -185447646290
0 -185578706151
0 -185709766012
0 -185840825873
0 -185971885734
0 -186102945595
0 -186234005456
0 -186365065317
0 -186496125178
0 -186627185039
0 -186758244900
0 -186889304761
0 -187020364622
0 -187151424483
0 -187282484344
0 -187413544205
0 -187544604066
0 -187675663927
0 -187806723788
0 -187937783649
0 -188068843510
0 -188199903371
0 -188330963232
0 -188462023093
0 -188593082954
0 -188724142815
0 -188855202676
0 -188986262537
0 -189117322398
0 -189248382259
0 -189379442120
0 -189510501981
0 -189641561842
0 -189772621703
0 -189903681564
0 -190034741425
0 -190165801286
0 -190296861147
0 -190427921008
0 -190558980869
0 -190690040730
0 -190821100591
0 -190952160452
0 -191083220313
0 -191214280174
0 -191345340035
0 -191476399896
0 -191607459757
0 -191738519618
0 -191869579479
0 -192000639340
0 -192131699201
0 -192262759062
0 -192393818923
0 -192524878784
0 -192655938645
0 -192786998506
0 -192918058367
0 -193049118228
0 -193180178089
0 -193311237950
0 -193442297811
0 -193573357672
0 -193704417533
0 -193835477394
0 -193966537255
0 -194097597116
0 -194228656977
0 -194359716838
0 -194490776699
0 -194621836560
0 -194752896421
0 -194883956282
0 -195015016143
0 -195146076004
0 -195277135865
0 -195408195726
0 -195539255587
0 -195670315448
0 -195801375309
0 -195932435170
0 -196063495031
0 -196194554892
0 -196325614753
0 -196456674614
0 -196587734475
0 -196718794336
0 -196849854197
0 -196980914058
0 -197111973919
0 -197243033780
0 -197374093641
0 -197505153502
0 -197636213363
0 -197767273224
0 -197898333085
0 -198029392946
0 -198160452807
0 -198291512668
0 -198422572529
0 -198553632390
0 -198684692251
0 -198815752112
0 -198946811973
0 -199077871834
0 -199208931695
0 -199339991556
0 -199471051417
0 -199602111278
0 -199733171139
0 -199864231000
0 -199995290861
0 -200126350722
0 -200257410583
0 -200388470444
0 -200519530305
0 -200650590166
0 -200781650027
0 -200912709888
0 -201043769749
0 -201174829610
0 -201305889471
0 -201436949332
0 -201568009193
0 -201699069054
0 -201830128915
0 -201961188776
0 -202092248637
0 -202223308498
0 -202354368359
0 -202485428220
0 -202616488081
0 -202747547942
0 -202878607803
0 -203009667664
0 -203140727525
0 -203271787386
0 -203402847247
0 -203533907108
0 -203664966969
0 -203796026830
0 -203927086691
0 -204058146552
0 -204189206413
0 -204320266274
0 -204451326135
0 -204582385996
0 -204713445857
0 -204844505718
0 -204975565579
0 -205106625440
0 -205237685301
0 -205368745162
0 -205499805023
0 -205630864884
0 -205761924745
0 -205892984606
0 -206024044467
0 -206155104328
0 -206286164189
0 -206417224050
0 -206548283911
0 -206679343772
0 -206810403633
0 -206941463494
0 -207072523355
0 -207203583216
0 -207334643077
0 -207465702938
0 -207596762799
0 -207727822660
0 -207858882521
0 -207989942382
0 -208121002243
0 -208252062104
0 -208383121965
0 -208514181826
0 -208645241687
0 -208776301548
0 -208907361409
0 -209038421270
0 -209169481131
0 -209300540992
0 -209431600853
0 -209562660714
0 -209693720575
0 -209824780436
0 -209955840297
0 -210086900158
0 -210217960019
0 -210349019880
0 -210480079741
0 -210611139602
0 -210742199463
0 -210873259324
0 -211004319185
0 -211135379046
0 -211266438907
0 -211397498768
0 -211528558629
0 -211659618490
0 -211790678351
0 -211921738212
0 -212052798073
0 -212183857934
0 -212314917795
0 -212445977656
0 -212577037517
0 -212708097378
0 -212839157239
0 -212970217100
0 -213101276961
0 -213232336822
0 -213363396683
0 -213494456544
0 -213625516405
0 -213756576266
0 -213887636127
0 -214018695988
0 -214149755849
0 -214280815710
0 -214411875571
0 -214542935432
0 -214673995293
0 -214805055154
0 -214936115015
0 -215067174876
0 -215198234737
0 -215329294598
0 -215460354459
0 -215591414320
0 -215722474181
0 -215853534042
0 -215984593903
0 -216115653764
0 -216246713625
0 -216377773486
0 -216508833347
0 -216639893208
0 -216770953069
0 -216902012930
0 -217033072791
0 -217164132652
0 -217295192513
0 -217426252374
0 -217557312235
0 -217688372096
0 -217819431957
0 -217950491818
0 -218081551679
0 -218212611540
0 -218343671401
0 -218474731262
0 -218605791123
0 -218736850984
0 -218867910845
0 -218998970706
0 -219130030567
0 -219261090428
0 -219392150289
0 -219523210150
0 -219654270011
0 -219785329872
0 -219916389733
0 -220047449594
0 -220178509455
0 -220309569316
0 -220440629177
0 -220571689038
0 -220702748899
0 -220833808760
0 -220964868621
0 -221095928482
0 -221226988343
0 -221358048204
0 -221489108065
0 -221620167926
0 -221751227787
0 -221882287648
0 -222013347509
0 -222144407370
0 -222275467231
0 -222406527092
0 -222537586953
0 -222668646814
0 -222799706675
0 -222930766536
0 -223061826397
0 -223192886258
0 -223323946119
0 -223455005980
0 -223586065841
0 -223717125702
0 -223848185563
0 -223979245424
0 -224110305285
0 -224241365146
0 -224372425007
0 -224503484868
0 -224634544729
0 -224765604590
0 -224896664451
0 -225027724312
0 -225158784173
0 -225289844034
0 -225420903895
0 -225551963756
0 -225683023617
0 -225814083478
0 -225945143339
0 -226076203200
0 -226207263061
0 -226338322922
0 -226469382783
0 -226600442644
0 -226731502505
0 -226862562366
0 -226993622227
0 -227124682088
0 -227255741949
0 -227386801810
0 -227517861671
0 -227648921532
0 -227779981393
0 -227911041254
0 -228042101115
0 -228173160976
0 -228304220837
0 -228435280698
0 -228566340559
0 -228697400420
0 -228828460281
0 -228959520142
0 -229090580003
0 -229221639864
0 -229352699725
0 -229483759586
0 -229614819447
0 -229745879308
0 -229876939169
0 -230007999030
0 -230139058891
0 -230270118752
0 -230401178613
0 -230532238474
0 -230663298335
0 -230794358196
0 -230925418057
0 -231056477918
0 -231187537779
0 -231318597640
0 -231449657501
0 -231580717362
0 -231711777223
0 -231842837084
0 -231973896945
0 -232104956806
0 -232236016667
0 -232367076528
0 -232498136389
0 -232629196250
0 -232760256111
0 -232891315972
0 -233022375833
0 -233153435694
0 -233284495555
0 -233415555416
0 -233546615277
0 -233677675138
0 -233808734999
0 -233939794860
0 -234070854721
0 -234201914582
0 -234332974443
0 -234464034304
0 -234595094165
0 -234726154026
0 -234857213887
0 -234988273748
0 -235119333609
0 -235250393470
0 -235381453331
0 -235512513192
0 -235643573053
0 -235774632914
0 -235905692775
0 -236036752636
0 -236167812497
0 -236298872358
0 -236429932219
0 -236560992080
0 -236692051941
0 -236823111802
0 -236954171663
0 -237085231524
0 -237216291385
0 -237347351246
0 -237478411107
0 -237609470968
0 -237740530829
0 -237871590690
0 -238002650551
0 -238133710412
0 -238264770273
0 -238395830134
0 -238526889995
0 -238657949856
0 -238789009717
0 -238920069578
0 -239051129439
0 -239182189300
0 -239313249161
0 -239444309022
0 -239575368883
0 -239706428744
0 -239837488605
0 -239968548466
0 -240099608327
0 -240230668188
0 -240361728049
0 -240492787910
0 -240623847771
0 -240754907632
0 -240885967493
0 -241017027354
0 -241148087215
0 -241279147076
0 -241410206937
0 -241541266798
0 -241672326659
0 -241803386520
0 -241934446381
0 -242065506242
0 -242196566103
0 -242327625964
0 -242458685825
0 -242589745686
0 -242720805547
0 -242851865408
0 -242982925269
0 -243113985130
0 -243245044991
0 -243376104852
0 -243507164713
0 -243638224574
0 -243769284435
0 -243900344296
0 -244031404157
0 -244162464018
0 -244293523879
0 -244424583740
0 -244555643601
0 -244686703462
0 -244817763323
0 -244948823184
0 -245079883045
0 -245210942906
0 -245342002767
0 -245473062628
0 -245604122489
0 -245735182350
0 -245866242211
0 -245997302072
0 -246128361933
0 -246259421794
0 -246390481655
0 -246521541516
0 -246652601377
0 -246783661238
0 -246914721099
0 -247045780960
0 -247176840821
0 -247307900682
0 -247438960543
0 -247570020404
0 -247701080265
0 -247832140126
0 -247963199987
0 -248094259848
0 -248225319709
0 -248356379570
0 -248487439431
0 -248618499292
0 -248749559153
0 -248880619014
0 -249011678875
0 -249142738736
0 -249273798597
0 -249404858458
0 -249535918319
0 -249666978180
0 -249798038041
0 -249929097902
0 -250060157763
0 -250191217624
0 -250322277485
0 -250453337346
0 -250584397207
0 -250715457068
0 -250846516929
0 -250977576790
0 -251108636651
0 -251239696512
0 -251370756373
0 -251501816234
0 -251632876095
0 -251763935956
0 -251894995817
0 -252026055678
0 -252157115539
0 -252288175400
0 -252419235261
0 -252550295122
0 -252681354983
0 -252812414844
0 -252943474705
0 -253074534566
0 -253205594427
0 -253336654288
0 -253467714149
0 -253598774010
0 -253729833871
0 -253860893732
0 -253991953593
0 -254123013454
0 -254254073315
0 -254385133176
0 -254516193037
0 -254647252898
0 -254778312759
0 -254909372620
0 -255040432481
0 -255171492342
0 -255302552203
0 -255433612064
0 -255564671925
0 -255695731786
0 -255826791647
0 -255957851508
0 -256088911369
0 -256219971230
0 -256351031091
0 -256482090952
0 -256613150813
0 -256744210674
0 -256875270535
0 -257006330396
0 -257137390257
0 -257268450118
0 -257399509979
0 -257530569840
0 -257661629701
0 -257792689562
0 -257923749423
0 -258054809284
0 -258185869145
0 -258316929006
0 -258447988867
0 -258579048728
0 -258710108589
0 -258841168450
0 -258972228311
0 -259103288172
0 -259234348033
0 -259365407894
0 -259496467755
0 -259627527616
0 -259758587477
0 -259889647338
0 -260020707199
0 -260151767060
0 -260282826921
0 -260413886782
0 -260544946643
0 -260676006504
0 -260807066365
0 -260938126226
0 -261069186087
0 -261200245948
0 -261331305809
0 -261462365670
0 -261593425531
0 -261724485392
0 -261855545253
0 -261986605114
0 -262117664975
0 -262248724836
0 -262379784697
0 -262510844558
0 -262641904419
0 -262772964280
0 -262904024141
0 -263035084002
0 -263166143863
0 -263297203724
0 -263428263585
0 -263559323446
0 -263690383307
0 -263821443168
0 -263952503029
0 -264083562890
0 -264214622751
0 -264345682612
0 -264476742473
0 -264607802334
0 -264738862195
0 -264869922056
0 -265000981917
0 -265132041778
0 -265263101639
0 -265394161500
0 -265525221361
0 -265656281222
0 -265787341083
0 -265918400944
0 -266049460805
0 -266180520666
0 -266311580527
0 -266442640388
0 -266573700249
0 -266704760110
0 -266835819971
0 -266966879832
0 -267097939693
0 -267228999554
0 -267360059415
0 -267491119276
0 -267622179137
0 -267753238998
0 -267884298859
0 -268015358720
0 -268146418581
0 -268277478442
0 -268408538303
0 -268539598164
0 -268670658025
0 -268801717886
0 -268932777747
0 -269063837608
0 -269194897469
0 -269325957330
0 -269457017191
0 -269588077052
0 -269719136913
0 -269850196774
0 -269981256635
0 -270112316496
0 -270243376357
0 -270374436218
0 -270505496079
0 -270636555940
0 -270767615801
0 -270898675662
0 -271029735523
0 -271160795384
0 -271291855245
0 -271422915106
0 -271553974967
0 -271685034828
0 -271816094689
0 -271947154550
0 -272078214411
0 -272209274272
0 -272340334133
0 -272471393994
0 -272602453855
0 -272733513716
0 -272864573577
0 -272995633438
0 -273126693299
0 -273257753160
0 -273388813021
0 -273519872882
0 -273650932743
0 -273781992604
0 -273913052465
0 -274044112326
0 -274175172187
0 -274306232048
0 -274437291909
0 -274568351770
0 -274699411631
0 -274830471492
0 -274961531353
0 -275092591214
0 -275223651075
0 -275354710936
0 -275485770797
0 -275616830658
0 -275747890519
0 -275878950380
0 -276010010241
0 -276141070102
0 -276272129963
0 -276403189824
0 -276534249685
0 -276665309546
0 -276796369407
0 -276927429268
0 -277058489129
0 -277189548990
0 -277320608851
0 -277451668712
0 -277582728573
0 -277713788434
0 -277844848295
0 -277975908156
0 -278106968017
0 -278238027878
0 -278369087739
0 -278500147600
0 -278631207461
0 -278762267322
0 -278893327183
0 -279024387044
0 -279155446905
0 -279286506766
0 -279417566627
0 -279548626488
0 -279679686349
0 -279810746210
0 -279941806071
0 -280072865932
0 -280203925793
0 -280334985654
0 -280466045515
0 -280597105376
0 -280728165237
0 -280859225098
0 -280990284959
0 -281121344820
0 -281252404681
0 -281383464542
0 -281514524403
0 -281645584264
0 -281776644125
0 -281907703986
0 -282038763847
0 -282169823708
0 -282300883569
0 -282431943430
0 -282563003291
0 -282694063152
0 -282825123013
0 -282956182874
0 -283087242735
0 -283218302596
0 -283349362457
0 -283480422318
0 -283611482179
0 -283742542040
0 -283873601901
0 -284004661762
0 -284135721623
0 -284266781484
0 -284397841345
0 -284528901206
0 -284659961067
0 -284791020928
0 -284922080789
0 -285053140650
0 -285184200511
0 -285315260372
0 -285446320233
0 -285577380094
0 -285708439955
0 -285839499816
0 -285970559677
0 -286101619538
0 -286232679399
0 -286363739260
0 -286494799121
0 -286625858982
0 -286756918843
0 -286887978704
0 -287019038565
0 -287150098426
0 -287281158287
0 -287412218148
0 -287543278009
0 -287674337870
0 -287805397731
0 -287936457592
0 -288067517453
0 -288198577314
0 -288329637175
0 -288460697036
0 -288591756897
0 -288722816758
0 -288853876619
0 -288984936480
0 -289115996341
0 -289247056202
0 -289378116063
0 -289509175924
0 -289640235785
0 -289771295646
0 -289902355507
0 -290033415368
0 -290164475229
0 -290295535090
0 -290426594951
0 -290557654812
0 -290688714673
0 -290819774534
0 -290950834395
0 -291081894256
0 -291212954117
0 -291344013978
0 -291475073839
0 -291606133700
0 -291737193561
0 -291868253422
0 -291999313283
0 -292130373144
0 -292261433005
0 -292392492866
0 -292523552727
0 -292654612588
0 -292785672449
0 -292916732310
0 -293047792171
0 -293178852032
0 -293309911893
0 -293440971754
0 -293572031615
0 -293703091476
0 -293834151337
0 -293965211198
0 -294096271059
0 -294227330920
0 -294358390781
0 -294489450642
0 -294620510503
0 -294751570364
0 -294882630225
0 -295013690086
0 -295144749947
0 -295275809808
0 -295406869669
0 -295537929530
0 -295668989391
0 -295800049252
0 -295931109113
0 -296062168974
0 -296193228835
0 -296324288696
0 -296455348557
0 -296586408418
0 -296717468279
0 -296848528140
0 -296979588001
0 -297110647862
0 -297241707723
0 -297372767584
0 -297503827445
0 -297634887306
0 -297765947167
0 -297897007028
0 -298028066889
0 -298159126750
0 -298290186611
0 -298421246472
0 -298552306333
0 -298683366194
0 -298814426055
0 -298945485916
0 -299076545777
0 -299207605638
0 -299338665499
0 -299469725360
0 -299600785221
0 -299731845082
0 -299862904943
0 -299993964804
0 -300125024665
0 -300256084526
0 -300387144387
0 -300518204248
0 -300649264109
0 -300780323970
0 -300911383831
0 -301042443692
0 -301173503553
0 -301304563414
0 -301435623275
0 -301566683136
0 -301697742997
0 -301828802858
0 -301959862719
0 -302090922580
0 -302221982441
0 -302353042302
0 -302484102163
0 -302615162024
0 -302746221885
0 -302877281746
0 -303008341607
0 -303139401468
0 -303270461329
0 -303401521190
0 -303532581051
0 -303663640912
0 -303794700773
0 -303925760634
0 -304056820495
0 -304187880356
0 -304318940217
0 -304450000078
0 -304581059939
0 -304712119800
0 -304843179661
0 -304974239522
0 -305105299383
0 -305236359244
0 -305367419105
0 -305498478966
0 -305629538827
0 -305760598688
0 -305891658549
0 -306022718410
0 -306153778271
0 -306284838132
0 -306415897993
0 -306546957854
0 -306678017715
0 -306809077576
0 -306940137437
0 -307071197298
0 -307202257159
0 -307333317020
0 -307464376881
0 -307595436742
0 -307726496603
0 -307857556464
0 -307988616325
0 -308119676186
0 -308250736047
0 -308381795908
0 -308512855769
0 -308643915630
0 -308774975491
0 -308906035352
0 -309037095213
0 -309168155074
0 -309299214935
0 -309430274796
0 -309561334657
0 -309692394518
0 -309823454379
0 -309954514240
0 -310085574101
0 -310216633962
0 -310347693823
0 -310478753684
0 -310609813545
0 -310740873406
0 -310871933267
0 -311002993128
0 -311134052989
0 -311265112850
0 -311396172711
0 -311527232572
0 -311658292433
0 -311789352294
0 -311920412155
0 -312051472016
0 -312182531877
0 -312313591738
0 -312444651599
0 -312575711460
0 -312706771321
0 -312837831182
0 -312968891043
0 -313099950904
0 -313231010765
0 -313362070626
0 -313493130487
0 -313624190348
0 -313755250209
0 -313886310070
0 -314017369931
0 -314148429792
0 -314279489653
0 -314410549514
0 -314541609375
0 -314672669236
0 -314803729097
0 -314934788958
0 -315065848819
0 -315196908680
0 -315327968541
0 -315459028402
0 -315590088263
0 -315721148124
0 -315852207985
0 -315983267846
0 -316114327707
0 -316245387568
0 -316376447429
0 -316507507290
0 -316638567151
0 -316769627012
0 -316900686873
0 -317031746734
0 -317162806595
0 -317293866456
0 -317424926317
0 -317555986178
0 -317687046039
0 -317818105900
0 -317949165761
0 -318080225622
0 -318211285483
0 -318342345344
0 -318473405205
0 -318604465066
0 -318735524927
0 -318866584788
0 -318997644649
0 -319128704510
0 -319259764371
0 -319390824232
0 -319521884093
0 -319652943954
0 -319784003815
0 -319915063676
0 -320046123537
0 -320177183398
0 -320308243259
0 -320439303120
0 -320570362981
0 -320701422842
0 -320832482703
0 -320963542564
0 -321094602425
0 -321225662286
0 -321356722147
0 -321487782008
0 -321618841869
0 -321749901730
0 -321880961591
0 -322012021452
0 -322143081313
0 -322274141174
0 -322405201035
0 -322536260896
0 -322667320757
0 -322798380618
0 -322929440479
