0
0 -137927564
0 -277732971
0 -414062260
0 -552794024
0 -684664215
0 -822020999
0 -959377783
0 -1096734567
0 -1234091351
0 -1371448135
0 -1508804919
0 -1646161703
0 -1783518487
0 -1913991502
0 -2050858051
0 -2187724600
0 -2324591149
0 -2455491804
0 -2592024074
0 -2728556344
0 -2865088614
0 -2981568366
0 -3117190280
0 -3252812194
0 -3388434108
0 -3524056022
0 -3659677936
0 -3795299850
0 -3930921764
0 -4066543678
0 -4189214592
0 -4324416956
0 -4459619320
0 -4594821684
0 -4730024048
0 -4865226412
0 -5000428776
0 -5135631140
0 -5270833504
0 -5406035868
0 -5541238232
0 -5676440596
0 -5811642960
0 -5946845324
0 -6082047688
0 -6217250052
0 -6352452416
0 -6487654780
0 -6622857144
0 -6758059508
0 -6893261872
0 -7028464236
0 -7163666600
0 -7298868964
0 -7434071328
0 -7569273692
0 -7704476056
0 -7839678420
0 -7974880784
0 -8110083148
0 -8245285512
0 -8380487876
0 -8515690240
0 -8650892604
0 -8786094968
0 -8921297332
0 -9056499696
0 -9191702060
0 -9326904424
0 -9462106788
0 -9597309152
0 -9732511516
0 -9867713880
0 -10002916244
0 -10138118608
0 -10273320972
0 -10408523336
0 -10543725700
0 -10678928064
0 -10814130428
0 -10949332792
0 -11084535156
0 -11219737520
0 -11354939884
0 -11490142248
0 -11625344612
0 -11760546976
0 -11895749340
0 -12030951704
0 -12166154068
0 -12301356432
0 -12436558796
0 -12571761160
0 -12706963524
0 -12842165888
0 -12977368252
0 -13112570616
0 -13247772980
0 -13382975344
0 -13518177708
0 -13653380072
0 -13788582436
0 -13923784800
0 -14058987164
0 -14194189528
0 -14329391892
0 -14464594256
0 -14599796620
0 -14734998984
0 -14870201348
0 -15005403712
0 -15140606076
0 -15275808440
0 -15411010804
0 -15546213168
0 -15681415532
0 -15816617896
0 -15951820260
0 -16087022624
0 -16222224988
0 -16357427352
0 -16492629716
0 -16627832080
0 -16763034444
0 -16898236808
0 -17033439172
0 -17168641536
0 -17303843900
0 -17439046264
0 -17574248628
0 -17709450992
0 -17844653356
0 -17979855720
0 -18115058084
0 -18250260448
0 -18385462812
0 -18520665176
0 -18655867540
0 -18791069904
0 -18926272268
0 -19061474632
0 -19196676996
0 -19331879360
0 -19467081724
0 -19602284088
0 -19737486452
0 -19872688816
0 -20007891180
0 -20143093544
0 -20278295908
0 -20413498272
0 -20548700636
0 -20497494187
0 -20631478509
0 -20765462831
0 -20899447153
0 -21033431475
0 -21167415797
0 -21301400119
0 -21435384441
0 -21569368763
0 -21703353085
0 -21837337407
0 -21971321729
0 -22105306051
0 -22239290373
0 -22373274695
0 -22507259017
0 -22641243339
0 -22775227661
0 -22909211983
0 -23043196305
0 -23177180627
0 -23311164949
0 -23445149271
0 -23579133593
0 -23713117915
0 -23847102237
0 -23981086559
0 -24115070881
0 -24249055203
0 -24383039525
0 -24517023847
0 -24651008169
0 -24784992491
0 -24918976813
0 -25052961135
0 -25186945457
0 -25320929779
0 -25454914101
0 -25588898423
0 -25722882745
0 -25856867067
0 -25990851389
0 -26124835711
0 -26258820033
0 -26392804355
0 -26526788677
0 -26660772999
0 -26794757321
0 -26928741643
0 -27062725965
0 -27196710287
0 -27330694609
0 -27464678931
0 -27598663253
0 -27732647575
0 -27866631897
0 -28000616219
0 -28134600541
0 -28268584863
0 -28402569185
0 -28536553507
0 -28670537829
0 -28804522151
0 -28938506473
0 -29072490795
0 -29206475117
0 -29340459439
0 -29474443761
0 -29608428083
0 -29742412405
0 -29876396727
0 -30010381049
0 -30144365371
0 -30278349693
0 -30412334015
0 -30546318337
0 -30680302659
0 -30814286981
0 -30948271303
0 -31082255625
0 -31216239947
0 -31350224269
0 -31484208591
0 -31618192913
0 -31752177235
0 -31886161557
0 -32020145879
0 -32154130201
0 -32288114523
0 -32422098845
0 -32556083167
0 -32690067489
0 -32824051811
0 -32958036133
0 -33092020455
0 -33226004777
0 -33359989099
0 -33493973421
0 -33627957743
0 -33761942065
0 -33895926387
0 -34029910709
0 -34163895031
0 -34297879353
0 -34431863675
0 -34565847997
0 -34699832319
0 -34833816641
0 -34967800963
0 -35101785285
0 -35235769607
0 -35369753929
0 -35503738251
0 -35637722573
0 -35771706895
0 -35905691217
0 -36039675539
0 -36173659861
0 -36307644183
0 -36441628505
0 -36575612827
0 -36709597149
0 -36843581471
0 -36977565793
0 -37111550115
0 -37245534437
0 -37379518759
0 -37513503081
0 -37647487403
0 -37781471725
0 -37915456047
0 -38049440369
0 -38183424691
0 -38317409013
0 -38451393335
0 -38585377657
0 -38719361979
0 -38853346301
0 -38987330623
0 -39121314945
0 -39255299267
0 -39389283589
0 -39523267911
0 -39657252233
0 -39791236555
0 -39925220877
0 -40059205199
0 -40193189521
0 -40327173843
0 -40461158165
0 -40595142487
0 -40729126809
0 -40863111131
0 -40997095453
0 -41131079775
0 -41265064097
0 -41399048419
0 -41533032741
0 -41667017063
0 -41801001385
0 -41934985707
0 -42068970029
0 -42202954351
0 -42336938673
0 -42470922995
0 -42604907317
0 -42738891639
0 -42872875961
0 -43006860283
0 -43140844605
0 -43274828927
0 -43408813249
0 -43542797571
0 -43676781893
0 -43810766215
0 -43944750537
0 -44078734859
0 -44212719181
0 -44346703503
0 -44480687825
0 -44614672147
0 -44748656469
0 -44882640791
0 -45016625113
0 -45150609435
0 -45284593757
0 -45418578079
0 -45552562401
0 -45686546723
0 -45820531045
0 -45954515367
0 -46088499689
0 -46222484011
0 -46356468333
0 -46490452655
0 -46624436977
0 -46758421299
0 -46892405621
0 -47026389943
0 -47160374265
0 -47294358587
0 -47428342909
0 -47562327231
0 -47696311553
0 -47830295875
0 -47964280197
0 -48098264519
0 -48232248841
0 -48366233163
0 -48500217485
0 -48634201807
0 -48768186129
0 -48902170451
0 -49036154773
0 -49170139095
0 -49304123417
0 -49438107739
0 -49572092061
0 -49706076383
0 -49840060705
0 -49974045027
0 -50108029349
0 -50242013671
0 -50375997993
0 -50509982315
0 -50643966637
0 -50777950959
0 -50911935281
0 -50959774127
0 -51093532300
0 -51227290473
0 -51361048646
0 -51494806819
0 -51628564992
0 -51762323165
0 -51896081338
0 -52029839511
0 -52163597684
0 -52297355857
0 -52431114030
0 -52564872203
0 -52698630376
0 -52832388549
0 -52966146722
0 -53099904895
0 -53233663068
0 -53367421241
0 -53501179414
0 -53634937587
0 -53768695760
0 -53902453933
0 -54036212106
0 -54169970279
0 -54303728452
0 -54437486625
0 -54571244798
0 -54705002971
0 -54838761144
0 -54972519317
0 -55106277490
0 -55240035663
0 -55373793836
0 -55507552009
0 -55641310182
0 -55775068355
0 -55908826528
0 -56042584701
0 -56176342874
0 -56310101047
0 -56443859220
0 -56577617393
0 -56711375566
0 -56845133739
0 -56978891912
0 -57112650085
0 -57246408258
0 -57380166431
0 -57513924604
0 -57647682777
0 -57781440950
0 -57915199123
0 -58048957296
0 -58182715469
0 -58316473642
0 -58450231815
0 -58583989988
0 -58717748161
0 -58851506334
0 -58985264507
0 -59119022680
0 -59252780853
0 -59386539026
0 -59520297199
0 -59654055372
0 -59787813545
0 -59921571718
0 -60055329891
0 -60189088064
0 -60322846237
0 -60456604410
0 -60590362583
0 -60724120756
0 -60857878929
0 -60991637102
0 -61125395275
0 -61259153448
0 -61392911621
0 -61526669794
0 -61660427967
0 -61794186140
0 -61927944313
0 -62061702486
0 -62195460659
0 -62329218832
0 -62462977005
0 -62596735178
0 -62730493351
0 -62864251524
0 -62998009697
0 -63131767870
0 -63265526043
0 -63399284216
0 -63533042389
0 -63666800562
0 -63800558735
0 -63934316908
0 -64068075081
0 -64201833254
0 -64335591427
0 -64469349600
0 -64603107773
0 -64736865946
0 -64870624119
0 -65004382292
0 -65138140465
0 -65271898638
0 -65405656811
0 -65539414984
0 -65673173157
0 -65806931330
0 -65940689503
0 -66074447676
0 -66208205849
0 -66341964022
0 -66475722195
0 -66609480368
0 -66743238541
0 -66876996714
0 -67010754887
0 -67144513060
0 -67278271233
0 -67412029406
0 -67545787579
0 -67679545752
0 -67813303925
0 -67947062098
0 -68080820271
0 -68214578444
0 -68348336617
0 -68482094790
0 -68615852963
0 -68749611136
0 -68883369309
0 -69017127482
0 -69150885655
0 -69284643828
0 -69418402001
0 -69552160174
0 -69685918347
0 -69819676520
0 -69953434693
0 -69736907752
0 -69869997453
0 -70003087154
0 -70136176855
0 -70269266556
0 -70402356257
0 -70535445958
0 -70668535659
0 -70801625360
0 -70934715061
0 -71067804762
0 -71200894463
0 -71333984164
0 -71467073865
0 -71600163566
0 -71733253267
0 -71866342968
0 -71999432669
0 -72132522370
0 -72265612071
0 -72398701772
0 -72531791473
0 -72664881174
0 -72797970875
0 -72931060576
0 -73064150277
0 -73197239978
0 -73330329679
0 -73463419380
0 -73596509081
0 -73729598782
0 -73862688483
0 -73995778184
0 -74128867885
0 -74261957586
0 -74395047287
0 -74528136988
0 -74661226689
0 -74794316390
0 -74927406091
0 -75060495792
0 -75193585493
0 -75326675194
0 -75459764895
0 -75592854596
0 -75725944297
0 -75859033998
0 -75992123699
0 -76125213400
0 -76258303101
0 -76391392802
0 -76524482503
0 -76657572204
0 -76790661905
0 -76923751606
0 -77056841307
0 -77189931008
0 -77323020709
0 -77456110410
0 -77589200111
0 -77722289812
0 -77855379513
0 -77988469214
0 -78121558915
0 -78254648616
0 -78387738317
0 -78520828018
0 -78653917719
0 -78787007420
0 -78920097121
0 -79053186822
0 -79186276523
0 -79319366224
0 -79452455925
0 -79585545626
0 -79718635327
0 -79851725028
0 -79984814729
0 -80117904430
0 -80250994131
0 -80384083832
0 -80517173533
0 -80650263234
0 -80783352935
0 -80916442636
0 -81049532337
0 -81182622038
0 -81315711739
0 -81448801440
0 -81581891141
0 -81714980842
0 -81848070543
0 -81981160244
0 -82114249945
0 -82247339646
0 -82380429347
0 -82513519048
0 -82646608749
0 -82779698450
0 -82912788151
0 -83045877852
0 -83178967553
0 -83312057254
0 -83445146955
0 -83578236656
0 -83711326357
0 -83844416058
0 -83977505759
0 -84110595460
0 -84243685161
0 -84376774862
0 -84509864563
0 -84642954264
0 -84776043965
0 -84909133666
0 -85042223367
0 -85175313068
0 -85308402769
0 -85441492470
0 -85574582171
0 -85707671872
0 -85840761573
0 -85973851274
0 -86106940975
0 -86240030676
0 -86373120377
0 -86506210078
0 -86639299779
0 -86772389480
0 -86905479181
0 -87038568882
0 -87171658583
0 -87304748284
0 -87437837985
0 -87570927686
0 -87704017387
0 -87837107088
0 -87970196789
0 -88103286490
0 -88236376191
0 -88369465892
0 -88502555593
0 -88635645294
0 -88768734995
0 -88901824696
0 -89034914397
0 -89168004098
0 -89301093799
0 -89434183500
0 -89567273201
0 -89700362902
0 -89833452603
0 -89966542304
0 -90099632005
0 -90232721706
0 -90365811407
0 -90498901108
0 -90631990809
0 -90765080510
0 -90898170211
0 -91031259912
0 -91164349613
0 -91297439314
0 -91430529015
0 -91563618716
0 -91696708417
0 -91829798118
0 -91962887819
0 -92095977520
0 -92229067221
0 -92362156922
0 -92495246623
0 -92628336324
0 -92761426025
0 -92894515726
0 -93027605427
0 -93160695128
0 -93293784829
0 -93426874530
0 -93559964231
0 -93693053932
0 -93826143633
0 -93959233334
0 -94092323035
0 -94225412736
0 -94358502437
0 -94491592138
0 -94624681839
0 -94757771540
0 -94890861241
0 -95023950942
0 -95157040643
0 -95290130344
0 -95423220045
0 -95556309746
0 -95689399447
0 -95822489148
0 -95955578849
0 -96088668550
0 -96221758251
0 -96354847952
0 -96487937653
0 -96621027354
0 -96754117055
0 -96887206756
0 -97020296457
0 -97153386158
0 -97286475859
0 -97419565560
0 -97552655261
0 -97685744962
0 -97818834663
0 -97951924364
0 -98085014065
0 -98218103766
0 -98351193467
0 -98484283168
0 -98617372869
0 -98750462570
0 -98883552271
0 -99016641972
0 -99149731673
0 -99282821374
0 -99415911075
0 -99549000776
0 -99682090477
0 -99815180178
0 -99948269879
0 -100081359580
0 -100214449281
0 -100347538982
0 -100480628683
0 -100613718384
0 -100746808085
0 -100879897786
0 -101012987487
0 -101146077188
0 -101279166889
0 -101412256590
0 -101545346291
0 -101678435992
0 -101811525693
0 -101944615394
0 -102077705095
0 -102210794796
0 -102343884497
0 -102476974198
0 -102610063899
0 -102743153600
0 -102876243301
0 -103009333002
0 -103142422703
0 -103275512404
0 -103408602105
0 -103541691806
0 -103674781507
0 -103807871208
0 -103940960909
0 -104074050610
0 -104207140311
0 -104340230012
0 -104473319713
0 -104606409414
0 -104739499115
0 -104872588816
0 -105005678517
0 -105138768218
0 -105271857919
0 -105404947620
0 -105538037321
0 -105671127022
0 -105804216723
0 -105937306424
0 -106070396125
0 -106203485826
0 -106336575527
0 -106469665228
0 -106602754929
0 -106735844630
0 -106868934331
0 -107002024032
0 -107135113733
0 -107268203434
0 -107401293135
0 -107534382836
0 -107667472537
0 -107570555551
0 -107703361259
0 -107836166967
0 -107968972675
0 -108101778383
0 -108234584091
0 -108367389799
0 -108500195507
0 -108633001215
0 -108765806923
0 -108898612631
0 -109031418339
0 -109164224047
0 -109297029755
0 -109429835463
0 -109562641171
0 -109695446879
0 -109828252587
0 -109961058295
0 -110093864003
0 -110226669711
0 -110359475419
0 -110492281127
0 -110625086835
0 -110757892543
0 -110890698251
0 -111023503959
0 -111156309667
0 -111289115375
0 -111421921083
0 -111554726791
0 -111687532499
0 -111820338207
0 -111953143915
0 -112085949623
0 -112218755331
0 -112351561039
0 -112484366747
0 -112617172455
0 -112749978163
0 -112882783871
0 -113015589579
0 -113148395287
0 -113281200995
0 -113414006703
0 -113546812411
0 -113679618119
0 -113812423827
0 -113945229535
0 -114078035243
0 -114210840951
0 -114343646659
0 -114476452367
0 -114609258075
0 -114742063783
0 -114874869491
0 -115007675199
0 -115140480907
0 -115273286615
0 -115406092323
0 -115538898031
0 -115671703739
0 -115804509447
0 -115937315155
0 -116070120863
0 -116202926571
0 -116335732279
0 -116468537987
0 -116601343695
0 -116734149403
0 -116866955111
0 -116999760819
0 -117132566527
0 -117265372235
0 -117398177943
0 -117530983651
0 -117663789359
0 -117796595067
0 -117929400775
0 -118062206483
0 -118195012191
0 -118327817899
0 -118460623607
0 -118593429315
0 -118726235023
0 -118859040731
0 -118991846439
0 -119124652147
0 -119257457855
0 -119390263563
0 -119523069271
0 -119655874979
0 -119788680687
0 -119921486395
0 -120054292103
0 -120187097811
0 -120319903519
0 -120452709227
0 -120585514935
0 -120718320643
0 -120851126351
0 -120983932059
0 -121116737767
0 -121249543475
0 -121382349183
0 -121515154891
0 -121647960599
0 -121780766307
0 -121913572015
0 -122046377723
0 -122179183431
0 -122311989139
0 -122444794847
0 -122577600555
0 -122710406263
0 -122843211971
0 -122976017679
0 -123108823387
0 -123241629095
0 -123374434803
0 -123507240511
0 -123640046219
0 -123772851927
0 -123905657635
0 -124038463343
0 -124171269051
0 -124304074759
0 -124436880467
0 -124569686175
0 -124702491883
0 -124835297591
0 -124968103299
0 -125100909007
0 -125233714715
0 -125366520423
0 -125499326131
0 -125632131839
0 -125764937547
0 -125897743255
0 -126030548963
0 -126163354671
0 -126296160379
0 -126428966087
0 -126561771795
0 -126694577503
0 -126827383211
0 -126960188919
0 -127092994627
0 -127225800335
0 -127358606043
0 -127491411751
0 -127624217459
0 -127757023167
0 -127889828875
0 -128022634583
0 -128155440291
0 -128288245999
0 -128421051707
0 -128553857415
0 -128686663123
0 -128819468831
0 -128952274539
0 -129085080247
0 -129217885955
0 -129350691663
0 -129483497371
0 -129616303079
0 -129749108787
0 -129881914495
0 -130014720203
0 -130147525911
0 -130280331619
0 -130413137327
0 -130545943035
0 -130678748743
0 -130811554451
0 -130944360159
0 -131077165867
0 -131209971575
0 -131342777283
0 -131475582991
0 -131608388699
0 -131741194407
0 -131874000115
0 -132006805823
0 -132139611531
0 -132272417239
0 -132405222947
0 -132538028655
0 -132670834363
0 -132803640071
0 -132936445779
0 -133069251487
0 -133202057195
0 -133334862903
0 -133467668611
0 -133600474319
0 -133733280027
0 -133866085735
0 -133998891443
0 -134131697151
0 -134264502859
0 -134397308567
0 -134530114275
0 -134662919983
0 -134795725691
0 -134928531399
0 -135061337107
0 -135194142815
0 -135326948523
0 -135459754231
0 -135592559939
0 -135725365647
0 -135858171355
0 -135990977063
0 -136123782771
0 -136256588479
0 -136389394187
0 -136522199895
0 -136655005603
0 -136787811311
0 -136920617019
0 -137053422727
0 -137186228435
0 -137319034143
0 -137451839851
0 -137584645559
0 -137717451267
0 -137850256975
0 -137983062683
0 -138115868391
0 -138248674099
0 -138381479807
0 -138514285515
0 -138647091223
0 -138779896931
0 -138912702639
0 -139045508347
0 -139178314055
0 -139311119763
0 -139443925471
0 -139576731179
0 -139709536887
0 -139842342595
0 -139975148303
0 -140107954011
0 -140240759719
0 -140373565427
0 -140506371135
0 -140639176843
0 -140771982551
0 -140904788259
0 -141037593967
0 -141170399675
0 -141303205383
0 -141436011091
0 -141568816799
0 -141701622507
0 -141834428215
0 -141967233923
0 -142100039631
0 -142232845339
0 -142365651047
0 -142498456755
0 -142631262463
0 -142764068171
0 -142896873879
0 -143029679587
0 -143162485295
0 -143295291003
0 -143428096711
0 -143560902419
0 -143693708127
0 -143826513835
0 -143959319543
0 -144092125251
0 -144224930959
0 -144357736667
0 -144490542375
0 -144623348083
0 -144756153791
0 -144888959499
0 -145021765207
0 -145154570915
0 -145032662347
0 -145165235221
0 -145297808095
0 -145430380969
0 -145562953843
0 -145695526717
0 -145828099591
0 -145960672465
0 -146093245339
0 -146225818213
0 -146358391087
0 -146490963961
0 -146623536835
0 -146756109709
0 -146888682583
0 -147021255457
0 -147153828331
0 -147286401205
0 -147418974079
0 -147551546953
0 -147684119827
0 -147816692701
0 -147949265575
0 -148081838449
0 -148214411323
0 -148346984197
0 -148479557071
0 -148612129945
0 -148744702819
0 -148877275693
0 -149009848567
0 -149142421441
0 -149274994315
0 -149407567189
0 -149540140063
0 -149672712937
0 -149805285811
0 -149937858685
0 -150070431559
0 -150203004433
0 -150335577307
0 -150468150181
0 -150600723055
0 -150733295929
0 -150865868803
0 -150998441677
0 -151131014551
0 -151263587425
0 -151396160299
0 -151528733173
0 -151661306047
0 -151793878921
0 -151926451795
0 -152059024669
0 -152191597543
0 -152324170417
0 -152456743291
0 -152589316165
0 -152721889039
0 -152854461913
0 -152987034787
0 -153119607661
0 -153252180535
0 -153384753409
0 -153517326283
0 -153649899157
0 -153782472031
0 -153915044905
0 -154047617779
0 -154180190653
0 -154312763527
0 -154445336401
0 -154577909275
0 -154710482149
0 -154843055023
0 -154975627897
0 -155108200771
0 -155240773645
0 -155373346519
0 -155505919393
0 -155638492267
0 -155771065141
0 -155903638015
0 -156036210889
0 -156168783763
0 -156301356637
0 -156433929511
0 -156566502385
0 -156699075259
0 -156831648133
0 -156964221007
0 -157096793881
0 -157229366755
0 -157361939629
0 -157494512503
0 -157627085377
0 -157759658251
0 -157892231125
0 -158024803999
0 -158157376873
0 -158289949747
0 -158422522621
0 -158555095495
0 -158687668369
0 -158820241243
0 -158952814117
0 -159085386991
0 -159217959865
0 -159350532739
0 -159483105613
0 -159615678487
0 -159748251361
0 -159880824235
0 -160013397109
0 -160145969983
0 -160278542857
0 -160411115731
0 -160543688605
0 -160676261479
0 -160808834353
0 -160941407227
0 -161073980101
0 -161206552975
0 -161339125849
0 -161471698723
0 -161604271597
0 -161736844471
0 -161869417345
0 -162001990219
0 -162134563093
0 -162267135967
0 -162399708841
0 -162532281715
0 -162664854589
0 -162797427463
0 -162930000337
0 -163062573211
0 -163195146085
0 -163327718959
0 -163460291833
0 -163592864707
0 -163725437581
0 -163858010455
0 -163990583329
0 -164123156203
0 -164255729077
0 -164388301951
0 -164520874825
0 -164653447699
0 -164786020573
0 -164918593447
0 -165051166321
0 -165183739195
0 -165316312069
0 -165448884943
0 -165581457817
0 -165714030691
0 -165846603565
0 -165979176439
0 -166111749313
0 -166244322187
0 -166376895061
0 -166509467935
0 -166642040809
0 -166774613683
0 -166907186557
0 -167039759431
0 -167172332305
0 -167304905179
0 -167437478053
0 -167570050927
0 -167702623801
0 -167835196675
0 -167967769549
0 -168100342423
0 -168232915297
0 -168365488171
0 -168498061045
0 -168630633919
0 -168763206793
0 -168895779667
0 -169028352541
0 -169160925415
0 -169293498289
0 -169426071163
0 -169558644037
0 -169691216911
0 -169823789785
0 -169956362659
0 -170088935533
0 -170221508407
0 -170354081281
0 -170486654155
0 -170619227029
0 -170751799903
0 -170884372777
0 -171016945651
0 -171149518525
0 -171282091399
0 -171414664273
0 -171547237147
0 -171679810021
0 -171812382895
0 -171944955769
0 -172077528643
0 -172210101517
0 -172342674391
0 -172475247265
0 -172607820139
0 -172740393013
0 -172872965887
0 -173005538761
0 -173138111635
0 -173270684509
0 -173403257383
0 -173535830257
0 -173668403131
0 -173800976005
0 -173933548879
0 -174066121753
0 -174198694627
0 -174331267501
0 -174463840375
0 -174596413249
0 -174728986123
0 -174861558997
0 -174994131871
0 -175126704745
0 -175259277619
0 -175391850493
0 -175524423367
0 -175656996241
0 -175789569115
0 -175922141989
0 -176054714863
0 -176187287737
0 -176319860611
0 -176452433485
0 -176585006359
0 -176717579233
0 -176850152107
0 -176982724981
0 -177115297855
0 -177247870729
0 -177380443603
0 -177513016477
0 -177645589351
0 -177778162225
0 -177910735099
0 -178043307973
0 -178175880847
0 -178308453721
0 -178441026595
0 -178573599469
0 -178706172343
0 -178838745217
0 -178971318091
0 -179103890965
0 -179236463839
0 -179369036713
0 -179501609587
0 -179634182461
0 -179766755335
0 -179899328209
0 -180031901083
0 -180164473957
0 -180297046831
0 -180429619705
0 -180562192579
0 -180694765453
0 -180827338327
0 -180959911201
0 -181092484075
0 -181225056949
0 -181357629823
0 -181490202697
0 -181622775571
0 -181755348445
0 -181887921319
0 -182020494193
0 -182153067067
0 -182285639941
0 -182418212815
0 -182550785689
0 -182683358563
0 -182815931437
0 -182948504311
0 -183081077185
0 -183213650059
0 -183346222933
0 -183478795807
0 -183611368681
0 -183743941555
0 -183876514429
0 -184009087303
0 -184141660177
0 -184274233051
0 -184406805925
0 -184539378799
0 -184671951673
0 -184804524547
0 -184937097421
0 -185069670295
0 -185202243169
0 -185334816043
0 -185467388917
0 -185599961791
0 -185732534665
0 -185865107539
0 -185997680413
0 -186130253287
0 -186262826161
0 -186395399035
0 -186527971909
0 -186660544783
0 -186793117657
0 -186925690531
0 -187058263405
0 -187190836279
0 -187323409153
0 -187455982027
0 -187588554901
0 -187721127775
0 -187853700649
0 -187986273523
0 -188118846397
0 -188251419271
0 -188383992145
0 -188516565019
0 -188649137893
0 -188781710767
0 -188914283641
0 -189046856515
0 -189179429389
0 -189312002263
0 -189444575137
0 -189577148011
0 -189709720885
0 -189842293759
0 -189974866633
0 -190107439507
0 -190240012381
0 -190372585255
0 -190505158129
0 -190637731003
0 -190770303877
0 -190902876751
0 -191035449625
0 -191168022499
0 -191300595373
0 -191433168247
0 -191565741121
0 -191698313995
0 -191830886869
0 -191963459743
0 -192096032617
0 -192228605491
0 -192361178365
0 -192493751239
0 -192626324113
0 -192758896987
0 -192891469861
0 -193024042735
0 -193156615609
0 -193289188483
0 -193421761357
0 -193554334231
0 -193686907105
0 -193819479979
0 -193952052853
0 -194084625727
0 -194217198601
0 -194349771475
0 -194482344349
0 -194614917223
0 -194747490097
0 -194880062971
0 -195012635845
0 -194831841768
0 -194964201749
0 -195096561730
0 -195228921711
0 -195361281692
0 -195493641673
0 -195626001654
0 -195758361635
0 -195890721616
0 -196023081597
0 -196155441578
0 -196287801559
0 -196420161540
0 -196552521521
0 -196684881502
0 -196817241483
0 -196949601464
0 -197081961445
0 -197214321426
0 -197346681407
0 -197479041388
0 -197611401369
0 -197743761350
0 -197876121331
0 -198008481312
0 -198140841293
0 -198273201274
0 -198405561255
0 -198537921236
0 -198670281217
0 -198802641198
0 -198935001179
0 -199067361160
0 -199199721141
0 -199332081122
0 -199464441103
0 -199596801084
0 -199729161065
0 -199861521046
0 -199993881027
0 -200126241008
0 -200258600989
0 -200390960970
0 -200523320951
0 -200655680932
0 -200788040913
0 -200920400894
0 -201052760875
0 -201185120856
0 -201317480837
0 -201449840818
0 -201582200799
0 -201714560780
0 -201846920761
0 -201979280742
0 -202111640723
0 -202244000704
0 -202376360685
0 -202508720666
0 -202641080647
0 -202773440628
0 -202905800609
0 -203038160590
0 -203170520571
0 -203302880552
0 -203435240533
0 -203567600514
0 -203699960495
0 -203832320476
0 -203964680457
0 -204097040438
0 -204229400419
0 -204361760400
0 -204494120381
0 -204626480362
0 -204758840343
0 -204891200324
0 -205023560305
0 -205155920286
0 -205288280267
0 -205420640248
0 -205553000229
0 -205685360210
0 -205817720191
0 -205950080172
0 -206082440153
0 -206214800134
0 -206347160115
0 -206479520096
0 -206611880077
0 -206744240058
0 -206876600039
0 -207008960020
0 -207141320001
0 -207273679982
0 -207406039963
0 -207538399944
0 -207670759925
0 -207803119906
0 -207935479887
0 -208067839868
0 -208200199849
0 -208332559830
0 -208464919811
0 -208597279792
0 -208729639773
0 -208861999754
0 -208994359735
0 -209126719716
0 -209259079697
0 -209391439678
0 -209523799659
0 -209656159640
0 -209788519621
0 -209920879602
0 -210053239583
0 -210185599564
0 -210317959545
0 -210450319526
0 -210582679507
0 -210715039488
0 -210847399469
0 -210979759450
0 -211112119431
0 -211244479412
0 -211376839393
0 -211509199374
0 -211641559355
0 -211773919336
0 -211906279317
0 -212038639298
0 -212170999279
0 -212303359260
0 -212435719241
0 -212568079222
0 -212700439203
0 -212832799184
0 -212965159165
0 -213097519146
0 -213229879127
0 -213362239108
0 -213494599089
0 -213626959070
0 -213759319051
0 -213891679032
0 -214024039013
0 -214156398994
0 -214288758975
0 -214421118956
0 -214553478937
0 -214685838918
0 -214818198899
0 -214950558880
0 -215082918861
0 -215215278842
0 -215347638823
0 -215479998804
0 -215612358785
0 -215744718766
0 -215877078747
0 -216009438728
0 -216141798709
0 -216274158690
0 -216406518671
0 -216538878652
0 -216671238633
0 -216803598614
0 -216935958595
0 -217068318576
0 -217200678557
0 -217333038538
0 -217465398519
0 -217597758500
0 -217730118481
0 -217862478462
0 -217994838443
0 -218127198424
0 -218259558405
0 -218391918386
0 -218524278367
0 -218656638348
0 -218788998329
0 -218921358310
0 -219053718291
0 -219186078272
0 -219318438253
0 -219450798234
0 -219583158215
0 -219715518196
0 -219847878177
0 -219980238158
0 -220112598139
0 -220244958120
0 -220377318101
0 -220509678082
0 -220642038063
0 -220774398044
0 -220906758025
0 -221039118006
0 -221171477987
0 -221303837968
0 -221436197949
0 -221568557930
0 -221700917911
0 -221833277892
0 -221965637873
0 -222097997854
0 -222230357835
0 -222362717816
0 -222495077797
0 -222627437778
0 -222759797759
0 -222892157740
0 -223024517721
0 -223156877702
0 -223289237683
0 -223421597664
0 -223553957645
0 -223686317626
0 -223818677607
0 -223951037588
0 -224083397569
0 -224215757550
0 -224348117531
0 -224480477512
0 -224612837493
0 -224745197474
0 -224877557455
0 -225009917436
0 -225142277417
0 -225274637398
0 -225406997379
0 -225539357360
0 -225671717341
0 -225804077322
0 -225936437303
0 -226068797284
0 -226201157265
0 -226333517246
0 -226465877227
0 -226598237208
0 -226730597189
0 -226862957170
0 -226995317151
0 -227127677132
0 -227260037113
0 -227392397094
0 -227524757075
0 -227657117056
0 -227789477037
0 -227921837018
0 -228054196999
0 -228186556980
0 -228318916961
0 -228451276942
0 -228583636923
0 -228715996904
0 -228848356885
0 -228980716866
0 -229113076847
0 -229245436828
0 -229377796809
0 -229510156790
0 -229642516771
0 -229774876752
0 -229907236733
0 -230039596714
0 -230171956695
0 -230304316676
0 -230436676657
0 -230569036638
0 -230701396619
0 -230833756600
0 -230966116581
0 -231098476562
0 -231230836543
0 -231363196524
0 -231495556505
0 -231627916486
0 -231760276467
0 -231892636448
0 -232024996429
0 -232157356410
0 -232289716391
0 -232422076372
0 -232554436353
0 -232686796334
0 -232819156315
0 -232951516296
0 -233083876277
0 -233216236258
0 -233348596239
0 -233480956220
0 -233613316201
0 -233745676182
0 -233878036163
0 -234010396144
0 -234142756125
0 -234275116106
0 -234407476087
0 -234539836068
0 -234672196049
0 -234804556030
0 -234936916011
0 -235069275992
0 -235201635973
0 -235333995954
0 -235466355935
0 -235598715916
0 -235731075897
0 -235863435878
0 -235995795859
0 -236128155840
0 -236260515821
0 -236392875802
0 -236525235783
0 -236657595764
0 -236789955745
0 -236922315726
0 -237054675707
0 -237187035688
0 -237319395669
0 -237451755650
0 -237584115631
0 -237716475612
0 -237848835593
0 -237981195574
0 -238113555555
0 -238245915536
0 -238378275517
0 -238510635498
0 -238642995479
0 -238775355460
0 -238907715441
0 -239040075422
0 -239172435403
0 -239304795384
0 -239437155365
0 -239569515346
0 -239701875327
0 -239834235308
0 -239966595289
0 -240098955270
0 -240231315251
0 -240363675232
0 -240496035213
0 -240628395194
0 -240760755175
0 -240893115156
0 -241025475137
0 -241157835118
0 -241290195099
0 -241422555080
0 -241554915061
0 -241687275042
0 -241819635023
0 -241951995004
0 -242084354985
0 -242216714966
0 -242349074947
0 -242481434928
0 -242613794909
0 -242746154890
0 -242878514871
0 -243010874852
0 -243143234833
0 -243275594814
0 -243407954795
0 -243540314776
0 -243672674757
0 -243805034738
0 -243937394719
0 -244069754700
0 -244202114681
0 -244334474662
0 -244466834643
0 -244599194624
0 -244731554605
0 -244863914586
0 -244996274567
0 -245128634548
0 -245260994529
0 -245393354510
0 -245525714491
0 -245658074472
0 -245790434453
0 -245922794434
0 -246055154415
0 -246187514396
0 -246319874377
0 -246452234358
0 -246584594339
0 -246716954320
0 -246849314301
0 -246981674282
0 -247114034263
0 -247246394244
0 -247378754225
0 -247511114206
0 -247643474187
0 -247775834168
0 -247908194149
0 -248040554130
0 -248172914111
0 -248305274092
0 -248437634073
0 -248569994054
0 -248702354035
0 -248834714016
0 -248967073997
0 -249099433978
0 -249231793959
0 -249364153940
0 -249496513921
0 -249628873902
0 -249761233883
0 -249893593864
0 -250025953845
0 -250158313826
0 -250290673807
0 -250423033788
0 -250555393769
0 -250687753750
0 -250820113731
0 -250952473712
0 -251084833693
0 -251217193674
0 -251349553655
0 -251481913636
0 -251614273617
0 -251746633598
0 -251878993579
0 -252011353560
0 -252143713541
0 -252276073522
0 -252408433503
0 -252540793484
0 -252673153465
0 -252805513446
0 -252937873427
0 -253070233408
0 -253202593389
0 -253334953370
0 -253467313351
0 -253599673332
0 -253732033313
0 -253864393294
0 -253996753275
0 -254129113256
0 -254261473237
0 -254393833218
0 -254526193199
0 -254658553180
0 -254790913161
0 -254923273142
0 -255055633123
0 -255187993104
0 -255320353085
0 -255452713066
0 -255585073047
0 -255717433028
0 -255849793009
0 -255982152990
0 -256114512971
0 -256246872952
0 -256379232933
0 -256511592914
0 -256643952895
0 -256776312876
0 -256908672857
0 -257041032838
0 -257173392819
0 -257305752800
0 -257438112781
0 -257570472762
0 -257702832743
0 -257835192724
0 -257967552705
0 -258099912686
0 -258232272667
0 -258364632648
0 -258496992629
0 -258629352610
0 -258761712591
0 -258894072572
0 -259026432553
0 -259158792534
0 -259291152515
0 -259423512496
0 -259555872477
0 -259688232458
0 -259820592439
0 -259952952420
0 -260085312401
0 -260217672382
0 -260350032363
0 -260482392344
0 -260614752325
0 -260747112306
0 -260879472287
0 -261011832268
0 -261144192249
0 -261276552230
0 -261408912211
0 -261541272192
0 -261673632173
0 -261805992154
0 -261938352135
0 -262070712116
0 -262203072097
0 -262335432078
0 -262467792059
0 -262600152040
0 -262732512021
0 -262864872002
0 -262997231983
0 -263129591964
0 -263261951945
0 -263394311926
0 -263526671907
0 -263659031888
0 -263791391869
0 -263923751850
0 -264056111831
0 -264188471812
0 -264320831793
0 -264453191774
0 -264585551755
0 -264717911736
0 -264850271717
0 -264982631698
0 -265114991679
0 -265247351660
0 -265379711641
0 -265512071622
0 -265644431603
0 -265776791584
0 -265909151565
0 -266041511546
0 -266173871527
0 -266306231508
0 -266438591489
0 -266570951470
0 -266703311451
0 -266835671432
0 -266968031413
0 -267100391394
0 -267232751375
0 -267365111356
0 -267497471337
0 -267629831318
0 -267762191299
0 -267894551280
0 -268026911261
0 -268159271242
0 -268291631223
0 -268423991204
0 -268556351185
0 -268688711166
0 -268821071147
0 -268953431128
0 -269085791109
0 -269218151090
0 -269350511071
0 -269482871052
0 -269615231033
0 -269747591014
0 -269879950995
0 -270012310976
0 -270144670957
0 -270277030938
0 -270409390919
0 -270541750900
0 -270674110881
0 -270806470862
0 -270938830843
0 -271071190824
0 -271203550805
0 -271335910786
0 -271468270767
0 -271600630748
0 -271732990729
0 -271865350710
0 -271997710691
0 -272130070672
0 -272262430653
0 -272394790634
0 -272527150615
0 -272659510596
0 -272791870577
0 -272924230558
0 -273056590539
0 -273188950520
0 -273321310501
0 -273453670482
0 -273586030463
0 -273718390444
0 -273850750425
0 -273983110406
0 -274115470387
0 -274247830368
0 -274380190349
0 -274512550330
0 -274644910311
0 -274777270292
0 -274909630273
0 -275041990254
0 -275174350235
0 -275306710216
0 -275439070197
0 -275571430178
0 -275703790159
0 -275836150140
0 -275968510121
0 -276100870102
0 -276233230083
0 -276365590064
0 -276497950045
0 -276630310026
0 -276762670007
0 -276895029988
0 -277027389969
0 -277159749950
0 -277292109931
0 -277424469912
0 -277556829893
0 -277689189874
0 -277821549855
0 -277953909836
0 -278086269817
0 -278218629798
0 -278350989779
0 -278483349760
0 -278615709741
0 -278748069722
0 -278880429703
0 -279012789684
0 -279145149665
0 -279277509646
0 -279409869627
0 -279542229608
0 -279674589589
0 -279806949570
0 -279939309551
0 -280071669532
0 -280204029513
0 -280336389494
0 -280468749475
0 -280601109456
0 -280733469437
0 -280865829418
0 -280998189399
0 -281130549380
0 -281262909361
0 -281395269342
0 -281527629323
0 -281659989304
0 -281792349285
0 -281924709266
0 -282057069247
0 -282189429228
0 -282321789209
0 -282454149190
0 -282586509171
0 -282718869152
0 -282851229133
0 -282983589114
0 -283115949095
0 -283248309076
0 -283380669057
0 -283513029038
0 -283645389019
0 -283777749000
0 -283910108981
0 -284042468962
0 -284174828943
0 -284307188924
0 -284439548905
0 -284571908886
0 -284704268867
0 -284836628848
0 -284968988829
0 -285101348810
0 -285233708791
0 -285366068772
0 -285498428753
0 -285630788734
0 -285763148715
0 -285895508696
0 -286027868677
0 -286160228658
0 -286292588639
0 -286424948620
0 -286557308601
0 -286689668582
0 -286822028563
0 -286954388544
0 -287086748525
0 -287219108506
0 -287351468487
0 -287483828468
0 -287616188449
0 -287748548430
0 -287880908411
0 -288013268392
0 -288145628373
0 -288277988354
0 -288410348335
0 -288542708316
0 -288675068297
0 -288807428278
0 -288939788259
0 -289072148240
0 -289204508221
0 -289336868202
0 -289469228183
0 -289601588164
0 -289733948145
0 -289866308126
0 -289998668107
0 -290131028088
0 -290263388069
0 -290395748050
0 -290528108031
0 -290660468012
0 -290792827993
0 -290925187974
0 -291057547955
0 -291189907936
0 -291322267917
0 -291454627898
0 -291586987879
0 -291719347860
0 -291851707841
0 -291984067822
0 -292116427803
0 -292248787784
0 -292381147765
0 -292513507746
0 -292645867727
0 -292778227708
0 -292910587689
0 -293042947670
0 -293175307651
0 -293307667632
0 -293440027613
0 -293572387594
0 -293704747575
0 -293837107556
0 -293969467537
0 -294101827518
0 -294234187499
0 -294366547480
0 -294498907461
0 -294631267442
0 -294763627423
0 -294895987404
0 -295028347385
0 -295160707366
0 -295293067347
0 -295425427328
0 -295557787309
0 -295690147290
0 -295822507271
0 -295954867252
0 -296087227233
0 -296219587214
0 -296351947195
0 -295953179055
0 -296085301924
0 -296217424793
0 -296349547662
0 -296481670531
0 -296613793400
0 -296745916269
0 -296878039138
0 -297010162007
0 -297142284876
0 -297274407745
0 -297406530614
0 -297538653483
0 -297670776352
0 -297802899221
0 -297935022090
0 -298067144959
0 -298199267828
0 -298331390697
0 -298463513566
0 -298595636435
0 -298727759304
0 -298859882173
0 -298992005042
0 -299124127911
0 -299256250780
0 -299388373649
0 -299520496518
0 -299652619387
0 -299784742256
0 -299916865125
0 -300048987994
0 -300181110863
0 -300313233732
0 -300445356601
0 -300577479470
0 -300709602339
0 -300841725208
0 -300973848077
0 -301105970946
0 -301238093815
0 -301370216684
0 -301502339553
0 -301634462422
0 -301766585291
0 -301898708160
0 -302030831029
0 -302162953898
0 -302295076767
0 -302427199636
0 -302559322505
0 -302691445374
0 -302823568243
0 -302955691112
0 -303087813981
0 -303219936850
0 -303352059719
0 -303484182588
0 -303616305457
0 -303748428326
0 -303880551195
0 -304012674064
0 -304144796933
0 -304276919802
0 -304409042671
0 -304541165540
0 -304673288409
0 -304805411278
0 -304937534147
0 -305069657016
0 -305201779885
0 -305333902754
0 -305466025623
0 -305598148492
0 -305730271361
0 -305862394230
0 -305994517099
0 -306126639968
0 -306258762837
0 -306390885706
0 -306523008575
0 -306655131444
0 -306787254313
0 -306919377182
0 -307051500051
0 -307183622920
0 -307315745789
0 -307447868658
0 -307579991527
0 -307712114396
0 -307844237265
0 -307976360134
0 -308108483003
0 -308240605872
0 -308372728741
0 -308504851610
0 -308636974479
0 -308769097348
0 -308901220217
0 -309033343086
0 -309165465955
0 -309297588824
0 -309429711693
0 -309561834562
0 -309693957431
0 -309826080300
0 -309958203169
0 -310090326038
0 -310222448907
0 -310354571776
0 -310486694645
0 -310618817514
0 -310750940383
0 -310883063252
0 -311015186121
0 -311147308990
0 -311279431859
0 -311411554728
0 -311543677597
0 -311675800466
0 -311807923335
0 -311940046204
0 -312072169073
0 -312204291942
0 -312336414811
0 -312468537680
0 -312600660549
0 -312732783418
0 -312864906287
0 -312997029156
0 -313129152025
0 -313261274894
0 -313393397763
0 -313525520632
0 -313657643501
0 -313789766370
0 -313921889239
0 -314054012108
0 -314186134977
0 -314318257846
0 -314450380715
0 -314582503584
0 -314714626453
0 -314846749322
0 -314978872191
0 -315110995060
0 -315243117929
0 -315375240798
0 -315507363667
0 -315639486536
0 -315771609405
0 -315903732274
0 -316035855143
0 -316167978012
0 -316300100881
0 -316432223750
0 -316564346619
0 -316696469488
0 -316828592357
0 -316960715226
0 -317092838095
0 -317224960964
0 -317357083833
0 -317489206702
0 -317621329571
0 -317753452440
0 -317885575309
0 -318017698178
0 -318149821047
0 -318281943916
0 -318414066785
0 -318546189654
0 -318678312523
0 -318810435392
0 -318942558261
0 -319074681130
0 -319206803999
0 -319338926868
0 -319471049737
0 -319603172606
0 -319735295475
0 -319867418344
0 -319999541213
0 -320131664082
0 -320263786951
0 -320395909820
0 -320528032689
0 -320660155558
0 -320792278427
0 -320924401296
0 -321056524165
0 -321188647034
0 -321320769903
0 -321452892772
0 -321585015641
0 -321717138510
0 -321849261379
0 -321981384248
0 -322113507117
0 -322245629986
0 -322377752855
0 -322509875724
0 -322641998593
0 -322774121462
0 -322906244331
0 -323038367200
0 -323170490069
0 -323302612938
0 -323434735807
0 -323566858676
0 -323698981545
0 -323831104414
0 -323963227283
0 -324095350152
0 -324227473021
0 -324359595890
0 -324491718759
0 -324623841628
0 -324755964497
0 -324888087366
0 -325020210235
0 -325152333104
0 -325284455973
0 -325416578842
0 -325548701711
0 -325680824580
0 -325812947449
