0
0 -8817506
0 -18596496
0 -28251026
0 -37213308
0 -46748618
0 -56283928
0 -65819238
0 -75182524
0 -84694459
0 -94206394
0 -103718329
0 -113230264
0 -122081615
0 -131352810
0 -140800583
0 -150248356
0 -159696129
0 -169143902
0 -178591675
0 -188039448
0 -197487221
0 -206934994
0 -215438505
0 -224845889
0 -232247233
0 -241573924
0 -250881473
0 -260206891
0 -269532309
0 -278857727
0 -288183145
0 -297508563
0 -306833981
0 -316159399
0 -325484817
0 -334810235
0 -344135653
0 -353461071
0 -362786489
0 -372111907
0 -381437325
0 -390762743
0 -400088161
0 -409413579
0 -418738997
0 -428064415
0 -437389833
0 -446715251
0 -456040669
0 -465366087
0 -474691505
0 -484016923
0 -493342341
0 -502667759
0 -511993177
0 -521318595
0 -530644013
0 -539969431
0 -549294849
0 -558620267
0 -567945685
0 -577271103
0 -585457650
0 -594764996
0 -604072342
0 -613379688
0 -622687034
0 -631994380
0 -641301726
0 -650609072
0 -659916418
0 -669223764
0 -678531110
0 -687838456
0 -697145802
0 -706453148
0 -715760494
0 -725067840
0 -734375186
0 -743682532
0 -752989878
0 -762297224
0 -771604570
0 -780911916
0 -790219262
0 -799526608
0 -808833954
0 -818141300
0 -827448646
0 -836755992
0 -846063338
0 -855370684
0 -864678030
0 -873985376
0 -883292722
0 -892600068
0 -901907414
0 -911214760
0 -920522106
0 -929829452
0 -920715358
0 -929840255
0 -938965152
0 -948090049
0 -957214946
0 -966339843
0 -975464740
0 -984589637
0 -993714534
0 -1002839431
0 -1011964328
0 -1021089225
0 -1030214122
0 -1039339019
0 -1048463916
0 -1057588813
0 -1066713710
0 -1075838607
0 -1084963504
0 -1094088401
0 -1103213298
0 -1112338195
0 -1121463092
0 -1130587989
0 -1139712886
0 -1148837783
0 -1157962680
0 -1167087577
0 -1176212474
0 -1185337371
0 -1194462268
0 -1203587165
0 -1212712062
0 -1221836959
0 -1230961856
0 -1240086753
0 -1249211650
0 -1258336547
0 -1267461444
0 -1276586341
0 -1285711238
0 -1294836135
0 -1303961032
0 -1313085929
0 -1322210826
0 -1331335723
0 -1340460620
0 -1349585517
0 -1358710414
0 -1367835311
0 -1376960208
0 -1386085105
0 -1395210002
0 -1404334899
0 -1413459796
0 -1422584693
0 -1431709590
0 -1440834487
0 -1449959384
0 -1459084281
0 -1468209178
0 -1477334075
0 -1486458972
0 -1495583869
0 -1504708766
0 -1513833663
0 -1522958560
0 -1532083457
0 -1541208354
0 -1550333251
0 -1559458148
0 -1568583045
0 -1577707942
0 -1586832839
0 -1595957736
0 -1605082633
0 -1614207530
0 -1623332427
0 -1632457324
0 -1641582221
0 -1650707118
0 -1659832015
0 -1668956912
0 -1678081809
0 -1687206706
0 -1696331603
0 -1705456500
0 -1714581397
0 -1723706294
0 -1732831191
0 -1741956088
0 -1751080985
0 -1760205882
0 -1769330779
0 -1778455676
0 -1787580573
0 -1796705470
0 -1805830367
0 -1814955264
0 -1824080161
0 -1833205058
0 -1842329955
0 -1851454852
0 -1860579749
0 -1869704646
0 -1878829543
0 -1887954440
0 -1897079337
0 -1906204234
0 -1915329131
0 -1924454028
0 -1933578925
0 -1942703822
0 -1951828719
0 -1960953616
0 -1970078513
0 -1979203410
0 -1988328307
0 -1997453204
0 -2006578101
0 -2015702998
0 -2024827895
0 -2033952792
0 -2043077689
0 -2052202586
0 -2061327483
0 -2063342203
0 -2070537901
0 -2079623222
0 -2088708543
0 -2097793864
0 -2106879185
0 -2115964506
0 -2125049827
0 -2134135148
0 -2143220469
0 -2152305790
0 -2161391111
0 -2170476432
0 -2179561753
0 -2188647074
0 -2197732395
0 -2206817716
0 -2215903037
0 -2224988358
0 -2234073679
0 -2243159000
0 -2252244321
0 -2261329642
0 -2270414963
0 -2279500284
0 -2288585605
0 -2297670926
0 -2306756247
0 -2315841568
0 -2324926889
0 -2334012210
0 -2343097531
0 -2352182852
0 -2361268173
0 -2370353494
0 -2379438815
0 -2388524136
0 -2397609457
0 -2406694778
0 -2415780099
0 -2424865420
0 -2433950741
0 -2443036062
0 -2452121383
0 -2461206704
0 -2470292025
0 -2479377346
0 -2488462667
0 -2497547988
0 -2506633309
0 -2515718630
0 -2524803951
0 -2533889272
0 -2542974593
0 -2552059914
0 -2561145235
0 -2570230556
0 -2579315877
0 -2588401198
0 -2597486519
0 -2606571840
0 -2615657161
0 -2624742482
0 -2633827803
0 -2642913124
0 -2651998445
0 -2661083766
0 -2670169087
0 -2679254408
0 -2688339729
0 -2697425050
0 -2706510371
0 -2715595692
0 -2724681013
0 -2733766334
0 -2742851655
0 -2751936976
0 -2761022297
0 -2770107618
0 -2779192939
0 -2788278260
0 -2797363581
0 -2806448902
0 -2815534223
0 -2824619544
0 -2833704865
0 -2842790186
0 -2851875507
0 -2860960828
0 -2870046149
0 -2879131470
0 -2888216791
0 -2897302112
0 -2906387433
0 -2915472754
0 -2924558075
0 -2933643396
0 -2942728717
0 -2951814038
0 -2960899359
0 -2969984680
0 -2979070001
0 -2988155322
0 -2997240643
0 -3006325964
0 -3015411285
0 -3024496606
0 -3033581927
0 -3042667248
0 -3051752569
0 -3060837890
0 -3069923211
0 -3079008532
0 -3088093853
0 -3097179174
0 -3106264495
0 -3115349816
0 -3124435137
0 -3133520458
0 -3142605779
0 -3151691100
0 -3160776421
0 -3169861742
0 -3178947063
0 -3188032384
0 -3197117705
0 -3206203026
0 -3215288347
0 -3224373668
0 -3233458989
0 -3242544310
0 -3251629631
0 -3260714952
0 -3269800273
0 -3278885594
0 -3287970915
0 -3297056236
0 -3306141557
0 -3315226878
0 -3324312199
0 -3333397520
0 -3342482841
0 -3351568162
0 -3360653483
0 -3369738804
0 -3378824125
0 -3387909446
0 -3396994767
0 -3406080088
0 -3415165409
0 -3424250730
0 -3433336051
0 -3442421372
0 -3451506693
0 -3460592014
0 -3469677335
0 -3478762656
0 -3487847977
0 -3496933298
0 -3506018619
0 -3515103940
0 -3524189261
0 -3533274582
0 -3542359903
0 -3551445224
0 -3560530545
0 -3569615866
0 -3578701187
0 -3587786508
0 -3596871829
0 -3605957150
0 -3615042471
0 -3624127792
0 -3633213113
0 -3642298434
0 -3651383755
0 -3660469076
0 -3669554397
0 -3678639718
0 -3687725039
0 -3696810360
0 -3705895681
0 -3714981002
0 -3724066323
0 -3733151644
0 -3742236965
0 -3751322286
0 -3760407607
0 -3769492928
0 -3778578249
0 -3787663570
0 -3796748891
0 -3805834212
0 -3814919533
0 -3824004854
0 -3833090175
0 -3842175496
0 -3851260817
0 -3860346138
0 -3869431459
0 -3878516780
0 -3887602101
0 -3896687422
0 -3905772743
0 -3914858064
0 -3923943385
0 -3933028706
0 -3942114027
0 -3951199348
0 -3960284669
0 -3969369990
0 -3978455311
0 -3987540632
0 -3996625953
0 -4005711274
0 -4014796595
0 -4023881916
0 -4032967237
0 -4042052558
0 -4051137879
0 -4060223200
0 -4069308521
0 -4078393842
0 -4087479163
0 -4096564484
0 -4105649805
0 -4114735126
0 -4123820447
0 -4132905768
0 -4141991089
0 -4151076410
0 -4160161731
0 -4169247052
0 -4178332373
0 -4187417694
0 -4196503015
0 -4205588336
0 -4214673657
0 -4223758978
0 -4232844299
0 -4241929620
0 -4251014941
0 -4260100262
0 -4269185583
0 -4278270904
0 -4287356225
0 -4296441546
0 -4305526867
0 -4314612188
0 -4323697509
0 -4332782830
0 -4341868151
0 -4350953472
0 -4360038793
0 -4369124114
0 -4378209435
0 -4387294756
0 -4396380077
0 -4405465398
0 -4414550719
0 -4423636040
0 -4432721361
0 -4441806682
0 -4450892003
0 -4459977324
0 -4469062645
0 -4478147966
0 -4487233287
0 -4496318608
0 -4505403929
0 -4514489250
0 -4523574571
0 -4532659892
0 -4541745213
0 -4550830534
0 -4559915855
0 -4569001176
0 -4578086497
0 -4587171818
0 -4596257139
0 -4605342460
0 -4614427781
0 -4623513102
0 -4632598423
0 -4641683744
0 -4650769065
0 -4659854386
0 -4668939707
0 -4678025028
0 -4687110349
0 -4696195670
0 -4705280991
0 -4714366312
0 -4723451633
0 -4732536954
0 -4741622275
0 -4750707596
0 -4759792917
0 -4768878238
0 -4777963559
0 -4787048880
0 -4796134201
0 -4805219522
0 -4814304843
0 -4823390164
0 -4832475485
0 -4841560806
0 -4850646127
0 -4859731448
0 -4868816769
0 -4877902090
0 -4886987411
0 -4896072732
0 -4905158053
0 -4914243374
0 -4923328695
0 -4932414016
0 -4941499337
0 -4950584658
0 -4959669979
0 -4968755300
0 -4977840621
0 -4986925942
0 -4996011263
0 -5005096584
0 -5014181905
0 -5023267226
0 -5032352547
0 -5041437868
0 -5050523189
0 -5059608510
0 -5068693831
0 -5077779152
0 -5086864473
0 -5095949794
0 -5105035115
0 -5114120436
0 -5123205757
0 -5132291078
0 -5141376399
0 -5150461720
0 -5159547041
0 -5168632362
0 -5177717683
0 -5186803004
0 -5195888325
0 -5204973646
0 -5214058967
0 -5223144288
0 -5232229609
0 -5241314930
0 -5250400251
0 -5259485572
0 -5268570893
0 -5277656214
0 -5286741535
0 -5295826856
0 -5304912177
0 -5313997498
0 -5323082819
0 -5332168140
0 -5341253461
0 -5350338782
0 -5359424103
0 -5368509424
0 -5377594745
0 -5386680066
0 -5395765387
0 -5404850708
0 -5413936029
0 -5423021350
0 -5432106671
0 -5441191992
0 -5450277313
0 -5459362634
0 -5468447955
0 -5477533276
0 -5486618597
0 -5495703918
0 -5504789239
0 -5513874560
0 -5522959881
0 -5532045202
0 -5541130523
0 -5550215844
0 -5559301165
0 -5568386486
0 -5577471807
0 -5586557128
0 -5595642449
0 -5604727770
0 -5613813091
0 -5622898412
0 -5631983733
0 -5641069054
0 -5650154375
0 -5659239696
0 -5668325017
0 -5677410338
0 -5686495659
0 -5695580980
0 -5704666301
0 -5713751622
0 -5722836943
0 -5731922264
0 -5741007585
0 -5750092906
0 -5759178227
0 -5768263548
0 -5777348869
0 -5786434190
0 -5795519511
0 -5804604832
0 -5813690153
0 -5822775474
0 -5831860795
0 -5840946116
0 -5850031437
0 -5859116758
0 -5868202079
0 -5877287400
0 -5886372721
0 -5895458042
0 -5904543363
0 -5913628684
0 -5922714005
0 -5931799326
0 -5940884647
0 -5949969968
0 -5959055289
0 -5968140610
0 -5977225931
0 -5986311252
0 -5995396573
0 -6004481894
0 -6013567215
0 -6022652536
0 -6031737857
0 -6040823178
0 -6049908499
0 -6058993820
0 -6068079141
0 -6077164462
0 -6086249783
0 -6095335104
0 -6104420425
0 -6113505746
0 -6122591067
0 -6131676388
0 -6140761709
0 -6149847030
0 -6158932351
0 -6168017672
0 -6177102993
0 -6186188314
0 -6195273635
0 -6204358956
0 -6213444277
0 -6222529598
0 -6231614919
0 -6240700240
0 -6249785561
0 -6258870882
0 -6267956203
0 -6277041524
0 -6286126845
0 -6295212166
0 -6304297487
0 -6313382808
0 -6322468129
0 -6331553450
0 -6340638771
0 -6349724092
0 -6358809413
0 -6367894734
0 -6376980055
0 -6386065376
0 -6395150697
0 -6404236018
0 -6413321339
0 -6422406660
0 -6431491981
0 -6440577302
0 -6449662623
0 -6458747944
0 -6467833265
0 -6476918586
0 -6486003907
0 -6495089228
0 -6504174549
0 -6513259870
0 -6522345191
0 -6531430512
0 -6540515833
0 -6549601154
0 -6558686475
0 -6567771796
0 -6576857117
0 -6585942438
0 -6595027759
0 -6604113080
0 -6613198401
0 -6622283722
0 -6631369043
0 -6640454364
0 -6649539685
0 -6658625006
0 -6667710327
0 -6676795648
0 -6685880969
0 -6694966290
0 -6704051611
0 -6713136932
0 -6722222253
0 -6731307574
0 -6740392895
0 -6749478216
0 -6758563537
0 -6767648858
0 -6776734179
0 -6785819500
0 -6794904821
0 -6803990142
0 -6813075463
0 -6822160784
0 -6831246105
0 -6840331426
0 -6849416747
0 -6858502068
0 -6867587389
0 -6876672710
0 -6885758031
0 -6894843352
0 -6903928673
0 -6913013994
0 -6922099315
0 -6931184636
0 -6940269957
0 -6949355278
0 -6958440599
0 -6967525920
0 -6976611241
0 -6985696562
0 -6994781883
0 -7003867204
0 -7012952525
0 -7022037846
0 -7031123167
0 -7040208488
0 -7049293809
0 -7058379130
0 -7067464451
0 -7076549772
0 -7085635093
0 -7094720414
0 -7103805735
0 -7112891056
0 -7121976377
0 -7131061698
0 -7140147019
0 -7149232340
0 -7158317661
0 -7167402982
0 -7176488303
0 -7185573624
0 -7194658945
0 -7203744266
0 -7212829587
0 -7221914908
0 -7231000229
0 -7240085550
0 -7249170871
0 -7258256192
0 -7267341513
0 -7276426834
0 -7285512155
0 -7294597476
0 -7303682797
0 -7312768118
0 -7321853439
0 -7330938760
0 -7340024081
0 -7349109402
0 -7358194723
0 -7367280044
0 -7376365365
0 -7385450686
0 -7394536007
0 -7403621328
0 -7412706649
0 -7421791970
0 -7430877291
0 -7439962612
0 -7449047933
0 -7458133254
0 -7467218575
0 -7476303896
0 -7485389217
0 -7494474538
0 -7503559859
0 -7512645180
0 -7521730501
0 -7530815822
0 -7539901143
0 -7548986464
0 -7558071785
0 -7567157106
0 -7576242427
0 -7585327748
0 -7594413069
0 -7603498390
0 -7612583711
0 -7621669032
0 -7630754353
0 -7639839674
0 -7648924995
0 -7658010316
0 -7667095637
0 -7676180958
0 -7685266279
0 -7694351600
0 -7703436921
0 -7712522242
0 -7721607563
0 -7730692884
0 -7739778205
0 -7748863526
0 -7757948847
0 -7767034168
0 -7776119489
0 -7785204810
0 -7794290131
0 -7803375452
0 -7812460773
0 -7821546094
0 -7830631415
0 -7839716736
0 -7848802057
0 -7857887378
0 -7866972699
0 -7876058020
0 -7885143341
0 -7894228662
0 -7903313983
0 -7912399304
0 -7921484625
0 -7930569946
0 -7939655267
0 -7948740588
0 -7957825909
0 -7966911230
0 -7975996551
0 -7985081872
0 -7994167193
0 -8003252514
0 -8012337835
0 -8021423156
0 -8030508477
0 -8039593798
0 -8048679119
0 -8057764440
0 -8066849761
0 -8075935082
0 -8085020403
0 -8094105724
0 -8103191045
0 -8112276366
0 -8121361687
0 -8130447008
0 -8139532329
0 -8148617650
0 -8157702971
0 -8166788292
0 -8175873613
0 -8184958934
0 -8194044255
0 -8203129576
0 -8212214897
0 -8221300218
0 -8230385539
0 -8239470860
0 -8248556181
0 -8257641502
0 -8266726823
0 -8275812144
0 -8284897465
0 -8293982786
0 -8303068107
0 -8312153428
0 -8321238749
0 -8330324070
0 -8339409391
0 -8348494712
0 -8357580033
0 -8366665354
0 -8375750675
0 -8384835996
0 -8393921317
0 -8403006638
0 -8412091959
0 -8421177280
0 -8430262601
0 -8439347922
0 -8448433243
0 -8457518564
0 -8466603885
0 -8475689206
0 -8484774527
0 -8493859848
0 -8502945169
0 -8512030490
0 -8521115811
0 -8530201132
0 -8539286453
0 -8548371774
0 -8557457095
0 -8566542416
0 -8575627737
0 -8584713058
0 -8593798379
0 -8602883700
0 -8611969021
0 -8621054342
0 -8630139663
0 -8639224984
0 -8648310305
0 -8657395626
0 -8666480947
0 -8675566268
0 -8684651589
0 -8693736910
0 -8702822231
0 -8711907552
0 -8720992873
0 -8730078194
0 -8739163515
0 -8748248836
0 -8757334157
0 -8766419478
0 -8775504799
0 -8784590120
0 -8793675441
0 -8802760762
0 -8811846083
0 -8820931404
0 -8830016725
0 -8839102046
0 -8848187367
0 -8857272688
0 -8866358009
0 -8875443330
0 -8884528651
0 -8893613972
0 -8902699293
0 -8911784614
0 -8920869935
0 -8929955256
0 -8939040577
0 -8948125898
0 -8957211219
0 -8966296540
0 -8975381861
0 -8984467182
0 -8993552503
0 -9002637824
0 -9011723145
0 -9020808466
0 -9029893787
0 -9038979108
0 -9048064429
0 -9057149750
0 -9066235071
0 -9075320392
0 -9084405713
0 -9093491034
0 -9102576355
0 -9111661676
0 -9120746997
0 -9129832318
0 -9138917639
0 -9148002960
0 -9157088281
0 -9166173602
0 -9175258923
0 -9184344244
0 -9193429565
0 -9202514886
0 -9211600207
0 -9220685528
0 -9229770849
0 -9238856170
0 -9247941491
0 -9257026812
0 -9266112133
0 -9275197454
0 -9284282775
0 -9293368096
0 -9302453417
0 -9311538738
0 -9320624059
0 -9329709380
0 -9338794701
0 -9347880022
0 -9356965343
0 -9366050664
0 -9375135985
0 -9384221306
0 -9393306627
0 -9402391948
0 -9411477269
0 -9420562590
0 -9429647911
0 -9438733232
0 -9447818553
0 -9456903874
0 -9465989195
0 -9475074516
0 -9484159837
0 -9493245158
0 -9502330479
0 -9511415800
0 -9520501121
0 -9529586442
0 -9538671763
0 -9547757084
0 -9556842405
0 -9565927726
0 -9575013047
0 -9584098368
0 -9593183689
0 -9602269010
0 -9611354331
0 -9620439652
0 -9629524973
0 -9638610294
0 -9647695615
0 -9656780936
0 -9665866257
0 -9674951578
0 -9684036899
0 -9693122220
0 -9702207541
0 -9711292862
0 -9720378183
0 -9729463504
0 -9738548825
0 -9747634146
0 -9756719467
0 -9765804788
0 -9774890109
0 -9783975430
0 -9793060751
0 -9802146072
0 -9811231393
0 -9820316714
0 -9829402035
0 -9838487356
0 -9847572677
0 -9856657998
0 -9865743319
0 -9874828640
0 -9883913961
0 -9892999282
0 -9902084603
0 -9911169924
0 -9920255245
0 -9929340566
0 -9938425887
0 -9947511208
0 -9956596529
0 -9965681850
0 -9974767171
0 -9983852492
0 -9992937813
0 -10002023134
0 -10011108455
0 -10020193776
0 -10029279097
0 -10038364418
0 -10047449739
0 -10056535060
0 -10065620381
0 -10074705702
0 -10083791023
0 -10092876344
0 -10101961665
0 -10111046986
0 -10120132307
0 -10129217628
0 -10138302949
0 -10147388270
0 -10156473591
0 -10165558912
0 -10174644233
0 -10183729554
0 -10192814875
0 -10201900196
0 -10210985517
0 -10220070838
0 -10229156159
0 -10238241480
0 -10247326801
0 -10256412122
0 -10265497443
0 -10274582764
0 -10283668085
0 -10292753406
0 -10301838727
0 -10310924048
0 -10320009369
0 -10329094690
0 -10338180011
0 -10347265332
0 -10356350653
0 -10365435974
0 -10374521295
0 -10383606616
0 -10392691937
0 -10401777258
0 -10410862579
0 -10419947900
0 -10429033221
0 -10438118542
0 -10447203863
0 -10456289184
0 -10465374505
0 -10474459826
0 -10483545147
0 -10492630468
0 -10501715789
0 -10510801110
0 -10519886431
0 -10528971752
0 -10538057073
0 -10547142394
0 -10556227715
0 -10565313036
0 -10574398357
0 -10583483678
0 -10592568999
0 -10601654320
0 -10610739641
0 -10619824962
0 -10628910283
0 -10637995604
0 -10647080925
0 -10656166246
0 -10665251567
0 -10674336888
0 -10683422209
0 -10692507530
0 -10701592851
0 -10710678172
0 -10719763493
0 -10728848814
0 -10737934135
0 -10747019456
0 -10756104777
0 -10765190098
0 -10774275419
0 -10783360740
0 -10792446061
0 -10801531382
0 -10810616703
0 -10819702024
0 -10828787345
0 -10837872666
0 -10846957987
0 -10856043308
0 -10865128629
0 -10874213950
0 -10883299271
0 -10892384592
0 -10901469913
0 -10910555234
0 -10919640555
0 -10928725876
0 -10937811197
0 -10946896518
0 -10955981839
0 -10965067160
0 -10974152481
0 -10983237802
0 -10992323123
0 -11001408444
0 -11010493765
0 -11019579086
0 -11028664407
0 -11037749728
0 -11046835049
0 -11055920370
0 -11065005691
0 -11074091012
0 -11083176333
0 -11092261654
0 -11101346975
0 -11110432296
0 -11119517617
0 -11128602938
0 -11137688259
0 -11146773580
0 -11155858901
0 -11164944222
0 -11174029543
0 -11183114864
0 -11192200185
0 -11201285506
0 -11210370827
0 -11219456148
0 -11228541469
0 -11237626790
0 -11246712111
0 -11255797432
0 -11264882753
0 -11273968074
0 -11283053395
0 -11292138716
0 -11301224037
0 -11310309358
0 -11319394679
0 -11328480000
0 -11337565321
0 -11346650642
0 -11355735963
0 -11364821284
0 -11373906605
0 -11382991926
0 -11392077247
0 -11401162568
0 -11410247889
0 -11419333210
0 -11428418531
0 -11437503852
0 -11446589173
0 -11455674494
0 -11464759815
0 -11473845136
0 -11482930457
0 -11492015778
0 -11501101099
0 -11510186420
0 -11519271741
0 -11528357062
0 -11537442383
0 -11546527704
0 -11555613025
0 -11564698346
0 -11573783667
0 -11582868988
0 -11591954309
0 -11601039630
0 -11610124951
0 -11619210272
0 -11628295593
0 -11637380914
0 -11646466235
0 -11655551556
0 -11664636877
0 -11673722198
0 -11682807519
0 -11691892840
0 -11700978161
0 -11710063482
0 -11719148803
0 -11728234124
0 -11737319445
0 -11746404766
0 -11755490087
0 -11764575408
0 -11773660729
0 -11782746050
0 -11791831371
0 -11800916692
0 -11810002013
0 -11819087334
0 -11828172655
0 -11837257976
0 -11846343297
0 -11855428618
0 -11864513939
0 -11873599260
0 -11882684581
0 -11891769902
0 -11900855223
0 -11909940544
0 -11919025865
0 -11928111186
0 -11937196507
0 -11946281828
0 -11955367149
0 -11964452470
0 -11973537791
0 -11982623112
0 -11991708433
0 -12000793754
0 -12009879075
0 -12018964396
0 -12028049717
0 -12037135038
0 -12046220359
0 -12055305680
0 -12064391001
0 -12073476322
0 -12082561643
0 -12091646964
0 -12100732285
0 -12109817606
0 -12118902927
0 -12127988248
0 -12137073569
0 -12146158890
0 -12155244211
0 -12164329532
0 -12173414853
0 -12182500174
0 -12191585495
0 -12200670816
0 -12209756137
0 -12218841458
0 -12227926779
0 -12237012100
0 -12246097421
0 -12255182742
0 -12264268063
0 -12273353384
0 -12282438705
0 -12291524026
0 -12300609347
0 -12309694668
0 -12318779989
0 -12327865310
0 -12336950631
0 -12346035952
0 -12355121273
0 -12364206594
0 -12373291915
0 -12382377236
0 -12391462557
0 -12400547878
0 -12409633199
0 -12418718520
0 -12427803841
0 -12436889162
0 -12445974483
0 -12455059804
0 -12464145125
0 -12473230446
0 -12482315767
0 -12491401088
0 -12500486409
0 -12509571730
0 -12518657051
0 -12527742372
0 -12536827693
0 -12545913014
0 -12554998335
0 -12564083656
0 -12573168977
0 -12582254298
0 -12591339619
0 -12600424940
0 -12609510261
0 -12618595582
0 -12627680903
0 -12636766224
0 -12645851545
0 -12654936866
0 -12664022187
0 -12673107508
0 -12682192829
0 -12691278150
0 -12700363471
0 -12709448792
0 -12718534113
0 -12727619434
0 -12736704755
0 -12745790076
0 -12754875397
0 -12763960718
0 -12773046039
0 -12782131360
0 -12791216681
0 -12800302002
0 -12809387323
0 -12818472644
0 -12827557965
0 -12836643286
0 -12845728607
0 -12854813928
0 -12863899249
0 -12872984570
0 -12882069891
0 -12891155212
0 -12900240533
0 -12909325854
0 -12918411175
0 -12927496496
0 -12936581817
0 -12945667138
0 -12954752459
0 -12963837780
0 -12972923101
0 -12982008422
0 -12991093743
0 -13000179064
0 -13009264385
0 -13018349706
0 -13027435027
0 -13036520348
0 -13045605669
0 -13054690990
0 -13063776311
0 -13072861632
0 -13081946953
0 -13091032274
0 -13100117595
0 -13109202916
0 -13118288237
0 -13127373558
0 -13136458879
0 -13145544200
0 -13154629521
0 -13163714842
0 -13172800163
0 -13181885484
0 -13190970805
0 -13200056126
0 -13209141447
0 -13218226768
0 -13227312089
0 -13236397410
0 -13245482731
0 -13254568052
0 -13263653373
0 -13272738694
0 -13281824015
0 -13290909336
0 -13299994657
0 -13309079978
0 -13318165299
0 -13327250620
0 -13336335941
0 -13345421262
0 -13354506583
0 -13363591904
0 -13372677225
0 -13381762546
0 -13390847867
0 -13399933188
0 -13409018509
0 -13418103830
0 -13427189151
0 -13436274472
0 -13445359793
0 -13454445114
0 -13463530435
0 -13472615756
0 -13481701077
0 -13490786398
0 -13499871719
0 -13508957040
0 -13518042361
0 -13527127682
0 -13536213003
0 -13545298324
0 -13554383645
0 -13563468966
0 -13572554287
0 -13581639608
0 -13590724929
0 -13599810250
0 -13608895571
0 -13617980892
0 -13627066213
0 -13636151534
0 -13645236855
0 -13654322176
0 -13663407497
0 -13672492818
0 -13681578139
0 -13690663460
0 -13699748781
0 -13708834102
0 -13717919423
0 -13727004744
0 -13736090065
0 -13745175386
0 -13754260707
0 -13763346028
0 -13772431349
0 -13781516670
0 -13790601991
0 -13799687312
0 -13808772633
0 -13817857954
0 -13826943275
0 -13836028596
0 -13845113917
0 -13854199238
0 -13863284559
0 -13872369880
0 -13881455201
0 -13890540522
0 -13899625843
0 -13908711164
0 -13917796485
0 -13926881806
0 -13935967127
0 -13945052448
0 -13954137769
0 -13963223090
0 -13972308411
0 -13981393732
0 -13990479053
0 -13999564374
0 -14008649695
0 -14017735016
0 -14026820337
0 -14035905658
0 -14044990979
0 -14054076300
0 -14063161621
0 -14072246942
0 -14081332263
0 -14090417584
0 -14099502905
0 -14108588226
0 -14117673547
0 -14126758868
0 -14135844189
0 -14144929510
0 -14154014831
0 -14163100152
0 -14172185473
0 -14181270794
0 -14190356115
0 -14199441436
0 -14208526757
0 -14217612078
0 -14226697399
0 -14235782720
0 -14244868041
0 -14253953362
0 -14263038683
0 -14272124004
0 -14281209325
0 -14290294646
0 -14299379967
0 -14308465288
0 -14317550609
0 -14326635930
0 -14335721251
0 -14344806572
0 -14353891893
0 -14362977214
0 -14372062535
0 -14381147856
0 -14390233177
0 -14399318498
0 -14408403819
0 -14417489140
0 -14426574461
0 -14435659782
0 -14444745103
0 -14453830424
0 -14462915745
0 -14472001066
0 -14481086387
0 -14490171708
0 -14499257029
0 -14508342350
0 -14517427671
0 -14526512992
0 -14535598313
0 -14544683634
0 -14553768955
0 -14562854276
0 -14571939597
0 -14581024918
0 -14590110239
0 -14599195560
0 -14608280881
0 -14617366202
0 -14626451523
0 -14635536844
0 -14644622165
0 -14653707486
0 -14662792807
0 -14671878128
0 -14680963449
0 -14690048770
0 -14699134091
0 -14708219412
0 -14717304733
0 -14726390054
0 -14735475375
0 -14744560696
0 -14753646017
0 -14762731338
0 -14771816659
0 -14780901980
0 -14789987301
0 -14799072622
0 -14808157943
0 -14817243264
0 -14826328585
0 -14835413906
0 -14844499227
0 -14853584548
0 -14862669869
0 -14871755190
0 -14880840511
0 -14889925832
0 -14899011153
0 -14908096474
0 -14917181795
0 -14926267116
0 -14935352437
0 -14944437758
0 -14953523079
0 -14962608400
0 -14971693721
0 -14980779042
0 -14989864363
0 -14998949684
0 -15008035005
0 -15017120326
0 -15026205647
0 -15035290968
0 -15044376289
0 -15053461610
0 -15062546931
0 -15071632252
0 -15080717573
0 -15089802894
0 -15098888215
0 -15107973536
0 -15117058857
0 -15126144178
0 -15135229499
0 -15144314820
0 -15153400141
0 -15162485462
0 -15171570783
0 -15180656104
0 -15189741425
0 -15198826746
0 -15207912067
0 -15216997388
0 -15226082709
0 -15235168030
0 -15244253351
0 -15253338672
0 -15262423993
0 -15271509314
0 -15280594635
0 -15289679956
0 -15298765277
0 -15307850598
0 -15316935919
0 -15326021240
0 -15335106561
0 -15344191882
0 -15353277203
0 -15362362524
0 -15371447845
0 -15380533166
0 -15389618487
0 -15398703808
0 -15407789129
0 -15416874450
0 -15425959771
0 -15435045092
0 -15444130413
0 -15453215734
0 -15462301055
0 -15471386376
0 -15480471697
0 -15489557018
0 -15498642339
0 -15507727660
0 -15516812981
0 -15525898302
0 -15534983623
0 -15544068944
0 -15553154265
0 -15562239586
0 -15571324907
0 -15580410228
0 -15589495549
0 -15598580870
0 -15607666191
0 -15616751512
0 -15625836833
0 -15634922154
0 -15644007475
0 -15653092796
0 -15662178117
0 -15671263438
0 -15680348759
0 -15689434080
0 -15698519401
0 -15707604722
0 -15716690043
0 -15725775364
0 -15734860685
0 -15743946006
0 -15753031327
0 -15762116648
0 -15771201969
0 -15780287290
0 -15789372611
0 -15798457932
0 -15807543253
0 -15816628574
0 -15825713895
0 -15834799216
0 -15843884537
0 -15852969858
0 -15862055179
0 -15871140500
0 -15880225821
0 -15889311142
0 -15898396463
0 -15907481784
0 -15916567105
0 -15925652426
0 -15934737747
0 -15943823068
0 -15952908389
0 -15961993710
0 -15971079031
0 -15980164352
0 -15989249673
0 -15998334994
0 -16007420315
0 -16016505636
0 -16025590957
0 -16034676278
0 -16043761599
0 -16052846920
0 -16061932241
0 -16071017562
0 -16080102883
0 -16089188204
0 -16098273525
0 -16107358846
0 -16116444167
0 -16125529488
0 -16134614809
0 -16143700130
0 -16152785451
0 -16161870772
0 -16170956093
0 -16180041414
0 -16189126735
0 -16198212056
0 -16207297377
0 -16216382698
0 -16225468019
0 -16234553340
0 -16243638661
0 -16252723982
0 -16261809303
0 -16270894624
0 -16279979945
0 -16289065266
0 -16298150587
0 -16307235908
0 -16316321229
0 -16325406550
0 -16334491871
0 -16343577192
0 -16352662513
0 -16361747834
0 -16370833155
0 -16379918476
0 -16389003797
0 -16398089118
0 -16407174439
0 -16416259760
0 -16425345081
0 -16434430402
0 -16443515723
0 -16452601044
0 -16461686365
0 -16470771686
0 -16479857007
0 -16488942328
0 -16498027649
0 -16507112970
0 -16516198291
0 -16525283612
0 -16534368933
0 -16543454254
0 -16552539575
0 -16561624896
0 -16570710217
0 -16579795538
0 -16588880859
0 -16597966180
0 -16607051501
0 -16616136822
0 -16625222143
0 -16634307464
0 -16643392785
0 -16652478106
0 -16661563427
0 -16670648748
0 -16679734069
0 -16688819390
0 -16697904711
0 -16706990032
0 -16716075353
0 -16725160674
0 -16734245995
0 -16743331316
0 -16752416637
0 -16761501958
0 -16770587279
0 -16779672600
0 -16788757921
0 -16797843242
0 -16806928563
0 -16816013884
0 -16825099205
0 -16834184526
0 -16843269847
0 -16852355168
0 -16861440489
0 -16870525810
0 -16879611131
0 -16888696452
0 -16897781773
0 -16906867094
0 -16915952415
0 -16925037736
0 -16934123057
0 -16943208378
0 -16952293699
0 -16961379020
0 -16970464341
0 -16979549662
0 -16988634983
0 -16997720304
0 -17006805625
0 -17015890946
0 -17024976267
0 -17034061588
0 -17043146909
0 -17052232230
0 -17061317551
0 -17070402872
0 -17079488193
0 -17088573514
0 -17097658835
0 -17106744156
0 -17115829477
0 -17124914798
0 -17134000119
0 -17143085440
0 -17152170761
0 -17161256082
0 -17170341403
0 -17179426724
0 -17188512045
0 -17197597366
0 -17206682687
0 -17215768008
0 -17224853329
0 -17233938650
0 -17243023971
0 -17252109292
0 -17261194613
0 -17270279934
0 -17279365255
0 -17288450576
0 -17297535897
0 -17306621218
0 -17315706539
0 -17324791860
0 -17333877181
0 -17342962502
0 -17352047823
0 -17361133144
0 -17370218465
0 -17379303786
0 -17388389107
0 -17397474428
0 -17406559749
0 -17415645070
0 -17424730391
0 -17433815712
0 -17442901033
0 -17451986354
0 -17461071675
0 -17470156996
0 -17479242317
0 -17488327638
0 -17497412959
0 -17506498280
0 -17515583601
0 -17524668922
0 -17533754243
0 -17542839564
0 -17551924885
0 -17561010206
0 -17570095527
0 -17579180848
0 -17588266169
0 -17597351490
0 -17606436811
0 -17615522132
0 -17624607453
0 -17633692774
0 -17642778095
0 -17651863416
0 -17660948737
0 -17670034058
0 -17679119379
0 -17688204700
0 -17697290021
0 -17706375342
0 -17715460663
0 -17724545984
0 -17733631305
0 -17742716626
0 -17751801947
0 -17760887268
0 -17769972589
0 -17779057910
0 -17788143231
0 -17797228552
0 -17806313873
0 -17815399194
0 -17824484515
0 -17833569836
0 -17842655157
0 -17851740478
0 -17860825799
0 -17869911120
0 -17878996441
0 -17888081762
0 -17897167083
0 -17906252404
0 -17915337725
0 -17924423046
0 -17933508367
0 -17942593688
0 -17951679009
0 -17960764330
0 -17969849651
0 -17978934972
0 -17988020293
0 -17997105614
0 -18006190935
0 -18015276256
0 -18024361577
0 -18033446898
0 -18042532219
0 -18051617540
0 -18060702861
0 -18069788182
0 -18078873503
0 -18087958824
0 -18097044145
0 -18106129466
0 -18115214787
0 -18124300108
0 -18133385429
0 -18142470750
0 -18151556071
0 -18160641392
0 -18169726713
0 -18178812034
0 -18187897355
0 -18196982676
0 -18206067997
0 -18215153318
0 -18224238639
0 -18233323960
0 -18242409281
0 -18251494602
0 -18260579923
0 -18269665244
0 -18278750565
0 -18287835886
0 -18296921207
0 -18306006528
0 -18315091849
0 -18324177170
0 -18333262491
0 -18342347812
0 -18351433133
0 -18360518454
0 -18369603775
0 -18378689096
0 -18387774417
0 -18396859738
0 -18405945059
0 -18415030380
0 -18424115701
0 -18433201022
0 -18442286343
0 -18451371664
0 -18460456985
0 -18469542306
0 -18478627627
0 -18487712948
0 -18496798269
0 -18505883590
0 -18514968911
0 -18524054232
0 -18533139553
0 -18542224874
0 -18551310195
0 -18560395516
0 -18569480837
0 -18578566158
0 -18587651479
0 -18596736800
0 -18605822121
0 -18614907442
0 -18623992763
0 -18633078084
0 -18642163405
0 -18651248726
0 -18660334047
0 -18669419368
0 -18678504689
0 -18687590010
0 -18696675331
0 -18705760652
0 -18714845973
0 -18723931294
0 -18733016615
0 -18742101936
0 -18751187257
0 -18760272578
0 -18769357899
0 -18778443220
0 -18787528541
0 -18796613862
0 -18805699183
0 -18814784504
0 -18823869825
0 -18832955146
0 -18842040467
0 -18851125788
0 -18860211109
0 -18869296430
0 -18878381751
0 -18887467072
0 -18896552393
0 -18905637714
0 -18914723035
0 -18923808356
0 -18932893677
0 -18941978998
0 -18951064319
0 -18960149640
0 -18969234961
0 -18978320282
0 -18987405603
0 -18996490924
0 -19005576245
0 -19014661566
0 -19023746887
0 -19032832208
0 -19041917529
0 -19051002850
0 -19060088171
0 -19069173492
0 -19078258813
0 -18964365585
0 -18973392374
0 -18982419163
0 -18991445952
0 -19000472741
0 -19009499530
0 -19018526319
0 -19027553108
0 -19036579897
0 -19045606686
0 -19054633475
0 -19063660264
0 -19072687053
0 -19081713842
0 -19090740631
0 -19099767420
0 -19108794209
0 -19117820998
0 -19126847787
0 -19135874576
0 -19144901365
0 -19153928154
0 -19162954943
0 -19171981732
0 -19181008521
0 -19190035310
0 -19199062099
0 -19208088888
0 -19217115677
0 -19226142466
0 -19235169255
0 -19244196044
0 -19253222833
0 -19262249622
0 -19271276411
0 -19280303200
0 -19289329989
0 -19298356778
0 -19307383567
0 -19316410356
0 -19325437145
0 -19334463934
0 -19343490723
0 -19352517512
0 -19361544301
0 -19370571090
0 -19379597879
0 -19388624668
0 -19397651457
0 -19406678246
0 -19415705035
0 -19424731824
0 -19433758613
0 -19442785402
0 -19451812191
0 -19460838980
0 -19469865769
0 -19478892558
0 -19487919347
0 -19496946136
0 -19505972925
0 -19514999714
0 -19524026503
0 -19533053292
0 -19542080081
0 -19551106870
0 -19560133659
0 -19569160448
0 -19578187237
0 -19587214026
0 -19596240815
0 -19605267604
0 -19614294393
0 -19623321182
0 -19632347971
0 -19641374760
0 -19650401549
0 -19659428338
0 -19668455127
0 -19677481916
0 -19686508705
0 -19695535494
0 -19704562283
0 -19713589072
0 -19722615861
0 -19731642650
0 -19740669439
0 -19749696228
0 -19758723017
0 -19767749806
0 -19776776595
0 -19785803384
0 -19794830173
0 -19803856962
0 -19812883751
0 -19821910540
0 -19830937329
0 -19839964118
0 -19848990907
0 -19858017696
0 -19867044485
0 -19876071274
0 -19885098063
0 -19894124852
0 -19903151641
0 -19912178430
0 -19921205219
0 -19930232008
0 -19939258797
0 -19948285586
0 -19957312375
0 -19966339164
0 -19975365953
0 -19984392742
0 -19993419531
0 -20002446320
0 -20011473109
0 -20020499898
0 -20029526687
0 -20038553476
0 -20047580265
0 -20056607054
0 -20065633843
0 -20074660632
0 -20083687421
0 -20092714210
0 -20101740999
0 -20110767788
0 -20119794577
0 -20128821366
0 -20137848155
0 -20146874944
0 -20155901733
0 -20164928522
0 -20173955311
0 -20182982100
0 -20192008889
0 -20201035678
0 -20210062467
0 -20219089256
0 -20228116045
0 -20237142834
0 -20246169623
0 -20255196412
0 -20264223201
0 -20273249990
0 -20282276779
0 -20291303568
0 -20300330357
0 -20309357146
0 -20318383935
0 -20327410724
0 -20336437513
0 -20345464302
0 -20354491091
0 -20363517880
0 -20372544669
0 -20381571458
0 -20390598247
0 -20399625036
0 -20408651825
0 -20417678614
0 -20426705403
0 -20435732192
0 -20444758981
0 -20453785770
0 -20462812559
0 -20471839348
0 -20480866137
0 -20489892926
0 -20498919715
0 -20507946504
0 -20516973293
0 -20526000082
0 -20535026871
0 -20544053660
0 -20553080449
0 -20562107238
0 -20571134027
0 -20580160816
0 -20589187605
0 -20598214394
0 -20607241183
0 -20616267972
0 -20625294761
0 -20634321550
0 -20643348339
0 -20652375128
0 -20661401917
0 -20670428706
0 -20679455495
0 -20688482284
0 -20697509073
0 -20706535862
0 -20715562651
0 -20724589440
0 -20733616229
0 -20742643018
0 -20751669807
0 -20760696596
0 -20769723385
0 -20778750174
0 -20787776963
0 -20796803752
0 -20805830541
0 -20814857330
0 -20823884119
0 -20832910908
0 -20841937697
0 -20850964486
0 -20859991275
0 -20869018064
0 -20878044853
0 -20887071642
0 -20896098431
0 -20905125220
0 -20914152009
0 -20923178798
0 -20932205587
0 -20941232376
0 -20950259165
0 -20959285954
0 -20968312743
0 -20977339532
0 -20986366321
0 -20995393110
0 -21004419899
0 -21013446688
0 -21022473477
0 -21031500266
0 -21040527055
0 -21049553844
0 -21058580633
0 -21067607422
0 -21076634211
0 -21085661000
0 -21094687789
0 -21103714578
0 -21112741367
0 -21121768156
0 -21130794945
0 -21139821734
0 -21148848523
0 -21157875312
0 -21166902101
0 -21175928890
0 -21184955679
0 -21193982468
0 -21203009257
0 -21212036046
0 -21221062835
0 -21230089624
0 -21239116413
0 -21248143202
0 -21257169991
0 -21266196780
0 -21275223569
0 -21284250358
0 -21293277147
0 -21302303936
0 -21311330725
0 -21320357514
0 -21329384303
0 -21338411092
0 -21347437881
0 -21356464670
0 -21365491459
0 -21374518248
0 -21383545037
0 -21392571826
0 -21401598615
0 -21410625404
0 -21419652193
0 -21428678982
0 -21437705771
0 -21446732560
0 -21455759349
0 -21464786138
0 -21473812927
0 -21482839716
0 -21491866505
0 -21500893294
0 -21509920083
0 -21459115074
0 -21468116763
0 -21477118452
0 -21486120141
0 -21495121830
0 -21504123519
0 -21513125208
0 -21522126897
0 -21531128586
0 -21540130275
0 -21549131964
0 -21558133653
0 -21567135342
0 -21576137031
0 -21585138720
0 -21594140409
0 -21603142098
0 -21612143787
0 -21621145476
0 -21630147165
0 -21639148854
0 -21648150543
0 -21657152232
0 -21666153921
0 -21675155610
0 -21684157299
0 -21693158988
0 -21702160677
0 -21711162366
0 -21720164055
0 -21729165744
0 -21738167433
0 -21747169122
0 -21756170811
0 -21765172500
0 -21774174189
0 -21783175878
0 -21792177567
0 -21801179256
0 -21810180945
0 -21819182634
0 -21828184323
0 -21837186012
0 -21846187701
0 -21855189390
0 -21864191079
0 -21873192768
0 -21882194457
0 -21891196146
0 -21900197835
0 -21909199524
0 -21918201213
0 -21927202902
0 -21936204591
0 -21945206280
0 -21954207969
0 -21963209658
0 -21972211347
0 -21981213036
0 -21990214725
0 -21999216414
0 -22008218103
0 -22017219792
0 -22026221481
0 -22035223170
0 -22044224859
0 -22053226548
0 -22062228237
0 -22071229926
0 -22080231615
0 -22089233304
0 -22098234993
0 -22107236682
0 -22116238371
0 -22125240060
0 -22134241749
0 -22143243438
0 -22152245127
0 -22161246816
0 -22170248505
0 -22179250194
0 -22188251883
0 -22197253572
0 -22206255261
0 -22215256950
0 -22224258639
0 -22233260328
0 -22242262017
0 -22251263706
0 -22260265395
0 -22269267084
0 -22278268773
0 -22287270462
0 -22296272151
0 -22305273840
0 -22314275529
0 -22323277218
0 -22332278907
0 -22341280596
0 -22350282285
0 -22359283974
0 -22368285663
0 -22377287352
0 -22386289041
0 -22395290730
0 -22404292419
0 -22413294108
0 -22422295797
0 -22431297486
0 -22440299175
0 -22449300864
0 -22458302553
0 -22467304242
0 -22476305931
0 -22485307620
0 -22494309309
0 -22503310998
0 -22512312687
0 -22521314376
0 -22530316065
0 -22539317754
0 -22548319443
0 -22557321132
0 -22566322821
0 -22575324510
0 -22584326199
0 -22593327888
0 -22602329577
0 -22611331266
0 -22620332955
0 -22629334644
0 -22638336333
0 -22647338022
0 -22656339711
0 -22665341400
0 -22674343089
0 -22683344778
0 -22692346467
0 -22701348156
0 -22710349845
0 -22620122763
0 -22629085136
0 -22638047509
0 -22647009882
0 -22655972255
0 -22664934628
0 -22673897001
0 -22682859374
0 -22691821747
0 -22700784120
0 -22709746493
0 -22718708866
0 -22727671239
0 -22736633612
0 -22745595985
0 -22754558358
0 -22763520731
0 -22772483104
0 -22781445477
0 -22790407850
0 -22799370223
0 -22808332596
0 -22817294969
0 -22826257342
0 -22835219715
0 -22844182088
0 -22853144461
0 -22862106834
0 -22871069207
0 -22880031580
0 -22888993953
0 -22897956326
0 -22906918699
0 -22915881072
0 -22924843445
0 -22933805818
0 -22942768191
0 -22951730564
0 -22960692937
0 -22969655310
0 -22978617683
0 -22987580056
0 -22996542429
0 -23005504802
0 -23014467175
0 -23023429548
0 -23032391921
0 -23041354294
0 -23050316667
0 -23059279040
0 -23068241413
0 -23077203786
0 -23086166159
0 -23095128532
0 -23104090905
0 -23113053278
0 -23122015651
0 -23130978024
0 -23139940397
0 -23148902770
0 -23157865143
0 -23166827516
0 -23175789889
0 -23184752262
0 -23193714635
0 -23202677008
0 -23211639381
0 -23220601754
0 -23229564127
0 -23238526500
0 -23247488873
0 -23256451246
0 -23265413619
0 -23274375992
0 -23283338365
0 -23292300738
0 -23301263111
0 -23310225484
0 -23319187857
0 -23328150230
0 -23337112603
0 -23346074976
0 -23355037349
0 -23363999722
0 -23372962095
0 -23381924468
0 -23390886841
0 -23399849214
0 -23408811587
0 -23417773960
0 -23426736333
0 -23435698706
0 -23444661079
0 -23453623452
0 -23462585825
0 -23471548198
0 -23480510571
0 -23489472944
0 -23498435317
0 -23507397690
0 -23516360063
0 -23525322436
0 -23534284809
0 -23543247182
0 -23552209555
0 -23561171928
0 -23570134301
0 -23579096674
0 -23588059047
0 -23597021420
0 -23605983793
0 -23614946166
0 -23623908539
0 -23632870912
0 -23641833285
0 -23650795658
0 -23659758031
0 -23668720404
0 -23677682777
0 -23686645150
0 -23695607523
0 -23704569896
0 -23713532269
0 -23722494642
0 -23731457015
0 -23740419388
0 -23749381761
0 -23758344134
0 -23767306507
0 -23776268880
0 -23785231253
0 -23794193626
0 -23803155999
0 -23812118372
0 -23821080745
0 -23830043118
0 -23839005491
0 -23847967864
0 -23856930237
0 -23865892610
0 -23874854983
0 -23883817356
0 -23892779729
0 -23901742102
0 -23910704475
0 -23919666848
0 -23928629221
0 -23937591594
0 -23946553967
0 -23955516340
0 -23964478713
0 -23973441086
0 -23982403459
0 -23991365832
0 -24000328205
0 -24009290578
0 -24018252951
0 -24027215324
0 -24036177697
0 -24045140070
0 -24054102443
0 -24063064816
0 -24072027189
0 -24080989562
0 -24089951935
0 -24098914308
0 -24107876681
0 -24116839054
0 -24125801427
0 -24134763800
0 -24143726173
0 -24152688546
0 -24161650919
0 -24170613292
0 -24179575665
0 -24188538038
0 -24197500411
0 -24206462784
0 -24215425157
0 -24224387530
0 -24233349903
0 -24242312276
0 -24251274649
0 -24260237022
0 -24269199395
0 -24278161768
0 -24287124141
0 -24296086514
0 -24305048887
0 -24314011260
0 -24322973633
0 -24331936006
0 -24340898379
0 -24349860752
0 -24358823125
0 -24367785498
0 -24376747871
0 -24385710244
0 -24394672617
0 -24403634990
0 -24412597363
0 -24421559736
0 -24430522109
0 -24439484482
0 -24448446855
0 -24457409228
0 -24466371601
0 -24475333974
0 -24484296347
0 -24493258720
0 -24502221093
0 -24511183466
0 -24520145839
0 -24529108212
0 -24538070585
0 -24547032958
0 -24555995331
0 -24564957704
0 -24573920077
0 -24582882450
0 -24591844823
0 -24600807196
0 -24609769569
0 -24618731942
0 -24627694315
0 -24636656688
0 -24645619061
0 -24654581434
0 -24663543807
0 -24672506180
0 -24681468553
0 -24690430926
0 -24699393299
0 -24708355672
0 -24717318045
0 -24726280418
0 -24735242791
0 -24744205164
0 -24753167537
0 -24762129910
0 -24771092283
0 -24780054656
0 -24789017029
0 -24797979402
0 -24806941775
0 -24815904148
0 -24824866521
0 -24833828894
0 -24842791267
0 -24851753640
0 -24860716013
0 -24869678386
0 -24878640759
0 -24887603132
0 -24896565505
0 -24905527878
0 -24914490251
0 -24923452624
0 -24932414997
0 -24941377370
0 -24950339743
0 -24959302116
0 -24968264489
0 -24977226862
0 -24986189235
0 -24995151608
0 -25004113981
0 -25013076354
0 -25022038727
0 -25031001100
0 -25039963473
0 -25048925846
0 -25057888219
0 -25066850592
0 -25075812965
0 -25084775338
0 -25093737711
0 -25102700084
0 -25111662457
0 -25120624830
0 -25129587203
0 -25138549576
0 -25147511949
0 -25156474322
0 -25165436695
0 -25174399068
0 -25183361441
0 -25192323814
0 -25201286187
0 -25210248560
0 -25219210933
0 -25228173306
0 -25237135679
0 -25246098052
0 -25255060425
0 -25264022798
0 -25272985171
0 -25281947544
0 -25290909917
0 -25299872290
0 -25308834663
0 -25317797036
0 -25326759409
0 -25335721782
0 -25344684155
0 -25353646528
0 -25362608901
0 -25371571274
0 -25380533647
0 -25389496020
0 -25398458393
0 -25407420766
0 -25416383139
0 -25425345512
0 -25434307885
0 -25443270258
0 -25452232631
0 -25461195004
0 -25470157377
0 -25479119750
0 -25488082123
0 -25497044496
0 -25506006869
0 -25514969242
0 -25523931615
0 -25532893988
0 -25541856361
0 -25550818734
0 -25559781107
0 -25568743480
0 -25577705853
0 -25586668226
0 -25595630599
0 -25604592972
0 -25613555345
0 -25622517718
0 -25631480091
0 -25640442464
0 -25649404837
0 -25658367210
0 -25667329583
0 -25676291956
0 -25685254329
0 -25694216702
0 -25703179075
0 -25712141448
0 -25721103821
0 -25730066194
0 -25739028567
0 -25747990940
0 -25756953313
0 -25765915686
0 -25774878059
0 -25783840432
0 -25792802805
0 -25801765178
0 -25810727551
0 -25819689924
0 -25828652297
0 -25837614670
0 -25846577043
0 -25855539416
0 -25864501789
0 -25873464162
0 -25882426535
0 -25891388908
0 -25900351281
0 -25909313654
0 -25918276027
0 -25927238400
0 -25936200773
0 -25945163146
0 -25954125519
0 -25963087892
0 -25972050265
0 -25981012638
0 -25989975011
0 -25998937384
0 -26007899757
0 -26016862130
0 -26025824503
0 -26034786876
0 -26043749249
0 -26052711622
0 -26061673995
0 -26070636368
0 -26079598741
0 -26088561114
0 -26097523487
0 -26106485860
0 -26115448233
0 -26124410606
0 -26133372979
0 -26142335352
0 -26151297725
0 -26160260098
0 -26169222471
0 -26178184844
0 -26187147217
0 -26196109590
0 -26205071963
0 -26214034336
0 -26222996709
0 -26231959082
0 -26240921455
0 -26249883828
0 -26258846201
0 -26267808574
0 -26276770947
0 -26285733320
0 -26294695693
0 -26303658066
0 -26312620439
0 -26321582812
0 -26330545185
0 -26302319758
0 -26311269474
0 -26320219190
0 -26329168906
0 -26338118622
0 -26347068338
0 -26356018054
0 -26364967770
0 -26373917486
0 -26382867202
0 -26391816918
0 -26400766634
0 -26409716350
0 -26418666066
0 -26427615782
0 -26436565498
0 -26445515214
0 -26454464930
0 -26463414646
0 -26472364362
0 -26481314078
0 -26490263794
0 -26499213510
0 -26508163226
0 -26517112942
0 -26526062658
0 -26535012374
0 -26543962090
0 -26552911806
0 -26561861522
0 -26570811238
0 -26579760954
0 -26588710670
0 -26597660386
0 -26606610102
0 -26615559818
0 -26624509534
0 -26633459250
0 -26642408966
0 -26651358682
0 -26660308398
0 -26669258114
0 -26678207830
0 -26687157546
0 -26696107262
0 -26705056978
0 -26714006694
0 -26722956410
0 -26731906126
0 -26740855842
0 -26749805558
0 -26758755274
0 -26767704990
0 -26776654706
0 -26785604422
0 -26794554138
0 -26803503854
0 -26812453570
0 -26821403286
0 -26830353002
0 -26839302718
0 -26848252434
0 -26857202150
0 -26866151866
0 -26875101582
0 -26884051298
0 -26893001014
0 -26901950730
0 -26910900446
0 -26919850162
0 -26928799878
0 -26937749594
0 -26946699310
0 -26955649026
0 -26964598742
0 -26973548458
0 -26982498174
0 -26991447890
0 -27000397606
0 -27009347322
0 -27018297038
0 -27027246754
0 -27036196470
0 -27045146186
0 -27054095902
0 -27063045618
0 -27071995334
0 -27080945050
0 -27089894766
0 -27098844482
0 -27107794198
0 -27116743914
0 -27125693630
0 -27134643346
0 -27143593062
0 -27152542778
0 -27161492494
0 -27170442210
0 -27179391926
0 -27188341642
0 -27197291358
0 -27206241074
0 -27215190790
0 -27224140506
0 -27233090222
0 -27242039938
0 -27250989654
0 -27259939370
0 -27268889086
0 -27277838802
0 -27286788518
0 -27295738234
0 -27304687950
0 -27313637666
0 -27322587382
0 -27331537098
0 -27340486814
0 -27349436530
0 -27358386246
0 -27367335962
0 -27376285678
0 -27385235394
0 -27394185110
0 -27403134826
0 -27412084542
0 -27421034258
0 -27429983974
0 -27438933690
0 -27447883406
0 -27456833122
0 -27465782838
0 -27474732554
0 -27483682270
0 -27492631986
0 -27501581702
0 -27510531418
0 -27519481134
0 -27528430850
0 -27537380566
0 -27546330282
0 -27555279998
0 -27564229714
0 -27573179430
0 -27582129146
0 -27591078862
0 -27600028578
0 -27608978294
0 -27617928010
0 -27626877726
0 -27635827442
0 -27644777158
0 -27653726874
0 -27662676590
0 -27671626306
0 -27680576022
0 -27689525738
0 -27698475454
0 -27707425170
0 -27716374886
0 -27725324602
0 -27734274318
0 -27743224034
0 -27752173750
0 -27761123466
0 -27770073182
0 -27779022898
0 -27787972614
0 -27796922330
0 -27805872046
0 -27814821762
0 -27823771478
0 -27832721194
0 -27841670910
0 -27850620626
0 -27859570342
0 -27868520058
0 -27877469774
0 -27886419490
0 -27895369206
0 -27904318922
0 -27913268638
0 -27922218354
0 -27931168070
0 -27940117786
0 -27949067502
0 -27958017218
0 -27966966934
0 -27975916650
0 -27984866366
0 -27993816082
0 -28002765798
0 -28011715514
0 -28020665230
0 -28029614946
0 -28038564662
0 -28047514378
0 -28056464094
0 -28065413810
0 -28074363526
0 -28083313242
0 -28092262958
0 -28101212674
0 -28110162390
0 -28119112106
0 -28128061822
0 -28137011538
0 -28145961254
0 -28154910970
0 -28163860686
0 -28172810402
0 -28181760118
0 -28190709834
0 -28199659550
0 -28208609266
0 -28217558982
0 -28226508698
0 -28235458414
0 -28244408130
0 -28253357846
0 -28262307562
0 -28271257278
0 -28280206994
0 -28289156710
0 -28298106426
0 -28307056142
0 -28316005858
0 -28324955574
0 -28333905290
0 -28342855006
0 -28351804722
0 -28360754438
0 -28369704154
0 -28378653870
0 -28387603586
0 -28396553302
0 -28405503018
0 -28414452734
0 -28423402450
0 -28432352166
0 -28441301882
0 -28450251598
0 -28459201314
0 -28468151030
0 -28477100746
0 -28486050462
0 -28495000178
0 -28503949894
0 -28512899610
0 -28521849326
0 -28530799042
0 -28539748758
0 -28548698474
0 -28557648190
0 -28566597906
0 -28575547622
0 -28584497338
0 -28593447054
0 -28602396770
0 -28611346486
0 -28620296202
0 -28629245918
0 -28638195634
0 -28647145350
0 -28656095066
0 -28665044782
0 -28673994498
0 -28682944214
0 -28691893930
0 -28700843646
0 -28709793362
0 -28718743078
0 -28727692794
0 -28736642510
0 -28745592226
0 -28754541942
0 -28763491658
0 -28772441374
0 -28781391090
0 -28790340806
0 -28799290522
0 -28808240238
0 -28817189954
0 -28826139670
0 -28835089386
0 -28844039102
0 -28852988818
0 -28861938534
0 -28870888250
0 -28879837966
0 -28888787682
0 -28897737398
0 -28906687114
0 -28915636830
0 -28924586546
0 -28933536262
0 -28942485978
0 -28951435694
0 -28960385410
0 -28969335126
0 -28978284842
0 -28987234558
0 -28996184274
0 -29005133990
0 -29014083706
0 -29023033422
0 -29031983138
0 -29040932854
0 -29049882570
0 -29058832286
0 -29067782002
0 -29076731718
0 -29085681434
0 -29094631150
0 -29103580866
0 -29112530582
0 -29121480298
0 -29130430014
0 -29139379730
0 -29148329446
0 -29157279162
0 -29166228878
0 -29175178594
0 -29184128310
0 -29193078026
0 -29202027742
0 -29210977458
0 -29219927174
0 -29228876890
0 -29237826606
0 -29246776322
0 -29255726038
0 -29264675754
0 -29273625470
0 -29282575186
0 -29291524902
0 -29300474618
0 -29309424334
0 -29318374050
0 -29327323766
0 -29336273482
0 -29345223198
0 -29354172914
0 -29363122630
0 -29372072346
0 -29381022062
0 -29389971778
0 -29398921494
0 -29407871210
0 -29416820926
0 -29425770642
0 -29434720358
0 -29443670074
0 -29452619790
0 -29461569506
0 -29470519222
0 -29479468938
0 -29488418654
0 -29497368370
0 -29506318086
0 -29515267802
0 -29524217518
0 -29533167234
0 -29542116950
0 -29551066666
0 -29560016382
0 -29568966098
0 -29577915814
0 -29586865530
0 -29595815246
0 -29604764962
0 -29613714678
0 -29622664394
0 -29631614110
0 -29640563826
0 -29649513542
0 -29658463258
0 -29667412974
0 -29676362690
0 -29685312406
0 -29694262122
0 -29703211838
0 -29712161554
0 -29721111270
0 -29730060986
0 -29739010702
0 -29747960418
0 -29756910134
0 -29765859850
0 -29774809566
0 -29783759282
0 -29792708998
0 -29801658714
0 -29810608430
0 -29819558146
0 -29828507862
0 -29837457578
0 -29846407294
0 -29855357010
0 -29864306726
0 -29873256442
0 -29882206158
0 -29891155874
0 -29900105590
0 -29909055306
0 -29918005022
0 -29926954738
0 -29935904454
0 -29944854170
0 -29953803886
0 -29962753602
0 -29971703318
0 -29980653034
0 -29989602750
0 -29998552466
0 -30007502182
0 -30016451898
0 -30025401614
0 -30034351330
0 -30043301046
0 -30052250762
0 -30061200478
0 -30070150194
0 -30079099910
0 -30088049626
0 -30096999342
0 -30105949058
0 -30114898774
0 -30123848490
0 -30132798206
0 -30141747922
0 -30150697638
0 -30159647354
0 -30168597070
0 -30177546786
0 -30186496502
0 -30195446218
0 -30204395934
0 -30213345650
0 -30222295366
0 -30231245082
0 -30240194798
0 -30249144514
0 -30258094230
0 -30267043946
0 -30275993662
0 -30284943378
0 -30293893094
0 -30302842810
0 -30311792526
0 -30320742242
0 -30329691958
0 -30338641674
0 -30347591390
0 -30356541106
0 -30365490822
0 -30374440538
0 -30383390254
0 -30392339970
0 -30401289686
0 -30410239402
0 -30419189118
0 -30428138834
0 -30437088550
0 -30446038266
0 -30454987982
0 -30463937698
0 -30472887414
0 -30481837130
0 -30490786846
0 -30499736562
0 -30508686278
0 -30517635994
0 -30526585710
0 -30535535426
0 -30535828219
0 -30544775398
0 -30553722577
0 -30562669756
0 -30571616935
0 -30580564114
0 -30589511293
0 -30598458472
0 -30607405651
0 -30616352830
0 -30625300009
0 -30634247188
0 -30643194367
0 -30652141546
0 -30661088725
0 -30670035904
0 -30678983083
0 -30687930262
0 -30696877441
0 -30705824620
0 -30714771799
0 -30723718978
0 -30732666157
0 -30741613336
0 -30750560515
0 -30759507694
0 -30768454873
0 -30777402052
0 -30786349231
0 -30795296410
0 -30804243589
0 -30813190768
0 -30822137947
0 -30831085126
0 -30840032305
0 -30848979484
0 -30857926663
0 -30866873842
0 -30875821021
0 -30884768200
0 -30893715379
0 -30902662558
0 -30911609737
0 -30920556916
0 -30929504095
0 -30938451274
0 -30947398453
0 -30956345632
0 -30965292811
0 -30974239990
0 -30983187169
0 -30992134348
0 -31001081527
0 -31010028706
0 -31018975885
0 -31027923064
0 -31036870243
0 -31045817422
0 -31054764601
0 -31063711780
0 -31072658959
0 -31081606138
0 -31090553317
0 -31099500496
0 -31108447675
0 -31117394854
0 -31126342033
0 -31135289212
0 -31144236391
0 -31153183570
0 -31162130749
0 -31171077928
0 -31180025107
0 -31188972286
0 -31197919465
0 -31206866644
0 -31215813823
0 -31224761002
0 -31233708181
0 -31242655360
0 -31251602539
0 -31260549718
0 -31269496897
0 -31278444076
0 -31287391255
0 -31296338434
0 -31305285613
0 -31314232792
0 -31323179971
0 -31332127150
0 -31341074329
0 -31350021508
0 -31358968687
0 -31367915866
0 -31376863045
0 -31385810224
0 -31394757403
0 -31403704582
0 -31412651761
0 -31421598940
0 -31430546119
0 -31439493298
0 -31448440477
0 -31457387656
0 -31466334835
0 -31475282014
0 -31484229193
0 -31493176372
0 -31502123551
0 -31511070730
0 -31520017909
0 -31528965088
0 -31537912267
0 -31546859446
0 -31555806625
0 -31564753804
0 -31573700983
0 -31582648162
0 -31591595341
0 -31600542520
0 -31609489699
0 -31618436878
0 -31627384057
0 -31636331236
0 -31645278415
0 -31654225594
0 -31663172773
0 -31672119952
0 -31681067131
0 -31690014310
0 -31698961489
0 -31707908668
0 -31716855847
0 -31725803026
0 -31734750205
0 -31743697384
0 -31752644563
0 -31761591742
0 -31770538921
0 -31779486100
0 -31788433279
0 -31797380458
0 -31806327637
0 -31815274816
0 -31824221995
0 -31833169174
0 -31842116353
0 -31851063532
0 -31860010711
0 -31868957890
0 -31877905069
0 -31886852248
0 -31895799427
0 -31904746606
0 -31913693785
0 -31922640964
0 -31931588143
0 -31940535322
0 -31949482501
0 -31958429680
0 -31967376859
0 -31976324038
0 -31985271217
0 -31994218396
0 -32003165575
0 -32012112754
0 -32021059933
0 -32030007112
0 -32038954291
0 -32047901470
0 -32056848649
0 -32065795828
0 -32074743007
0 -32083690186
0 -32092637365
0 -32101584544
0 -32110531723
0 -32119478902
0 -32128426081
0 -32137373260
0 -32146320439
0 -32155267618
0 -32164214797
0 -32173161976
0 -32182109155
0 -32191056334
0 -32200003513
0 -32208950692
0 -32217897871
0 -32226845050
0 -32235792229
0 -32244739408
0 -32253686587
0 -32262633766
0 -32271580945
0 -32280528124
0 -32289475303
0 -32298422482
0 -32307369661
0 -32316316840
0 -32325264019
0 -32334211198
0 -32343158377
0 -32352105556
0 -32361052735
0 -32369999914
0 -32378947093
0 -32387894272
0 -32396841451
0 -32405788630
0 -32414735809
0 -32423682988
0 -32432630167
0 -32441577346
0 -32450524525
0 -32459471704
0 -32468418883
0 -32477366062
0 -32486313241
0 -32495260420
0 -32504207599
0 -32513154778
0 -32522101957
0 -32531049136
0 -32539996315
0 -32548943494
0 -32557890673
0 -32566837852
0 -32575785031
0 -32584732210
0 -32593679389
0 -32602626568
0 -32611573747
0 -32620520926
0 -32629468105
0 -32638415284
0 -32647362463
0 -32656309642
0 -32665256821
0 -32674204000
0 -32683151179
0 -32692098358
0 -32701045537
0 -32709992716
0 -32718939895
0 -32727887074
0 -32736834253
0 -32745781432
0 -32754728611
0 -32763675790
0 -32772622969
0 -32781570148
0 -32790517327
0 -32799464506
0 -32808411685
0 -32817358864
0 -32826306043
0 -32835253222
0 -32844200401
0 -32853147580
0 -32862094759
0 -32871041938
0 -32879989117
0 -32888936296
0 -32897883475
0 -32906830654
0 -32915777833
0 -32924725012
0 -32933672191
0 -32942619370
0 -32951566549
0 -32960513728
0 -32969460907
0 -32978408086
0 -32987355265
0 -32996302444
0 -33005249623
0 -33014196802
0 -33023143981
0 -33032091160
0 -33041038339
0 -33049985518
0 -33058932697
0 -33067879876
0 -33076827055
0 -33085774234
0 -33094721413
0 -33103668592
0 -33112615771
0 -33121562950
0 -33130510129
0 -33139457308
0 -33148404487
0 -33157351666
0 -33166298845
0 -33175246024
0 -33184193203
0 -33193140382
0 -33202087561
0 -33211034740
0 -33219981919
0 -33228929098
0 -33237876277
0 -33246823456
0 -33255770635
0 -33264717814
0 -33273664993
0 -33282612172
0 -33291559351
0 -33300506530
0 -33309453709
0 -33318400888
0 -33327348067
0 -33336295246
0 -33345242425
0 -33354189604
0 -33363136783
0 -33372083962
0 -33381031141
0 -33389978320
0 -33398925499
0 -33407872678
0 -33416819857
0 -33425767036
0 -33434714215
0 -33443661394
0 -33452608573
0 -33461555752
0 -33470502931
0 -33479450110
0 -33488397289
0 -33497344468
0 -33506291647
0 -33515238826
0 -33524186005
0 -33533133184
0 -33542080363
0 -33551027542
0 -33559974721
0 -33568921900
0 -33577869079
0 -33586816258
0 -33595763437
0 -33604710616
0 -33613657795
0 -33622604974
0 -33631552153
0 -33640499332
0 -33649446511
0 -33658393690
0 -33667340869
0 -33676288048
0 -33685235227
0 -33694182406
0 -33703129585
0 -33712076764
0 -33721023943
0 -33729971122
0 -33738918301
0 -33747865480
0 -33756812659
0 -33765759838
0 -33774707017
0 -33783654196
0 -33792601375
0 -33801548554
0 -33810495733
0 -33819442912
0 -33828390091
0 -33837337270
0 -33846284449
0 -33855231628
0 -33864178807
0 -33873125986
0 -33882073165
0 -33891020344
0 -33899967523
0 -33908914702
0 -33917861881
0 -33926809060
0 -33935756239
0 -33944703418
0 -33953650597
0 -33962597776
0 -33971544955
0 -33980492134
0 -33989439313
0 -33998386492
0 -34007333671
0 -34016280850
0 -34025228029
0 -34034175208
0 -34043122387
0 -34052069566
0 -34061016745
0 -34069963924
0 -34078911103
0 -34087858282
0 -34096805461
0 -34105752640
0 -34114699819
0 -34123646998
0 -34132594177
0 -34141541356
0 -34150488535
0 -34159435714
0 -34168382893
0 -34177330072
0 -34186277251
0 -34195224430
0 -34204171609
0 -34213118788
0 -34222065967
0 -34231013146
0 -34239960325
0 -34248907504
0 -34257854683
0 -34266801862
0 -34275749041
0 -34284696220
0 -34293643399
0 -34302590578
0 -34311537757
0 -34320484936
0 -34329432115
0 -34338379294
0 -34347326473
0 -34356273652
0 -34365220831
0 -34374168010
0 -34383115189
0 -34392062368
0 -34401009547
0 -34409956726
0 -34418903905
0 -34427851084
0 -34436798263
0 -34445745442
0 -34454692621
0 -34463639800
0 -34472586979
0 -34481534158
0 -34490481337
0 -34499428516
0 -34508375695
0 -34517322874
0 -34526270053
0 -34535217232
0 -34544164411
0 -34553111590
0 -34562058769
0 -34571005948
0 -34579953127
0 -34588900306
0 -34597847485
0 -34606794664
0 -34615741843
0 -34624689022
0 -34633636201
0 -34642583380
0 -34651530559
0 -34660477738
0 -34669424917
0 -34678372096
0 -34687319275
0 -34696266454
0 -34705213633
0 -34714160812
0 -34723107991
0 -34732055170
0 -34741002349
0 -34749949528
0 -34758896707
0 -34767843886
0 -34776791065
0 -34785738244
0 -34794685423
0 -34803632602
0 -34812579781
0 -34821526960
0 -34830474139
0 -34839421318
0 -34848368497
0 -34857315676
0 -34866262855
0 -34875210034
0 -34884157213
0 -34893104392
0 -34902051571
0 -34910998750
0 -34919945929
0 -34928893108
0 -34937840287
0 -34946787466
0 -34955734645
0 -34964681824
0 -34973629003
0 -34982576182
0 -34991523361
0 -35000470540
0 -35009417719
0 -35018364898
0 -35027312077
0 -35036259256
0 -35045206435
0 -35054153614
0 -35063100793
0 -35072047972
0 -35080995151
0 -35089942330
0 -35098889509
0 -35107836688
0 -35116783867
0 -35125731046
0 -35134678225
0 -35143625404
0 -35152572583
0 -35161519762
0 -35170466941
0 -35179414120
0 -35188361299
0 -35197308478
0 -35206255657
0 -35215202836
0 -35224150015
0 -35233097194
0 -35242044373
0 -35250991552
0 -35259938731
0 -35268885910
0 -35277833089
0 -35286780268
0 -35295727447
0 -35304674626
0 -35313621805
0 -35322568984
0 -35331516163
0 -35340463342
0 -35349410521
0 -35358357700
0 -35367304879
0 -35376252058
0 -35385199237
0 -35394146416
0 -35403093595
0 -35412040774
0 -35420987953
0 -35429935132
0 -35438882311
0 -35447829490
0 -35456776669
0 -35465723848
0 -35474671027
0 -35483618206
0 -35492565385
0 -35501512564
0 -35510459743
0 -35519406922
0 -35528354101
0 -35537301280
0 -35546248459
0 -35555195638
0 -35564142817
0 -35573089996
0 -35582037175
0 -35590984354
0 -35599931533
0 -35608878712
0 -35617825891
0 -35626773070
0 -35635720249
0 -35644667428
0 -35653614607
0 -35662561786
0 -35671508965
0 -35680456144
0 -35689403323
0 -35698350502
0 -35707297681
0 -35716244860
0 -35725192039
0 -35734139218
0 -35743086397
0 -35752033576
0 -35760980755
0 -35769927934
0 -35778875113
0 -35787822292
0 -35796769471
0 -35805716650
0 -35814663829
0 -35823611008
0 -35832558187
0 -35841505366
0 -35850452545
0 -35859399724
0 -35868346903
0 -35877294082
0 -35886241261
0 -35895188440
0 -35904135619
0 -35913082798
0 -35922029977
0 -35930977156
0 -35939924335
0 -35948871514
0 -35957818693
0 -35966765872
0 -35975713051
0 -35984660230
0 -35993607409
0 -36002554588
0 -36011501767
0 -36020448946
0 -36029396125
0 -36038343304
0 -36047290483
0 -36056237662
0 -36065184841
0 -36074132020
0 -36083079199
0 -36092026378
0 -36100973557
0 -36109920736
0 -36118867915
0 -36127815094
0 -36136762273
0 -36145709452
0 -36154656631
0 -36163603810
0 -36172550989
0 -36181498168
0 -36190445347
0 -36199392526
0 -36208339705
0 -36217286884
0 -36226234063
0 -36235181242
0 -36244128421
0 -36253075600
0 -36262022779
0 -36270969958
0 -36279917137
0 -36288864316
0 -36297811495
0 -36306758674
0 -36315705853
0 -36324653032
0 -36333600211
0 -36342547390
0 -36351494569
0 -36360441748
0 -36369388927
0 -36378336106
0 -36387283285
0 -36396230464
0 -36405177643
0 -36414124822
0 -36423072001
0 -36432019180
0 -36440966359
0 -36449913538
0 -36458860717
0 -36467807896
0 -36476755075
0 -36485702254
0 -36494649433
0 -36503596612
0 -36512543791
0 -36521490970
0 -36530438149
0 -36539385328
0 -36548332507
0 -36557279686
0 -36566226865
0 -36575174044
0 -36584121223
0 -36593068402
0 -36602015581
0 -36610962760
0 -36619909939
0 -36628857118
0 -36637804297
0 -36646751476
0 -36655698655
0 -36664645834
0 -36673593013
0 -36682540192
0 -36691487371
0 -36700434550
0 -36709381729
0 -36718328908
0 -36727276087
0 -36736223266
0 -36745170445
0 -36754117624
0 -36763064803
0 -36772011982
0 -36780959161
0 -36789906340
0 -36798853519
0 -36807800698
0 -36816747877
0 -36825695056
0 -36834642235
0 -36843589414
0 -36852536593
0 -36861483772
0 -36870430951
0 -36879378130
0 -36888325309
0 -36897272488
0 -36906219667
0 -36915166846
0 -36924114025
0 -36933061204
0 -36942008383
0 -36950955562
0 -36959902741
0 -36968849920
0 -36977797099
0 -36986744278
0 -36995691457
0 -37004638636
0 -37013585815
0 -37022532994
0 -37031480173
0 -37040427352
0 -37049374531
0 -37058321710
0 -37067268889
0 -37076216068
0 -37085163247
0 -37094110426
0 -37103057605
0 -37112004784
0 -37120951963
0 -37129899142
0 -37138846321
0 -37147793500
0 -37156740679
0 -37165687858
0 -37174635037
0 -37183582216
0 -37192529395
0 -37201476574
0 -37210423753
0 -37219370932
0 -37228318111
0 -37237265290
0 -37246212469
0 -37255159648
0 -37264106827
0 -37273054006
0 -37282001185
0 -37290948364
0 -37299895543
0 -37308842722
0 -37317789901
0 -37326737080
0 -37335684259
0 -37344631438
0 -37353578617
0 -37362525796
0 -37371472975
0 -37380420154
0 -37389367333
0 -37398314512
0 -37407261691
0 -37416208870
0 -37425156049
0 -37434103228
0 -37443050407
0 -37451997586
0 -37460944765
0 -37469891944
0 -37478839123
0 -37487786302
0 -37496733481
0 -37505680660
0 -37514627839
0 -37523575018
0 -37532522197
0 -37541469376
0 -37550416555
0 -37559363734
0 -37568310913
0 -37577258092
0 -37586205271
0 -37595152450
0 -37604099629
0 -37613046808
0 -37621993987
0 -37630941166
0 -37639888345
0 -37648835524
0 -37657782703
0 -37666729882
0 -37675677061
0 -37684624240
0 -37693571419
0 -37702518598
0 -37711465777
0 -37720412956
0 -37729360135
0 -37738307314
0 -37747254493
0 -37756201672
0 -37765148851
0 -37774096030
0 -37783043209
0 -37791990388
0 -37800937567
0 -37809884746
0 -37818831925
0 -37827779104
0 -37836726283
0 -37845673462
0 -37854620641
0 -37863567820
0 -37872514999
0 -37881462178
0 -37890409357
0 -37899356536
0 -37908303715
0 -37917250894
0 -37926198073
0 -37935145252
0 -37944092431
0 -37953039610
0 -37961986789
0 -37970933968
0 -37979881147
0 -37988828326
0 -37997775505
0 -38006722684
0 -38015669863
0 -38024617042
0 -38033564221
0 -38042511400
0 -38051458579
0 -38060405758
0 -38069352937
0 -38078300116
0 -38087247295
0 -38096194474
0 -38105141653
0 -38114088832
0 -38123036011
0 -38131983190
0 -38140930369
0 -38149877548
0 -38158824727
0 -38167771906
0 -38176719085
0 -38185666264
0 -38194613443
0 -38203560622
0 -38212507801
0 -38221454980
0 -38230402159
0 -38239349338
0 -38248296517
0 -38257243696
0 -38266190875
0 -38275138054
0 -38284085233
0 -38293032412
0 -38301979591
0 -38310926770
0 -38319873949
0 -38328821128
0 -38337768307
0 -38346715486
0 -38355662665
0 -38364609844
0 -38373557023
0 -38382504202
0 -38391451381
0 -38400398560
0 -38409345739
0 -38418292918
0 -38427240097
0 -38436187276
0 -38445134455
0 -38454081634
0 -38463028813
0 -38471975992
0 -38480923171
0 -38489870350
0 -38498817529
0 -38507764708
0 -38516711887
0 -38525659066
0 -38534606245
0 -38543553424
0 -38552500603
0 -38561447782
0 -38570394961
0 -38579342140
0 -38588289319
0 -38597236498
0 -38606183677
0 -38615130856
0 -38624078035
0 -38633025214
0 -38641972393
0 -38650919572
0 -38659866751
0 -38668813930
0 -38677761109
0 -38686708288
0 -38695655467
0 -38704602646
0 -38713549825
0 -38722497004
0 -38731444183
0 -38740391362
0 -38749338541
0 -38758285720
0 -38767232899
0 -38776180078
0 -38785127257
0 -38794074436
0 -38803021615
0 -38811968794
0 -38820915973
0 -38829863152
0 -38838810331
0 -38847757510
0 -38856704689
0 -38865651868
0 -38874599047
0 -38883546226
0 -38892493405
0 -38901440584
0 -38910387763
0 -38919334942
0 -38928282121
0 -38937229300
0 -38946176479
0 -38955123658
0 -38964070837
0 -38973018016
0 -38981965195
0 -38990912374
0 -38999859553
0 -39008806732
0 -39017753911
0 -39026701090
0 -39035648269
0 -39044595448
0 -39053542627
0 -39062489806
0 -39071436985
0 -39080384164
0 -39089331343
0 -39098278522
0 -39107225701
0 -39116172880
0 -39125120059
0 -39134067238
0 -39143014417
0 -39151961596
0 -39160908775
0 -39169855954
0 -39178803133
0 -39187750312
0 -39196697491
0 -39205644670
0 -39214591849
0 -39223539028
0 -39232486207
0 -39241433386
0 -39250380565
0 -39259327744
0 -39268274923
0 -39277222102
0 -39286169281
0 -39295116460
0 -39304063639
0 -39313010818
0 -39321957997
0 -39330905176
0 -39339852355
0 -39348799534
0 -39357746713
0 -39366693892
0 -39375641071
0 -39384588250
0 -39393535429
0 -39402482608
0 -39411429787
0 -39420376966
0 -39429324145
0 -39438271324
0 -39447218503
0 -39456165682
0 -39465112861
0 -39474060040
0 -39483007219
0 -39491954398
0 -39500901577
0 -39509848756
0 -39518795935
0 -39527743114
0 -39536690293
0 -39545637472
0 -39554584651
0 -39563531830
0 -39572479009
0 -39581426188
0 -39590373367
0 -39599320546
0 -39608267725
0 -39617214904
0 -39626162083
0 -39635109262
0 -39644056441
0 -39653003620
0 -39661950799
0 -39670897978
0 -39679845157
0 -39688792336
0 -39697739515
0 -39706686694
0 -39715633873
0 -39724581052
0 -39733528231
0 -39742475410
0 -39751422589
0 -39760369768
0 -39769316947
0 -39778264126
0 -39787211305
0 -39796158484
0 -39805105663
0 -39814052842
0 -39823000021
0 -39831947200
0 -39840894379
0 -39849841558
0 -39858788737
0 -39867735916
0 -39876683095
0 -39885630274
0 -39894577453
0 -39903524632
0 -39912471811
0 -39921418990
0 -39930366169
0 -39939313348
0 -39948260527
0 -39957207706
0 -39966154885
0 -39975102064
0 -39984049243
0 -39992996422
0 -40001943601
0 -40010890780
0 -40019837959
0 -40028785138
0 -40037732317
0 -40046679496
0 -40055626675
0 -40064573854
0 -40073521033
0 -40082468212
0 -40091415391
0 -40100362570
0 -40109309749
0 -40118256928
0 -40127204107
0 -40136151286
0 -40145098465
0 -40154045644
0 -40162992823
0 -40171940002
0 -40180887181
0 -40189834360
0 -40198781539
0 -40207728718
0 -40216675897
0 -40225623076
0 -40234570255
0 -40243517434
0 -40252464613
0 -40261411792
0 -40270358971
0 -40279306150
0 -40288253329
0 -40297200508
0 -40306147687
0 -40315094866
0 -40324042045
0 -40332989224
0 -40341936403
0 -40350883582
0 -40359830761
0 -40368777940
0 -40377725119
0 -40386672298
0 -40395619477
0 -40404566656
0 -40413513835
0 -40422461014
0 -40431408193
0 -40440355372
0 -40449302551
0 -40458249730
0 -40467196909
0 -40476144088
0 -40485091267
0 -40494038446
0 -40502985625
0 -40511932804
0 -40520879983
0 -40529827162
0 -40538774341
0 -40547721520
0 -40556668699
0 -40565615878
0 -40574563057
0 -40583510236
0 -40592457415
0 -40601404594
0 -40610351773
0 -40619298952
0 -40628246131
0 -40637193310
0 -40646140489
0 -40655087668
0 -40664034847
0 -40672982026
0 -40681929205
0 -40690876384
0 -40699823563
0 -40708770742
0 -40717717921
0 -40726665100
0 -40735612279
0 -40744559458
0 -40753506637
0 -40762453816
0 -40771400995
0 -40780348174
0 -40789295353
0 -40798242532
0 -40807189711
0 -40816136890
0 -40825084069
0 -40834031248
0 -40842978427
0 -40851925606
0 -40860872785
0 -40869819964
0 -40878767143
0 -40887714322
0 -40896661501
0 -40905608680
0 -40914555859
0 -40923503038
0 -40932450217
0 -40941397396
0 -40950344575
0 -40959291754
0 -40968238933
0 -40977186112
0 -40986133291
0 -40995080470
0 -41004027649
0 -41012974828
0 -41021922007
0 -41030869186
0 -41039816365
0 -41048763544
0 -41057710723
0 -41066657902
0 -41075605081
0 -41084552260
0 -41093499439
0 -41102446618
0 -41111393797
0 -41120340976
0 -41129288155
0 -41138235334
0 -41147182513
0 -41156129692
0 -41165076871
0 -41174024050
0 -41182971229
0 -41191918408
0 -41200865587
0 -41209812766
0 -41218759945
0 -41227707124
0 -41236654303
0 -41245601482
0 -41254548661
0 -41263495840
0 -41272443019
0 -41281390198
0 -41290337377
0 -41299284556
0 -41308231735
0 -41317178914
0 -41326126093
0 -41335073272
0 -41344020451
0 -41352967630
0 -41361914809
0 -41370861988
0 -41379809167
0 -41388756346
0 -41397703525
0 -41406650704
0 -41415597883
0 -41424545062
0 -41433492241
0 -41442439420
0 -41451386599
0 -41460333778
0 -41469280957
0 -41478228136
0 -41487175315
0 -41496122494
0 -41505069673
0 -41514016852
0 -41522964031
0 -41531911210
0 -41540858389
0 -41549805568
0 -41558752747
0 -41567699926
0 -41576647105
0 -41585594284
0 -41594541463
0 -41603488642
0 -41612435821
0 -41621383000
0 -41630330179
0 -41639277358
0 -41648224537
0 -41657171716
0 -41666118895
0 -41675066074
0 -41684013253
0 -41692960432
0 -41701907611
0 -41710854790
0 -41719801969
0 -41728749148
0 -41737696327
0 -41746643506
0 -41755590685
0 -41764537864
0 -41773485043
0 -41782432222
0 -41791379401
0 -41800326580
0 -41809273759
0 -41818220938
0 -41827168117
0 -41836115296
0 -41845062475
0 -41854009654
0 -41862956833
0 -41871904012
0 -41880851191
0 -41889798370
0 -41898745549
0 -41907692728
0 -41916639907
0 -41925587086
0 -41934534265
0 -41943481444
0 -41952428623
0 -41961375802
0 -41970322981
0 -41979270160
0 -41988217339
0 -41997164518
0 -42006111697
0 -42015058876
0 -42024006055
0 -42032953234
0 -42041900413
0 -42050847592
0 -42059794771
0 -42068741950
0 -42077689129
0 -42086636308
0 -42095583487
0 -42104530666
0 -42113477845
0 -42122425024
0 -42131372203
0 -42140319382
0 -42149266561
0 -42158213740
0 -42167160919
0 -42176108098
0 -42185055277
0 -42194002456
0 -42202949635
0 -42211896814
0 -42220843993
0 -42229791172
0 -42238738351
0 -42247685530
0 -42256632709
0 -42265579888
0 -42274527067
0 -42283474246
0 -42292421425
0 -42301368604
0 -42310315783
0 -42319262962
0 -42328210141
0 -42337157320
0 -42346104499
0 -42355051678
0 -42363998857
0 -42372946036
0 -42381893215
0 -42390840394
0 -42399787573
0 -42408734752
0 -42417681931
0 -42426629110
0 -42435576289
0 -42444523468
0 -42453470647
0 -42462417826
0 -42471365005
0 -42480312184
0 -42489259363
0 -42498206542
0 -42507153721
0 -42516100900
0 -42525048079
0 -42533995258
0 -42542942437
0 -42551889616
0 -42560836795
0 -42569783974
0 -42578731153
0 -42587678332
0 -42596625511
0 -42605572690
0 -42614519869
0 -42623467048
0 -42632414227
0 -42641361406
0 -42650308585
0 -42659255764
0 -42668202943
0 -42677150122
0 -42686097301
0 -42695044480
0 -42703991659
0 -42712938838
0 -42721886017
0 -42730833196
0 -42739780375
0 -42748727554
0 -42757674733
0 -42766621912
0 -42775569091
0 -42784516270
0 -42793463449
0 -42802410628
0 -42811357807
0 -42820304986
0 -42829252165
0 -42838199344
0 -42847146523
0 -42856093702
0 -42865040881
0 -42873988060
0 -42882935239
0 -42891882418
0 -42900829597
0 -42909776776
0 -42918723955
0 -42927671134
0 -42936618313
0 -42945565492
0 -42954512671
0 -42963459850
0 -42972407029
0 -42981354208
0 -42990301387
0 -42999248566
0 -43008195745
0 -43017142924
0 -43026090103
0 -43035037282
0 -43043984461
0 -43052931640
0 -43061878819
0 -43070825998
0 -43079773177
0 -43088720356
0 -43097667535
0 -43106614714
0 -43115561893
0 -43124509072
0 -43133456251
0 -43142403430
0 -43151350609
0 -43160297788
0 -43169244967
0 -43178192146
0 -43187139325
0 -43196086504
0 -43205033683
0 -43213980862
0 -43222928041
0 -43231875220
0 -43240822399
0 -43249769578
0 -43258716757
0 -43267663936
0 -43276611115
0 -43285558294
0 -43294505473
0 -43303452652
0 -43312399831
0 -43321347010
0 -43330294189
0 -43339241368
0 -43348188547
0 -43357135726
0 -43366082905
0 -43375030084
0 -43383977263
0 -43392924442
0 -43401871621
0 -43410818800
0 -43419765979
0 -43428713158
0 -43437660337
0 -43446607516
0 -43455554695
0 -43464501874
0 -43473449053
0 -43482396232
0 -43491343411
0 -43500290590
0 -43509237769
0 -43518184948
0 -43527132127
0 -43536079306
0 -43545026485
0 -43553973664
0 -43562920843
0 -43571868022
0 -43580815201
0 -43589762380
0 -43598709559
0 -43607656738
0 -43616603917
0 -43625551096
0 -43634498275
0 -43643445454
0 -43652392633
0 -43661339812
0 -43670286991
0 -43679234170
0 -43688181349
0 -43697128528
0 -43706075707
0 -43715022886
0 -43723970065
0 -43732917244
0 -43741864423
0 -43750811602
0 -43759758781
0 -43768705960
0 -43777653139
0 -43786600318
0 -43795547497
0 -43804494676
0 -43813441855
0 -43822389034
0 -43831336213
0 -43840283392
0 -43849230571
0 -43858177750
0 -43867124929
0 -43876072108
0 -43885019287
0 -43893966466
0 -43902913645
0 -43911860824
0 -43920808003
0 -43929755182
0 -43938702361
0 -43947649540
0 -43956596719
0 -43965543898
0 -43974491077
0 -43983438256
0 -43992385435
0 -44001332614
0 -44010279793
0 -44019226972
0 -44028174151
0 -44037121330
0 -44046068509
0 -44055015688
0 -44063962867
0 -44072910046
0 -44081857225
0 -44090804404
0 -44099751583
0 -44108698762
0 -44117645941
0 -44126593120
0 -44135540299
0 -44144487478
0 -44153434657
0 -44162381836
0 -44171329015
0 -44180276194
0 -44189223373
0 -44198170552
0 -44207117731
0 -44216064910
0 -44225012089
0 -44233959268
0 -44242906447
0 -44251853626
0 -44260800805
0 -44269747984
0 -44278695163
0 -44287642342
0 -44296589521
0 -44305536700
0 -44314483879
0 -44323431058
0 -44332378237
0 -44341325416
0 -44350272595
0 -44359219774
0 -44368166953
0 -44377114132
0 -44386061311
0 -44395008490
0 -44403955669
0 -44412902848
0 -44421850027
0 -44430797206
0 -44439744385
0 -44448691564
0 -44457638743
0 -44466585922
0 -44475533101
0 -44484480280
0 -44493427459
0 -44502374638
0 -44511321817
0 -44520268996
0 -44529216175
0 -44538163354
0 -44547110533
0 -44556057712
0 -44565004891
0 -44573952070
0 -44582899249
0 -44591846428
0 -44600793607
0 -44609740786
0 -44618687965
0 -44627635144
0 -44636582323
0 -44645529502
0 -44654476681
0 -44663423860
0 -44672371039
0 -44681318218
0 -44690265397
0 -44699212576
0 -44708159755
0 -44717106934
0 -44726054113
0 -8503906
0 -17925827
0 -27347748
0 -36769669
0 -46191590
0 -55613511
0 -65020025
0 -74439160
0 -83858295
0 -93277430
0 -102253404
0 -111632272
0 -121011140
0 -130390008
0 -139768876
0 -149147744
0 -158526612
0 -167905480
0 -177148894
0 -186520924
0 -195892954
0 -205264984
0 -214637014
0 -224009044
0 -233381074
0 -242753104
0 -252125134
0 -261497164
0 -269895103
0 -279233200
0 -288571297
0 -297909394
0 -307247491
0 -316585588
0 -325923685
0 -335261782
0 -344599879
0 -353937976
0 -363276073
0 -372614170
0 -381952267
0 -391290364
0 -400628461
0 -409966558
0 -419304655
0 -428642752
0 -437980849
0 -447318946
0 -456657043
0 -465995140
0 -475333237
0 -484671334
0 -494009431
0 -503347528
0 -512685625
0 -522023722
0 -531361819
0 -538044042
0 -547336303
0 -556628564
0 -565920825
0 -575213086
0 -584505347
0 -593797608
0 -603089869
0 -612382130
0 -621674391
0 -630966652
0 -640258913
0 -649551174
0 -658843435
0 -668135696
0 -677427957
0 -686720218
0 -696012479
0 -705304740
0 -714597001
0 -723889262
0 -733181523
0 -742473784
0 -751766045
0 -761058306
0 -770350567
0 -779642828
0 -788935089
0 -798227350
0 -807519611
0 -816811872
0 -826104133
0 -835396394
0 -844688655
0 -853980916
0 -863273177
0 -872565438
0 -881857699
0 -891149960
0 -900442221
0 -909734482
0 -919026743
0 -918382329
0 -927575456
0 -936768583
0 -945961710
0 -955154837
0 -964347964
0 -973541091
0 -982734218
0 -991927345
0 -1001120472
0 -1010313599
0 -1019506726
0 -1028699853
0 -1037892980
0 -1047086107
0 -1056279234
0 -1065472361
0 -1074665488
0 -1083858615
0 -1093051742
0 -1102244869
0 -1111437996
0 -1120631123
0 -1129824250
0 -1139017377
0 -1148210504
0 -1157403631
0 -1166596758
0 -1175789885
0 -1184983012
0 -1194176139
0 -1203369266
0 -1212562393
0 -1221755520
0 -1230948647
0 -1240141774
0 -1249334901
0 -1258528028
0 -1267721155
0 -1276914282
0 -1286107409
0 -1295300536
0 -1304493663
0 -1313686790
0 -1322879917
0 -1332073044
0 -1341266171
0 -1350459298
0 -1359652425
0 -1368845552
0 -1378038679
0 -1387231806
0 -1396424933
0 -1405618060
0 -1414811187
0 -1424004314
0 -1433197441
0 -1442390568
0 -1451583695
0 -1460776822
0 -1469969949
0 -1479163076
0 -1488356203
0 -1497549330
0 -1506742457
0 -1515935584
0 -1525128711
0 -1534321838
0 -1543514965
0 -1552708092
0 -1561901219
0 -1571094346
0 -1580287473
0 -1589480600
0 -1593057775
0 -1602218577
0 -1611379379
0 -1620540181
0 -1629700983
0 -1638861785
0 -1648022587
0 -1657183389
0 -1666344191
0 -1675504993
0 -1684665795
0 -1693826597
0 -1702987399
0 -1712148201
0 -1721309003
0 -1730469805
0 -1739630607
0 -1748791409
0 -1757952211
0 -1767113013
0 -1776273815
0 -1785434617
0 -1794595419
0 -1803756221
0 -1812917023
0 -1822077825
0 -1831238627
0 -1840399429
0 -1849560231
0 -1858721033
0 -1867881835
0 -1877042637
0 -1886203439
0 -1895364241
0 -1904525043
0 -1913685845
0 -1922846647
0 -1932007449
0 -1941168251
0 -1950329053
0 -1959489855
0 -1968650657
0 -1977811459
0 -1986972261
0 -1996133063
0 -2005293865
0 -2014454667
0 -2023615469
0 -2032776271
0 -2041937073
0 -2051097875
0 -2060258677
0 -2069419479
0 -2078580281
0 -2087741083
0 -2096901885
0 -2106062687
0 -2115223489
0 -2124384291
0 -2133545093
0 -2142705895
0 -2151866697
0 -2161027499
0 -2170188301
0 -2179349103
0 -2188509905
0 -2197670707
0 -2206831509
0 -2215992311
0 -2225153113
0 -2234313915
0 -2243474717
0 -2252635519
0 -2261796321
0 -2270957123
0 -2280117925
0 -2289278727
0 -2298439529
0 -2307600331
0 -2316761133
0 -2325921935
0 -2335082737
0 -2344243539
0 -2353404341
0 -2362565143
0 -2371725945
0 -2380886747
0 -2390047549
0 -2399208351
0 -2408369153
0 -2417529955
0 -2426690757
0 -2435851559
0 -2445012361
0 -2454173163
0 -2463333965
0 -2472494767
0 -2481655569
0 -2490816371
0 -2499977173
0 -2509137975
0 -2518298777
0 -2527459579
0 -2536620381
0 -2545781183
0 -2554941985
0 -2564102787
0 -2573263589
0 -2582424391
0 -2591585193
0 -2600745995
0 -2609906797
0 -2619067599
0 -2628228401
0 -2637389203
0 -2646550005
0 -2655710807
0 -2664871609
0 -2674032411
0 -2683193213
0 -2692354015
0 -2701514817
0 -2710675619
0 -2719836421
0 -2728997223
0 -2738158025
0 -2747318827
0 -2756479629
0 -2765640431
0 -2774801233
0 -2783962035
0 -2793122837
0 -2802283639
0 -2811444441
0 -2820605243
0 -2829766045
0 -2838926847
0 -2848087649
0 -2857248451
0 -2866409253
0 -2875570055
0 -2884730857
0 -2893891659
0 -2903052461
0 -2907175613
0 -2916320535
0 -2925465457
0 -2934610379
0 -2943755301
0 -2952900223
0 -2962045145
0 -2971190067
0 -2980334989
0 -2989479911
0 -2998624833
0 -3007769755
0 -3016914677
0 -3026059599
0 -3035204521
0 -3044349443
0 -3053494365
0 -3062639287
0 -3071784209
0 -3080929131
0 -3090074053
0 -3099218975
0 -3108363897
0 -3117508819
0 -3126653741
0 -3135798663
0 -3144943585
0 -3154088507
0 -3163233429
0 -3172378351
0 -3181523273
0 -3190668195
0 -3199813117
0 -3208958039
0 -3218102961
0 -3227247883
0 -3236392805
0 -3245537727
0 -3254682649
0 -3263827571
0 -3272972493
0 -3282117415
0 -3291262337
0 -3300407259
0 -3309552181
0 -3318697103
0 -3327842025
0 -3336986947
0 -3346131869
0 -3355276791
0 -3364421713
0 -3373566635
0 -3382711557
0 -3391856479
0 -3401001401
0 -3410146323
0 -3419291245
0 -3428436167
0 -3437581089
0 -3446726011
0 -3455870933
0 -3465015855
0 -3474160777
0 -3483305699
0 -3492450621
0 -3501595543
0 -3510740465
0 -3519885387
0 -3529030309
0 -3538175231
0 -3547320153
0 -3556465075
0 -3565609997
0 -3574754919
0 -3583899841
0 -3593044763
0 -3602189685
0 -3611334607
0 -3620479529
0 -3629624451
0 -3638769373
0 -3647914295
0 -3657059217
0 -3666204139
0 -3675349061
0 -3684493983
0 -3693638905
0 -3702783827
0 -3711928749
0 -3721073671
0 -3730218593
0 -3739363515
0 -3748508437
0 -3757653359
0 -3766798281
0 -3775943203
0 -3785088125
0 -3794233047
0 -3803377969
0 -3812522891
0 -3821667813
0 -3830812735
0 -3839957657
0 -3849102579
0 -3858247501
0 -3867392423
0 -3876537345
0 -3885682267
0 -3894827189
0 -3903972111
0 -3913117033
0 -3922261955
0 -3931406877
0 -3940551799
0 -3949696721
0 -3958841643
0 -3967986565
0 -3977131487
0 -3986276409
0 -3995421331
0 -4004566253
0 -4013711175
0 -4022856097
0 -4032001019
0 -4041145941
0 -4050290863
0 -4059435785
0 -4068580707
0 -4077725629
0 -4086870551
0 -4096015473
0 -4105160395
0 -4114305317
0 -4123450239
0 -4132595161
0 -4141740083
0 -4150885005
0 -4160029927
0 -4169174849
0 -4178319771
0 -4187464693
