0
0 -75824732
0 -151525694
0 -228051105
0 -304576516
0 -380333310
0 -456696003
0 -526890773
0 -602371274
0 -677851775
0 -753332276
0 -819660726
0 -893476824
0 -968055425
0 -1042634026
0 -1117212627
0 -1191791228
0 -1266369829
0 -1340948430
0 -1415527031
0 -1490105632
0 -1556620781
0 -1630815140
0 -1705009499
0 -1779203858
0 -1853398217
0 -1927592576
0 -2001786935
0 -2075981294
0 -2150175653
0 -2224370012
0 -2298564371
0 -2372758730
0 -2446953089
0 -2521147448
0 -2595341807
0 -2669536166
0 -2743730525
0 -2817924884
0 -2892119243
0 -2966313602
0 -3040507961
0 -3114702320
0 -3188896679
0 -3263091038
0 -3337285397
0 -3411479756
0 -3485674115
0 -3559868474
0 -3634062833
0 -3708257192
0 -3782451551
0 -3856645910
0 -3930840269
0 -4005034628
0 -4079228987
0 -4153423346
0 -4227617705
0 -4301812064
0 -4376006423
0 -4450200782
0 -4524395141
0 -4598589500
0 -4672783859
0 -4746978218
0 -4821172577
0 -4895366936
0 -4969561295
0 -5043755654
0 -5117950013
0 -5192144372
0 -5266338731
0 -5340533090
0 -5414727449
0 -5488921808
0 -5563116167
0 -5637310526
0 -5711504885
0 -5785699244
0 -5859893603
0 -5934087962
0 -6008282321
0 -6082476680
0 -6156671039
0 -6230865398
0 -6305059757
0 -6379254116
0 -6453448475
0 -6527642834
0 -6601837193
0 -6676031552
0 -6750225911
0 -6824420270
0 -6898614629
0 -6972808988
0 -7047003347
0 -7121197706
0 -7195392065
0 -7269586424
0 -7343780783
0 -7417975142
0 -7492169501
0 -7566363860
0 -7640558219
0 -7714752578
0 -7788946937
0 -7863141296
0 -7937335655
0 -8011530014
0 -8085724373
0 -8159918732
0 -8234113091
0 -8308307450
0 -8382501809
0 -8456696168
0 -8530890527
0 -8605084886
0 -8679279245
0 -8753473604
0 -8729612305
0 -8802982584
0 -8876352863
0 -8949723142
0 -9023093421
0 -9096463700
0 -9169833979
0 -9243204258
0 -9316574537
0 -9389944816
0 -9463315095
0 -9536685374
0 -9610055653
0 -9683425932
0 -9756796211
0 -9830166490
0 -9903536769
0 -9976907048
0 -10050277327
0 -10123647606
0 -10197017885
0 -10270388164
0 -10343758443
0 -10417128722
0 -10490499001
0 -10563869280
0 -10637239559
0 -10710609838
0 -10783980117
0 -10857350396
0 -10930720675
0 -11004090954
0 -11077461233
0 -11150831512
0 -11224201791
0 -11297572070
0 -11370942349
0 -11444312628
0 -11517682907
0 -11591053186
0 -11664423465
0 -11737793744
0 -11811164023
0 -11884534302
0 -11957904581
0 -12031274860
0 -12104645139
0 -12178015418
0 -12251385697
0 -12324755976
0 -12398126255
0 -12471496534
0 -12544866813
0 -12618237092
0 -12691607371
0 -12764977650
0 -12838347929
0 -12911718208
0 -12985088487
0 -13058458766
0 -13131829045
0 -13205199324
0 -13278569603
0 -13351939882
0 -13425310161
0 -13498680440
0 -13572050719
0 -13645420998
0 -13718791277
0 -13792161556
0 -13865531835
0 -13938902114
0 -14012272393
0 -14085642672
0 -14159012951
0 -14232383230
0 -14305753509
0 -14379123788
0 -14452494067
0 -14525864346
0 -14599234625
0 -14672604904
0 -14745975183
0 -14819345462
0 -14892715741
0 -14966086020
0 -15039456299
0 -15112826578
0 -15186196857
0 -15259567136
0 -15332937415
0 -15406307694
0 -15479677973
0 -15553048252
0 -15626418531
0 -15699788810
0 -15773159089
0 -15846529368
0 -15919899647
0 -15993269926
0 -16066640205
0 -16140010484
0 -16213380763
0 -16286751042
0 -16360121321
0 -16433491600
0 -16506861879
0 -16580232158
0 -16653602437
0 -16726972716
0 -16800342995
0 -16873713274
0 -16947083553
0 -17020453832
0 -17093824111
0 -17167194390
0 -17240564669
0 -17313934948
0 -17387305227
0 -17460675506
0 -17534045785
0 -17607416064
0 -17680786343
0 -17754156622
0 -17827526901
0 -17900897180
0 -17974267459
0 -18047637738
0 -18121008017
0 -18194378296
0 -18267748575
0 -18341118854
0 -18414489133
0 -18487859412
0 -18561229691
0 -18634599970
0 -18707970249
0 -18781340528
0 -18854710807
0 -18928081086
0 -19001451365
0 -19074821644
0 -19148191923
0 -19221562202
0 -19294932481
0 -19368302760
0 -19441673039
0 -19515043318
0 -19588413597
0 -19661783876
0 -19735154155
0 -19808524434
0 -19881894713
0 -19955264992
0 -20028635271
0 -20102005550
0 -20175375829
0 -20248746108
0 -20322116387
0 -20395486666
0 -20468856945
0 -20542227224
0 -20615597503
0 -20688967782
0 -20762338061
0 -20835708340
0 -20909078619
0 -20982448898
0 -21055819177
0 -21129189456
0 -21202559735
0 -21275930014
0 -21349300293
0 -21422670572
0 -21496040851
0 -21569411130
0 -21642781409
0 -21716151688
0 -21789521967
0 -21862892246
0 -21936262525
0 -22009632804
0 -22083003083
0 -22156373362
0 -22229743641
0 -22303113920
0 -22376484199
0 -22449854478
0 -22523224757
0 -22596595036
0 -22669965315
0 -22743335594
0 -22816705873
0 -22890076152
0 -22963446431
0 -23036816710
0 -23110186989
0 -23183557268
0 -23256927547
0 -23330297826
0 -23403668105
0 -23477038384
0 -23550408663
0 -23623778942
0 -23697149221
0 -23770519500
0 -23843889779
0 -23917260058
0 -23990630337
0 -24064000616
0 -24137370895
0 -24210741174
0 -24284111453
0 -24357481732
0 -24430852011
0 -24504222290
0 -24577592569
0 -24650962848
0 -24724333127
0 -24797703406
0 -24871073685
0 -24944443964
0 -25017814243
0 -25091184522
0 -25164554801
0 -25237925080
0 -25311295359
0 -25384665638
0 -25458035917
0 -25531406196
0 -25604776475
0 -25678146754
0 -25751517033
0 -25824887312
0 -25898257591
0 -25971627870
0 -26044998149
0 -26118368428
0 -26191738707
0 -26265108986
0 -26338479265
0 -26411849544
0 -26485219823
0 -26558590102
0 -26631960381
0 -26705330660
0 -26778700939
0 -26852071218
0 -26925441497
0 -26998811776
0 -27072182055
0 -27145552334
0 -27218922613
0 -27292292892
0 -27365663171
0 -27439033450
0 -27512403729
0 -27585774008
0 -27659144287
0 -27732514566
0 -27805884845
0 -27879255124
0 -27952625403
0 -28025995682
0 -28099365961
0 -28172736240
0 -28246106519
0 -28319476798
0 -28392847077
0 -28466217356
0 -28539587635
0 -28612957914
0 -28686328193
0 -28759698472
0 -28833068751
0 -28906439030
0 -28979809309
0 -29053179588
0 -29126549867
0 -29199920146
0 -29273290425
0 -29346660704
0 -29420030983
0 -29493401262
0 -29566771541
0 -29640141820
0 -29713512099
0 -29786882378
0 -29860252657
0 -29933622936
0 -30006993215
0 -30080363494
0 -30153733773
0 -30227104052
0 -30300474331
0 -30373844610
0 -30447214889
0 -30520585168
0 -30593955447
0 -30667325726
0 -30740696005
0 -30814066284
0 -30887436563
0 -30960806842
0 -31034177121
0 -31107547400
0 -31180917679
0 -31254287958
0 -31327658237
0 -31401028516
0 -31474398795
0 -31547769074
0 -31621139353
0 -31694509632
0 -31767879911
0 -31841250190
0 -31914620469
0 -31987990748
0 -32061361027
0 -32134731306
0 -32208101585
0 -32281471864
0 -32354842143
0 -32428212422
0 -32501582701
0 -32574952980
0 -32648323259
0 -32721693538
0 -32795063817
0 -32868434096
0 -32941804375
0 -33015174654
0 -33088544933
0 -33161915212
0 -33235285491
0 -33308655770
0 -33382026049
0 -33455396328
0 -33528766607
0 -33602136886
0 -33675507165
0 -33748877444
0 -33822247723
0 -33895618002
0 -33968988281
0 -34042358560
0 -34115728839
0 -34189099118
0 -34262469397
0 -34335839676
0 -34409209955
0 -34482580234
0 -34555950513
0 -34629320792
0 -34702691071
0 -34776061350
0 -34849431629
0 -34922801908
0 -34996172187
0 -35069542466
0 -35142912745
0 -35216283024
0 -35289653303
0 -35363023582
0 -35436393861
0 -35509764140
0 -35583134419
0 -35656504698
0 -35729874977
0 -35803245256
0 -35876615535
0 -35949985814
0 -36023356093
0 -36096726372
0 -36170096651
0 -36243466930
0 -36316837209
0 -36390207488
0 -36463577767
0 -36536948046
0 -36610318325
0 -36683688604
0 -36757058883
0 -36830429162
0 -36903799441
0 -36977169720
0 -37050539999
0 -37123910278
0 -37197280557
0 -37270650836
0 -37344021115
0 -37417391394
0 -37490761673
0 -37564131952
0 -37637502231
0 -37710872510
0 -37784242789
0 -37857613068
0 -37930983347
0 -38004353626
0 -38077723905
0 -38151094184
0 -38224464463
0 -38297834742
0 -38371205021
0 -38444575300
0 -38517945579
0 -38591315858
0 -38664686137
0 -38738056416
0 -38811426695
0 -38884796974
0 -38958167253
0 -39031537532
0 -39104907811
0 -39178278090
0 -39251648369
0 -39325018648
0 -39398388927
0 -39471759206
0 -39545129485
0 -39618499764
0 -39691870043
0 -39765240322
0 -39838610601
0 -39911980880
0 -39985351159
0 -40058721438
0 -40132091717
0 -40205461996
0 -40278832275
0 -40352202554
0 -40425572833
0 -40498943112
0 -40572313391
0 -40645683670
0 -40719053949
0 -40792424228
0 -40865794507
0 -40939164786
0 -41012535065
0 -41085905344
0 -41159275623
0 -41232645902
0 -41306016181
0 -41379386460
0 -41452756739
0 -41526127018
0 -41599497297
0 -41672867576
0 -41746237855
0 -41819608134
0 -41892978413
0 -41966348692
0 -42039718971
0 -42113089250
0 -42186459529
0 -42259829808
0 -42333200087
0 -42406570366
0 -42479940645
0 -42553310924
0 -42626681203
0 -42700051482
0 -42773421761
0 -42846792040
0 -42920162319
0 -42993532598
0 -43066902877
0 -43140273156
0 -43213643435
0 -43287013714
0 -43360383993
0 -43433754272
0 -43507124551
0 -43580494830
0 -43653865109
0 -43727235388
0 -43800605667
0 -43873975946
0 -43947346225
0 -44020716504
0 -44094086783
0 -44167457062
0 -44240827341
0 -44314197620
0 -44387567899
0 -44460938178
0 -44534308457
0 -44607678736
0 -44681049015
0 -44754419294
0 -44827789573
0 -44901159852
0 -44974530131
0 -45047900410
0 -45121270689
0 -45194640968
0 -45268011247
0 -45341381526
0 -45414751805
0 -45488122084
0 -45561492363
0 -45634862642
0 -45708232921
0 -45781603200
0 -45854973479
0 -45928343758
0 -46001714037
0 -46075084316
0 -46148454595
0 -46221824874
0 -46295195153
0 -46368565432
0 -46441935711
0 -46515305990
0 -46588676269
0 -46662046548
0 -46735416827
0 -46808787106
0 -46882157385
0 -46955527664
0 -47028897943
0 -47102268222
0 -47175638501
0 -47249008780
0 -47322379059
0 -47395749338
0 -47469119617
0 -47542489896
0 -47615860175
0 -47689230454
0 -47762600733
0 -47835971012
0 -47909341291
0 -47982711570
0 -48056081849
0 -48129452128
0 -48202822407
0 -48276192686
0 -48349562965
0 -48422933244
0 -48496303523
0 -48569673802
0 -48643044081
0 -48716414360
0 -48789784639
0 -48863154918
0 -48936525197
0 -49009895476
0 -49083265755
0 -49156636034
0 -49230006313
0 -49303376592
0 -49376746871
0 -49450117150
0 -49523487429
0 -49596857708
0 -49670227987
0 -49743598266
0 -49816968545
0 -49890338824
0 -49963709103
0 -50037079382
0 -50110449661
0 -50183819940
0 -50257190219
0 -50330560498
0 -50403930777
0 -50477301056
0 -50550671335
0 -50624041614
0 -50697411893
0 -50770782172
0 -50844152451
0 -50917522730
0 -50990893009
0 -51064263288
0 -51137633567
0 -51211003846
0 -51284374125
0 -51357744404
0 -51431114683
0 -51504484962
0 -51577855241
0 -51651225520
0 -51724595799
0 -51797966078
0 -51871336357
0 -51944706636
0 -52018076915
0 -52091447194
0 -52164817473
0 -52238187752
0 -52311558031
0 -52384928310
0 -52458298589
0 -52531668868
0 -52605039147
0 -52678409426
0 -52751779705
0 -52825149984
0 -52898520263
0 -52971890542
0 -53045260821
0 -53118631100
0 -53192001379
0 -53265371658
0 -53338741937
0 -53412112216
0 -53485482495
0 -53558852774
0 -53632223053
0 -53705593332
0 -53778963611
0 -53852333890
0 -53925704169
0 -53999074448
0 -54072444727
0 -54145815006
0 -54219185285
0 -54292555564
0 -54365925843
0 -54439296122
0 -54512666401
0 -54586036680
0 -54659406959
0 -54732777238
0 -54806147517
0 -54879517796
0 -54952888075
0 -55026258354
0 -55099628633
0 -55172998912
0 -55246369191
0 -55319739470
0 -55393109749
0 -55466480028
0 -55539850307
0 -55613220586
0 -55686590865
0 -55759961144
0 -55833331423
0 -55906701702
0 -55980071981
0 -56053442260
0 -56126812539
0 -56200182818
0 -56273553097
0 -56346923376
0 -56420293655
0 -56493663934
0 -56567034213
0 -56640404492
0 -56713774771
0 -56787145050
0 -56860515329
0 -56933885608
0 -57007255887
0 -57080626166
0 -57153996445
0 -57227366724
0 -57300737003
0 -57374107282
0 -57447477561
0 -57520847840
0 -57594218119
0 -57667588398
0 -57740958677
0 -57814328956
0 -57887699235
0 -57961069514
0 -58034439793
0 -58107810072
0 -58181180351
0 -58254550630
0 -58327920909
0 -58401291188
0 -58474661467
0 -58548031746
0 -58621402025
0 -58694772304
0 -58768142583
0 -58841512862
0 -58914883141
0 -58988253420
0 -59061623699
0 -59134993978
0 -59208364257
0 -59281734536
0 -59355104815
0 -59428475094
0 -59501845373
0 -59575215652
0 -59648585931
0 -59721956210
0 -59795326489
0 -59868696768
0 -59942067047
0 -60015437326
0 -60088807605
0 -60162177884
0 -60235548163
0 -60308918442
0 -60382288721
0 -60455659000
0 -60529029279
0 -60602399558
0 -60675769837
0 -60749140116
0 -60822510395
0 -60895880674
0 -60969250953
0 -61042621232
0 -61115991511
0 -61189361790
0 -61262732069
0 -61336102348
0 -61409472627
0 -61482842906
0 -61556213185
0 -61629583464
0 -61702953743
0 -61776324022
0 -61849694301
0 -61923064580
0 -61996434859
0 -62069805138
0 -62143175417
0 -62216545696
0 -62289915975
0 -62363286254
0 -62436656533
0 -62510026812
0 -62583397091
0 -62656767370
0 -62730137649
0 -62803507928
0 -62876878207
0 -62950248486
0 -63023618765
0 -63096989044
0 -63170359323
0 -63243729602
0 -63317099881
0 -63390470160
0 -63463840439
0 -63537210718
0 -63610580997
0 -63683951276
0 -63757321555
0 -63830691834
0 -63904062113
0 -63977432392
0 -64050802671
0 -64124172950
0 -64197543229
0 -64270913508
0 -64344283787
0 -64417654066
0 -64491024345
0 -64564394624
0 -64637764903
0 -64711135182
0 -64784505461
0 -64857875740
0 -64931246019
0 -65004616298
0 -65077986577
0 -65151356856
0 -65224727135
0 -65298097414
0 -65371467693
0 -65444837972
0 -65518208251
0 -65591578530
0 -65664948809
0 -65738319088
0 -65811689367
0 -65885059646
0 -65958429925
0 -66031800204
0 -66105170483
0 -66178540762
0 -66251911041
0 -66325281320
0 -66398651599
0 -66472021878
0 -66545392157
0 -66618762436
0 -66692132715
0 -66765502994
0 -66838873273
0 -66912243552
0 -66985613831
0 -67058984110
0 -67132354389
0 -67205724668
0 -67279094947
0 -67352465226
0 -67425835505
0 -67499205784
0 -67572576063
0 -67645946342
0 -67719316621
0 -67792686900
0 -67866057179
0 -67939427458
0 -68012797737
0 -68086168016
0 -68159538295
0 -68232908574
0 -68306278853
0 -68379649132
0 -68453019411
0 -68526389690
0 -68599759969
0 -68673130248
0 -68746500527
0 -68819870806
0 -68893241085
0 -68966611364
0 -69039981643
0 -69113351922
0 -69186722201
0 -69260092480
0 -69333462759
0 -69406833038
0 -69480203317
0 -69553573596
0 -69626943875
0 -69700314154
0 -69773684433
0 -69847054712
0 -69920424991
0 -69993795270
0 -70067165549
0 -70140535828
0 -70213906107
0 -70287276386
0 -70360646665
0 -70434016944
0 -70507387223
0 -70580757502
0 -70654127781
0 -70727498060
0 -70800868339
0 -70874238618
0 -70947608897
0 -71020979176
0 -71094349455
0 -71167719734
0 -70725845248
0 -70798684887
0 -70871524526
0 -70944364165
0 -71017203804
0 -71090043443
0 -71162883082
0 -71235722721
0 -71308562360
0 -71381401999
0 -71454241638
0 -71527081277
0 -71599920916
0 -71672760555
0 -71745600194
0 -71818439833
0 -71891279472
0 -71964119111
0 -72036958750
0 -72109798389
0 -72182638028
0 -72255477667
0 -72328317306
0 -72401156945
0 -72473996584
0 -72546836223
0 -72619675862
0 -72692515501
0 -72765355140
0 -72838194779
0 -72911034418
0 -72983874057
0 -73056713696
0 -73129553335
0 -73202392974
0 -73275232613
0 -73348072252
0 -73420911891
0 -73493751530
0 -73566591169
0 -73639430808
0 -73712270447
0 -73785110086
0 -73857949725
0 -73930789364
0 -74003629003
0 -74076468642
0 -74149308281
0 -74222147920
0 -74294987559
0 -74367827198
0 -74440666837
0 -74513506476
0 -74586346115
0 -74659185754
0 -74732025393
0 -74804865032
0 -74877704671
0 -74950544310
0 -75023383949
0 -75096223588
0 -75169063227
0 -75241902866
0 -75314742505
0 -75387582144
0 -75460421783
0 -75533261422
0 -75606101061
0 -75678940700
0 -75751780339
0 -75824619978
0 -75897459617
0 -75970299256
0 -76043138895
0 -76115978534
0 -76188818173
0 -76261657812
0 -76334497451
0 -76407337090
0 -76480176729
0 -76553016368
0 -76625856007
0 -76698695646
0 -76771535285
0 -76844374924
0 -76917214563
0 -76990054202
0 -77062893841
0 -77135733480
0 -77208573119
0 -77281412758
0 -77354252397
0 -77427092036
0 -77499931675
0 -77572771314
0 -77645610953
0 -77718450592
0 -77791290231
0 -77864129870
0 -77936969509
0 -78009809148
0 -78082648787
0 -78155488426
0 -78228328065
0 -78301167704
0 -78374007343
0 -78446846982
0 -78519686621
0 -78592526260
0 -78665365899
0 -78738205538
0 -78811045177
0 -78883884816
0 -78956724455
0 -79029564094
0 -79102403733
0 -79175243372
0 -79248083011
0 -79320922650
0 -79393762289
0 -79466601928
0 -79539441567
0 -79612281206
0 -79685120845
0 -79757960484
0 -79830800123
0 -79903639762
0 -79976479401
0 -80049319040
0 -80122158679
0 -80194998318
0 -80267837957
0 -80340677596
0 -80413517235
0 -80486356874
0 -80559196513
0 -80632036152
0 -80704875791
0 -80777715430
0 -80850555069
0 -80923394708
0 -80996234347
0 -81069073986
0 -81141913625
0 -81214753264
0 -81287592903
0 -81360432542
0 -81433272181
0 -81506111820
0 -81578951459
0 -81651791098
0 -81724630737
0 -81797470376
0 -81870310015
0 -81943149654
0 -82015989293
0 -82088828932
0 -82161668571
0 -82234508210
0 -82307347849
0 -82380187488
0 -82453027127
0 -82525866766
0 -82598706405
0 -82671546044
0 -82744385683
0 -82817225322
0 -82890064961
0 -82962904600
0 -83035744239
0 -83108583878
0 -83181423517
0 -83254263156
0 -83327102795
0 -83399942434
0 -83472782073
0 -83545621712
0 -83618461351
0 -83691300990
0 -83764140629
0 -83836980268
0 -83909819907
0 -83982659546
0 -84055499185
0 -84128338824
0 -84201178463
0 -84274018102
0 -84346857741
0 -84419697380
0 -84492537019
0 -84565376658
0 -84638216297
0 -84711055936
0 -84783895575
0 -84856735214
0 -84929574853
0 -85002414492
0 -85075254131
0 -85148093770
0 -85220933409
0 -85293773048
0 -85366612687
0 -85439452326
0 -85512291965
0 -85585131604
0 -85657971243
0 -85730810882
0 -85803650521
0 -85876490160
0 -85949329799
0 -86022169438
0 -86095009077
0 -86167848716
0 -86240688355
0 -86313527994
0 -86386367633
0 -86459207272
0 -86532046911
0 -86604886550
0 -86677726189
0 -86750565828
0 -86823405467
0 -86896245106
0 -86969084745
0 -87041924384
0 -87114764023
0 -87187603662
0 -87260443301
0 -87333282940
0 -87406122579
0 -87478962218
0 -87551801857
0 -87624641496
0 -87697481135
0 -87770320774
0 -87843160413
0 -87916000052
0 -87988839691
0 -88061679330
0 -88134518969
0 -88207358608
0 -88280198247
0 -88353037886
0 -88425877525
0 -88498717164
0 -88571556803
0 -88644396442
0 -88717236081
0 -88790075720
0 -88862915359
0 -88935754998
0 -89008594637
0 -89081434276
0 -89154273915
0 -89227113554
0 -89299953193
0 -89372792832
0 -89445632471
0 -89518472110
0 -89591311749
0 -89664151388
0 -89736991027
0 -89809830666
0 -89882670305
0 -89955509944
0 -90028349583
0 -90101189222
0 -90174028861
0 -90197400805
0 -90270200526
0 -90343000247
0 -90415799968
0 -90488599689
0 -90561399410
0 -90634199131
0 -90706998852
0 -90779798573
0 -90852598294
0 -90925398015
0 -90998197736
0 -91070997457
0 -91143797178
0 -91216596899
0 -91289396620
0 -91362196341
0 -91434996062
0 -91507795783
0 -91580595504
0 -91653395225
0 -91726194946
0 -91798994667
0 -91871794388
0 -91944594109
0 -92017393830
0 -92090193551
0 -92162993272
0 -92235792993
0 -92308592714
0 -92381392435
0 -92454192156
0 -92526991877
0 -92599791598
0 -92672591319
0 -92745391040
0 -92818190761
0 -92890990482
0 -92963790203
0 -93036589924
0 -93109389645
0 -93182189366
0 -93254989087
0 -93327788808
0 -93400588529
0 -93473388250
0 -93546187971
0 -93618987692
0 -93691787413
0 -93764587134
0 -93837386855
0 -93910186576
0 -93982986297
0 -94055786018
0 -94128585739
0 -94201385460
0 -94274185181
0 -94346984902
0 -94419784623
0 -94492584344
0 -94565384065
0 -94638183786
0 -94710983507
0 -94783783228
0 -94856582949
0 -94929382670
0 -95002182391
0 -95074982112
0 -95147781833
0 -95220581554
0 -95293381275
0 -95366180996
0 -95438980717
0 -95511780438
0 -95584580159
0 -95657379880
0 -95730179601
0 -95802979322
0 -95875779043
0 -95948578764
0 -96021378485
0 -96094178206
0 -96166977927
0 -96239777648
0 -96312577369
0 -96385377090
0 -96458176811
0 -96530976532
0 -96603776253
0 -96676575974
0 -96749375695
0 -96822175416
0 -96894975137
0 -96967774858
0 -97040574579
0 -97113374300
0 -97186174021
0 -97258973742
0 -97331773463
0 -97404573184
0 -97477372905
0 -97550172626
0 -97622972347
0 -97695772068
0 -97768571789
0 -97841371510
0 -97914171231
0 -97986970952
0 -98059770673
0 -98132570394
0 -98205370115
0 -98278169836
0 -98350969557
0 -98423769278
0 -98496568999
0 -98569368720
0 -98642168441
0 -98714968162
0 -98787767883
0 -98860567604
0 -98933367325
0 -99006167046
0 -99078966767
0 -99151766488
0 -99224566209
0 -99297365930
0 -99370165651
0 -99442965372
0 -99515765093
0 -99588564814
0 -99661364535
0 -99734164256
0 -99806963977
0 -99879763698
0 -99952563419
0 -100025363140
0 -100098162861
0 -100170962582
0 -100243762303
0 -100316562024
0 -100389361745
0 -100462161466
0 -100534961187
0 -100607760908
0 -100680560629
0 -100753360350
0 -100826160071
0 -100898959792
0 -100971759513
0 -101044559234
0 -101117358955
0 -101190158676
0 -101262958397
0 -101335758118
0 -101408557839
0 -101481357560
0 -101554157281
0 -101626957002
0 -101699756723
0 -101772556444
0 -101845356165
0 -101918155886
0 -101990955607
0 -102063755328
0 -102136555049
0 -102209354770
0 -102282154491
0 -102354954212
0 -102427753933
0 -102500553654
0 -102573353375
0 -102646153096
0 -102718952817
0 -102791752538
0 -102864552259
0 -102937351980
0 -103010151701
0 -103082951422
0 -103155751143
0 -103228550864
0 -103301350585
0 -103374150306
0 -103446950027
0 -103519749748
0 -103592549469
0 -103665349190
0 -103738148911
0 -103810948632
0 -103883748353
0 -103956548074
0 -104029347795
0 -104102147516
0 -104174947237
0 -104247746958
0 -104320546679
0 -104393346400
0 -104466146121
0 -104538945842
0 -104611745563
0 -104684545284
0 -104757345005
0 -104830144726
0 -104902944447
0 -104975744168
0 -105048543889
0 -105121343610
0 -105194143331
0 -105266943052
0 -105339742773
0 -105412542494
0 -105485342215
0 -105558141936
0 -105630941657
0 -105703741378
0 -105776541099
0 -105849340820
0 -105922140541
0 -105994940262
0 -106067739983
0 -106140539704
0 -106213339425
0 -106286139146
0 -106358938867
0 -106431738588
0 -106504538309
0 -106577338030
0 -106650137751
0 -106722937472
0 -106795737193
0 -106868536914
0 -106941336635
0 -107014136356
0 -107086936077
0 -107159735798
0 -107232535519
0 -107305335240
0 -107378134961
0 -107450934682
0 -107523734403
0 -107596534124
0 -107669333845
0 -107742133566
0 -107814933287
0 -107887733008
0 -107960532729
0 -108033332450
0 -108106132171
0 -108178931892
0 -108251731613
0 -108324531334
0 -108397331055
0 -108470130776
0 -108542930497
0 -108615730218
0 -108688529939
0 -108761329660
0 -108834129381
0 -108906929102
0 -108979728823
0 -109052528544
0 -109125328265
0 -109198127986
0 -109270927707
0 -109343727428
0 -109416527149
0 -109489326870
0 -109562126591
0 -109634926312
0 -109707726033
0 -109780525754
0 -109853325475
0 -109926125196
0 -109998924917
0 -110071724638
0 -110144524359
0 -110217324080
0 -110290123801
0 -110362923522
0 -110435723243
0 -110508522964
0 -110581322685
0 -110654122406
0 -110726922127
0 -110799721848
0 -110872521569
0 -110945321290
0 -111018121011
0 -111090920732
0 -111163720453
0 -111236520174
0 -111309319895
0 -111382119616
0 -111454919337
0 -111527719058
0 -111600518779
0 -111673318500
0 -111746118221
0 -111818917942
0 -111891717663
0 -111964517384
0 -112037317105
0 -112110116826
0 -112182916547
0 -112255716268
0 -112328515989
0 -112401315710
0 -112474115431
0 -112546915152
0 -112619714873
0 -112692514594
0 -112765314315
0 -112838114036
0 -112910913757
0 -112983713478
0 -113056513199
0 -113129312920
0 -113202112641
0 -113274912362
0 -113347712083
0 -113420511804
0 -113493311525
0 -113566111246
0 -113638910967
0 -113711710688
0 -113784510409
0 -113857310130
0 -113930109851
0 -114002909572
0 -114075709293
0 -114148509014
0 -114221308735
0 -114294108456
0 -114366908177
0 -114439707898
0 -114512507619
0 -114585307340
0 -114658107061
0 -114730906782
0 -114803706503
0 -114876506224
0 -114949305945
0 -115022105666
0 -115094905387
0 -115167705108
0 -115240504829
0 -115313304550
0 -115386104271
0 -115458903992
0 -115531703713
0 -115604503434
0 -115677303155
0 -115750102876
0 -115822902597
0 -115895702318
0 -115968502039
0 -116041301760
0 -116114101481
0 -116186901202
0 -116259700923
0 -116332500644
0 -116405300365
0 -116478100086
0 -116550899807
0 -116623699528
0 -116696499249
0 -116769298970
0 -116842098691
0 -116914898412
0 -116987698133
0 -117060497854
0 -117133297575
0 -117206097296
0 -117278897017
0 -117351696738
0 -117424496459
0 -117497296180
0 -117570095901
0 -117642895622
0 -117715695343
0 -117788495064
0 -117861294785
0 -117934094506
0 -118006894227
0 -118079693948
0 -118152493669
0 -118225293390
0 -118298093111
0 -118370892832
0 -118443692553
0 -118516492274
0 -118589291995
0 -118662091716
0 -118734891437
0 -118807691158
0 -118880490879
0 -118953290600
0 -119026090321
0 -119098890042
0 -119171689763
0 -119244489484
0 -119317289205
0 -119390088926
0 -119462888647
0 -119535688368
0 -119608488089
0 -119681287810
0 -119754087531
0 -119826887252
0 -119899686973
0 -119972486694
0 -120045286415
0 -120118086136
0 -120190885857
0 -120263685578
0 -120336485299
0 -120409285020
0 -120482084741
0 -120554884462
0 -120627684183
0 -120700483904
0 -120773283625
0 -120846083346
0 -120918883067
0 -120991682788
0 -121064482509
0 -121137282230
0 -121210081951
0 -121282881672
0 -121355681393
0 -121428481114
0 -121501280835
0 -121574080556
0 -121646880277
0 -121719679998
0 -121792479719
0 -121865279440
0 -121938079161
0 -122010878882
0 -122083678603
0 -122156478324
0 -122229278045
0 -122302077766
0 -122374877487
0 -122447677208
0 -122520476929
0 -122593276650
0 -122666076371
0 -122738876092
0 -122811675813
0 -122884475534
0 -122957275255
0 -123030074976
0 -123102874697
0 -123175674418
0 -123248474139
0 -123321273860
0 -123394073581
0 -123466873302
0 -123539673023
0 -123612472744
0 -123685272465
0 -123758072186
0 -123830871907
0 -123903671628
0 -123976471349
0 -124049271070
0 -124122070791
0 -124194870512
0 -124267670233
0 -124340469954
0 -124413269675
0 -124486069396
0 -124558869117
0 -124631668838
0 -124704468559
0 -124777268280
0 -124850068001
0 -124922867722
0 -124995667443
0 -125068467164
0 -125141266885
0 -125214066606
0 -125286866327
0 -125359666048
0 -125432465769
0 -125505265490
0 -125578065211
0 -125650864932
0 -125723664653
0 -125796464374
0 -125869264095
0 -125942063816
0 -126014863537
0 -126087663258
0 -126160462979
0 -126233262700
0 -126306062421
0 -126378862142
0 -126451661863
0 -126524461584
0 -126597261305
0 -126670061026
0 -126742860747
0 -126815660468
0 -126888460189
0 -126961259910
0 -127034059631
0 -127106859352
0 -127179659073
0 -127252458794
0 -127325258515
0 -127398058236
0 -127470857957
0 -127543657678
0 -127616457399
0 -127689257120
0 -127762056841
0 -127834856562
0 -127907656283
0 -127980456004
0 -128053255725
0 -128126055446
0 -128198855167
0 -128271654888
0 -128344454609
0 -128417254330
0 -128490054051
0 -128562853772
0 -128635653493
0 -128708453214
0 -128781252935
0 -128854052656
0 -128926852377
0 -128999652098
0 -129072451819
0 -129145251540
0 -129218051261
0 -129290850982
0 -129363650703
0 -129436450424
0 -129509250145
0 -129582049866
0 -129654849587
0 -129727649308
0 -129800449029
0 -129873248750
0 -129946048471
0 -130018848192
0 -130091647913
0 -130164447634
0 -130237247355
0 -130310047076
0 -130382846797
0 -130455646518
0 -130528446239
0 -130601245960
0 -130674045681
0 -130746845402
0 -130819645123
0 -130892444844
0 -130965244565
0 -131038044286
0 -131110844007
0 -131183643728
0 -131256443449
0 -131329243170
0 -131402042891
0 -131474842612
0 -131547642333
0 -131620442054
0 -131693241775
0 -131766041496
0 -131838841217
0 -131911640938
0 -131984440659
0 -132057240380
0 -132130040101
0 -132202839822
0 -132275639543
0 -132348439264
0 -132421238985
0 -132494038706
0 -132566838427
0 -132639638148
0 -132712437869
0 -132785237590
0 -132858037311
0 -132930837032
0 -133003636753
0 -133076436474
0 -133149236195
0 -133222035916
0 -133294835637
0 -133367635358
0 -133440435079
0 -133513234800
0 -133586034521
0 -133658834242
0 -133731633963
0 -133804433684
0 -133877233405
0 -133950033126
0 -134022832847
0 -134095632568
0 -134168432289
0 -134241232010
0 -134314031731
0 -134386831452
0 -134459631173
0 -134532430894
0 -134605230615
0 -134678030336
0 -134750830057
0 -134823629778
0 -134896429499
0 -134969229220
0 -135042028941
0 -135114828662
0 -135187628383
0 -135260428104
0 -135333227825
0 -135406027546
0 -135478827267
0 -135551626988
0 -135624426709
0 -135697226430
0 -135770026151
0 -135842825872
0 -135915625593
0 -135988425314
0 -136061225035
0 -136134024756
0 -136206824477
0 -136279624198
0 -136352423919
0 -136425223640
0 -136498023361
0 -136570823082
0 -136643622803
0 -136716422524
0 -136789222245
0 -136862021966
0 -136934821687
0 -137007621408
0 -137080421129
0 -137153220850
0 -137226020571
0 -137298820292
0 -137371620013
0 -137444419734
0 -137517219455
0 -137590019176
0 -137662818897
0 -137735618618
0 -137808418339
0 -137881218060
0 -137954017781
0 -138026817502
0 -138099617223
0 -138172416944
0 -138245216665
0 -138318016386
0 -138390816107
0 -138463615828
0 -138536415549
0 -138609215270
0 -138682014991
0 -138754814712
0 -138827614433
0 -138900414154
0 -138973213875
0 -139046013596
0 -139118813317
0 -139191613038
0 -139264412759
0 -139337212480
0 -139410012201
0 -139482811922
0 -139555611643
0 -139628411364
0 -139701211085
0 -139774010806
0 -139846810527
0 -139919610248
0 -139992409969
0 -140065209690
0 -140138009411
0 -140210809132
0 -140283608853
0 -140356408574
0 -140429208295
0 -140502008016
0 -140574807737
0 -140647607458
0 -140720407179
0 -140793206900
0 -140866006621
0 -140938806342
0 -141011606063
0 -141084405784
0 -141157205505
0 -141230005226
0 -141302804947
0 -141375604668
0 -141448404389
0 -141521204110
0 -141594003831
0 -141666803552
0 -141739603273
0 -141812402994
0 -141885202715
0 -141958002436
0 -142030802157
0 -142103601878
0 -142176401599
0 -142249201320
0 -142322001041
0 -142394800762
0 -142467600483
0 -142540400204
0 -142613199925
0 -142685999646
0 -142758799367
0 -142831599088
0 -142904398809
0 -142977198530
0 -143049998251
0 -143122797972
0 -143195597693
0 -143268397414
0 -143341197135
0 -143413996856
0 -143486796577
0 -143559596298
0 -143632396019
0 -143705195740
0 -143777995461
0 -143850795182
0 -143923594903
0 -143996394624
0 -144069194345
0 -144141994066
0 -144214793787
0 -144287593508
0 -144360393229
0 -144433192950
0 -144505992671
0 -144578792392
0 -144651592113
0 -144724391834
0 -144797191555
0 -144869991276
0 -144942790997
0 -145015590718
0 -145088390439
0 -145161190160
0 -145233989881
0 -145306789602
0 -145379589323
0 -145452389044
0 -145525188765
0 -145597988486
0 -145670788207
0 -145743587928
0 -145816387649
0 -145889187370
0 -145961987091
0 -146034786812
0 -146107586533
0 -146180386254
0 -146253185975
0 -146325985696
0 -146398785417
0 -146471585138
0 -146544384859
0 -146617184580
0 -146689984301
0 -146762784022
0 -146835583743
0 -146908383464
0 -146981183185
0 -147053982906
0 -147126782627
0 -147199582348
0 -147272382069
0 -147345181790
0 -147417981511
0 -147490781232
0 -147563580953
0 -147636380674
0 -147709180395
0 -147781980116
0 -147854779837
0 -147927579558
0 -148000379279
0 -148073179000
0 -148145978721
0 -148218778442
0 -148291578163
0 -148364377884
0 -148437177605
0 -148509977326
0 -148582777047
0 -148655576768
0 -148728376489
0 -148801176210
0 -148873975931
0 -148946775652
0 -149019575373
0 -149092375094
0 -149165174815
0 -149237974536
0 -149310774257
0 -149383573978
0 -149456373699
0 -149529173420
0 -149601973141
0 -149674772862
0 -149747572583
0 -149820372304
0 -149893172025
0 -149965971746
0 -150038771467
0 -150111571188
0 -150184370909
0 -150257170630
0 -150329970351
0 -150402770072
0 -150475569793
0 -150548369514
0 -150621169235
0 -150693968956
0 -150766768677
0 -150839568398
0 -150912368119
0 -150985167840
0 -151057967561
0 -151130767282
0 -151203567003
0 -151276366724
0 -151349166445
0 -151421966166
0 -151494765887
0 -151567565608
0 -151640365329
0 -151713165050
0 -151785964771
0 -151858764492
0 -151931564213
0 -152004363934
0 -152077163655
0 -152149963376
0 -152222763097
0 -152295562818
0 -152368362539
0 -152441162260
0 -152513961981
0 -152586761702
0 -152659561423
0 -152732361144
0 -152805160865
0 -152877960586
0 -152950760307
0 -153023560028
0 -153096359749
0 -153169159470
0 -153241959191
0 -153314758912
0 -153387558633
0 -153460358354
0 -153533158075
0 -153605957796
0 -153678757517
0 -153751557238
0 -153824356959
0 -153897156680
0 -153969956401
0 -154042756122
0 -154115555843
0 -154188355564
0 -154261155285
0 -154333955006
0 -154406754727
0 -154479554448
0 -154552354169
0 -154625153890
0 -154697953611
0 -154770753332
0 -154843553053
0 -154916352774
0 -154989152495
0 -155061952216
0 -155134751937
0 -155207551658
0 -155280351379
0 -155353151100
0 -155425950821
0 -155498750542
0 -155571550263
0 -155644349984
0 -155717149705
0 -155789949426
0 -155862749147
0 -155935548868
0 -156008348589
0 -156081148310
0 -156153948031
0 -156226747752
0 -156299547473
0 -156372347194
0 -156445146915
0 -156517946636
0 -156590746357
0 -156663546078
0 -156736345799
0 -156809145520
0 -156881945241
0 -156954744962
0 -157027544683
0 -157100344404
0 -157173144125
0 -157245943846
0 -157318743567
0 -157391543288
0 -157464343009
0 -157537142730
0 -157609942451
0 -157682742172
0 -157755541893
0 -157828341614
0 -157901141335
0 -157973941056
0 -158046740777
0 -158119540498
0 -158192340219
0 -158265139940
0 -158337939661
0 -158410739382
0 -158483539103
0 -158556338824
0 -158629138545
0 -158701938266
0 -158774737987
0 -158847537708
0 -158920337429
0 -158993137150
0 -159065936871
0 -159138736592
0 -159211536313
0 -159284336034
0 -159357135755
0 -159429935476
0 -159502735197
0 -159575534918
0 -159648334639
0 -159721134360
0 -159793934081
0 -159866733802
0 -159939533523
0 -160012333244
0 -160085132965
0 -160157932686
0 -160230732407
0 -160303532128
0 -160376331849
0 -160449131570
0 -160521931291
0 -160594731012
0 -160667530733
0 -160740330454
0 -160813130175
0 -160885929896
0 -160958729617
0 -161031529338
0 -161104329059
0 -161177128780
0 -161249928501
0 -161322728222
0 -161395527943
0 -161468327664
0 -161541127385
0 -161613927106
0 -161686726827
0 -161759526548
0 -161832326269
0 -161905125990
0 -161977925711
0 -162050725432
0 -162123525153
0 -162196324874
0 -162269124595
0 -162341924316
0 -162414724037
0 -162487523758
0 -162560323479
0 -162633123200
0 -162705922921
0 -162778722642
0 -162851522363
0 -162924322084
0 -162997121805
0 -163069921526
0 -163142721247
0 -163215520968
0 -163288320689
0 -163361120410
0 -163433920131
0 -163506719852
0 -163579519573
0 -163652319294
0 -163725119015
0 -163797918736
0 -163870718457
0 -163943518178
0 -164016317899
0 -164089117620
0 -164161917341
0 -164234717062
0 -164307516783
0 -164380316504
0 -164453116225
0 -164525915946
0 -164598715667
0 -164671515388
0 -164744315109
0 -164817114830
0 -164889914551
0 -164962714272
0 -165035513993
0 -165108313714
0 -165181113435
0 -165253913156
0 -165326712877
0 -165399512598
0 -165472312319
0 -165545112040
0 -165617911761
0 -165690711482
0 -165763511203
0 -165836310924
0 -165909110645
0 -165981910366
0 -166054710087
0 -166127509808
0 -166200309529
0 -166273109250
0 -166345908971
0 -166418708692
0 -166491508413
0 -166564308134
0 -166637107855
0 -166709907576
0 -166782707297
0 -166855507018
0 -166928306739
0 -167001106460
0 -167073906181
0 -167146705902
0 -167219505623
0 -167292305344
0 -167365105065
0 -167437904786
0 -167510704507
0 -167583504228
0 -167656303949
0 -167729103670
0 -167801903391
0 -167874703112
0 -167947502833
0 -168020302554
0 -168093102275
0 -168165901996
0 -168238701717
0 -168311501438
0 -168384301159
0 -168457100880
0 -168529900601
0 -168602700322
0 -168675500043
0 -168748299764
0 -168821099485
0 -168893899206
0 -168966698927
0 -169039498648
0 -169112298369
0 -169185098090
0 -169257897811
0 -169330697532
0 -169403497253
0 -169476296974
0 -169549096695
0 -169621896416
0 -169694696137
0 -169767495858
0 -169840295579
0 -169913095300
0 -169985895021
0 -170058694742
0 -170131494463
0 -170204294184
0 -170277093905
0 -170349893626
0 -170422693347
0 -170495493068
0 -170568292789
0 -170641092510
0 -170713892231
0 -170786691952
0 -170859491673
0 -170932291394
0 -171005091115
0 -171077890836
0 -171150690557
0 -171223490278
0 -171296289999
0 -171369089720
0 -171441889441
0 -171514689162
0 -171587488883
0 -171660288604
0 -171733088325
0 -171805888046
0 -171878687767
0 -171951487488
0 -172024287209
0 -172097086930
0 -172169886651
0 -172242686372
0 -172315486093
0 -172388285814
0 -172461085535
0 -172533885256
0 -172606684977
0 -172679484698
0 -172752284419
0 -172825084140
0 -172897883861
0 -172970683582
0 -173043483303
0 -173116283024
0 -173189082745
0 -173261882466
0 -173334682187
0 -173407481908
0 -173480281629
0 -173553081350
0 -173625881071
0 -173698680792
0 -173771480513
0 -173844280234
0 -173917079955
0 -173989879676
0 -174062679397
0 -174135479118
0 -174208278839
0 -174281078560
0 -174353878281
0 -174426678002
0 -174499477723
0 -174572277444
0 -174645077165
0 -174717876886
0 -174790676607
0 -174863476328
0 -174936276049
0 -175009075770
0 -175081875491
0 -175154675212
0 -175227474933
0 -175300274654
0 -175373074375
0 -175445874096
0 -175518673817
0 -175591473538
0 -175664273259
0 -175737072980
0 -175809872701
0 -175882672422
0 -175955472143
0 -176028271864
0 -176101071585
0 -176173871306
0 -176246671027
0 -176319470748
0 -176392270469
0 -176465070190
0 -176537869911
0 -176610669632
0 -176683469353
0 -176756269074
0 -176829068795
0 -176901868516
0 -176974668237
0 -177047467958
0 -177120267679
0 -177193067400
0 -177265867121
0 -177338666842
0 -177411466563
0 -177484266284
0 -177557066005
0 -177629865726
0 -177702665447
0 -177775465168
0 -177848264889
0 -177921064610
0 -177993864331
0 -178066664052
0 -178139463773
0 -178212263494
0 -178285063215
0 -178357862936
0 -178430662657
0 -178503462378
0 -178576262099
0 -178649061820
0 -178721861541
0 -178794661262
0 -178867460983
0 -178940260704
0 -179013060425
0 -179085860146
0 -179158659867
0 -179231459588
0 -179304259309
0 -179377059030
0 -179449858751
0 -179522658472
0 -179595458193
0 -179668257914
0 -179741057635
0 -179813857356
0 -179886657077
0 -179959456798
0 -180032256519
0 -180105056240
0 -180177855961
0 -180250655682
0 -180323455403
0 -180396255124
0 -180469054845
0 -180541854566
0 -180614654287
0 -180687454008
0 -180760253729
0 -180833053450
0 -180905853171
0 -180978652892
0 -181051452613
0 -181124252334
0 -181197052055
0 -181269851776
0 -181342651497
0 -181415451218
0 -181488250939
0 -181561050660
0 -181633850381
0 -181706650102
0 -181779449823
0 -181852249544
0 -181925049265
0 -181997848986
0 -182070648707
0 -182143448428
0 -182216248149
0 -182289047870
0 -182361847591
0 -182434647312
0 -182507447033
0 -182580246754
0 -182653046475
0 -182725846196
0 -182798645917
0 -182871445638
0 -182944245359
0 -183017045080
0 -183089844801
0 -183162644522
0 -183235444243
0 -183308243964
0 -183381043685
0 -183453843406
0 -183526643127
0 -183599442848
0 -183672242569
0 -183745042290
0 -183817842011
0 -183890641732
0 -183963441453
0 -184036241174
0 -184109040895
0 -184181840616
0 -184254640337
0 -184327440058
0 -184400239779
0 -184473039500
0 -184545839221
0 -184618638942
0 -184691438663
0 -184764238384
0 -184837038105
0 -184909837826
0 -184982637547
0 -185055437268
0 -185128236989
0 -185201036710
0 -185273836431
0 -185346636152
0 -185419435873
0 -185492235594
0 -185565035315
0 -185637835036
0 -185710634757
0 -185783434478
0 -185856234199
0 -185929033920
0 -186001833641
0 -186074633362
0 -186147433083
0 -186220232804
0 -186293032525
0 -186365832246
0 -186438631967
0 -186511431688
0 -186584231409
0 -186657031130
0 -186729830851
0 -186802630572
0 -186875430293
0 -186948230014
0 -187021029735
0 -187093829456
0 -187166629177
0 -187239428898
0 -187312228619
0 -187385028340
0 -187457828061
0 -187530627782
0 -187603427503
0 -187676227224
0 -187749026945
0 -187821826666
0 -187894626387
0 -187967426108
0 -188040225829
0 -188113025550
0 -188185825271
0 -188258624992
0 -188331424713
0 -188404224434
0 -188477024155
0 -188549823876
0 -188622623597
0 -188695423318
0 -188768223039
0 -188841022760
0 -188913822481
0 -188986622202
0 -189059421923
0 -189132221644
0 -189205021365
0 -189277821086
0 -189350620807
0 -189423420528
0 -189496220249
0 -189569019970
0 -189641819691
0 -189714619412
0 -189787419133
0 -189860218854
0 -189933018575
0 -190005818296
0 -190078618017
0 -190151417738
0 -190224217459
0 -190297017180
0 -190104914490
0 -190177612908
0 -190250311326
0 -190323009744
0 -190395708162
0 -190468406580
0 -190541104998
0 -190613803416
0 -190686501834
0 -190759200252
0 -190831898670
0 -190904597088
0 -190977295506
0 -191049993924
0 -191122692342
0 -191195390760
0 -191268089178
0 -191340787596
0 -191413486014
0 -191486184432
0 -191558882850
0 -191631581268
0 -191704279686
0 -191776978104
0 -191849676522
0 -191922374940
0 -191995073358
0 -192067771776
0 -192140470194
0 -192213168612
0 -192285867030
0 -192358565448
0 -192431263866
0 -192503962284
0 -192576660702
0 -192649359120
0 -192722057538
0 -192794755956
0 -192867454374
0 -192940152792
0 -193012851210
0 -193085549628
0 -193158248046
0 -193230946464
0 -193303644882
0 -193376343300
0 -193449041718
0 -193521740136
0 -193594438554
0 -193667136972
0 -193739835390
0 -193812533808
0 -193885232226
0 -193957930644
0 -194030629062
0 -194103327480
0 -194176025898
0 -194248724316
0 -194321422734
0 -194394121152
0 -194466819570
0 -194539517988
0 -194612216406
0 -194684914824
0 -194757613242
0 -194830311660
0 -194903010078
0 -194975708496
0 -195048406914
0 -195121105332
0 -195193803750
0 -195266502168
0 -195339200586
0 -195411899004
0 -195484597422
0 -195557295840
0 -195629994258
0 -195702692676
0 -195775391094
0 -195848089512
0 -195920787930
0 -195993486348
0 -196066184766
0 -196138883184
0 -196211581602
0 -196284280020
0 -196356978438
0 -196429676856
0 -196502375274
0 -196575073692
0 -196647772110
0 -196720470528
0 -196793168946
0 -196865867364
0 -196938565782
0 -197011264200
0 -197083962618
0 -197156661036
0 -197229359454
0 -197302057872
0 -197374756290
0 -197447454708
0 -197520153126
0 -197592851544
0 -197665549962
0 -197738248380
0 -197810946798
0 -197883645216
0 -197956343634
0 -198029042052
0 -198101740470
0 -198174438888
0 -198247137306
0 -198319835724
0 -198392534142
0 -198465232560
0 -198537930978
0 -198610629396
0 -198683327814
0 -198756026232
0 -198828724650
0 -198901423068
0 -198974121486
0 -199046819904
0 -199119518322
0 -199192216740
0 -199264915158
0 -199337613576
0 -199410311994
0 -199483010412
0 -199555708830
0 -199628407248
0 -199701105666
0 -199773804084
0 -199846502502
0 -199919200920
0 -199991899338
0 -200064597756
0 -200137296174
0 -200209994592
0 -200282693010
0 -200355391428
0 -200428089846
0 -200500788264
0 -200573486682
0 -200646185100
0 -200718883518
0 -200791581936
0 -200864280354
0 -200936978772
0 -201009677190
0 -201082375608
0 -201155074026
0 -201227772444
0 -201300470862
0 -201373169280
0 -201445867698
0 -201518566116
0 -201591264534
0 -201663962952
0 -201736661370
0 -201809359788
0 -201882058206
0 -201954756624
0 -202027455042
0 -202100153460
0 -202172851878
0 -202245550296
0 -202318248714
0 -202390947132
0 -202463645550
0 -202536343968
0 -202609042386
0 -202681740804
0 -202754439222
0 -202827137640
0 -202899836058
0 -202972534476
0 -203045232894
0 -203117931312
0 -203190629730
0 -203263328148
0 -203336026566
0 -203408724984
0 -203481423402
0 -203554121820
0 -203626820238
0 -203699518656
0 -203772217074
0 -203844915492
0 -203917613910
0 -203990312328
0 -204063010746
0 -204135709164
0 -204208407582
0 -204281106000
0 -204353804418
0 -204426502836
0 -204499201254
0 -204571899672
0 -204644598090
0 -204717296508
0 -204789994926
0 -204862693344
0 -204935391762
0 -205008090180
0 -205080788598
0 -205153487016
0 -205226185434
0 -205298883852
0 -205371582270
0 -205444280688
0 -205516979106
0 -205589677524
0 -205662375942
0 -205735074360
0 -205807772778
0 -205880471196
0 -205953169614
0 -206025868032
0 -206098566450
0 -206171264868
0 -206243963286
0 -206316661704
0 -206389360122
0 -206462058540
0 -206534756958
0 -206607455376
0 -206680153794
0 -206752852212
0 -206825550630
0 -206898249048
0 -206970947466
0 -207043645884
0 -207116344302
0 -207189042720
0 -207261741138
0 -207334439556
0 -207407137974
0 -207479836392
0 -207552534810
0 -207625233228
0 -207697931646
0 -207770630064
0 -207843328482
0 -207916026900
0 -207988725318
0 -208061423736
0 -208134122154
0 -208206820572
0 -208279518990
0 -208352217408
0 -208424915826
0 -208497614244
0 -208570312662
0 -208643011080
0 -208715709498
0 -208788407916
0 -208861106334
0 -208933804752
0 -209006503170
0 -209079201588
0 -209151900006
0 -209224598424
0 -209297296842
0 -209369995260
0 -209442693678
0 -209515392096
0 -209588090514
0 -209660788932
0 -209733487350
0 -209806185768
0 -209878884186
0 -209951582604
0 -210024281022
0 -210096979440
0 -209986299479
0 -210058934473
0 -210131569467
0 -210204204461
0 -210276839455
0 -210349474449
0 -210422109443
0 -210494744437
0 -210567379431
0 -210640014425
0 -210712649419
0 -210785284413
0 -210857919407
0 -210930554401
0 -211003189395
0 -211075824389
0 -211148459383
0 -211221094377
0 -211293729371
0 -211366364365
0 -211438999359
0 -211511634353
0 -211584269347
0 -211656904341
0 -211729539335
0 -211802174329
0 -211874809323
0 -211947444317
0 -212020079311
0 -212092714305
0 -212165349299
0 -212237984293
0 -212310619287
0 -212383254281
0 -212455889275
0 -212528524269
0 -212601159263
0 -212673794257
0 -212746429251
0 -212819064245
0 -212891699239
0 -212964334233
0 -213036969227
0 -213109604221
0 -213182239215
0 -213254874209
0 -213327509203
0 -213400144197
0 -213472779191
0 -213545414185
0 -213618049179
0 -213690684173
0 -213763319167
0 -213835954161
0 -213908589155
0 -213981224149
0 -214053859143
0 -214126494137
0 -214199129131
0 -214271764125
0 -214344399119
0 -214417034113
0 -214489669107
0 -214562304101
0 -214634939095
0 -214707574089
0 -214780209083
0 -214852844077
0 -214925479071
0 -214998114065
0 -215070749059
0 -215143384053
0 -215216019047
0 -215288654041
0 -215361289035
0 -215433924029
0 -215506559023
0 -215579194017
0 -215651829011
0 -215724464005
0 -215797098999
0 -215869733993
0 -215942368987
0 -216015003981
0 -216087638975
0 -216160273969
0 -216232908963
0 -216305543957
0 -216378178951
0 -216450813945
0 -216523448939
0 -216596083933
0 -216668718927
0 -216741353921
0 -216813988915
0 -216886623909
0 -216959258903
0 -217031893897
0 -217104528891
0 -217177163885
0 -217249798879
0 -217322433873
0 -217395068867
0 -217467703861
0 -217540338855
0 -217612973849
0 -217685608843
0 -217758243837
0 -217830878831
0 -217903513825
0 -217976148819
0 -218048783813
0 -218121418807
0 -218194053801
0 -218266688795
0 -218339323789
0 -218411958783
0 -218484593777
0 -218557228771
0 -218629863765
0 -218702498759
0 -218775133753
0 -218847768747
0 -218920403741
0 -218993038735
0 -219065673729
0 -219138308723
0 -219210943717
0 -219283578711
0 -219356213705
0 -219428848699
0 -219501483693
0 -219574118687
0 -219646753681
0 -219719388675
0 -219792023669
0 -219864658663
0 -219937293657
0 -220009928651
0 -220082563645
0 -220155198639
0 -220227833633
0 -220300468627
0 -220373103621
0 -220445738615
0 -220518373609
0 -220591008603
0 -220663643597
0 -220736278591
0 -220808913585
0 -220881548579
0 -220954183573
0 -221026818567
0 -221099453561
0 -221172088555
0 -221244723549
0 -221317358543
0 -221389993537
0 -221462628531
0 -221535263525
0 -221607898519
0 -221680533513
0 -221753168507
0 -221825803501
0 -221898438495
0 -221971073489
0 -222043708483
0 -222116343477
0 -222188978471
0 -222261613465
0 -222334248459
0 -222406883453
0 -222479518447
0 -222552153441
0 -222624788435
0 -222697423429
0 -222770058423
0 -222842693417
0 -222915328411
0 -222987963405
0 -223060598399
0 -223133233393
0 -223205868387
0 -223278503381
0 -223351138375
0 -223423773369
0 -223496408363
0 -223569043357
0 -223641678351
0 -223714313345
0 -223786948339
0 -223859583333
0 -223932218327
0 -224004853321
0 -224077488315
0 -224150123309
0 -224222758303
0 -224295393297
0 -224368028291
0 -224440663285
0 -224513298279
0 -224585933273
0 -224658568267
0 -224731203261
0 -224803838255
0 -224876473249
0 -224949108243
0 -225021743237
0 -225094378231
0 -225167013225
0 -225239648219
0 -225312283213
0 -225384918207
0 -225457553201
0 -225530188195
0 -225602823189
0 -225675458183
0 -225748093177
0 -225820728171
0 -225893363165
0 -225965998159
0 -226038633153
0 -226111268147
0 -226183903141
0 -226256538135
0 -226329173129
0 -226401808123
0 -226474443117
0 -226547078111
0 -226619713105
0 -226692348099
0 -226764983093
0 -226837618087
0 -226910253081
0 -226982888075
0 -227055523069
0 -227128158063
0 -227200793057
0 -227273428051
0 -227346063045
0 -227418698039
0 -227491333033
0 -227563968027
0 -227636603021
0 -227709238015
0 -227781873009
0 -227854508003
0 -227927142997
0 -227999777991
0 -228072412985
0 -228145047979
0 -228217682973
0 -228290317967
0 -228362952961
0 -228435587955
0 -228508222949
0 -228580857943
0 -228653492937
0 -228726127931
0 -228798762925
0 -228871397919
0 -228944032913
0 -229016667907
0 -229089302901
0 -229161937895
0 -229234572889
0 -229307207883
0 -229379842877
0 -229452477871
0 -229525112865
0 -229597747859
0 -229670382853
0 -229743017847
0 -229815652841
0 -229888287835
0 -229960922829
0 -230033557823
0 -230106192817
0 -230178827811
0 -230251462805
0 -230324097799
0 -230396732793
0 -230469367787
0 -230542002781
0 -230614637775
0 -230687272769
0 -230759907763
0 -230832542757
0 -230905177751
0 -230977812745
0 -231050447739
0 -231123082733
0 -231195717727
0 -231268352721
0 -231340987715
0 -231413622709
0 -231486257703
0 -231558892697
0 -231631527691
0 -231704162685
0 -231776797679
0 -231849432673
0 -231922067667
0 -231994702661
0 -232067337655
0 -232139972649
0 -232212607643
0 -232285242637
0 -232357877631
0 -232430512625
0 -232503147619
0 -232575782613
0 -232648417607
0 -232721052601
0 -232793687595
0 -232866322589
0 -232938957583
0 -233011592577
0 -233084227571
0 -233156862565
0 -233229497559
0 -233302132553
0 -233374767547
0 -233447402541
0 -233520037535
0 -233592672529
0 -233665307523
0 -233737942517
0 -233810577511
0 -233883212505
0 -233955847499
0 -234028482493
0 -234101117487
0 -234173752481
0 -234246387475
0 -234319022469
0 -234391657463
0 -234464292457
0 -234536927451
0 -234609562445
0 -234682197439
0 -234754832433
0 -234827467427
0 -234900102421
0 -234972737415
0 -235045372409
0 -235118007403
0 -235190642397
0 -235263277391
0 -235335912385
0 -235408547379
0 -235481182373
0 -235553817367
0 -235626452361
0 -235699087355
0 -235771722349
0 -235844357343
0 -235916992337
0 -235989627331
0 -236062262325
0 -236134897319
0 -236207532313
0 -236280167307
0 -236352802301
0 -236425437295
0 -236498072289
0 -236570707283
0 -236643342277
0 -236715977271
0 -236788612265
0 -236861247259
0 -236933882253
0 -237006517247
0 -237079152241
0 -237151787235
0 -237224422229
0 -237297057223
0 -237369692217
0 -237442327211
0 -237514962205
0 -237587597199
0 -237660232193
0 -237732867187
0 -237805502181
0 -237878137175
0 -237950772169
0 -238023407163
0 -238096042157
0 -238168677151
0 -238241312145
0 -238313947139
0 -238386582133
0 -238459217127
0 -238531852121
0 -238604487115
0 -238677122109
0 -238749757103
0 -238822392097
0 -238895027091
0 -238967662085
0 -239040297079
0 -239112932073
0 -239185567067
0 -239258202061
0 -239330837055
0 -239403472049
0 -239476107043
0 -239548742037
0 -239621377031
0 -239694012025
0 -239766647019
0 -239839282013
0 -239911917007
0 -239984552001
0 -240057186995
0 -240129821989
0 -240202456983
0 -240275091977
0 -240347726971
0 -240420361965
0 -240492996959
0 -240565631953
0 -240638266947
0 -240710901941
0 -240783536935
0 -240856171929
0 -240928806923
0 -241001441917
0 -241074076911
0 -241146711905
0 -241219346899
0 -241291981893
0 -241364616887
0 -241437251881
0 -241509886875
0 -241582521869
0 -241655156863
0 -241727791857
0 -241800426851
0 -241873061845
0 -241945696839
0 -242018331833
0 -242090966827
0 -242163601821
0 -242236236815
0 -242308871809
0 -242381506803
0 -242454141797
0 -242526776791
0 -242599411785
0 -242672046779
0 -242744681773
0 -242817316767
0 -242889951761
0 -242962586755
0 -243035221749
0 -243107856743
0 -243180491737
0 -243253126731
0 -243325761725
0 -243398396719
0 -243471031713
0 -243543666707
0 -243616301701
0 -243688936695
0 -243761571689
0 -243834206683
0 -243906841677
0 -243979476671
0 -244052111665
0 -244124746659
0 -244197381653
0 -244270016647
0 -244342651641
0 -244415286635
0 -244487921629
0 -244560556623
0 -244633191617
0 -244705826611
0 -244778461605
0 -244851096599
0 -244923731593
0 -244996366587
0 -245069001581
0 -245141636575
0 -245214271569
0 -245286906563
0 -245359541557
0 -245432176551
0 -245504811545
0 -245577446539
0 -245650081533
0 -245722716527
0 -245795351521
0 -245867986515
0 -245940621509
0 -246013256503
0 -246085891497
0 -246158526491
0 -246231161485
0 -246303796479
0 -246376431473
0 -246449066467
0 -246521701461
0 -246594336455
0 -246666971449
0 -246739606443
0 -246812241437
0 -246884876431
0 -246957511425
0 -247030146419
0 -247102781413
0 -247175416407
0 -247248051401
0 -247320686395
0 -247393321389
0 -247465956383
0 -247538591377
0 -247611226371
0 -247683861365
0 -247756496359
0 -247829131353
0 -247901766347
0 -247974401341
0 -248047036335
0 -248119671329
0 -248192306323
0 -248264941317
0 -248337576311
0 -248410211305
0 -248482846299
0 -248555481293
0 -248628116287
0 -248700751281
0 -248773386275
0 -248846021269
0 -248918656263
0 -248991291257
0 -249063926251
0 -249136561245
0 -249209196239
0 -249281831233
0 -249354466227
0 -249427101221
0 -249499736215
0 -249572371209
0 -249645006203
0 -249717641197
0 -249790276191
0 -249862911185
0 -249935546179
0 -250008181173
0 -250080816167
0 -250153451161
0 -250226086155
0 -250298721149
0 -250371356143
0 -250443991137
0 -250516626131
0 -250589261125
0 -250661896119
0 -250734531113
0 -250807166107
0 -250879801101
0 -250952436095
0 -251025071089
0 -251097706083
0 -251170341077
0 -251242976071
0 -251315611065
0 -251388246059
0 -251460881053
0 -251533516047
0 -251606151041
0 -251678786035
0 -251751421029
0 -251824056023
0 -251896691017
0 -251969326011
0 -252041961005
0 -252114595999
0 -252187230993
0 -252259865987
0 -252332500981
0 -252405135975
0 -252477770969
0 -252550405963
0 -252623040957
0 -252695675951
0 -252768310945
0 -252840945939
0 -252913580933
0 -252986215927
0 -253058850921
0 -253131485915
0 -253204120909
0 -253276755903
0 -253349390897
0 -253422025891
0 -253494660885
0 -253567295879
0 -253639930873
0 -253712565867
0 -253785200861
0 -253857835855
0 -253930470849
0 -254003105843
0 -254075740837
0 -254148375831
0 -254221010825
0 -254293645819
0 -254366280813
0 -254438915807
0 -254511550801
0 -254584185795
0 -254656820789
0 -254729455783
0 -254802090777
0 -254874725771
0 -254947360765
0 -255019995759
0 -255092630753
0 -255165265747
0 -255237900741
0 -255310535735
0 -255383170729
0 -255455805723
0 -255528440717
0 -255601075711
0 -255673710705
0 -255746345699
0 -255818980693
0 -255891615687
0 -255964250681
0 -256036885675
0 -256109520669
0 -256182155663
0 -256254790657
0 -256327425651
0 -256400060645
0 -256472695639
0 -256545330633
0 -256617965627
0 -256690600621
0 -256763235615
0 -256835870609
0 -256908505603
0 -256981140597
0 -257053775591
0 -257126410585
0 -257199045579
0 -257271680573
0 -257344315567
0 -257416950561
0 -257489585555
0 -257562220549
0 -257634855543
0 -257707490537
0 -257780125531
0 -257852760525
0 -257925395519
0 -257998030513
0 -258070665507
0 -258143300501
0 -258215935495
0 -258288570489
0 -258361205483
0 -258433840477
0 -258506475471
0 -258579110465
0 -258651745459
0 -258724380453
