0
0 -75476707
0 -152476841
0 -228775262
0 -301095677
0 -376736733
0 -452377789
0 -528018845
0 -599674196
0 -674818650
0 -744748279
0 -819369374
0 -893990469
0 -968611564
0 -1043232659
0 -1117853754
0 -1192474849
0 -1267095944
0 -1341717039
0 -1416338134
0 -1490959229
0 -1565580324
0 -1640201419
0 -1714822514
0 -1789443609
0 -1864064704
0 -1938685799
0 -2013306894
0 -2087927989
0 -2162549084
0 -2237170179
0 -2311791274
0 -2386412369
0 -2461033464
0 -2535654559
0 -2610275654
0 -2684896749
0 -2759517844
0 -2834138939
0 -2908760034
0 -2983381129
0 -3058002224
0 -3132623319
0 -3207244414
0 -3281865509
0 -3356486604
0 -3425167343
0 -3499659708
0 -3574152073
0 -3648644438
0 -3723136803
0 -3797629168
0 -3872121533
0 -3946613898
0 -4021106263
0 -4095598628
0 -4170090993
0 -4244583358
0 -4316490503
0 -4384525278
0 -4458863944
0 -4533202610
0 -4607541276
0 -4681879942
0 -4756218608
0 -4830557274
0 -4904895940
0 -4979234606
0 -5053573272
0 -5127911938
0 -5202250604
0 -5276589270
0 -5350927936
0 -5425266602
0 -5499605268
0 -5573943934
0 -5648282600
0 -5722621266
0 -5796959932
0 -5871298598
0 -5945637264
0 -6019975930
0 -6094314596
0 -6168653262
0 -6242991928
0 -6317330594
0 -6391669260
0 -6466007926
0 -6540346592
0 -6614685258
0 -6689023924
0 -6763362590
0 -6836116530
0 -6910438150
0 -6984759770
0 -7059081390
0 -7133403010
0 -7207724630
0 -7282046250
0 -7356367870
0 -7430689490
0 -7505011110
0 -7579332730
0 -7653654350
0 -7727975970
0 -7802297590
0 -7876619210
0 -7950940830
0 -8025262450
0 -8097347478
0 -8171648620
0 -8245949762
0 -8320250904
0 -8394552046
0 -8468853188
0 -8543154330
0 -8617455472
0 -8691756614
0 -8766057756
0 -8840358898
0 -8914660040
0 -8988961182
0 -9063262324
0 -9137563466
0 -9211864608
0 -9286165750
0 -9360466892
0 -9434768034
0 -9509069176
0 -9583370318
0 -9657671460
0 -9731972602
0 -9806273744
0 -9880574886
0 -9954876028
0 -10029177170
0 -10103478312
0 -10177779454
0 -10252080596
0 -10326381738
0 -10400682880
0 -10474984022
0 -10549285164
0 -10623586306
0 -10697887448
0 -10772188590
0 -10846489732
0 -10920790874
0 -10995092016
0 -11069393158
0 -11143694300
0 -11217995442
0 -11292296584
0 -11366597726
0 -11440898868
0 -11515200010
0 -11589501152
0 -11663802294
0 -11738103436
0 -11812404578
0 -11886705720
0 -11961006862
0 -12035308004
0 -12109609146
0 -12183910288
0 -12258211430
0 -12332512572
0 -12406813714
0 -12481114856
0 -12555415998
0 -12629717140
0 -12704018282
0 -12778319424
0 -12852620566
0 -12926921708
0 -13001222850
0 -13075523992
0 -13149825134
0 -13224126276
0 -13298427418
0 -13372728560
0 -13447029702
0 -13521330844
0 -13595631986
0 -13669933128
0 -13744234270
0 -13818535412
0 -13892836554
0 -13967137696
0 -14041438838
0 -14115739980
0 -14190041122
0 -14264342264
0 -14338643406
0 -14412944548
0 -14487245690
0 -14561546832
0 -14635847974
0 -14710149116
0 -14784450258
0 -14858751400
0 -14933052542
0 -15007353684
0 -15081654826
0 -15155955968
0 -15230257110
0 -15304558252
0 -15378859394
0 -15453160536
0 -15527461678
0 -15601762820
0 -15676063962
0 -15750365104
0 -15824666246
0 -15898967388
0 -15973268530
0 -16047569672
0 -16121870814
0 -16196171956
0 -16270473098
0 -16344774240
0 -16419075382
0 -16493376524
0 -16567677666
0 -16641978808
0 -16716279950
0 -16787244862
0 -16861531231
0 -16935817600
0 -17010103969
0 -17084390338
0 -17158676707
0 -17232963076
0 -17307249445
0 -17381535814
0 -17455822183
0 -17530108552
0 -17604394921
0 -17678681290
0 -17752967659
0 -17827254028
0 -17901540397
0 -17975826766
0 -18050113135
0 -18124399504
0 -18198685873
0 -18272972242
0 -18347258611
0 -18421544980
0 -18495831349
0 -18570117718
0 -18644404087
0 -18718690456
0 -18792976825
0 -18867263194
0 -18941549563
0 -19015835932
0 -19090122301
0 -19164408670
0 -19238695039
0 -19312981408
0 -19387267777
0 -19461554146
0 -19535840515
0 -19610126884
0 -19684413253
0 -19758699622
0 -19832985991
0 -19907272360
0 -19981558729
0 -20055845098
0 -20130131467
0 -20204417836
0 -20278704205
0 -20352990574
0 -20427276943
0 -20501563312
0 -20575849681
0 -20605607379
0 -20679733572
0 -20753859765
0 -20827985958
0 -20902112151
0 -20976238344
0 -21050364537
0 -21124490730
0 -21198616923
0 -21272743116
0 -21346869309
0 -21420995502
0 -21495121695
0 -21569247888
0 -21643374081
0 -21717500274
0 -21791626467
0 -21865752660
0 -21939878853
0 -22014005046
0 -22088131239
0 -22162257432
0 -22236383625
0 -22310509818
0 -22384636011
0 -22458762204
0 -22532888397
0 -22607014590
0 -22681140783
0 -22755266976
0 -22829393169
0 -22903519362
0 -22977645555
0 -23051771748
0 -23125897941
0 -23200024134
0 -23274150327
0 -23348276520
0 -23422402713
0 -23496528906
0 -23570655099
0 -23644781292
0 -23718907485
0 -23793033678
0 -23867159871
0 -23941286064
0 -24015412257
0 -24089538450
0 -24163664643
0 -24237790836
0 -24311917029
0 -24386043222
0 -24460169415
0 -24534295608
0 -24608421801
0 -24682547994
0 -24756674187
0 -24830800380
0 -24904926573
0 -24979052766
0 -25053178959
0 -25127305152
0 -25201431345
0 -25275557538
0 -25349683731
0 -25423809924
0 -25497936117
0 -25572062310
0 -25646188503
0 -25720314696
0 -25794440889
0 -25868567082
0 -25942693275
0 -26016819468
0 -26090945661
0 -26165071854
0 -26239198047
0 -26313324240
0 -26387450433
0 -26461576626
0 -26535702819
0 -26609829012
0 -26683955205
0 -26758081398
0 -26832207591
0 -26906333784
0 -26980459977
0 -27054586170
0 -27128712363
0 -27202838556
0 -27276964749
0 -27351090942
0 -27425217135
0 -27499343328
0 -27573469521
0 -27647595714
0 -27721721907
0 -27795848100
0 -27869974293
0 -27944100486
0 -28018226679
0 -28092352872
0 -28166479065
0 -28240605258
0 -28314731451
0 -28388857644
0 -28462983837
0 -28537110030
0 -28611236223
0 -28685362416
0 -28759488609
0 -28833614802
0 -28907740995
0 -28981867188
0 -29055993381
0 -29130119574
0 -29204245767
0 -29278371960
0 -29352498153
0 -29426624346
0 -29500750539
0 -29574876732
0 -29649002925
0 -29723129118
0 -29797255311
0 -29871381504
0 -29945507697
0 -30019633890
0 -30093760083
0 -30167886276
0 -30242012469
0 -30316138662
0 -30390264855
0 -30464391048
0 -30538517241
0 -30612643434
0 -30686769627
0 -30760895820
0 -30835022013
0 -30909148206
0 -30983274399
0 -31057400592
0 -31131526785
0 -31205652978
0 -31279779171
0 -31353905364
0 -31428031557
0 -31502157750
0 -31576283943
0 -31650410136
0 -31724536329
0 -31798662522
0 -31872788715
0 -31946914908
0 -32021041101
0 -32095167294
0 -32169293487
0 -32243419680
0 -32317545873
0 -32391672066
0 -32465798259
0 -32539924452
0 -32614050645
0 -32688176838
0 -32762303031
0 -32836429224
0 -32910555417
0 -32984681610
0 -33058807803
0 -33132933996
0 -33207060189
0 -33281186382
0 -33355312575
0 -33429438768
0 -33503564961
0 -33577691154
0 -33651817347
0 -33725943540
0 -33800069733
0 -33874195926
0 -33948322119
0 -34022448312
0 -34096574505
0 -34170700698
0 -34244826891
0 -34318953084
0 -34393079277
0 -34467205470
0 -34541331663
0 -34615457856
0 -34689584049
0 -34763710242
0 -34837836435
0 -34911962628
0 -34986088821
0 -35060215014
0 -35134341207
0 -35208467400
0 -35282593593
0 -35356719786
0 -35430845979
0 -35504972172
0 -35579098365
0 -35653224558
0 -35727350751
0 -35801476944
0 -35875603137
0 -35949729330
0 -36023855523
0 -36097981716
0 -36172107909
0 -36246234102
0 -36320360295
0 -36394486488
0 -36468612681
0 -36542738874
0 -36616865067
0 -36690991260
0 -36765117453
0 -36839243646
0 -36913369839
0 -36987496032
0 -37061622225
0 -37135748418
0 -37209874611
0 -37284000804
0 -37358126997
0 -37432253190
0 -37268056707
0 -37341711864
0 -37415367021
0 -37489022178
0 -37562677335
0 -37636332492
0 -37709987649
0 -37783642806
0 -37857297963
0 -37930953120
0 -38004608277
0 -38078263434
0 -38151918591
0 -38225573748
0 -38299228905
0 -38372884062
0 -38446539219
0 -38520194376
0 -38593849533
0 -38667504690
0 -38741159847
0 -38814815004
0 -38888470161
0 -38962125318
0 -39035780475
0 -39109435632
0 -39183090789
0 -39256745946
0 -39330401103
0 -39404056260
0 -39477711417
0 -39551366574
0 -39625021731
0 -39698676888
0 -39772332045
0 -39845987202
0 -39919642359
0 -39993297516
0 -40066952673
0 -40140607830
0 -40214262987
0 -40287918144
0 -40361573301
0 -40435228458
0 -40508883615
0 -40582538772
0 -40656193929
0 -40729849086
0 -40803504243
0 -40877159400
0 -40950814557
0 -41024469714
0 -41098124871
0 -41171780028
0 -41245435185
0 -41319090342
0 -41392745499
0 -41466400656
0 -41540055813
0 -41613710970
0 -41687366127
0 -41761021284
0 -41834676441
0 -41908331598
0 -41981986755
0 -42055641912
0 -42129297069
0 -42202952226
0 -42276607383
0 -42350262540
0 -42423917697
0 -42497572854
0 -42571228011
0 -42644883168
0 -42718538325
0 -42792193482
0 -42865848639
0 -42939503796
0 -43013158953
0 -43086814110
0 -43160469267
0 -43234124424
0 -43307779581
0 -43381434738
0 -43455089895
0 -43528745052
0 -43602400209
0 -43676055366
0 -43749710523
0 -43823365680
0 -43897020837
0 -43970675994
0 -44044331151
0 -44117986308
0 -44191641465
0 -44265296622
0 -44338951779
0 -44412606936
0 -44486262093
0 -44559917250
0 -44633572407
0 -44707227564
0 -44780882721
0 -44854537878
0 -44928193035
0 -45001848192
0 -45075503349
0 -45149158506
0 -45222813663
0 -45296468820
0 -45370123977
0 -45443779134
0 -45517434291
0 -45591089448
0 -45664744605
0 -45738399762
0 -45812054919
0 -45885710076
0 -45959365233
0 -46033020390
0 -46106675547
0 -46180330704
0 -46253985861
0 -46327641018
0 -46401296175
0 -46474951332
0 -46548606489
0 -46622261646
0 -46695916803
0 -46769571960
0 -46843227117
0 -46916882274
0 -46990537431
0 -47064192588
0 -47137847745
0 -47211502902
0 -47285158059
0 -47358813216
0 -47432468373
0 -47506123530
0 -47579778687
0 -47653433844
0 -47727089001
0 -47800744158
0 -47874399315
0 -47948054472
0 -48021709629
0 -48095364786
0 -48169019943
0 -48242675100
0 -48316330257
0 -48389985414
0 -48463640571
0 -48537295728
0 -48610950885
0 -48684606042
0 -48758261199
0 -48831916356
0 -48905571513
0 -48979226670
0 -49052881827
0 -49126536984
0 -49200192141
0 -49273847298
0 -49347502455
0 -49421157612
0 -49494812769
0 -49568467926
0 -49642123083
0 -49715778240
0 -49789433397
0 -49863088554
0 -49936743711
0 -50010398868
0 -50084054025
0 -50157709182
0 -50231364339
0 -50305019496
0 -50378674653
0 -50452329810
0 -50525984967
0 -50599640124
0 -50673295281
0 -50746950438
0 -50820605595
0 -50894260752
0 -50967915909
0 -51041571066
0 -51115226223
0 -51188881380
0 -51262536537
0 -51336191694
0 -51409846851
0 -51483502008
0 -51557157165
0 -51630812322
0 -51704467479
0 -51778122636
0 -51851777793
0 -51925432950
0 -51999088107
0 -52072743264
0 -52146398421
0 -52220053578
0 -52293708735
0 -52367363892
0 -52441019049
0 -52514674206
0 -52588329363
0 -52661984520
0 -52735639677
0 -52809294834
0 -52882949991
0 -52956605148
0 -53030260305
0 -53103915462
0 -53177570619
0 -53251225776
0 -53324880933
0 -53398536090
0 -53472191247
0 -53545846404
0 -53619501561
0 -53693156718
0 -53766811875
0 -53840467032
0 -53914122189
0 -53987777346
0 -54061432503
0 -54135087660
0 -54208742817
0 -54282397974
0 -54356053131
0 -54429708288
0 -54503363445
0 -54577018602
0 -54650673759
0 -54724328916
0 -54797984073
0 -54871639230
0 -54945294387
0 -55018949544
0 -55092604701
0 -55166259858
0 -55239915015
0 -55313570172
0 -55387225329
0 -55460880486
0 -55534535643
0 -55608190800
0 -55681845957
0 -55755501114
0 -55829156271
0 -55902811428
0 -55976466585
0 -56050121742
0 -56123776899
0 -56197432056
0 -56271087213
0 -56344742370
0 -56418397527
0 -56492052684
0 -56565707841
0 -56639362998
0 -56713018155
0 -56786673312
0 -56860328469
0 -56933983626
0 -57007638783
0 -57081293940
0 -57154949097
0 -57228604254
0 -57302259411
0 -57375914568
0 -57449569725
0 -57523224882
0 -57596880039
0 -57670535196
0 -57744190353
0 -57817845510
0 -57891500667
0 -57965155824
0 -58038810981
0 -58112466138
0 -58186121295
0 -58259776452
0 -58333431609
0 -58407086766
0 -58480741923
0 -58554397080
0 -58628052237
0 -58701707394
0 -58775362551
0 -58849017708
0 -58922672865
0 -58996328022
0 -59069983179
0 -59143638336
0 -59217293493
0 -59290948650
0 -59364603807
0 -59438258964
0 -59511914121
0 -59585569278
0 -59659224435
0 -59732879592
0 -59806534749
0 -59880189906
0 -59953845063
0 -60027500220
0 -60101155377
0 -60174810534
0 -60248465691
0 -60322120848
0 -60395776005
0 -60469431162
0 -60543086319
0 -60616741476
0 -60690396633
0 -60764051790
0 -60837706947
0 -60911362104
0 -60985017261
0 -61058672418
0 -61132327575
0 -61205982732
0 -61279637889
0 -61353293046
0 -61426948203
0 -61500603360
0 -61574258517
0 -61647913674
0 -61721568831
0 -61795223988
0 -61868879145
0 -61942534302
0 -62016189459
0 -62089844616
0 -62163499773
0 -62237154930
0 -62310810087
0 -62384465244
0 -62458120401
0 -62531775558
0 -62605430715
0 -62679085872
0 -62752741029
0 -62826396186
0 -62900051343
0 -62973706500
0 -63047361657
0 -63121016814
0 -63194671971
0 -63268327128
0 -63341982285
0 -63415637442
0 -63489292599
0 -63562947756
0 -63636602913
0 -63710258070
0 -63783913227
0 -63857568384
0 -63931223541
0 -64004878698
0 -64078533855
0 -64152189012
0 -64225844169
0 -64299499326
0 -64373154483
0 -64446809640
0 -64520464797
0 -64594119954
0 -64667775111
0 -64741430268
0 -64815085425
0 -64888740582
0 -64962395739
0 -65036050896
0 -65109706053
0 -65183361210
0 -65257016367
0 -65330671524
0 -65404326681
0 -65477981838
0 -65551636995
0 -65625292152
0 -65698947309
0 -65772602466
0 -65846257623
0 -65919912780
0 -65993567937
0 -66067223094
0 -66140878251
0 -66214533408
0 -66288188565
0 -66361843722
0 -66435498879
0 -66509154036
0 -66582809193
0 -66656464350
0 -66730119507
0 -66803774664
0 -66877429821
0 -66951084978
0 -67024740135
0 -67098395292
0 -67172050449
0 -67245705606
0 -67319360763
0 -67393015920
0 -67466671077
0 -67540326234
0 -67613981391
0 -67687636548
0 -67761291705
0 -67834946862
0 -67908602019
0 -67982257176
0 -68055912333
0 -68129567490
0 -68203222647
0 -68276877804
0 -68350532961
0 -68424188118
0 -68497843275
0 -68571498432
0 -68645153589
0 -68718808746
0 -68792463903
0 -68866119060
0 -68939774217
0 -69013429374
0 -69087084531
0 -69160739688
0 -69234394845
0 -69308050002
0 -69381705159
0 -69455360316
0 -69529015473
0 -69602670630
0 -69676325787
0 -69749980944
0 -69823636101
0 -69897291258
0 -69970946415
0 -70044601572
0 -70118256729
0 -70191911886
0 -70232290546
0 -70305910833
0 -70379531120
0 -70453151407
0 -70526771694
0 -70600391981
0 -70674012268
0 -70747632555
0 -70821252842
0 -70894873129
0 -70968493416
0 -71042113703
0 -71115733990
0 -71189354277
0 -71262974564
0 -71336594851
0 -71410215138
0 -71483835425
0 -71557455712
0 -71631075999
0 -71704696286
0 -71778316573
0 -71851936860
0 -71925557147
0 -71999177434
0 -72072797721
0 -72146418008
0 -72220038295
0 -72293658582
0 -72367278869
0 -72440899156
0 -72514519443
0 -72588139730
0 -72661760017
0 -72735380304
0 -72809000591
0 -72882620878
0 -72956241165
0 -73029861452
0 -73103481739
0 -73177102026
0 -73250722313
0 -73324342600
0 -73397962887
0 -73471583174
0 -73545203461
0 -73618823748
0 -73692444035
0 -73766064322
0 -73839684609
0 -73913304896
0 -73986925183
0 -74060545470
0 -74134165757
0 -74207786044
0 -74281406331
0 -74355026618
0 -74428646905
0 -74502267192
0 -74575887479
0 -74649507766
0 -74723128053
0 -74796748340
0 -74870368627
0 -74943988914
0 -75017609201
0 -75091229488
0 -75164849775
0 -75238470062
0 -75312090349
0 -75385710636
0 -75459330923
0 -75532951210
0 -75606571497
0 -75680191784
0 -75753812071
0 -75827432358
0 -75901052645
0 -75974672932
0 -76048293219
0 -76121913506
0 -76195533793
0 -76269154080
0 -76342774367
0 -76416394654
0 -76490014941
0 -76563635228
0 -76637255515
0 -76710875802
0 -76784496089
0 -76858116376
0 -76931736663
0 -77005356950
0 -77078977237
0 -77152597524
0 -77226217811
0 -77299838098
0 -77373458385
0 -77447078672
0 -77520698959
0 -77594319246
0 -77667939533
0 -77741559820
0 -77815180107
0 -77888800394
0 -77962420681
0 -78036040968
0 -78109661255
0 -78183281542
0 -78256901829
0 -78330522116
0 -78404142403
0 -78477762690
0 -78551382977
0 -78625003264
0 -78698623551
0 -78772243838
0 -78845864125
0 -78919484412
0 -78993104699
0 -79066724986
0 -79140345273
0 -79213965560
0 -79287585847
0 -79361206134
0 -79434826421
0 -79508446708
0 -79582066995
0 -79655687282
0 -79729307569
0 -79802927856
0 -79876548143
0 -79950168430
0 -80023788717
0 -80097409004
0 -80171029291
0 -80244649578
0 -80318269865
0 -80391890152
0 -80465510439
0 -80539130726
0 -80612751013
0 -80686371300
0 -80759991587
0 -80833611874
0 -80907232161
0 -80980852448
0 -81054472735
0 -81128093022
0 -81201713309
0 -81275333596
0 -81348953883
0 -81422574170
0 -81496194457
0 -81569814744
0 -81643435031
0 -81717055318
0 -81790675605
0 -81864295892
0 -81937916179
0 -82011536466
0 -82085156753
0 -82158777040
0 -82232397327
0 -82306017614
0 -82379637901
0 -82453258188
0 -82526878475
0 -82600498762
0 -82674119049
0 -82747739336
0 -82821359623
0 -82894979910
0 -82968600197
0 -83042220484
0 -83115840771
0 -83189461058
0 -83263081345
0 -83336701632
0 -83410321919
0 -83483942206
0 -83557562493
0 -83631182780
0 -83704803067
0 -83778423354
0 -83852043641
0 -83925663928
0 -83999284215
0 -84072904502
0 -84146524789
0 -84220145076
0 -84293765363
0 -84367385650
0 -84441005937
0 -84514626224
0 -84588246511
0 -84661866798
0 -84735487085
0 -84809107372
0 -84882727659
0 -84956347946
0 -85029968233
0 -85103588520
0 -85177208807
0 -85250829094
0 -85324449381
0 -85398069668
0 -85471689955
0 -85545310242
0 -85618930529
0 -85692550816
0 -85766171103
0 -85839791390
0 -85913411677
0 -85987031964
0 -86060652251
0 -86134272538
0 -86207892825
0 -86281513112
0 -86355133399
0 -86428753686
0 -86502373973
0 -86575994260
0 -86649614547
0 -86723234834
0 -86796855121
0 -86870475408
0 -86944095695
0 -87017715982
0 -87091336269
0 -87164956556
0 -87238576843
0 -87312197130
0 -87385817417
0 -87459437704
0 -87533057991
0 -87606678278
0 -87680298565
0 -87753918852
0 -87827539139
0 -87901159426
0 -87974779713
0 -88048400000
0 -88122020287
0 -88195640574
0 -88269260861
0 -88342881148
0 -88416501435
0 -88490121722
0 -88386492788
0 -88459965736
0 -88533438684
0 -88606911632
0 -88680384580
0 -88753857528
0 -88827330476
0 -88900803424
0 -88974276372
0 -89047749320
0 -89121222268
0 -89194695216
0 -89268168164
0 -89341641112
0 -89415114060
0 -89488587008
0 -89562059956
0 -89635532904
0 -89709005852
0 -89782478800
0 -89855951748
0 -89929424696
0 -90002897644
0 -90076370592
0 -90149843540
0 -90223316488
0 -90296789436
0 -90370262384
0 -90443735332
0 -90517208280
0 -90590681228
0 -90664154176
0 -90737627124
0 -90811100072
0 -90884573020
0 -90958045968
0 -91031518916
0 -91104991864
0 -91178464812
0 -91251937760
0 -91325410708
0 -91398883656
0 -91472356604
0 -91545829552
0 -91619302500
0 -91692775448
0 -91766248396
0 -91839721344
0 -91913194292
0 -91986667240
0 -92060140188
0 -92133613136
0 -92207086084
0 -92280559032
0 -92354031980
0 -92427504928
0 -92500977876
0 -92574450824
0 -92647923772
0 -92721396720
0 -92794869668
0 -92868342616
0 -92941815564
0 -93015288512
0 -93088761460
0 -93162234408
0 -93235707356
0 -93309180304
0 -93382653252
0 -93456126200
0 -93529599148
0 -93603072096
0 -93676545044
0 -93750017992
0 -93823490940
0 -93896963888
0 -93970436836
0 -94043909784
0 -94117382732
0 -94190855680
0 -94264328628
0 -94337801576
0 -94411274524
0 -94484747472
0 -94558220420
0 -94631693368
0 -94705166316
0 -94778639264
0 -94852112212
0 -94925585160
0 -94999058108
0 -95072531056
0 -95146004004
0 -95219476952
0 -95292949900
0 -95366422848
0 -95439895796
0 -95513368744
0 -95586841692
0 -95660314640
0 -95733787588
0 -95807260536
0 -95880733484
0 -95954206432
0 -96027679380
0 -96101152328
0 -96174625276
0 -96248098224
0 -96321571172
0 -96395044120
0 -96468517068
0 -96541990016
0 -96615462964
0 -96688935912
0 -96762408860
0 -96835881808
0 -96909354756
0 -96982827704
0 -97056300652
0 -97129773600
0 -97203246548
0 -97276719496
0 -97350192444
0 -97423665392
0 -97497138340
0 -97570611288
0 -97644084236
0 -97717557184
0 -97791030132
0 -97864503080
0 -97937976028
0 -98011448976
0 -98084921924
0 -98158394872
0 -98231867820
0 -98305340768
0 -98378813716
0 -98452286664
0 -98525759612
0 -98599232560
0 -98672705508
0 -98746178456
0 -98819651404
0 -98893124352
0 -98966597300
0 -99040070248
0 -99113543196
0 -99187016144
0 -99260489092
0 -99333962040
0 -99407434988
0 -99480907936
0 -99554380884
0 -99627853832
0 -99701326780
0 -99774799728
0 -99848272676
0 -99921745624
0 -99995218572
0 -100068691520
0 -100142164468
0 -100215637416
0 -100289110364
0 -100362583312
0 -100436056260
0 -100509529208
0 -100583002156
0 -100656475104
0 -100729948052
0 -100803421000
0 -100876893948
0 -100950366896
0 -101023839844
0 -101097312792
0 -101170785740
0 -101244258688
0 -101317731636
0 -101391204584
0 -101464677532
0 -101538150480
0 -101611623428
0 -101685096376
0 -101758569324
0 -101832042272
0 -101905515220
0 -101978988168
0 -102052461116
0 -102125934064
0 -102199407012
0 -102272879960
0 -102346352908
0 -102419825856
0 -102493298804
0 -102566771752
0 -102640244700
0 -102713717648
0 -102787190596
0 -102860663544
0 -102934136492
0 -103007609440
0 -103081082388
0 -103154555336
0 -103228028284
0 -103301501232
0 -103374974180
0 -103448447128
0 -103521920076
0 -103595393024
0 -103668865972
0 -103742338920
0 -103815811868
0 -103889284816
0 -103962757764
0 -104036230712
0 -104109703660
0 -104183176608
0 -104256649556
0 -104330122504
0 -104403595452
0 -104477068400
0 -104550541348
0 -104624014296
0 -104697487244
0 -104714736777
0 -104788170286
0 -104861603795
0 -104935037304
0 -105008470813
0 -105081904322
0 -105155337831
0 -105228771340
0 -105302204849
0 -105375638358
0 -105449071867
0 -105522505376
0 -105595938885
0 -105669372394
0 -105742805903
0 -105816239412
0 -105889672921
0 -105963106430
0 -106036539939
0 -106109973448
0 -106183406957
0 -106256840466
0 -106330273975
0 -106403707484
0 -106477140993
0 -106550574502
0 -106624008011
0 -106697441520
0 -106770875029
0 -106844308538
0 -106917742047
0 -106991175556
0 -107064609065
0 -107138042574
0 -107211476083
0 -107284909592
0 -107358343101
0 -107431776610
0 -107505210119
0 -107578643628
0 -107652077137
0 -107725510646
0 -107798944155
0 -107872377664
0 -107945811173
0 -108019244682
0 -108092678191
0 -108166111700
0 -108239545209
0 -108312978718
0 -108386412227
0 -108459845736
0 -108533279245
0 -108606712754
0 -108680146263
0 -108753579772
0 -108827013281
0 -108900446790
0 -108973880299
0 -109047313808
0 -109120747317
0 -109194180826
0 -109267614335
0 -109341047844
0 -109414481353
0 -109487914862
0 -109561348371
0 -109634781880
0 -109708215389
0 -109781648898
0 -109855082407
0 -109928515916
0 -110001949425
0 -110075382934
0 -110148816443
0 -110222249952
0 -110295683461
0 -110369116970
0 -110442550479
0 -110515983988
0 -110589417497
0 -110662851006
0 -110736284515
0 -110809718024
0 -110883151533
0 -110956585042
0 -111030018551
0 -111103452060
0 -111176885569
0 -111250319078
0 -111323752587
0 -111397186096
0 -111470619605
0 -111544053114
0 -111617486623
0 -111690920132
0 -111764353641
0 -111837787150
0 -111911220659
0 -111984654168
0 -112058087677
0 -112131521186
0 -112204954695
0 -112278388204
0 -112351821713
0 -112425255222
0 -112498688731
0 -112572122240
0 -112645555749
0 -112718989258
0 -112792422767
0 -112865856276
0 -112939289785
0 -113012723294
0 -113086156803
0 -113159590312
0 -113233023821
0 -113306457330
0 -113379890839
0 -113453324348
0 -113526757857
0 -113600191366
0 -113673624875
0 -113747058384
0 -113820491893
0 -113893925402
0 -113967358911
0 -114040792420
0 -114114225929
0 -114187659438
0 -114261092947
0 -114334526456
0 -114407959965
0 -114481393474
0 -114554826983
0 -114628260492
0 -114701694001
0 -114775127510
0 -114848561019
0 -114921994528
0 -114995428037
0 -115068861546
0 -115142295055
0 -115215728564
0 -115289162073
0 -115362595582
0 -115436029091
0 -115509462600
0 -115582896109
0 -115656329618
0 -115729763127
0 -115803196636
0 -115876630145
0 -115950063654
0 -116023497163
0 -116096930672
0 -116170364181
0 -116243797690
0 -116317231199
0 -116390664708
0 -116464098217
0 -116537531726
0 -116610965235
0 -116684398744
0 -116757832253
0 -116831265762
0 -116904699271
0 -116978132780
0 -117051566289
0 -117124999798
0 -117198433307
0 -117271866816
0 -117345300325
0 -117418733834
0 -117492167343
0 -117565600852
0 -117639034361
0 -117712467870
0 -117785901379
0 -117859334888
0 -117932768397
0 -118006201906
0 -118079635415
0 -118153068924
0 -118226502433
0 -118299935942
0 -118373369451
0 -118446802960
0 -118520236469
0 -118593669978
0 -118667103487
0 -118740536996
0 -118813970505
0 -118887404014
0 -118960837523
0 -119034271032
0 -119107704541
0 -119181138050
0 -119254571559
0 -119328005068
0 -119401438577
0 -119474872086
0 -119548305595
0 -119621739104
0 -119695172613
0 -119768606122
0 -119842039631
0 -119915473140
0 -119988906649
0 -120062340158
0 -120135773667
0 -120209207176
0 -120282640685
0 -120356074194
0 -120429507703
0 -120502941212
0 -120576374721
0 -120649808230
0 -120723241739
0 -120796675248
0 -120870108757
0 -120943542266
0 -121016975775
0 -121090409284
0 -121163842793
0 -121237276302
0 -121310709811
0 -121384143320
0 -121457576829
0 -121531010338
0 -121604443847
0 -121677877356
0 -121751310865
0 -121824744374
0 -121898177883
0 -121971611392
0 -122045044901
0 -122118478410
0 -122191911919
0 -122265345428
0 -122338778937
0 -122412212446
0 -122485645955
0 -122559079464
0 -122632512973
0 -122705946482
0 -122779379991
0 -122852813500
0 -122926247009
0 -122999680518
0 -123073114027
0 -123146547536
0 -123219981045
0 -123293414554
0 -123366848063
0 -123440281572
0 -123513715081
0 -123587148590
0 -123660582099
0 -123734015608
0 -123807449117
0 -123880882626
0 -123954316135
0 -124027749644
0 -124101183153
0 -124174616662
0 -124248050171
0 -124321483680
0 -124394917189
0 -124468350698
0 -124541784207
0 -124615217716
0 -124688651225
0 -124762084734
0 -124835518243
0 -124908951752
0 -124982385261
0 -125055818770
0 -125129252279
0 -125202685788
0 -125276119297
0 -125349552806
0 -125422986315
0 -125496419824
0 -125569853333
0 -125643286842
0 -125716720351
0 -125790153860
0 -125863587369
0 -125937020878
0 -126010454387
0 -126083887896
0 -126157321405
0 -126230754914
0 -126304188423
0 -126377621932
0 -126451055441
0 -126524488950
0 -126597922459
0 -126671355968
0 -126744789477
0 -126818222986
0 -126891656495
0 -126965090004
0 -127038523513
0 -127111957022
0 -127185390531
0 -127258824040
0 -127332257549
0 -127405691058
0 -127479124567
0 -127552558076
0 -127625991585
0 -127699425094
0 -127772858603
0 -127846292112
0 -127919725621
0 -127993159130
0 -128066592639
0 -128140026148
0 -128213459657
0 -128286893166
0 -128360326675
0 -128433760184
0 -128507193693
0 -128580627202
0 -128654060711
0 -128727494220
0 -128800927729
0 -128874361238
0 -128947794747
0 -129021228256
0 -129094661765
0 -129168095274
0 -129241528783
0 -129314962292
0 -129388395801
0 -129461829310
0 -129535262819
0 -129608696328
0 -129682129837
0 -129755563346
0 -129828996855
0 -129902430364
0 -129975863873
0 -130049297382
0 -130122730891
0 -130196164400
0 -130269597909
0 -130343031418
0 -130416464927
0 -130489898436
0 -130563331945
0 -130636765454
0 -130710198963
0 -130783632472
0 -130857065981
0 -130930499490
0 -131003932999
0 -131077366508
0 -131150800017
0 -131224233526
0 -131297667035
0 -131371100544
0 -131444534053
0 -131517967562
0 -131591401071
0 -131664834580
0 -131738268089
0 -131811701598
0 -131885135107
0 -131958568616
0 -132032002125
0 -132105435634
0 -132178869143
0 -132252302652
0 -132325736161
0 -132399169670
0 -132472603179
0 -132546036688
0 -132619470197
0 -132692903706
0 -132766337215
0 -132839770724
0 -132913204233
0 -132986637742
0 -133060071251
0 -133133504760
0 -133206938269
0 -133280371778
0 -133353805287
0 -133427238796
0 -133500672305
0 -133574105814
0 -133647539323
0 -133720972832
0 -133794406341
0 -133867839850
0 -133941273359
0 -134014706868
0 -134088140377
0 -134161573886
0 -134235007395
0 -134308440904
0 -134381874413
0 -134455307922
0 -134528741431
0 -134602174940
0 -134675608449
0 -134749041958
0 -134822475467
0 -134895908976
0 -134969342485
0 -135042775994
0 -135116209503
0 -135189643012
0 -135263076521
0 -135336510030
0 -135409943539
0 -135483377048
0 -135556810557
0 -135630244066
0 -135703677575
0 -135777111084
0 -135850544593
0 -135923978102
0 -135997411611
0 -136070845120
0 -136144278629
0 -136217712138
0 -136291145647
0 -136364579156
0 -136438012665
0 -136511446174
0 -136584879683
0 -136658313192
0 -136731746701
0 -136805180210
0 -136878613719
0 -136952047228
0 -137025480737
0 -137098914246
0 -137172347755
0 -137245781264
0 -137319214773
0 -137392648282
0 -137466081791
0 -137539515300
0 -137612948809
0 -137686382318
0 -137759815827
0 -137833249336
0 -137906682845
0 -137980116354
0 -138053549863
0 -138126983372
0 -138200416881
0 -138273850390
0 -138347283899
0 -138420717408
0 -138494150917
0 -138567584426
0 -138641017935
0 -138714451444
0 -138787884953
0 -138861318462
0 -138934751971
0 -139008185480
0 -139081618989
0 -139155052498
0 -139228486007
0 -139301919516
0 -139375353025
0 -139448786534
0 -139522220043
0 -139595653552
0 -139669087061
0 -139742520570
0 -139815954079
0 -139889387588
0 -139962821097
0 -140036254606
0 -140109688115
0 -140183121624
0 -140256555133
0 -140329988642
0 -140403422151
0 -140476855660
0 -140550289169
0 -140623722678
0 -140697156187
0 -140770589696
0 -140844023205
0 -140917456714
0 -140990890223
0 -141064323732
0 -141137757241
0 -141211190750
0 -141284624259
0 -141358057768
0 -141431491277
0 -141504924786
0 -141578358295
0 -141651791804
0 -141725225313
0 -141798658822
0 -141872092331
0 -141945525840
0 -142018959349
0 -142092392858
0 -142165826367
0 -142239259876
0 -142312693385
0 -142386126894
0 -142459560403
0 -142532993912
0 -142606427421
0 -142679860930
0 -142753294439
0 -142826727948
0 -142900161457
0 -142973594966
0 -143047028475
0 -143120461984
0 -143193895493
0 -143267329002
0 -143340762511
0 -143414196020
0 -143487629529
0 -143561063038
0 -143634496547
0 -143707930056
0 -143781363565
0 -143854797074
0 -143928230583
0 -144001664092
0 -144075097601
0 -144148531110
0 -144221964619
0 -144295398128
0 -144368831637
0 -144442265146
0 -144515698655
0 -144589132164
0 -144662565673
0 -144735999182
0 -144809432691
0 -144882866200
0 -144956299709
0 -145029733218
0 -145103166727
0 -145176600236
0 -145250033745
0 -145323467254
0 -145396900763
0 -145470334272
0 -145543767781
0 -145617201290
0 -145690634799
0 -145764068308
0 -145837501817
0 -145910935326
0 -145984368835
0 -146057802344
0 -146131235853
0 -146204669362
0 -146278102871
0 -146351536380
0 -146424969889
0 -146498403398
0 -146571836907
0 -146645270416
0 -146718703925
0 -146792137434
0 -146865570943
0 -146939004452
0 -147012437961
0 -147085871470
0 -147159304979
0 -147232738488
0 -147306171997
0 -147379605506
0 -147453039015
0 -147526472524
0 -147599906033
0 -147673339542
0 -147746773051
0 -147820206560
0 -147893640069
0 -147967073578
0 -148040507087
0 -148113940596
0 -148187374105
0 -148260807614
0 -148334241123
0 -148407674632
0 -148481108141
0 -148554541650
0 -148627975159
0 -148701408668
0 -148774842177
0 -148848275686
0 -148921709195
0 -148568387828
0 -148641611013
0 -148714834198
0 -148788057383
0 -148861280568
0 -148934503753
0 -149007726938
0 -149080950123
0 -149154173308
0 -149227396493
0 -149300619678
0 -149373842863
0 -149447066048
0 -149520289233
0 -149593512418
0 -149666735603
0 -149739958788
0 -149813181973
0 -149886405158
0 -149959628343
0 -150032851528
0 -150106074713
0 -150179297898
0 -150252521083
0 -150325744268
0 -150398967453
0 -150472190638
0 -150545413823
0 -150618637008
0 -150691860193
0 -150765083378
0 -150838306563
0 -150911529748
0 -150984752933
0 -151057976118
0 -151131199303
0 -151204422488
0 -151277645673
0 -151350868858
0 -151424092043
0 -151497315228
0 -151570538413
0 -151643761598
0 -151716984783
0 -151790207968
0 -151863431153
0 -151936654338
0 -152009877523
0 -152083100708
0 -152156323893
0 -152229547078
0 -152302770263
0 -152375993448
0 -152449216633
0 -152522439818
0 -152595663003
0 -152668886188
0 -152742109373
0 -152815332558
0 -152888555743
0 -152961778928
0 -153035002113
0 -153108225298
0 -153181448483
0 -153254671668
0 -153327894853
0 -153401118038
0 -153474341223
0 -153547564408
0 -153620787593
0 -153694010778
0 -153767233963
0 -153840457148
0 -153913680333
0 -153986903518
0 -154060126703
0 -154133349888
0 -154206573073
0 -154279796258
0 -154353019443
0 -154426242628
0 -154499465813
0 -154572688998
0 -154645912183
0 -154719135368
0 -154792358553
0 -154865581738
0 -154938804923
0 -155012028108
0 -155085251293
0 -155158474478
0 -155231697663
0 -155304920848
0 -155378144033
0 -155451367218
0 -155524590403
0 -155597813588
0 -155671036773
0 -155744259958
0 -155817483143
0 -155890706328
0 -155963929513
0 -156037152698
0 -156110375883
0 -156183599068
0 -156256822253
0 -156330045438
0 -156403268623
0 -156476491808
0 -156549714993
0 -156622938178
0 -156696161363
0 -156769384548
0 -156842607733
0 -156915830918
0 -156989054103
0 -157062277288
0 -157135500473
0 -157208723658
0 -157281946843
0 -157355170028
0 -157428393213
0 -157501616398
0 -157574839583
0 -157648062768
0 -157721285953
0 -157794509138
0 -157867732323
0 -157940955508
0 -158014178693
0 -158087401878
0 -158160625063
0 -158233848248
0 -158307071433
0 -158380294618
0 -158453517803
0 -158526740988
0 -158599964173
0 -158673187358
0 -158746410543
0 -158819633728
0 -158892856913
0 -158966080098
0 -159039303283
0 -159112526468
0 -159185749653
0 -159258972838
0 -159332196023
0 -159405419208
0 -159478642393
0 -159551865578
0 -159625088763
0 -159698311948
0 -159771535133
0 -159844758318
0 -159917981503
0 -159991204688
0 -160064427873
0 -160137651058
0 -160210874243
0 -160284097428
0 -160357320613
0 -160430543798
0 -160503766983
0 -160576990168
0 -160650213353
0 -160723436538
0 -160796659723
0 -160869882908
0 -160943106093
0 -161016329278
0 -161089552463
0 -161162775648
0 -161235998833
0 -161309222018
0 -161382445203
0 -161455668388
0 -161528891573
0 -161602114758
0 -161675337943
0 -161748561128
0 -161821784313
0 -161895007498
0 -161968230683
0 -162041453868
0 -162114677053
0 -162187900238
0 -162261123423
0 -162334346608
0 -162407569793
0 -162480792978
0 -162554016163
0 -162627239348
0 -162700462533
0 -162773685718
0 -162846908903
0 -162920132088
0 -162993355273
0 -163066578458
0 -163139801643
0 -163213024828
0 -163286248013
0 -163359471198
0 -163432694383
0 -163505917568
0 -163579140753
0 -163652363938
0 -163725587123
0 -163798810308
0 -163872033493
0 -163945256678
0 -164018479863
0 -164091703048
0 -164164926233
0 -164238149418
0 -164311372603
0 -164384595788
0 -164457818973
0 -164531042158
0 -164604265343
0 -164677488528
0 -164750711713
0 -164823934898
0 -163762947432
0 -163835666969
0 -163908386506
0 -163981106043
0 -164053825580
0 -164126545117
0 -164199264654
0 -164271984191
0 -164344703728
0 -164417423265
0 -164490142802
0 -164562862339
0 -164635581876
0 -164708301413
0 -164781020950
0 -164853740487
0 -164926460024
0 -164999179561
0 -165071899098
0 -165144618635
0 -165217338172
0 -165290057709
0 -165362777246
0 -165435496783
0 -165508216320
0 -165580935857
0 -165653655394
0 -165726374931
0 -165799094468
0 -165871814005
0 -165944533542
0 -166017253079
0 -166089972616
0 -166162692153
0 -166235411690
0 -166308131227
0 -166380850764
0 -166453570301
0 -166526289838
0 -166599009375
0 -166671728912
0 -166744448449
0 -166817167986
0 -166889887523
0 -166962607060
0 -167035326597
0 -167108046134
0 -167180765671
0 -167253485208
0 -167326204745
0 -167398924282
0 -167471643819
0 -167544363356
0 -167617082893
0 -167689802430
0 -167762521967
0 -167835241504
0 -167907961041
0 -167980680578
0 -168053400115
0 -168126119652
0 -168198839189
0 -168271558726
0 -168344278263
0 -168416997800
0 -168489717337
0 -168562436874
0 -168635156411
0 -168707875948
0 -168780595485
0 -168853315022
0 -168926034559
0 -168998754096
0 -169071473633
0 -169144193170
0 -169216912707
0 -169289632244
0 -169362351781
0 -169435071318
0 -169507790855
0 -169580510392
0 -169653229929
0 -169725949466
0 -169798669003
0 -169871388540
0 -169944108077
0 -170016827614
0 -170089547151
0 -170162266688
0 -170234986225
0 -170307705762
0 -170380425299
0 -170453144836
0 -170525864373
0 -170598583910
0 -170671303447
0 -170744022984
0 -170816742521
0 -170889462058
0 -170962181595
0 -171034901132
0 -171107620669
0 -171180340206
0 -171253059743
0 -171325779280
0 -171398498817
0 -171471218354
0 -171543937891
0 -171616657428
0 -171689376965
0 -171762096502
0 -171834816039
0 -171907535576
0 -171980255113
0 -172052974650
0 -172125694187
0 -172198413724
0 -172271133261
0 -172343852798
0 -172416572335
0 -172489291872
0 -172562011409
0 -172634730946
0 -172707450483
0 -172780170020
0 -172852889557
0 -172925609094
0 -172998328631
0 -173071048168
0 -173143767705
0 -173216487242
0 -173289206779
0 -173361926316
0 -173434645853
0 -173507365390
0 -173580084927
0 -173652804464
0 -173725524001
0 -173798243538
0 -173870963075
0 -173943682612
0 -174016402149
0 -174089121686
0 -174161841223
0 -174234560760
0 -174307280297
0 -174379999834
0 -174452719371
0 -174525438908
0 -174598158445
0 -174670877982
0 -174743597519
0 -174816317056
0 -174889036593
0 -174961756130
0 -175034475667
0 -175107195204
0 -175179914741
0 -175252634278
0 -175325353815
0 -175398073352
0 -175470792889
0 -175543512426
0 -175616231963
0 -175688951500
0 -175761671037
0 -175834390574
0 -175907110111
0 -175979829648
0 -176052549185
0 -176125268722
0 -176197988259
0 -176270707796
0 -176343427333
0 -176416146870
0 -176488866407
0 -176561585944
0 -176634305481
0 -176707025018
0 -176779744555
0 -176852464092
0 -176925183629
0 -176997903166
0 -177070622703
0 -177143342240
0 -177216061777
0 -177288781314
0 -177361500851
0 -177434220388
0 -177506939925
0 -177579659462
0 -177652378999
0 -177725098536
0 -177797818073
0 -177870537610
0 -177943257147
0 -178015976684
0 -178088696221
0 -178161415758
0 -178234135295
0 -178306854832
0 -178379574369
0 -178452293906
0 -178525013443
0 -178597732980
0 -178670452517
0 -178743172054
0 -178815891591
0 -178888611128
0 -178961330665
0 -179034050202
0 -179106769739
0 -179179489276
0 -179252208813
0 -179324928350
0 -179397647887
0 -179470367424
0 -179543086961
0 -179615806498
0 -179688526035
0 -179761245572
0 -179833965109
0 -179906684646
0 -179979404183
0 -180052123720
0 -180124843257
0 -180197562794
0 -180270282331
0 -180343001868
0 -180415721405
0 -180488440942
0 -180561160479
0 -180633880016
0 -180706599553
0 -180779319090
0 -180852038627
0 -180924758164
0 -180997477701
0 -181070197238
0 -181142916775
0 -181215636312
0 -181288355849
0 -181361075386
0 -181433794923
0 -181506514460
0 -181579233997
0 -181651953534
0 -181724673071
0 -181797392608
0 -181870112145
0 -181942831682
0 -182015551219
0 -182088270756
0 -182160990293
0 -182233709830
0 -182306429367
0 -182379148904
0 -182451868441
0 -182524587978
0 -182597307515
0 -182670027052
0 -182742746589
0 -182815466126
0 -182888185663
0 -182960905200
0 -183033624737
0 -183106344274
0 -183179063811
0 -183251783348
0 -183324502885
0 -183397222422
0 -183469941959
0 -183542661496
0 -183615381033
0 -183688100570
0 -183760820107
0 -183833539644
0 -183906259181
0 -183978978718
0 -184051698255
0 -184124417792
0 -184197137329
0 -184269856866
0 -184342576403
0 -184415295940
0 -184488015477
0 -184560735014
0 -184633454551
0 -184706174088
0 -184778893625
0 -184851613162
0 -184924332699
0 -184997052236
0 -185069771773
0 -185142491310
0 -185215210847
0 -185287930384
0 -185360649921
0 -185433369458
0 -185506088995
0 -185578808532
0 -185651528069
0 -185724247606
0 -185796967143
0 -185869686680
0 -185942406217
0 -186015125754
0 -186087845291
0 -186160564828
0 -186233284365
0 -186306003902
0 -186378723439
0 -186451442976
0 -186524162513
0 -186596882050
0 -186669601587
0 -186742321124
0 -186815040661
0 -186887760198
0 -186960479735
0 -187033199272
0 -187105918809
0 -187178638346
0 -187251357883
0 -187324077420
0 -187396796957
0 -187469516494
0 -187542236031
0 -187614955568
0 -187687675105
0 -187760394642
0 -187833114179
0 -187905833716
0 -187978553253
0 -188051272790
0 -188123992327
0 -188196711864
0 -188269431401
0 -188342150938
0 -188414870475
0 -188487590012
0 -188560309549
0 -188633029086
0 -188705748623
0 -188778468160
0 -188851187697
0 -188923907234
0 -188996626771
0 -189069346308
0 -189142065845
0 -189214785382
0 -189287504919
0 -189360224456
0 -189432943993
0 -189505663530
0 -189578383067
0 -189651102604
0 -189723822141
0 -189796541678
0 -189869261215
0 -189941980752
0 -190014700289
0 -190087419826
0 -190160139363
0 -190232858900
0 -190305578437
0 -190378297974
0 -190451017511
0 -190523737048
0 -190596456585
0 -190669176122
0 -190741895659
0 -190814615196
0 -190887334733
0 -190960054270
0 -191032773807
0 -191105493344
0 -191178212881
0 -191250932418
0 -191323651955
0 -191396371492
0 -191469091029
0 -191541810566
0 -191614530103
0 -191687249640
0 -191759969177
0 -191832688714
0 -191905408251
0 -191978127788
0 -192050847325
0 -192123566862
0 -192196286399
0 -192269005936
0 -192341725473
0 -192414445010
0 -192487164547
0 -192559884084
0 -192632603621
0 -192705323158
0 -192778042695
0 -192850762232
0 -192923481769
0 -192996201306
0 -193068920843
0 -193141640380
0 -193214359917
0 -193287079454
0 -193359798991
0 -193432518528
0 -193505238065
0 -193577957602
0 -193650677139
0 -193723396676
0 -193796116213
0 -193868835750
0 -193941555287
0 -194014274824
0 -194086994361
0 -194159713898
0 -194232433435
0 -194305152972
0 -194377872509
0 -194450592046
0 -194523311583
0 -194596031120
0 -194668750657
0 -194741470194
0 -194814189731
0 -194886909268
0 -194959628805
0 -195032348342
0 -195105067879
0 -195177787416
0 -195250506953
0 -195323226490
0 -195395946027
0 -195468665564
0 -195541385101
0 -195614104638
0 -195686824175
0 -195759543712
0 -195832263249
0 -195904982786
0 -195977702323
0 -196050421860
0 -196123141397
0 -196195860934
0 -196268580471
0 -196341300008
0 -196414019545
0 -196486739082
0 -196559458619
0 -196632178156
0 -196704897693
0 -196777617230
0 -196850336767
0 -196923056304
0 -196995775841
0 -197068495378
0 -197141214915
0 -197213934452
0 -197286653989
0 -197359373526
0 -197432093063
0 -197504812600
0 -197577532137
0 -197650251674
0 -197722971211
0 -197795690748
0 -197868410285
0 -197941129822
0 -198013849359
0 -198086568896
0 -198159288433
0 -198232007970
0 -198304727507
0 -198377447044
0 -198450166581
0 -198522886118
0 -198595605655
0 -198668325192
0 -198741044729
0 -198813764266
0 -198886483803
0 -198959203340
0 -199031922877
0 -199104642414
0 -199177361951
0 -199250081488
0 -199322801025
0 -199395520562
0 -199468240099
0 -199540959636
0 -199613679173
0 -199686398710
0 -199759118247
0 -199831837784
0 -199904557321
0 -199977276858
0 -200049996395
0 -200122715932
0 -200195435469
0 -200268155006
0 -200340874543
0 -200413594080
0 -200486313617
0 -200559033154
0 -200631752691
0 -200704472228
0 -200777191765
0 -200849911302
0 -200922630839
0 -200995350376
0 -201068069913
0 -201140789450
0 -201213508987
0 -201286228524
0 -201358948061
0 -201431667598
0 -201504387135
0 -201577106672
0 -201649826209
0 -201722545746
0 -201795265283
0 -201867984820
0 -201940704357
0 -202013423894
0 -202086143431
0 -202158862968
0 -202231582505
0 -202304302042
0 -202377021579
0 -202449741116
0 -202522460653
0 -202595180190
0 -202667899727
0 -202740619264
0 -202813338801
0 -202886058338
0 -202958777875
0 -203031497412
0 -203104216949
0 -203176936486
0 -203249656023
0 -203322375560
0 -203395095097
0 -203467814634
0 -203540534171
0 -203613253708
0 -203685973245
0 -203758692782
0 -203831412319
0 -203904131856
0 -203976851393
0 -204049570930
0 -204122290467
0 -204195010004
0 -204267729541
0 -204340449078
0 -204413168615
0 -204485888152
0 -204558607689
0 -204631327226
0 -204704046763
0 -204776766300
0 -204849485837
0 -204922205374
0 -204994924911
0 -205067644448
0 -205140363985
0 -205213083522
0 -205285803059
0 -205358522596
0 -205431242133
0 -205503961670
0 -205576681207
0 -205649400744
0 -205722120281
0 -205794839818
0 -205867559355
0 -205940278892
0 -206012998429
0 -206085717966
0 -206158437503
0 -206231157040
0 -206303876577
0 -206376596114
0 -206449315651
0 -206522035188
0 -206594754725
0 -206667474262
0 -206740193799
0 -206812913336
0 -206885632873
0 -206958352410
0 -207031071947
0 -207103791484
0 -207176511021
0 -207249230558
0 -207321950095
0 -207394669632
0 -207467389169
0 -207540108706
0 -207612828243
0 -207685547780
0 -207758267317
0 -207830986854
0 -207903706391
0 -207976425928
0 -208049145465
0 -208121865002
0 -208194584539
0 -208267304076
0 -208340023613
0 -208412743150
0 -208485462687
0 -208558182224
0 -208630901761
0 -208703621298
0 -208776340835
0 -208849060372
0 -208921779909
0 -208994499446
0 -209067218983
0 -209139938520
0 -209212658057
0 -209285377594
0 -209358097131
0 -209430816668
0 -209503536205
0 -209576255742
0 -209648975279
0 -209721694816
0 -209794414353
0 -209867133890
0 -209939853427
0 -210012572964
0 -210085292501
0 -210158012038
0 -210230731575
0 -210303451112
0 -210376170649
0 -210448890186
0 -210521609723
0 -210594329260
0 -210667048797
0 -210739768334
0 -210812487871
0 -210885207408
0 -210957926945
0 -211030646482
0 -211103366019
0 -211176085556
0 -211248805093
0 -211321524630
0 -211394244167
0 -211466963704
0 -211539683241
0 -211612402778
0 -211685122315
0 -211757841852
0 -211830561389
0 -211903280926
0 -211976000463
0 -212048720000
0 -212121439537
0 -212194159074
0 -212266878611
0 -212339598148
0 -212412317685
0 -212485037222
0 -212557756759
0 -212630476296
0 -212703195833
0 -212775915370
0 -212848634907
0 -212921354444
0 -212994073981
0 -213066793518
0 -212776614501
0 -212849210227
0 -212921805953
0 -212994401679
0 -213066997405
0 -213139593131
0 -213212188857
0 -213284784583
0 -213357380309
0 -213429976035
0 -213502571761
0 -213575167487
0 -213647763213
0 -213720358939
0 -213792954665
0 -213865550391
0 -213938146117
0 -214010741843
0 -214083337569
0 -214155933295
0 -214228529021
0 -214301124747
0 -214373720473
0 -214446316199
0 -214518911925
0 -214591507651
0 -214664103377
0 -214736699103
0 -214809294829
0 -214881890555
0 -214954486281
0 -215027082007
0 -215099677733
0 -215172273459
0 -215244869185
0 -215317464911
0 -215390060637
0 -215462656363
0 -215535252089
0 -215607847815
0 -215680443541
0 -215753039267
0 -215825634993
0 -215898230719
0 -215970826445
0 -216043422171
0 -216116017897
0 -216188613623
0 -216261209349
0 -216333805075
0 -216406400801
0 -216478996527
0 -216551592253
0 -216624187979
0 -216696783705
0 -216769379431
0 -216841975157
0 -216914570883
0 -216987166609
0 -217059762335
0 -217132358061
0 -217204953787
0 -217277549513
0 -217350145239
0 -217422740965
0 -217495336691
0 -217567932417
0 -217640528143
0 -217713123869
0 -217785719595
0 -217858315321
0 -217930911047
0 -218003506773
0 -218076102499
0 -218148698225
0 -218221293951
0 -218293889677
0 -218366485403
0 -218439081129
0 -218511676855
0 -218584272581
0 -218656868307
0 -218729464033
0 -218802059759
0 -218874655485
0 -218947251211
0 -219019846937
0 -219092442663
0 -219165038389
0 -219237634115
0 -219310229841
0 -219382825567
0 -219455421293
0 -219528017019
0 -219600612745
0 -219673208471
0 -219745804197
0 -219818399923
0 -219890995649
0 -219963591375
0 -220036187101
0 -220108782827
0 -220181378553
0 -220253974279
0 -220326570005
0 -220399165731
0 -220471761457
0 -220544357183
0 -220616952909
0 -220689548635
0 -220762144361
0 -220834740087
0 -220907335813
0 -220979931539
0 -221052527265
0 -221125122991
0 -221197718717
0 -221270314443
0 -221342910169
0 -221415505895
0 -221488101621
0 -221560697347
0 -221633293073
0 -221705888799
0 -221778484525
0 -221851080251
0 -221923675977
0 -221996271703
0 -222068867429
0 -222141463155
0 -222214058881
0 -222286654607
0 -222359250333
0 -222431846059
0 -222504441785
0 -222577037511
0 -222649633237
0 -222722228963
0 -222794824689
0 -222867420415
0 -222940016141
0 -223012611867
0 -223085207593
0 -223157803319
0 -223230399045
0 -223302994771
0 -223375590497
0 -223448186223
0 -223520781949
0 -223593377675
0 -223665973401
0 -223738569127
0 -223811164853
0 -223883760579
0 -223956356305
0 -224028952031
0 -224101547757
0 -224174143483
0 -224246739209
0 -224319334935
0 -224391930661
0 -224464526387
0 -224537122113
0 -224609717839
0 -224682313565
0 -224754909291
0 -224827505017
0 -224900100743
0 -224972696469
0 -225045292195
0 -225117887921
0 -225190483647
0 -225263079373
0 -225335675099
0 -225408270825
0 -225480866551
0 -225553462277
0 -225626058003
0 -225698653729
0 -225771249455
0 -225843845181
0 -225916440907
0 -225989036633
0 -226061632359
0 -226134228085
0 -226206823811
0 -226279419537
0 -226352015263
0 -226424610989
0 -226497206715
0 -226569802441
0 -226642398167
0 -226714993893
0 -226787589619
0 -226860185345
0 -226932781071
0 -227005376797
0 -227077972523
0 -227150568249
0 -227223163975
0 -227295759701
0 -227368355427
0 -227440951153
0 -227513546879
0 -227586142605
0 -227658738331
0 -227731334057
0 -227803929783
0 -227876525509
0 -227949121235
0 -228021716961
0 -228094312687
0 -228166908413
0 -228239504139
0 -228312099865
0 -228384695591
0 -228457291317
0 -228529887043
0 -228602482769
0 -228675078495
0 -228747674221
0 -228820269947
0 -228892865673
0 -228965461399
0 -229038057125
0 -229110652851
0 -229183248577
0 -229255844303
0 -229328440029
0 -229401035755
0 -229473631481
0 -229546227207
0 -229618822933
0 -229691418659
0 -229764014385
0 -229836610111
0 -229909205837
0 -229981801563
0 -230054397289
0 -230126993015
0 -230199588741
0 -230272184467
0 -230344780193
0 -230417375919
0 -230489971645
0 -230562567371
0 -230635163097
0 -230707758823
0 -230780354549
0 -230852950275
0 -230925546001
0 -230998141727
0 -231070737453
0 -231143333179
0 -231215928905
0 -231288524631
0 -231361120357
0 -231433716083
0 -231506311809
0 -231578907535
0 -231651503261
0 -231724098987
0 -231796694713
0 -231869290439
0 -231941886165
0 -232014481891
0 -232087077617
0 -232159673343
0 -232232269069
0 -232304864795
0 -232377460521
0 -232450056247
0 -232522651973
0 -232595247699
0 -232667843425
0 -232740439151
0 -232813034877
0 -232885630603
0 -232958226329
0 -233030822055
0 -233103417781
0 -233176013507
0 -233248609233
0 -233321204959
0 -233393800685
0 -233466396411
0 -233538992137
0 -233611587863
0 -233684183589
0 -233756779315
0 -233829375041
0 -233901970767
0 -233974566493
0 -234047162219
0 -234119757945
0 -234192353671
0 -234264949397
0 -234337545123
0 -234410140849
0 -234482736575
0 -234555332301
0 -234627928027
0 -234700523753
0 -234773119479
0 -234845715205
0 -234918310931
0 -234990906657
0 -235063502383
0 -235136098109
0 -235208693835
0 -235281289561
0 -235353885287
0 -235426481013
0 -235499076739
0 -235571672465
0 -235644268191
0 -235716863917
0 -235789459643
0 -235862055369
0 -235934651095
0 -236007246821
0 -236079842547
0 -236152438273
0 -236225033999
0 -236297629725
0 -236370225451
0 -236442821177
0 -236515416903
0 -236588012629
0 -236660608355
0 -236733204081
0 -236805799807
0 -236878395533
0 -236950991259
0 -237023586985
0 -237096182711
0 -237168778437
0 -237241374163
0 -237313969889
0 -237386565615
0 -237459161341
0 -237531757067
0 -237604352793
0 -237676948519
0 -237749544245
0 -237822139971
0 -237894735697
0 -237967331423
0 -238039927149
0 -238112522875
0 -238185118601
0 -238257714327
0 -238330310053
0 -238402905779
0 -238475501505
0 -238548097231
0 -238620692957
0 -238693288683
0 -238765884409
0 -238838480135
0 -238911075861
0 -238983671587
0 -239056267313
0 -239128863039
0 -239201458765
0 -239274054491
0 -239346650217
0 -239419245943
0 -239491841669
0 -239564437395
0 -239637033121
0 -239709628847
0 -239782224573
0 -239854820299
0 -239927416025
0 -240000011751
0 -240072607477
0 -240145203203
0 -240217798929
0 -240290394655
0 -240362990381
0 -240435586107
0 -240508181833
0 -240580777559
0 -240653373285
0 -240725969011
0 -240798564737
0 -240871160463
0 -240943756189
0 -241016351915
0 -241088947641
0 -241161543367
0 -241234139093
0 -241306734819
0 -241379330545
0 -241451926271
0 -241524521997
0 -241597117723
0 -241669713449
0 -241742309175
0 -241814904901
0 -241887500627
0 -241960096353
0 -242032692079
0 -242105287805
0 -242177883531
0 -242250479257
0 -242323074983
0 -242395670709
0 -242468266435
0 -242540862161
0 -242613457887
0 -242686053613
0 -242758649339
0 -242831245065
0 -242903840791
0 -242976436517
0 -243049032243
0 -243121627969
0 -243194223695
0 -243266819421
0 -243339415147
0 -243412010873
0 -243484606599
0 -243557202325
0 -243629798051
0 -243702393777
0 -243774989503
0 -243847585229
0 -243920180955
0 -243992776681
0 -244065372407
0 -244137968133
0 -244210563859
0 -244283159585
0 -244355755311
0 -244428351037
0 -244500946763
0 -244573542489
0 -244646138215
0 -244718733941
0 -244791329667
0 -244863925393
0 -244936521119
0 -245009116845
0 -245081712571
0 -245154308297
0 -245226904023
0 -245299499749
0 -245372095475
0 -245444691201
0 -245517286927
0 -245589882653
0 -245662478379
0 -245735074105
0 -245807669831
0 -245880265557
0 -245952861283
0 -246025457009
0 -246098052735
0 -246170648461
0 -246243244187
0 -246315839913
0 -246388435639
0 -246461031365
0 -246533627091
0 -246606222817
0 -246678818543
0 -246751414269
0 -246824009995
0 -246896605721
0 -246969201447
0 -247041797173
0 -247114392899
0 -247186988625
0 -247259584351
0 -247332180077
0 -247404775803
0 -247477371529
0 -247549967255
0 -247622562981
0 -247695158707
0 -247767754433
0 -247840350159
0 -247912945885
0 -247985541611
0 -248058137337
0 -248130733063
0 -248203328789
0 -248275924515
0 -248348520241
0 -248421115967
0 -248493711693
0 -248566307419
0 -248638903145
0 -248711498871
0 -248784094597
0 -248856690323
0 -248929286049
0 -249001881775
0 -249074477501
0 -249147073227
0 -249219668953
0 -249292264679
0 -249364860405
0 -249437456131
0 -249510051857
0 -249582647583
0 -249655243309
0 -249727839035
0 -249800434761
0 -249873030487
0 -249945626213
0 -250018221939
0 -250090817665
0 -250163413391
0 -250236009117
0 -250308604843
0 -250381200569
0 -250453796295
0 -250526392021
0 -250598987747
0 -250671583473
0 -250744179199
0 -250816774925
0 -250889370651
0 -250961966377
0 -251034562103
0 -251107157829
0 -251179753555
0 -251252349281
0 -251324945007
0 -251397540733
0 -251470136459
0 -251542732185
0 -251615327911
0 -251687923637
0 -251760519363
0 -251833115089
0 -251905710815
0 -251978306541
0 -252050902267
0 -252123497993
0 -252196093719
0 -252268689445
0 -252341285171
0 -252413880897
0 -252486476623
0 -252559072349
0 -252631668075
0 -252704263801
0 -252776859527
0 -252849455253
0 -252922050979
0 -252994646705
0 -253067242431
0 -253139838157
0 -253212433883
0 -253285029609
0 -253357625335
0 -253430221061
0 -253502816787
0 -253575412513
0 -253648008239
0 -253720603965
0 -253793199691
0 -253865795417
0 -253938391143
0 -254010986869
0 -254083582595
0 -254156178321
0 -254228774047
0 -254301369773
0 -254373965499
0 -254446561225
0 -254519156951
0 -254591752677
0 -254664348403
0 -254736944129
0 -254809539855
0 -254882135581
0 -254954731307
0 -255027327033
0 -255099922759
0 -255172518485
0 -255245114211
0 -255317709937
0 -255390305663
0 -255462901389
0 -255535497115
0 -255608092841
0 -255680688567
0 -255753284293
0 -255825880019
0 -255898475745
0 -255971071471
0 -256043667197
0 -256116262923
0 -256188858649
0 -256261454375
0 -256334050101
0 -256406645827
0 -256479241553
0 -256551837279
0 -256624433005
0 -256697028731
0 -256769624457
0 -256842220183
0 -256914815909
0 -256987411635
0 -257060007361
0 -257132603087
0 -257205198813
0 -257277794539
0 -257350390265
0 -257422985991
0 -257495581717
0 -257568177443
0 -257640773169
0 -257713368895
0 -257785964621
0 -257858560347
0 -257931156073
0 -258003751799
0 -258076347525
0 -258148943251
0 -258221538977
0 -258294134703
0 -258366730429
0 -258439326155
0 -258511921881
0 -258584517607
0 -258657113333
0 -258729709059
