0
0 -8904583
0 -18672978
0 -28027497
0 -37229627
0 -46519928
0 -56007919
0 -65495910
0 -74983901
0 -84471892
0 -93959883
0 -103395288
0 -112880709
0 -122123723
0 -131588584
0 -141053445
0 -149499176
0 -158900191
0 -168301206
0 -177702221
0 -187103236
0 -196504251
0 -205555135
0 -214939981
0 -224324827
0 -233709673
0 -243094519
0 -252479365
0 -261864211
0 -271249057
0 -280633903
0 -290018749
0 -299403595
0 -308788441
0 -318173287
0 -327558133
0 -336942979
0 -344537533
0 -353874520
0 -363211507
0 -372548494
0 -381885481
0 -390440554
0 -399758472
0 -409076390
0 -418394308
0 -427712226
0 -437030144
0 -446348062
0 -455665980
0 -464983898
0 -474301816
0 -483619734
0 -492937652
0 -502255570
0 -511573488
0 -520891406
0 -530209324
0 -539527242
0 -548845160
0 -558163078
0 -567480996
0 -576798914
0 -586116832
0 -595434750
0 -604752668
0 -614070586
0 -623388504
0 -632706422
0 -642024340
0 -651342258
0 -660660176
0 -669978094
0 -679296012
0 -688613930
0 -697931848
0 -707116690
0 -716432893
0 -725749096
0 -735065299
0 -744381502
0 -753697705
0 -763013908
0 -772330111
0 -781646314
0 -790962517
0 -800278720
0 -809594923
0 -818911126
0 -828227329
0 -837543532
0 -846859735
0 -856175938
0 -865492141
0 -874808344
0 -884124547
0 -893440750
0 -902756953
0 -912073156
0 -921389359
0 -930705562
0 -940021765
0 -949337968
0 -958654171
0 -967970374
0 -977286577
0 -986602780
0 -995918983
0 -1005235186
0 -1014551389
0 -1023867592
0 -1033183795
0 -1042499998
0 -1051816201
0 -1061132404
0 -1070448607
0 -1079764810
0 -1089081013
0 -1098397216
0 -1107713419
0 -1117029622
0 -1126345825
0 -1135662028
0 -1144978231
0 -1154294434
0 -1163610637
0 -1172926840
0 -1182243043
0 -1191559246
0 -1200875449
0 -1210191652
0 -1219507855
0 -1228824058
0 -1238140261
0 -1247456464
0 -1256772667
0 -1266088870
0 -1275405073
0 -1284721276
0 -1294037479
0 -1303353682
0 -1312669885
0 -1321986088
0 -1331302291
0 -1340618494
0 -1349934697
0 -1359250900
0 -1368567103
0 -1377883306
0 -1387199509
0 -1390906846
0 -1400185527
0 -1409464208
0 -1418742889
0 -1428021570
0 -1437300251
0 -1446578932
0 -1455857613
0 -1465136294
0 -1474414975
0 -1483693656
0 -1492972337
0 -1502251018
0 -1511529699
0 -1520808380
0 -1530087061
0 -1539365742
0 -1548644423
0 -1557923104
0 -1567201785
0 -1576480466
0 -1585759147
0 -1595037828
0 -1604316509
0 -1613595190
0 -1622873871
0 -1632152552
0 -1641431233
0 -1650709914
0 -1659988595
0 -1669267276
0 -1678545957
0 -1687824638
0 -1697103319
0 -1706382000
0 -1715660681
0 -1724939362
0 -1734218043
0 -1743496724
0 -1752775405
0 -1762054086
0 -1771332767
0 -1780611448
0 -1789890129
0 -1799168810
0 -1808447491
0 -1817726172
0 -1827004853
0 -1836283534
0 -1845562215
0 -1854840896
0 -1864119577
0 -1873398258
0 -1882676939
0 -1891955620
0 -1901234301
0 -1910512982
0 -1919791663
0 -1929070344
0 -1938349025
0 -1947627706
0 -1956906387
0 -1966185068
0 -1975463749
0 -1984742430
0 -1994021111
0 -2003299792
0 -2012578473
0 -2021857154
0 -2031135835
0 -2040414516
0 -2049693197
0 -2058971878
0 -2068250559
0 -2077529240
0 -2086807921
0 -2096086602
0 -2105365283
0 -2114643964
0 -2123922645
0 -2133201326
0 -2142480007
0 -2151758688
0 -2161037369
0 -2170316050
0 -2155044830
0 -2164218992
0 -2173393154
0 -2182567316
0 -2191741478
0 -2200915640
0 -2210089802
0 -2219263964
0 -2228438126
0 -2237612288
0 -2246786450
0 -2255960612
0 -2265134774
0 -2274308936
0 -2283483098
0 -2292657260
0 -2301831422
0 -2311005584
0 -2320179746
0 -2329353908
0 -2338528070
0 -2347702232
0 -2356876394
0 -2366050556
0 -2375224718
0 -2384398880
0 -2393573042
0 -2402747204
0 -2411921366
0 -2421095528
0 -2430269690
0 -2439443852
0 -2448618014
0 -2457792176
0 -2466966338
0 -2476140500
0 -2485314662
0 -2494488824
0 -2503662986
0 -2512837148
0 -2522011310
0 -2531185472
0 -2540359634
0 -2549533796
0 -2558707958
0 -2567882120
0 -2577056282
0 -2586230444
0 -2595404606
0 -2604578768
0 -2613752930
0 -2622927092
0 -2632101254
0 -2641275416
0 -2650449578
0 -2659623740
0 -2668797902
0 -2677972064
0 -2687146226
0 -2696320388
0 -2705494550
0 -2714668712
0 -2723842874
0 -2733017036
0 -2742191198
0 -2751365360
0 -2760539522
0 -2769713684
0 -2778887846
0 -2788062008
0 -2797236170
0 -2806410332
0 -2815584494
0 -2824758656
0 -2833932818
0 -2843106980
0 -2852281142
0 -2861455304
0 -2870629466
0 -2879803628
0 -2888977790
0 -2898151952
0 -2907326114
0 -2916500276
0 -2925674438
0 -2934848600
0 -2944022762
0 -2953196924
0 -2962371086
0 -2971545248
0 -2980719410
0 -2989893572
0 -2999067734
0 -3008241896
0 -3017416058
0 -3026590220
0 -3035764382
0 -3044938544
0 -3054112706
0 -3063286868
0 -3072461030
0 -3081635192
0 -3090809354
0 -3099983516
0 -3109157678
0 -3118331840
0 -3127506002
0 -3136680164
0 -3145854326
0 -3155028488
0 -3164202650
0 -3173376812
0 -3182550974
0 -3191725136
0 -3200899298
0 -3210073460
0 -3219247622
0 -3228421784
0 -3237595946
0 -3246770108
0 -3255944270
0 -3265118432
0 -3274292594
0 -3283466756
0 -3292640918
0 -3301815080
0 -3310989242
0 -3320163404
0 -3329337566
0 -3338511728
0 -3347685890
0 -3356860052
0 -3366034214
0 -3375208376
0 -3384382538
0 -3393556700
0 -3402730862
0 -3411905024
0 -3421079186
0 -3430253348
0 -3439427510
0 -3448601672
0 -3457775834
0 -3466949996
0 -3476124158
0 -3485298320
0 -3494472482
0 -3503646644
0 -3512820806
0 -3521994968
0 -3531169130
0 -3540343292
0 -3549517454
0 -3558691616
0 -3567865778
0 -3577039940
0 -3586214102
0 -3595388264
0 -3604562426
0 -3613736588
0 -3622910750
0 -3632084912
0 -3641259074
0 -3650433236
0 -3659607398
0 -3668781560
0 -3677955722
0 -3687129884
0 -3696304046
0 -3705478208
0 -3714652370
0 -3723826532
0 -3733000694
0 -3742174856
0 -3751349018
0 -3760523180
0 -3769697342
0 -3778871504
0 -3788045666
0 -3797219828
0 -3806393990
0 -3815568152
0 -3824742314
0 -3833916476
0 -3843090638
0 -3852264800
0 -3861438962
0 -3870613124
0 -3879787286
0 -3888961448
0 -3898135610
0 -3907309772
0 -3916483934
0 -3925658096
0 -3934832258
0 -3944006420
0 -3953180582
0 -3962354744
0 -3971528906
0 -3980703068
0 -3989877230
0 -3999051392
0 -4008225554
0 -4017399716
0 -4026573878
0 -4035748040
0 -4044922202
0 -4054096364
0 -4063270526
0 -4072444688
0 -4081618850
0 -4090793012
0 -4099967174
0 -4109141336
0 -4118315498
0 -4127489660
0 -4136663822
0 -4145837984
0 -4155012146
0 -4164186308
0 -4173360470
0 -4182534632
0 -4191708794
0 -4200882956
0 -4210057118
0 -4219231280
0 -4228405442
0 -4237579604
0 -4246753766
0 -4255927928
0 -4265102090
0 -4274276252
0 -4283450414
0 -4292624576
0 -4301798738
0 -4310972900
0 -4320147062
0 -4329321224
0 -4338495386
0 -4347669548
0 -4356843710
0 -4366017872
0 -4375192034
0 -4384366196
0 -4393540358
0 -4402714520
0 -4411888682
0 -4421062844
0 -4430237006
0 -4439411168
0 -4448585330
0 -4457759492
0 -4466933654
0 -4476107816
0 -4485281978
0 -4494456140
0 -4503630302
0 -4512804464
0 -4521978626
0 -4531152788
0 -4540326950
0 -4549501112
0 -4558675274
0 -4567849436
0 -4577023598
0 -4586197760
0 -4595371922
0 -4604546084
0 -4613720246
0 -4622894408
0 -4632068570
0 -4641242732
0 -4650416894
0 -4659591056
0 -4668765218
0 -4677939380
0 -4687113542
0 -4696287704
0 -4705461866
0 -4714636028
0 -4723810190
0 -4732984352
0 -4742158514
0 -4751332676
0 -4760506838
0 -4769681000
0 -4778855162
0 -4788029324
0 -4797203486
0 -4806377648
0 -4815551810
0 -4824725972
0 -4833900134
0 -4843074296
0 -4852248458
0 -4861422620
0 -4870596782
0 -4879770944
0 -4888945106
0 -4898119268
0 -4907293430
0 -4916467592
0 -4925641754
0 -4934815916
0 -4943990078
0 -4953164240
0 -4962338402
0 -4971512564
0 -4980686726
0 -4989860888
0 -4999035050
0 -5008209212
0 -5017383374
0 -5026557536
0 -5035731698
0 -5044905860
0 -5054080022
0 -5063254184
0 -5072428346
0 -5081602508
0 -5090776670
0 -5099950832
0 -5109124994
0 -5118299156
0 -5127473318
0 -5136647480
0 -5145821642
0 -5154995804
0 -5164169966
0 -5173344128
0 -5182518290
0 -5191692452
0 -5200866614
0 -5210040776
0 -5219214938
0 -5228389100
0 -5237563262
0 -5246737424
0 -5255911586
0 -5265085748
0 -5274259910
0 -5283434072
0 -5292608234
0 -5301782396
0 -5310956558
0 -5320130720
0 -5329304882
0 -5338479044
0 -5347653206
0 -5356827368
0 -5366001530
0 -5375175692
0 -5384349854
0 -5393524016
0 -5402698178
0 -5411872340
0 -5421046502
0 -5430220664
0 -5439394826
0 -5448568988
0 -5457743150
0 -5466917312
0 -5476091474
0 -5485265636
0 -5494439798
0 -5503613960
0 -5512788122
0 -5521962284
0 -5531136446
0 -5540310608
0 -5549484770
0 -5558658932
0 -5567833094
0 -5577007256
0 -5586181418
0 -5595355580
0 -5604529742
0 -5613703904
0 -5622878066
0 -5632052228
0 -5641226390
0 -5650400552
0 -5659574714
0 -5668748876
0 -5677923038
0 -5687097200
0 -5696271362
0 -5705445524
0 -5714619686
0 -5723793848
0 -5732968010
0 -5742142172
0 -5751316334
0 -5760490496
0 -5769664658
0 -5778838820
0 -5788012982
0 -5797187144
0 -5806361306
0 -5815535468
0 -5824709630
0 -5833883792
0 -5843057954
0 -5852232116
0 -5861406278
0 -5870580440
0 -5879754602
0 -5888928764
0 -5898102926
0 -5907277088
0 -5916451250
0 -5925625412
0 -5934799574
0 -5943973736
0 -5953147898
0 -5962322060
0 -5971496222
0 -5980670384
0 -5989844546
0 -5999018708
0 -6008192870
0 -6017367032
0 -6026541194
0 -6035715356
0 -6044889518
0 -6054063680
0 -6063237842
0 -6072412004
0 -6081586166
0 -6090760328
0 -6099934490
0 -6109108652
0 -6118282814
0 -6127456976
0 -6136631138
0 -6145805300
0 -6154979462
0 -6164153624
0 -6173327786
0 -6182501948
0 -6191676110
0 -6200850272
0 -6210024434
0 -6219198596
0 -6228372758
0 -6237546920
0 -6246721082
0 -6255895244
0 -6265069406
0 -6274243568
0 -6283417730
0 -6292591892
0 -6301766054
0 -6310940216
0 -6320114378
0 -6329288540
0 -6338462702
0 -6347636864
0 -6356811026
0 -6365985188
0 -6375159350
0 -6384333512
0 -6393507674
0 -6402681836
0 -6411855998
0 -6421030160
0 -6430204322
0 -6439378484
0 -6448552646
0 -6457726808
0 -6466900970
0 -6476075132
0 -6485249294
0 -6494423456
0 -6503597618
0 -6512771780
0 -6521945942
0 -6531120104
0 -6540294266
0 -6549468428
0 -6558642590
0 -6567816752
0 -6576990914
0 -6586165076
0 -6595339238
0 -6604513400
0 -6613687562
0 -6622861724
0 -6632035886
0 -6641210048
0 -6650384210
0 -6659558372
0 -6668732534
0 -6677906696
0 -6687080858
0 -6696255020
0 -6705429182
0 -6714603344
0 -6723777506
0 -6732951668
0 -6742125830
0 -6751299992
0 -6760474154
0 -6769648316
0 -6778822478
0 -6787996640
0 -6797170802
0 -6806344964
0 -6815519126
0 -6824693288
0 -6833867450
0 -6843041612
0 -6852215774
0 -6861389936
0 -6870564098
0 -6879738260
0 -6888912422
0 -6898086584
0 -6907260746
0 -6916434908
0 -6925609070
0 -6934783232
0 -6943957394
0 -6953131556
0 -6962305718
0 -6971479880
0 -6980654042
0 -6989828204
0 -6999002366
0 -7008176528
0 -7017350690
0 -7026524852
0 -7035699014
0 -7044873176
0 -7054047338
0 -7063221500
0 -7072395662
0 -7081569824
0 -7090743986
0 -7099918148
0 -7109092310
0 -7118266472
0 -7127440634
0 -7136614796
0 -7145788958
0 -7154963120
0 -7164137282
0 -7173311444
0 -7182485606
0 -7191659768
0 -7200833930
0 -7210008092
0 -7219182254
0 -7228356416
0 -7237530578
0 -7246704740
0 -7255878902
0 -7265053064
0 -7274227226
0 -7283401388
0 -7292575550
0 -7301749712
0 -7310923874
0 -7320098036
0 -7329272198
0 -7338446360
0 -7347620522
0 -7356794684
0 -7365968846
0 -7375143008
0 -7384317170
0 -7393491332
0 -7402665494
0 -7411839656
0 -7421013818
0 -7430187980
0 -7439362142
0 -7444973819
0 -7454143607
0 -7463313395
0 -7472483183
0 -7481652971
0 -7490822759
0 -7499992547
0 -7509162335
0 -7518332123
0 -7527501911
0 -7536671699
0 -7545841487
0 -7555011275
0 -7564181063
0 -7573350851
0 -7582520639
0 -7591690427
0 -7600860215
0 -7610030003
0 -7619199791
0 -7628369579
0 -7637539367
0 -7646709155
0 -7655878943
0 -7665048731
0 -7674218519
0 -7683388307
0 -7692558095
0 -7701727883
0 -7710897671
0 -7720067459
0 -7729237247
0 -7738407035
0 -7747576823
0 -7756746611
0 -7765916399
0 -7775086187
0 -7784255975
0 -7793425763
0 -7802595551
0 -7811765339
0 -7820935127
0 -7830104915
0 -7839274703
0 -7848444491
0 -7857614279
0 -7866784067
0 -7875953855
0 -7885123643
0 -7894293431
0 -7903463219
0 -7912633007
0 -7921802795
0 -7930972583
0 -7940142371
0 -7949312159
0 -7958481947
0 -7967651735
0 -7976821523
0 -7985991311
0 -7995161099
0 -8004330887
0 -8013500675
0 -8022670463
0 -8031840251
0 -8041010039
0 -8050179827
0 -8059349615
0 -8068519403
0 -8077689191
0 -8086858979
0 -8096028767
0 -8105198555
0 -8114368343
0 -8123538131
0 -8132707919
0 -8141877707
0 -8151047495
0 -8160217283
0 -8169387071
0 -8178556859
0 -8187726647
0 -8196896435
0 -8206066223
0 -8215236011
0 -8224405799
0 -8233575587
0 -8242745375
0 -8251915163
0 -8261084951
0 -8270254739
0 -8279424527
0 -8288594315
0 -8297764103
0 -8306933891
0 -8316103679
0 -8325273467
0 -8334443255
0 -8343613043
0 -8352782831
0 -8361952619
0 -8371122407
0 -8380292195
0 -8389461983
0 -8398631771
0 -8407801559
0 -8416971347
0 -8426141135
0 -8435310923
0 -8444480711
0 -8453650499
0 -8462820287
0 -8471990075
0 -8481159863
0 -8490329651
0 -8499499439
0 -8508669227
0 -8517839015
0 -8527008803
0 -8536178591
0 -8545348379
0 -8554518167
0 -8563687955
0 -8572857743
0 -8582027531
0 -8591197319
0 -8600367107
0 -8609536895
0 -8618706683
0 -8627876471
0 -8637046259
0 -8646216047
0 -8655385835
0 -8664555623
0 -8673725411
0 -8682895199
0 -8692064987
0 -8701234775
0 -8710404563
0 -8719574351
0 -8728744139
0 -8737913927
0 -8747083715
0 -8756253503
0 -8765423291
0 -8774593079
0 -8783762867
0 -8792932655
0 -8802102443
0 -8811272231
0 -8820442019
0 -8829611807
0 -8838781595
0 -8847951383
0 -8857121171
0 -8866290959
0 -8875460747
0 -8884630535
0 -8893800323
0 -8902970111
0 -8912139899
0 -8921309687
0 -8930479475
0 -8939649263
0 -8948819051
0 -8957988839
0 -8967158627
0 -8976328415
0 -8985498203
0 -8994667991
0 -9003837779
0 -9013007567
0 -9022177355
0 -9031347143
0 -9040516931
0 -9049686719
0 -9058856507
0 -9068026295
0 -9077196083
0 -9086365871
0 -9095535659
0 -9104705447
0 -9113875235
0 -9123045023
0 -9132214811
0 -9141384599
0 -9150554387
0 -9159724175
0 -9168893963
0 -9178063751
0 -9187233539
0 -9196403327
0 -9205573115
0 -9214742903
0 -9223912691
0 -9233082479
0 -9242252267
0 -9251422055
0 -9260591843
0 -9269761631
0 -9278931419
0 -9288101207
0 -9297270995
0 -9306440783
0 -9315610571
0 -9324780359
0 -9333950147
0 -9343119935
0 -9352289723
0 -9361459511
0 -9370629299
0 -9379799087
0 -9388968875
0 -9398138663
0 -9407308451
0 -9416478239
0 -9425648027
0 -9434817815
0 -9443987603
0 -9453157391
0 -9462327179
0 -9471496967
0 -9480666755
0 -9489836543
0 -9499006331
0 -9508176119
0 -9517345907
0 -9526515695
0 -9535685483
0 -9544855271
0 -9554025059
0 -9563194847
0 -9572364635
0 -9581534423
0 -9590704211
0 -9599873999
0 -9609043787
0 -9618213575
0 -9627383363
0 -9636553151
0 -9645722939
0 -9654892727
0 -9664062515
0 -9673232303
0 -9682402091
0 -9691571879
0 -9700741667
0 -9709911455
0 -9719081243
0 -9728251031
0 -9737420819
0 -9746590607
0 -9755760395
0 -9764930183
0 -9774099971
0 -9783269759
0 -9792439547
0 -9801609335
0 -9810779123
0 -9819948911
0 -9829118699
0 -9838288487
0 -9847458275
0 -9856628063
0 -9865797851
0 -9874967639
0 -9884137427
0 -9893307215
0 -9902477003
0 -9911646791
0 -9920816579
0 -9929986367
0 -9939156155
0 -9948325943
0 -9957495731
0 -9966665519
0 -9975835307
0 -9985005095
0 -9994174883
0 -10003344671
0 -10012514459
0 -10021684247
0 -10030854035
0 -10040023823
0 -10049193611
0 -10058363399
0 -10067533187
0 -10076702975
0 -10085872763
0 -10095042551
0 -10104212339
0 -10113382127
0 -10122551915
0 -10131721703
0 -10140891491
0 -10150061279
0 -10159231067
0 -10168400855
0 -10177570643
0 -10186740431
0 -10195910219
0 -10205080007
0 -10214249795
0 -10223419583
0 -10232589371
0 -10241759159
0 -10250928947
0 -10260098735
0 -10269268523
0 -10278438311
0 -10287608099
0 -10296777887
0 -10305947675
0 -10315117463
0 -10324287251
0 -10333457039
0 -10342626827
0 -10351796615
0 -10360966403
0 -10370136191
0 -10379305979
0 -10388475767
0 -10397645555
0 -10406815343
0 -10415985131
0 -10425154919
0 -10434324707
0 -10443494495
0 -10452664283
0 -10461834071
0 -10471003859
0 -10480173647
0 -10489343435
0 -10498513223
0 -10507683011
0 -10516852799
0 -10526022587
0 -10535192375
0 -10544362163
0 -10553531951
0 -10562701739
0 -10571871527
0 -10581041315
0 -10590211103
0 -10599380891
0 -10608550679
0 -10617720467
0 -10626890255
0 -10636060043
0 -10645229831
0 -10654399619
0 -10663569407
0 -10672739195
0 -10681908983
0 -10691078771
0 -10700248559
0 -10709418347
0 -10718588135
0 -10727757923
0 -10736927711
0 -10746097499
0 -10755267287
0 -10764437075
0 -10773606863
0 -10782776651
0 -10791946439
0 -10801116227
0 -10810286015
0 -10819455803
0 -10828625591
0 -10837795379
0 -10846965167
0 -10856134955
0 -10865304743
0 -10874474531
0 -10883644319
0 -10892814107
0 -10901983895
0 -10911153683
0 -10920323471
0 -10929493259
0 -10938663047
0 -10947832835
0 -10957002623
0 -10966172411
0 -10975342199
0 -10984511987
0 -10993681775
0 -11002851563
0 -11012021351
0 -11021191139
0 -11030360927
0 -11034633096
0 -11043798845
0 -11052964594
0 -11062130343
0 -11071296092
0 -11080461841
0 -11089627590
0 -11098793339
0 -11107959088
0 -11117124837
0 -11126290586
0 -11135456335
0 -11144622084
0 -11153787833
0 -11162953582
0 -11172119331
0 -11181285080
0 -11190450829
0 -11199616578
0 -11208782327
0 -11217948076
0 -11227113825
0 -11236279574
0 -11245445323
0 -11254611072
0 -11263776821
0 -11272942570
0 -11282108319
0 -11291274068
0 -11300439817
0 -11309605566
0 -11318771315
0 -11327937064
0 -11337102813
0 -11346268562
0 -11355434311
0 -11364600060
0 -11373765809
0 -11382931558
0 -11392097307
0 -11401263056
0 -11410428805
0 -11419594554
0 -11428760303
0 -11437926052
0 -11447091801
0 -11456257550
0 -11465423299
0 -11474589048
0 -11483754797
0 -11492920546
0 -11502086295
0 -11511252044
0 -11520417793
0 -11529583542
0 -11538749291
0 -11547915040
0 -11557080789
0 -11566246538
0 -11575412287
0 -11584578036
0 -11593743785
0 -11602909534
0 -11612075283
0 -11621241032
0 -11630406781
0 -11639572530
0 -11648738279
0 -11657904028
0 -11667069777
0 -11676235526
0 -11685401275
0 -11694567024
0 -11703732773
0 -11712898522
0 -11722064271
0 -11731230020
0 -11740395769
0 -11749561518
0 -11758727267
0 -11767893016
0 -11777058765
0 -11786224514
0 -11795390263
0 -11804556012
0 -11813721761
0 -11822887510
0 -11832053259
0 -11841219008
0 -11850384757
0 -11859550506
0 -11868716255
0 -11877882004
0 -11887047753
0 -11896213502
0 -11905379251
0 -11914545000
0 -11923710749
0 -11932876498
0 -11942042247
0 -11951207996
0 -11960373745
0 -11969539494
0 -11978705243
0 -11987870992
0 -11997036741
0 -12006202490
0 -12015368239
0 -12024533988
0 -12033699737
0 -12042865486
0 -12052031235
0 -12061196984
0 -12070362733
0 -12079528482
0 -12088694231
0 -12097859980
0 -12107025729
0 -12116191478
0 -12125357227
0 -12134522976
0 -12143688725
0 -12152854474
0 -12162020223
0 -12171185972
0 -12180351721
0 -12189517470
0 -12198683219
0 -12207848968
0 -12217014717
0 -12226180466
0 -12235346215
0 -12244511964
0 -12253677713
0 -12262843462
0 -12272009211
0 -12281174960
0 -12290340709
0 -12299506458
0 -12308672207
0 -12317837956
0 -12327003705
0 -12336169454
0 -12345335203
0 -12354500952
0 -12363666701
0 -12372832450
0 -12381998199
0 -12391163948
0 -12400329697
0 -12409495446
0 -12418661195
0 -12427826944
0 -12436992693
0 -12446158442
0 -12455324191
0 -12464489940
0 -12473655689
0 -12482821438
0 -12491987187
0 -12501152936
0 -12510318685
0 -12519484434
0 -12528650183
0 -12537815932
0 -12546981681
0 -12556147430
0 -12565313179
0 -12574478928
0 -12583644677
0 -12592810426
0 -12601976175
0 -12611141924
0 -12620307673
0 -12629473422
0 -12638639171
0 -12647804920
0 -12656970669
0 -12666136418
0 -12675302167
0 -12684467916
0 -12693633665
0 -12702799414
0 -12711965163
0 -12721130912
0 -12730296661
0 -12739462410
0 -12748628159
0 -12757793908
0 -12766959657
0 -12776125406
0 -12785291155
0 -12794456904
0 -12803622653
0 -12812788402
0 -12821954151
0 -12831119900
0 -12840285649
0 -12849451398
0 -12858617147
0 -12867782896
0 -12876948645
0 -12886114394
0 -12895280143
0 -12904445892
0 -12913611641
0 -12922777390
0 -12931943139
0 -12941108888
0 -12950274637
0 -12959440386
0 -12968606135
0 -12977771884
0 -12986937633
0 -12996103382
0 -13005269131
0 -13014434880
0 -13023600629
0 -13032766378
0 -13041932127
0 -13051097876
0 -13060263625
0 -13069429374
0 -13078595123
0 -13087760872
0 -13096926621
0 -13106092370
0 -13115258119
0 -13124423868
0 -13133589617
0 -13142755366
0 -13151921115
0 -13161086864
0 -13170252613
0 -13179418362
0 -13188584111
0 -13197749860
0 -13206915609
0 -13216081358
0 -13225247107
0 -13234412856
0 -13243578605
0 -13252744354
0 -13261910103
0 -13271075852
0 -13280241601
0 -13289407350
0 -13298573099
0 -13307738848
0 -13316904597
0 -13326070346
0 -13335236095
0 -13344401844
0 -13353567593
0 -13362733342
0 -13371899091
0 -13381064840
0 -13390230589
0 -13399396338
0 -13408562087
0 -13417727836
0 -13426893585
0 -13436059334
0 -13445225083
0 -13454390832
0 -13463556581
0 -13472722330
0 -13481888079
0 -13491053828
0 -13500219577
0 -13509385326
0 -13518551075
0 -13527716824
0 -13536882573
0 -13546048322
0 -13555214071
0 -13564379820
0 -13573545569
0 -13582711318
0 -13591877067
0 -13601042816
0 -13610208565
0 -13619374314
0 -13628540063
0 -13637705812
0 -13646871561
0 -13656037310
0 -13655504185
0 -13664663429
0 -13673822673
0 -13682981917
0 -13692141161
0 -13701300405
0 -13710459649
0 -13719618893
0 -13728778137
0 -13737937381
0 -13747096625
0 -13756255869
0 -13765415113
0 -13774574357
0 -13783733601
0 -13792892845
0 -13802052089
0 -13811211333
0 -13820370577
0 -13829529821
0 -13838689065
0 -13847848309
0 -13857007553
0 -13866166797
0 -13875326041
0 -13884485285
0 -13893644529
0 -13902803773
0 -13911963017
0 -13921122261
0 -13930281505
0 -13939440749
0 -13948599993
0 -13957759237
0 -13966918481
0 -13976077725
0 -13985236969
0 -13994396213
0 -14003555457
0 -14012714701
0 -14021873945
0 -14031033189
0 -14040192433
0 -14049351677
0 -14058510921
0 -14067670165
0 -14076829409
0 -14085988653
0 -14095147897
0 -14104307141
0 -14113466385
0 -14122625629
0 -14131784873
0 -14140944117
0 -14150103361
0 -14159262605
0 -14168421849
0 -14177581093
0 -14186740337
0 -14195899581
0 -14205058825
0 -14214218069
0 -14223377313
0 -14232536557
0 -14241695801
0 -14250855045
0 -14260014289
0 -14269173533
0 -14278332777
0 -14287492021
0 -14296651265
0 -14305810509
0 -14314969753
0 -14324128997
0 -14333288241
0 -14342447485
0 -14351606729
0 -14360765973
0 -14369925217
0 -14379084461
0 -14388243705
0 -14397402949
0 -14406562193
0 -14415721437
0 -14424880681
0 -14434039925
0 -14443199169
0 -14452358413
0 -14461517657
0 -14470676901
0 -14479836145
0 -14488995389
0 -14498154633
0 -14507313877
0 -14516473121
0 -14525632365
0 -14534791609
0 -14543950853
0 -14553110097
0 -14562269341
0 -14571428585
0 -14580587829
0 -14589747073
0 -14598906317
0 -14608065561
0 -14617224805
0 -14626384049
0 -14635543293
0 -14644702537
0 -14653861781
0 -14663021025
0 -14672180269
0 -14681339513
0 -14690498757
0 -14699658001
0 -14708817245
0 -14717976489
0 -14727135733
0 -14736294977
0 -14745454221
0 -14754613465
0 -14763772709
0 -14772931953
0 -14782091197
0 -14791250441
0 -14800409685
0 -14809568929
0 -14818728173
0 -14827887417
0 -14837046661
0 -14846205905
0 -14855365149
0 -14864524393
0 -14873683637
0 -14882842881
0 -14892002125
0 -14901161369
0 -14910320613
0 -14919479857
0 -14928639101
0 -14937798345
0 -14946957589
0 -14956116833
0 -14965276077
0 -14974435321
0 -14983594565
0 -14992753809
0 -15001913053
0 -15011072297
0 -15020231541
0 -15029390785
0 -15038550029
0 -15047709273
0 -15056868517
0 -15066027761
0 -15075187005
0 -15084346249
0 -15093505493
0 -15102664737
0 -15111823981
0 -15120983225
0 -15130142469
0 -15139301713
0 -15148460957
0 -15157620201
0 -15166779445
0 -15175938689
0 -15185097933
0 -15194257177
0 -15203416421
0 -15212575665
0 -15221734909
0 -15230894153
0 -15240053397
0 -15249212641
0 -15258371885
0 -15267531129
0 -15276690373
0 -15285849617
0 -15295008861
0 -15304168105
0 -15313327349
0 -15322486593
0 -15331645837
0 -15340805081
0 -15349964325
0 -15359123569
0 -15368282813
0 -15377442057
0 -15386601301
0 -15395760545
0 -15404919789
0 -15414079033
0 -15423238277
0 -15432397521
0 -15441556765
0 -15450716009
0 -15459875253
0 -15469034497
0 -15478193741
0 -15487352985
0 -15496512229
0 -15505671473
0 -15514830717
0 -15523989961
0 -15533149205
0 -15542308449
0 -15551467693
0 -15560626937
0 -15569786181
0 -15578945425
0 -15588104669
0 -15597263913
0 -15606423157
0 -15615582401
0 -15624741645
0 -15633900889
0 -15643060133
0 -15652219377
0 -15661378621
0 -15670537865
0 -15679697109
0 -15688856353
0 -15698015597
0 -15707174841
0 -15716334085
0 -15725493329
0 -15734652573
0 -15743811817
0 -15752971061
0 -15762130305
0 -15771289549
0 -15780448793
0 -15789608037
0 -15798767281
0 -15807926525
0 -15817085769
0 -15826245013
0 -15835404257
0 -15844563501
0 -15853722745
0 -15862881989
0 -15872041233
0 -15881200477
0 -15890359721
0 -15899518965
0 -15908678209
0 -15917837453
0 -15926996697
0 -15936155941
0 -15945315185
0 -15954474429
0 -15963633673
0 -15972792917
0 -15981952161
0 -15991111405
0 -16000270649
0 -16009429893
0 -16018589137
0 -16027748381
0 -16036907625
0 -16046066869
0 -16055226113
0 -16064385357
0 -16073544601
0 -16082703845
0 -16091863089
0 -16101022333
0 -16110181577
0 -16119340821
0 -16128500065
0 -16137659309
0 -16146818553
0 -16155977797
0 -16165137041
0 -16174296285
0 -16183455529
0 -16192614773
0 -16201774017
0 -16210933261
0 -16220092505
0 -16229251749
0 -16238410993
0 -16247570237
0 -16256729481
0 -16265888725
0 -16275047969
0 -16284207213
0 -16293366457
0 -16302525701
0 -16311684945
0 -16320844189
0 -16330003433
0 -16339162677
0 -16348321921
0 -16357481165
0 -16366640409
0 -16375799653
0 -16384958897
0 -16394118141
0 -16403277385
0 -16412436629
0 -16421595873
0 -16430755117
0 -16439914361
0 -16449073605
0 -16458232849
0 -16467392093
0 -16476551337
0 -16485710581
0 -16494869825
0 -16504029069
0 -16513188313
0 -16522347557
0 -16531506801
0 -16540666045
0 -16549825289
0 -16558984533
0 -16568143777
0 -16577303021
0 -16586462265
0 -16595621509
0 -16604780753
0 -16613939997
0 -16623099241
0 -16632258485
0 -16641417729
0 -16650576973
0 -16659736217
0 -16668895461
0 -16678054705
0 -16687213949
0 -16696373193
0 -16705532437
0 -16714691681
0 -16723850925
0 -16733010169
0 -16742169413
0 -16751328657
0 -16760487901
0 -16769647145
0 -16778806389
0 -16787965633
0 -16797124877
0 -16806284121
0 -16815443365
0 -16824602609
0 -16833761853
0 -16842921097
0 -16852080341
0 -16861239585
0 -16870398829
0 -16879558073
0 -16888717317
0 -16897876561
0 -16844126222
0 -16853251387
0 -16862376552
0 -16871501717
0 -16880626882
0 -16889752047
0 -16898877212
0 -16908002377
0 -16917127542
0 -16926252707
0 -16935377872
0 -16944503037
0 -16953628202
0 -16962753367
0 -16971878532
0 -16981003697
0 -16990128862
0 -16999254027
0 -17008379192
0 -17017504357
0 -17026629522
0 -17035754687
0 -17044879852
0 -17054005017
0 -17063130182
0 -17072255347
0 -17081380512
0 -17090505677
0 -17099630842
0 -17108756007
0 -17117881172
0 -17127006337
0 -17136131502
0 -17145256667
0 -17154381832
0 -17163506997
0 -17172632162
0 -17181757327
0 -17190882492
0 -17200007657
0 -17209132822
0 -17218257987
0 -17227383152
0 -17236508317
0 -17245633482
0 -17254758647
0 -17263883812
0 -17273008977
0 -17282134142
0 -17291259307
0 -17300384472
0 -17309509637
0 -17318634802
0 -17327759967
0 -17336885132
0 -17346010297
0 -17355135462
0 -17364260627
0 -17373385792
0 -17382510957
0 -17391636122
0 -17400761287
0 -17409886452
0 -17419011617
0 -17428136782
0 -17437261947
0 -17446387112
0 -17455512277
0 -17464637442
0 -17473762607
0 -17482887772
0 -17492012937
0 -17501138102
0 -17510263267
0 -17519388432
0 -17528513597
0 -17537638762
0 -17546763927
0 -17555889092
0 -17565014257
0 -17574139422
0 -17583264587
0 -17592389752
0 -17601514917
0 -17610640082
0 -17619765247
0 -17628890412
0 -17638015577
0 -17647140742
0 -17656265907
0 -17665391072
0 -17674516237
0 -17683641402
0 -17692766567
0 -17701891732
0 -17711016897
0 -17720142062
0 -17729267227
0 -17738392392
0 -17747517557
0 -17756642722
0 -17765767887
0 -17774893052
0 -17784018217
0 -17793143382
0 -17802268547
0 -17811393712
0 -17820518877
0 -17829644042
0 -17838769207
0 -17847894372
0 -17857019537
0 -17866144702
0 -17875269867
0 -17884395032
0 -17893520197
0 -17902645362
0 -17911770527
0 -17920895692
0 -17930020857
0 -17939146022
0 -17948271187
0 -17957396352
0 -17966521517
0 -17975646682
0 -17984771847
0 -17993897012
0 -18003022177
0 -18012147342
0 -18021272507
0 -18030397672
0 -18039522837
0 -18048648002
0 -18057773167
0 -18066898332
0 -18076023497
0 -18085148662
0 -18094273827
0 -18103398992
0 -18112524157
0 -18121649322
0 -18130774487
0 -18139899652
0 -18149024817
0 -18158149982
0 -18167275147
0 -18176400312
0 -18185525477
0 -18194650642
0 -18203775807
0 -18212900972
0 -18222026137
0 -18231151302
0 -18240276467
0 -18249401632
0 -18258526797
0 -18267651962
0 -18276777127
0 -18285902292
0 -18295027457
0 -18304152622
0 -18313277787
0 -18322402952
0 -18331528117
0 -18340653282
0 -18349778447
0 -18358903612
0 -18368028777
0 -18377153942
0 -18386279107
0 -18395404272
0 -18404529437
0 -18413654602
0 -18422779767
0 -18431904932
0 -18441030097
0 -18450155262
0 -18459280427
0 -18468405592
0 -18477530757
0 -18486655922
0 -18495781087
0 -18504906252
0 -18514031417
0 -18523156582
0 -18532281747
0 -18522504936
0 -18531620795
0 -18540736654
0 -18549852513
0 -18558968372
0 -18568084231
0 -18577200090
0 -18586315949
0 -18595431808
0 -18604547667
0 -18613663526
0 -18622779385
0 -18631895244
0 -18641011103
0 -18650126962
0 -18659242821
0 -18668358680
0 -18677474539
0 -18686590398
0 -18695706257
0 -18704822116
0 -18713937975
0 -18723053834
0 -18732169693
0 -18741285552
0 -18750401411
0 -18759517270
0 -18768633129
0 -18777748988
0 -18786864847
0 -18795980706
0 -18805096565
0 -18814212424
0 -18823328283
0 -18832444142
0 -18841560001
0 -18850675860
0 -18859791719
0 -18868907578
0 -18878023437
0 -18887139296
0 -18896255155
0 -18905371014
0 -18914486873
0 -18923602732
0 -18932718591
0 -18941834450
0 -18950950309
0 -18960066168
0 -18969182027
0 -18978297886
0 -18987413745
0 -18996529604
0 -19005645463
0 -19014761322
0 -19023877181
0 -19032993040
0 -19042108899
0 -19051224758
0 -19060340617
0 -19069456476
0 -19078572335
0 -19087688194
0 -19096804053
0 -19105919912
0 -19115035771
0 -19124151630
0 -19133267489
0 -19142383348
0 -19151499207
0 -19160615066
0 -19169730925
0 -19178846784
0 -19187962643
0 -19197078502
0 -19206194361
0 -19215310220
0 -19224426079
0 -19233541938
0 -19242657797
0 -19251773656
0 -19260889515
0 -19270005374
0 -19279121233
0 -19288237092
0 -19297352951
0 -19306468810
0 -19315584669
0 -19324700528
0 -19333816387
0 -19342932246
0 -19352048105
0 -19361163964
0 -19370279823
0 -19379395682
0 -19388511541
0 -19397627400
0 -19406743259
0 -19415859118
0 -19424974977
0 -19434090836
0 -19443206695
0 -19452322554
0 -19461438413
0 -19470554272
0 -19479670131
0 -19488785990
0 -19497901849
0 -19507017708
0 -19516133567
0 -19525249426
0 -19534365285
0 -19543481144
0 -19552597003
0 -19561712862
0 -19570828721
0 -19579944580
0 -19589060439
0 -19598176298
0 -19607292157
0 -19616408016
0 -19625523875
0 -19634639734
0 -19643755593
0 -19652871452
0 -19661987311
0 -19671103170
0 -19680219029
0 -19689334888
0 -19698450747
0 -19707566606
0 -19716682465
0 -19725798324
0 -19734914183
0 -19744030042
0 -19753145901
0 -19762261760
0 -19771377619
0 -19780493478
0 -19789609337
0 -19798725196
0 -19807841055
0 -19816956914
0 -19826072773
0 -19835188632
0 -19844304491
0 -19853420350
0 -19862536209
0 -19871652068
0 -19880767927
0 -19889883786
0 -19898999645
0 -19908115504
0 -19917231363
0 -19926347222
0 -19935463081
0 -19944578940
0 -19953694799
0 -19962810658
0 -19971926517
0 -19981042376
0 -19990158235
0 -19999274094
0 -20008389953
0 -20017505812
0 -20026621671
0 -20035737530
0 -20044853389
0 -20053969248
0 -20063085107
0 -20072200966
0 -20081316825
0 -20090432684
0 -20099548543
0 -20108664402
0 -20117780261
0 -20126896120
0 -20136011979
0 -20145127838
0 -20154243697
0 -20163359556
0 -20172475415
0 -20181591274
0 -20190707133
0 -20199822992
0 -20208938851
0 -20218054710
0 -20227170569
0 -20236286428
0 -20245402287
0 -20254518146
0 -20263634005
0 -20272749864
0 -20281865723
0 -20290981582
0 -20300097441
0 -20309213300
0 -20318329159
0 -20327445018
0 -20336560877
0 -20345676736
0 -20354792595
0 -20363908454
0 -20373024313
0 -20382140172
0 -20391256031
0 -20400371890
0 -20409487749
0 -20418603608
0 -20427719467
0 -20436835326
0 -20445951185
0 -20455067044
0 -20464182903
0 -20473298762
0 -20482414621
0 -20491530480
0 -20500646339
0 -20509762198
0 -20518878057
0 -20527993916
0 -20537109775
0 -20546225634
0 -20555341493
0 -20564457352
0 -20573573211
0 -20582689070
0 -20591804929
0 -20600920788
0 -20610036647
0 -20619152506
0 -20628268365
0 -20637384224
0 -20646500083
0 -20655615942
0 -20664731801
0 -20673847660
0 -20682963519
0 -20692079378
0 -20701195237
0 -20710311096
0 -20719426955
0 -20728542814
0 -20737658673
0 -20746774532
0 -20755890391
0 -20765006250
0 -20774122109
0 -20783237968
0 -20792353827
0 -20801469686
0 -20810585545
0 -20819701404
0 -20828817263
0 -20837933122
0 -20847048981
0 -20856164840
0 -20865280699
0 -20874396558
0 -20883512417
0 -20892628276
0 -20901744135
0 -20910859994
0 -20919975853
0 -20929091712
0 -20938207571
0 -20947323430
0 -20956439289
0 -20965555148
0 -20974671007
0 -20983786866
0 -20992902725
0 -21002018584
0 -21011134443
0 -21020250302
0 -21029366161
0 -21038482020
0 -21047597879
0 -21056713738
0 -21065829597
0 -21074945456
0 -21084061315
0 -21093177174
0 -21102293033
0 -21111408892
0 -21120524751
0 -21129640610
0 -21138756469
0 -21147872328
0 -21156988187
0 -21166104046
0 -21175219905
0 -21184335764
0 -21193451623
0 -21202567482
0 -21211683341
0 -21220799200
0 -21229915059
0 -21239030918
0 -21248146777
0 -21257262636
0 -21266378495
0 -21275494354
0 -21284610213
0 -21293726072
0 -21302841931
0 -21311957790
0 -21321073649
0 -21330189508
0 -21339305367
0 -21348421226
0 -21357537085
0 -21366652944
0 -21375768803
0 -21384884662
0 -21394000521
0 -21403116380
0 -21412232239
0 -21421348098
0 -21430463957
0 -21439579816
0 -21448695675
0 -21457811534
0 -21466927393
0 -21476043252
0 -21485159111
0 -21494274970
0 -21503390829
0 -21512506688
0 -21521622547
0 -21530738406
0 -21539854265
0 -21548970124
0 -21558085983
0 -21567201842
0 -21576317701
0 -21585433560
0 -21594549419
0 -21603665278
0 -21612781137
0 -21621896996
0 -21631012855
0 -21640128714
0 -21649244573
0 -21658360432
0 -21667476291
0 -21676592150
0 -21685708009
0 -21694823868
0 -21703939727
0 -21713055586
0 -21722171445
0 -21731287304
0 -21740403163
0 -21749519022
0 -21758634881
0 -21767750740
0 -21776866599
0 -21785982458
0 -21795098317
0 -21804214176
0 -21813330035
0 -21822445894
0 -21831561753
0 -21840677612
0 -21849793471
0 -21858909330
0 -21868025189
0 -21877141048
0 -21886256907
0 -21895372766
0 -21904488625
0 -21913604484
0 -21922720343
0 -21931836202
0 -21940952061
0 -21950067920
0 -21959183779
0 -21968299638
0 -21977415497
0 -21986531356
0 -21995647215
0 -22004763074
0 -22013878933
0 -22022994792
0 -22014688987
0 -22023797637
0 -22032906287
0 -22042014937
0 -22051123587
0 -22060232237
0 -22069340887
0 -22078449537
0 -22087558187
0 -22096666837
0 -22105775487
0 -22114884137
0 -22123992787
0 -22133101437
0 -22142210087
0 -22151318737
0 -22160427387
0 -22169536037
0 -22178644687
0 -22187753337
0 -22196861987
0 -22205970637
0 -22215079287
0 -22224187937
0 -22233296587
0 -22242405237
0 -22251513887
0 -22260622537
0 -22269731187
0 -22278839837
0 -22287948487
0 -22297057137
0 -22306165787
0 -22315274437
0 -22324383087
0 -22333491737
0 -22342600387
0 -22351709037
0 -22360817687
0 -22369926337
0 -22379034987
0 -22388143637
0 -22397252287
0 -22406360937
0 -22415469587
0 -22424578237
0 -22433686887
0 -22442795537
0 -22451904187
0 -22461012837
0 -22470121487
0 -22479230137
0 -22488338787
0 -22497447437
0 -22506556087
0 -22515664737
0 -22524773387
0 -22533882037
0 -22542990687
0 -22552099337
0 -22561207987
0 -22570316637
0 -22579425287
0 -22588533937
0 -22597642587
0 -22606751237
0 -22615859887
0 -22624968537
0 -22634077187
0 -22643185837
0 -22652294487
0 -22661403137
0 -22670511787
0 -22679620437
0 -22688729087
0 -22697837737
0 -22706946387
0 -22716055037
0 -22725163687
0 -22734272337
0 -22743380987
0 -22752489637
0 -22761598287
0 -22770706937
0 -22779815587
0 -22788924237
0 -22798032887
0 -22807141537
0 -22816250187
0 -22825358837
0 -22834467487
0 -22843576137
0 -22852684787
0 -22861793437
0 -22870902087
0 -22880010737
0 -22889119387
0 -22898228037
0 -22907336687
0 -22916445337
0 -22925553987
0 -22934662637
0 -22943771287
0 -22952879937
0 -22961988587
0 -22971097237
0 -22980205887
0 -22989314537
0 -22998423187
0 -23007531837
0 -23016640487
0 -23025749137
0 -23034857787
0 -23043966437
0 -23053075087
0 -23062183737
0 -23071292387
0 -23080401037
0 -23089509687
0 -23098618337
0 -23107726987
0 -23116835637
0 -23125944287
0 -23135052937
0 -23144161587
0 -23153270237
0 -23162378887
0 -23171487537
0 -23180596187
0 -23189704837
0 -23198813487
0 -23207922137
0 -23217030787
0 -23226139437
0 -23235248087
0 -23244356737
0 -23253465387
0 -23262574037
0 -23271682687
0 -23280791337
0 -23289899987
0 -23299008637
0 -23308117287
0 -23317225937
0 -23326334587
0 -23335443237
0 -23344551887
0 -23353660537
0 -23362769187
0 -23371877837
0 -23380986487
0 -23390095137
0 -23399203787
0 -23408312437
0 -23417421087
0 -23426529737
0 -23435638387
0 -23444747037
0 -23453855687
0 -23462964337
0 -23472072987
0 -23481181637
0 -23490290287
0 -23499398937
0 -23508507587
0 -23517616237
0 -23526724887
0 -23535833537
0 -23544942187
0 -23554050837
0 -23563159487
0 -23572268137
0 -23581376787
0 -23590485437
0 -23599594087
0 -23608702737
0 -23617811387
0 -23626920037
0 -23636028687
0 -23645137337
0 -23654245987
0 -23663354637
0 -23672463287
0 -23681571937
0 -23690680587
0 -23699789237
0 -23708897887
0 -23718006537
0 -23727115187
0 -23736223837
0 -23745332487
0 -23754441137
0 -23763549787
0 -23772658437
0 -23781767087
0 -23790875737
0 -23799984387
0 -23809093037
0 -23818201687
0 -23827310337
0 -23836418987
0 -23845527637
0 -23854636287
0 -23863744937
0 -23872853587
0 -23881962237
0 -23891070887
0 -23900179537
0 -23909288187
0 -23918396837
0 -23927505487
0 -23936614137
0 -23945722787
0 -23954831437
0 -23963940087
0 -23973048737
0 -23982157387
0 -23991266037
0 -24000374687
0 -24009483337
0 -24018591987
0 -24027700637
0 -24036809287
0 -24045917937
0 -24055026587
0 -24064135237
0 -24073243887
0 -24082352537
0 -24091461187
0 -24100569837
0 -24109678487
0 -24118787137
0 -24127895787
0 -24137004437
0 -24146113087
0 -24155221737
0 -24164330387
0 -24173439037
0 -24182547687
0 -24191656337
0 -24200764987
0 -24209873637
0 -24218982287
0 -24228090937
0 -24237199587
0 -24246308237
0 -24255416887
0 -24264525537
0 -24273634187
0 -24282742837
0 -24291851487
0 -24300960137
0 -24310068787
0 -24319177437
0 -24328286087
0 -24337394737
0 -24346503387
0 -24355612037
0 -24364720687
0 -24373829337
0 -24382937987
0 -24392046637
0 -24401155287
0 -24410263937
0 -24419372587
0 -24428481237
0 -24437589887
0 -24446698537
0 -24455807187
0 -24464915837
0 -24474024487
0 -24483133137
0 -24492241787
0 -24501350437
0 -24510459087
0 -24519567737
0 -24528676387
0 -24537785037
0 -24546893687
0 -24556002337
0 -24565110987
0 -24574219637
0 -24583328287
0 -24592436937
0 -24601545587
0 -24610654237
0 -24619762887
0 -24628871537
0 -24637980187
0 -24647088837
0 -24656197487
0 -24665306137
0 -24674414787
0 -24683523437
0 -24692632087
0 -24701740737
0 -24710849387
0 -24719958037
0 -24729066687
0 -24738175337
0 -24747283987
0 -24756392637
0 -24765501287
0 -24774609937
0 -24783718587
0 -24792827237
0 -24801935887
0 -24811044537
0 -24820153187
0 -24829261837
0 -24838370487
0 -24847479137
0 -24856587787
0 -24865696437
0 -24874805087
0 -24883913737
0 -24893022387
0 -24902131037
0 -24911239687
0 -24920348337
0 -24929456987
0 -24938565637
0 -24947674287
0 -24956782937
0 -24965891587
0 -24975000237
0 -24984108887
0 -24993217537
0 -25002326187
0 -25011434837
0 -25020543487
0 -25029652137
0 -25038760787
0 -25047869437
0 -25056978087
0 -25066086737
0 -25075195387
0 -25084304037
0 -25093412687
0 -25102521337
0 -25111629987
0 -25120738637
0 -25129847287
0 -25138955937
0 -25148064587
0 -25157173237
0 -25166281887
0 -25175390537
0 -25184499187
0 -25193607837
0 -25202716487
0 -25211825137
0 -25220933787
0 -25230042437
0 -25239151087
0 -25248259737
0 -25257368387
0 -25266477037
0 -25275585687
0 -25284694337
0 -25293802987
0 -25302911637
0 -25312020287
0 -25321128937
0 -25330237587
0 -25339346237
0 -25348454887
0 -25357563537
0 -25366672187
0 -25375780837
0 -25384889487
0 -25393998137
0 -25403106787
0 -25412215437
0 -25421324087
0 -25430432737
0 -25439541387
0 -25448650037
0 -25457758687
0 -25466867337
0 -25475975987
0 -25485084637
0 -25494193287
0 -25503301937
0 -25512410587
0 -25521519237
0 -25530627887
0 -25539736537
0 -25548845187
0 -25557953837
0 -25567062487
0 -25576171137
0 -25585279787
0 -25594388437
0 -25603497087
0 -25612605737
0 -25621714387
0 -25630823037
0 -25639931687
0 -25649040337
0 -25658148987
0 -25667257637
0 -25676366287
0 -25685474937
0 -25694583587
0 -25703692237
0 -25712800887
0 -25721909537
0 -25731018187
0 -25740126837
0 -25749235487
0 -25758344137
0 -25767452787
0 -25776561437
0 -25785670087
0 -25794778737
0 -25803887387
0 -25812996037
0 -25822104687
0 -25831213337
0 -25840321987
0 -25849430637
0 -25858539287
0 -25867647937
0 -25876756587
0 -25885865237
0 -25894973887
0 -25904082537
0 -25913191187
0 -25922299837
0 -25931408487
0 -25940517137
0 -25949625787
0 -25958734437
0 -25967843087
0 -25976951737
0 -25986060387
0 -25995169037
0 -26004277687
0 -26013386337
0 -26022494987
0 -26031603637
0 -26040712287
0 -26049820937
0 -26058929587
0 -26068038237
0 -26077146887
0 -26086255537
0 -26095364187
0 -26104472837
0 -26113581487
0 -26122690137
0 -26131798787
0 -26140907437
0 -26150016087
0 -26159124737
0 -26168233387
0 -26177342037
0 -26186450687
0 -26195559337
0 -26204667987
0 -26213776637
0 -26222885287
0 -26231993937
0 -26241102587
0 -26250211237
0 -26259319887
0 -26268428537
0 -26277537187
0 -26286645837
0 -26295754487
0 -26304863137
0 -26313971787
0 -26323080437
0 -26332189087
0 -26341297737
0 -26350406387
0 -26359515037
0 -26368623687
0 -26377732337
0 -26386840987
0 -26395949637
0 -26405058287
0 -26414166937
0 -26423275587
0 -26432384237
0 -26441492887
0 -26450601537
0 -26459710187
0 -26468818837
0 -26477927487
0 -26487036137
0 -26496144787
0 -26505253437
0 -26514362087
0 -26523470737
0 -26532579387
0 -26541688037
0 -26550796687
0 -26559905337
0 -26569013987
0 -26578122637
0 -26587231287
0 -26596339937
0 -26605448587
0 -26614557237
0 -26623665887
0 -26632774537
0 -26641883187
0 -26650991837
0 -26660100487
0 -26669209137
0 -26678317787
0 -26687426437
0 -26696535087
0 -26705643737
0 -26714752387
0 -26723861037
0 -26732969687
0 -26742078337
0 -26751186987
0 -26760295637
0 -26769404287
0 -26778512937
0 -26787621587
0 -26796730237
0 -26805838887
0 -26814947537
0 -26824056187
0 -26833164837
0 -26842273487
0 -26851382137
0 -26860490787
0 -26869599437
0 -26878708087
0 -26887816737
0 -26896925387
0 -26906034037
0 -26915142687
0 -26924251337
0 -26933359987
0 -26942468637
0 -26951577287
0 -26960685937
0 -26969794587
0 -26978903237
0 -26988011887
0 -26997120537
0 -27006229187
0 -27015337837
0 -27024446487
0 -27033555137
0 -27042663787
0 -27051772437
0 -27060881087
0 -27069989737
0 -27079098387
0 -27088207037
0 -27097315687
0 -27106424337
0 -27115532987
0 -27124641637
0 -27093265480
0 -27102360536
0 -27111455592
0 -27120550648
0 -27129645704
0 -27138740760
0 -27147835816
0 -27156930872
0 -27166025928
0 -27175120984
0 -27184216040
0 -27193311096
0 -27202406152
0 -27211501208
0 -27220596264
0 -27229691320
0 -27238786376
0 -27247881432
0 -27256976488
0 -27266071544
0 -27275166600
0 -27284261656
0 -27293356712
0 -27302451768
0 -27311546824
0 -27320641880
0 -27329736936
0 -27338831992
0 -27347927048
0 -27357022104
0 -27366117160
0 -27375212216
0 -27384307272
0 -27393402328
0 -27402497384
0 -27411592440
0 -27420687496
0 -27429782552
0 -27438877608
0 -27447972664
0 -27457067720
0 -27466162776
0 -27475257832
0 -27484352888
0 -27493447944
0 -27502543000
0 -27511638056
0 -27520733112
0 -27529828168
0 -27538923224
0 -27548018280
0 -27557113336
0 -27566208392
0 -27575303448
0 -27584398504
0 -27593493560
0 -27602588616
0 -27611683672
0 -27620778728
0 -27629873784
0 -27638968840
0 -27648063896
0 -27657158952
0 -27666254008
0 -27675349064
0 -27684444120
0 -27693539176
0 -27702634232
0 -27711729288
0 -27720824344
0 -27729919400
0 -27739014456
0 -27748109512
0 -27757204568
0 -27766299624
0 -27775394680
0 -27784489736
0 -27793584792
0 -27802679848
0 -27811774904
0 -27820869960
0 -27829965016
0 -27839060072
0 -27848155128
0 -27857250184
0 -27866345240
0 -27875440296
0 -27884535352
0 -27893630408
0 -27902725464
0 -27911820520
0 -27920915576
0 -27930010632
0 -27939105688
0 -27948200744
0 -27957295800
0 -27966390856
0 -27975485912
0 -27984580968
0 -27993676024
0 -28002771080
0 -28011866136
0 -28020961192
0 -28030056248
0 -28039151304
0 -28048246360
0 -28057341416
0 -28066436472
0 -28075531528
0 -28084626584
0 -28093721640
0 -28102816696
0 -28111911752
0 -28121006808
0 -28130101864
0 -28139196920
0 -28148291976
0 -28157387032
0 -28166482088
0 -28175577144
0 -28184672200
0 -28193767256
0 -28202862312
0 -28211957368
0 -28221052424
0 -28230147480
0 -28239242536
0 -28248337592
0 -28257432648
0 -28266527704
0 -28275622760
0 -28284717816
0 -28293812872
0 -28302907928
0 -28312002984
0 -28321098040
0 -28330193096
0 -28339288152
0 -28348383208
0 -28357478264
0 -28366573320
0 -28375668376
0 -28384763432
0 -28393858488
0 -28402953544
0 -28412048600
0 -28421143656
0 -28430238712
0 -28439333768
0 -28448428824
0 -28457523880
0 -28466618936
0 -28475713992
0 -28484809048
0 -28493904104
0 -28502999160
0 -28512094216
0 -28521189272
0 -28530284328
0 -28539379384
0 -28548474440
0 -28557569496
0 -28566664552
0 -28575759608
0 -28584854664
0 -28593949720
0 -28603044776
0 -28612139832
0 -28621234888
0 -28630329944
0 -28639425000
0 -28648520056
0 -28657615112
0 -28666710168
0 -28675805224
0 -28684900280
0 -28693995336
0 -28703090392
0 -28712185448
0 -28721280504
0 -28730375560
0 -28739470616
0 -28748565672
0 -28757660728
0 -28766755784
0 -28775850840
0 -28784945896
0 -28794040952
0 -28803136008
0 -28812231064
0 -28821326120
0 -28830421176
0 -28839516232
0 -28848611288
0 -28857706344
0 -28866801400
0 -28875896456
0 -28884991512
0 -28894086568
0 -28903181624
0 -28912276680
0 -28921371736
0 -28930466792
0 -28939561848
0 -28948656904
0 -28957751960
0 -28966847016
0 -28975942072
0 -28985037128
0 -28994132184
0 -29003227240
0 -29012322296
0 -29021417352
0 -29030512408
0 -29039607464
0 -29048702520
0 -29057797576
0 -29066892632
0 -29075987688
0 -29085082744
0 -29094177800
0 -29103272856
0 -29112367912
0 -29121462968
0 -29130558024
0 -29139653080
0 -29148748136
0 -29157843192
0 -29166938248
0 -29176033304
0 -29185128360
0 -29194223416
0 -29203318472
0 -29212413528
0 -29221508584
0 -29230603640
0 -29239698696
0 -29248793752
0 -29257888808
0 -29266983864
0 -29276078920
0 -29285173976
0 -29294269032
0 -29303364088
0 -29312459144
0 -29321554200
0 -29330649256
0 -29339744312
0 -29348839368
0 -29357934424
0 -29367029480
0 -29376124536
0 -29385219592
0 -29394314648
0 -29403409704
0 -29412504760
0 -29421599816
0 -29430694872
0 -29439789928
0 -29448884984
0 -29457980040
0 -29467075096
0 -29476170152
0 -29485265208
0 -29494360264
0 -29503455320
0 -29512550376
0 -29521645432
0 -29530740488
0 -29539835544
0 -29548930600
0 -29558025656
0 -29567120712
0 -29576215768
0 -29585310824
0 -29594405880
0 -29603500936
0 -29612595992
0 -29621691048
0 -29630786104
0 -29639881160
0 -29648976216
0 -29658071272
0 -29667166328
0 -29676261384
0 -29685356440
0 -29694451496
0 -29703546552
0 -29712641608
0 -29721736664
0 -29730831720
0 -29739926776
0 -29749021832
0 -29758116888
0 -29767211944
0 -29776307000
0 -29785402056
0 -29794497112
0 -29803592168
0 -29812687224
0 -29821782280
0 -29830877336
0 -29839972392
0 -29849067448
0 -29858162504
0 -29867257560
0 -29876352616
0 -29885447672
0 -29894542728
0 -29903637784
0 -29912732840
0 -29921827896
0 -29930922952
0 -29940018008
0 -29949113064
0 -29958208120
0 -29967303176
0 -29976398232
0 -29985493288
0 -29994588344
0 -30003683400
0 -30012778456
0 -30021873512
0 -30030968568
0 -30040063624
0 -30049158680
0 -30058253736
0 -30067348792
0 -30076443848
0 -30085538904
0 -30094633960
0 -30103729016
0 -30112824072
0 -30121919128
0 -30131014184
0 -30140109240
0 -30149204296
0 -30158299352
0 -30167394408
0 -30176489464
0 -30185584520
0 -30194679576
0 -30203774632
0 -30212869688
0 -30221964744
0 -30231059800
0 -30240154856
0 -30249249912
0 -30258344968
0 -30267440024
0 -30276535080
0 -30285630136
0 -30294725192
0 -30303820248
0 -30312915304
0 -30322010360
0 -30331105416
0 -30340200472
0 -30349295528
0 -30358390584
0 -30367485640
0 -30376580696
0 -30385675752
0 -30394770808
0 -30403865864
0 -30412960920
0 -30422055976
0 -30431151032
0 -30440246088
0 -30449341144
0 -30458436200
0 -30467531256
0 -30476626312
0 -30485721368
0 -30494816424
0 -30503911480
0 -30513006536
0 -30522101592
0 -30531196648
0 -30540291704
0 -30549386760
0 -30558481816
0 -30567576872
0 -30576671928
0 -30585766984
0 -30594862040
0 -30603957096
0 -30613052152
0 -30622147208
0 -30631242264
0 -30640337320
0 -30649432376
0 -30658527432
0 -30667622488
0 -30676717544
0 -30685812600
0 -30694907656
0 -30704002712
0 -30713097768
0 -30722192824
0 -30731287880
0 -30740382936
0 -30749477992
0 -30758573048
0 -30767668104
0 -30776763160
0 -30785858216
0 -30794953272
0 -30804048328
0 -30813143384
0 -30822238440
0 -30831333496
0 -30840428552
0 -30849523608
0 -30858618664
0 -30867713720
0 -30876808776
0 -30885903832
0 -30894998888
0 -30904093944
0 -30913189000
0 -30922284056
0 -30931379112
0 -30940474168
0 -30949569224
0 -30958664280
0 -30967759336
0 -30976854392
0 -30985949448
0 -30995044504
0 -31004139560
0 -31013234616
0 -31022329672
0 -31031424728
0 -31040519784
0 -31049614840
0 -31058709896
0 -31067804952
0 -31076900008
0 -31085995064
0 -31095090120
0 -31104185176
0 -31113280232
0 -31122375288
0 -31131470344
0 -31140565400
0 -31149660456
0 -31158755512
0 -31167850568
0 -31176945624
0 -31186040680
0 -31195135736
0 -31204230792
0 -31213325848
0 -31222420904
0 -31231515960
0 -31240611016
0 -31249706072
0 -31258801128
0 -31267896184
0 -31276991240
0 -31286086296
0 -31295181352
0 -31304276408
0 -31313371464
0 -31322466520
0 -31331561576
0 -31340656632
0 -31349751688
0 -31358846744
0 -31367941800
0 -31377036856
0 -31386131912
0 -31395226968
0 -31404322024
0 -31413417080
0 -31422512136
0 -31431607192
0 -31440702248
0 -31449797304
0 -31458892360
0 -31467987416
0 -31477082472
0 -31486177528
0 -31495272584
0 -31504367640
0 -31513462696
0 -31522557752
0 -31531652808
0 -31540747864
0 -31549842920
0 -31558937976
0 -31568033032
0 -31577128088
0 -31586223144
0 -31595318200
0 -31604413256
0 -31613508312
0 -31622603368
0 -31631698424
0 -31640793480
0 -31649888536
0 -31658983592
0 -31668078648
0 -31677173704
0 -31686268760
0 -31695363816
0 -31704458872
0 -31713553928
0 -31722648984
0 -31731744040
0 -31740839096
0 -31749934152
0 -31759029208
0 -31768124264
0 -31777219320
0 -31786314376
0 -31795409432
0 -31804504488
0 -31813599544
0 -31822694600
0 -31831789656
0 -31840884712
0 -31849979768
0 -31859074824
0 -31868169880
0 -31877264936
0 -31886359992
0 -31895455048
0 -31904550104
0 -31913645160
0 -31922740216
0 -31931835272
0 -31940930328
0 -31950025384
0 -31959120440
0 -31968215496
0 -31977310552
0 -31986405608
0 -31995500664
0 -32004595720
0 -32013690776
0 -32022785832
0 -32031880888
0 -32040975944
0 -32050071000
0 -32059166056
0 -32068261112
0 -32077356168
0 -32086451224
0 -32095546280
0 -32104641336
0 -32113736392
0 -32122831448
0 -32131926504
0 -32141021560
0 -32150116616
0 -32159211672
0 -32168306728
0 -32177401784
0 -32186496840
0 -32195591896
0 -32204686952
0 -32213782008
0 -32222877064
0 -32231972120
0 -32241067176
0 -32250162232
0 -32259257288
0 -32268352344
0 -32277447400
0 -32286542456
0 -32295637512
0 -32304732568
0 -32313827624
0 -32322922680
0 -32332017736
0 -32341112792
0 -32350207848
0 -32359302904
0 -32368397960
0 -32377493016
0 -32386588072
0 -32395683128
0 -32404778184
0 -32413873240
0 -32422968296
0 -32432063352
0 -32441158408
0 -32450253464
0 -32459348520
0 -32468443576
0 -32477538632
0 -32486633688
0 -32495728744
0 -32504823800
0 -32513918856
0 -32523013912
0 -32532108968
0 -32541204024
0 -32550299080
0 -32559394136
0 -32568489192
0 -32577584248
0 -32586679304
0 -32595774360
0 -32604869416
0 -32613964472
0 -32623059528
0 -32632154584
0 -32641249640
0 -32650344696
0 -32659439752
0 -32668534808
0 -32677629864
0 -32686724920
0 -32695819976
0 -32704915032
0 -32714010088
0 -32723105144
0 -32732200200
0 -32741295256
0 -32750390312
0 -32759485368
0 -32768580424
0 -32777675480
0 -32786770536
0 -32795865592
0 -32804960648
0 -32814055704
0 -32823150760
0 -32832245816
0 -32841340872
0 -32850435928
0 -32859530984
0 -32868626040
0 -32877721096
0 -32886816152
0 -32895911208
0 -32905006264
0 -32914101320
0 -32923196376
0 -32932291432
0 -32941386488
0 -32950481544
0 -32959576600
0 -32968671656
0 -32977766712
0 -32986861768
0 -32995956824
0 -33005051880
0 -33014146936
0 -33023241992
0 -33032337048
0 -33041432104
0 -33050527160
0 -33059622216
0 -33068717272
0 -33077812328
0 -33086907384
0 -33096002440
0 -33105097496
0 -33114192552
0 -33123287608
0 -33132382664
0 -33141477720
0 -33150572776
0 -33159667832
0 -33168762888
0 -33177857944
0 -33186953000
0 -33196048056
0 -33205143112
0 -33214238168
0 -33223333224
0 -33232428280
0 -33241523336
0 -33250618392
0 -33259713448
0 -33268808504
0 -33277903560
0 -33286998616
0 -33296093672
0 -33305188728
0 -33314283784
0 -33323378840
0 -33332473896
0 -33341568952
0 -33350664008
0 -33359759064
0 -33368854120
0 -33377949176
0 -33387044232
0 -33396139288
0 -33405234344
0 -33414329400
0 -33423424456
0 -33432519512
0 -33441614568
0 -33450709624
0 -33459804680
0 -33468899736
0 -33477994792
0 -33487089848
0 -33496184904
0 -33505279960
0 -33514375016
0 -33523470072
0 -33532565128
0 -33541660184
0 -33550755240
0 -33559850296
0 -33568945352
0 -33578040408
0 -33587135464
0 -33596230520
0 -33605325576
0 -33614420632
0 -33623515688
0 -33632610744
0 -33641705800
0 -33650800856
0 -33659895912
0 -33668990968
0 -33678086024
0 -33687181080
0 -33696276136
0 -33705371192
0 -33714466248
0 -33723561304
0 -33732656360
0 -33741751416
0 -33750846472
0 -33759941528
0 -33769036584
0 -33778131640
0 -33787226696
0 -33796321752
0 -33805416808
0 -33814511864
0 -33823606920
0 -33832701976
0 -33841797032
0 -33850892088
0 -33859987144
0 -33869082200
0 -33878177256
0 -33887272312
0 -33896367368
0 -33905462424
0 -33914557480
0 -33923652536
0 -33932747592
0 -33941842648
0 -33950937704
0 -33960032760
0 -33969127816
0 -33978222872
0 -33987317928
0 -33996412984
0 -34005508040
0 -34014603096
0 -34023698152
0 -34032793208
0 -34041888264
0 -34050983320
0 -34060078376
0 -34069173432
0 -34078268488
0 -34087363544
0 -34096458600
0 -34105553656
0 -34114648712
0 -34123743768
0 -34132838824
0 -34141933880
0 -34151028936
0 -34160123992
0 -34169219048
0 -34178314104
0 -34187409160
0 -34196504216
0 -34205599272
0 -34214694328
0 -34223789384
0 -34232884440
0 -34241979496
0 -34251074552
0 -34260169608
0 -34269264664
0 -34278359720
0 -34287454776
0 -34296549832
0 -34305644888
0 -34314739944
0 -34323835000
0 -34332930056
0 -34342025112
0 -34351120168
0 -34360215224
0 -34369310280
0 -34378405336
0 -34387500392
0 -34396595448
0 -34405690504
0 -34414785560
0 -34423880616
0 -34432975672
0 -34442070728
0 -34451165784
0 -34460260840
0 -34469355896
0 -34478450952
0 -34487546008
0 -34496641064
0 -34505736120
0 -34514831176
0 -34523926232
0 -34533021288
0 -34542116344
0 -34551211400
0 -34560306456
0 -34569401512
0 -34578496568
0 -34587591624
0 -34596686680
0 -34605781736
0 -34614876792
0 -34623971848
0 -34633066904
0 -34642161960
0 -34651257016
0 -34660352072
0 -34669447128
0 -34678542184
0 -34687637240
0 -34696732296
0 -34705827352
0 -34714922408
0 -34724017464
0 -34733112520
0 -34742207576
0 -34751302632
0 -34760397688
0 -34769492744
0 -34778587800
0 -34787682856
0 -34796777912
0 -34805872968
0 -34814968024
0 -34824063080
0 -34833158136
0 -34842253192
0 -34851348248
0 -34860443304
0 -34869538360
0 -34878633416
0 -34887728472
0 -34896823528
0 -34905918584
0 -34915013640
0 -34924108696
0 -34933203752
0 -34942298808
0 -34951393864
0 -34960488920
0 -34969583976
0 -34978679032
0 -34987774088
0 -34996869144
0 -35005964200
0 -35015059256
0 -35024154312
0 -35033249368
0 -35042344424
0 -35051439480
0 -35060534536
0 -35069629592
0 -35078724648
0 -35087819704
0 -35096914760
0 -35106009816
0 -35115104872
0 -35124199928
0 -35133294984
0 -35142390040
0 -35151485096
0 -35160580152
0 -35169675208
0 -35178770264
0 -35187865320
0 -35196960376
0 -35206055432
0 -35215150488
0 -35224245544
0 -35233340600
0 -35242435656
0 -35251530712
0 -35260625768
0 -35269720824
0 -35278815880
0 -35287910936
0 -35297005992
0 -35306101048
0 -35315196104
0 -35324291160
0 -35333386216
0 -35342481272
0 -35351576328
0 -35360671384
0 -35369766440
0 -35378861496
0 -35387956552
0 -35397051608
0 -35406146664
0 -35415241720
0 -35424336776
0 -35433431832
0 -35442526888
0 -35451621944
0 -35460717000
0 -35469812056
0 -35478907112
0 -35488002168
0 -35497097224
0 -35506192280
0 -35515287336
0 -35524382392
0 -35533477448
0 -35542572504
0 -35551667560
0 -35560762616
0 -35569857672
0 -35578952728
0 -35588047784
0 -35597142840
0 -35606237896
0 -35615332952
0 -35624428008
0 -35633523064
0 -35642618120
0 -35651713176
0 -35660808232
0 -35669903288
0 -35678998344
0 -35688093400
0 -35697188456
0 -35706283512
0 -35715378568
0 -35724473624
0 -35733568680
0 -35742663736
0 -35751758792
0 -35760853848
0 -35769948904
0 -35779043960
0 -35788139016
0 -35797234072
0 -35806329128
0 -35815424184
0 -35824519240
0 -35833614296
0 -35842709352
0 -35851804408
0 -35860899464
0 -35869994520
0 -35879089576
0 -35888184632
0 -35897279688
0 -35906374744
0 -35915469800
0 -35924564856
0 -35933659912
0 -35942754968
0 -35951850024
0 -35960945080
0 -35970040136
0 -35979135192
0 -35988230248
0 -35997325304
0 -36006420360
0 -36015515416
0 -36024610472
0 -36033705528
0 -36042800584
0 -36051895640
0 -36060990696
0 -36070085752
0 -36079180808
0 -36088275864
0 -36097370920
0 -36106465976
0 -36115561032
0 -36124656088
0 -36133751144
0 -36142846200
0 -36151941256
0 -36161036312
0 -36170131368
0 -36179226424
0 -36188321480
0 -36197416536
0 -36206511592
0 -36215606648
0 -36224701704
0 -36233796760
0 -36242891816
0 -36251986872
0 -36261081928
0 -36270176984
0 -36279272040
0 -36288367096
0 -36297462152
0 -36306557208
0 -36315652264
0 -36324747320
0 -36333842376
0 -36342937432
0 -36352032488
0 -36361127544
0 -36370222600
0 -36379317656
0 -36388412712
0 -36397507768
0 -36406602824
0 -36415697880
0 -36424792936
0 -36433887992
0 -36442983048
0 -36452078104
0 -36461173160
0 -36470268216
0 -36479363272
0 -36488458328
0 -36497553384
0 -36506648440
0 -36515743496
0 -36524838552
0 -36533933608
0 -36543028664
0 -36552123720
0 -36561218776
0 -36570313832
0 -36579408888
0 -36588503944
0 -36597599000
0 -36606694056
0 -36615789112
0 -36624884168
0 -36633979224
0 -36643074280
0 -36652169336
0 -36661264392
0 -36670359448
0 -36679454504
0 -36688549560
0 -36697644616
0 -36706739672
0 -36715834728
0 -36724929784
0 -36734024840
0 -36743119896
0 -36752214952
0 -36761310008
0 -36770405064
0 -36779500120
0 -36788595176
0 -36797690232
0 -36806785288
0 -36815880344
0 -36824975400
0 -36834070456
0 -36843165512
0 -36852260568
0 -36861355624
0 -36870450680
0 -36879545736
0 -36888640792
0 -36897735848
0 -36906830904
0 -36915925960
0 -36925021016
0 -36934116072
0 -36943211128
0 -36952306184
0 -36961401240
0 -36970496296
0 -36979591352
0 -36988686408
0 -36997781464
0 -37006876520
0 -37015971576
0 -37025066632
0 -37034161688
0 -37043256744
0 -37052351800
0 -37061446856
0 -37070541912
0 -37079636968
0 -37088732024
0 -37097827080
0 -37106922136
0 -37116017192
0 -37125112248
0 -37134207304
0 -37143302360
0 -37152397416
0 -37161492472
0 -37170587528
0 -37179682584
0 -37188777640
0 -37197872696
0 -37206967752
0 -37216062808
0 -37225157864
0 -37234252920
0 -37243347976
0 -37252443032
0 -37261538088
0 -37270633144
0 -37279728200
0 -37288823256
0 -37297918312
0 -37307013368
0 -37316108424
0 -37325203480
0 -37334298536
0 -37343393592
0 -37352488648
0 -37361583704
0 -37370678760
0 -37379773816
0 -37388868872
0 -37397963928
0 -37407058984
0 -37416154040
0 -37425249096
0 -37434344152
0 -37443439208
0 -37452534264
0 -37461629320
0 -37470724376
0 -37479819432
0 -37488914488
0 -37498009544
0 -37507104600
0 -37516199656
0 -37525294712
0 -37534389768
0 -37543484824
0 -37552579880
0 -37561674936
0 -37570769992
0 -37579865048
0 -37588960104
0 -37598055160
0 -37607150216
0 -37616245272
0 -37625340328
0 -37634435384
0 -37643530440
0 -37652625496
0 -37661720552
0 -37670815608
0 -37679910664
0 -37689005720
0 -37698100776
0 -37707195832
0 -37716290888
0 -37725385944
0 -37734481000
0 -37743576056
0 -37752671112
0 -37761766168
0 -37770861224
0 -37779956280
0 -37789051336
0 -37798146392
0 -37807241448
0 -37816336504
0 -37825431560
0 -37834526616
0 -37843621672
0 -37852716728
0 -37861811784
0 -37870906840
0 -37880001896
0 -37889096952
0 -37898192008
0 -37907287064
0 -37916382120
0 -37925477176
0 -37934572232
0 -37943667288
0 -37952762344
0 -37961857400
0 -37970952456
0 -37980047512
0 -37989142568
0 -37998237624
0 -38007332680
0 -38016427736
0 -38025522792
0 -38034617848
0 -38043712904
0 -38052807960
0 -38061903016
0 -38070998072
0 -38080093128
0 -38089188184
0 -38098283240
0 -38107378296
0 -38116473352
0 -38125568408
0 -38134663464
0 -38143758520
0 -38152853576
0 -38161948632
0 -38171043688
0 -38180138744
0 -38189233800
0 -38198328856
0 -38207423912
0 -38216518968
0 -38225614024
0 -38234709080
0 -38243804136
0 -38252899192
0 -38261994248
0 -38271089304
0 -38280184360
0 -38289279416
0 -38298374472
0 -38307469528
0 -38316564584
0 -38325659640
0 -38334754696
0 -38343849752
0 -38352944808
0 -38362039864
0 -38371134920
0 -38380229976
0 -38389325032
0 -38398420088
0 -38407515144
0 -38416610200
0 -38425705256
0 -38434800312
0 -38443895368
0 -38452990424
0 -38462085480
0 -38471180536
0 -38480275592
0 -38489370648
0 -38498465704
0 -38507560760
0 -38516655816
0 -38525750872
0 -38534845928
0 -38543940984
0 -38553036040
0 -38562131096
0 -38571226152
0 -38580321208
0 -38589416264
0 -38598511320
0 -38607606376
0 -38616701432
0 -38625796488
0 -38634891544
0 -38643986600
0 -38653081656
0 -38662176712
0 -38671271768
0 -38680366824
0 -38689461880
0 -38698556936
0 -38707651992
0 -38716747048
0 -38725842104
0 -38734937160
0 -38744032216
0 -38753127272
0 -38762222328
0 -38771317384
0 -38780412440
0 -38789507496
0 -38798602552
0 -38807697608
0 -38816792664
0 -38825887720
0 -38834982776
0 -38844077832
0 -38853172888
0 -38862267944
0 -38871363000
0 -38880458056
0 -38889553112
0 -38898648168
0 -38907743224
0 -38916838280
0 -38925933336
0 -38935028392
0 -38944123448
0 -38953218504
0 -38962313560
0 -38971408616
0 -38980503672
0 -38989598728
0 -38998693784
0 -39007788840
0 -39016883896
0 -39025978952
0 -39035074008
0 -39044169064
0 -39053264120
0 -39062359176
0 -39071454232
0 -39080549288
0 -39089644344
0 -39098739400
0 -39107834456
0 -39116929512
0 -39126024568
0 -39135119624
0 -39144214680
0 -39153309736
0 -39162404792
0 -39171499848
0 -39180594904
0 -39189689960
0 -39198785016
0 -39207880072
0 -39216975128
0 -39226070184
0 -39235165240
0 -39244260296
0 -39253355352
0 -39262450408
0 -39271545464
0 -39280640520
0 -39289735576
0 -39298830632
0 -39307925688
0 -39317020744
0 -39326115800
0 -39335210856
0 -39344305912
0 -39353400968
0 -39362496024
0 -39371591080
0 -39380686136
0 -39389781192
0 -39398876248
0 -39407971304
0 -39417066360
0 -39426161416
0 -39435256472
0 -39444351528
0 -39453446584
0 -39462541640
0 -39471636696
0 -39480731752
0 -39489826808
0 -39498921864
0 -39508016920
0 -39517111976
0 -39526207032
0 -39535302088
0 -39544397144
0 -39553492200
0 -39562587256
0 -39571682312
0 -39580777368
0 -39589872424
0 -39598967480
0 -39608062536
0 -39617157592
0 -39626252648
0 -39635347704
0 -39644442760
0 -39653537816
0 -39662632872
0 -39671727928
0 -39680822984
0 -39689918040
0 -39699013096
0 -39708108152
0 -39717203208
0 -39726298264
0 -39735393320
0 -39744488376
0 -39753583432
0 -39762678488
0 -39771773544
0 -39780868600
0 -39789963656
0 -39799058712
0 -39808153768
0 -39817248824
0 -39826343880
0 -39835438936
0 -39844533992
0 -39853629048
0 -39862724104
0 -39871819160
0 -39880914216
0 -39890009272
0 -39899104328
0 -39908199384
0 -39917294440
0 -39926389496
0 -39935484552
0 -39944579608
0 -39953674664
0 -39962769720
0 -39971864776
0 -39980959832
0 -39990054888
0 -39999149944
0 -40008245000
0 -40017340056
0 -40026435112
0 -40035530168
0 -40044625224
0 -40053720280
0 -40062815336
0 -40071910392
0 -40081005448
0 -40090100504
0 -40099195560
0 -40108290616
0 -40117385672
0 -40126480728
0 -40135575784
0 -40144670840
0 -40153765896
0 -40162860952
0 -40171956008
0 -40181051064
0 -40190146120
0 -40199241176
0 -40208336232
0 -40217431288
0 -40226526344
0 -40235621400
0 -40244716456
0 -40253811512
0 -40262906568
0 -40272001624
0 -40281096680
0 -40290191736
0 -40299286792
0 -40308381848
0 -40317476904
0 -40326571960
0 -40335667016
0 -40344762072
0 -40353857128
0 -40362952184
0 -40372047240
0 -40381142296
0 -40390237352
0 -40399332408
0 -40408427464
0 -40417522520
0 -40426617576
0 -40435712632
0 -40444807688
0 -40453902744
0 -40462997800
0 -40472092856
0 -40481187912
0 -40490282968
0 -40499378024
0 -40508473080
0 -40517568136
0 -40526663192
0 -40535758248
0 -40544853304
0 -40553948360
0 -40563043416
0 -40572138472
0 -40581233528
0 -40590328584
0 -40599423640
0 -40608518696
0 -40617613752
0 -40626708808
0 -40635803864
0 -40644898920
0 -40653993976
0 -40663089032
0 -40672184088
0 -40681279144
0 -40690374200
0 -40699469256
0 -40708564312
0 -40717659368
0 -40726754424
0 -40735849480
0 -40744944536
0 -40754039592
0 -40763134648
0 -40772229704
0 -40781324760
0 -40790419816
0 -40799514872
0 -40808609928
0 -40817704984
0 -40826800040
0 -40835895096
0 -40844990152
0 -40854085208
0 -40863180264
0 -40872275320
0 -40881370376
0 -40890465432
0 -40899560488
0 -40908655544
0 -40917750600
0 -40926845656
0 -40935940712
0 -40945035768
0 -40954130824
0 -40963225880
0 -40972320936
0 -40981415992
0 -40990511048
0 -40999606104
0 -41008701160
0 -41017796216
0 -41026891272
0 -41035986328
0 -41045081384
0 -41054176440
0 -41063271496
0 -41072366552
0 -41081461608
0 -41090556664
0 -41099651720
0 -41108746776
0 -41117841832
0 -41126936888
0 -41136031944
0 -41145127000
0 -41154222056
0 -41163317112
0 -41103425942
0 -41112505757
0 -41121585572
0 -41130665387
0 -41139745202
0 -41148825017
0 -41157904832
0 -41166984647
0 -41176064462
0 -41185144277
0 -41194224092
0 -41203303907
0 -41212383722
0 -41221463537
0 -41230543352
0 -41239623167
0 -41248702982
0 -41257782797
0 -41266862612
0 -41275942427
0 -41285022242
0 -41294102057
0 -41303181872
0 -41312261687
0 -41321341502
0 -41330421317
0 -41339501132
0 -41348580947
0 -41357660762
0 -41366740577
0 -41375820392
0 -41384900207
0 -41393980022
0 -41403059837
0 -41412139652
0 -41421219467
0 -41430299282
0 -41439379097
0 -41448458912
0 -41457538727
0 -41466618542
0 -41475698357
0 -41484778172
0 -41493857987
0 -41502937802
0 -41512017617
0 -41521097432
0 -41530177247
0 -41539257062
0 -41548336877
0 -41557416692
0 -41566496507
0 -41575576322
0 -41584656137
0 -41593735952
0 -41602815767
0 -41611895582
0 -41620975397
0 -41630055212
0 -41639135027
0 -41648214842
0 -41657294657
0 -41666374472
0 -41675454287
0 -41684534102
0 -41693613917
0 -41702693732
0 -41711773547
0 -41720853362
0 -41729933177
0 -41739012992
0 -41748092807
0 -41757172622
0 -41766252437
0 -41775332252
0 -41784412067
0 -41793491882
0 -41802571697
0 -41811651512
0 -41820731327
0 -41829811142
0 -41838890957
0 -41847970772
0 -41857050587
0 -41866130402
0 -41875210217
0 -41884290032
0 -41893369847
0 -41902449662
0 -41911529477
0 -41920609292
0 -41929689107
0 -41938768922
0 -41947848737
0 -41956928552
0 -41966008367
0 -41975088182
0 -41984167997
0 -41993247812
0 -42002327627
0 -42011407442
0 -42020487257
0 -42029567072
0 -42038646887
0 -42047726702
0 -42056806517
0 -42065886332
0 -42074966147
0 -42084045962
0 -42093125777
0 -42102205592
0 -42111285407
0 -42120365222
0 -42129445037
0 -42138524852
0 -42147604667
0 -42156684482
0 -42165764297
0 -42174844112
0 -42183923927
0 -42193003742
0 -42202083557
0 -42211163372
0 -42220243187
0 -42229323002
0 -42238402817
0 -42247482632
0 -42256562447
0 -42265642262
0 -42274722077
0 -42283801892
0 -42292881707
0 -42301961522
0 -42311041337
0 -42320121152
0 -42329200967
0 -42338280782
0 -42347360597
0 -42356440412
0 -42365520227
0 -42374600042
0 -42383679857
0 -42392759672
0 -42401839487
0 -42410919302
0 -42419999117
0 -42429078932
0 -42438158747
0 -42447238562
0 -42456318377
0 -42465398192
0 -42474478007
0 -42483557822
0 -42492637637
0 -42501717452
0 -42510797267
0 -42519877082
0 -42528956897
0 -42538036712
0 -42547116527
0 -42556196342
0 -42565276157
0 -42574355972
0 -42583435787
0 -42592515602
0 -42601595417
0 -42610675232
0 -42619755047
0 -42628834862
0 -42637914677
0 -42646994492
0 -42656074307
0 -42665154122
0 -42674233937
0 -42683313752
0 -42692393567
0 -42701473382
0 -42710553197
0 -42719633012
0 -42728712827
0 -42737792642
0 -42746872457
0 -42755952272
0 -42765032087
0 -42774111902
0 -42783191717
0 -42792271532
0 -42801351347
0 -42810431162
0 -42819510977
0 -42828590792
0 -42837670607
0 -42846750422
0 -42855830237
0 -42864910052
0 -42873989867
0 -42883069682
0 -42892149497
0 -42901229312
0 -42910309127
0 -42919388942
0 -42928468757
0 -42937548572
0 -42946628387
0 -42955708202
0 -42964788017
0 -42973867832
0 -42982947647
0 -42992027462
0 -43001107277
0 -43010187092
0 -43019266907
0 -43028346722
0 -43037426537
0 -43046506352
0 -43055586167
0 -43064665982
0 -43073745797
0 -43082825612
0 -43091905427
0 -43100985242
0 -43110065057
0 -43119144872
0 -43128224687
0 -43137304502
0 -43146384317
0 -43155464132
0 -43164543947
0 -43173623762
0 -43182703577
0 -43191783392
0 -43200863207
0 -43209943022
0 -43219022837
0 -43228102652
0 -43237182467
0 -43246262282
0 -43255342097
0 -43264421912
0 -43273501727
0 -43282581542
0 -43291661357
0 -43300741172
0 -43309820987
0 -43318900802
0 -43327980617
0 -43337060432
0 -43346140247
0 -43355220062
0 -43364299877
0 -43373379692
0 -43382459507
0 -43391539322
0 -43400619137
0 -43409698952
0 -43418778767
0 -43427858582
0 -43436938397
0 -43446018212
0 -43455098027
0 -43464177842
0 -43473257657
0 -43482337472
0 -43491417287
0 -43500497102
0 -43509576917
0 -43518656732
0 -43527736547
0 -43536816362
0 -43545896177
0 -43554975992
0 -43564055807
0 -43573135622
0 -43582215437
0 -43591295252
0 -43600375067
0 -43609454882
0 -43618534697
0 -43627614512
0 -43636694327
0 -43645774142
0 -43654853957
0 -43663933772
0 -43673013587
0 -43682093402
0 -43691173217
0 -43700253032
0 -43709332847
0 -43718412662
0 -43727492477
0 -43736572292
0 -43745652107
0 -43754731922
0 -43763811737
0 -43772891552
0 -43781971367
0 -43791051182
0 -43800130997
0 -43809210812
0 -43818290627
0 -43827370442
0 -43836450257
0 -43845530072
0 -43854609887
0 -43863689702
0 -43872769517
0 -43881849332
0 -43890929147
0 -43900008962
0 -43909088777
0 -43918168592
0 -43927248407
0 -43936328222
0 -43945408037
0 -43954487852
0 -43963567667
0 -43972647482
0 -43981727297
0 -43990807112
0 -43999886927
0 -44008966742
0 -44018046557
0 -44027126372
0 -44036206187
0 -44045286002
0 -44054365817
0 -44063445632
0 -44072525447
0 -44081605262
0 -44090685077
0 -44099764892
0 -44108844707
0 -44117924522
0 -44127004337
0 -44136084152
0 -44145163967
0 -44154243782
0 -44163323597
0 -44172403412
0 -44181483227
0 -44190563042
0 -44199642857
0 -44208722672
0 -44217802487
0 -44226882302
0 -44235962117
0 -44245041932
0 -44254121747
0 -44263201562
0 -44272281377
0 -44281361192
0 -44290441007
0 -44299520822
0 -44308600637
0 -44317680452
0 -44326760267
0 -44335840082
0 -44344919897
0 -44353999712
0 -44363079527
0 -44372159342
0 -44381239157
0 -44390318972
0 -44399398787
0 -44408478602
0 -44417558417
0 -44426638232
0 -44435718047
0 -44444797862
0 -44453877677
0 -44462957492
0 -44472037307
0 -44481117122
0 -44490196937
0 -44499276752
0 -44508356567
0 -44517436382
0 -44526516197
0 -44535596012
0 -44544675827
0 -44553755642
0 -44562835457
0 -44571915272
0 -44580995087
0 -44590074902
0 -44599154717
0 -44608234532
0 -44617314347
0 -44626394162
0 -44635473977
0 -44644553792
0 -44653633607
0 -44662713422
0 -44671793237
0 -44680873052
0 -44689952867
0 -44699032682
0 -44708112497
0 -44717192312
0 -44726272127
0 -44735351942
0 -44744431757
0 -44753511572
0 -44762591387
0 -44771671202
0 -44780751017
0 -44789830832
0 -44798910647
0 -44807990462
0 -44817070277
0 -44826150092
0 -44835229907
0 -44844309722
0 -44853389537
0 -44862469352
0 -44871549167
0 -44880628982
0 -44889708797
0 -44898788612
0 -44907868427
0 -44916948242
0 -44926028057
0 -44935107872
0 -44944187687
0 -44953267502
0 -44962347317
0 -44971427132
0 -44980506947
0 -44989586762
0 -44998666577
0 -45007746392
0 -45016826207
0 -45025906022
0 -45034985837
0 -45044065652
0 -45053145467
0 -45062225282
0 -45071305097
0 -45080384912
0 -45089464727
0 -45098544542
0 -45107624357
0 -45116704172
0 -45125783987
0 -45134863802
0 -45143943617
0 -45153023432
0 -45162103247
0 -45171183062
0 -45180262877
0 -45189342692
0 -45198422507
0 -45207502322
0 -45216582137
0 -45225661952
0 -45234741767
0 -45243821582
0 -45252901397
0 -45261981212
0 -45271061027
0 -45280140842
0 -45289220657
0 -45298300472
0 -45307380287
0 -45316460102
0 -45325539917
0 -45334619732
0 -45343699547
0 -45352779362
0 -45361859177
0 -45370938992
0 -45380018807
0 -45389098622
0 -8533222
0 -17987804
0 -27442386
0 -36896968
0 -46351550
0 -55054951
0 -64385305
0 -73715659
0 -83046013
0 -92376367
0 -101706721
0 -111037075
0 -120367429
0 -129697783
0 -139028137
0 -148358491
0 -157688845
0 -166314268
0 -175605289
0 -184896310
0 -194187331
0 -203478352
0 -212769373
0 -222060394
0 -231351415
0 -240642436
0 -249933457
0 -259224478
0 -268515499
0 -277806520
0 -287097541
0 -296388562
0 -305679583
0 -314970604
0 -324261625
0 -333552646
0 -342843667
0 -352134688
0 -361425709
0 -370716730
0 -380007751
0 -389298772
0 -398589793
0 -407880814
0 -417171835
0 -426462856
0 -435753877
0 -445044898
0 -454335919
0 -463626940
0 -472917961
0 -482208982
0 -491500003
0 -500791024
0 -510082045
0 -519373066
0 -528664087
0 -537955108
0 -547246129
0 -556537150
0 -565828171
0 -575119192
0 -584410213
0 -593701234
0 -602992255
0 -612283276
0 -621574297
0 -630865318
0 -640156339
0 -649447360
0 -658738381
0 -668029402
0 -677320423
0 -686611444
0 -695902465
0 -705193486
0 -714484507
0 -723775528
0 -733066549
0 -742357570
0 -751648591
0 -760939612
0 -770230633
0 -779521654
0 -788812675
0 -798103696
0 -807394717
0 -816685738
0 -817280928
0 -826474222
0 -835667516
0 -842382314
0 -851548601
0 -860714888
0 -869881175
0 -879047462
0 -888213749
0 -897380036
0 -906546323
0 -915712610
0 -924878897
0 -934045184
0 -943211471
0 -952377758
0 -961544045
0 -970710332
0 -979876619
0 -989042906
0 -998209193
0 -1007375480
0 -1016541767
0 -1025708054
0 -1034874341
0 -1044040628
0 -1053206915
0 -1062373202
0 -1071539489
0 -1080705776
0 -1089872063
0 -1099038350
0 -1108204637
0 -1117370924
0 -1126537211
0 -1135703498
0 -1144869785
0 -1154036072
0 -1163202359
0 -1172368646
0 -1181534933
0 -1190701220
0 -1199867507
0 -1209033794
0 -1218200081
0 -1227366368
0 -1236532655
0 -1245698942
0 -1254865229
0 -1264031516
0 -1273197803
0 -1282364090
0 -1291530377
0 -1300696664
0 -1309862951
0 -1319029238
0 -1328195525
0 -1337361812
0 -1346528099
0 -1355694386
0 -1364860673
0 -1374026960
0 -1383193247
0 -1392359534
0 -1401525821
0 -1410692108
0 -1419858395
0 -1429024682
0 -1438190969
0 -1447357256
0 -1456523543
0 -1465689830
0 -1474856117
0 -1484022404
0 -1493188691
0 -1502354978
0 -1511521265
0 -1520687552
0 -1529853839
0 -1539020126
0 -1548186413
0 -1557352700
0 -1566518987
0 -1575685274
0 -1584851561
0 -1594017848
0 -1603184135
0 -1612350422
0 -1621516709
0 -1630682996
0 -1639849283
0 -1649015570
0 -1658181857
0 -1667348144
0 -1676514431
0 -1685680718
0 -1694847005
0 -1704013292
0 -1713179579
0 -1722345866
0 -1731512153
0 -1740678440
0 -1749844727
0 -1759011014
0 -1768177301
0 -1777343588
0 -1786509875
0 -1795676162
0 -1804842449
0 -1814008736
0 -1823175023
0 -1832341310
0 -1841507597
0 -1850673884
0 -1859840171
0 -1869006458
0 -1878172745
0 -1887339032
0 -1896505319
0 -1905671606
0 -1914837893
0 -1924004180
0 -1933170467
0 -1942336754
0 -1951503041
0 -1960669328
0 -1969835615
0 -1979001902
0 -1988168189
0 -1997334476
0 -2006500763
0 -2015667050
0 -2024833337
0 -2033999624
0 -2043165911
0 -2052332198
0 -2061498485
0 -2070664772
0 -2079831059
0 -2088997346
0 -2098163633
0 -2107329920
0 -2116496207
0 -2125662494
0 -2134828781
0 -2143995068
0 -2153161355
0 -2162327642
0 -2171493929
0 -2180660216
0 -2189826503
0 -2198992790
0 -2208159077
0 -2217325364
0 -2226491651
0 -2235657938
0 -2244824225
0 -2253990512
0 -2263156799
0 -2272323086
0 -2281489373
0 -2290655660
0 -2299821947
0 -2308988234
0 -2318154521
0 -2327320808
0 -2336487095
0 -2345653382
0 -2354819669
0 -2363985956
0 -2373152243
0 -2382318530
0 -2391484817
0 -2400651104
0 -2409817391
0 -2418983678
0 -2428149965
0 -2437316252
0 -2446482539
0 -2455648826
0 -2464815113
0 -2473981400
0 -2483147687
0 -2492313974
0 -2501480261
0 -2510646548
0 -2519812835
0 -2528979122
0 -2538145409
0 -2547311696
0 -2556477983
0 -2565644270
0 -2574810557
0 -2583976844
0 -2593143131
0 -2602309418
0 -2611475705
0 -2620641992
0 -2629808279
0 -2638974566
0 -2648140853
0 -2657307140
0 -2666473427
0 -2675639714
0 -2684806001
0 -2693972288
0 -2703138575
0 -2712304862
0 -2721471149
0 -2730637436
0 -2739803723
0 -2748970010
0 -2758136297
0 -2767302584
0 -2776468871
0 -2785635158
0 -2794801445
0 -2803967732
0 -2813134019
0 -2822300306
0 -2831466593
0 -2840632880
0 -2849799167
0 -2858965454
0 -2868131741
0 -2877298028
0 -2886464315
0 -2895630602
0 -2904796889
0 -2913963176
0 -2923129463
0 -2932295750
0 -2941462037
0 -2950628324
0 -2959794611
0 -2968960898
0 -2978127185
0 -2987293472
0 -2996459759
0 -3005626046
0 -3014792333
0 -3023958620
0 -3033124907
0 -3042291194
0 -3051457481
0 -3060623768
0 -3069790055
0 -3078956342
0 -3088122629
0 -3097288916
0 -3106455203
0 -3115621490
0 -3124787777
0 -3133954064
0 -3143120351
0 -3152286638
0 -3161452925
0 -3170619212
0 -3179785499
0 -3188951786
0 -3198118073
0 -3207284360
0 -3216450647
0 -3225616934
0 -3234783221
0 -3243949508
0 -3253115795
0 -3262282082
0 -3271448369
0 -3280614656
0 -3289780943
0 -3298947230
0 -3308113517
0 -3317279804
0 -3326446091
0 -3335612378
0 -3344778665
0 -3353944952
0 -3363111239
0 -3372277526
0 -3381443813
0 -3390610100
0 -3399776387
0 -3408942674
0 -3418108961
0 -3427275248
0 -3436441535
0 -3445607822
0 -3454774109
0 -3463940396
0 -3473106683
0 -3482272970
0 -3491439257
0 -3500605544
0 -3509771831
0 -3518938118
0 -3528104405
0 -3537270692
0 -3546436979
0 -3555603266
0 -3564769553
0 -3573935840
0 -3583102127
0 -3592268414
0 -3601434701
0 -3610600988
0 -3619767275
0 -3628933562
0 -3638099849
0 -3647266136
0 -3656432423
0 -3665598710
0 -3674764997
0 -3683931284
0 -3693097571
0 -3702263858
0 -3711430145
0 -3720596432
0 -3729762719
0 -3738929006
0 -3748095293
0 -3757261580
0 -3766427867
0 -3775594154
0 -3784760441
0 -3793926728
0 -3803093015
0 -3812259302
0 -3821425589
0 -3830591876
0 -3839758163
0 -3848924450
0 -3858090737
0 -3867257024
0 -3876423311
0 -3885589598
0 -3894755885
0 -3903922172
0 -3913088459
0 -3922254746
0 -3931421033
0 -3940587320
0 -3949753607
0 -3958919894
0 -3968086181
0 -3977252468
0 -3986418755
0 -3995585042
0 -4004751329
0 -4013917616
0 -4023083903
0 -4032250190
0 -4041416477
0 -4050582764
0 -4059749051
0 -4068915338
0 -4078081625
0 -4087247912
0 -4096414199
0 -4105580486
0 -4114746773
0 -4123913060
0 -4133079347
0 -4142245634
0 -4151411921
0 -4160578208
0 -4169744495
0 -4178910782
0 -4188077069
0 -4197243356
0 -4206409643
0 -4215575930
0 -4224742217
0 -4233908504
0 -4243074791
0 -4252241078
0 -4261407365
0 -4270573652
0 -4279739939
0 -4288906226
0 -4298072513
0 -4307238800
0 -4316405087
0 -4325571374
0 -4334737661
0 -4343903948
0 -4353070235
0 -4362236522
0 -4371402809
0 -4380569096
0 -4389735383
0 -4398901670
0 -4408067957
0 -4417234244
0 -4426400531
0 -4435566818
0 -4444733105
0 -4453899392
0 -4463065679
0 -4472231966
0 -4481398253
0 -4490564540
