0
0 -138430847
0 -278054960
0 -414561579
0 -552247531
0 -690837373
0 -829427215
0 -964422660
0 -1102505381
0 -1237326571
0 -1375044637
0 -1508932093
0 -1646298529
0 -1783664965
0 -1921001307
0 -2057482542
0 -2188092078
0 -2324979594
0 -2461867110
0 -2598754626
0 -2722245944
0 -2858465107
0 -2994684270
0 -3130903433
0 -3267122596
0 -3403341759
0 -3539560922
0 -3675780085
0 -3811999248
0 -3948218411
0 -4084437574
0 -4220656737
0 -4356875900
0 -4493095063
0 -4629314226
0 -4765533389
0 -4901752552
0 -5037971715
0 -5174190878
0 -5310410041
0 -5446629204
0 -5582848367
0 -5719067530
0 -5855286693
0 -5991505856
0 -6127725019
0 -6263944182
0 -6400163345
0 -6536382508
0 -6672601671
0 -6808820834
0 -6945039997
0 -7081259160
0 -7217478323
0 -7353697486
0 -7489916649
0 -7626135812
0 -7762354975
0 -7898574138
0 -8034793301
0 -8171012464
0 -8307231627
0 -8443450790
0 -8579669953
0 -8715889116
0 -8852108279
0 -8988327442
0 -9124546605
0 -9260765768
0 -9396984931
0 -9533204094
0 -9669423257
0 -9805642420
0 -9941861583
0 -10078080746
0 -10214299909
0 -10350519072
0 -10449993741
0 -10585735510
0 -10721477279
0 -10857219048
0 -10992960817
0 -11128702586
0 -11264444355
0 -11400186124
0 -11535927893
0 -11671669662
0 -11807411431
0 -11943153200
0 -12078894969
0 -12214636738
0 -12350378507
0 -12486120276
0 -12621862045
0 -12757603814
0 -12893345583
0 -13029087352
0 -13164829121
0 -13300570890
0 -13436312659
0 -13572054428
0 -13707796197
0 -13843537966
0 -13979279735
0 -14115021504
0 -14250763273
0 -14386505042
0 -14522246811
0 -14657988580
0 -14793730349
0 -14929472118
0 -15065213887
0 -15200955656
0 -15336697425
0 -15472439194
0 -15608180963
0 -15743922732
0 -15879664501
0 -16015406270
0 -16151148039
0 -16286889808
0 -16422631577
0 -16558373346
0 -16694115115
0 -16829856884
0 -16965598653
0 -17101340422
0 -17163021852
0 -17298180366
0 -17433338880
0 -17568497394
0 -17703655908
0 -17838814422
0 -17973972936
0 -18109131450
0 -18244289964
0 -18379448478
0 -18514606992
0 -18649765506
0 -18784924020
0 -18920082534
0 -19055241048
0 -19190399562
0 -19325558076
0 -19460716590
0 -19595875104
0 -19731033618
0 -19866192132
0 -20001350646
0 -20136509160
0 -20271667674
0 -20406826188
0 -20541984702
0 -20677143216
0 -20812301730
0 -20947460244
0 -21082618758
0 -21217777272
0 -21352935786
0 -21488094300
0 -21623252814
0 -21758411328
0 -21893569842
0 -22028728356
0 -22163886870
0 -22299045384
0 -22434203898
0 -22569362412
0 -22704520926
0 -22839679440
0 -22974837954
0 -23109996468
0 -23245154982
0 -23380313496
0 -23515472010
0 -23645044424
0 -23780170822
0 -23915297220
0 -24050423618
0 -24185550016
0 -24320676414
0 -24455802812
0 -24590929210
0 -24726055608
0 -24861182006
0 -24996308404
0 -25131434802
0 -25266561200
0 -25401687598
0 -25536813996
0 -25671940394
0 -25807066792
0 -25942193190
0 -26077319588
0 -26212445986
0 -26347572384
0 -26482698782
0 -26617825180
0 -26752951578
0 -26888077976
0 -27023204374
0 -27158330772
0 -27293457170
0 -27428583568
0 -27563709966
0 -27698836364
0 -27833962762
0 -27969089160
0 -28104215558
0 -28239341956
0 -28374468354
0 -28509594752
0 -28644721150
0 -28779847548
0 -28914973946
0 -29050100344
0 -29185226742
0 -29320353140
0 -29455479538
0 -29590605936
0 -29725732334
0 -29860858732
0 -29995985130
0 -30131111528
0 -30266237926
0 -30401364324
0 -30536490722
0 -30671617120
0 -30806743518
0 -30941869916
0 -31076996314
0 -31212122712
0 -31347249110
0 -31482375508
0 -31617501906
0 -31752628304
0 -31887754702
0 -32022881100
0 -32158007498
0 -32293133896
0 -32428260294
0 -32563386692
0 -32698513090
0 -32833639488
0 -32968765886
0 -33103892284
0 -33239018682
0 -33374145080
0 -33509271478
0 -33644397876
0 -33779524274
0 -33914650672
0 -34049777070
0 -34184903468
0 -34320029866
0 -34455156264
0 -34590282662
0 -34725409060
0 -34860535458
0 -34995661856
0 -35130788254
0 -35265914652
0 -35401041050
0 -35536167448
0 -35671293846
0 -35806420244
0 -35941546642
0 -36076673040
0 -36211799438
0 -36346925836
0 -36482052234
0 -36617178632
0 -36752305030
0 -36887431428
0 -37022557826
0 -37157684224
0 -37292810622
0 -37427937020
0 -37563063418
0 -37698189816
0 -37833316214
0 -37968442612
0 -38103569010
0 -38238695408
0 -38373821806
0 -38508948204
0 -38644074602
0 -38779201000
0 -38828573858
0 -38963402611
0 -39098231364
0 -39233060117
0 -39367888870
0 -39502717623
0 -39637546376
0 -39609293237
0 -39743569247
0 -39877845257
0 -40012121267
0 -40146397277
0 -40280673287
0 -40414949297
0 -40549225307
0 -40683501317
0 -40817777327
0 -40952053337
0 -41086329347
0 -41220605357
0 -41354881367
0 -41489157377
0 -41623433387
0 -41757709397
0 -41891985407
0 -42026261417
0 -42160537427
0 -42294813437
0 -42429089447
0 -42563365457
0 -42697641467
0 -42831917477
0 -42966193487
0 -43100469497
0 -43234745507
0 -43369021517
0 -43503297527
0 -43637573537
0 -43771849547
0 -43906125557
0 -44040401567
0 -44174677577
0 -44308953587
0 -44443229597
0 -44577505607
0 -44711781617
0 -44846057627
0 -44980333637
0 -45114609647
0 -45248885657
0 -45383161667
0 -45517437677
0 -45651713687
0 -45785989697
0 -45920265707
0 -46054541717
0 -46188817727
0 -46323093737
0 -46457369747
0 -46591645757
0 -46725921767
0 -46860197777
0 -46994473787
0 -47128749797
0 -47263025807
0 -47397301817
0 -47531577827
0 -47665853837
0 -47800129847
0 -47934405857
0 -48068681867
0 -48202957877
0 -48337233887
0 -48471509897
0 -48605785907
0 -48740061917
0 -48874337927
0 -49008613937
0 -49142889947
0 -49277165957
0 -49411441967
0 -49545717977
0 -49679993987
0 -49814269997
0 -49948546007
0 -50082822017
0 -50217098027
0 -50351374037
0 -50485650047
0 -50619926057
0 -50754202067
0 -50888478077
0 -51022754087
0 -51157030097
0 -51291306107
0 -51425582117
0 -51559858127
0 -51694134137
0 -51828410147
0 -51962686157
0 -52096962167
0 -52231238177
0 -52365514187
0 -52499790197
0 -52634066207
0 -52768342217
0 -52902618227
0 -53036894237
0 -53171170247
0 -53305446257
0 -53439722267
0 -53573998277
0 -53708274287
0 -53842550297
0 -53976826307
0 -54111102317
0 -54245378327
0 -54379654337
0 -54513930347
0 -54648206357
0 -54782482367
0 -54916758377
0 -55051034387
0 -55185310397
0 -55319586407
0 -55453862417
0 -55588138427
0 -55722414437
0 -55856690447
0 -55990966457
0 -56125242467
0 -56259518477
0 -56393794487
0 -56528070497
0 -56662346507
0 -56796622517
0 -56930898527
0 -57065174537
0 -57199450547
0 -57333726557
0 -57468002567
0 -57602278577
0 -57736554587
0 -57870830597
0 -58005106607
0 -58139382617
0 -58273658627
0 -58407934637
0 -58542210647
0 -58676486657
0 -58810762667
0 -58945038677
0 -59079314687
0 -59213590697
0 -59347866707
0 -59482142717
0 -59616418727
0 -59750694737
0 -59884970747
0 -60019246757
0 -60153522767
0 -60287798777
0 -60422074787
0 -60556350797
0 -60690626807
0 -60824902817
0 -60959178827
0 -61093454837
0 -61227730847
0 -61362006857
0 -61496282867
0 -61630558877
0 -61764834887
0 -61899110897
0 -62033386907
0 -62167662917
0 -62301938927
0 -62436214937
0 -62570490947
0 -62704766957
0 -62839042967
0 -62973318977
0 -63107594987
0 -63241870997
0 -63376147007
0 -63510423017
0 -63644699027
0 -63778975037
0 -63913251047
0 -64047527057
0 -64181803067
0 -64316079077
0 -64450355087
0 -64584631097
0 -64718907107
0 -64853183117
0 -64987459127
0 -65121735137
0 -65256011147
0 -65390287157
0 -65524563167
0 -65658839177
0 -65793115187
0 -65927391197
0 -66061667207
0 -66195943217
0 -66330219227
0 -66464495237
0 -66598771247
0 -66733047257
0 -66867323267
0 -67001599277
0 -67135875287
0 -67270151297
0 -67404427307
0 -67538703317
0 -67672979327
0 -67807255337
0 -67941531347
0 -68075807357
0 -68210083367
0 -68344359377
0 -68478635387
0 -68612911397
0 -68747187407
0 -68881463417
0 -69015739427
0 -69150015437
0 -69284291447
0 -69418567457
0 -69552843467
0 -69687119477
0 -69821395487
0 -69955671497
0 -70089947507
0 -70224223517
0 -70358499527
0 -70492775537
0 -70627051547
0 -70761327557
0 -70895603567
0 -71029879577
0 -71164155587
0 -71298431597
0 -71432707607
0 -71566983617
0 -71701259627
0 -71835535637
0 -71969811647
0 -72104087657
0 -72238363667
0 -72372639677
0 -72506915687
0 -72641191697
0 -72775467707
0 -72909743717
0 -73044019727
0 -73178295737
0 -73312571747
0 -73446847757
0 -73581123767
0 -73715399777
0 -73849675787
0 -73983951797
0 -74118227807
0 -74252503817
0 -74386779827
0 -74521055837
0 -74655331847
0 -74789607857
0 -74923883867
0 -75058159877
0 -75192435887
0 -75326711897
0 -75460987907
0 -75595263917
0 -75729539927
0 -75863815937
0 -75998091947
0 -76132367957
0 -76266643967
0 -76400919977
0 -76535195987
0 -76669471997
0 -76803748007
0 -76938024017
0 -77072300027
0 -77206576037
0 -77340852047
0 -77475128057
0 -77609404067
0 -77743680077
0 -77877956087
0 -78012232097
0 -78146508107
0 -78280784117
0 -78415060127
0 -78549336137
0 -78683612147
0 -78817888157
0 -78952164167
0 -79086440177
0 -79220716187
0 -79354992197
0 -79489268207
0 -79623544217
0 -79757820227
0 -79892096237
0 -80026372247
0 -80160648257
0 -80294924267
0 -80429200277
0 -80563476287
0 -80697752297
0 -80832028307
0 -80966304317
0 -81100580327
0 -81234856337
0 -81369132347
0 -81503408357
0 -81637684367
0 -81771960377
0 -81906236387
0 -82040512397
0 -82174788407
0 -82309064417
0 -82443340427
0 -82577616437
0 -82711892447
0 -82846168457
0 -82980444467
0 -83114720477
0 -83248996487
0 -83383272497
0 -83517548507
0 -82743824608
0 -82876643115
0 -83009461622
0 -83142280129
0 -83275098636
0 -83407917143
0 -83540735650
0 -83673554157
0 -83806372664
0 -83939191171
0 -84072009678
0 -84204828185
0 -84337646692
0 -84470465199
0 -84603283706
0 -84736102213
0 -84868920720
0 -85001739227
0 -85134557734
0 -85267376241
0 -85400194748
0 -85533013255
0 -85665831762
0 -85798650269
0 -85931468776
0 -86064287283
0 -86197105790
0 -86329924297
0 -86462742804
0 -86595561311
0 -86728379818
0 -86861198325
0 -86994016832
0 -87126835339
0 -87259653846
0 -87392472353
0 -87525290860
0 -87658109367
0 -87790927874
0 -87923746381
0 -88056564888
0 -88129221096
0 -88261948950
0 -88394676804
0 -88527404658
0 -88660132512
0 -88792860366
0 -88925588220
0 -89058316074
0 -89191043928
0 -89323771782
0 -89456499636
0 -89589227490
0 -89721955344
0 -89854683198
0 -89987411052
0 -90120138906
0 -90252866760
0 -90385594614
0 -90518322468
0 -90651050322
0 -90783778176
0 -90916506030
0 -91049233884
0 -91181961738
0 -91314689592
0 -91447417446
0 -91580145300
0 -91712873154
0 -91845601008
0 -91978328862
0 -92111056716
0 -92243784570
0 -92376512424
0 -92509240278
0 -92641968132
0 -92774695986
0 -92907423840
0 -93040151694
0 -93172879548
0 -93305607402
0 -93438335256
0 -93571063110
0 -93703790964
0 -93836518818
0 -93969246672
0 -94101974526
0 -94234702380
0 -94367430234
0 -94500158088
0 -94632885942
0 -94765613796
0 -94898341650
0 -95031069504
0 -95163797358
0 -95296525212
0 -95429253066
0 -95561980920
0 -95694708774
0 -95827436628
0 -95960164482
0 -96092892336
0 -96225620190
0 -96358348044
0 -96491075898
0 -96623803752
0 -96756531606
0 -96889259460
0 -97021987314
0 -97154715168
0 -97287443022
0 -97420170876
0 -97552898730
0 -97685626584
0 -97818354438
0 -97951082292
0 -98083810146
0 -98216538000
0 -98349265854
0 -98481993708
0 -98614721562
0 -98747449416
0 -98880177270
0 -99012905124
0 -99145632978
0 -99278360832
0 -99411088686
0 -99543816540
0 -99676544394
0 -99809272248
0 -99942000102
0 -100074727956
0 -100207455810
0 -100340183664
0 -100472911518
0 -100605639372
0 -100738367226
0 -100871095080
0 -101003822934
0 -101136550788
0 -101269278642
0 -101402006496
0 -101534734350
0 -101667462204
0 -101800190058
0 -101932917912
0 -102065645766
0 -102198373620
0 -102331101474
0 -102463829328
0 -102596557182
0 -102729285036
0 -102862012890
0 -102994740744
0 -103127468598
0 -103260196452
0 -103392924306
0 -103525652160
0 -103658380014
0 -103791107868
0 -103923835722
0 -104056563576
0 -104189291430
0 -104322019284
0 -104454747138
0 -104587474992
0 -104720202846
0 -104852930700
0 -104985658554
0 -105118386408
0 -105251114262
0 -105383842116
0 -105516569970
0 -105649297824
0 -105782025678
0 -105914753532
0 -106047481386
0 -106180209240
0 -106312937094
0 -106445664948
0 -106578392802
0 -106711120656
0 -106843848510
0 -106976576364
0 -107109304218
0 -107242032072
0 -107374759926
0 -107507487780
0 -107640215634
0 -107772943488
0 -107905671342
0 -108038399196
0 -108171127050
0 -108303854904
0 -108436582758
0 -108569310612
0 -108702038466
0 -108834766320
0 -108967494174
0 -109100222028
0 -109232949882
0 -109365677736
0 -109498405590
0 -109631133444
0 -109763861298
0 -109896589152
0 -110029317006
0 -110162044860
0 -110294772714
0 -110427500568
0 -110560228422
0 -110692956276
0 -110825684130
0 -110958411984
0 -111091139838
0 -111223867692
0 -111356595546
0 -111489323400
0 -111622051254
0 -111754779108
0 -111887506962
0 -112020234816
0 -112152962670
0 -112285690524
0 -112418418378
0 -112551146232
0 -112683874086
0 -112816601940
0 -112949329794
0 -113082057648
0 -113214785502
0 -113347513356
0 -113480241210
0 -113612969064
0 -113745696918
0 -113878424772
0 -114011152626
0 -114143880480
0 -114276608334
0 -114409336188
0 -114542064042
0 -114674791896
0 -114807519750
0 -114940247604
0 -115072975458
0 -115205703312
0 -115338431166
0 -115471159020
0 -115603886874
0 -115736614728
0 -115869342582
0 -116002070436
0 -116134798290
0 -116267526144
0 -116400253998
0 -116532981852
0 -116665709706
0 -116798437560
0 -116931165414
0 -117063893268
0 -117196621122
0 -117329348976
0 -117462076830
0 -117594804684
0 -117727532538
0 -117860260392
0 -117992988246
0 -118125716100
0 -118258443954
0 -118391171808
0 -118523899662
0 -118656627516
0 -118789355370
0 -118922083224
0 -119054811078
0 -119187538932
0 -119320266786
0 -119452994640
0 -119585722494
0 -119718450348
0 -119851178202
0 -119983906056
0 -120116633910
0 -120249361764
0 -120382089618
0 -120514817472
0 -120647545326
0 -120780273180
0 -120913001034
0 -121045728888
0 -121178456742
0 -121311184596
0 -121443912450
0 -121576640304
0 -121709368158
0 -121842096012
0 -121974823866
0 -122107551720
0 -122240279574
0 -122373007428
0 -122505735282
0 -122638463136
0 -122771190990
0 -122903918844
0 -123036646698
0 -123169374552
0 -123302102406
0 -123434830260
0 -123567558114
0 -123700285968
0 -123833013822
0 -123965741676
0 -124098469530
0 -124231197384
0 -124363925238
0 -124496653092
0 -124629380946
0 -124762108800
0 -124894836654
0 -125027564508
0 -125160292362
0 -125293020216
0 -125425748070
0 -125558475924
0 -125691203778
0 -125823931632
0 -125956659486
0 -126089387340
0 -126222115194
0 -126354843048
0 -126487570902
0 -126620298756
0 -126753026610
0 -126885754464
0 -127018482318
0 -127151210172
0 -127283938026
0 -127416665880
0 -127549393734
0 -127682121588
0 -127814849442
0 -127947577296
0 -128080305150
0 -128213033004
0 -128345760858
0 -128478488712
0 -128611216566
0 -128743944420
0 -128876672274
0 -129009400128
0 -129142127982
0 -129274855836
0 -129407583690
0 -129540311544
0 -129673039398
0 -129805767252
0 -129938495106
0 -130071222960
0 -130203950814
0 -130336678668
0 -130469406522
0 -130602134376
0 -130734862230
0 -130867590084
0 -131000317938
0 -131133045792
0 -131265773646
0 -131398501500
0 -131531229354
0 -131663957208
0 -131796685062
0 -131929412916
0 -132062140770
0 -132194868624
0 -132327596478
0 -132460324332
0 -132593052186
0 -132725780040
0 -132858507894
0 -132991235748
0 -133123963602
0 -133256691456
0 -133389419310
0 -133522147164
0 -133654875018
0 -133787602872
0 -133920330726
0 -134053058580
0 -134185786434
0 -134318514288
0 -134451242142
0 -134583969996
0 -134716697850
0 -134849425704
0 -134982153558
0 -135114881412
0 -135247609266
0 -135380337120
0 -135513064974
0 -135645792828
0 -135778520682
0 -135911248536
0 -136043976390
0 -136176704244
0 -136309432098
0 -136442159952
0 -136574887806
0 -136707615660
0 -136840343514
0 -136973071368
0 -137105799222
0 -137238527076
0 -137371254930
0 -137503982784
0 -137636710638
0 -137769438492
0 -137902166346
0 -138034894200
0 -138167622054
0 -138300349908
0 -138433077762
0 -138565805616
0 -138698533470
0 -138831261324
0 -138963989178
0 -139096717032
0 -139229444886
0 -139362172740
0 -139494900594
0 -139627628448
0 -139760356302
0 -139893084156
0 -140025812010
0 -140082926694
0 -140215582956
0 -140348239218
0 -140480895480
0 -140613551742
0 -140746208004
0 -140878864266
0 -141011520528
0 -141144176790
0 -141276833052
0 -141409489314
0 -141542145576
0 -141674801838
0 -141807458100
0 -141940114362
0 -142072770624
0 -142205426886
0 -142338083148
0 -142470739410
0 -142603395672
0 -142736051934
0 -142868708196
0 -143001364458
0 -143134020720
0 -143266676982
0 -143399333244
0 -143531989506
0 -143664645768
0 -143797302030
0 -143929958292
0 -144062614554
0 -144195270816
0 -144327927078
0 -144460583340
0 -144593239602
0 -144725895864
0 -144858552126
0 -144991208388
0 -145123864650
0 -145256520912
0 -145389177174
0 -145521833436
0 -145654489698
0 -145787145960
0 -145919802222
0 -146052458484
0 -146185114746
0 -146317771008
0 -146450427270
0 -146583083532
0 -146715739794
0 -146848396056
0 -146981052318
0 -147113708580
0 -147246364842
0 -147379021104
0 -147511677366
0 -147644333628
0 -147776989890
0 -147909646152
0 -148042302414
0 -148174958676
0 -148307614938
0 -148440271200
0 -148572927462
0 -148705583724
0 -148838239986
0 -148970896248
0 -149103552510
0 -149236208772
0 -149368865034
0 -149501521296
0 -149634177558
0 -149766833820
0 -149899490082
0 -150032146344
0 -150164802606
0 -150297458868
0 -150430115130
0 -150562771392
0 -150695427654
0 -150828083916
0 -150960740178
0 -151093396440
0 -151226052702
0 -151358708964
0 -151491365226
0 -151624021488
0 -151756677750
0 -151889334012
0 -152021990274
0 -152154646536
0 -152287302798
0 -152419959060
0 -152552615322
0 -152685271584
0 -152817927846
0 -152950584108
0 -153083240370
0 -153215896632
0 -153348552894
0 -153481209156
0 -153613865418
0 -153746521680
0 -153879177942
0 -154011834204
0 -154144490466
0 -154277146728
0 -154409802990
0 -154542459252
0 -154675115514
0 -154807771776
0 -154940428038
0 -155073084300
0 -155205740562
0 -155338396824
0 -155471053086
0 -155603709348
0 -155736365610
0 -155869021872
0 -156001678134
0 -156134334396
0 -156266990658
0 -156399646920
0 -156532303182
0 -156664959444
0 -156797615706
0 -156930271968
0 -157062928230
0 -157195584492
0 -157328240754
0 -157460897016
0 -157593553278
0 -157726209540
0 -157858865802
0 -157991522064
0 -158124178326
0 -158256834588
0 -158389490850
0 -158522147112
0 -158654803374
0 -158787459636
0 -158920115898
0 -159052772160
0 -159185428422
0 -159318084684
0 -159450740946
0 -159583397208
0 -159716053470
0 -159848709732
0 -159981365994
0 -160114022256
0 -160246678518
0 -160379334780
0 -160511991042
0 -160644647304
0 -160777303566
0 -160909959828
0 -161042616090
0 -161175272352
0 -161307928614
0 -161440584876
0 -161573241138
0 -161705897400
0 -161838553662
0 -161971209924
0 -162103866186
0 -162236522448
0 -162369178710
0 -162501834972
0 -162634491234
0 -162767147496
0 -162899803758
0 -163032460020
0 -163165116282
0 -163297772544
0 -163430428806
0 -163563085068
0 -163695741330
0 -163828397592
0 -163961053854
0 -164093710116
0 -164226366378
0 -164359022640
0 -164491678902
0 -164624335164
0 -164756991426
0 -164889647688
0 -165022303950
0 -165154960212
0 -165287616474
0 -165420272736
0 -165552928998
0 -165685585260
0 -165818241522
0 -165950897784
0 -166083554046
0 -166216210308
0 -166348866570
0 -166481522832
0 -166614179094
0 -166746835356
0 -166879491618
0 -167012147880
0 -167144804142
0 -167277460404
0 -167410116666
0 -167542772928
0 -167675429190
0 -167808085452
0 -167940741714
0 -168073397976
0 -168206054238
0 -168338710500
0 -168471366762
0 -168604023024
0 -168736679286
0 -168869335548
0 -169001991810
0 -169134648072
0 -169267304334
0 -169399960596
0 -169532616858
0 -169665273120
0 -169797929382
0 -169930585644
0 -170063241906
0 -170195898168
0 -170328554430
0 -170461210692
0 -170593866954
0 -170726523216
0 -170859179478
0 -170991835740
0 -171124492002
0 -171257148264
0 -171389804526
0 -171522460788
0 -171655117050
0 -171787773312
0 -171920429574
0 -172053085836
0 -172185742098
0 -172318398360
0 -172451054622
0 -172583710884
0 -172716367146
0 -172849023408
0 -172981679670
0 -173114335932
0 -173246992194
0 -173379648456
0 -173512304718
0 -173644960980
0 -173777617242
0 -173910273504
0 -174042929766
0 -174175586028
0 -174308242290
0 -174440898552
0 -174573554814
0 -174706211076
0 -174838867338
0 -174971523600
0 -175104179862
0 -175236836124
0 -175369492386
0 -175502148648
0 -175634804910
0 -175767461172
0 -175900117434
0 -176032773696
0 -176165429958
0 -176298086220
0 -176430742482
0 -176563398744
0 -176696055006
0 -176828711268
0 -176961367530
0 -177094023792
0 -177226680054
0 -177359336316
0 -177491992578
0 -177624648840
0 -177757305102
0 -177889961364
0 -178022617626
0 -178155273888
0 -178287930150
0 -178420586412
0 -178553242674
0 -178685898936
0 -178818555198
0 -178951211460
0 -179083867722
0 -179216523984
0 -179349180246
0 -179481836508
0 -179614492770
0 -179747149032
0 -179879805294
0 -180012461556
0 -180145117818
0 -180277774080
0 -180410430342
0 -180543086604
0 -180675742866
0 -180808399128
0 -180941055390
0 -181073711652
0 -181206367914
0 -181339024176
0 -181471680438
0 -181604336700
0 -181736992962
0 -181869649224
0 -182002305486
0 -182134961748
0 -182267618010
0 -182400274272
0 -182532930534
0 -182665586796
0 -182798243058
0 -182930899320
0 -183063555582
0 -183196211844
0 -183328868106
0 -183461524368
0 -183594180630
0 -183726836892
0 -183859493154
0 -183992149416
0 -184124805678
0 -184257461940
0 -184390118202
0 -184522774464
0 -184655430726
0 -184788086988
0 -184920743250
0 -185053399512
0 -185186055774
0 -185318712036
0 -185451368298
0 -185584024560
0 -185716680822
0 -185849337084
0 -185981993346
0 -186114649608
0 -186247305870
0 -186379962132
0 -186512618394
0 -186645274656
0 -186777930918
0 -186910587180
0 -187043243442
0 -187175899704
0 -187308555966
0 -187441212228
0 -187573868490
0 -187706524752
0 -187839181014
0 -187971837276
0 -188104493538
0 -188237149800
0 -188369806062
0 -188502462324
0 -188635118586
0 -188767774848
0 -188900431110
0 -189033087372
0 -189165743634
0 -189298399896
0 -189431056158
0 -189563712420
0 -189696368682
0 -189829024944
0 -189961681206
0 -190094337468
0 -190226993730
0 -190359649992
0 -190492306254
0 -190624962516
0 -190757618778
0 -190890275040
0 -191022931302
0 -191155587564
0 -191288243826
0 -191420900088
0 -191553556350
0 -191686212612
0 -191818868874
0 -191951525136
0 -192084181398
0 -192216837660
0 -192349493922
0 -192482150184
0 -192614806446
0 -192747462708
0 -192880118970
0 -193012775232
0 -193145431494
0 -193278087756
0 -193410744018
0 -193543400280
0 -193676056542
0 -193808712804
0 -193941369066
0 -194074025328
0 -194206681590
0 -194339337852
0 -194471994114
0 -194604650376
0 -194737306638
0 -194869962900
0 -195002619162
0 -195135275424
0 -195267931686
0 -195400587948
0 -195533244210
0 -195665900472
0 -195798556734
0 -195931212996
0 -196063869258
0 -196196525520
0 -196329181782
0 -196461838044
0 -196594494306
0 -196727150568
0 -196859806830
0 -196992463092
0 -197125119354
0 -197257775616
0 -197390431878
0 -197523088140
0 -197655744402
0 -197788400664
0 -197921056926
0 -198053713188
0 -198186369450
0 -198319025712
0 -198451681974
0 -198584338236
0 -198716994498
0 -198849650760
0 -198982307022
0 -199114963284
0 -199247619546
0 -199380275808
0 -199512932070
0 -199645588332
0 -199778244594
0 -199910900856
0 -200043557118
0 -200176213380
0 -200308869642
0 -200441525904
0 -200574182166
0 -200706838428
0 -200839494690
0 -200972150952
0 -201104807214
0 -201237463476
0 -201370119738
0 -201502776000
0 -201635432262
0 -201768088524
0 -201900744786
0 -202033401048
0 -202166057310
0 -202298713572
0 -202431369834
0 -202564026096
0 -202696682358
0 -202829338620
0 -202961994882
0 -203094651144
0 -203227307406
0 -203359963668
0 -203492619930
0 -203625276192
0 -203757932454
0 -203890588716
0 -204023244978
0 -204155901240
0 -204288557502
0 -204421213764
0 -204553870026
0 -204686526288
0 -204819182550
0 -204951838812
0 -205084495074
0 -205217151336
0 -205349807598
0 -205482463860
0 -205615120122
0 -205747776384
0 -205880432646
0 -206013088908
0 -206145745170
0 -206278401432
0 -206411057694
0 -206543713956
0 -206676370218
0 -206809026480
0 -206941682742
0 -207074339004
0 -207206995266
0 -207339651528
0 -207472307790
0 -207604964052
0 -207737620314
0 -207870276576
0 -208002932838
0 -208135589100
0 -208268245362
0 -208400901624
0 -208533557886
0 -208666214148
0 -208798870410
0 -208931526672
0 -209064182934
0 -209196839196
0 -209329495458
0 -209462151720
0 -209594807982
0 -209727464244
0 -209860120506
0 -209992776768
0 -210125433030
0 -210258089292
0 -210390745554
0 -210523401816
0 -210656058078
0 -210788714340
0 -210921370602
0 -211054026864
0 -211186683126
0 -211319339388
0 -211451995650
0 -211584651912
0 -211717308174
0 -211849964436
0 -211982620698
0 -212115276960
0 -212247933222
0 -212380589484
0 -212513245746
0 -212645902008
0 -212778558270
0 -212911214532
0 -213043870794
0 -213176527056
0 -213309183318
0 -213441839580
0 -213574495842
0 -213707152104
0 -213839808366
0 -213972464628
0 -214105120890
0 -214237777152
0 -214370433414
0 -214503089676
0 -214635745938
0 -214768402200
0 -214901058462
0 -215033714724
0 -215166370986
0 -215299027248
0 -215431683510
0 -215564339772
0 -215696996034
0 -215829652296
0 -215962308558
0 -216094964820
0 -216227621082
0 -216360277344
0 -216492933606
0 -216625589868
0 -216758246130
0 -216890902392
0 -217023558654
0 -217156214916
0 -217288871178
0 -217421527440
0 -217554183702
0 -217686839964
0 -217819496226
0 -217952152488
0 -218084808750
0 -218217465012
0 -218350121274
0 -218482777536
0 -218615433798
0 -218748090060
0 -218880746322
0 -219013402584
0 -219146058846
0 -219278715108
0 -219411371370
0 -219544027632
0 -219676683894
0 -219809340156
0 -219941996418
0 -220074652680
0 -220207308942
0 -220339965204
0 -220472621466
0 -220605277728
0 -220737933990
0 -220870590252
0 -221003246514
0 -221135902776
0 -221268559038
0 -221401215300
0 -221533871562
0 -221666527824
0 -221799184086
0 -221931840348
0 -222064496610
0 -222197152872
0 -222329809134
0 -222462465396
0 -222595121658
0 -222727777920
0 -222860434182
0 -222993090444
0 -223125746706
0 -223258402968
0 -223391059230
0 -223523715492
0 -223656371754
0 -223789028016
0 -223921684278
0 -224054340540
0 -224186996802
0 -224319653064
0 -224452309326
0 -224584965588
0 -224717621850
0 -224850278112
0 -224982934374
0 -225115590636
0 -225248246898
0 -225380903160
0 -225513559422
0 -225646215684
0 -225778871946
0 -225911528208
0 -226044184470
0 -225976740888
0 -226109279790
0 -226241818692
0 -226374357594
0 -226506896496
0 -226639435398
0 -226771974300
0 -226904513202
0 -227037052104
0 -227169591006
0 -227302129908
0 -227434668810
0 -227567207712
0 -227699746614
0 -227832285516
0 -227964824418
0 -228097363320
0 -228229902222
0 -228362441124
0 -228494980026
0 -228627518928
0 -228760057830
0 -228892596732
0 -229025135634
0 -229157674536
0 -229290213438
0 -229422752340
0 -229555291242
0 -229687830144
0 -229820369046
0 -229952907948
0 -230085446850
0 -230217985752
0 -230350524654
0 -230483063556
0 -230615602458
0 -230748141360
0 -230880680262
0 -231013219164
0 -231145758066
0 -231278296968
0 -231410835870
0 -231543374772
0 -231675913674
0 -231808452576
0 -231940991478
0 -232073530380
0 -232206069282
0 -232338608184
0 -232471147086
0 -232603685988
0 -232736224890
0 -232868763792
0 -233001302694
0 -233133841596
0 -233266380498
0 -233398919400
0 -233531458302
0 -233663997204
0 -233796536106
0 -233929075008
0 -234061613910
0 -234194152812
0 -234326691714
0 -234459230616
0 -234591769518
0 -234724308420
0 -234856847322
0 -234989386224
0 -235121925126
0 -235254464028
0 -235387002930
0 -235519541832
0 -235652080734
0 -235784619636
0 -235917158538
0 -236049697440
0 -236182236342
0 -236314775244
0 -236447314146
0 -236579853048
0 -236712391950
0 -236844930852
0 -236977469754
0 -237110008656
0 -237242547558
0 -237375086460
0 -237507625362
0 -237640164264
0 -237772703166
0 -237905242068
0 -238037780970
0 -238170319872
0 -238302858774
0 -238435397676
0 -238567936578
0 -238700475480
0 -238833014382
0 -238965553284
0 -239098092186
0 -239230631088
0 -239363169990
0 -239495708892
0 -239628247794
0 -239760786696
0 -239893325598
0 -240025864500
0 -240158403402
0 -240290942304
0 -240423481206
0 -240556020108
0 -240688559010
0 -240821097912
0 -240953636814
0 -241086175716
0 -241218714618
0 -241351253520
0 -241483792422
0 -241616331324
0 -241748870226
0 -241881409128
0 -242013948030
0 -242146486932
0 -242279025834
0 -242411564736
0 -242544103638
0 -242676642540
0 -242809181442
0 -242941720344
0 -243074259246
0 -243206798148
0 -243339337050
0 -243471875952
0 -243604414854
0 -243736953756
0 -243869492658
0 -244002031560
0 -244134570462
0 -244267109364
0 -244399648266
0 -244532187168
0 -244664726070
0 -244797264972
0 -244929803874
0 -245062342776
0 -245194881678
0 -245327420580
0 -245459959482
0 -245592498384
0 -245725037286
0 -245857576188
0 -245990115090
0 -246122653992
0 -246255192894
0 -246387731796
0 -246520270698
0 -246652809600
0 -246785348502
0 -246917887404
0 -247050426306
0 -247182965208
0 -247315504110
0 -247448043012
0 -247580581914
0 -247713120816
0 -247845659718
0 -247978198620
0 -248110737522
0 -248243276424
0 -248375815326
0 -248508354228
0 -248640893130
0 -248773432032
0 -248905970934
0 -249038509836
0 -249171048738
0 -249303587640
0 -249436126542
0 -249568665444
0 -249701204346
0 -249833743248
0 -249966282150
0 -250098821052
0 -250231359954
0 -250363898856
0 -250496437758
0 -250628976660
0 -250761515562
0 -250894054464
0 -251026593366
0 -251159132268
0 -251291671170
0 -251424210072
0 -251556748974
0 -251689287876
0 -251821826778
0 -251954365680
0 -252086904582
0 -252219443484
0 -252351982386
0 -252484521288
0 -252617060190
0 -252749599092
0 -252882137994
0 -253014676896
0 -253147215798
0 -253279754700
0 -253412293602
0 -253544832504
0 -253677371406
0 -253809910308
0 -253942449210
0 -254074988112
0 -254207527014
0 -254340065916
0 -254472604818
0 -254605143720
0 -254737682622
0 -254870221524
0 -255002760426
0 -255135299328
0 -255267838230
0 -255400377132
0 -255532916034
0 -255665454936
0 -255797993838
0 -255930532740
0 -256063071642
0 -256195610544
0 -256328149446
0 -256460688348
0 -256593227250
0 -256725766152
0 -256858305054
0 -256990843956
0 -257123382858
0 -257255921760
0 -257388460662
0 -257520999564
0 -257653538466
0 -257786077368
0 -257918616270
0 -258051155172
0 -258183694074
0 -258316232976
0 -258448771878
0 -258581310780
0 -258713849682
0 -258846388584
0 -258978927486
0 -259111466388
0 -259244005290
0 -259376544192
0 -259509083094
0 -259641621996
0 -259774160898
0 -259906699800
0 -260039238702
0 -260171777604
0 -260304316506
0 -260436855408
0 -260569394310
0 -260701933212
0 -260834472114
0 -260967011016
0 -261099549918
0 -261232088820
0 -261364627722
0 -261497166624
0 -261629705526
0 -261762244428
0 -261894783330
0 -262027322232
0 -262159861134
0 -262292400036
0 -262424938938
0 -262557477840
0 -262690016742
0 -262822555644
0 -262955094546
0 -263087633448
0 -263220172350
0 -263352711252
0 -263485250154
0 -263617789056
0 -263750327958
0 -263882866860
0 -264015405762
0 -264147944664
0 -264280483566
0 -264413022468
0 -264545561370
0 -264678100272
0 -264810639174
0 -264943178076
0 -265075716978
0 -265208255880
0 -265340794782
0 -265473333684
0 -265605872586
0 -265738411488
0 -265870950390
0 -266003489292
0 -266136028194
0 -266268567096
0 -266401105998
0 -266533644900
0 -266666183802
0 -266798722704
0 -266931261606
0 -267063800508
0 -267196339410
0 -267328878312
0 -267461417214
0 -267593956116
0 -267726495018
0 -267859033920
0 -267991572822
0 -268124111724
0 -268256650626
0 -268389189528
0 -268521728430
0 -268654267332
0 -268786806234
0 -268919345136
0 -269051884038
0 -269184422940
0 -269316961842
0 -269449500744
0 -269582039646
0 -269714578548
0 -269847117450
0 -269979656352
0 -270112195254
0 -270244734156
0 -270377273058
0 -270509811960
0 -270642350862
0 -270774889764
0 -270907428666
0 -271039967568
0 -271172506470
0 -271305045372
0 -271437584274
0 -271570123176
0 -271702662078
0 -271835200980
0 -271967739882
0 -272100278784
0 -272232817686
0 -272365356588
0 -272497895490
0 -272630434392
0 -272762973294
0 -272895512196
0 -273028051098
0 -273160590000
0 -273293128902
0 -273425667804
0 -273558206706
0 -273690745608
0 -273823284510
0 -273955823412
0 -274088362314
0 -274220901216
0 -274353440118
0 -274485979020
0 -274618517922
0 -274751056824
0 -274883595726
0 -275016134628
0 -275148673530
0 -275281212432
0 -275413751334
0 -275546290236
0 -275678829138
0 -275811368040
0 -275943906942
0 -276076445844
0 -276208984746
0 -276341523648
0 -276474062550
0 -276606601452
0 -276739140354
0 -276871679256
0 -277004218158
0 -277136757060
0 -277269295962
0 -277401834864
0 -277534373766
0 -277666912668
0 -277799451570
0 -277931990472
0 -278064529374
0 -278197068276
0 -278329607178
0 -278462146080
0 -278594684982
0 -278727223884
0 -278859762786
0 -278992301688
0 -279124840590
0 -279257379492
0 -279389918394
0 -279522457296
0 -279654996198
0 -279787535100
0 -279920074002
0 -280052612904
0 -280185151806
0 -280317690708
0 -280450229610
0 -280582768512
0 -280715307414
0 -280847846316
0 -280980385218
0 -281112924120
0 -281245463022
0 -281378001924
0 -281510540826
0 -281643079728
0 -281775618630
0 -281908157532
0 -282040696434
0 -282173235336
0 -282305774238
0 -282438313140
0 -282570852042
0 -282703390944
0 -282835929846
0 -282968468748
0 -283101007650
0 -283233546552
0 -283366085454
0 -283498624356
0 -283631163258
0 -283763702160
0 -283896241062
0 -284028779964
0 -284161318866
0 -284293857768
0 -284426396670
0 -284558935572
0 -284691474474
0 -284824013376
0 -284956552278
0 -285089091180
0 -285221630082
0 -285354168984
0 -285486707886
0 -285619246788
0 -285751785690
0 -285884324592
0 -286016863494
0 -286149402396
0 -286281941298
0 -286414480200
0 -286547019102
0 -286679558004
0 -286812096906
0 -286944635808
0 -287077174710
0 -287209713612
0 -287342252514
0 -287474791416
0 -287607330318
0 -287739869220
0 -287872408122
0 -288004947024
0 -288137485926
0 -288270024828
0 -288402563730
0 -288535102632
0 -288667641534
0 -288800180436
0 -288932719338
0 -289065258240
0 -289197797142
0 -289330336044
0 -289462874946
0 -289595413848
0 -289727952750
0 -289860491652
0 -289993030554
0 -290125569456
0 -290258108358
0 -290390647260
0 -290523186162
0 -290655725064
0 -290788263966
0 -290920802868
0 -291053341770
0 -291185880672
0 -291318419574
0 -291450958476
0 -291583497378
0 -291716036280
0 -291848575182
0 -291981114084
0 -292113652986
0 -292246191888
0 -292378730790
0 -292511269692
0 -292643808594
0 -292776347496
0 -292908886398
0 -293041425300
0 -293173964202
0 -293306503104
0 -293439042006
0 -293571580908
0 -293704119810
0 -293836658712
0 -293969197614
0 -294101736516
0 -294234275418
0 -294366814320
0 -294499353222
0 -294631892124
0 -294764431026
0 -294896969928
0 -295029508830
0 -295162047732
0 -295294586634
0 -295427125536
0 -295559664438
0 -295692203340
0 -295824742242
0 -295957281144
0 -296089820046
0 -296222358948
0 -296354897850
0 -296487436752
0 -296619975654
0 -296752514556
0 -296885053458
0 -297017592360
0 -297150131262
0 -297282670164
0 -297415209066
0 -297547747968
0 -297680286870
0 -297812825772
0 -297945364674
0 -298077903576
0 -298210442478
0 -298342981380
0 -298475520282
0 -298608059184
0 -298740598086
0 -298873136988
0 -299005675890
0 -299138214792
0 -299270753694
0 -299403292596
0 -299535831498
0 -299668370400
0 -299800909302
0 -299933448204
0 -300065987106
0 -300198526008
0 -300331064910
0 -300463603812
0 -300596142714
0 -300728681616
0 -300861220518
0 -300993759420
0 -301126298322
0 -301258837224
0 -301391376126
0 -301523915028
0 -301656453930
0 -301788992832
0 -301921531734
0 -302054070636
0 -302186609538
0 -302319148440
0 -302451687342
0 -302584226244
0 -302716765146
0 -302849304048
0 -302981842950
0 -303114381852
0 -303246920754
0 -303379459656
0 -303511998558
0 -303644537460
0 -303777076362
0 -303909615264
0 -304042154166
0 -304174693068
0 -304307231970
0 -304439770872
0 -304572309774
0 -304704848676
0 -304837387578
0 -304969926480
0 -305102465382
0 -305235004284
0 -305367543186
0 -305500082088
0 -305632620990
0 -305765159892
0 -305897698794
0 -306030237696
0 -306162776598
0 -306295315500
0 -306427854402
0 -306560393304
0 -306692932206
0 -306825471108
0 -306958010010
0 -307090548912
0 -307223087814
0 -307355626716
0 -307488165618
0 -307620704520
0 -307753243422
0 -307885782324
0 -308018321226
0 -308150860128
0 -308283399030
0 -308415937932
0 -308548476834
0 -308681015736
0 -308813554638
0 -308946093540
0 -309078632442
0 -309211171344
0 -309343710246
0 -309476249148
0 -309608788050
0 -309741326952
0 -309873865854
0 -310006404756
0 -310138943658
0 -310271482560
0 -310404021462
0 -310536560364
0 -310669099266
0 -310801638168
0 -310934177070
0 -311066715972
0 -311199254874
0 -311331793776
0 -311464332678
0 -311596871580
0 -311729410482
0 -311861949384
0 -311994488286
0 -312127027188
0 -312259566090
0 -312392104992
0 -312524643894
0 -312657182796
0 -312789721698
0 -312922260600
0 -313054799502
0 -313187338404
0 -313319877306
0 -313452416208
0 -313584955110
0 -313717494012
0 -313850032914
0 -313982571816
0 -314115110718
0 -314247649620
0 -314380188522
0 -314512727424
0 -314645266326
0 -314777805228
0 -314910344130
0 -315042883032
0 -315175421934
0 -315307960836
0 -315440499738
0 -315573038640
0 -315705577542
0 -315838116444
0 -315970655346
0 -316103194248
0 -316235733150
0 -316368272052
0 -316500810954
0 -316633349856
0 -316765888758
0 -316898427660
0 -317030966562
0 -317163505464
0 -317296044366
0 -317428583268
0 -317561122170
0 -317693661072
0 -317826199974
0 -317958738876
0 -318091277778
0 -318223816680
0 -318356355582
0 -318488894484
0 -318621433386
0 -318753972288
0 -318886511190
0 -319019050092
0 -319151588994
0 -319284127896
0 -319416666798
0 -319549205700
0 -319681744602
0 -319814283504
0 -319946822406
0 -320079361308
0 -320211900210
0 -320344439112
0 -320476978014
0 -320609516916
0 -320742055818
0 -320874594720
0 -321007133622
0 -321139672524
0 -321272211426
0 -321404750328
0 -321537289230
0 -321669828132
0 -321802367034
0 -321934905936
0 -322067444838
0 -322199983740
0 -322332522642
0 -322465061544
0 -322597600446
0 -322730139348
0 -322862678250
0 -322995217152
0 -323127756054
0 -323260294956
0 -323392833858
0 -323525372760
0 -323657911662
0 -323790450564
0 -323922989466
0 -324055528368
0 -324188067270
0 -324320606172
0 -324453145074
0 -324585683976
0 -324718222878
0 -324850761780
0 -324983300682
0 -325115839584
0 -325248378486
0 -325380917388
0 -325513456290
0 -325645995192
0 -325778534094
0 -325911072996
0 -326043611898
0 -326176150800
0 -326308689702
0 -326441228604
0 -326573767506
0 -326706306408
0 -326838845310
