0
0 -76514258
0 -153132053
0 -228071978
0 -302736618
0 -378799961
0 -452597655
0 -528279840
0 -603962025
0 -679644210
0 -755326395
0 -828853600
0 -904340193
0 -976188494
0 -1051391474
0 -1113203074
0 -1187513183
0 -1261823292
0 -1336133401
0 -1410443510
0 -1484753619
0 -1559063728
0 -1633373837
0 -1707683946
0 -1781994055
0 -1856304164
0 -1930614273
0 -2004924382
0 -2079234491
0 -2153544600
0 -2227854709
0 -2302164818
0 -2376474927
0 -2450785036
0 -2525095145
0 -2599405254
0 -2673715363
0 -2748025472
0 -2822335581
0 -2896645690
0 -2970955799
0 -3045265908
0 -3119576017
0 -3193886126
0 -3268196235
0 -3342506344
0 -3416816453
0 -3491126562
0 -3565436671
0 -3639746780
0 -3714056889
0 -3788366998
0 -3862677107
0 -3936987216
0 -4011297325
0 -4085607434
0 -4159917543
0 -4234227652
0 -4308537761
0 -4382847870
0 -4457157979
0 -4531468088
0 -4605778197
0 -4680088306
0 -4754398415
0 -4828708524
0 -4903018633
0 -4977328742
0 -5051638851
0 -5125948960
0 -5200259069
0 -5274569178
0 -5348879287
0 -5423189396
0 -5497499505
0 -5571809614
0 -5646119723
0 -5720429832
0 -5794739941
0 -5869050050
0 -5943360159
0 -6017670268
0 -6091980377
0 -6166290486
0 -6240600595
0 -6314910704
0 -6389220813
0 -6463530922
0 -6537841031
0 -6612151140
0 -6686461249
0 -6760771358
0 -6835081467
0 -6909391576
0 -6983701685
0 -7058011794
0 -7132321903
0 -7206632012
0 -7280942121
0 -7355252230
0 -7429562339
0 -7503872448
0 -7578182557
0 -7652492666
0 -7726802775
0 -7801112884
0 -7875422993
0 -7949733102
0 -8024043211
0 -8098353320
0 -8172663429
0 -8246973538
0 -8321283647
0 -8395593756
0 -8469903865
0 -8544213974
0 -8618524083
0 -8692834192
0 -8767144301
0 -8841454410
0 -8915764519
0 -8990074628
0 -9064384737
0 -9138694846
0 -9213004955
0 -9287315064
0 -9361625173
0 -9435935282
0 -9510245391
0 -9584555500
0 -9658865609
0 -9733175718
0 -9807485827
0 -9881795936
0 -9956106045
0 -10030416154
0 -10104726263
0 -10179036372
0 -10253346481
0 -10327656590
0 -10401966699
0 -10476276808
0 -10550586917
0 -10624897026
0 -10699207135
0 -10773517244
0 -10847827353
0 -10922137462
0 -10996447571
0 -11070757680
0 -11145067789
0 -11219377898
0 -11293688007
0 -11367998116
0 -11442308225
0 -11516618334
0 -11590928443
0 -11665238552
0 -11739548661
0 -11813858770
0 -11888168879
0 -11962478988
0 -12036789097
0 -12111099206
0 -12185409315
0 -12259719424
0 -12334029533
0 -12408339642
0 -12482649751
0 -12556959860
0 -12631269969
0 -12705580078
0 -12779890187
0 -12854200296
0 -12928510405
0 -13002820514
0 -13077130623
0 -13151440732
0 -13147154115
0 -13221022649
0 -13294891183
0 -13368759717
0 -13442628251
0 -13516496785
0 -13590365319
0 -13664233853
0 -13738102387
0 -13811970921
0 -13885839455
0 -13959707989
0 -14033576523
0 -14107445057
0 -14181313591
0 -14255182125
0 -14329050659
0 -14402919193
0 -14476787727
0 -14550656261
0 -14624524795
0 -14698393329
0 -14772261863
0 -14846130397
0 -14919998931
0 -14993867465
0 -15067735999
0 -15141604533
0 -15215473067
0 -15289341601
0 -15363210135
0 -15437078669
0 -15510947203
0 -15584815737
0 -15658684271
0 -15732552805
0 -15806421339
0 -15880289873
0 -15954158407
0 -16028026941
0 -16101895475
0 -16175764009
0 -16249632543
0 -16323501077
0 -16397369611
0 -16471238145
0 -16545106679
0 -16618975213
0 -16692843747
0 -16766712281
0 -16840580815
0 -16914449349
0 -16988317883
0 -17062186417
0 -17136054951
0 -17209923485
0 -17283792019
0 -17357660553
0 -17431529087
0 -17505397621
0 -17579266155
0 -17653134689
0 -17727003223
0 -17800871757
0 -17874740291
0 -17948608825
0 -18022477359
0 -18096345893
0 -18170214427
0 -18244082961
0 -18317951495
0 -18391820029
0 -18465688563
0 -18539557097
0 -18613425631
0 -18687294165
0 -18761162699
0 -18835031233
0 -18908899767
0 -18982768301
0 -19056636835
0 -19130505369
0 -19204373903
0 -19278242437
0 -19352110971
0 -19425979505
0 -19499848039
0 -19573716573
0 -19647585107
0 -19721453641
0 -19795322175
0 -19869190709
0 -19943059243
0 -20016927777
0 -20090796311
0 -20164664845
0 -20238533379
0 -20312401913
0 -20386270447
0 -20460138981
0 -20534007515
0 -20607876049
0 -20681744583
0 -20755613117
0 -20829481651
0 -20903350185
0 -20977218719
0 -21051087253
0 -21124955787
0 -21198824321
0 -21272692855
0 -21346561389
0 -21420429923
0 -21494298457
0 -21568166991
0 -21642035525
0 -21715904059
0 -21789772593
0 -21863641127
0 -21937509661
0 -22011378195
0 -22085246729
0 -22159115263
0 -22232983797
0 -22306852331
0 -22380720865
0 -22454589399
0 -22528457933
0 -22602326467
0 -22676195001
0 -22750063535
0 -22823932069
0 -22897800603
0 -22971669137
0 -23045537671
0 -23119406205
0 -23193274739
0 -23267143273
0 -23341011807
0 -23414880341
0 -23488748875
0 -23562617409
0 -23636485943
0 -23710354477
0 -23784223011
0 -23858091545
0 -23931960079
0 -24005828613
0 -24079697147
0 -24153565681
0 -24227434215
0 -24301302749
0 -24375171283
0 -24449039817
0 -24522908351
0 -24596776885
0 -24670645419
0 -24744513953
0 -24818382487
0 -24892251021
0 -24966119555
0 -25039988089
0 -25113856623
0 -25187725157
0 -25261593691
0 -25335462225
0 -25409330759
0 -25483199293
0 -25557067827
0 -25630936361
0 -25704804895
0 -25778673429
0 -25852541963
0 -25926410497
0 -26000279031
0 -26074147565
0 -26148016099
0 -26221884633
0 -26295753167
0 -26369621701
0 -26443490235
0 -26517358769
0 -26591227303
0 -26665095837
0 -26738964371
0 -26812832905
0 -26886701439
0 -26960569973
0 -27034438507
0 -27108307041
0 -27182175575
0 -27256044109
0 -27329912643
0 -27403781177
0 -27477649711
0 -27551518245
0 -27625386779
0 -27699255313
0 -27773123847
0 -27846992381
0 -27920860915
0 -27994729449
0 -28068597983
0 -28142466517
0 -28216335051
0 -28290203585
0 -28364072119
0 -28437940653
0 -28511809187
0 -28585677721
0 -28659546255
0 -28733414789
0 -28807283323
0 -28881151857
0 -28955020391
0 -29028888925
0 -29102757459
0 -29176625993
0 -29250494527
0 -29324363061
0 -29398231595
0 -29472100129
0 -29545968663
0 -29619837197
0 -29693705731
0 -29767574265
0 -29841442799
0 -29915311333
0 -29989179867
0 -30063048401
0 -30136916935
0 -30210785469
0 -30284654003
0 -30358522537
0 -30432391071
0 -30506259605
0 -30580128139
0 -30653996673
0 -30727865207
0 -30801733741
0 -30875602275
0 -30949470809
0 -31023339343
0 -31097207877
0 -31171076411
0 -31244944945
0 -31318813479
0 -31392682013
0 -31466550547
0 -31540419081
0 -31614287615
0 -31688156149
0 -31762024683
0 -31835893217
0 -31909761751
0 -31983630285
0 -32057498819
0 -32131367353
0 -32205235887
0 -32279104421
0 -32352972955
0 -32423434014
0 -32497294787
0 -32571155560
0 -32645016333
0 -32718877106
0 -32792737879
0 -32866598652
0 -32940459425
0 -33014320198
0 -33088180971
0 -33162041744
0 -33235902517
0 -33309763290
0 -33383624063
0 -33457484836
0 -33531345609
0 -33605206382
0 -33679067155
0 -33752927928
0 -33826788701
0 -33900649474
0 -33974510247
0 -34048371020
0 -34122231793
0 -34196092566
0 -34269953339
0 -34343814112
0 -34417674885
0 -34491535658
0 -34565396431
0 -34639257204
0 -34713117977
0 -34786978750
0 -34860839523
0 -34934700296
0 -35008561069
0 -35082421842
0 -35156282615
0 -35230143388
0 -35304004161
0 -35377864934
0 -35451725707
0 -35525586480
0 -35599447253
0 -35673308026
0 -35747168799
0 -35821029572
0 -35894890345
0 -35968751118
0 -36042611891
0 -36116472664
0 -36190333437
0 -36264194210
0 -36338054983
0 -36411915756
0 -36485776529
0 -36559637302
0 -36633498075
0 -36707358848
0 -36781219621
0 -36855080394
0 -36928941167
0 -37002801940
0 -37076662713
0 -37150523486
0 -37224384259
0 -37298245032
0 -37372105805
0 -37445966578
0 -37519827351
0 -37593688124
0 -37667548897
0 -37741409670
0 -37815270443
0 -37889131216
0 -37962991989
0 -38036852762
0 -38110713535
0 -38184574308
0 -38258435081
0 -38332295854
0 -38406156627
0 -38480017400
0 -38553878173
0 -38627738946
0 -38701599719
0 -38775460492
0 -38849321265
0 -38923182038
0 -38997042811
0 -39070903584
0 -39144764357
0 -39218625130
0 -39292485903
0 -39366346676
0 -39440207449
0 -39514068222
0 -39587928995
0 -39661789768
0 -39735650541
0 -39809511314
0 -39883372087
0 -39957232860
0 -40031093633
0 -40104954406
0 -40178815179
0 -40252675952
0 -40326536725
0 -40400397498
0 -40474258271
0 -40548119044
0 -40621979817
0 -40695840590
0 -40769701363
0 -40843562136
0 -40917422909
0 -40991283682
0 -41065144455
0 -41139005228
0 -41212866001
0 -41286726774
0 -41360587547
0 -41434448320
0 -41508309093
0 -41582169866
0 -41656030639
0 -41729891412
0 -41803752185
0 -41877612958
0 -41951473731
0 -42025334504
0 -42099195277
0 -42173056050
0 -42246916823
0 -42320777596
0 -42394638369
0 -42468499142
0 -42542359915
0 -42616220688
0 -42690081461
0 -42763942234
0 -42837803007
0 -42911663780
0 -42985524553
0 -43059385326
0 -43133246099
0 -43207106872
0 -43280967645
0 -43354828418
0 -43428689191
0 -43502549964
0 -43576410737
0 -43650271510
0 -43724132283
0 -43797993056
0 -43871853829
0 -43945714602
0 -44019575375
0 -43991876756
0 -44065567390
0 -44139258024
0 -44212948658
0 -44286639292
0 -44360329926
0 -44434020560
0 -44507711194
0 -44581401828
0 -44655092462
0 -44728783096
0 -44802473730
0 -44876164364
0 -44949854998
0 -45023545632
0 -45097236266
0 -45170926900
0 -45244617534
0 -45318308168
0 -45391998802
0 -45465689436
0 -45539380070
0 -45613070704
0 -45686761338
0 -45760451972
0 -45834142606
0 -45907833240
0 -45981523874
0 -46055214508
0 -46128905142
0 -46202595776
0 -46276286410
0 -46349977044
0 -46423667678
0 -46497358312
0 -46571048946
0 -46644739580
0 -46718430214
0 -46792120848
0 -46865811482
0 -46939502116
0 -47013192750
0 -47086883384
0 -47160574018
0 -47234264652
0 -47307955286
0 -47381645920
0 -47455336554
0 -47529027188
0 -47602717822
0 -47676408456
0 -47750099090
0 -47823789724
0 -47897480358
0 -47971170992
0 -48044861626
0 -48118552260
0 -48192242894
0 -48265933528
0 -48339624162
0 -48413314796
0 -48487005430
0 -48560696064
0 -48634386698
0 -48708077332
0 -48781767966
0 -48855458600
0 -48929149234
0 -49002839868
0 -49076530502
0 -49150221136
0 -49223911770
0 -49297602404
0 -49371293038
0 -49444983672
0 -49518674306
0 -49592364940
0 -49666055574
0 -49739746208
0 -49813436842
0 -49887127476
0 -49960818110
0 -50034508744
0 -50108199378
0 -50181890012
0 -50255580646
0 -50329271280
0 -50402961914
0 -50476652548
0 -50550343182
0 -50624033816
0 -50697724450
0 -50771415084
0 -50845105718
0 -50918796352
0 -50992486986
0 -51066177620
0 -51139868254
0 -51213558888
0 -51287249522
0 -51360940156
0 -51434630790
0 -51508321424
0 -51582012058
0 -51655702692
0 -51729393326
0 -51803083960
0 -51876774594
0 -51950465228
0 -52024155862
0 -52097846496
0 -52171537130
0 -52245227764
0 -52318918398
0 -52392609032
0 -52466299666
0 -52539990300
0 -52613680934
0 -52687371568
0 -52761062202
0 -52834752836
0 -52908443470
0 -52982134104
0 -53055824738
0 -53129515372
0 -53203206006
0 -53276896640
0 -53350587274
0 -53424277908
0 -53497968542
0 -53571659176
0 -53645349810
0 -53719040444
0 -53792731078
0 -53866421712
0 -53940112346
0 -54013802980
0 -54087493614
0 -54161184248
0 -54234874882
0 -54308565516
0 -54382256150
0 -54455946784
0 -54529637418
0 -54603328052
0 -54677018686
0 -54750709320
0 -54824399954
0 -54898090588
0 -54971781222
0 -55045471856
0 -55119162490
0 -55192853124
0 -55266543758
0 -55340234392
0 -55413925026
0 -55487615660
0 -55561306294
0 -55634996928
0 -55708687562
0 -55782378196
0 -55856068830
0 -55929759464
0 -56003450098
0 -56077140732
0 -56150831366
0 -56224522000
0 -56298212634
0 -56371903268
0 -56445593902
0 -56519284536
0 -56592975170
0 -56666665804
0 -56740356438
0 -56814047072
0 -56887737706
0 -56961428340
0 -57035118974
0 -57108809608
0 -57182500242
0 -57256190876
0 -57329881510
0 -57403572144
0 -57477262778
0 -57550953412
0 -57624644046
0 -57698334680
0 -57772025314
0 -57845715948
0 -57919406582
0 -57993097216
0 -58066787850
0 -58140478484
0 -58214169118
0 -58287859752
0 -58361550386
0 -58435241020
0 -58508931654
0 -58582622288
0 -58656312922
0 -58708468631
0 -58782132265
0 -58855795899
0 -58929459533
0 -59003123167
0 -59076786801
0 -59150450435
0 -59224114069
0 -59297777703
0 -59371441337
0 -59445104971
0 -59518768605
0 -59592432239
0 -59666095873
0 -59739759507
0 -59813423141
0 -59887086775
0 -59960750409
0 -60034414043
0 -60108077677
0 -60181741311
0 -60255404945
0 -60329068579
0 -60402732213
0 -60476395847
0 -60550059481
0 -60623723115
0 -60697386749
0 -60771050383
0 -60844714017
0 -60918377651
0 -60992041285
0 -61065704919
0 -61139368553
0 -61213032187
0 -61286695821
0 -61360359455
0 -61434023089
0 -61507686723
0 -61581350357
0 -61655013991
0 -61728677625
0 -61802341259
0 -61876004893
0 -61949668527
0 -62023332161
0 -62096995795
0 -62170659429
0 -62244323063
0 -62317986697
0 -62391650331
0 -62465313965
0 -62538977599
0 -62612641233
0 -62686304867
0 -62759968501
0 -62833632135
0 -62907295769
0 -62980959403
0 -63054623037
0 -63128286671
0 -63201950305
0 -63275613939
0 -63349277573
0 -63422941207
0 -63496604841
0 -63570268475
0 -63643932109
0 -63717595743
0 -63791259377
0 -63864923011
0 -63938586645
0 -64012250279
0 -64085913913
0 -64159577547
0 -64233241181
0 -64306904815
0 -64380568449
0 -64454232083
0 -64527895717
0 -64601559351
0 -64675222985
0 -64748886619
0 -64822550253
0 -64896213887
0 -64969877521
0 -65043541155
0 -65117204789
0 -65190868423
0 -65264532057
0 -65338195691
0 -65411859325
0 -65485522959
0 -65559186593
0 -65632850227
0 -65706513861
0 -65780177495
0 -65853841129
0 -65927504763
0 -66001168397
0 -66074832031
0 -66148495665
0 -66222159299
0 -66295822933
0 -66369486567
0 -66443150201
0 -66516813835
0 -66590477469
0 -66664141103
0 -66737804737
0 -66811468371
0 -66885132005
0 -66958795639
0 -67032459273
0 -67106122907
0 -67179786541
0 -67253450175
0 -67327113809
0 -67400777443
0 -67474441077
0 -67548104711
0 -67621768345
0 -67695431979
0 -67769095613
0 -67842759247
0 -67916422881
0 -67990086515
0 -68063750149
0 -68137413783
0 -68211077417
0 -68284741051
0 -68358404685
0 -68432068319
0 -68505731953
0 -68579395587
0 -68653059221
0 -68726722855
0 -68800386489
0 -68874050123
0 -68947713757
0 -69021377391
0 -69095041025
0 -69168704659
0 -69242368293
0 -69316031927
0 -69389695561
0 -69463359195
0 -69537022829
0 -69610686463
0 -69684350097
0 -69758013731
0 -69831677365
0 -69905340999
0 -69979004633
0 -70052668267
0 -70126331901
0 -70199995535
0 -70273659169
0 -70347322803
0 -70420986437
0 -70494650071
0 -70568313705
0 -70641977339
0 -70715640973
0 -70789304607
0 -70862968241
0 -70936631875
0 -71010295509
0 -71083959143
0 -71157622777
0 -71231286411
0 -71304950045
0 -71378613679
0 -71452277313
0 -71525940947
0 -71599604581
0 -71673268215
0 -71746931849
0 -71820595483
0 -71894259117
0 -71967922751
0 -72041586385
0 -72115250019
0 -72188913653
0 -72262577287
0 -72336240921
0 -72409904555
0 -72483568189
0 -72557231823
0 -72630895457
0 -72704559091
0 -72778222725
0 -72851886359
0 -72925549993
0 -72816496134
0 -72889975405
0 -72963454676
0 -73036933947
0 -73110413218
0 -73183892489
0 -73257371760
0 -73330851031
0 -73404330302
0 -73477809573
0 -73551288844
0 -73624768115
0 -73698247386
0 -73771726657
0 -73845205928
0 -73918685199
0 -73992164470
0 -74065643741
0 -74139123012
0 -74212602283
0 -74286081554
0 -74359560825
0 -74433040096
0 -74506519367
0 -74579998638
0 -74653477909
0 -74726957180
0 -74800436451
0 -74873915722
0 -74947394993
0 -75020874264
0 -75094353535
0 -75167832806
0 -75241312077
0 -75314791348
0 -75388270619
0 -75461749890
0 -75535229161
0 -75608708432
0 -75682187703
0 -75755666974
0 -75829146245
0 -75902625516
0 -75976104787
0 -76049584058
0 -76123063329
0 -76196542600
0 -76270021871
0 -76343501142
0 -76416980413
0 -76490459684
0 -76563938955
0 -76637418226
0 -76710897497
0 -76784376768
0 -76857856039
0 -76931335310
0 -77004814581
0 -77078293852
0 -77151773123
0 -77225252394
0 -77298731665
0 -77372210936
0 -77445690207
0 -77519169478
0 -77592648749
0 -77666128020
0 -77739607291
0 -77813086562
0 -77886565833
0 -77960045104
0 -78033524375
0 -78107003646
0 -78180482917
0 -78253962188
0 -78327441459
0 -78400920730
0 -78474400001
0 -78547879272
0 -78621358543
0 -78694837814
0 -78768317085
0 -78841796356
0 -78915275627
0 -78988754898
0 -79062234169
0 -79135713440
0 -79209192711
0 -79282671982
0 -79356151253
0 -79429630524
0 -79503109795
0 -79576589066
0 -79650068337
0 -79723547608
0 -79797026879
0 -79870506150
0 -79943985421
0 -80017464692
0 -80090943963
0 -80164423234
0 -80237902505
0 -80311381776
0 -80384861047
0 -80458340318
0 -80531819589
0 -80605298860
0 -80678778131
0 -80752257402
0 -80825736673
0 -80899215944
0 -80972695215
0 -81046174486
0 -81119653757
0 -81193133028
0 -81266612299
0 -81340091570
0 -81413570841
0 -81487050112
0 -81560529383
0 -81634008654
0 -81707487925
0 -81780967196
0 -81854446467
0 -81927925738
0 -82001405009
0 -82074884280
0 -82148363551
0 -82221842822
0 -82295322093
0 -82368801364
0 -82442280635
0 -82515759906
0 -82589239177
0 -82662718448
0 -82736197719
0 -82809676990
0 -82883156261
0 -82956635532
0 -83030114803
0 -83103594074
0 -83177073345
0 -83250552616
0 -83324031887
0 -83397511158
0 -83470990429
0 -83544469700
0 -83617948971
0 -83691428242
0 -83764907513
0 -83838386784
0 -83911866055
0 -83985345326
0 -84058824597
0 -84132303868
0 -84205783139
0 -84279262410
0 -84352741681
0 -84426220952
0 -84499700223
0 -84573179494
0 -84646658765
0 -84720138036
0 -84793617307
0 -84867096578
0 -84940575849
0 -85014055120
0 -85087534391
0 -85161013662
0 -85234492933
0 -85307972204
0 -85381451475
0 -85454930746
0 -85528410017
0 -85601889288
0 -85675368559
0 -85748847830
0 -85822327101
0 -85895806372
0 -85969285643
0 -86042764914
0 -86116244185
0 -86189723456
0 -86263202727
0 -86336681998
0 -86410161269
0 -86483640540
0 -86557119811
0 -86630599082
0 -86704078353
0 -86777557624
0 -86851036895
0 -86924516166
0 -86997995437
0 -87071474708
0 -87144953979
0 -87218433250
0 -87291912521
0 -87365391792
0 -87438871063
0 -87512350334
0 -87585829605
0 -87659308876
0 -87732788147
0 -87806267418
0 -87879746689
0 -87953225960
0 -88026705231
0 -88100184502
0 -88173663773
0 -88247143044
0 -88320622315
0 -88394101586
0 -88467580857
0 -88541060128
0 -88614539399
0 -88688018670
0 -88761497941
0 -88834977212
0 -88908456483
0 -88981935754
0 -89055415025
0 -89128894296
0 -89202373567
0 -89275852838
0 -89349332109
0 -89422811380
0 -89496290651
0 -89569769922
0 -89643249193
0 -89716728464
0 -89790207735
0 -89863687006
0 -89937166277
0 -90010645548
0 -90084124819
0 -90157604090
0 -89419628314
0 -89492446769
0 -89565265224
0 -89638083679
0 -89710902134
0 -89783720589
0 -89856539044
0 -89929357499
0 -90002175954
0 -90074994409
0 -90147812864
0 -90220631319
0 -90293449774
0 -90366268229
0 -90439086684
0 -90511905139
0 -90584723594
0 -90657542049
0 -90730360504
0 -90803178959
0 -90875997414
0 -90948815869
0 -91021634324
0 -91094452779
0 -91167271234
0 -91240089689
0 -91312908144
0 -91385726599
0 -91458545054
0 -91531363509
0 -91604181964
0 -91677000419
0 -91749818874
0 -91822637329
0 -91895455784
0 -91670830406
0 -91743413358
0 -91815996310
0 -91888579262
0 -91961162214
0 -92033745166
0 -92106328118
0 -92178911070
0 -92251494022
0 -92324076974
0 -92396659926
0 -92469242878
0 -92541825830
0 -92614408782
0 -92686991734
0 -92759574686
0 -92832157638
0 -92904740590
0 -92977323542
0 -93049906494
0 -93122489446
0 -93195072398
0 -93267655350
0 -93340238302
0 -93412821254
0 -93485404206
0 -93557987158
0 -93630570110
0 -93703153062
0 -93775736014
0 -93848318966
0 -93920901918
0 -93993484870
0 -94066067822
0 -94138650774
0 -94211233726
0 -94283816678
0 -94356399630
0 -94428982582
0 -94501565534
0 -94574148486
0 -94646731438
0 -94719314390
0 -94791897342
0 -94864480294
0 -94937063246
0 -95009646198
0 -95082229150
0 -95154812102
0 -95227395054
0 -95299978006
0 -95372560958
0 -95445143910
0 -95517726862
0 -95590309814
0 -95662892766
0 -95735475718
0 -95808058670
0 -95880641622
0 -95953224574
0 -96025807526
0 -96098390478
0 -96170973430
0 -96243556382
0 -96316139334
0 -96388722286
0 -96461305238
0 -96533888190
0 -96606471142
0 -96679054094
0 -96751637046
0 -96824219998
0 -96896802950
0 -96969385902
0 -97041968854
0 -97114551806
0 -97187134758
0 -97259717710
0 -97332300662
0 -97404883614
0 -97477466566
0 -97550049518
0 -97622632470
0 -97695215422
0 -97767798374
0 -97840381326
0 -97912964278
0 -97985547230
0 -98058130182
0 -98130713134
0 -98203296086
0 -98275879038
0 -98348461990
0 -98421044942
0 -98493627894
0 -98566210846
0 -98638793798
0 -98711376750
0 -98783959702
0 -98856542654
0 -98929125606
0 -99001708558
0 -99074291510
0 -99146874462
0 -99219457414
0 -99292040366
0 -99364623318
0 -99437206270
0 -99509789222
0 -99582372174
0 -99654955126
0 -99727538078
0 -99800121030
0 -99872703982
0 -99945286934
0 -100017869886
0 -100090452838
0 -100163035790
0 -100235618742
0 -100308201694
0 -100380784646
0 -100453367598
0 -100525950550
0 -100598533502
0 -100671116454
0 -100743699406
0 -100816282358
0 -100888865310
0 -100961448262
0 -101034031214
0 -101106614166
0 -101179197118
0 -101251780070
0 -101324363022
0 -101396945974
0 -101469528926
0 -101542111878
0 -101614694830
0 -101687277782
0 -101759860734
0 -101832443686
0 -101905026638
0 -101977609590
0 -102050192542
0 -102122775494
0 -102195358446
0 -102267941398
0 -102340524350
0 -102413107302
0 -102485690254
0 -102558273206
0 -102630856158
0 -102703439110
0 -102776022062
0 -102848605014
0 -102921187966
0 -102993770918
0 -103066353870
0 -103138936822
0 -103211519774
0 -103284102726
0 -103356685678
0 -103429268630
0 -103501851582
0 -103574434534
0 -103647017486
0 -103719600438
0 -103792183390
0 -103864766342
0 -103937349294
0 -104009932246
0 -104082515198
0 -104155098150
0 -104227681102
0 -104300264054
0 -104372847006
0 -104445429958
0 -104518012910
0 -104590595862
0 -104663178814
0 -104735761766
0 -104808344718
0 -104880927670
0 -104953510622
0 -105026093574
0 -105098676526
0 -105171259478
0 -105243842430
0 -105316425382
0 -105389008334
0 -105461591286
0 -105534174238
0 -105606757190
0 -105679340142
0 -105751923094
0 -105824506046
0 -105897088998
0 -105969671950
0 -106042254902
0 -106114837854
0 -106187420806
0 -106260003758
0 -106332586710
0 -106405169662
0 -106477752614
0 -106550335566
0 -106622918518
0 -106695501470
0 -106768084422
0 -106840667374
0 -106913250326
0 -106985833278
0 -107058416230
0 -107130999182
0 -107203582134
0 -107276165086
0 -107348748038
0 -107421330990
0 -107493913942
0 -107566496894
0 -107639079846
0 -107711662798
0 -107784245750
0 -107856828702
0 -107929411654
0 -108001994606
0 -108074577558
0 -108147160510
0 -108219743462
0 -108292326414
0 -108364909366
0 -108437492318
0 -108510075270
0 -108582658222
0 -108655241174
0 -108727824126
0 -108800407078
0 -108872990030
0 -108945572982
0 -109018155934
0 -109090738886
0 -109163321838
0 -109235904790
0 -109308487742
0 -109381070694
0 -109453653646
0 -109526236598
0 -109598819550
0 -109671402502
0 -109743985454
0 -109816568406
0 -109889151358
0 -109961734310
0 -110034317262
0 -110106900214
0 -110179483166
0 -110252066118
0 -110324649070
0 -110397232022
0 -110469814974
0 -110542397926
0 -110614980878
0 -110687563830
0 -110760146782
0 -110832729734
0 -110905312686
0 -110977895638
0 -111050478590
0 -111123061542
0 -111195644494
0 -111268227446
0 -111340810398
0 -111413393350
0 -111485976302
0 -111558559254
0 -111631142206
0 -111703725158
0 -111776308110
0 -111848891062
0 -111921474014
0 -111994056966
0 -112066639918
0 -112139222870
0 -112211805822
0 -112284388774
0 -112356971726
0 -112429554678
0 -112502137630
0 -112574720582
0 -112647303534
0 -112719886486
0 -112792469438
0 -112865052390
0 -112937635342
0 -113010218294
0 -113082801246
0 -113155384198
0 -113227967150
0 -113300550102
0 -113373133054
0 -113445716006
0 -113518298958
0 -113590881910
0 -113663464862
0 -113736047814
0 -113808630766
0 -113881213718
0 -113953796670
0 -114026379622
0 -114098962574
0 -114171545526
0 -114244128478
0 -114316711430
0 -114389294382
0 -114461877334
0 -114534460286
0 -114607043238
0 -114679626190
0 -114752209142
0 -114824792094
0 -114897375046
0 -114969957998
0 -115042540950
0 -115115123902
0 -115187706854
0 -115260289806
0 -115332872758
0 -115405455710
0 -115478038662
0 -115550621614
0 -115623204566
0 -115695787518
0 -115768370470
0 -115840953422
0 -115913536374
0 -115986119326
0 -116058702278
0 -116131285230
0 -116203868182
0 -116276451134
0 -116349034086
0 -116421617038
0 -116494199990
0 -116566782942
0 -116639365894
0 -116711948846
0 -116784531798
0 -116857114750
0 -116929697702
0 -117002280654
0 -117074863606
0 -117147446558
0 -117220029510
0 -117292612462
0 -117365195414
0 -117437778366
0 -117510361318
0 -117582944270
0 -117655527222
0 -117728110174
0 -117800693126
0 -117873276078
0 -117945859030
0 -118018441982
0 -118091024934
0 -118163607886
0 -118236190838
0 -118308773790
0 -118381356742
0 -118453939694
0 -118526522646
0 -118599105598
0 -118671688550
0 -118744271502
0 -118816854454
0 -118889437406
0 -118962020358
0 -119034603310
0 -119107186262
0 -119179769214
0 -119252352166
0 -119324935118
0 -119397518070
0 -119470101022
0 -119542683974
0 -119615266926
0 -119687849878
0 -119760432830
0 -119833015782
0 -119905598734
0 -119978181686
0 -120050764638
0 -120123347590
0 -120195930542
0 -120268513494
0 -120341096446
0 -120413679398
0 -120486262350
0 -120558845302
0 -120631428254
0 -120704011206
0 -120776594158
0 -120849177110
0 -120921760062
0 -120994343014
0 -121066925966
0 -121139508918
0 -121212091870
0 -121284674822
0 -121357257774
0 -121429840726
0 -121502423678
0 -121575006630
0 -121647589582
0 -121720172534
0 -121792755486
0 -121865338438
0 -121937921390
0 -122010504342
0 -122083087294
0 -122155670246
0 -122228253198
0 -122300836150
0 -122373419102
0 -122446002054
0 -122518585006
0 -122591167958
0 -122663750910
0 -122736333862
0 -122808916814
0 -122881499766
0 -122954082718
0 -123026665670
0 -123099248622
0 -123171831574
0 -123244414526
0 -123316997478
0 -123389580430
0 -123462163382
0 -123534746334
0 -123607329286
0 -123679912238
0 -123752495190
0 -123825078142
0 -123897661094
0 -123970244046
0 -124042826998
0 -124115409950
0 -124187992902
0 -124260575854
0 -124333158806
0 -124405741758
0 -124478324710
0 -124550907662
0 -124623490614
0 -124696073566
0 -124768656518
0 -124841239470
0 -124913822422
0 -124986405374
0 -125058988326
0 -125131571278
0 -125204154230
0 -125276737182
0 -125349320134
0 -125421903086
0 -125494486038
0 -125567068990
0 -125639651942
0 -125712234894
0 -125784817846
0 -125857400798
0 -125929983750
0 -126002566702
0 -126075149654
0 -126147732606
0 -126220315558
0 -126292898510
0 -126365481462
0 -126438064414
0 -126510647366
0 -126583230318
0 -126655813270
0 -126728396222
0 -126800979174
0 -126873562126
0 -126946145078
0 -127018728030
0 -127091310982
0 -127163893934
0 -127236476886
0 -127309059838
0 -127381642790
0 -127454225742
0 -127526808694
0 -127599391646
0 -127671974598
0 -127744557550
0 -127817140502
0 -127889723454
0 -127962306406
0 -128034889358
0 -128107472310
0 -128180055262
0 -128252638214
0 -128325221166
0 -128397804118
0 -128470387070
0 -128542970022
0 -128615552974
0 -128688135926
0 -128760718878
0 -128833301830
0 -128905884782
0 -128978467734
0 -129051050686
0 -129123633638
0 -129196216590
0 -129268799542
0 -129341382494
0 -129413965446
0 -129486548398
0 -129559131350
0 -129631714302
0 -129704297254
0 -129776880206
0 -129849463158
0 -129922046110
0 -129994629062
0 -130067212014
0 -130139794966
0 -130212377918
0 -130284960870
0 -130357543822
0 -130430126774
0 -130502709726
0 -130575292678
0 -130647875630
0 -130720458582
0 -130793041534
0 -130865624486
0 -130938207438
0 -131010790390
0 -131083373342
0 -131155956294
0 -131228539246
0 -131301122198
0 -131373705150
0 -131446288102
0 -131518871054
0 -131591454006
0 -131664036958
0 -131736619910
0 -131809202862
0 -131881785814
0 -131954368766
0 -132026951718
0 -132099534670
0 -132172117622
0 -132244700574
0 -132317283526
0 -132389866478
0 -132462449430
0 -132535032382
0 -132607615334
0 -132680198286
0 -132752781238
0 -132825364190
0 -132897947142
0 -132970530094
0 -133043113046
0 -133115695998
0 -133188278950
0 -133260861902
0 -133333444854
0 -133406027806
0 -133478610758
0 -133551193710
0 -133623776662
0 -133696359614
0 -133768942566
0 -133841525518
0 -133914108470
0 -133986691422
0 -134059274374
0 -134131857326
0 -134204440278
0 -134277023230
0 -134349606182
0 -134422189134
0 -134494772086
0 -134567355038
0 -134639937990
0 -134712520942
0 -134785103894
0 -134857686846
0 -134930269798
0 -135002852750
0 -135075435702
0 -135148018654
0 -135220601606
0 -135293184558
0 -135365767510
0 -135438350462
0 -135510933414
0 -135583516366
0 -135656099318
0 -135728682270
0 -135801265222
0 -135873848174
0 -135946431126
0 -136019014078
0 -136091597030
0 -136164179982
0 -136236762934
0 -136309345886
0 -136381928838
0 -136454511790
0 -136527094742
0 -136599677694
0 -136672260646
0 -136744843598
0 -136817426550
0 -136890009502
0 -136962592454
0 -137035175406
0 -137107758358
0 -137180341310
0 -137252924262
0 -137325507214
0 -137398090166
0 -137470673118
0 -137543256070
0 -137615839022
0 -137688421974
0 -137761004926
0 -137833587878
0 -137906170830
0 -137978753782
0 -138051336734
0 -138123919686
0 -138196502638
0 -138269085590
0 -138341668542
0 -138414251494
0 -138486834446
0 -138559417398
0 -138632000350
0 -138704583302
0 -138777166254
0 -138849749206
0 -138922332158
0 -138994915110
0 -139067498062
0 -139140081014
0 -139212663966
0 -139285246918
0 -139357829870
0 -139430412822
0 -139502995774
0 -139575578726
0 -139648161678
0 -139720744630
0 -139793327582
0 -139865910534
0 -139938493486
0 -140011076438
0 -140083659390
0 -140156242342
0 -140228825294
0 -140301408246
0 -140373991198
0 -140446574150
0 -140519157102
0 -140591740054
0 -140664323006
0 -140736905958
0 -140809488910
0 -140882071862
0 -140954654814
0 -141027237766
0 -141099820718
0 -141172403670
0 -141244986622
0 -141317569574
0 -141390152526
0 -141462735478
0 -141535318430
0 -141607901382
0 -141680484334
0 -141753067286
0 -141825650238
0 -141898233190
0 -141970816142
0 -142043399094
0 -142115982046
0 -142188564998
0 -142261147950
0 -142333730902
0 -142406313854
0 -142478896806
0 -142551479758
0 -142624062710
0 -142696645662
0 -142769228614
0 -142841811566
0 -142914394518
0 -142986977470
0 -143059560422
0 -143132143374
0 -143204726326
0 -143277309278
0 -143349892230
0 -143422475182
0 -143495058134
0 -143567641086
0 -143640224038
0 -143712806990
0 -143785389942
0 -143857972894
0 -143930555846
0 -144003138798
0 -144075721750
0 -144148304702
0 -144220887654
0 -144293470606
0 -144366053558
0 -144438636510
0 -144511219462
0 -144583802414
0 -144656385366
0 -144728968318
0 -144801551270
0 -144874134222
0 -144946717174
0 -145019300126
0 -145091883078
0 -145164466030
0 -145237048982
0 -145309631934
0 -145382214886
0 -145454797838
0 -145527380790
0 -145599963742
0 -145672546694
0 -145745129646
0 -145817712598
0 -145890295550
0 -145962878502
0 -146035461454
0 -146108044406
0 -146180627358
0 -146253210310
0 -146325793262
0 -146398376214
0 -146470959166
0 -146543542118
0 -146616125070
0 -146688708022
0 -146761290974
0 -146833873926
0 -146906456878
0 -146979039830
0 -147051622782
0 -147124205734
0 -147196788686
0 -147269371638
0 -147341954590
0 -147414537542
0 -147487120494
0 -147559703446
0 -147632286398
0 -147704869350
0 -147777452302
0 -147850035254
0 -147922618206
0 -147995201158
0 -148067784110
0 -148140367062
0 -148212950014
0 -148285532966
0 -148358115918
0 -148430698870
0 -148503281822
0 -148575864774
0 -148648447726
0 -148721030678
0 -148793613630
0 -148866196582
0 -148938779534
0 -149011362486
0 -149083945438
0 -149156528390
0 -149229111342
0 -149301694294
0 -149374277246
0 -149446860198
0 -149519443150
0 -149592026102
0 -149664609054
0 -149737192006
0 -149809774958
0 -149882357910
0 -149954940862
0 -150027523814
0 -150100106766
0 -150172689718
0 -150245272670
0 -150317855622
0 -150390438574
0 -150463021526
0 -150535604478
0 -150608187430
0 -150680770382
0 -150753353334
0 -150825936286
0 -150898519238
0 -150971102190
0 -151043685142
0 -151116268094
0 -151188851046
0 -151261433998
0 -151334016950
0 -151406599902
0 -151479182854
0 -151551765806
0 -151624348758
0 -151696931710
0 -151769514662
0 -151842097614
0 -151914680566
0 -151987263518
0 -152059846470
0 -152132429422
0 -152205012374
0 -152277595326
0 -152350178278
0 -152422761230
0 -152495344182
0 -152567927134
0 -152640510086
0 -152713093038
0 -152785675990
0 -152858258942
0 -152930841894
0 -153003424846
0 -153076007798
0 -153148590750
0 -153221173702
0 -153293756654
0 -153366339606
0 -153438922558
0 -153511505510
0 -153584088462
0 -153656671414
0 -153729254366
0 -153801837318
0 -153874420270
0 -153947003222
0 -154019586174
0 -154092169126
0 -154164752078
0 -154237335030
0 -154309917982
0 -154382500934
0 -154455083886
0 -154527666838
0 -154600249790
0 -154672832742
0 -154745415694
0 -154817998646
0 -154890581598
0 -154963164550
0 -155035747502
0 -155108330454
0 -155180913406
0 -155253496358
0 -155326079310
0 -155398662262
0 -155471245214
0 -155543828166
0 -155616411118
0 -155688994070
0 -155761577022
0 -155834159974
0 -155906742926
0 -155979325878
0 -156051908830
0 -156124491782
0 -156197074734
0 -156269657686
0 -156342240638
0 -156414823590
0 -156487406542
0 -156559989494
0 -156632572446
0 -156705155398
0 -156777738350
0 -156850321302
0 -156922904254
0 -156995487206
0 -157068070158
0 -157140653110
0 -157213236062
0 -157285819014
0 -157358401966
0 -157430984918
0 -157503567870
0 -157576150822
0 -157648733774
0 -157721316726
0 -157793899678
0 -157866482630
0 -157939065582
0 -158011648534
0 -158084231486
0 -158156814438
0 -158229397390
0 -158301980342
0 -158374563294
0 -158447146246
0 -158519729198
0 -158592312150
0 -158664895102
0 -158737478054
0 -158810061006
0 -158882643958
0 -158955226910
0 -159027809862
0 -159100392814
0 -159172975766
0 -159245558718
0 -159318141670
0 -159390724622
0 -159463307574
0 -159535890526
0 -159608473478
0 -159681056430
0 -159753639382
0 -159826222334
0 -159898805286
0 -159971388238
0 -160043971190
0 -160116554142
0 -160189137094
0 -160261720046
0 -160334302998
0 -160406885950
0 -160479468902
0 -160552051854
0 -160624634806
0 -160697217758
0 -160769800710
0 -160842383662
0 -160914966614
0 -160987549566
0 -161060132518
0 -161132715470
0 -161205298422
0 -161277881374
0 -161350464326
0 -161423047278
0 -161495630230
0 -161568213182
0 -161640796134
0 -161713379086
0 -161785962038
0 -161858544990
0 -161931127942
0 -162003710894
0 -162076293846
0 -162148876798
0 -162221459750
0 -162294042702
0 -162366625654
0 -162439208606
0 -162511791558
0 -162584374510
0 -162656957462
0 -162729540414
0 -162802123366
0 -162874706318
0 -162947289270
0 -163019872222
0 -163092455174
0 -163165038126
0 -163237621078
0 -163310204030
0 -163382786982
0 -163455369934
0 -163527952886
0 -163600535838
0 -163673118790
0 -163745701742
0 -163818284694
0 -163890867646
0 -163963450598
0 -164036033550
0 -164108616502
0 -164181199454
0 -164253782406
0 -164326365358
0 -164398948310
0 -164471531262
0 -164544114214
0 -164616697166
0 -164689280118
0 -164761863070
0 -164834446022
0 -164907028974
0 -164979611926
0 -165052194878
0 -165124777830
0 -165197360782
0 -165269943734
0 -165342526686
0 -165415109638
0 -165487692590
0 -165560275542
0 -165632858494
0 -165705441446
0 -165778024398
0 -165850607350
0 -165923190302
0 -165995773254
0 -166068356206
0 -166140939158
0 -166213522110
0 -166286105062
0 -166358688014
0 -166431270966
0 -166503853918
0 -166576436870
0 -166649019822
0 -166721602774
0 -166794185726
0 -166866768678
0 -166939351630
0 -167011934582
0 -167084517534
0 -167157100486
0 -167229683438
0 -167302266390
0 -167374849342
0 -167447432294
0 -167520015246
0 -167592598198
0 -167665181150
0 -167737764102
0 -167810347054
0 -167882930006
0 -167955512958
0 -168028095910
0 -168100678862
0 -168173261814
0 -168245844766
0 -168318427718
0 -168391010670
0 -168463593622
0 -168536176574
0 -168608759526
0 -168681342478
0 -168753925430
0 -168826508382
0 -168899091334
0 -168971674286
0 -169044257238
0 -169116840190
0 -169189423142
0 -169262006094
0 -169334589046
0 -169407171998
0 -169479754950
0 -169552337902
0 -169624920854
0 -169697503806
0 -169770086758
0 -169842669710
0 -169915252662
0 -169987835614
0 -170060418566
0 -170133001518
0 -170205584470
0 -170278167422
0 -170350750374
0 -170423333326
0 -170495916278
0 -170568499230
0 -170641082182
0 -170713665134
0 -170786248086
0 -170858831038
0 -170931413990
0 -171003996942
0 -171076579894
0 -171149162846
0 -171221745798
0 -171294328750
0 -171366911702
0 -171439494654
0 -171512077606
0 -171584660558
0 -171657243510
0 -171729826462
0 -171802409414
0 -171874992366
0 -171947575318
0 -172020158270
0 -172092741222
0 -172165324174
0 -172237907126
0 -172310490078
0 -172383073030
0 -172455655982
0 -172528238934
0 -172600821886
0 -172673404838
0 -172745987790
0 -172818570742
0 -172891153694
0 -172963736646
0 -173036319598
0 -173108902550
0 -173181485502
0 -173254068454
0 -173326651406
0 -173399234358
0 -173471817310
0 -173544400262
0 -173616983214
0 -173689566166
0 -173762149118
0 -173834732070
0 -173907315022
0 -173979897974
0 -174052480926
0 -174125063878
0 -174197646830
0 -174270229782
0 -174342812734
0 -174415395686
0 -174487978638
0 -174560561590
0 -174633144542
0 -174705727494
0 -174778310446
0 -174850893398
0 -174923476350
0 -174996059302
0 -175068642254
0 -175141225206
0 -175213808158
0 -175286391110
0 -175358974062
0 -175431557014
0 -175504139966
0 -175576722918
0 -175649305870
0 -175721888822
0 -175794471774
0 -175867054726
0 -175939637678
0 -176012220630
0 -176084803582
0 -176157386534
0 -176229969486
0 -176302552438
0 -176375135390
0 -176447718342
0 -176520301294
0 -176592884246
0 -176665467198
0 -176738050150
0 -176810633102
0 -176883216054
0 -176955799006
0 -177028381958
0 -177100964910
0 -177173547862
0 -177246130814
0 -177318713766
0 -177391296718
0 -177463879670
0 -177536462622
0 -177609045574
0 -177681628526
0 -177754211478
0 -177826794430
0 -177899377382
0 -177971960334
0 -178044543286
0 -178117126238
0 -178189709190
0 -178262292142
0 -178334875094
0 -178407458046
0 -178480040998
0 -178552623950
0 -178625206902
0 -178697789854
0 -178770372806
0 -178842955758
0 -178915538710
0 -178988121662
0 -179060704614
0 -179133287566
0 -179205870518
0 -179278453470
0 -179351036422
0 -179423619374
0 -179496202326
0 -179568785278
0 -179641368230
0 -179713951182
0 -179786534134
0 -179859117086
0 -179931700038
0 -180004282990
0 -180076865942
0 -180149448894
0 -180222031846
0 -180294614798
0 -180367197750
0 -180439780702
0 -180512363654
0 -180584946606
0 -180657529558
0 -180730112510
0 -180802695462
0 -180875278414
0 -180947861366
0 -181020444318
0 -181093027270
0 -181165610222
0 -181238193174
0 -181310776126
0 -181383359078
0 -181455942030
0 -181528524982
0 -181601107934
0 -181673690886
0 -181746273838
0 -181818856790
0 -181891439742
0 -181964022694
0 -182036605646
0 -182109188598
0 -182181771550
0 -182254354502
0 -182326937454
0 -182399520406
0 -182472103358
0 -182544686310
0 -182617269262
0 -182689852214
0 -182762435166
0 -182835018118
0 -182907601070
0 -182980184022
0 -183052766974
0 -183125349926
0 -183197932878
0 -183270515830
0 -183343098782
0 -183415681734
0 -183488264686
0 -183560847638
0 -183633430590
0 -183706013542
0 -183778596494
0 -183851179446
0 -183923762398
0 -183996345350
0 -184068928302
0 -184141511254
0 -184214094206
0 -184286677158
0 -184359260110
0 -184431843062
0 -184504426014
0 -184577008966
0 -184649591918
0 -184722174870
0 -184794757822
0 -184867340774
0 -184939923726
0 -185012506678
0 -185085089630
0 -185157672582
0 -185230255534
0 -185302838486
0 -185375421438
0 -185448004390
0 -185520587342
0 -185593170294
0 -185665753246
0 -185738336198
0 -185810919150
0 -185883502102
0 -185956085054
0 -186028668006
0 -186101250958
0 -186173833910
0 -186246416862
0 -186318999814
0 -186391582766
0 -186464165718
0 -186536748670
0 -186609331622
0 -186681914574
0 -186754497526
0 -186827080478
0 -186899663430
0 -186972246382
0 -187044829334
0 -187117412286
0 -187189995238
0 -187262578190
0 -187335161142
0 -187407744094
0 -187480327046
0 -187552909998
0 -187625492950
0 -187698075902
0 -187770658854
0 -187843241806
0 -187915824758
0 -187988407710
0 -188060990662
0 -188133573614
0 -188206156566
0 -188278739518
0 -188351322470
0 -188423905422
0 -188496488374
0 -188569071326
0 -188641654278
0 -188714237230
0 -188786820182
0 -188859403134
0 -188931986086
0 -189004569038
0 -189077151990
0 -189149734942
0 -189222317894
0 -189294900846
0 -189367483798
0 -189440066750
0 -189512649702
0 -189585232654
0 -189657815606
0 -189730398558
0 -189802981510
0 -189875564462
0 -189948147414
0 -190020730366
0 -190093313318
0 -190165896270
0 -190238479222
0 -190311062174
0 -190383645126
0 -190456228078
0 -190528811030
0 -190601393982
0 -190673976934
0 -190746559886
0 -190819142838
0 -190891725790
0 -190964308742
0 -191036891694
0 -191109474646
0 -191182057598
0 -191254640550
0 -191327223502
0 -191399806454
0 -191472389406
0 -191544972358
0 -191617555310
0 -191690138262
0 -191762721214
0 -191835304166
0 -191907887118
0 -191980470070
0 -192053053022
0 -192125635974
0 -192198218926
0 -192270801878
0 -192343384830
0 -192415967782
0 -192488550734
0 -192561133686
0 -192633716638
0 -192706299590
0 -192778882542
0 -192851465494
0 -192924048446
0 -192996631398
0 -193069214350
0 -193141797302
0 -193214380254
0 -193286963206
0 -193359546158
0 -193432129110
0 -193504712062
0 -193577295014
0 -193649877966
0 -193722460918
0 -193795043870
0 -193867626822
0 -193940209774
0 -194012792726
0 -194085375678
0 -194157958630
0 -194230541582
0 -194303124534
0 -194375707486
0 -194448290438
0 -194520873390
0 -194593456342
0 -194666039294
0 -194738622246
0 -194811205198
0 -194883788150
0 -194956371102
0 -195028954054
0 -195101537006
0 -195174119958
0 -195246702910
0 -195319285862
0 -195391868814
0 -195464451766
0 -195537034718
0 -195609617670
0 -195682200622
0 -195754783574
0 -195827366526
0 -195899949478
0 -195972532430
0 -196045115382
0 -196117698334
0 -196190281286
0 -196262864238
0 -196335447190
0 -196408030142
0 -196480613094
0 -196553196046
0 -196625778998
0 -196698361950
0 -196770944902
0 -196843527854
0 -196916110806
0 -196988693758
0 -197061276710
0 -197133859662
0 -197206442614
0 -197279025566
0 -197351608518
0 -197424191470
0 -197496774422
0 -197569357374
0 -197641940326
0 -197714523278
0 -197787106230
0 -197859689182
0 -197932272134
0 -198004855086
0 -198077438038
0 -198150020990
0 -198222603942
0 -198295186894
0 -198367769846
0 -198440352798
0 -198512935750
0 -198585518702
0 -198658101654
0 -198730684606
0 -198803267558
0 -198875850510
0 -198948433462
0 -199021016414
0 -199093599366
0 -199166182318
0 -199238765270
0 -199311348222
0 -199383931174
0 -199456514126
0 -199529097078
0 -199601680030
0 -199674262982
0 -199746845934
0 -199819428886
0 -199892011838
0 -199964594790
0 -200037177742
0 -200109760694
0 -200182343646
0 -200254926598
0 -200327509550
0 -200400092502
0 -200472675454
0 -200545258406
0 -200617841358
0 -200690424310
0 -200763007262
0 -200835590214
0 -200908173166
0 -200980756118
0 -201053339070
0 -201125922022
0 -201198504974
0 -201271087926
0 -201343670878
0 -201416253830
0 -201488836782
0 -201561419734
0 -201634002686
0 -201706585638
0 -201779168590
0 -201851751542
0 -201924334494
0 -201996917446
0 -202069500398
0 -202142083350
0 -202214666302
0 -202287249254
0 -202359832206
0 -202432415158
0 -202504998110
0 -202577581062
0 -202650164014
0 -202722746966
0 -202795329918
0 -202867912870
0 -202940495822
0 -203013078774
0 -203085661726
0 -203158244678
0 -203230827630
0 -203303410582
0 -203375993534
0 -203448576486
0 -203521159438
0 -203593742390
0 -203666325342
0 -203738908294
0 -203811491246
0 -203884074198
0 -203956657150
0 -204029240102
0 -204101823054
0 -204174406006
0 -204246988958
0 -204319571910
0 -204392154862
0 -204464737814
0 -204537320766
0 -204609903718
0 -204682486670
0 -204755069622
0 -204827652574
0 -204900235526
0 -204972818478
0 -205045401430
0 -205117984382
0 -205190567334
0 -205263150286
0 -205335733238
0 -205408316190
0 -205480899142
0 -205553482094
0 -205626065046
0 -205698647998
0 -205771230950
0 -205843813902
0 -205916396854
0 -205988979806
0 -206061562758
0 -206134145710
0 -206206728662
0 -206279311614
0 -206351894566
0 -206424477518
0 -206497060470
0 -206569643422
0 -206642226374
0 -206714809326
0 -206787392278
0 -206859975230
0 -206426793053
0 -206499198608
0 -206571604163
0 -206644009718
0 -206716415273
0 -206788820828
0 -206861226383
0 -206933631938
0 -207006037493
0 -207078443048
0 -207150848603
0 -207223254158
0 -207295659713
0 -207368065268
0 -207440470823
0 -207512876378
0 -207585281933
0 -207657687488
0 -207730093043
0 -207802498598
0 -207874904153
0 -207947309708
0 -208019715263
0 -208092120818
0 -208164526373
0 -208236931928
0 -208309337483
0 -208381743038
0 -208454148593
0 -208526554148
0 -208598959703
0 -208671365258
0 -208743770813
0 -208816176368
0 -208888581923
0 -208960987478
0 -209033393033
0 -209105798588
0 -209178204143
0 -209250609698
0 -209323015253
0 -209395420808
0 -209467826363
0 -209540231918
0 -209612637473
0 -209685043028
0 -209757448583
0 -209829854138
0 -209902259693
0 -209974665248
0 -210047070803
0 -210119476358
0 -210191881913
0 -210264287468
0 -210336693023
0 -210409098578
0 -210481504133
0 -210553909688
0 -210626315243
0 -210698720798
0 -210771126353
0 -210843531908
0 -210915937463
0 -210988343018
0 -211060748573
0 -211133154128
0 -211205559683
0 -211277965238
0 -211350370793
0 -211422776348
0 -211495181903
0 -211567587458
0 -211639993013
0 -211712398568
0 -211784804123
0 -211857209678
0 -211929615233
0 -212002020788
0 -212074426343
0 -212146831898
0 -212219237453
0 -212291643008
0 -212364048563
0 -212436454118
0 -212508859673
0 -212581265228
0 -212653670783
0 -212726076338
0 -212798481893
0 -212870887448
0 -212943293003
0 -213015698558
0 -213088104113
0 -213160509668
0 -213232915223
0 -213305320778
0 -213377726333
0 -213450131888
0 -213522537443
0 -213594942998
0 -213667348553
0 -213739754108
0 -213812159663
0 -213884565218
0 -213956970773
0 -214029376328
0 -214101781883
0 -214174187438
0 -214246592993
0 -214318998548
0 -214391404103
0 -214463809658
0 -214536215213
0 -214608620768
0 -214681026323
0 -214753431878
0 -214825837433
0 -214898242988
0 -214970648543
0 -215043054098
0 -215115459653
0 -215187865208
0 -215260270763
0 -215332676318
0 -215405081873
0 -215477487428
0 -215549892983
0 -215622298538
0 -215694704093
0 -215767109648
0 -215839515203
0 -215911920758
0 -215984326313
0 -216056731868
0 -216129137423
0 -216201542978
0 -216273948533
0 -216346354088
0 -216418759643
0 -216491165198
0 -216563570753
0 -216635976308
0 -216708381863
0 -216780787418
0 -216853192973
0 -216925598528
0 -216998004083
0 -217070409638
0 -217142815193
0 -217215220748
0 -217287626303
0 -217360031858
0 -217432437413
0 -217504842968
0 -217577248523
0 -217649654078
0 -217722059633
0 -217794465188
0 -217866870743
0 -217939276298
0 -218011681853
0 -218084087408
0 -218156492963
0 -218228898518
0 -218301304073
0 -218373709628
0 -218446115183
0 -218518520738
0 -218590926293
0 -218663331848
0 -218735737403
0 -218808142958
0 -218880548513
0 -218952954068
0 -219025359623
0 -219097765178
0 -219170170733
0 -219242576288
0 -219314981843
0 -219387387398
0 -219459792953
0 -219532198508
0 -219604604063
0 -219677009618
0 -219749415173
0 -219821820728
0 -219894226283
0 -219966631838
0 -220039037393
0 -220111442948
0 -220183848503
0 -220256254058
0 -220328659613
0 -220401065168
0 -220473470723
0 -220545876278
0 -220618281833
0 -220690687388
0 -220763092943
0 -220835498498
0 -220907904053
0 -220980309608
0 -221052715163
0 -221125120718
0 -221197526273
0 -221269931828
0 -221342337383
0 -221414742938
0 -221487148493
0 -221559554048
0 -221631959603
0 -221704365158
0 -221776770713
0 -221849176268
0 -221921581823
0 -221993987378
0 -222066392933
0 -222138798488
0 -222211204043
0 -222283609598
0 -222356015153
0 -222428420708
0 -222500826263
0 -222573231818
0 -222645637373
0 -222718042928
0 -222790448483
0 -222862854038
0 -222935259593
0 -223007665148
0 -223080070703
0 -223152476258
0 -223224881813
0 -223297287368
0 -223369692923
0 -223442098478
0 -223514504033
0 -223586909588
0 -223659315143
0 -223731720698
0 -223804126253
0 -223876531808
0 -223948937363
0 -224021342918
0 -224093748473
0 -224166154028
0 -224238559583
0 -224310965138
0 -224383370693
0 -224455776248
0 -224528181803
0 -224600587358
0 -224672992913
0 -224745398468
0 -224817804023
0 -224890209578
0 -224962615133
0 -225035020688
0 -225107426243
0 -225179831798
0 -225252237353
0 -225324642908
0 -225397048463
0 -225469454018
0 -225541859573
0 -225614265128
0 -225686670683
0 -225759076238
0 -225831481793
0 -225903887348
0 -225976292903
0 -226048698458
0 -226121104013
0 -226193509568
0 -226265915123
0 -226338320678
0 -226410726233
0 -226483131788
0 -226555537343
0 -226627942898
0 -226700348453
0 -226772754008
0 -226845159563
0 -226917565118
0 -226989970673
0 -227062376228
0 -227134781783
0 -227207187338
0 -227279592893
0 -227351998448
0 -227424404003
0 -227496809558
0 -227569215113
0 -227641620668
0 -227714026223
0 -227786431778
0 -227858837333
0 -227931242888
0 -228003648443
0 -228076053998
0 -228148459553
0 -228220865108
0 -228293270663
0 -228365676218
0 -228438081773
0 -228510487328
0 -228582892883
0 -228655298438
0 -228727703993
0 -228800109548
0 -228872515103
0 -228944920658
0 -229017326213
0 -229089731768
0 -229162137323
0 -229234542878
0 -229306948433
0 -229379353988
0 -229451759543
0 -229524165098
0 -229596570653
0 -229668976208
0 -229741381763
0 -229813787318
0 -229886192873
0 -229958598428
0 -230031003983
0 -230103409538
0 -230175815093
0 -230248220648
0 -230320626203
0 -230393031758
0 -230465437313
0 -230537842868
0 -230610248423
0 -230682653978
0 -230755059533
0 -230827465088
0 -230899870643
0 -230972276198
0 -231044681753
0 -231117087308
0 -231189492863
0 -231261898418
0 -231334303973
0 -231406709528
0 -231479115083
0 -231551520638
0 -231623926193
0 -231696331748
0 -231768737303
0 -231841142858
0 -231913548413
0 -231985953968
0 -232058359523
0 -232130765078
0 -232203170633
0 -232275576188
0 -232347981743
0 -232420387298
0 -232492792853
0 -232565198408
0 -232637603963
0 -232710009518
0 -232782415073
0 -232854820628
0 -232927226183
0 -232999631738
0 -233072037293
0 -233144442848
0 -233216848403
0 -233289253958
0 -233361659513
0 -233434065068
0 -233506470623
0 -233578876178
0 -233651281733
0 -233723687288
0 -233796092843
0 -233868498398
0 -233940903953
0 -234013309508
0 -234085715063
0 -234158120618
0 -234230526173
0 -234302931728
0 -234375337283
0 -234447742838
0 -234520148393
0 -234592553948
0 -234664959503
0 -234737365058
0 -234809770613
0 -234882176168
0 -234954581723
0 -235026987278
0 -235099392833
0 -235171798388
0 -235244203943
0 -235316609498
0 -235389015053
0 -235461420608
0 -235533826163
0 -235606231718
0 -235678637273
0 -235751042828
0 -235823448383
0 -235895853938
0 -235968259493
0 -236040665048
0 -236113070603
0 -236185476158
0 -236257881713
0 -236330287268
0 -236402692823
0 -236475098378
0 -236547503933
0 -236619909488
0 -236692315043
0 -236764720598
0 -236837126153
0 -236909531708
0 -236981937263
0 -237054342818
0 -237126748373
0 -237199153928
0 -237271559483
0 -237343965038
0 -237416370593
0 -237488776148
0 -237561181703
0 -237633587258
0 -237705992813
0 -237778398368
0 -237850803923
0 -237923209478
0 -237995615033
0 -238068020588
0 -238140426143
0 -238212831698
0 -238285237253
0 -238357642808
0 -238430048363
0 -238502453918
0 -238574859473
0 -238647265028
0 -238719670583
0 -238792076138
0 -238864481693
0 -238936887248
0 -239009292803
0 -239081698358
0 -239154103913
0 -239226509468
0 -239298915023
0 -239371320578
0 -239443726133
0 -239516131688
0 -239588537243
0 -239660942798
0 -239733348353
0 -239805753908
0 -239878159463
0 -239950565018
0 -240022970573
0 -240095376128
0 -240167781683
0 -240240187238
0 -240312592793
0 -240384998348
0 -240457403903
0 -240529809458
0 -240602215013
0 -240674620568
0 -240747026123
0 -240819431678
0 -240891837233
0 -240964242788
0 -241036648343
0 -241109053898
0 -241181459453
0 -241253865008
0 -241326270563
0 -241398676118
0 -241471081673
0 -241543487228
0 -241615892783
0 -241688298338
0 -241760703893
0 -241833109448
0 -241905515003
0 -241977920558
0 -242050326113
0 -242122731668
0 -242195137223
0 -242267542778
0 -242339948333
0 -242412353888
0 -242484759443
0 -242557164998
0 -242629570553
0 -242701976108
0 -242774381663
0 -242846787218
0 -242919192773
0 -242991598328
0 -243064003883
0 -243136409438
0 -243208814993
0 -243281220548
0 -243353626103
0 -243426031658
0 -243498437213
0 -243570842768
0 -243643248323
0 -243715653878
0 -243788059433
0 -243860464988
0 -243932870543
0 -244005276098
0 -244077681653
0 -244150087208
0 -244222492763
0 -244294898318
0 -244367303873
0 -244439709428
0 -244512114983
0 -244584520538
0 -244656926093
0 -244729331648
0 -244801737203
0 -244874142758
0 -244946548313
0 -245018953868
0 -245091359423
0 -245163764978
0 -245236170533
0 -245308576088
0 -245380981643
0 -245453387198
0 -245525792753
0 -245598198308
0 -245670603863
0 -245743009418
0 -245815414973
0 -245887820528
0 -245960226083
0 -246032631638
0 -246105037193
0 -246177442748
0 -246249848303
0 -246322253858
0 -246394659413
0 -246467064968
0 -246539470523
0 -246611876078
0 -246684281633
0 -246756687188
0 -246829092743
0 -246901498298
0 -246973903853
0 -247046309408
0 -247118714963
0 -247191120518
0 -247263526073
0 -247335931628
0 -247408337183
0 -247480742738
0 -247553148293
0 -247625553848
0 -247697959403
0 -247770364958
0 -247842770513
0 -247915176068
0 -247987581623
0 -248059987178
0 -248132392733
0 -248204798288
0 -248277203843
0 -248349609398
0 -248422014953
0 -248494420508
0 -248566826063
0 -248639231618
0 -248711637173
0 -248784042728
0 -248856448283
0 -248928853838
0 -249001259393
0 -249073664948
0 -249146070503
0 -249218476058
0 -249290881613
0 -249363287168
0 -249435692723
0 -249508098278
0 -249580503833
0 -249652909388
0 -249725314943
0 -249797720498
0 -249870126053
0 -249942531608
0 -250014937163
0 -250087342718
0 -250159748273
0 -250232153828
0 -250304559383
0 -250376964938
0 -250449370493
0 -250521776048
0 -250594181603
0 -250666587158
0 -250738992713
0 -250811398268
0 -250883803823
0 -250956209378
0 -251028614933
0 -251101020488
0 -251173426043
0 -251245831598
0 -251318237153
0 -251390642708
0 -251463048263
0 -251535453818
0 -251607859373
0 -251680264928
0 -251752670483
0 -251825076038
0 -251897481593
0 -251969887148
0 -252042292703
0 -252114698258
0 -252187103813
0 -252259509368
0 -252331914923
0 -252404320478
0 -252476726033
0 -252549131588
0 -252621537143
0 -252693942698
0 -252766348253
0 -252838753808
0 -252911159363
0 -252983564918
0 -253055970473
0 -253128376028
0 -253200781583
0 -253273187138
0 -253345592693
0 -253417998248
0 -253490403803
0 -253562809358
0 -253635214913
0 -253707620468
0 -253780026023
0 -253852431578
0 -253924837133
0 -253997242688
0 -254069648243
0 -254142053798
0 -254214459353
0 -254286864908
0 -254359270463
0 -254431676018
0 -254504081573
0 -254576487128
0 -254648892683
0 -254721298238
0 -254793703793
0 -254866109348
0 -254938514903
0 -255010920458
0 -255083326013
0 -255155731568
0 -255228137123
0 -255300542678
0 -255372948233
0 -255445353788
0 -255517759343
0 -255590164898
0 -255662570453
0 -255734976008
0 -255807381563
0 -255879787118
0 -255952192673
0 -256024598228
0 -256097003783
0 -256169409338
0 -256241814893
0 -256314220448
0 -256386626003
0 -256459031558
0 -256531437113
0 -256603842668
0 -256676248223
0 -256748653778
0 -256821059333
0 -256893464888
0 -256965870443
0 -257038275998
0 -257110681553
0 -257183087108
0 -257255492663
0 -257327898218
0 -257400303773
0 -257472709328
0 -257545114883
0 -257617520438
0 -257689925993
0 -257762331548
0 -257834737103
0 -257907142658
0 -257979548213
0 -258051953768
0 -258124359323
