0
0 -8817904
0 -18604700
0 -28122501
0 -37755471
0 -47436880
0 -56310852
0 -65854793
0 -75398734
0 -84787564
0 -93050259
0 -102447323
0 -111844387
0 -121241451
0 -130638515
0 -140035579
0 -149432643
0 -158829707
0 -168226771
0 -177623835
0 -187020899
0 -196417963
0 -205815027
0 -215212091
0 -224609155
0 -234006219
0 -243403283
0 -251838296
0 -261199945
0 -270561594
0 -279923243
0 -289284892
0 -298646541
0 -308008190
0 -317369839
0 -326731488
0 -336093137
0 -345454786
0 -354816435
0 -364178084
0 -373539733
0 -382901382
0 -392263031
0 -401624680
0 -410986329
0 -420347978
0 -429709627
0 -439071276
0 -448432925
0 -457794574
0 -467156223
0 -476517872
0 -485879521
0 -495241170
0 -504602819
0 -513964468
0 -522299827
0 -531643189
0 -540986551
0 -550329913
0 -559673275
0 -569016637
0 -578359999
0 -587703361
0 -597046723
0 -606390085
0 -615733447
0 -625076809
0 -634420171
0 -643763533
0 -653106895
0 -662450257
0 -671793619
0 -681136981
0 -690480343
0 -699823705
0 -709167067
0 -718510429
0 -727853791
0 -737197153
0 -746540515
0 -755883877
0 -765227239
0 -774570601
0 -783913963
0 -793257325
0 -802600687
0 -811944049
0 -821287411
0 -830630773
0 -839974135
0 -849317497
0 -858660859
0 -868004221
0 -877347583
0 -886690945
0 -896034307
0 -905377669
0 -914721031
0 -924064393
0 -933407755
0 -942751117
0 -952094479
0 -961437841
0 -970781203
0 -980124565
0 -989467927
0 -998811289
0 -1008154651
0 -1017498013
0 -1026841375
0 -1036184737
0 -1045528099
0 -1054871461
0 -1064214823
0 -1073558185
0 -1082901547
0 -1092244909
0 -1101588271
0 -1110931633
0 -1120274995
0 -1129618357
0 -1138961719
0 -1148305081
0 -1157648443
0 -1166991805
0 -1176335167
0 -1185678529
0 -1195021891
0 -1204365253
0 -1213708615
0 -1223051977
0 -1232395339
0 -1241738701
0 -1251082063
0 -1260425425
0 -1269768787
0 -1279112149
0 -1288455511
0 -1297798873
0 -1307142235
0 -1316485597
0 -1325828959
0 -1335172321
0 -1344515683
0 -1353859045
0 -1363202407
0 -1372545769
0 -1381889131
0 -1391232493
0 -1400575855
0 -1409919217
0 -1419262579
0 -1428605941
0 -1437949303
0 -1447292665
0 -1453861485
0 -1463187048
0 -1472512611
0 -1481838174
0 -1491163737
0 -1489924129
0 -1499184006
0 -1508443883
0 -1517703760
0 -1526963637
0 -1536223514
0 -1545483391
0 -1554743268
0 -1564003145
0 -1573263022
0 -1582522899
0 -1591782776
0 -1601042653
0 -1610302530
0 -1619562407
0 -1628822284
0 -1638082161
0 -1647342038
0 -1656601915
0 -1665861792
0 -1675121669
0 -1684381546
0 -1693641423
0 -1702901300
0 -1712161177
0 -1721421054
0 -1730680931
0 -1739940808
0 -1749200685
0 -1758460562
0 -1767720439
0 -1776980316
0 -1786240193
0 -1795500070
0 -1804759947
0 -1814019824
0 -1823279701
0 -1832539578
0 -1841799455
0 -1851059332
0 -1860319209
0 -1869579086
0 -1878838963
0 -1888098840
0 -1897358717
0 -1906618594
0 -1915878471
0 -1908507130
0 -1917687008
0 -1926866886
0 -1936046764
0 -1945226642
0 -1954406520
0 -1963586398
0 -1972766276
0 -1981946154
0 -1991126032
0 -2000305910
0 -2009485788
0 -2018665666
0 -2027845544
0 -2037025422
0 -2046205300
0 -2055385178
0 -2064565056
0 -2073744934
0 -2082924812
0 -2092104690
0 -2101284568
0 -2110464446
0 -2119644324
0 -2128824202
0 -2138004080
0 -2147183958
0 -2156363836
0 -2165543714
0 -2174723592
0 -2183903470
0 -2193083348
0 -2202263226
0 -2211443104
0 -2220622982
0 -2229802860
0 -2238982738
0 -2248162616
0 -2257342494
0 -2266522372
0 -2275702250
0 -2284882128
0 -2294062006
0 -2303241884
0 -2312421762
0 -2321601640
0 -2330781518
0 -2339961396
0 -2349141274
0 -2358321152
0 -2367501030
0 -2376680908
0 -2385860786
0 -2395040664
0 -2404220542
0 -2413400420
0 -2422580298
0 -2431760176
0 -2440940054
0 -2450119932
0 -2459299810
0 -2468479688
0 -2477659566
0 -2486839444
0 -2496019322
0 -2505199200
0 -2514379078
0 -2523558956
0 -2532738834
0 -2541918712
0 -2551098590
0 -2560278468
0 -2569458346
0 -2578638224
0 -2587818102
0 -2596997980
0 -2606177858
0 -2615357736
0 -2624537614
0 -2633717492
0 -2642897370
0 -2652077248
0 -2661257126
0 -2670437004
0 -2679616882
0 -2688796760
0 -2697976638
0 -2707156516
0 -2716336394
0 -2725516272
0 -2734696150
0 -2743876028
0 -2753055906
0 -2762235784
0 -2771415662
0 -2780595540
0 -2789775418
0 -2798955296
0 -2808135174
0 -2817315052
0 -2826494930
0 -2835674808
0 -2844854686
0 -2854034564
0 -2863214442
0 -2872394320
0 -2881574198
0 -2890754076
0 -2899933954
0 -2909113832
0 -2918293710
0 -2927473588
0 -2936653466
0 -2945833344
0 -2955013222
0 -2964193100
0 -2973372978
0 -2982552856
0 -2991732734
0 -3000912612
0 -3010092490
0 -3019272368
0 -3028452246
0 -3037632124
0 -3046812002
0 -3055991880
0 -3065171758
0 -3074351636
0 -3083531514
0 -3092711392
0 -3101891270
0 -3111071148
0 -3120251026
0 -3129430904
0 -3138610782
0 -3147790660
0 -3156970538
0 -3166150416
0 -3175330294
0 -3184510172
0 -3193690050
0 -3202869928
0 -3212049806
0 -3221229684
0 -3230409562
0 -3239589440
0 -3248769318
0 -3257949196
0 -3267129074
0 -3276308952
0 -3285488830
0 -3294668708
0 -3303848586
0 -3313028464
0 -3322208342
0 -3331388220
0 -3340568098
0 -3349747976
0 -3358927854
0 -3368107732
0 -3377287610
0 -3386467488
0 -3395647366
0 -3404827244
0 -3414007122
0 -3423187000
0 -3432366878
0 -3441546756
0 -3450726634
0 -3459906512
0 -3469086390
0 -3478266268
0 -3487446146
0 -3496626024
0 -3505805902
0 -3514985780
0 -3524165658
0 -3533345536
0 -3542525414
0 -3551705292
0 -3560885170
0 -3570065048
0 -3579244926
0 -3588424804
0 -3597604682
0 -3606784560
0 -3615964438
0 -3625144316
0 -3634324194
0 -3643504072
0 -3652683950
0 -3661863828
0 -3671043706
0 -3680223584
0 -3689403462
0 -3698583340
0 -3707763218
0 -3716943096
0 -3726122974
0 -3735302852
0 -3744482730
0 -3753662608
0 -3762842486
0 -3772022364
0 -3781202242
0 -3790382120
0 -3799561998
0 -3808741876
0 -3817921754
0 -3827101632
0 -3836281510
0 -3845461388
0 -3854641266
0 -3863821144
0 -3873001022
0 -3882180900
0 -3891360778
0 -3900540656
0 -3909720534
0 -3918900412
0 -3928080290
0 -3937260168
0 -3946440046
0 -3955619924
0 -3964799802
0 -3973979680
0 -3983159558
0 -3992339436
0 -4001519314
0 -4010699192
0 -4019879070
0 -4029058948
0 -4038238826
0 -4047418704
0 -4056598582
0 -4065778460
0 -4074958338
0 -4084138216
0 -4093318094
0 -4102497972
0 -4111677850
0 -4120857728
0 -4130037606
0 -4139217484
0 -4148397362
0 -4157577240
0 -4166757118
0 -4175936996
0 -4185116874
0 -4194296752
0 -4203476630
0 -4212656508
0 -4221836386
0 -4231016264
0 -4240196142
0 -4249376020
0 -4258555898
0 -4267735776
0 -4276915654
0 -4286095532
0 -4295275410
0 -4304455288
0 -4313635166
0 -4322815044
0 -4331994922
0 -4341174800
0 -4350354678
0 -4359534556
0 -4368714434
0 -4377894312
0 -4387074190
0 -4396254068
0 -4405433946
0 -4414613824
0 -4423793702
0 -4432973580
0 -4442153458
0 -4451333336
0 -4460513214
0 -4469693092
0 -4478872970
0 -4488052848
0 -4497232726
0 -4506412604
0 -4515592482
0 -4524772360
0 -4533952238
0 -4543132116
0 -4552311994
0 -4561491872
0 -4570671750
0 -4579851628
0 -4589031506
0 -4598211384
0 -4607391262
0 -4616571140
0 -4625751018
0 -4634930896
0 -4644110774
0 -4653290652
0 -4662470530
0 -4671650408
0 -4680830286
0 -4690010164
0 -4699190042
0 -4708369920
0 -4717549798
0 -4726729676
0 -4735909554
0 -4745089432
0 -4754269310
0 -4763449188
0 -4772629066
0 -4781808944
0 -4790988822
0 -4800168700
0 -4809348578
0 -4818528456
0 -4827708334
0 -4836888212
0 -4846068090
0 -4855247968
0 -4864427846
0 -4873607724
0 -4882787602
0 -4891967480
0 -4901147358
0 -4910327236
0 -4919507114
0 -4928686992
0 -4937866870
0 -4947046748
0 -4956226626
0 -4965406504
0 -4974586382
0 -4983766260
0 -4992946138
0 -5002126016
0 -5011305894
0 -5020485772
0 -5029665650
0 -5038845528
0 -5048025406
0 -5057205284
0 -5066385162
0 -5075565040
0 -5084744918
0 -5093924796
0 -5103104674
0 -5112284552
0 -5121464430
0 -5130644308
0 -5139824186
0 -5149004064
0 -5158183942
0 -5167363820
0 -5176543698
0 -5185723576
0 -5194903454
0 -5204083332
0 -5213263210
0 -5222443088
0 -5231622966
0 -5240802844
0 -5249982722
0 -5259162600
0 -5268342478
0 -5277522356
0 -5286702234
0 -5295882112
0 -5305061990
0 -5314241868
0 -5323421746
0 -5332601624
0 -5341781502
0 -5350961380
0 -5360141258
0 -5369321136
0 -5378501014
0 -5387680892
0 -5396860770
0 -5406040648
0 -5415220526
0 -5424400404
0 -5433580282
0 -5442760160
0 -5451940038
0 -5461119916
0 -5470299794
0 -5479479672
0 -5488659550
0 -5497839428
0 -5507019306
0 -5516199184
0 -5525379062
0 -5534558940
0 -5543738818
0 -5552918696
0 -5562098574
0 -5571278452
0 -5580458330
0 -5589638208
0 -5598818086
0 -5607997964
0 -5617177842
0 -5626357720
0 -5635537598
0 -5644717476
0 -5653897354
0 -5663077232
0 -5672257110
0 -5681436988
0 -5690616866
0 -5699796744
0 -5708976622
0 -5718156500
0 -5727336378
0 -5736516256
0 -5745696134
0 -5754876012
0 -5764055890
0 -5773235768
0 -5779199807
0 -5788374576
0 -5797549345
0 -5806724114
0 -5815898883
0 -5825073652
0 -5834248421
0 -5843423190
0 -5852597959
0 -5861772728
0 -5870947497
0 -5880122266
0 -5889297035
0 -5898471804
0 -5907646573
0 -5916821342
0 -5925996111
0 -5935170880
0 -5944345649
0 -5953520418
0 -5962695187
0 -5971869956
0 -5981044725
0 -5990219494
0 -5999394263
0 -6008569032
0 -6017743801
0 -6026918570
0 -6036093339
0 -6045268108
0 -6054442877
0 -6063617646
0 -6072792415
0 -6081967184
0 -6091141953
0 -6100316722
0 -6109491491
0 -6118666260
0 -6127841029
0 -6137015798
0 -6146190567
0 -6155365336
0 -6164540105
0 -6166516432
0 -6175680505
0 -6184844578
0 -6194008651
0 -6203172724
0 -6212336797
0 -6221500870
0 -6230664943
0 -6239829016
0 -6248993089
0 -6258157162
0 -6267321235
0 -6276485308
0 -6285649381
0 -6294813454
0 -6303977527
0 -6313141600
0 -6322305673
0 -6331469746
0 -6340633819
0 -6349797892
0 -6358961965
0 -6368126038
0 -6377290111
0 -6386454184
0 -6395618257
0 -6404782330
0 -6413946403
0 -6423110476
0 -6432274549
0 -6441438622
0 -6450602695
0 -6459766768
0 -6468930841
0 -6478094914
0 -6487258987
0 -6496423060
0 -6505587133
0 -6514751206
0 -6523915279
0 -6533079352
0 -6542243425
0 -6551407498
0 -6560571571
0 -6569735644
0 -6578899717
0 -6588063790
0 -6597227863
0 -6606391936
0 -6615556009
0 -6624720082
0 -6633884155
0 -6643048228
0 -6652212301
0 -6661376374
0 -6670540447
0 -6679704520
0 -6688868593
0 -6698032666
0 -6707196739
0 -6716360812
0 -6725524885
0 -6734688958
0 -6743853031
0 -6753017104
0 -6762181177
0 -6771345250
0 -6780509323
0 -6789673396
0 -6798837469
0 -6808001542
0 -6817165615
0 -6826329688
0 -6835493761
0 -6844657834
0 -6853821907
0 -6862985980
0 -6872150053
0 -6881314126
0 -6890478199
0 -6899642272
0 -6908806345
0 -6917970418
0 -6927134491
0 -6936298564
0 -6945462637
0 -6954626710
0 -6963790783
0 -6972954856
0 -6971555739
0 -6980705942
0 -6989856145
0 -6999006348
0 -7008156551
0 -7017306754
0 -7026456957
0 -7035607160
0 -7044757363
0 -7053907566
0 -7063057769
0 -7072207972
0 -7081358175
0 -7090508378
0 -7099658581
0 -7108808784
0 -7117958987
0 -7127109190
0 -7136259393
0 -7145409596
0 -7154559799
0 -7163710002
0 -7172860205
0 -7182010408
0 -7191160611
0 -7200310814
0 -7209461017
0 -7218611220
0 -7227761423
0 -7236911626
0 -7246061829
0 -7255212032
0 -7264362235
0 -7273512438
0 -7282662641
0 -7291812844
0 -7300963047
0 -7310113250
0 -7319263453
0 -7328413656
0 -7337563859
0 -7346714062
0 -7355864265
0 -7365014468
0 -7374164671
0 -7383314874
0 -7392465077
0 -7401615280
0 -7410765483
0 -7419915686
0 -7429065889
0 -7438216092
0 -7447366295
0 -7456516498
0 -7465666701
0 -7474816904
0 -7483967107
0 -7493117310
0 -7502267513
0 -7511417716
0 -7520567919
0 -7529718122
0 -7538868325
0 -7548018528
0 -7557168731
0 -7566318934
0 -7575469137
0 -7584619340
0 -7593769543
0 -7602919746
0 -7612069949
0 -7621220152
0 -7630370355
0 -7639520558
0 -7648670761
0 -7657820964
0 -7666971167
0 -7676121370
0 -7685271573
0 -7694421776
0 -7703571979
0 -7712722182
0 -7721872385
0 -7731022588
0 -7740172791
0 -7749322994
0 -7758473197
0 -7767623400
0 -7776773603
0 -7785923806
0 -7795074009
0 -7804224212
0 -7813374415
0 -7822524618
0 -7831674821
0 -7840825024
0 -7849975227
0 -7859125430
0 -7868275633
0 -7877425836
0 -7886576039
0 -7895726242
0 -7904876445
0 -7914026648
0 -7923176851
0 -7932327054
0 -7941477257
0 -7950627460
0 -7959777663
0 -7968927866
0 -7978078069
0 -7987228272
0 -7996378475
0 -8005528678
0 -8014678881
0 -8023829084
0 -8032979287
0 -8042129490
0 -8051279693
0 -8060429896
0 -8069580099
0 -8078730302
0 -8087880505
0 -8097030708
0 -8106180911
0 -8115331114
0 -8124481317
0 -8133631520
0 -8142781723
0 -8151931926
0 -8161082129
0 -8170232332
0 -8179382535
0 -8188532738
0 -8197682941
0 -8206833144
0 -8215983347
0 -8225133550
0 -8234283753
0 -8243433956
0 -8252584159
0 -8261734362
0 -8270884565
0 -8280034768
0 -8289184971
0 -8298335174
0 -8307485377
0 -8316635580
0 -8325785783
0 -8334935986
0 -8344086189
0 -8353236392
0 -8362386595
0 -8371536798
0 -8380687001
0 -8389837204
0 -8398987407
0 -8408137610
0 -8417287813
0 -8426438016
0 -8435588219
0 -8444738422
0 -8453888625
0 -8463038828
0 -8472189031
0 -8481339234
0 -8490489437
0 -8499639640
0 -8508789843
0 -8517940046
0 -8527090249
0 -8536240452
0 -8545390655
0 -8554540858
0 -8563691061
0 -8572841264
0 -8581991467
0 -8591141670
0 -8600291873
0 -8609442076
0 -8618592279
0 -8627742482
0 -8636892685
0 -8646042888
0 -8655193091
0 -8664343294
0 -8673493497
0 -8682643700
0 -8691793903
0 -8700944106
0 -8710094309
0 -8719244512
0 -8728394715
0 -8737544918
0 -8746695121
0 -8755845324
0 -8764995527
0 -8774145730
0 -8783295933
0 -8792446136
0 -8801596339
0 -8810746542
0 -8819896745
0 -8829046948
0 -8838197151
0 -8847347354
0 -8856497557
0 -8865647760
0 -8874797963
0 -8883948166
0 -8893098369
0 -8902248572
0 -8911398775
0 -8920548978
0 -8929699181
0 -8938849384
0 -8947999587
0 -8957149790
0 -8966299993
0 -8975450196
0 -8984600399
0 -8993750602
0 -9002900805
0 -9012051008
0 -9021201211
0 -9030351414
0 -9039501617
0 -9048651820
0 -9057802023
0 -9066952226
0 -9076102429
0 -9085252632
0 -9094402835
0 -9103553038
0 -9112703241
0 -9121853444
0 -9131003647
0 -9140153850
0 -9149304053
0 -9158454256
0 -9167604459
0 -9176754662
0 -9185904865
0 -9195055068
0 -9204205271
0 -9213355474
0 -9222505677
0 -9231655880
0 -9240806083
0 -9249956286
0 -9259106489
0 -9268256692
0 -9277406895
0 -9286557098
0 -9295707301
0 -9304857504
0 -9314007707
0 -9323157910
0 -9332308113
0 -9341458316
0 -9350608519
0 -9359758722
0 -9368908925
0 -9378059128
0 -9387209331
0 -9396359534
0 -9405509737
0 -9414659940
0 -9423810143
0 -9432960346
0 -9442110549
0 -9451260752
0 -9460410955
0 -9469561158
0 -9478711361
0 -9487861564
0 -9497011767
0 -9506161970
0 -9515312173
0 -9524462376
0 -9533612579
0 -9542762782
0 -9551912985
0 -9561063188
0 -9570213391
0 -9579363594
0 -9588513797
0 -9597664000
0 -9606814203
0 -9615964406
0 -9625114609
0 -9634264812
0 -9643415015
0 -9652565218
0 -9661715421
0 -9670865624
0 -9680015827
0 -9689166030
0 -9698316233
0 -9707466436
0 -9716616639
0 -9725766842
0 -9734917045
0 -9744067248
0 -9753217451
0 -9762367654
0 -9771517857
0 -9780668060
0 -9789818263
0 -9798968466
0 -9808118669
0 -9817268872
0 -9826419075
0 -9835569278
0 -9844719481
0 -9853869684
0 -9863019887
0 -9872170090
0 -9881320293
0 -9890470496
0 -9899620699
0 -9908770902
0 -9917921105
0 -9927071308
0 -9936221511
0 -9945371714
0 -9954521917
0 -9963672120
0 -9972822323
0 -9981972526
0 -9991122729
0 -10000272932
0 -10009423135
0 -10018573338
0 -10027723541
0 -10036873744
0 -10046023947
0 -10055174150
0 -10064324353
0 -10073474556
0 -10082624759
0 -10091774962
0 -10100925165
0 -10110075368
0 -10119225571
0 -10128375774
0 -10137525977
0 -10146676180
0 -10155826383
0 -10164976586
0 -10174126789
0 -10183276992
0 -10192427195
0 -10201577398
0 -10210727601
0 -10219877804
0 -10229028007
0 -10238178210
0 -10247328413
0 -10256478616
0 -10265628819
0 -10274779022
0 -10283929225
0 -10293079428
0 -10302229631
0 -10311379834
0 -10320530037
0 -10329680240
0 -10338830443
0 -10347980646
0 -10357130849
0 -10366281052
0 -10375431255
0 -10384581458
0 -10393731661
0 -10402881864
0 -10412032067
0 -10421182270
0 -10430332473
0 -10439482676
0 -10448632879
0 -10457783082
0 -10466933285
0 -10476083488
0 -10485233691
0 -10494383894
0 -10503534097
0 -10512684300
0 -10521834503
0 -10530984706
0 -10540134909
0 -10549285112
0 -10558435315
0 -10567585518
0 -10576735721
0 -10585885924
0 -10595036127
0 -10604186330
0 -10613336533
0 -10622486736
0 -10631636939
0 -10640787142
0 -10649937345
0 -10659087548
0 -10668237751
0 -10677387954
0 -10686538157
0 -10695688360
0 -10704838563
0 -10713988766
0 -10723138969
0 -10732289172
0 -10741439375
0 -10750589578
0 -10759739781
0 -10768889984
0 -10778040187
0 -10787190390
0 -10796340593
0 -10805490796
0 -10814640999
0 -10823791202
0 -10832941405
0 -10842091608
0 -10851241811
0 -10860392014
0 -10869542217
0 -10878692420
0 -10887842623
0 -10896992826
0 -10906143029
0 -10915293232
0 -10924443435
0 -10933593638
0 -10942743841
0 -10951894044
0 -10961044247
0 -10970194450
0 -10979344653
0 -10988494856
0 -10997645059
0 -11006795262
0 -11015945465
0 -11025095668
0 -11034245871
0 -11043396074
0 -11052546277
0 -11061696480
0 -11070846683
0 -11079996886
0 -11089147089
0 -11098297292
0 -11107447495
0 -11116597698
0 -11125747901
0 -11134898104
0 -11144048307
0 -11153198510
0 -11162348713
0 -11171498916
0 -11180649119
0 -11189799322
0 -11198949525
0 -11208099728
0 -11217249931
0 -11226400134
0 -11235550337
0 -11244700540
0 -11253850743
0 -11263000946
0 -11272151149
0 -11281301352
0 -11290451555
0 -11299601758
0 -11308751961
0 -11317902164
0 -11327052367
0 -11336202570
0 -11345352773
0 -11354502976
0 -11363653179
0 -11372803382
0 -11381953585
0 -11391103788
0 -11400253991
0 -11409404194
0 -11418554397
0 -11427704600
0 -11436854803
0 -11446005006
0 -11455155209
0 -11464305412
0 -11473455615
0 -11482605818
0 -11491756021
0 -11500906224
0 -11510056427
0 -11519206630
0 -11528356833
0 -11537507036
0 -11546657239
0 -11555807442
0 -11564957645
0 -11574107848
0 -11583258051
0 -11592408254
0 -11601558457
0 -11610708660
0 -11619858863
0 -11629009066
0 -11638159269
0 -11647309472
0 -11656459675
0 -11665609878
0 -11674760081
0 -11683910284
0 -11693060487
0 -11702210690
0 -11711360893
0 -11720511096
0 -11729661299
0 -11738811502
0 -11747961705
0 -11757111908
0 -11766262111
0 -11775412314
0 -11784562517
0 -11793712720
0 -11802862923
0 -11812013126
0 -11821163329
0 -11830313532
0 -11839463735
0 -11848613938
0 -11857764141
0 -11866914344
0 -11876064547
0 -11885214750
0 -11894364953
0 -11903515156
0 -11912665359
0 -11921815562
0 -11812306608
0 -11821365813
0 -11830425018
0 -11839484223
0 -11848543428
0 -11857602633
0 -11866661838
0 -11875721043
0 -11884780248
0 -11893839453
0 -11902898658
0 -11911957863
0 -11921017068
0 -11930076273
0 -11939135478
0 -11948194683
0 -11957253888
0 -11966313093
0 -11975372298
0 -11984431503
0 -11993490708
0 -12002549913
0 -12011609118
0 -12020668323
0 -12029727528
0 -12038786733
0 -12047845938
0 -12056905143
0 -12065964348
0 -12075023553
0 -12084082758
0 -12093141963
0 -12102201168
0 -12111260373
0 -12120319578
0 -12129378783
0 -12138437988
0 -12147497193
0 -12156556398
0 -12165615603
0 -12174674808
0 -12183734013
0 -12192793218
0 -12201852423
0 -12210911628
0 -12219970833
0 -12229030038
0 -12238089243
0 -12247148448
0 -12256207653
0 -12265266858
0 -12274326063
0 -12283385268
0 -12292444473
0 -12301503678
0 -12310562883
0 -12319622088
0 -12328681293
0 -12337740498
0 -12346799703
0 -12355858908
0 -12364918113
0 -12373977318
0 -12383036523
0 -12392095728
0 -12401154933
0 -12410214138
0 -12419273343
0 -12428332548
0 -12437391753
0 -12446450958
0 -12455510163
0 -12464569368
0 -12473628573
0 -12482687778
0 -12491746983
0 -12500806188
0 -12509865393
0 -12518924598
0 -12527983803
0 -12537043008
0 -12546102213
0 -12555161418
0 -12564220623
0 -12573279828
0 -12582339033
0 -12591398238
0 -12600457443
0 -12609516648
0 -12618575853
0 -12627635058
0 -12636694263
0 -12645753468
0 -12654812673
0 -12663871878
0 -12672931083
0 -12681990288
0 -12691049493
0 -12700108698
0 -12709167903
0 -12718227108
0 -12727286313
0 -12736345518
0 -12745404723
0 -12754463928
0 -12763523133
0 -12772582338
0 -12781641543
0 -12790700748
0 -12799759953
0 -12808819158
0 -12817878363
0 -12826937568
0 -12835996773
0 -12845055978
0 -12854115183
0 -12863174388
0 -12872233593
0 -12881292798
0 -12890352003
0 -12899411208
0 -12908470413
0 -12917529618
0 -12926588823
0 -12935648028
0 -12944707233
0 -12953766438
0 -12962825643
0 -12971884848
0 -12980944053
0 -12990003258
0 -12999062463
0 -13008121668
0 -13017180873
0 -13026240078
0 -13035299283
0 -13044358488
0 -13053417693
0 -13062476898
0 -13071536103
0 -13080595308
0 -13089654513
0 -13098713718
0 -13107772923
0 -13116832128
0 -13125891333
0 -13134950538
0 -13144009743
0 -13153068948
0 -13162128153
0 -13171187358
0 -13180246563
0 -13189305768
0 -13198364973
0 -13207424178
0 -13216483383
0 -13225542588
0 -13234601793
0 -13243660998
0 -13252720203
0 -13261779408
0 -13270838613
0 -13279897818
0 -13288957023
0 -13298016228
0 -13307075433
0 -13316134638
0 -13325193843
0 -13334253048
0 -13343312253
0 -13352371458
0 -13361430663
0 -13370489868
0 -13379549073
0 -13388608278
0 -13397667483
0 -13406726688
0 -13415785893
0 -13424845098
0 -13433904303
0 -13442963508
0 -13452022713
0 -13461081918
0 -13470141123
0 -13479200328
0 -13488259533
0 -13497318738
0 -13506377943
0 -13515437148
0 -13524496353
0 -13533555558
0 -13542614763
0 -13551673968
0 -13560733173
0 -13569792378
0 -13578851583
0 -13587910788
0 -13596969993
0 -13606029198
0 -13615088403
0 -13624147608
0 -13633206813
0 -13642266018
0 -13651325223
0 -13660384428
0 -13669443633
0 -13678502838
0 -13687562043
0 -13696621248
0 -13705680453
0 -13714739658
0 -13723798863
0 -13732858068
0 -13741917273
0 -13750976478
0 -13760035683
0 -13769094888
0 -13778154093
0 -13787213298
0 -13796272503
0 -13805331708
0 -13814390913
0 -13823450118
0 -13832509323
0 -13841568528
0 -13850627733
0 -13859686938
0 -13868746143
0 -13877805348
0 -13886864553
0 -13895923758
0 -13904982963
0 -13914042168
0 -13923101373
0 -13932160578
0 -13941219783
0 -13950278988
0 -13959338193
0 -13968397398
0 -13977456603
0 -13986515808
0 -13995575013
0 -14004634218
0 -14013693423
0 -14022752628
0 -14031811833
0 -14040871038
0 -14049930243
0 -14058989448
0 -14068048653
0 -14077107858
0 -14086167063
0 -14095226268
0 -14104285473
0 -14113344678
0 -14122403883
0 -14131463088
0 -14140522293
0 -14149581498
0 -14158640703
0 -14167699908
0 -14176759113
0 -14185818318
0 -14194877523
0 -14203936728
0 -14212995933
0 -14222055138
0 -14231114343
0 -14240173548
0 -14249232753
0 -14258291958
0 -14267351163
0 -14276410368
0 -14285469573
0 -14282115216
0 -14291166554
0 -14300217892
0 -14309269230
0 -14318320568
0 -14327371906
0 -14336423244
0 -14345474582
0 -14354525920
0 -14363577258
0 -14372628596
0 -14381679934
0 -14390731272
0 -14399782610
0 -14408833948
0 -14417885286
0 -14426936624
0 -14435987962
0 -14445039300
0 -14454090638
0 -14463141976
0 -14472193314
0 -14481244652
0 -14490295990
0 -14499347328
0 -14508398666
0 -14517450004
0 -14526501342
0 -14535552680
0 -14544604018
0 -14553655356
0 -14562706694
0 -14571758032
0 -14580809370
0 -14589860708
0 -14598912046
0 -14607963384
0 -14617014722
0 -14626066060
0 -14635117398
0 -14644168736
0 -14653220074
0 -14662271412
0 -14671322750
0 -14680374088
0 -14689425426
0 -14698476764
0 -14707528102
0 -14716579440
0 -14725630778
0 -14734682116
0 -14743733454
0 -14752784792
0 -14761836130
0 -14770887468
0 -14779938806
0 -14788990144
0 -14798041482
0 -14807092820
0 -14816144158
0 -14825195496
0 -14834246834
0 -14843298172
0 -14852349510
0 -14861400848
0 -14870452186
0 -14879503524
0 -14888554862
0 -14897606200
0 -14906657538
0 -14915708876
0 -14924760214
0 -14933811552
0 -14942862890
0 -14951914228
0 -14960965566
0 -14970016904
0 -14979068242
0 -14988119580
0 -14997170918
0 -15006222256
0 -15015273594
0 -15024324932
0 -15033376270
0 -15042427608
0 -15051478946
0 -15060530284
0 -15069581622
0 -15078632960
0 -15087684298
0 -15096735636
0 -15105786974
0 -15114838312
0 -15123889650
0 -15132940988
0 -15141992326
0 -15151043664
0 -15160095002
0 -15169146340
0 -15178197678
0 -15187249016
0 -15196300354
0 -15205351692
0 -15214403030
0 -15223454368
0 -15232505706
0 -15241557044
0 -15250608382
0 -15259659720
0 -15268711058
0 -15277762396
0 -15286813734
0 -15295865072
0 -15304916410
0 -15313967748
0 -15323019086
0 -15332070424
0 -15341121762
0 -15350173100
0 -15359224438
0 -15368275776
0 -15377327114
0 -15386378452
0 -15395429790
0 -15404481128
0 -15413532466
0 -15422583804
0 -15431635142
0 -15440686480
0 -15449737818
0 -15458789156
0 -15467840494
0 -15476891832
0 -15485943170
0 -15494994508
0 -15504045846
0 -15513097184
0 -15522148522
0 -15531199860
0 -15540251198
0 -15549302536
0 -15558353874
0 -15567405212
0 -15576456550
0 -15585507888
0 -15594559226
0 -15603610564
0 -15612661902
0 -15621713240
0 -15630764578
0 -15639815916
0 -15648867254
0 -15657918592
0 -15666969930
0 -15676021268
0 -15685072606
0 -15694123944
0 -15703175282
0 -15712226620
0 -15721277958
0 -15730329296
0 -15739380634
0 -15748431972
0 -15757483310
0 -15766534648
0 -15775585986
0 -15784637324
0 -15793688662
0 -15802740000
0 -15811791338
0 -15820842676
0 -15829894014
0 -15838945352
0 -15847996690
0 -15857048028
0 -15866099366
0 -15875150704
0 -15884202042
0 -15893253380
0 -15902304718
0 -15911356056
0 -15920407394
0 -15929458732
0 -15938510070
0 -15947561408
0 -15956612746
0 -15965664084
0 -15974715422
0 -15983766760
0 -15992818098
0 -16001869436
0 -16010920774
0 -16019972112
0 -16029023450
0 -16038074788
0 -16047126126
0 -16056177464
0 -16065228802
0 -16074280140
0 -16083331478
0 -16092382816
0 -16101434154
0 -16110485492
0 -16119536830
0 -16128588168
0 -16137639506
0 -16146690844
0 -16155742182
0 -16164793520
0 -16173844858
0 -16182896196
0 -16191947534
0 -16200998872
0 -16210050210
0 -16219101548
0 -16228152886
0 -16237204224
0 -16246255562
0 -16255306900
0 -16264358238
0 -16273409576
0 -16282460914
0 -16291512252
0 -16300563590
0 -16309614928
0 -16318666266
0 -16327717604
0 -16336768942
0 -16345820280
0 -16354871618
0 -16363922956
0 -16372974294
0 -16382025632
0 -16391076970
0 -16400128308
0 -16409179646
0 -16418230984
0 -16427282322
0 -16436333660
0 -16445384998
0 -16454436336
0 -16463487674
0 -16472539012
0 -16481590350
0 -16490641688
0 -16499693026
0 -16508744364
0 -16517795702
0 -16526847040
0 -16535898378
0 -16544949716
0 -16554001054
0 -16563052392
0 -16572103730
0 -16581155068
0 -16590206406
0 -16599257744
0 -16608309082
0 -16617360420
0 -16626411758
0 -16635463096
0 -16644514434
0 -16653565772
0 -16662617110
0 -16671668448
0 -16680719786
0 -16689771124
0 -16698822462
0 -16707873800
0 -16716925138
0 -16725976476
0 -16735027814
0 -16744079152
0 -16753130490
0 -16762181828
0 -16771233166
0 -16780284504
0 -16789335842
0 -16798387180
0 -16807438518
0 -16816489856
0 -16825541194
0 -16834592532
0 -16843643870
0 -16852695208
0 -16861746546
0 -16870797884
0 -16879849222
0 -16888900560
0 -16897951898
0 -16907003236
0 -16916054574
0 -16925105912
0 -16934157250
0 -16943208588
0 -16952259926
0 -16961311264
0 -16970362602
0 -16979413940
0 -16988465278
0 -16997516616
0 -17006567954
0 -17015619292
0 -17024670630
0 -17033721968
0 -17042773306
0 -17051824644
0 -17060875982
0 -17069927320
0 -17078978658
0 -17088029996
0 -17097081334
0 -17106132672
0 -17115184010
0 -17124235348
0 -17133286686
0 -17142338024
0 -17151389362
0 -17160440700
0 -17169492038
0 -17178543376
0 -17187594714
0 -17196646052
0 -17205697390
0 -17214748728
0 -17223800066
0 -17232851404
0 -17241902742
0 -17250954080
0 -17260005418
0 -17269056756
0 -17278108094
0 -17287159432
0 -17296210770
0 -17305262108
0 -17314313446
0 -17323364784
0 -17332416122
0 -17341467460
0 -17350518798
0 -17359570136
0 -17368621474
0 -17377672812
0 -17386724150
0 -17395775488
0 -17404826826
0 -17413878164
0 -17422929502
0 -17431980840
0 -17441032178
0 -17450083516
0 -17459134854
0 -17468186192
0 -17477237530
0 -17486288868
0 -17495340206
0 -17504391544
0 -17513442882
0 -17522494220
0 -17531545558
0 -17540596896
0 -17549648234
0 -17558699572
0 -17567750910
0 -17576802248
0 -17585853586
0 -17594904924
0 -17603956262
0 -17613007600
0 -17622058938
0 -17631110276
0 -17640161614
0 -17649212952
0 -17658264290
0 -17667315628
0 -17676366966
0 -17685418304
0 -17694469642
0 -17703520980
0 -17712572318
0 -17721623656
0 -17730674994
0 -17739726332
0 -17748777670
0 -17757829008
0 -17766880346
0 -17775931684
0 -17784983022
0 -17794034360
0 -17803085698
0 -17812137036
0 -17821188374
0 -17830239712
0 -17839291050
0 -17848342388
0 -17857393726
0 -17866445064
0 -17875496402
0 -17884547740
0 -17893599078
0 -17902650416
0 -17911701754
0 -17920753092
0 -17929804430
0 -17938855768
0 -17947907106
0 -17956958444
0 -17966009782
0 -17975061120
0 -17984112458
0 -17993163796
0 -18002215134
0 -18011266472
0 -18020317810
0 -18029369148
0 -18038420486
0 -18047471824
0 -18056523162
0 -18065574500
0 -18074625838
0 -18083677176
0 -18092728514
0 -18101779852
0 -18110831190
0 -18119882528
0 -18128933866
0 -18137985204
0 -18147036542
0 -18156087880
0 -18165139218
0 -18174190556
0 -18183241894
0 -18192293232
0 -18201344570
0 -18210395908
0 -18219447246
0 -18228498584
0 -18237549922
0 -18246601260
0 -18255652598
0 -18264703936
0 -18273755274
0 -18282806612
0 -18291857950
0 -18300909288
0 -18309960626
0 -18319011964
0 -18328063302
0 -18337114640
0 -18346165978
0 -18355217316
0 -18364268654
0 -18373319992
0 -18382371330
0 -18391422668
0 -18400474006
0 -18409525344
0 -18418576682
0 -18427628020
0 -18436679358
0 -18445730696
0 -18454782034
0 -18463833372
0 -18472884710
0 -18481936048
0 -18490987386
0 -18500038724
0 -18509090062
0 -18518141400
0 -18527192738
0 -18536244076
0 -18545295414
0 -18554346752
0 -18563398090
0 -18572449428
0 -18581500766
0 -18590552104
0 -18599603442
0 -18608654780
0 -18617706118
0 -18626757456
0 -18635808794
0 -18644860132
0 -18653911470
0 -18662962808
0 -18672014146
0 -18681065484
0 -18690116822
0 -18699168160
0 -18708219498
0 -18717270836
0 -18726322174
0 -18735373512
0 -18744424850
0 -18753476188
0 -18762527526
0 -18771578864
0 -18780630202
0 -18789681540
0 -18798732878
0 -18807784216
0 -18816835554
0 -18825886892
0 -18834938230
0 -18843989568
0 -18853040906
0 -18862092244
0 -18871143582
0 -18880194920
0 -18889246258
0 -18898297596
0 -18907348934
0 -18916400272
0 -18925451610
0 -18934502948
0 -18943554286
0 -18952605624
0 -18961656962
0 -18970708300
0 -18979759638
0 -18988810976
0 -18997862314
0 -19006913652
0 -19015964990
0 -19025016328
0 -19034067666
0 -19043119004
0 -19052170342
0 -19061221680
0 -19070273018
0 -19079324356
0 -19088375694
0 -19097427032
0 -19106478370
0 -19115529708
0 -19124581046
0 -19133632384
0 -19142683722
0 -19151735060
0 -19160786398
0 -19169837736
0 -19178889074
0 -19187940412
0 -19196991750
0 -19206043088
0 -19215094426
0 -19224145764
0 -19233197102
0 -19242248440
0 -19251299778
0 -19260351116
0 -19269402454
0 -19278453792
0 -19287505130
0 -19296556468
0 -19305607806
0 -19314659144
0 -19323710482
0 -19332761820
0 -19341813158
0 -19350864496
0 -19359915834
0 -19368967172
0 -19378018510
0 -19387069848
0 -19396121186
0 -19405172524
0 -19414223862
0 -19423275200
0 -19432326538
0 -19441377876
0 -19450429214
0 -19459480552
0 -19468531890
0 -19477583228
0 -19486634566
0 -19495685904
0 -19504737242
0 -19513788580
0 -19522839918
0 -19531891256
0 -19540942594
0 -19549993932
0 -19559045270
0 -19568096608
0 -19577147946
0 -19586199284
0 -19595250622
0 -19604301960
0 -19613353298
0 -19622404636
0 -19631455974
0 -19640507312
0 -19649558650
0 -19658609988
0 -19667661326
0 -19676712664
0 -19685764002
0 -19694815340
0 -19703866678
0 -19712918016
0 -19721969354
0 -19731020692
0 -19740072030
0 -19749123368
0 -19758174706
0 -19767226044
0 -19776277382
0 -19785328720
0 -19794380058
0 -19803431396
0 -19812482734
0 -19821534072
0 -19830585410
0 -19839636748
0 -19848688086
0 -19857739424
0 -19866790762
0 -19875842100
0 -19884893438
0 -19893944776
0 -19902996114
0 -19912047452
0 -19921098790
0 -19930150128
0 -19939201466
0 -19948252804
0 -19957304142
0 -19966355480
0 -19975406818
0 -19984458156
0 -19993509494
0 -20002560832
0 -20011612170
0 -20020663508
0 -20029714846
0 -20038766184
0 -20047817522
0 -20056868860
0 -20065920198
0 -20074971536
0 -20084022874
0 -20093074212
0 -20102125550
0 -20111176888
0 -20120228226
0 -20129279564
0 -20138330902
0 -20147382240
0 -20156433578
0 -20165484916
0 -20174536254
0 -20183587592
0 -20192638930
0 -20201690268
0 -20210741606
0 -20219792944
0 -20228844282
0 -20237895620
0 -20246946958
0 -20255998296
0 -20265049634
0 -20274100972
0 -20283152310
0 -20292203648
0 -20301254986
0 -20310306324
0 -20319357662
0 -20328409000
0 -20337460338
0 -20346511676
0 -20355563014
0 -20364614352
0 -20373665690
0 -20382717028
0 -20391768366
0 -20400819704
0 -20409871042
0 -20418922380
0 -20427973718
0 -20437025056
0 -20446076394
0 -20455127732
0 -20464179070
0 -20473230408
0 -20482281746
0 -20491333084
0 -20500384422
0 -20509435760
0 -20518487098
0 -20527538436
0 -20536589774
0 -20545641112
0 -20554692450
0 -20563743788
0 -20572795126
0 -20581846464
0 -20590897802
0 -20599949140
0 -20609000478
0 -20618051816
0 -20627103154
0 -20636154492
0 -20645205830
0 -20654257168
0 -20663308506
0 -20672359844
0 -20681411182
0 -20690462520
0 -20699513858
0 -20708565196
0 -20717616534
0 -20726667872
0 -20735719210
0 -20744770548
0 -20753821886
0 -20762873224
0 -20771924562
0 -20780975900
0 -20790027238
0 -20799078576
0 -20808129914
0 -20817181252
0 -20826232590
0 -20835283928
0 -20844335266
0 -20853386604
0 -20862437942
0 -20871489280
0 -20880540618
0 -20889591956
0 -20898643294
0 -20907694632
0 -20916745970
0 -20925797308
0 -20934848646
0 -20943899984
0 -20952951322
0 -20962002660
0 -20971053998
0 -20980105336
0 -20989156674
0 -20998208012
0 -21007259350
0 -21016310688
0 -21025362026
0 -21034413364
0 -21043464702
0 -21052516040
0 -21061567378
0 -21070618716
0 -21079670054
0 -21088721392
0 -21097772730
0 -21106824068
0 -21115875406
0 -21124926744
0 -21133978082
0 -21143029420
0 -21152080758
0 -21161132096
0 -21170183434
0 -21179234772
0 -21188286110
0 -21197337448
0 -21206388786
0 -21215440124
0 -21224491462
0 -21233542800
0 -21242594138
0 -21251645476
0 -21260696814
0 -21269748152
0 -21278799490
0 -21287850828
0 -21296902166
0 -21305953504
0 -21315004842
0 -21324056180
0 -21333107518
0 -21342158856
0 -21351210194
0 -21360261532
0 -21369312870
0 -21378364208
0 -21387415546
0 -21396466884
0 -21405518222
0 -21414569560
0 -21423620898
0 -21432672236
0 -21441723574
0 -21450774912
0 -21459826250
0 -21468877588
0 -21477928926
0 -21486980264
0 -21496031602
0 -21505082940
0 -21514134278
0 -21523185616
0 -21532236954
0 -21541288292
0 -21550339630
0 -21559390968
0 -21568442306
0 -21577493644
0 -21586544982
0 -21595596320
0 -21604647658
0 -21613698996
0 -21622750334
0 -21631801672
0 -21640853010
0 -21649904348
0 -21658955686
0 -21668007024
0 -21677058362
0 -21686109700
0 -21695161038
0 -21704212376
0 -21713263714
0 -21722315052
0 -21731366390
0 -21740417728
0 -21749469066
0 -21758520404
0 -21767571742
0 -21776623080
0 -21785674418
0 -21794725756
0 -21803777094
0 -21812828432
0 -21821879770
0 -21830931108
0 -21839982446
0 -21849033784
0 -21858085122
0 -21867136460
0 -21876187798
0 -21885239136
0 -21894290474
0 -21903341812
0 -21912393150
0 -21921444488
0 -21930495826
0 -21939547164
0 -21948598502
0 -21957649840
0 -21966701178
0 -21975752516
0 -21984803854
0 -21993855192
0 -22002906530
0 -22011957868
0 -22021009206
0 -22030060544
0 -22039111882
0 -22048163220
0 -22057214558
0 -22066265896
0 -22075317234
0 -22084368572
0 -22093419910
0 -22102471248
0 -22111522586
0 -22120573924
0 -22129625262
0 -22138676600
0 -22147727938
0 -22156779276
0 -22165830614
0 -22174881952
0 -22183933290
0 -22192984628
0 -22202035966
0 -22211087304
0 -22220138642
0 -22229189980
0 -22238241318
0 -22247292656
0 -22256343994
0 -22265395332
0 -22274446670
0 -22283498008
0 -22292549346
0 -22301600684
0 -22310652022
0 -22319703360
0 -22328754698
0 -22337806036
0 -22346857374
0 -22355908712
0 -22364960050
0 -22374011388
0 -22383062726
0 -22392114064
0 -22401165402
0 -22410216740
0 -22419268078
0 -22428319416
0 -22437370754
0 -22446422092
0 -22455473430
0 -22464524768
0 -22473576106
0 -22482627444
0 -22491678782
0 -22500730120
0 -22509781458
0 -22518832796
0 -22527884134
0 -22536935472
0 -22545986810
0 -22555038148
0 -22564089486
0 -22573140824
0 -22582192162
0 -22591243500
0 -22600294838
0 -22609346176
0 -22618397514
0 -22627448852
0 -22636500190
0 -22645551528
0 -22654602866
0 -22663654204
0 -22672705542
0 -22681756880
0 -22690808218
0 -22699859556
0 -22708910894
0 -22717962232
0 -22727013570
0 -22736064908
0 -22745116246
0 -22754167584
0 -22763218922
0 -22772270260
0 -22781321598
0 -22790372936
0 -22799424274
0 -22808475612
0 -22817526950
0 -22826578288
0 -22835629626
0 -22844680964
0 -22853732302
0 -22862783640
0 -22871834978
0 -22880886316
0 -22889937654
0 -22898988992
0 -22908040330
0 -22917091668
0 -22926143006
0 -22935194344
0 -22944245682
0 -22953297020
0 -22962348358
0 -22971399696
0 -22980451034
0 -22989502372
0 -22998553710
0 -23007605048
0 -23016656386
0 -23025707724
0 -23034759062
0 -23043810400
0 -23052861738
0 -23061913076
0 -23070964414
0 -23080015752
0 -23089067090
0 -23098118428
0 -23107169766
0 -23116221104
0 -23125272442
0 -23134323780
0 -23143375118
0 -23152426456
0 -23161477794
0 -23170529132
0 -23179580470
0 -23188631808
0 -23197683146
0 -23206734484
0 -23215785822
0 -23224837160
0 -23233888498
0 -23242939836
0 -23251991174
0 -23261042512
0 -23270093850
0 -23279145188
0 -23288196526
0 -23297247864
0 -23306299202
0 -23315350540
0 -23324401878
0 -23333453216
0 -23342504554
0 -23351555892
0 -23360607230
0 -23369658568
0 -23378709906
0 -23387761244
0 -23396812582
0 -23405863920
0 -23414915258
0 -23423966596
0 -23433017934
0 -23442069272
0 -23451120610
0 -23460171948
0 -23469223286
0 -23478274624
0 -23487325962
0 -23496377300
0 -23505428638
0 -23514479976
0 -23523531314
0 -23532582652
0 -23541633990
0 -23550685328
0 -23559736666
0 -23568788004
0 -23577839342
0 -23586890680
0 -23595942018
0 -23604993356
0 -23614044694
0 -23623096032
0 -23632147370
0 -23641198708
0 -23650250046
0 -23659301384
0 -23668352722
0 -23677404060
0 -23686455398
0 -23695506736
0 -23704558074
0 -23713609412
0 -23722660750
0 -23731712088
0 -23740763426
0 -23716302211
0 -23725340780
0 -23734379349
0 -23743417918
0 -23752456487
0 -23761495056
0 -23770533625
0 -23779572194
0 -23788610763
0 -23797649332
0 -23806687901
0 -23815726470
0 -23824765039
0 -23833803608
0 -23842842177
0 -23851880746
0 -23860919315
0 -23869957884
0 -23878996453
0 -23888035022
0 -23897073591
0 -23906112160
0 -23915150729
0 -23924189298
0 -23933227867
0 -23942266436
0 -23951305005
0 -23960343574
0 -23969382143
0 -23978420712
0 -23987459281
0 -23996497850
0 -24005536419
0 -24014574988
0 -24023613557
0 -24032652126
0 -24041690695
0 -24050729264
0 -24059767833
0 -24068806402
0 -24077844971
0 -24086883540
0 -24095922109
0 -24104960678
0 -24113999247
0 -24123037816
0 -24132076385
0 -24141114954
0 -24150153523
0 -24159192092
0 -24168230661
0 -24177269230
0 -24186307799
0 -24195346368
0 -24204384937
0 -24213423506
0 -24222462075
0 -24231500644
0 -24240539213
0 -24249577782
0 -24258616351
0 -24267654920
0 -24276693489
0 -24285732058
0 -24294770627
0 -24303809196
0 -24312847765
0 -24321886334
0 -24330924903
0 -24339963472
0 -24349002041
0 -24358040610
0 -24367079179
0 -24376117748
0 -24385156317
0 -24394194886
0 -24403233455
0 -24412272024
0 -24421310593
0 -24430349162
0 -24439387731
0 -24448426300
0 -24457464869
0 -24466503438
0 -24475542007
0 -24484580576
0 -24493619145
0 -24502657714
0 -24511696283
0 -24520734852
0 -24529773421
0 -24538811990
0 -24547850559
0 -24556889128
0 -24565927697
0 -24574966266
0 -24584004835
0 -24593043404
0 -24602081973
0 -24611120542
0 -24620159111
0 -24629197680
0 -24638236249
0 -24647274818
0 -24656313387
0 -24665351956
0 -24674390525
0 -24683429094
0 -24692467663
0 -24701506232
0 -24710544801
0 -24719583370
0 -24728621939
0 -24737660508
0 -24746699077
0 -24755737646
0 -24764776215
0 -24773814784
0 -24782853353
0 -24791891922
0 -24800930491
0 -24809969060
0 -24819007629
0 -24828046198
0 -24837084767
0 -24846123336
0 -24855161905
0 -24864200474
0 -24873239043
0 -24882277612
0 -24891316181
0 -24900354750
0 -24909393319
0 -24918431888
0 -24927470457
0 -24936509026
0 -24945547595
0 -24954586164
0 -24963624733
0 -24972663302
0 -24981701871
0 -24990740440
0 -24999779009
0 -25008817578
0 -25017856147
0 -25026894716
0 -25035933285
0 -25044971854
0 -25054010423
0 -25063048992
0 -25072087561
0 -25081126130
0 -25090164699
0 -25099203268
0 -25108241837
0 -25117280406
0 -25126318975
0 -25135357544
0 -25144396113
0 -25153434682
0 -25162473251
0 -25171511820
0 -25180550389
0 -25189588958
0 -25198627527
0 -25207666096
0 -25216704665
0 -25225743234
0 -25234781803
0 -25243820372
0 -25252858941
0 -25261897510
0 -25270936079
0 -25279974648
0 -25289013217
0 -25298051786
0 -25307090355
0 -25316128924
0 -25325167493
0 -25334206062
0 -25343244631
0 -25352283200
0 -25361321769
0 -25370360338
0 -25379398907
0 -25388437476
0 -25397476045
0 -25406514614
0 -25415553183
0 -25424591752
0 -25433630321
0 -25442668890
0 -25451707459
0 -25460746028
0 -25469784597
0 -25478823166
0 -25487861735
0 -25496900304
0 -25505938873
0 -25514977442
0 -25524016011
0 -25533054580
0 -25542093149
0 -25551131718
0 -25560170287
0 -25569208856
0 -25578247425
0 -25587285994
0 -25596324563
0 -25605363132
0 -25614401701
0 -25623440270
0 -25632478839
0 -25641517408
0 -25650555977
0 -25659594546
0 -25668633115
0 -25677671684
0 -25686710253
0 -25695748822
0 -25704787391
0 -25713825960
0 -25722864529
0 -25731903098
0 -25740941667
0 -25749980236
0 -25759018805
0 -25768057374
0 -25777095943
0 -25786134512
0 -25795173081
0 -25804211650
0 -25813250219
0 -25822288788
0 -25831327357
0 -25840365926
0 -25849404495
0 -25858443064
0 -25867481633
0 -25876520202
0 -25885558771
0 -25894597340
0 -25903635909
0 -25912674478
0 -25921713047
0 -25930751616
0 -25939790185
0 -25948828754
0 -25957867323
0 -25966905892
0 -25975944461
0 -25984983030
0 -25994021599
0 -26003060168
0 -26012098737
0 -26021137306
0 -26030175875
0 -26039214444
0 -26048253013
0 -26057291582
0 -26066330151
0 -26075368720
0 -26084407289
0 -26093445858
0 -26102484427
0 -26111522996
0 -26120561565
0 -26129600134
0 -26138638703
0 -26147677272
0 -26156715841
0 -26165754410
0 -26174792979
0 -26183831548
0 -26192870117
0 -26201908686
0 -26210947255
0 -26219985824
0 -26229024393
0 -26238062962
0 -26247101531
0 -26256140100
0 -26265178669
0 -26274217238
0 -26283255807
0 -26292294376
0 -26301332945
0 -26310371514
0 -26319410083
0 -26328448652
0 -26337487221
0 -26346525790
0 -26355564359
0 -26364602928
0 -26373641497
0 -26382680066
0 -26391718635
0 -26400757204
0 -26409795773
0 -26418834342
0 -26427872911
0 -26436911480
0 -26445950049
0 -26454988618
0 -26464027187
0 -26473065756
0 -26482104325
0 -26491142894
0 -26500181463
0 -26509220032
0 -26518258601
0 -26527297170
0 -26536335739
0 -26545374308
0 -26554412877
0 -26563451446
0 -26572490015
0 -26581528584
0 -26590567153
0 -26599605722
0 -26608644291
0 -26617682860
0 -26626721429
0 -26635759998
0 -26644798567
0 -26653837136
0 -26662875705
0 -26671914274
0 -26680952843
0 -26689991412
0 -26699029981
0 -26708068550
0 -26717107119
0 -26726145688
0 -26735184257
0 -26744222826
0 -26753261395
0 -26762299964
0 -26771338533
0 -26780377102
0 -26789415671
0 -26798454240
0 -26807492809
0 -26816531378
0 -26825569947
0 -26834608516
0 -26843647085
0 -26852685654
0 -26861724223
0 -26870762792
0 -26879801361
0 -26888839930
0 -26897878499
0 -26906917068
0 -26915955637
0 -26924994206
0 -26934032775
0 -26943071344
0 -26952109913
0 -26961148482
0 -26970187051
0 -26979225620
0 -26988264189
0 -26997302758
0 -27006341327
0 -27015379896
0 -27024418465
0 -27033457034
0 -27042495603
0 -27051534172
0 -27060572741
0 -27069611310
0 -27078649879
0 -27087688448
0 -27096727017
0 -27105765586
0 -27114804155
0 -27123842724
0 -27132881293
0 -27141919862
0 -27150958431
0 -27159997000
0 -27169035569
0 -27178074138
0 -27187112707
0 -27196151276
0 -27205189845
0 -27214228414
0 -27223266983
0 -27232305552
0 -27241344121
0 -27250382690
0 -27259421259
0 -27268459828
0 -27277498397
0 -27286536966
0 -27295575535
0 -27304614104
0 -27313652673
0 -27322691242
0 -27331729811
0 -27340768380
0 -27349806949
0 -27358845518
0 -27367884087
0 -27376922656
0 -27385961225
0 -27394999794
0 -27404038363
0 -27413076932
0 -27422115501
0 -27431154070
0 -27440192639
0 -27449231208
0 -27458269777
0 -27467308346
0 -27476346915
0 -27485385484
0 -27494424053
0 -27503462622
0 -27512501191
0 -27521539760
0 -27530578329
0 -27539616898
0 -27548655467
0 -27557694036
0 -27566732605
0 -27575771174
0 -27584809743
0 -27593848312
0 -27602886881
0 -27611925450
0 -27620964019
0 -27630002588
0 -27639041157
0 -27648079726
0 -27657118295
0 -27666156864
0 -27675195433
0 -27684234002
0 -27693272571
0 -27702311140
0 -27711349709
0 -27720388278
0 -27729426847
0 -27738465416
0 -27747503985
0 -27756542554
0 -27765581123
0 -27774619692
0 -27783658261
0 -27792696830
0 -27801735399
0 -27810773968
0 -27819812537
0 -27828851106
0 -27837889675
0 -27846928244
0 -27855966813
0 -27865005382
0 -27874043951
0 -27883082520
0 -27892121089
0 -27901159658
0 -27910198227
0 -27919236796
0 -27928275365
0 -27937313934
0 -27946352503
0 -27955391072
0 -27964429641
0 -27973468210
0 -27982506779
0 -27991545348
0 -28000583917
0 -28009622486
0 -28018661055
0 -28027699624
0 -28036738193
0 -28045776762
0 -28054815331
0 -28063853900
0 -28072892469
0 -28081931038
0 -28090969607
0 -28100008176
0 -28109046745
0 -28118085314
0 -28127123883
0 -28136162452
0 -28145201021
0 -28154239590
0 -28163278159
0 -28172316728
0 -28181355297
0 -28190393866
0 -28199432435
0 -28208471004
0 -28217509573
0 -28226548142
0 -28235586711
0 -28244625280
0 -28253663849
0 -28262702418
0 -28271740987
0 -28280779556
0 -28289818125
0 -28298856694
0 -28307895263
0 -28316933832
0 -28325972401
0 -28335010970
0 -28344049539
0 -28353088108
0 -28362126677
0 -28371165246
0 -28380203815
0 -28389242384
0 -28398280953
0 -28407319522
0 -28416358091
0 -28425396660
0 -28434435229
0 -28443473798
0 -28452512367
0 -28461550936
0 -28470589505
0 -28479628074
0 -28488666643
0 -28497705212
0 -28506743781
0 -28515782350
0 -28524820919
0 -28533859488
0 -28542898057
0 -28551936626
0 -28560975195
0 -28570013764
0 -28579052333
0 -28588090902
0 -28597129471
0 -28606168040
0 -28615206609
0 -28624245178
0 -28633283747
0 -28642322316
0 -28651360885
0 -28660399454
0 -28669438023
0 -28678476592
0 -28687515161
0 -28696553730
0 -28705592299
0 -28714630868
0 -28723669437
0 -28732708006
0 -28741746575
0 -28750785144
0 -28759823713
0 -28768862282
0 -28777900851
0 -28786939420
0 -28795977989
0 -28805016558
0 -28814055127
0 -28823093696
0 -28832132265
0 -28841170834
0 -28850209403
0 -28859247972
0 -28868286541
0 -28877325110
0 -28886363679
0 -28895402248
0 -28904440817
0 -28913479386
0 -28922517955
0 -28931556524
0 -28940595093
0 -28949633662
0 -28958672231
0 -28967710800
0 -28976749369
0 -28985787938
0 -28994826507
0 -29003865076
0 -29012903645
0 -29021942214
0 -29030980783
0 -29040019352
0 -29049057921
0 -29058096490
0 -29067135059
0 -29076173628
0 -29085212197
0 -29094250766
0 -29103289335
0 -29112327904
0 -29121366473
0 -29130405042
0 -29139443611
0 -29148482180
0 -29157520749
0 -29166559318
0 -29175597887
0 -29184636456
0 -29193675025
0 -29202713594
0 -29211752163
0 -29220790732
0 -29229829301
0 -29238867870
0 -29247906439
0 -29256945008
0 -29265983577
0 -29275022146
0 -29284060715
0 -29293099284
0 -29302137853
0 -29311176422
0 -29320214991
0 -29329253560
0 -29338292129
0 -29347330698
0 -29356369267
0 -29365407836
0 -29374446405
0 -29383484974
0 -29392523543
0 -29401562112
0 -29410600681
0 -29419639250
0 -29428677819
0 -29437716388
0 -29446754957
0 -29455793526
0 -29464832095
0 -29473870664
0 -29482909233
0 -29491947802
0 -29500986371
0 -29510024940
0 -29519063509
0 -29528102078
0 -29537140647
0 -29546179216
0 -29555217785
0 -29564256354
0 -29573294923
0 -29582333492
0 -29591372061
0 -29600410630
0 -29609449199
0 -29618487768
0 -29627526337
0 -29636564906
0 -29645603475
0 -29654642044
0 -29663680613
0 -29672719182
0 -29681757751
0 -29690796320
0 -29699834889
0 -29708873458
0 -29717912027
0 -29726950596
0 -29735989165
0 -29745027734
0 -29754066303
0 -29763104872
0 -29772143441
0 -29781182010
0 -29790220579
0 -29799259148
0 -29808297717
0 -29817336286
0 -29826374855
0 -29835413424
0 -29844451993
0 -29853490562
0 -29862529131
0 -29871567700
0 -29880606269
0 -29889644838
0 -29898683407
0 -29907721976
0 -29916760545
0 -29925799114
0 -29934837683
0 -29943876252
0 -29952914821
0 -29961953390
0 -29970991959
0 -29980030528
0 -29989069097
0 -29998107666
0 -30007146235
0 -30016184804
0 -30025223373
0 -30034261942
0 -30043300511
0 -30052339080
0 -30061377649
0 -30070416218
0 -30079454787
0 -30088493356
0 -30097531925
0 -30106570494
0 -30115609063
0 -30124647632
0 -30133686201
0 -30142724770
0 -30151763339
0 -30160801908
0 -30169840477
0 -30178879046
0 -30187917615
0 -30196956184
0 -30205994753
0 -30215033322
0 -30224071891
0 -30233110460
0 -30242149029
0 -30251187598
0 -30260226167
0 -30269264736
0 -30278303305
0 -30287341874
0 -30296380443
0 -30305419012
0 -30314457581
0 -30323496150
0 -30332534719
0 -30341573288
0 -30350611857
0 -30359650426
0 -30368688995
0 -30377727564
0 -30386766133
0 -30395804702
0 -30404843271
0 -30413881840
0 -30422920409
0 -30431958978
0 -30440997547
0 -30450036116
0 -30459074685
0 -30468113254
0 -30477151823
0 -30486190392
0 -30495228961
0 -30504267530
0 -30513306099
0 -30522344668
0 -30531383237
0 -30540421806
0 -30549460375
0 -30558498944
0 -30567537513
0 -30576576082
0 -30585614651
0 -30594653220
0 -30603691789
0 -30612730358
0 -30545055671
0 -30554071598
0 -30563087525
0 -30572103452
0 -30581119379
0 -30590135306
0 -30599151233
0 -30608167160
0 -30617183087
0 -30626199014
0 -30635214941
0 -30644230868
0 -30653246795
0 -30662262722
0 -30671278649
0 -30680294576
0 -30689310503
0 -30698326430
0 -30707342357
0 -30716358284
0 -30725374211
0 -30734390138
0 -30743406065
0 -30752421992
0 -30761437919
0 -30770453846
0 -30779469773
0 -30788485700
0 -30797501627
0 -30806517554
0 -30815533481
0 -30824549408
0 -30833565335
0 -30842581262
0 -30851597189
0 -30860613116
0 -30869629043
0 -30878644970
0 -30887660897
0 -30896676824
0 -30905692751
0 -30914708678
0 -30923724605
0 -30932740532
0 -30941756459
0 -30950772386
0 -30959788313
0 -30968804240
0 -30977820167
0 -30986836094
0 -30995852021
0 -31004867948
0 -31013883875
0 -31022899802
0 -31031915729
0 -31040931656
0 -31049947583
0 -31058963510
0 -31067979437
0 -31076995364
0 -31086011291
0 -31095027218
0 -31104043145
0 -31113059072
0 -31122074999
0 -31131090926
0 -31140106853
0 -31149122780
0 -31158138707
0 -31167154634
0 -31176170561
0 -31185186488
0 -31194202415
0 -31203218342
0 -31212234269
0 -31221250196
0 -31230266123
0 -31239282050
0 -31248297977
0 -31257313904
0 -31266329831
0 -31275345758
0 -31284361685
0 -31293377612
0 -31302393539
0 -31311409466
0 -31320425393
0 -31329441320
0 -31338457247
0 -31347473174
0 -31356489101
0 -31365505028
0 -31374520955
0 -31383536882
0 -31392552809
0 -31401568736
0 -31410584663
0 -31419600590
0 -31428616517
0 -31437632444
0 -31446648371
0 -31455664298
0 -31464680225
0 -31473696152
0 -31482712079
0 -31491728006
0 -31500743933
0 -31509759860
0 -31518775787
0 -31527791714
0 -31536807641
0 -31545823568
0 -31554839495
0 -31563855422
0 -31572871349
0 -31581887276
0 -31590903203
0 -31599919130
0 -31608935057
0 -31617950984
0 -31626966911
0 -31635982838
0 -31644998765
0 -31654014692
0 -31663030619
0 -31672046546
0 -31681062473
0 -31690078400
0 -31699094327
0 -31708110254
0 -31717126181
0 -31726142108
0 -31735158035
0 -31744173962
0 -31753189889
0 -31762205816
0 -31771221743
0 -31780237670
0 -31789253597
0 -31798269524
0 -31807285451
0 -31816301378
0 -31825317305
0 -31834333232
0 -31843349159
0 -31852365086
0 -31861381013
0 -31870396940
0 -31879412867
0 -31888428794
0 -31897444721
0 -31906460648
0 -31915476575
0 -31924492502
0 -31933508429
0 -31942524356
0 -31951540283
0 -31960556210
0 -31969572137
0 -31978588064
0 -31987603991
0 -31996619918
0 -32005635845
0 -32014651772
0 -32023667699
0 -32032683626
0 -32041699553
0 -32050715480
0 -32059731407
0 -32068747334
0 -32077763261
0 -32086779188
0 -32095795115
0 -32104811042
0 -32113826969
0 -32122842896
0 -32131858823
0 -32140874750
0 -32149890677
0 -32158906604
0 -32167922531
0 -32176938458
0 -32185954385
0 -32194970312
0 -32203986239
0 -32213002166
0 -32222018093
0 -32231034020
0 -32240049947
0 -32249065874
0 -32258081801
0 -32267097728
0 -32276113655
0 -32285129582
0 -32294145509
0 -32303161436
0 -32312177363
0 -32321193290
0 -32330209217
0 -32339225144
0 -32348241071
0 -32357256998
0 -32366272925
0 -32375288852
0 -32384304779
0 -32393320706
0 -32402336633
0 -32411352560
0 -32420368487
0 -32429384414
0 -32438400341
0 -32447416268
0 -32456432195
0 -32465448122
0 -32474464049
0 -32483479976
0 -32492495903
0 -32501511830
0 -32510527757
0 -32519543684
0 -32528559611
0 -32537575538
0 -32546591465
0 -32555607392
0 -32564623319
0 -32573639246
0 -32582655173
0 -32591671100
0 -32600687027
0 -32609702954
0 -32618718881
0 -32627734808
0 -32636750735
0 -32645766662
0 -32654782589
0 -32663798516
0 -32672814443
0 -32681830370
0 -32690846297
0 -32699862224
0 -32708878151
0 -32717894078
0 -32726910005
0 -32735925932
0 -32744941859
0 -32753957786
0 -32762973713
0 -32771989640
0 -32781005567
0 -32790021494
0 -32799037421
0 -32808053348
0 -32817069275
0 -32826085202
0 -32835101129
0 -32844117056
0 -32853132983
0 -32862148910
0 -32871164837
0 -32880180764
0 -32889196691
0 -32898212618
0 -32907228545
0 -32916244472
0 -32925260399
0 -32934276326
0 -32943292253
0 -32952308180
0 -32961324107
0 -32970340034
0 -32979355961
0 -32988371888
0 -32997387815
0 -33006403742
0 -33015419669
0 -33024435596
0 -33033451523
0 -33042467450
0 -33051483377
0 -33060499304
0 -33069515231
0 -33078531158
0 -33087547085
0 -33096563012
0 -33105578939
0 -33114594866
0 -33123610793
0 -33132626720
0 -33141642647
0 -33150658574
0 -33159674501
0 -33168690428
0 -33177706355
0 -33186722282
0 -33195738209
0 -33204754136
0 -33213770063
0 -33222785990
0 -33231801917
0 -33240817844
0 -33249833771
0 -33258849698
0 -33267865625
0 -33276881552
0 -33285897479
0 -33294913406
0 -33303929333
0 -33312945260
0 -33321961187
0 -33330977114
0 -33339993041
0 -33349008968
0 -33358024895
0 -33367040822
0 -33376056749
0 -33385072676
0 -33394088603
0 -33403104530
0 -33412120457
0 -33421136384
0 -33430152311
0 -33439168238
0 -33448184165
0 -33457200092
0 -33466216019
0 -33475231946
0 -33484247873
0 -33493263800
0 -33502279727
0 -33511295654
0 -33520311581
0 -33529327508
0 -33538343435
0 -33547359362
0 -33556375289
0 -33565391216
0 -33574407143
0 -33583423070
0 -33592438997
0 -33601454924
0 -33610470851
0 -33619486778
0 -33628502705
0 -33637518632
0 -33646534559
0 -33655550486
0 -33664566413
0 -33673582340
0 -33682598267
0 -33691614194
0 -33700630121
0 -33709646048
0 -33718661975
0 -33727677902
0 -33736693829
0 -33745709756
0 -33754725683
0 -33763741610
0 -33772757537
0 -33781773464
0 -33790789391
0 -33799805318
0 -33808821245
0 -33817837172
0 -33826853099
0 -33835869026
0 -33844884953
0 -33853900880
0 -33862916807
0 -33871932734
0 -33880948661
0 -33889964588
0 -33898980515
0 -33907996442
0 -33917012369
0 -33926028296
0 -33935044223
0 -33944060150
0 -33953076077
0 -33962092004
0 -33971107931
0 -33980123858
0 -33989139785
0 -33998155712
0 -34007171639
0 -34016187566
0 -34025203493
0 -34034219420
0 -34043235347
0 -34052251274
0 -34061267201
0 -34070283128
0 -34079299055
0 -34088314982
0 -34097330909
0 -34106346836
0 -34115362763
0 -34124378690
0 -34133394617
0 -34142410544
0 -34151426471
0 -34160442398
0 -34169458325
0 -34178474252
0 -34187490179
0 -34196506106
0 -34205522033
0 -34214537960
0 -34223553887
0 -34232569814
0 -34241585741
0 -34250601668
0 -34259617595
0 -34268633522
0 -34277649449
0 -34286665376
0 -34295681303
0 -34304697230
0 -34313713157
0 -34322729084
0 -34331745011
0 -34340760938
0 -34349776865
0 -34358792792
0 -34367808719
0 -34376824646
0 -34385840573
0 -34394856500
0 -34403872427
0 -34412888354
0 -34421904281
0 -34430920208
0 -34439936135
0 -34448952062
0 -34457967989
0 -34466983916
0 -34475999843
0 -34485015770
0 -34494031697
0 -34503047624
0 -34512063551
0 -34521079478
0 -34530095405
0 -34539111332
0 -34548127259
0 -34557143186
0 -34566159113
0 -34575175040
0 -34584190967
0 -34593206894
0 -34602222821
0 -34611238748
0 -34620254675
0 -34629270602
0 -34638286529
0 -34647302456
0 -34656318383
0 -34665334310
0 -34674350237
0 -34683366164
0 -34692382091
0 -34701398018
0 -34710413945
0 -34719429872
0 -34728445799
0 -34737461726
0 -34746477653
0 -34755493580
0 -34764509507
0 -34773525434
0 -34782541361
0 -34791557288
0 -34800573215
0 -34809589142
0 -34818605069
0 -34827620996
0 -34836636923
0 -34845652850
0 -34854668777
0 -34863684704
0 -34872700631
0 -34881716558
0 -34890732485
0 -34899748412
0 -34908764339
0 -34917780266
0 -34926796193
0 -34935812120
0 -34944828047
0 -34953843974
0 -34962859901
0 -34971875828
0 -34980891755
0 -34989907682
0 -34998923609
0 -35007939536
0 -35016955463
0 -35025971390
0 -35034987317
0 -35044003244
0 -35053019171
0 -35062035098
0 -35071051025
0 -35080066952
0 -35089082879
0 -35098098806
0 -35107114733
0 -35116130660
0 -35125146587
0 -35134162514
0 -35143178441
0 -35152194368
0 -35161210295
0 -35170226222
0 -35179242149
0 -35188258076
0 -35197274003
0 -35206289930
0 -35215305857
0 -35224321784
0 -35233337711
0 -35242353638
0 -35251369565
0 -35260385492
0 -35269401419
0 -35278417346
0 -35287433273
0 -35296449200
0 -35305465127
0 -35314481054
0 -35323496981
0 -35332512908
0 -35341528835
0 -35350544762
0 -35359560689
0 -35368576616
0 -35377592543
0 -35386608470
0 -35395624397
0 -35404640324
0 -35413656251
0 -35422672178
0 -35431688105
0 -35440704032
0 -35449719959
0 -35458735886
0 -35467751813
0 -35476767740
0 -35485783667
0 -35494799594
0 -35503815521
0 -35512831448
0 -35521847375
0 -35530863302
0 -35539879229
0 -35548895156
0 -35557911083
0 -35566927010
0 -35575942937
0 -35584958864
0 -35593974791
0 -35602990718
0 -35612006645
0 -35621022572
0 -35630038499
0 -35639054426
0 -35648070353
0 -35657086280
0 -35666102207
0 -35675118134
0 -35684134061
0 -35693149988
0 -35702165915
0 -35711181842
0 -35720197769
0 -35729213696
0 -35738229623
0 -35747245550
0 -35756261477
0 -35765277404
0 -35774293331
0 -35783309258
0 -35792325185
0 -35801341112
0 -35810357039
0 -35819372966
0 -35828388893
0 -35837404820
0 -35846420747
0 -35855436674
0 -35864452601
0 -35873468528
0 -35882484455
0 -35891500382
0 -35900516309
0 -35909532236
0 -35918548163
0 -35927564090
0 -35936580017
0 -35945595944
0 -35954611871
0 -35963627798
0 -35972643725
0 -35981659652
0 -35990675579
0 -35999691506
0 -36008707433
0 -36017723360
0 -36026739287
0 -36035755214
0 -36044771141
0 -36053787068
0 -36062802995
0 -36071818922
0 -36080834849
0 -36089850776
0 -36098866703
0 -36107882630
0 -36116898557
0 -36125914484
0 -36134930411
0 -36143946338
0 -36152962265
0 -36161978192
0 -36170994119
0 -36180010046
0 -36189025973
0 -36198041900
0 -36207057827
0 -36216073754
0 -36225089681
0 -36234105608
0 -36243121535
0 -36252137462
0 -36261153389
0 -36270169316
0 -36279185243
0 -36288201170
0 -36297217097
0 -36306233024
0 -36315248951
0 -36324264878
0 -36333280805
0 -36342296732
0 -36351312659
0 -36360328586
0 -36021672641
0 -36030602381
0 -36039532121
0 -36048461861
0 -36057391601
0 -36066321341
0 -36075251081
0 -36084180821
0 -36093110561
0 -36102040301
0 -36110970041
0 -36119899781
0 -36128829521
0 -36137759261
0 -36146689001
0 -36155618741
0 -36164548481
0 -36173478221
0 -36182407961
0 -36191337701
0 -36200267441
0 -36209197181
0 -36218126921
0 -36227056661
0 -36235986401
0 -36244916141
0 -36253845881
0 -36262775621
0 -36271705361
0 -36280635101
0 -36289564841
0 -36298494581
0 -36307424321
0 -36316354061
0 -36325283801
0 -36334213541
0 -36343143281
0 -36352073021
0 -36361002761
0 -36369932501
0 -36378862241
0 -36387791981
0 -36396721721
0 -36405651461
0 -36414581201
0 -36423510941
0 -36432440681
0 -36441370421
0 -36450300161
0 -36459229901
0 -36468159641
0 -36477089381
0 -36486019121
0 -36494948861
0 -36503878601
0 -36512808341
0 -36521738081
0 -36530667821
0 -36539597561
0 -36548527301
0 -36557457041
0 -36566386781
0 -36575316521
0 -36584246261
0 -36593176001
0 -36602105741
0 -36611035481
0 -36619965221
0 -36628894961
0 -36637824701
0 -36646754441
0 -36655684181
0 -36664613921
0 -36673543661
0 -36682473401
0 -36691403141
0 -36700332881
0 -36709262621
0 -36718192361
0 -36727122101
0 -36736051841
0 -36744981581
0 -36753911321
0 -36762841061
0 -36771770801
0 -36780700541
0 -36789630281
0 -36798560021
0 -36807489761
0 -36816419501
0 -36825349241
0 -36834278981
0 -36843208721
0 -36852138461
0 -36861068201
0 -36869997941
0 -36878927681
0 -36887857421
0 -36896787161
0 -36905716901
0 -36914646641
0 -36923576381
0 -36932506121
0 -36941435861
0 -36950365601
0 -36959295341
0 -36968225081
0 -36977154821
0 -36986084561
0 -36995014301
0 -37003944041
0 -37012873781
0 -37021803521
0 -37030733261
0 -37039663001
0 -37048592741
0 -37057522481
0 -37066452221
0 -37075381961
0 -37084311701
0 -37093241441
0 -37102171181
0 -37111100921
0 -37120030661
0 -37128960401
0 -37137890141
0 -37146819881
0 -37155749621
0 -37164679361
0 -37173609101
0 -37182538841
0 -37191468581
0 -37200398321
0 -37209328061
0 -37218257801
0 -37227187541
0 -37236117281
0 -37245047021
0 -37253976761
0 -37262906501
0 -37271836241
0 -37280765981
0 -37289695721
0 -37298625461
0 -37307555201
0 -37316484941
0 -37325414681
0 -37334344421
0 -37343274161
0 -37352203901
0 -37361133641
0 -37370063381
0 -37378993121
0 -37387922861
0 -37396852601
0 -37405782341
0 -37414712081
0 -37423641821
0 -37432571561
0 -37441501301
0 -37450431041
0 -37459360781
0 -37468290521
0 -37477220261
0 -37486150001
0 -37495079741
0 -37504009481
0 -37512939221
0 -37521868961
0 -37530798701
0 -37539728441
0 -37548658181
0 -37557587921
0 -37566517661
0 -37575447401
0 -37584377141
0 -37593306881
0 -37602236621
0 -37611166361
0 -37620096101
0 -37629025841
0 -37637955581
0 -37646885321
0 -37655815061
0 -37664744801
0 -37673674541
0 -37682604281
0 -37691534021
0 -37700463761
0 -37709393501
0 -37718323241
0 -37727252981
0 -37736182721
0 -37745112461
0 -37754042201
0 -37762971941
0 -37771901681
0 -37780831421
0 -37789761161
0 -37798690901
0 -37807620641
0 -37816550381
0 -37825480121
0 -37834409861
0 -37843339601
0 -37852269341
0 -37861199081
0 -37870128821
0 -37879058561
0 -37887988301
0 -37896918041
0 -37905847781
0 -37914777521
0 -37923707261
0 -37932637001
0 -37941566741
0 -37950496481
0 -37959426221
0 -37968355961
0 -37977285701
0 -37986215441
0 -37995145181
0 -38004074921
0 -38013004661
0 -38021934401
0 -38030864141
0 -38039793881
0 -38048723621
0 -38057653361
0 -38066583101
0 -38075512841
0 -38084442581
0 -38093372321
0 -38102302061
0 -38111231801
0 -38120161541
0 -38129091281
0 -38138021021
0 -38146950761
0 -38155880501
0 -38164810241
0 -38173739981
0 -38182669721
0 -38191599461
0 -38200529201
0 -38209458941
0 -38218388681
0 -38227318421
0 -38236248161
0 -38245177901
0 -38254107641
0 -38263037381
0 -38271967121
0 -38280896861
0 -38289826601
0 -38298756341
0 -38307686081
0 -38316615821
0 -38325545561
0 -38334475301
0 -38343405041
0 -38352334781
0 -38361264521
0 -38370194261
0 -38379124001
0 -38388053741
0 -38396983481
0 -38405913221
0 -38414842961
0 -38423772701
0 -38432702441
0 -38441632181
0 -38450561921
0 -38459491661
0 -38468421401
0 -38477351141
0 -38486280881
0 -38495210621
0 -38504140361
0 -38513070101
0 -38521999841
0 -38530929581
0 -38539859321
0 -38548789061
0 -38557718801
0 -38566648541
0 -38575578281
0 -38584508021
0 -38593437761
0 -38602367501
0 -38611297241
0 -38620226981
0 -38629156721
0 -38638086461
0 -38647016201
0 -38655945941
0 -38664875681
0 -38673805421
0 -38682735161
0 -38691664901
0 -38700594641
0 -38709524381
0 -38718454121
0 -38727383861
0 -38736313601
0 -38745243341
0 -38754173081
0 -38763102821
0 -38772032561
0 -38780962301
0 -38789892041
0 -38798821781
0 -38807751521
0 -38816681261
0 -38825611001
0 -38834540741
0 -38843470481
0 -38852400221
0 -38861329961
0 -38870259701
0 -38879189441
0 -38888119181
0 -38897048921
0 -38905978661
0 -38914908401
0 -38923838141
0 -38932767881
0 -38941697621
0 -38950627361
0 -38959557101
0 -38968486841
0 -38977416581
0 -38986346321
0 -38995276061
0 -39004205801
0 -39013135541
0 -39022065281
0 -39030995021
0 -39039924761
0 -39048854501
0 -39057784241
0 -39066713981
0 -39075643721
0 -39084573461
0 -39093503201
0 -39102432941
0 -39111362681
0 -39120292421
0 -39129222161
0 -39138151901
0 -39147081641
0 -39156011381
0 -39164941121
0 -39173870861
0 -39182800601
0 -39191730341
0 -39200660081
0 -39209589821
0 -39218519561
0 -39227449301
0 -39236379041
0 -39245308781
0 -39254238521
0 -39263168261
0 -39272098001
0 -39281027741
0 -39289957481
0 -39298887221
0 -39307816961
0 -39316746701
0 -39325676441
0 -39334606181
0 -39343535921
0 -39352465661
0 -39361395401
0 -39370325141
0 -39379254881
0 -39388184621
0 -39397114361
0 -39406044101
0 -39414973841
0 -39423903581
0 -39432833321
0 -39441763061
0 -39450692801
0 -39459622541
0 -39468552281
0 -39477482021
0 -39486411761
0 -39495341501
0 -39504271241
0 -39513200981
0 -39522130721
0 -39531060461
0 -39539990201
0 -39548919941
0 -39557849681
0 -39566779421
0 -39575709161
0 -39584638901
0 -39593568641
0 -39602498381
0 -39611428121
0 -39620357861
0 -39629287601
0 -39638217341
0 -39647147081
0 -39656076821
0 -39665006561
0 -39673936301
0 -39682866041
0 -39691795781
0 -39700725521
0 -39709655261
0 -39718585001
0 -39727514741
0 -39736444481
0 -39745374221
0 -39754303961
0 -39763233701
0 -39772163441
0 -39781093181
0 -39790022921
0 -39798952661
0 -39807882401
0 -39816812141
0 -39825741881
0 -39834671621
0 -39843601361
0 -39852531101
0 -39861460841
0 -39870390581
0 -39879320321
0 -39888250061
0 -39897179801
0 -39906109541
0 -39915039281
0 -39923969021
0 -39932898761
0 -39941828501
0 -39950758241
0 -39959687981
0 -39968617721
0 -39977547461
0 -39986477201
0 -39995406941
0 -40004336681
0 -40013266421
0 -40022196161
0 -40031125901
0 -40040055641
0 -40048985381
0 -40057915121
0 -40066844861
0 -40075774601
0 -40084704341
0 -40093634081
0 -40102563821
0 -40111493561
0 -40120423301
0 -40129353041
0 -40138282781
0 -40147212521
0 -40156142261
0 -40165072001
0 -40174001741
0 -40182931481
0 -40191861221
0 -40200790961
0 -40209720701
0 -40218650441
0 -40227580181
0 -40236509921
0 -40245439661
0 -40254369401
0 -40263299141
0 -40272228881
0 -40281158621
0 -40290088361
0 -40299018101
0 -40307947841
0 -40316877581
0 -40325807321
0 -40334737061
0 -40343666801
0 -40352596541
0 -40361526281
0 -40370456021
0 -40379385761
0 -40388315501
0 -40397245241
0 -40406174981
0 -40415104721
0 -40424034461
0 -40432964201
0 -40441893941
0 -40450823681
0 -40459753421
0 -40468683161
0 -40477612901
0 -40486542641
0 -40495472381
0 -40504402121
0 -40513331861
0 -40522261601
0 -40531191341
0 -40540121081
0 -40549050821
0 -40557980561
0 -40566910301
0 -40575840041
0 -40584769781
0 -40593699521
0 -40602629261
0 -40611559001
0 -40620488741
0 -40629418481
0 -40638348221
0 -40647277961
0 -40656207701
0 -40665137441
0 -40674067181
0 -40682996921
0 -40691926661
0 -40700856401
0 -40709786141
0 -40718715881
0 -40727645621
0 -40736575361
0 -40745505101
0 -40754434841
0 -40763364581
0 -40772294321
0 -40781224061
0 -40790153801
0 -40799083541
0 -40808013281
0 -40816943021
0 -40825872761
0 -40834802501
0 -40843732241
0 -40852661981
0 -40861591721
0 -40870521461
0 -40879451201
0 -40888380941
0 -40897310681
0 -40906240421
0 -40915170161
0 -40924099901
0 -40933029641
0 -40941959381
0 -40950889121
0 -40959818861
0 -40968748601
0 -40977678341
0 -40986608081
0 -40995537821
0 -41004467561
0 -41013397301
0 -41022327041
0 -41031256781
0 -41040186521
0 -41049116261
0 -41058046001
0 -41066975741
0 -41075905481
0 -41084835221
0 -41093764961
0 -41102694701
0 -41111624441
0 -41120554181
0 -41129483921
0 -41138413661
0 -41147343401
0 -41156273141
0 -41165202881
0 -41174132621
0 -41183062361
0 -41191992101
0 -41200921841
0 -41209851581
0 -41218781321
0 -41227711061
0 -41236640801
0 -41245570541
0 -41254500281
0 -41263430021
0 -41272359761
0 -41281289501
0 -41290219241
0 -41299148981
0 -41308078721
0 -41317008461
0 -41325938201
0 -41334867941
0 -41343797681
0 -41352727421
0 -41361657161
0 -41370586901
0 -41379516641
0 -41388446381
0 -41397376121
0 -41406305861
0 -41415235601
0 -41424165341
0 -41433095081
0 -41442024821
0 -41450954561
0 -41459884301
0 -41468814041
0 -41477743781
0 -41486673521
0 -41495603261
0 -41504533001
0 -41513462741
0 -41522392481
0 -41531322221
0 -41540251961
0 -41549181701
0 -41558111441
0 -41567041181
0 -41575970921
0 -41584900661
0 -41593830401
0 -41602760141
0 -41611689881
0 -41620619621
0 -41629549361
0 -41638479101
0 -41647408841
0 -41656338581
0 -41665268321
0 -41674198061
0 -41683127801
0 -41692057541
0 -41700987281
0 -41709917021
0 -41718846761
0 -41727776501
0 -41736706241
0 -41745635981
0 -41754565721
0 -41763495461
0 -41772425201
0 -41781354941
0 -41790284681
0 -41799214421
0 -41808144161
0 -41817073901
0 -41826003641
0 -41834933381
0 -41843863121
0 -41852792861
0 -41861722601
0 -41870652341
0 -41879582081
0 -41888511821
0 -41897441561
0 -41906371301
0 -41915301041
0 -41924230781
0 -41933160521
0 -41942090261
0 -41951020001
0 -41959949741
0 -41968879481
0 -41977809221
0 -41986738961
0 -41995668701
0 -42004598441
0 -42013528181
0 -42022457921
0 -42031387661
0 -42040317401
0 -42049247141
0 -42058176881
0 -42067106621
0 -42076036361
0 -42084966101
0 -42093895841
0 -42102825581
0 -42111755321
0 -42120685061
0 -42129614801
0 -42138544541
0 -42147474281
0 -42156404021
0 -42165333761
0 -42174263501
0 -42183193241
0 -42192122981
0 -42201052721
0 -42209982461
0 -42218912201
0 -42227841941
0 -42236771681
0 -42245701421
0 -42254631161
0 -42263560901
0 -42272490641
0 -42281420381
0 -42290350121
0 -42299279861
0 -42308209601
0 -42317139341
0 -42326069081
0 -42334998821
0 -42343928561
0 -42352858301
0 -42361788041
0 -42370717781
0 -42379647521
0 -42388577261
0 -42397507001
0 -42406436741
0 -42415366481
0 -42424296221
0 -42433225961
0 -42442155701
0 -42451085441
0 -42460015181
0 -42468944921
0 -42477874661
0 -42486804401
0 -42495734141
0 -42504663881
0 -42513593621
0 -42522523361
0 -42531453101
0 -42540382841
0 -42549312581
0 -42558242321
0 -42567172061
0 -42576101801
0 -42585031541
0 -42593961281
0 -42602891021
0 -42611820761
0 -42620750501
0 -42629680241
0 -42638609981
0 -42647539721
0 -42656469461
0 -42665399201
0 -42674328941
0 -42683258681
0 -42692188421
0 -42701118161
0 -42710047901
0 -42718977641
0 -42727907381
0 -42736837121
0 -42745766861
0 -42754696601
0 -42763626341
0 -42772556081
0 -42781485821
0 -42790415561
0 -42799345301
0 -42808275041
0 -42817204781
0 -42826134521
0 -42835064261
0 -42843994001
0 -42852923741
0 -42861853481
0 -42870783221
0 -42879712961
0 -42888642701
0 -42897572441
0 -42906502181
0 -42915431921
0 -42924361661
0 -42933291401
0 -42942221141
0 -42951150881
0 -42960080621
0 -42969010361
0 -42977940101
0 -42986869841
0 -42995799581
0 -43004729321
0 -43013659061
0 -43022588801
0 -43031518541
0 -43040448281
0 -43049378021
0 -43058307761
0 -43067237501
0 -43076167241
0 -43085096981
0 -43094026721
0 -43102956461
0 -43111886201
0 -43120815941
0 -43129745681
0 -43138675421
0 -43147605161
0 -43156534901
0 -43165464641
0 -43174394381
0 -43183324121
0 -43192253861
0 -43201183601
0 -43210113341
0 -43219043081
0 -43227972821
0 -43236902561
0 -43245832301
0 -43254762041
0 -43263691781
0 -43272621521
0 -43281551261
0 -43290481001
0 -43299410741
0 -43308340481
0 -43317270221
0 -43326199961
0 -43335129701
0 -43344059441
0 -43352989181
0 -43361918921
0 -43370848661
0 -43379778401
0 -43388708141
0 -43397637881
0 -43406567621
0 -43415497361
0 -43424427101
0 -43433356841
0 -43442286581
0 -43451216321
0 -43460146061
0 -43469075801
0 -43478005541
0 -43486935281
0 -43495865021
0 -43504794761
0 -43513724501
0 -43522654241
0 -43531583981
0 -43540513721
0 -43549443461
0 -43558373201
0 -43567302941
0 -43576232681
0 -43585162421
0 -43594092161
0 -43603021901
0 -43611951641
0 -43620881381
0 -43629811121
0 -43638740861
0 -43647670601
0 -43656600341
0 -43665530081
0 -43674459821
0 -43683389561
0 -43692319301
0 -43701249041
0 -43710178781
0 -43719108521
0 -43728038261
0 -43736968001
0 -43745897741
0 -43754827481
0 -43763757221
0 -43772686961
0 -43781616701
0 -43790546441
0 -43799476181
0 -43808405921
0 -43817335661
0 -43826265401
0 -43835195141
0 -43844124881
0 -43853054621
0 -43861984361
0 -43870914101
0 -43879843841
0 -43888773581
0 -43897703321
0 -43906633061
0 -43915562801
0 -43924492541
0 -43933422281
0 -43942352021
0 -43951281761
0 -43960211501
0 -43969141241
0 -43978070981
0 -43987000721
0 -43995930461
0 -44004860201
0 -44013789941
0 -44022719681
0 -44031649421
0 -44040579161
0 -44049508901
0 -44058438641
0 -44067368381
0 -44076298121
0 -44085227861
0 -44094157601
0 -44103087341
0 -44112017081
0 -44120946821
0 -44129876561
0 -44138806301
0 -44147736041
0 -44156665781
0 -44165595521
0 -44174525261
0 -44183455001
0 -44192384741
0 -44201314481
0 -44210244221
0 -44219173961
0 -44228103701
0 -44237033441
0 -44245963181
0 -44254892921
0 -44263822661
0 -44272752401
0 -44281682141
0 -44290611881
0 -44299541621
0 -44308471361
0 -44317401101
0 -44326330841
0 -44335260581
0 -44344190321
0 -44353120061
0 -44362049801
0 -44370979541
0 -44379909281
0 -44388839021
0 -44397768761
0 -44406698501
0 -44415628241
0 -44424557981
0 -44433487721
0 -44442417461
0 -44451347201
0 -44460276941
0 -44469206681
0 -44478136421
0 -44487066161
0 -44495995901
0 -44504925641
0 -44513855381
0 -44522785121
0 -44531714861
0 -44540644601
0 -44549574341
0 -44558504081
0 -44567433821
0 -44576363561
0 -44585293301
0 -44594223041
0 -44603152781
0 -44612082521
0 -44621012261
0 -44629942001
0 -44638871741
0 -8577264
0 -17792689
0 -27140123
0 -36487557
0 -45834991
0 -55182425
0 -64529859
0 -73877293
0 -83224727
0 -92572161
0 -101919595
0 -111267029
0 -120410742
0 -129743698
0 -139076654
0 -148409610
0 -157742566
0 -167075522
0 -176408478
0 -185741434
0 -194529973
0 -203836533
0 -213143093
0 -222449653
0 -231756213
0 -241062773
0 -250369333
0 -259675893
0 -268982453
0 -278289013
0 -287595573
0 -296902133
0 -306208693
0 -315515253
0 -324821813
0 -334128373
0 -343434933
0 -352741493
0 -362048053
0 -371354613
0 -380661173
0 -389967733
0 -399274293
0 -408580853
0 -417887413
0 -427193973
0 -436500533
0 -445807093
0 -455113653
0 -464420213
0 -473726773
0 -483033333
0 -492339893
0 -501646453
0 -510953013
0 -520259573
0 -529566133
0 -538872693
0 -548179253
0 -557485813
0 -566792373
0 -576098933
0 -585405493
0 -594712053
0 -604018613
0 -613325173
0 -622631733
0 -631938293
0 -641244853
0 -650551413
0 -659857973
0 -669164533
0 -678471093
0 -687777653
0 -697084213
0 -706390773
0 -715697333
0 -725003893
0 -734310453
0 -743617013
0 -752923573
0 -762230133
0 -771536693
0 -780843253
0 -790149813
0 -799456373
0 -808762933
0 -818069493
0 -827376053
0 -836682613
0 -845989173
0 -855295733
0 -864602293
0 -873908853
0 -883215413
0 -892521973
0 -901828533
0 -911135093
0 -920441653
0 -929748213
0 -939054773
0 -948361333
0 -957667893
0 -966974453
0 -976281013
0 -985587573
0 -994894133
0 -1004200693
0 -1013507253
0 -1022813813
0 -1032120373
0 -1041426933
0 -1050733493
0 -1060040053
0 -1069346613
0 -1078653173
0 -1087959733
0 -1097266293
0 -1106572853
0 -1115879413
0 -1125185973
0 -1132387884
0 -1141677258
0 -1150966632
0 -1160256006
0 -1169545380
0 -1178834754
0 -1188124128
0 -1197413502
0 -1206702876
0 -1215992250
0 -1225281624
0 -1234570998
0 -1243860372
0 -1253149746
0 -1262439120
0 -1271728494
0 -1281017868
0 -1290307242
0 -1299596616
0 -1308885990
0 -1318175364
0 -1327464738
0 -1336754112
0 -1346043486
0 -1355332860
0 -1364622234
0 -1373911608
0 -1383200982
0 -1392490356
0 -1401779730
0 -1411069104
0 -1420358478
0 -1424122485
0 -1433376017
0 -1442629549
0 -1451883081
0 -1461136613
0 -1470390145
0 -1479643677
0 -1488897209
0 -1498150741
0 -1507404273
0 -1516657805
0 -1525911337
0 -1535164869
0 -1544418401
0 -1553671933
0 -1562925465
0 -1572178997
0 -1581432529
0 -1590686061
0 -1599939593
0 -1609193125
0 -1618446657
0 -1627700189
0 -1636953721
0 -1646207253
0 -1655460785
0 -1664714317
0 -1673967849
0 -1683221381
0 -1692474913
0 -1701728445
0 -1710981977
0 -1720235509
0 -1729489041
0 -1738742573
0 -1747996105
0 -1757249637
0 -1766503169
0 -1775756701
0 -1785010233
0 -1794263765
0 -1803517297
0 -1812770829
0 -1822024361
0 -1831277893
0 -1840531425
0 -1849784957
0 -1859038489
0 -1868292021
0 -1877545553
0 -1886799085
0 -1896052617
0 -1905306149
0 -1914559681
0 -1923813213
0 -1933066745
0 -1942320277
0 -1951573809
0 -1960827341
0 -1970080873
0 -1979334405
0 -1988587937
0 -1997841469
0 -2007095001
0 -2016348533
0 -2025602065
0 -2034855597
0 -2044109129
0 -2053362661
0 -2062616193
0 -2071869725
0 -2081123257
0 -2090376789
0 -2099630321
0 -2108883853
0 -2118137385
0 -2127390917
0 -2136644449
0 -2145897981
0 -2155151513
0 -2164405045
0 -2173658577
0 -2182912109
0 -2192165641
0 -2201419173
0 -2210672705
0 -2219926237
0 -2229179769
0 -2238433301
0 -2247686833
0 -2256940365
0 -2266193897
0 -2275447429
0 -2284700961
0 -2293954493
0 -2303208025
0 -2312461557
0 -2321715089
0 -2330968621
0 -2340222153
0 -2349475685
0 -2358729217
0 -2367982749
0 -2377236281
0 -2386489813
0 -2395743345
0 -2404996877
0 -2414250409
0 -2423503941
0 -2432757473
0 -2442011005
0 -2451264537
0 -2460518069
0 -2469771601
0 -2479025133
0 -2488278665
0 -2497532197
0 -2506785729
0 -2516039261
0 -2525292793
0 -2534546325
0 -2543799857
0 -2553053389
0 -2562306921
0 -2571560453
0 -2580813985
0 -2590067517
0 -2599321049
0 -2608574581
0 -2617828113
0 -2627081645
0 -2636335177
0 -2645588709
0 -2654842241
0 -2664095773
0 -2673349305
0 -2682602837
0 -2691856369
0 -2701109901
0 -2710363433
0 -2719616965
0 -2728870497
0 -2738124029
0 -2747377561
0 -2756631093
0 -2765884625
0 -2775138157
0 -2784391689
0 -2793645221
0 -2802898753
0 -2812152285
0 -2821405817
0 -2830659349
0 -2839912881
0 -2849166413
0 -2858419945
0 -2867673477
0 -2876927009
0 -2886180541
0 -2895434073
0 -2904687605
0 -2913941137
0 -2923194669
0 -2932448201
0 -2941701733
0 -2950955265
0 -2960208797
0 -2969462329
0 -2978715861
0 -2987969393
0 -2997222925
0 -3006476457
0 -3015729989
0 -3024983521
0 -3034237053
0 -3043490585
0 -3052744117
0 -3061997649
0 -3071251181
0 -3080504713
0 -3089758245
0 -3099011777
0 -3108265309
0 -3117518841
0 -3126772373
0 -3136025905
0 -3145279437
0 -3154532969
0 -3163786501
0 -3173040033
0 -3182293565
0 -3191547097
0 -3200800629
0 -3210054161
0 -3219307693
0 -3228561225
0 -3237814757
0 -3247068289
0 -3256321821
0 -3265575353
0 -3274828885
0 -3284082417
0 -3293335949
0 -3302589481
0 -3311843013
0 -3321096545
0 -3330350077
0 -3339603609
0 -3348857141
0 -3358110673
0 -3367364205
0 -3376617737
0 -3385871269
0 -3395124801
0 -3404378333
0 -3413631865
0 -3422885397
0 -3432138929
0 -3441392461
0 -3450645993
0 -3459899525
0 -3469153057
0 -3478406589
0 -3487660121
0 -3496913653
0 -3506167185
0 -3515420717
0 -3524674249
0 -3533927781
0 -3543181313
0 -3552434845
0 -3561688377
0 -3570941909
0 -3580195441
0 -3589448973
0 -3598702505
0 -3607956037
0 -3617209569
0 -3626463101
0 -3635716633
0 -3644970165
0 -3654223697
0 -3663477229
0 -3672730761
0 -3681984293
0 -3691237825
0 -3700491357
0 -3709744889
0 -3718998421
0 -3728251953
0 -3737505485
0 -3746759017
0 -3756012549
0 -3765266081
0 -3774519613
0 -3783773145
0 -3793026677
0 -3802280209
0 -3811533741
0 -3820787273
0 -3830040805
0 -3839294337
0 -3848547869
0 -3857801401
0 -3867054933
0 -3816700665
0 -3825811884
0 -3834923103
0 -3844034322
0 -3853145541
0 -3862256760
0 -3871367979
0 -3880479198
0 -3889590417
0 -3898701636
0 -3907812855
0 -3916924074
0 -3926035293
0 -3935146512
0 -3944257731
0 -3953368950
0 -3962480169
0 -3971591388
0 -3980702607
0 -3989813826
0 -3998925045
0 -4008036264
0 -4017147483
0 -4026258702
0 -4035369921
0 -4044481140
0 -4053592359
0 -4062703578
0 -4071814797
0 -4080926016
0 -4090037235
0 -4099148454
0 -4108259673
0 -4117370892
0 -4126482111
0 -4135593330
0 -4144704549
0 -4153815768
0 -4162926987
0 -4172038206
0 -4181149425
0 -4190260644
0 -4199371863
0 -4208483082
0 -4217594301
0 -4226705520
0 -4235816739
0 -4244927958
0 -4254039177
0 -4263150396
0 -4272261615
0 -4281372834
0 -4290484053
0 -4299595272
0 -4308706491
0 -4317817710
0 -4326928929
0 -4336040148
0 -4345151367
