0
0 -75820368
0 -153128531
0 -229048941
0 -305124253
0 -381778465
0 -456922310
0 -533327475
0 -600577622
0 -675263687
0 -745269251
0 -819941558
0 -894613865
0 -969286172
0 -1043958479
0 -1118630786
0 -1193303093
0 -1267975400
0 -1342647707
0 -1417320014
0 -1491992321
0 -1566664628
0 -1641336935
0 -1716009242
0 -1790681549
0 -1865353856
0 -1940026163
0 -2014698470
0 -2089370777
0 -2164043084
0 -2238715391
0 -2313387698
0 -2388060005
0 -2462732312
0 -2537404619
0 -2612076926
0 -2686749233
0 -2761421540
0 -2836093847
0 -2910766154
0 -2985438461
0 -3060110768
0 -3134783075
0 -3209455382
0 -3284127689
0 -3358799996
0 -3433472303
0 -3508144610
0 -3582816917
0 -3657489224
0 -3732161531
0 -3806833838
0 -3881506145
0 -3956178452
0 -4030850759
0 -4105523066
0 -4180195373
0 -4254867680
0 -4329539987
0 -4404212294
0 -4478884601
0 -4553556908
0 -4628229215
0 -4702901522
0 -4777573829
0 -4852246136
0 -4926918443
0 -5001590750
0 -5076263057
0 -5150935364
0 -5225607671
0 -5300279978
0 -5374952285
0 -5449624592
0 -5524296899
0 -5598969206
0 -5673641513
0 -5706526425
0 -5780656368
0 -5854786311
0 -5928916254
0 -6003046197
0 -6077176140
0 -6151306083
0 -6225436026
0 -6299565969
0 -6373695912
0 -6447825855
0 -6521955798
0 -6596085741
0 -6670215684
0 -6744345627
0 -6818475570
0 -6892605513
0 -6966735456
0 -7040865399
0 -7114995342
0 -7189125285
0 -7263255228
0 -7337385171
0 -7411515114
0 -7485645057
0 -7559775000
0 -7633904943
0 -7708034886
0 -7782164829
0 -7856294772
0 -7930424715
0 -8004554658
0 -8078684601
0 -8152814544
0 -8226944487
0 -8301074430
0 -8375204373
0 -8449334316
0 -8523464259
0 -8597594202
0 -8671724145
0 -8745854088
0 -8819984031
0 -8894113974
0 -8968243917
0 -9042373860
0 -9116503803
0 -9190633746
0 -9264763689
0 -9338893632
0 -9408566950
0 -9482661558
0 -9556756166
0 -9630850774
0 -9704945382
0 -9779039990
0 -9853134598
0 -9927229206
0 -10001323814
0 -10075418422
0 -10149513030
0 -10223607638
0 -10297702246
0 -10371796854
0 -10445891462
0 -10519986070
0 -10594080678
0 -10668175286
0 -10742269894
0 -10816364502
0 -10890459110
0 -10964553718
0 -11038648326
0 -11112742934
0 -11186837542
0 -11260932150
0 -11335026758
0 -11409121366
0 -11483215974
0 -11557310582
0 -11631405190
0 -11705499798
0 -11779594406
0 -11853689014
0 -11927783622
0 -12001878230
0 -12075972838
0 -12150067446
0 -12224162054
0 -12298256662
0 -12372351270
0 -12446445878
0 -12520540486
0 -12594635094
0 -12668729702
0 -12742824310
0 -12816918918
0 -12891013526
0 -12965108134
0 -13039202742
0 -13113297350
0 -13187391958
0 -13261486566
0 -13335581174
0 -13409675782
0 -13483770390
0 -13557864998
0 -13631959606
0 -13706054214
0 -13780148822
0 -13854243430
0 -13928338038
0 -14002432646
0 -14076527254
0 -14150621862
0 -14224716470
0 -14298811078
0 -14372905686
0 -14447000294
0 -14521094902
0 -14595189510
0 -14669284118
0 -14743378726
0 -14817473334
0 -14891567942
0 -14965662550
0 -15039757158
0 -15113851766
0 -15187946374
0 -15262040982
0 -15336135590
0 -15410230198
0 -15484324806
0 -15558419414
0 -15632514022
0 -15706608630
0 -15780703238
0 -15854797846
0 -15928892454
0 -16002987062
0 -16077081670
0 -16151176278
0 -16225270886
0 -16299365494
0 -16373460102
0 -16447554710
0 -16521649318
0 -16595743926
0 -16669838534
0 -16743933142
0 -16818027750
0 -16892122358
0 -16966216966
0 -17040311574
0 -17114406182
0 -17188500790
0 -17262595398
0 -17336690006
0 -17410784614
0 -17484879222
0 -17558973830
0 -17633068438
0 -17707163046
0 -17781257654
0 -17855352262
0 -17929446870
0 -18003541478
0 -18077636086
0 -18151730694
0 -18225825302
0 -18299919910
0 -18374014518
0 -18448109126
0 -18522203734
0 -18596298342
0 -18670392950
0 -18672050672
0 -18745859000
0 -18819667328
0 -18893475656
0 -18967283984
0 -18888319949
0 -18961536111
0 -19034752273
0 -19107968435
0 -19181184597
0 -19254400759
0 -19327616921
0 -19400833083
0 -19474049245
0 -19547265407
0 -19620481569
0 -19693697731
0 -19766913893
0 -19840130055
0 -19913346217
0 -19986562379
0 -20059778541
0 -20132994703
0 -20206210865
0 -20279427027
0 -20352643189
0 -20425859351
0 -20499075513
0 -20572291675
0 -20645507837
0 -20718723999
0 -20791940161
0 -20865156323
0 -20938372485
0 -21011588647
0 -21084804809
0 -21158020971
0 -21231237133
0 -21304453295
0 -21377669457
0 -21450885619
0 -21524101781
0 -21597317943
0 -21670534105
0 -21743750267
0 -21816966429
0 -21890182591
0 -21963398753
0 -22036614915
0 -22109831077
0 -22183047239
0 -22256263401
0 -22329479563
0 -22402695725
0 -22475911887
0 -22549128049
0 -22622344211
0 -22695560373
0 -22768776535
0 -22841992697
0 -22915208859
0 -22988425021
0 -23061641183
0 -23134857345
0 -23208073507
0 -23281289669
0 -23354505831
0 -23427721993
0 -23500938155
0 -23574154317
0 -23647370479
0 -23720586641
0 -23793802803
0 -23867018965
0 -23940235127
0 -24013451289
0 -24086667451
0 -24159883613
0 -24233099775
0 -24306315937
0 -24379532099
0 -24452748261
0 -24525964423
0 -24599180585
0 -24672396747
0 -24745612909
0 -24818829071
0 -24892045233
0 -24965261395
0 -25038477557
0 -25111693719
0 -25184909881
0 -25258126043
0 -25331342205
0 -25404558367
0 -25477774529
0 -25550990691
0 -25624206853
0 -25697423015
0 -25770639177
0 -25843855339
0 -25917071501
0 -25990287663
0 -26063503825
0 -26136719987
0 -26209936149
0 -26283152311
0 -26356368473
0 -26429584635
0 -26502800797
0 -26576016959
0 -26649233121
0 -26722449283
0 -26795665445
0 -26868881607
0 -26942097769
0 -27015313931
0 -27088530093
0 -27161746255
0 -27234962417
0 -27308178579
0 -27381394741
0 -27454610903
0 -27527827065
0 -27601043227
0 -27674259389
0 -27747475551
0 -27820691713
0 -27893907875
0 -27967124037
0 -28040340199
0 -28113556361
0 -28186772523
0 -28259988685
0 -28333204847
0 -28406421009
0 -28479637171
0 -28552853333
0 -28626069495
0 -28699285657
0 -28772501819
0 -28845717981
0 -28918934143
0 -28992150305
0 -29065366467
0 -29138582629
0 -29211798791
0 -29285014953
0 -29358231115
0 -29431447277
0 -29504663439
0 -29577879601
0 -29651095763
0 -29724311925
0 -29797528087
0 -29870744249
0 -29943960411
0 -30017176573
0 -30090392735
0 -30163608897
0 -30236825059
0 -30190457764
0 -30263385067
0 -30336312370
0 -30409239673
0 -30482166976
0 -30555094279
0 -30628021582
0 -30700948885
0 -30773876188
0 -30846803491
0 -30919730794
0 -30992658097
0 -31065585400
0 -31138512703
0 -31211440006
0 -31284367309
0 -31357294612
0 -31430221915
0 -31503149218
0 -31576076521
0 -31649003824
0 -31721931127
0 -31794858430
0 -31867785733
0 -31940713036
0 -32013640339
0 -32086567642
0 -32159494945
0 -32232422248
0 -32305349551
0 -32378276854
0 -32451204157
0 -32524131460
0 -32597058763
0 -32669986066
0 -32742913369
0 -32815840672
0 -32888767975
0 -32961695278
0 -33034622581
0 -33107549884
0 -33180477187
0 -33253404490
0 -33326331793
0 -33399259096
0 -33472186399
0 -33545113702
0 -33618041005
0 -33690968308
0 -33763895611
0 -33836822914
0 -33909750217
0 -33982677520
0 -34055604823
0 -34128532126
0 -34201459429
0 -34274386732
0 -34347314035
0 -34420241338
0 -34493168641
0 -34566095944
0 -34639023247
0 -34711950550
0 -34784877853
0 -34857805156
0 -34930732459
0 -35003659762
0 -35076587065
0 -35149514368
0 -35222441671
0 -35295368974
0 -35368296277
0 -35441223580
0 -35514150883
0 -35587078186
0 -35660005489
0 -35732932792
0 -35805860095
0 -35878787398
0 -35951714701
0 -36024642004
0 -36097569307
0 -36170496610
0 -36243423913
0 -36316351216
0 -36389278519
0 -36462205822
0 -36535133125
0 -36608060428
0 -36680987731
0 -36753915034
0 -36826842337
0 -36899769640
0 -36972696943
0 -37045624246
0 -37118551549
0 -37191478852
0 -37264406155
0 -37337333458
0 -37410260761
0 -37483188064
0 -37556115367
0 -37629042670
0 -37701969973
0 -37774897276
0 -37847824579
0 -37920751882
0 -37993679185
0 -38066606488
0 -38139533791
0 -38212461094
0 -38285388397
0 -38358315700
0 -38431243003
0 -38504170306
0 -38577097609
0 -38650024912
0 -38722952215
0 -38795879518
0 -38868806821
0 -38941734124
0 -39014661427
0 -39087588730
0 -39160516033
0 -39233443336
0 -39306370639
0 -39379297942
0 -39452225245
0 -39525152548
0 -39598079851
0 -39671007154
0 -39743934457
0 -39816861760
0 -39889789063
0 -39962716366
0 -40035643669
0 -40108570972
0 -40181498275
0 -40254425578
0 -40327352881
0 -40400280184
0 -40473207487
0 -40546134790
0 -40619062093
0 -40691989396
0 -40764916699
0 -40837844002
0 -40910771305
0 -40983698608
0 -41056625911
0 -41129553214
0 -41202480517
0 -41275407820
0 -41348335123
0 -41421262426
0 -41494189729
0 -41567117032
0 -41640044335
0 -41712971638
0 -41785898941
0 -41858826244
0 -41931753547
0 -42004680850
0 -42077608153
0 -42150535456
0 -42223462759
0 -42296390062
0 -42369317365
0 -42442244668
0 -42515171971
0 -42588099274
0 -42661026577
0 -42733953880
0 -42806881183
0 -42879808486
0 -42952735789
0 -43025663092
0 -43098590395
0 -43171517698
0 -43244445001
0 -43317372304
0 -43390299607
0 -43463226910
0 -43536154213
0 -43609081516
0 -43682008819
0 -43754936122
0 -43827863425
0 -43900790728
0 -43973718031
0 -44046645334
0 -44119572637
0 -44192499940
0 -44265427243
0 -44338354546
0 -44411281849
0 -44484209152
0 -44557136455
0 -44630063758
0 -44702991061
0 -44775918364
0 -44848845667
0 -44921772970
0 -44994700273
0 -45067627576
0 -45140554879
0 -45213482182
0 -45286409485
0 -45359336788
0 -45432264091
0 -45505191394
0 -45578118697
0 -45651046000
0 -45723973303
0 -45796900606
0 -45869827909
0 -45942755212
0 -46015682515
0 -46088609818
0 -46161537121
0 -46234464424
0 -46307391727
0 -46380319030
0 -46453246333
0 -46526173636
0 -46599100939
0 -46672028242
0 -46744955545
0 -46817882848
0 -46890810151
0 -46963737454
0 -47036664757
0 -47109592060
0 -47182519363
0 -47255446666
0 -47328373969
0 -47401301272
0 -47474228575
0 -47547155878
0 -47620083181
0 -47693010484
0 -47765937787
0 -47838865090
0 -47911792393
0 -47984719696
0 -48057646999
0 -48130574302
0 -48203501605
0 -48276428908
0 -48349356211
0 -48422283514
0 -48495210817
0 -48568138120
0 -48641065423
0 -48713992726
0 -48786920029
0 -48859847332
0 -48932774635
0 -49005701938
0 -49078629241
0 -49151556544
0 -49224483847
0 -49297411150
0 -49370338453
0 -49443265756
0 -49516193059
0 -49589120362
0 -49662047665
0 -49734974968
0 -49807902271
0 -49880829574
0 -49953756877
0 -50026684180
0 -50099611483
0 -50172538786
0 -50245466089
0 -50318393392
0 -50391320695
0 -50464247998
0 -50537175301
0 -50610102604
0 -50683029907
0 -50755957210
0 -50828884513
0 -50901811816
0 -50974739119
0 -51047666422
0 -51120593725
0 -51193521028
0 -51266448331
0 -51339375634
0 -51412302937
0 -51485230240
0 -51558157543
0 -51631084846
0 -51704012149
0 -51776939452
0 -51849866755
0 -51922794058
0 -51995721361
0 -52068648664
0 -52141575967
0 -52214503270
0 -52287430573
0 -52360357876
0 -52433285179
0 -52506212482
0 -52579139785
0 -52652067088
0 -52724994391
0 -52797921694
0 -52870848997
0 -52943776300
0 -53016703603
0 -53089630906
0 -53162558209
0 -53235485512
0 -53308412815
0 -53381340118
0 -53454267421
0 -53527194724
0 -53600122027
0 -53673049330
0 -53745976633
0 -53818903936
0 -53891831239
0 -53964758542
0 -54037685845
0 -54110613148
0 -54183540451
0 -54256467754
0 -54329395057
0 -54402322360
0 -54475249663
0 -54548176966
0 -54621104269
0 -54694031572
0 -54766958875
0 -54839886178
0 -54912813481
0 -54985740784
0 -55058668087
0 -55131595390
0 -55204522693
0 -55277449996
0 -55350377299
0 -55423304602
0 -55496231905
0 -55569159208
0 -55642086511
0 -55715013814
0 -55787941117
0 -55860868420
0 -55933795723
0 -56006723026
0 -56079650329
0 -56152577632
0 -56225504935
0 -56298432238
0 -56371359541
0 -56444286844
0 -56517214147
0 -56590141450
0 -56663068753
0 -56735996056
0 -56808923359
0 -56881850662
0 -56954777965
0 -57027705268
0 -57100632571
0 -57173559874
0 -57246487177
0 -57319414480
0 -57392341783
0 -57465269086
0 -57538196389
0 -57611123692
0 -57684050995
0 -57756978298
0 -57829905601
0 -57902832904
0 -57975760207
0 -58048687510
0 -58121614813
0 -58194542116
0 -58267469419
0 -58340396722
0 -58413324025
0 -58486251328
0 -58559178631
0 -58632105934
0 -58705033237
0 -58777960540
0 -58850887843
0 -58923815146
0 -58996742449
0 -59069669752
0 -59142597055
0 -59215524358
0 -59288451661
0 -59361378964
0 -59434306267
0 -59507233570
0 -59580160873
0 -59653088176
0 -59726015479
0 -59798942782
0 -59871870085
0 -59944797388
0 -60017724691
0 -60090651994
0 -60163579297
0 -60236506600
0 -60309433903
0 -60382361206
0 -60455288509
0 -60528215812
0 -60601143115
0 -60674070418
0 -60746997721
0 -60819925024
0 -60892852327
0 -60965779630
0 -61038706933
0 -61111634236
0 -61184561539
0 -61257488842
0 -61330416145
0 -61403343448
0 -61476270751
0 -61549198054
0 -61622125357
0 -61695052660
0 -61767979963
0 -61840907266
0 -61913834569
0 -61986761872
0 -62059689175
0 -62132616478
0 -62205543781
0 -62278471084
0 -62351398387
0 -62424325690
0 -62497252993
0 -62570180296
0 -62643107599
0 -62716034902
0 -62788962205
0 -62861889508
0 -62934816811
0 -63007744114
0 -63080671417
0 -63153598720
0 -63226526023
0 -63299453326
0 -63372380629
0 -63445307932
0 -63518235235
0 -63591162538
0 -63664089841
0 -63737017144
0 -63809944447
0 -63882871750
0 -63955799053
0 -64028726356
0 -64101653659
0 -64174580962
0 -64247508265
0 -64320435568
0 -64393362871
0 -64466290174
0 -64539217477
0 -64612144780
0 -64685072083
0 -64757999386
0 -64830926689
0 -64903853992
0 -64976781295
0 -65049708598
0 -65122635901
0 -65195563204
0 -65268490507
0 -65341417810
0 -65414345113
0 -65487272416
0 -65560199719
0 -65633127022
0 -65706054325
0 -65778981628
0 -65851908931
0 -65924836234
0 -65997763537
0 -66070690840
0 -66143618143
0 -66216545446
0 -66289472749
0 -66362400052
0 -66435327355
0 -66508254658
0 -66581181961
0 -66654109264
0 -66727036567
0 -66799963870
0 -66872891173
0 -66945818476
0 -67018745779
0 -67091673082
0 -67164600385
0 -67237527688
0 -67310454991
0 -67383382294
0 -67456309597
0 -67529236900
0 -67602164203
0 -67675091506
0 -67748018809
0 -67820946112
0 -67893873415
0 -67966800718
0 -68039728021
0 -68112655324
0 -68185582627
0 -68258509930
0 -68331437233
0 -68404364536
0 -68477291839
0 -68550219142
0 -68623146445
0 -68696073748
0 -68769001051
0 -68841928354
0 -68914855657
0 -68987782960
0 -69060710263
0 -69133637566
0 -69206564869
0 -69279492172
0 -69352419475
0 -69425346778
0 -69498274081
0 -69571201384
0 -69644128687
0 -69717055990
0 -69789983293
0 -69862910596
0 -69935837899
0 -70008765202
0 -70081692505
0 -70154619808
0 -70227547111
0 -70300474414
0 -70373401717
0 -70446329020
0 -70519256323
0 -70592183626
0 -70665110929
0 -70738038232
0 -70810965535
0 -70883892838
0 -70956820141
0 -71029747444
0 -71102674747
0 -71175602050
0 -71248529353
0 -71321456656
0 -71394383959
0 -71467311262
0 -71540238565
0 -71613165868
0 -71686093171
0 -71759020474
0 -71831947777
0 -71904875080
0 -71977802383
0 -72050729686
0 -72123656989
0 -72196584292
0 -72269511595
0 -72342438898
0 -72415366201
0 -72488293504
0 -72561220807
0 -72634148110
0 -72707075413
0 -72780002716
0 -72852930019
0 -72925857322
0 -72998784625
0 -73071711928
0 -73144639231
0 -73217566534
0 -73290493837
0 -73363421140
0 -73436348443
0 -73509275746
0 -73582203049
0 -73655130352
0 -73728057655
0 -73800984958
0 -73873912261
0 -73946839564
0 -74019766867
0 -74092694170
0 -74165621473
0 -74238548776
0 -74311476079
0 -74384403382
0 -74457330685
0 -74530257988
0 -74603185291
0 -74676112594
0 -74749039897
0 -74821967200
0 -74894894503
0 -74967821806
0 -75040749109
0 -75113676412
0 -75186603715
0 -75259531018
0 -75332458321
0 -75405385624
0 -75478312927
0 -75551240230
0 -75624167533
0 -75697094836
0 -75770022139
0 -75842949442
0 -75915876745
0 -75988804048
0 -76061731351
0 -76134658654
0 -76207585957
0 -76280513260
0 -76353440563
0 -76426367866
0 -76499295169
0 -76572222472
0 -76645149775
0 -76718077078
0 -76791004381
0 -76863931684
0 -76936858987
0 -77009786290
0 -77082713593
0 -77155640896
0 -77228568199
0 -77301495502
0 -77374422805
0 -77447350108
0 -77520277411
0 -77593204714
0 -77666132017
0 -77739059320
0 -77811986623
0 -77884913926
0 -77957841229
0 -78030768532
0 -78103695835
0 -78176623138
0 -78249550441
0 -78322477744
0 -78395405047
0 -78468332350
0 -78541259653
0 -78614186956
0 -78687114259
0 -78760041562
0 -78832968865
0 -78905896168
0 -78978823471
0 -79051750774
0 -79124678077
0 -79197605380
0 -79270532683
0 -79343459986
0 -79416387289
0 -79489314592
0 -79562241895
0 -79635169198
0 -79708096501
0 -79781023804
0 -79853951107
0 -79926878410
0 -79999805713
0 -80072733016
0 -80145660319
0 -80218587622
0 -80291514925
0 -80364442228
0 -80437369531
0 -80510296834
0 -80583224137
0 -80656151440
0 -80729078743
0 -80802006046
0 -80874933349
0 -80947860652
0 -81020787955
0 -81093715258
0 -81166642561
0 -81239569864
0 -81312497167
0 -81385424470
0 -81458351773
0 -81531279076
0 -81604206379
0 -81677133682
0 -81750060985
0 -81822988288
0 -81895915591
0 -81968842894
0 -82041770197
0 -82114697500
0 -82187624803
0 -82260552106
0 -82333479409
0 -82406406712
0 -82479334015
0 -82552261318
0 -82625188621
0 -82698115924
0 -82771043227
0 -82843970530
0 -82916897833
0 -82989825136
0 -83062752439
0 -83135679742
0 -83208607045
0 -83281534348
0 -83354461651
0 -83427388954
0 -83500316257
0 -83573243560
0 -83646170863
0 -83719098166
0 -83792025469
0 -83864952772
0 -83937880075
0 -84010807378
0 -84083734681
0 -84156661984
0 -84229589287
0 -84302516590
0 -84375443893
0 -84448371196
0 -84521298499
0 -84594225802
0 -84667153105
0 -84740080408
0 -84813007711
0 -84885935014
0 -84958862317
0 -85031789620
0 -85104716923
0 -85177644226
0 -85250571529
0 -85323498832
0 -85396426135
0 -85469353438
0 -85542280741
0 -85615208044
0 -85688135347
0 -85761062650
0 -85833989953
0 -85906917256
0 -85979844559
0 -86052771862
0 -86125699165
0 -86198626468
0 -86271553771
0 -86344481074
0 -86417408377
0 -86490335680
0 -86563262983
0 -86636190286
0 -86709117589
0 -86782044892
0 -86854972195
0 -86927899498
0 -87000826801
0 -87073754104
0 -87146681407
0 -87219608710
0 -87292536013
0 -87365463316
0 -87438390619
0 -87511317922
0 -87584245225
0 -87657172528
0 -87730099831
0 -87803027134
0 -87875954437
0 -87948881740
0 -88021809043
0 -88094736346
0 -88167663649
0 -88240590952
0 -88313518255
0 -88386445558
0 -88459372861
0 -88532300164
0 -88605227467
0 -88678154770
0 -88751082073
0 -88824009376
0 -88896936679
0 -88969863982
0 -89042791285
0 -89115718588
0 -89188645891
0 -89261573194
0 -89334500497
0 -89407427800
0 -89480355103
0 -89553282406
0 -89626209709
0 -89699137012
0 -89772064315
0 -89844991618
0 -89917918921
0 -89990846224
0 -90063773527
0 -90136700830
0 -90209628133
0 -90282555436
0 -90355482739
0 -90428410042
0 -90501337345
0 -90574264648
0 -90647191951
0 -90720119254
0 -90793046557
0 -90865973860
0 -90938901163
0 -91011828466
0 -91084755769
0 -91157683072
0 -91230610375
0 -91303537678
0 -91376464981
0 -91449392284
0 -91522319587
0 -91595246890
0 -91668174193
0 -91741101496
0 -91814028799
0 -91886956102
0 -91959883405
0 -92032810708
0 -92105738011
0 -92178665314
0 -92251592617
0 -92324519920
0 -92397447223
0 -92470374526
0 -92543301829
0 -92616229132
0 -92689156435
0 -92762083738
0 -92835011041
0 -92907938344
0 -92980865647
0 -93053792950
0 -93126720253
0 -93199647556
0 -93272574859
0 -93345502162
0 -93418429465
0 -93491356768
0 -93564284071
0 -93637211374
0 -93710138677
0 -93783065980
0 -93855993283
0 -93928920586
0 -94001847889
0 -94074775192
0 -94147702495
0 -94220629798
0 -94293557101
0 -94366484404
0 -94439411707
0 -94512339010
0 -94585266313
0 -94658193616
0 -94731120919
0 -94804048222
0 -94876975525
0 -94949902828
0 -95022830131
0 -95095757434
0 -95168684737
0 -95241612040
0 -95314539343
0 -95387466646
0 -95460393949
0 -95533321252
0 -95606248555
0 -95679175858
0 -95752103161
0 -95825030464
0 -95897957767
0 -95970885070
0 -96043812373
0 -96116739676
0 -96189666979
0 -96262594282
0 -96335521585
0 -96408448888
0 -96481376191
0 -96554303494
0 -96627230797
0 -96700158100
0 -96773085403
0 -96846012706
0 -96918940009
0 -96991867312
0 -97064794615
0 -97137721918
0 -97210649221
0 -97283576524
0 -97356503827
0 -97429431130
0 -97502358433
0 -97575285736
0 -97648213039
0 -97721140342
0 -97794067645
0 -97866994948
0 -97939922251
0 -98012849554
0 -98085776857
0 -98158704160
0 -98231631463
0 -98304558766
0 -98377486069
0 -98450413372
0 -98523340675
0 -98596267978
0 -98669195281
0 -98742122584
0 -98815049887
0 -98887977190
0 -98960904493
0 -99033831796
0 -99106759099
0 -99179686402
0 -99252613705
0 -99325541008
0 -99398468311
0 -99471395614
0 -99544322917
0 -99617250220
0 -99690177523
0 -99763104826
0 -99836032129
0 -99908959432
0 -99981886735
0 -100054814038
0 -100127741341
0 -100200668644
0 -100273595947
0 -100346523250
0 -100419450553
0 -100492377856
0 -100565305159
0 -100638232462
0 -100711159765
0 -100784087068
0 -100857014371
0 -100929941674
0 -101002868977
0 -101075796280
0 -101148723583
0 -101221650886
0 -101294578189
0 -101367505492
0 -101440432795
0 -101513360098
0 -101586287401
0 -101659214704
0 -101732142007
0 -101805069310
0 -101877996613
0 -101950923916
0 -102023851219
0 -102096778522
0 -102169705825
0 -102242633128
0 -102315560431
0 -102388487734
0 -102461415037
0 -102534342340
0 -102607269643
0 -102680196946
0 -102753124249
0 -102826051552
0 -102898978855
0 -102971906158
0 -103044833461
0 -103117760764
0 -103190688067
0 -103263615370
0 -103336542673
0 -103409469976
0 -103482397279
0 -103555324582
0 -103628251885
0 -103701179188
0 -103774106491
0 -103847033794
0 -103919961097
0 -103992888400
0 -104065815703
0 -104138743006
0 -104211670309
0 -104284597612
0 -104357524915
0 -104430452218
0 -104503379521
0 -104576306824
0 -104649234127
0 -104722161430
0 -104795088733
0 -104868016036
0 -104940943339
0 -105013870642
0 -105086797945
0 -105159725248
0 -105232652551
0 -105305579854
0 -105378507157
0 -105451434460
0 -105524361763
0 -105597289066
0 -105670216369
0 -105743143672
0 -105816070975
0 -105888998278
0 -105961925581
0 -106034852884
0 -106107780187
0 -106180707490
0 -106253634793
0 -106326562096
0 -106399489399
0 -106472416702
0 -106545344005
0 -106618271308
0 -106691198611
0 -106764125914
0 -106837053217
0 -106909980520
0 -106982907823
0 -107055835126
0 -107128762429
0 -107201689732
0 -107274617035
0 -107347544338
0 -107420471641
0 -107493398944
0 -107566326247
0 -107639253550
0 -107712180853
0 -107785108156
0 -107858035459
0 -107930962762
0 -108003890065
0 -108076817368
0 -108149744671
0 -108222671974
0 -108295599277
0 -108368526580
0 -108441453883
0 -108514381186
0 -108587308489
0 -108660235792
0 -108733163095
0 -108806090398
0 -108879017701
0 -108951945004
0 -109024872307
0 -109097799610
0 -109170726913
0 -109243654216
0 -109316581519
0 -109389508822
0 -109462436125
0 -109535363428
0 -109608290731
0 -109681218034
0 -109754145337
0 -109827072640
0 -109899999943
0 -109972927246
0 -110045854549
0 -110118781852
0 -110191709155
0 -110264636458
0 -110337563761
0 -110410491064
0 -110483418367
0 -110556345670
0 -110629272973
0 -110702200276
0 -110775127579
0 -110848054882
0 -110920982185
0 -110993909488
0 -111066836791
0 -111139764094
0 -111212691397
0 -111285618700
0 -111358546003
0 -111431473306
0 -111504400609
0 -111577327912
0 -111650255215
0 -111723182518
0 -111796109821
0 -111869037124
0 -111941964427
0 -112014891730
0 -112087819033
0 -112160746336
0 -112233673639
0 -112306600942
0 -112379528245
0 -112452455548
0 -112525382851
0 -112598310154
0 -112671237457
0 -112744164760
0 -112817092063
0 -112890019366
0 -112962946669
0 -113035873972
0 -113108801275
0 -113181728578
0 -113254655881
0 -113327583184
0 -113400510487
0 -113473437790
0 -113546365093
0 -113619292396
0 -113692219699
0 -113765147002
0 -113838074305
0 -113911001608
0 -113983928911
0 -114056856214
0 -114129783517
0 -114202710820
0 -114275638123
0 -114348565426
0 -114421492729
0 -114494420032
0 -114567347335
0 -114640274638
0 -114713201941
0 -114786129244
0 -114859056547
0 -114931983850
0 -115004911153
0 -115077838456
0 -115150765759
0 -115223693062
0 -115296620365
0 -115369547668
0 -115442474971
0 -115515402274
0 -115588329577
0 -115661256880
0 -115734184183
0 -115807111486
0 -115880038789
0 -115952966092
0 -116025893395
0 -116098820698
0 -116171748001
0 -116244675304
0 -116317602607
0 -116390529910
0 -116463457213
0 -116536384516
0 -116609311819
0 -116682239122
0 -116755166425
0 -116828093728
0 -116901021031
0 -116973948334
0 -117046875637
0 -117119802940
0 -117192730243
0 -117265657546
0 -117338584849
0 -117411512152
0 -117484439455
0 -117557366758
0 -117630294061
0 -117703221364
0 -117776148667
0 -117849075970
0 -117922003273
0 -117994930576
0 -118067857879
0 -118140785182
0 -118213712485
0 -118286639788
0 -118359567091
0 -118432494394
0 -118505421697
0 -118578349000
0 -118651276303
0 -118724203606
0 -118797130909
0 -118870058212
0 -118942985515
0 -119015912818
0 -119088840121
0 -119161767424
0 -119234694727
0 -119307622030
0 -119380549333
0 -119453476636
0 -119526403939
0 -119599331242
0 -119672258545
0 -119745185848
0 -119818113151
0 -119891040454
0 -119963967757
0 -120036895060
0 -120109822363
0 -120182749666
0 -120255676969
0 -120328604272
0 -120401531575
0 -120474458878
0 -120547386181
0 -120620313484
0 -120693240787
0 -120766168090
0 -120839095393
0 -120912022696
0 -120984949999
0 -121057877302
0 -121130804605
0 -121203731908
0 -121276659211
0 -121349586514
0 -121422513817
0 -121495441120
0 -121568368423
0 -121641295726
0 -121714223029
0 -121787150332
0 -121860077635
0 -121933004938
0 -122005932241
0 -122078859544
0 -122151786847
0 -122224714150
0 -122297641453
0 -122370568756
0 -122443496059
0 -122516423362
0 -122589350665
0 -122662277968
0 -122735205271
0 -122808132574
0 -122881059877
0 -122953987180
0 -123026914483
0 -123099841786
0 -123172769089
0 -123245696392
0 -123318623695
0 -123391550998
0 -123464478301
0 -123537405604
0 -123610332907
0 -123683260210
0 -123756187513
0 -123829114816
0 -123902042119
0 -123974969422
0 -124047896725
0 -124120824028
0 -124193751331
0 -124266678634
0 -124339605937
0 -124412533240
0 -124485460543
0 -124558387846
0 -124631315149
0 -124704242452
0 -124777169755
0 -124850097058
0 -124923024361
0 -124995951664
0 -125068878967
0 -125141806270
0 -125214733573
0 -125287660876
0 -125360588179
0 -125433515482
0 -125506442785
0 -125579370088
0 -125652297391
0 -125725224694
0 -125798151997
0 -125871079300
0 -125944006603
0 -126016933906
0 -126089861209
0 -126162788512
0 -126235715815
0 -126308643118
0 -126381570421
0 -126454497724
0 -126527425027
0 -126600352330
0 -126673279633
0 -126746206936
0 -126819134239
0 -126892061542
0 -126964988845
0 -127037916148
0 -127110843451
0 -127183770754
0 -127256698057
0 -127329625360
0 -127402552663
0 -127475479966
0 -127548407269
0 -127621334572
0 -127694261875
0 -127767189178
0 -127840116481
0 -127913043784
0 -127985971087
0 -128058898390
0 -128131825693
0 -128204752996
0 -128277680299
0 -128350607602
0 -128423534905
0 -128496462208
0 -128569389511
0 -128642316814
0 -128715244117
0 -128788171420
0 -128861098723
0 -128934026026
0 -129006953329
0 -129079880632
0 -129152807935
0 -129225735238
0 -129298662541
0 -129371589844
0 -129444517147
0 -129517444450
0 -129590371753
0 -129663299056
0 -129736226359
0 -129809153662
0 -129882080965
0 -129955008268
0 -130027935571
0 -130100862874
0 -130173790177
0 -130246717480
0 -130319644783
0 -130392572086
0 -130465499389
0 -130538426692
0 -130611353995
0 -130684281298
0 -130757208601
0 -130830135904
0 -130903063207
0 -130975990510
0 -131048917813
0 -131121845116
0 -131194772419
0 -131267699722
0 -131340627025
0 -131413554328
0 -131486481631
0 -131559408934
0 -131632336237
0 -131705263540
0 -131778190843
0 -131851118146
0 -131924045449
0 -131996972752
0 -132069900055
0 -132142827358
0 -132215754661
0 -132288681964
0 -132361609267
0 -132434536570
0 -132507463873
0 -132580391176
0 -132653318479
0 -132726245782
0 -132799173085
0 -132872100388
0 -132945027691
0 -133017954994
0 -133090882297
0 -133163809600
0 -133236736903
0 -133309664206
0 -133382591509
0 -133455518812
0 -133528446115
0 -133601373418
0 -133674300721
0 -133747228024
0 -133820155327
0 -133893082630
0 -133966009933
0 -134038937236
0 -134111864539
0 -134184791842
0 -134257719145
0 -134330646448
0 -134403573751
0 -134476501054
0 -134549428357
0 -134622355660
0 -134695282963
0 -134768210266
0 -134841137569
0 -134914064872
0 -134986992175
0 -135059919478
0 -135132846781
0 -135205774084
0 -135278701387
0 -135351628690
0 -135424555993
0 -135497483296
0 -135570410599
0 -135643337902
0 -135716265205
0 -135789192508
0 -135862119811
0 -135935047114
0 -136007974417
0 -136080901720
0 -136153829023
0 -136226756326
0 -136299683629
0 -136372610932
0 -136445538235
0 -136518465538
0 -136591392841
0 -136664320144
0 -136737247447
0 -136810174750
0 -136883102053
0 -136956029356
0 -137028956659
0 -137101883962
0 -137174811265
0 -137247738568
0 -137320665871
0 -137393593174
0 -137466520477
0 -137539447780
0 -137612375083
0 -137685302386
0 -137758229689
0 -137831156992
0 -137904084295
0 -137977011598
0 -138049938901
0 -138122866204
0 -138195793507
0 -138268720810
0 -138341648113
0 -138414575416
0 -138487502719
0 -138560430022
0 -138633357325
0 -138706284628
0 -138779211931
0 -138852139234
0 -138925066537
0 -138997993840
0 -139070921143
0 -139143848446
0 -139216775749
0 -139289703052
0 -139362630355
0 -139435557658
0 -139508484961
0 -139581412264
0 -139654339567
0 -139727266870
0 -139800194173
0 -139873121476
0 -139946048779
0 -140018976082
0 -140091903385
0 -140164830688
0 -140237757991
0 -140310685294
0 -140383612597
0 -140456539900
0 -140529467203
0 -140602394506
0 -140675321809
0 -140748249112
0 -140821176415
0 -140894103718
0 -140967031021
0 -141039958324
0 -141112885627
0 -141185812930
0 -141258740233
0 -141331667536
0 -141404594839
0 -141477522142
0 -141550449445
0 -141623376748
0 -141696304051
0 -141769231354
0 -141842158657
0 -141915085960
0 -141988013263
0 -142060940566
0 -142133867869
0 -142206795172
0 -142279722475
0 -142352649778
0 -142425577081
0 -142498504384
0 -142571431687
0 -142644358990
0 -142717286293
0 -142790213596
0 -142863140899
0 -142936068202
0 -143008995505
0 -143081922808
0 -143154850111
0 -143227777414
0 -143300704717
0 -143373632020
0 -143446559323
0 -143519486626
0 -143592413929
0 -143665341232
0 -143738268535
0 -143811195838
0 -143884123141
0 -143957050444
0 -144029977747
0 -144102905050
0 -144175832353
0 -144248759656
0 -144321686959
0 -144394614262
0 -144467541565
0 -144540468868
0 -144613396171
0 -144686323474
0 -144759250777
0 -144832178080
0 -144905105383
0 -144978032686
0 -145050959989
0 -145123887292
0 -145196814595
0 -145269741898
0 -145342669201
0 -145415596504
0 -145488523807
0 -145561451110
0 -145634378413
0 -145707305716
0 -145780233019
0 -145853160322
0 -145926087625
0 -145999014928
0 -146071942231
0 -146144869534
0 -146217796837
0 -146290724140
0 -146363651443
0 -146436578746
0 -146509506049
0 -146582433352
0 -146655360655
0 -146728287958
0 -146801215261
0 -146874142564
0 -146947069867
0 -147019997170
0 -147092924473
0 -147165851776
0 -147238779079
0 -147311706382
0 -147384633685
0 -147457560988
0 -147530488291
0 -147603415594
0 -147676342897
0 -147749270200
0 -147822197503
0 -147895124806
0 -147968052109
0 -148040979412
0 -148113906715
0 -148186834018
0 -148259761321
0 -148332688624
0 -148405615927
0 -148478543230
0 -148551470533
0 -148624397836
0 -148697325139
0 -148770252442
0 -148843179745
0 -148916107048
0 -148989034351
0 -149061961654
0 -149134888957
0 -149207816260
0 -149280743563
0 -149353670866
0 -149426598169
0 -149499525472
0 -149572452775
0 -149645380078
0 -149718307381
0 -149791234684
0 -149864161987
0 -149937089290
0 -150010016593
0 -150082943896
0 -150155871199
0 -150228798502
0 -150301725805
0 -150374653108
0 -150447580411
0 -150520507714
0 -150593435017
0 -150666362320
0 -150739289623
0 -150812216926
0 -150885144229
0 -150958071532
0 -151030998835
0 -151103926138
0 -151176853441
0 -151249780744
0 -151322708047
0 -151395635350
0 -151468562653
0 -151541489956
0 -151614417259
0 -151687344562
0 -151760271865
0 -151833199168
0 -151906126471
0 -151979053774
0 -152051981077
0 -152124908380
0 -152197835683
0 -152270762986
0 -152343690289
0 -152416617592
0 -152489544895
0 -152562472198
0 -152635399501
0 -152708326804
0 -152781254107
0 -152854181410
0 -152927108713
0 -153000036016
0 -153072963319
0 -153145890622
0 -153218817925
0 -153291745228
0 -153364672531
0 -153437599834
0 -153510527137
0 -153583454440
0 -153656381743
0 -153729309046
0 -153802236349
0 -153875163652
0 -153948090955
0 -154021018258
0 -154093945561
0 -154166872864
0 -154239800167
0 -154312727470
0 -154385654773
0 -154458582076
0 -154531509379
0 -154604436682
0 -154677363985
0 -154750291288
0 -154823218591
0 -154896145894
0 -154969073197
0 -155042000500
0 -155114927803
0 -155187855106
0 -155260782409
0 -155333709712
0 -155406637015
0 -155479564318
0 -155552491621
0 -155625418924
0 -155698346227
0 -155771273530
0 -155844200833
0 -155917128136
0 -155990055439
0 -156062982742
0 -156135910045
0 -156208837348
0 -156281764651
0 -156354691954
0 -156427619257
0 -156500546560
0 -156573473863
0 -156646401166
0 -156719328469
0 -156792255772
0 -156865183075
0 -156938110378
0 -157011037681
0 -157083964984
0 -157156892287
0 -157229819590
0 -157302746893
0 -157375674196
0 -157448601499
0 -157521528802
0 -157594456105
0 -157667383408
0 -157740310711
0 -157813238014
0 -157886165317
0 -157959092620
0 -158032019923
0 -158104947226
0 -158177874529
0 -158250801832
0 -158323729135
0 -158396656438
0 -158469583741
0 -158542511044
0 -158615438347
0 -158688365650
0 -158761292953
0 -158834220256
0 -158907147559
0 -158980074862
0 -159053002165
0 -159125929468
0 -159198856771
0 -159271784074
0 -159344711377
0 -159417638680
0 -159490565983
0 -159563493286
0 -159636420589
0 -159709347892
0 -159782275195
0 -159855202498
0 -159928129801
0 -160001057104
0 -160073984407
0 -160146911710
0 -160219839013
0 -160292766316
0 -160365693619
0 -160438620922
0 -160511548225
0 -160584475528
0 -160657402831
0 -160730330134
0 -160803257437
0 -160876184740
0 -160949112043
0 -161022039346
0 -161094966649
0 -161167893952
0 -161240821255
0 -161313748558
0 -161386675861
0 -161459603164
0 -161532530467
0 -161605457770
0 -161678385073
0 -161751312376
0 -161824239679
0 -161897166982
0 -161970094285
0 -162043021588
0 -162115948891
0 -162188876194
0 -162261803497
0 -162334730800
0 -162407658103
0 -162480585406
0 -162553512709
0 -162626440012
0 -162699367315
0 -162772294618
0 -162845221921
0 -162918149224
0 -162991076527
0 -163064003830
0 -163136931133
0 -163209858436
0 -163282785739
0 -163355713042
0 -163428640345
0 -163501567648
0 -163574494951
0 -163647422254
0 -163720349557
0 -163793276860
0 -163866204163
0 -163939131466
0 -164012058769
0 -164084986072
0 -164157913375
0 -164230840678
0 -164303767981
0 -164376695284
0 -164449622587
0 -164522549890
0 -164595477193
0 -164668404496
0 -164741331799
0 -164814259102
0 -164887186405
0 -164960113708
0 -165033041011
0 -165105968314
0 -165178895617
0 -165251822920
0 -165324750223
0 -165397677526
0 -165470604829
0 -165543532132
0 -165616459435
0 -165689386738
0 -165762314041
0 -165835241344
0 -165908168647
0 -165981095950
0 -166054023253
0 -166126950556
0 -166199877859
0 -166272805162
0 -166345732465
0 -166418659768
0 -166491587071
0 -166564514374
0 -166637441677
0 -166710368980
0 -166783296283
0 -166856223586
0 -166929150889
0 -167002078192
0 -167075005495
0 -167147932798
0 -167220860101
0 -167293787404
0 -167366714707
0 -167439642010
0 -167512569313
0 -167585496616
0 -167658423919
0 -167731351222
0 -167804278525
0 -167877205828
0 -167950133131
0 -168023060434
0 -168095987737
0 -168168915040
0 -168241842343
0 -168314769646
0 -168387696949
0 -168460624252
0 -168533551555
0 -168606478858
0 -168679406161
0 -168752333464
0 -168825260767
0 -168898188070
0 -168971115373
0 -169044042676
0 -169116969979
0 -169189897282
0 -169262824585
0 -169335751888
0 -169408679191
0 -169481606494
0 -169554533797
0 -169627461100
0 -169700388403
0 -169773315706
0 -169846243009
0 -169919170312
0 -169992097615
0 -170065024918
0 -170137952221
0 -170210879524
0 -170283806827
0 -170356734130
0 -170429661433
0 -170502588736
0 -170575516039
0 -170648443342
0 -170721370645
0 -170794297948
0 -170867225251
0 -170940152554
0 -171013079857
0 -171086007160
0 -171158934463
0 -171231861766
0 -171304789069
0 -171377716372
0 -171450643675
0 -171523570978
0 -171596498281
0 -171669425584
0 -171742352887
0 -171815280190
0 -171888207493
0 -171961134796
0 -172034062099
0 -172106989402
0 -172179916705
0 -172252844008
0 -172325771311
0 -172398698614
0 -172471625917
0 -172544553220
0 -172617480523
0 -172690407826
0 -172763335129
0 -172836262432
0 -172909189735
0 -172982117038
0 -173055044341
0 -173127971644
0 -173200898947
0 -173273826250
0 -173346753553
0 -173419680856
0 -173492608159
0 -173565535462
0 -173638462765
0 -173711390068
0 -173784317371
0 -173857244674
0 -173930171977
0 -174003099280
0 -174076026583
0 -174148953886
0 -174221881189
0 -174294808492
0 -174367735795
0 -174440663098
0 -174513590401
0 -174586517704
0 -174659445007
0 -174732372310
0 -174805299613
0 -174878226916
0 -174951154219
0 -175024081522
0 -175097008825
0 -175169936128
0 -175242863431
0 -175315790734
0 -175388718037
0 -175461645340
0 -175534572643
0 -175607499946
0 -175680427249
0 -175753354552
0 -175826281855
0 -175899209158
0 -175972136461
0 -176045063764
0 -176117991067
0 -176190918370
0 -176263845673
0 -176336772976
0 -176409700279
0 -176482627582
0 -176555554885
0 -176628482188
0 -176701409491
0 -176774336794
0 -176847264097
0 -176920191400
0 -176993118703
0 -177066046006
0 -177138973309
0 -177211900612
0 -177284827915
0 -177357755218
0 -177430682521
0 -177503609824
0 -177576537127
0 -177649464430
0 -177722391733
0 -177795319036
0 -177868246339
0 -177941173642
0 -178014100945
0 -178087028248
0 -178159955551
0 -178232882854
0 -178305810157
0 -178378737460
0 -178451664763
0 -178524592066
0 -178597519369
0 -178670446672
0 -178743373975
0 -178816301278
0 -178889228581
0 -178962155884
0 -179035083187
0 -179108010490
0 -179180937793
0 -179253865096
0 -179326792399
0 -179399719702
0 -179472647005
0 -179545574308
0 -179618501611
0 -179691428914
0 -179764356217
0 -179837283520
0 -179910210823
0 -179983138126
0 -180056065429
0 -180128992732
0 -180201920035
0 -180274847338
0 -180347774641
0 -180420701944
0 -180493629247
0 -180566556550
0 -180639483853
0 -180712411156
0 -180785338459
0 -180858265762
0 -180931193065
0 -181004120368
0 -181077047671
0 -181149974974
0 -181222902277
0 -181295829580
0 -181368756883
0 -181441684186
0 -181514611489
0 -181587538792
0 -181660466095
0 -181733393398
0 -181806320701
0 -181879248004
0 -181952175307
0 -182025102610
0 -182098029913
0 -182170957216
0 -182243884519
0 -182316811822
0 -182389739125
0 -182462666428
0 -182535593731
0 -182608521034
0 -182681448337
0 -182754375640
0 -182827302943
0 -182900230246
0 -182973157549
0 -183046084852
0 -183119012155
0 -183191939458
0 -183264866761
0 -183337794064
0 -183410721367
0 -183483648670
0 -183556575973
0 -183629503276
0 -183702430579
0 -183775357882
0 -183848285185
0 -183921212488
0 -183994139791
0 -184067067094
0 -184139994397
0 -184212921700
0 -184285849003
0 -184358776306
0 -184431703609
0 -184504630912
0 -184577558215
0 -184650485518
0 -184723412821
0 -184796340124
0 -184869267427
0 -184942194730
0 -185015122033
0 -185088049336
0 -185160976639
0 -185233903942
0 -185306831245
0 -185379758548
0 -185452685851
0 -185525613154
0 -185598540457
0 -185671467760
0 -185744395063
0 -185817322366
0 -185890249669
0 -185963176972
0 -186036104275
0 -186109031578
0 -186181958881
0 -186254886184
0 -186327813487
0 -186400740790
0 -186473668093
0 -186546595396
0 -186619522699
0 -186692450002
0 -186765377305
0 -186838304608
0 -186911231911
0 -186984159214
0 -187057086517
0 -187130013820
0 -187202941123
0 -187275868426
0 -187348795729
0 -187421723032
0 -187494650335
0 -187567577638
0 -187640504941
0 -187713432244
0 -187786359547
0 -187859286850
0 -187932214153
0 -188005141456
0 -188078068759
0 -188150996062
0 -188223923365
0 -188296850668
0 -188369777971
0 -188442705274
0 -188515632577
0 -188588559880
0 -188661487183
0 -188734414486
0 -188807341789
0 -188880269092
0 -188953196395
0 -189026123698
0 -189099051001
0 -189171978304
0 -189244905607
0 -189317832910
0 -189390760213
0 -189463687516
0 -189536614819
0 -189609542122
0 -189682469425
0 -189755396728
0 -189828324031
0 -189901251334
0 -189974178637
0 -190047105940
0 -190120033243
0 -190192960546
0 -190265887849
0 -190338815152
0 -190411742455
0 -190484669758
0 -190557597061
0 -190630524364
0 -190703451667
0 -190776378970
0 -190849306273
0 -190922233576
0 -190995160879
0 -191068088182
0 -191141015485
0 -191213942788
0 -191286870091
0 -191359797394
0 -191432724697
0 -191505652000
0 -191578579303
0 -191651506606
0 -191724433909
0 -191797361212
0 -191870288515
0 -191943215818
0 -192016143121
0 -192089070424
0 -192161997727
0 -192234925030
0 -192307852333
0 -192380779636
0 -192453706939
0 -192526634242
0 -192599561545
0 -192672488848
0 -192745416151
0 -192818343454
0 -192891270757
0 -192964198060
0 -193037125363
0 -193110052666
0 -193182979969
0 -193255907272
0 -193328834575
0 -193401761878
0 -193474689181
0 -193547616484
0 -193620543787
0 -193693471090
0 -193766398393
0 -193839325696
0 -193912252999
0 -193985180302
0 -194058107605
0 -194131034908
0 -194203962211
0 -194276889514
0 -194349816817
0 -194422744120
0 -194495671423
0 -194568598726
0 -194641526029
0 -194714453332
0 -194787380635
0 -194860307938
0 -194933235241
0 -195006162544
0 -195079089847
0 -195152017150
0 -195224944453
0 -195297871756
0 -195370799059
0 -195443726362
0 -195516653665
0 -195589580968
0 -195662508271
0 -195735435574
0 -195808362877
0 -195881290180
0 -195954217483
0 -196027144786
0 -196100072089
0 -196172999392
0 -196245926695
0 -196318853998
0 -196391781301
0 -196464708604
0 -196537635907
0 -196610563210
0 -196683490513
0 -196756417816
0 -196829345119
0 -196902272422
0 -196975199725
0 -197048127028
0 -197121054331
0 -197193981634
0 -197266908937
0 -197339836240
0 -197412763543
0 -197485690846
0 -197558618149
0 -197631545452
0 -197704472755
0 -197777400058
0 -197850327361
0 -197923254664
0 -197996181967
0 -198069109270
0 -198142036573
0 -198214963876
0 -198287891179
0 -198360818482
0 -198433745785
0 -198506673088
0 -198579600391
0 -198652527694
0 -198725454997
0 -198798382300
0 -198871309603
0 -198944236906
0 -199017164209
0 -199090091512
0 -199163018815
0 -199235946118
0 -199308873421
0 -199381800724
0 -199454728027
0 -199527655330
0 -199600582633
0 -199673509936
0 -199746437239
0 -199819364542
0 -199892291845
0 -199965219148
0 -200038146451
0 -200111073754
0 -200184001057
0 -200256928360
0 -200329855663
0 -200402782966
0 -200475710269
0 -200548637572
0 -200621564875
0 -200694492178
0 -200767419481
0 -200840346784
0 -200913274087
0 -200986201390
0 -201059128693
0 -201132055996
0 -201204983299
0 -201277910602
0 -201350837905
0 -201423765208
0 -201496692511
0 -201569619814
0 -201642547117
0 -201715474420
0 -201788401723
0 -201861329026
0 -201934256329
0 -202007183632
0 -202080110935
0 -202153038238
0 -202225965541
0 -202298892844
0 -202371820147
0 -202118910713
0 -202191720635
0 -202264530557
0 -202337340479
0 -202410150401
0 -202482960323
0 -202555770245
0 -202628580167
0 -202701390089
0 -202774200011
0 -202847009933
0 -202919819855
0 -202992629777
0 -203065439699
0 -203138249621
0 -203211059543
0 -203283869465
0 -203356679387
0 -203429489309
0 -203502299231
0 -203575109153
0 -203647919075
0 -203720728997
0 -203793538919
0 -203866348841
0 -203939158763
0 -204011968685
0 -204084778607
0 -204157588529
0 -204230398451
0 -204303208373
0 -204376018295
0 -204448828217
0 -204521638139
0 -204594448061
0 -204667257983
0 -204740067905
0 -204812877827
0 -204885687749
0 -204958497671
0 -205031307593
0 -205104117515
0 -205176927437
0 -205249737359
0 -205322547281
0 -205395357203
0 -205468167125
0 -205540977047
0 -205613786969
0 -205686596891
0 -205759406813
0 -205832216735
0 -205905026657
0 -205977836579
0 -206050646501
0 -206123456423
0 -206196266345
0 -206269076267
0 -206341886189
0 -206414696111
0 -206487506033
0 -206560315955
0 -206633125877
0 -206705935799
0 -206778745721
0 -206851555643
0 -206924365565
0 -206997175487
0 -207069985409
0 -207142795331
0 -207215605253
0 -207288415175
0 -207361225097
0 -207434035019
0 -207506844941
0 -207579654863
0 -207652464785
0 -207725274707
0 -207798084629
0 -207870894551
0 -207943704473
0 -208016514395
0 -208089324317
0 -208162134239
0 -208234944161
0 -208307754083
0 -208380564005
0 -208453373927
0 -208526183849
0 -208598993771
0 -208671803693
0 -208744613615
0 -208817423537
0 -208890233459
0 -208963043381
0 -209035853303
0 -209108663225
0 -209181473147
0 -209254283069
0 -209327092991
0 -209399902913
0 -209472712835
0 -209545522757
0 -209618332679
0 -209691142601
0 -209763952523
0 -209836762445
0 -209909572367
0 -209982382289
0 -210055192211
0 -210128002133
0 -210200812055
0 -210273621977
0 -210346431899
0 -210419241821
0 -210492051743
0 -210564861665
0 -210637671587
0 -210710481509
0 -210783291431
0 -210856101353
0 -210928911275
0 -211001721197
0 -211074531119
0 -211147341041
0 -211220150963
0 -211292960885
0 -211365770807
0 -211438580729
0 -211511390651
0 -211584200573
0 -211657010495
0 -211729820417
0 -211802630339
0 -211875440261
0 -211948250183
0 -212021060105
0 -212093870027
0 -212166679949
0 -212239489871
0 -212312299793
0 -212385109715
0 -212457919637
0 -212530729559
0 -212603539481
0 -212676349403
0 -212749159325
0 -212821969247
0 -212894779169
0 -212967589091
0 -213040399013
0 -213113208935
0 -213186018857
0 -213258828779
0 -213331638701
0 -213404448623
0 -213477258545
0 -213550068467
0 -213622878389
0 -213695688311
0 -213768498233
0 -213841308155
0 -213914118077
0 -213986927999
0 -214059737921
0 -214132547843
0 -214205357765
0 -214278167687
0 -214350977609
0 -214423787531
0 -214496597453
0 -214569407375
0 -214642217297
0 -214715027219
0 -214787837141
0 -214860647063
0 -214933456985
0 -215006266907
0 -215079076829
0 -215151886751
0 -215224696673
0 -215297506595
0 -215370316517
0 -215443126439
0 -215515936361
0 -215588746283
0 -215661556205
0 -215734366127
0 -215807176049
0 -215879985971
0 -215952795893
0 -216025605815
0 -216098415737
0 -216171225659
0 -216244035581
0 -216316845503
0 -216389655425
0 -216462465347
0 -216535275269
0 -216608085191
0 -216680895113
0 -216753705035
0 -216826514957
0 -216899324879
0 -216972134801
0 -217044944723
0 -217117754645
0 -217190564567
0 -217263374489
0 -217336184411
0 -217408994333
0 -217481804255
0 -217554614177
0 -217627424099
0 -217700234021
0 -217773043943
0 -217845853865
0 -217918663787
0 -217991473709
0 -218064283631
0 -218137093553
0 -218209903475
0 -218282713397
0 -218355523319
0 -218428333241
0 -218501143163
0 -218573953085
0 -218646763007
0 -218719572929
0 -218792382851
0 -218865192773
0 -218938002695
0 -219010812617
0 -219083622539
0 -219156432461
0 -219229242383
0 -219302052305
0 -219374862227
0 -219447672149
0 -219520482071
0 -219593291993
0 -219666101915
0 -219738911837
0 -219811721759
0 -219884531681
0 -219957341603
0 -220030151525
0 -220102961447
0 -220175771369
0 -220248581291
0 -220321391213
0 -220394201135
0 -220467011057
0 -220539820979
0 -220612630901
0 -220685440823
0 -220758250745
0 -220831060667
0 -220903870589
0 -220976680511
0 -221049490433
0 -221122300355
0 -221195110277
0 -221267920199
0 -221340730121
0 -221413540043
0 -221486349965
0 -221559159887
0 -221631969809
0 -221704779731
0 -221777589653
0 -221850399575
0 -221923209497
0 -221996019419
0 -222068829341
0 -222141639263
0 -222214449185
0 -222287259107
0 -222360069029
0 -222432878951
0 -222505688873
0 -222578498795
0 -222651308717
0 -222724118639
0 -222796928561
0 -222869738483
0 -222942548405
0 -223015358327
0 -223088168249
0 -223160978171
0 -223233788093
0 -223306598015
0 -223379407937
0 -223452217859
0 -223525027781
0 -223597837703
0 -223670647625
0 -223743457547
0 -223816267469
0 -223889077391
0 -223961887313
0 -224034697235
0 -224107507157
0 -224180317079
0 -224253127001
0 -224325936923
0 -224398746845
0 -224471556767
0 -224544366689
0 -224617176611
0 -224689986533
0 -224762796455
0 -224835606377
0 -224908416299
0 -224981226221
0 -225054036143
0 -225126846065
0 -225199655987
0 -225272465909
0 -225345275831
0 -225418085753
0 -225490895675
0 -225563705597
0 -225636515519
0 -225709325441
0 -225782135363
0 -225854945285
0 -225927755207
0 -226000565129
0 -226073375051
0 -226146184973
0 -226218994895
0 -226291804817
0 -226364614739
0 -226437424661
0 -226510234583
0 -226583044505
0 -226655854427
0 -226728664349
0 -226801474271
0 -226874284193
0 -226947094115
0 -227019904037
0 -227092713959
0 -227165523881
0 -227238333803
0 -227311143725
0 -227383953647
0 -227456763569
0 -227529573491
0 -227602383413
0 -227675193335
0 -227748003257
0 -227820813179
0 -227893623101
0 -227966433023
0 -228039242945
0 -228112052867
0 -228184862789
0 -228257672711
0 -228330482633
0 -228403292555
0 -228476102477
0 -228548912399
0 -228621722321
0 -228694532243
0 -228767342165
0 -228840152087
0 -228912962009
0 -228985771931
0 -229058581853
0 -229131391775
0 -229204201697
0 -229277011619
0 -229349821541
0 -229422631463
0 -229495441385
0 -229568251307
0 -229641061229
0 -229713871151
0 -229786681073
0 -229859490995
0 -229932300917
0 -230005110839
0 -230077920761
0 -230150730683
0 -230223540605
0 -230296350527
0 -230369160449
0 -230441970371
0 -230514780293
0 -230587590215
0 -230660400137
0 -230733210059
0 -230806019981
0 -230878829903
0 -230951639825
0 -231024449747
0 -231097259669
0 -231170069591
0 -231242879513
0 -231315689435
0 -231388499357
0 -231461309279
0 -231534119201
0 -231606929123
0 -231679739045
0 -231752548967
0 -231825358889
0 -231898168811
0 -231970978733
0 -232043788655
0 -232116598577
0 -232189408499
0 -232262218421
0 -232335028343
0 -232407838265
0 -232480648187
0 -232553458109
0 -232626268031
0 -232699077953
0 -232771887875
0 -232844697797
0 -232917507719
0 -232990317641
0 -233063127563
0 -233135937485
0 -233208747407
0 -233281557329
0 -233354367251
0 -233427177173
0 -233499987095
0 -233572797017
0 -233645606939
0 -233718416861
0 -233791226783
0 -233864036705
0 -233936846627
0 -234009656549
0 -234082466471
0 -234155276393
0 -234228086315
0 -234300896237
0 -234373706159
0 -234446516081
0 -234519326003
0 -234592135925
0 -234664945847
0 -234737755769
0 -234810565691
0 -234883375613
0 -234956185535
0 -235028995457
0 -235101805379
0 -235174615301
0 -235247425223
0 -235320235145
0 -235393045067
0 -235465854989
0 -235538664911
0 -235611474833
0 -235684284755
0 -235757094677
0 -235829904599
0 -235902714521
0 -235975524443
0 -236048334365
0 -236121144287
0 -236193954209
0 -236266764131
0 -236339574053
0 -236412383975
0 -236485193897
0 -236558003819
0 -236630813741
0 -236703623663
0 -236776433585
0 -236849243507
0 -236922053429
0 -236994863351
0 -237067673273
0 -237140483195
0 -237213293117
0 -237286103039
0 -237358912961
0 -237431722883
0 -237504532805
0 -237577342727
0 -237650152649
0 -237722962571
0 -237795772493
0 -237868582415
0 -237941392337
0 -238014202259
0 -238087012181
0 -238159822103
0 -238232632025
0 -238305441947
0 -238378251869
0 -238451061791
0 -238523871713
0 -238596681635
0 -238669491557
0 -238742301479
0 -238815111401
0 -238887921323
0 -238960731245
0 -239033541167
0 -239106351089
0 -239179161011
0 -239251970933
0 -239324780855
0 -239397590777
0 -239470400699
0 -239543210621
0 -239616020543
0 -239688830465
0 -239761640387
0 -239834450309
0 -239907260231
0 -239980070153
0 -240052880075
0 -240125689997
0 -240198499919
0 -240271309841
0 -240344119763
0 -240416929685
0 -240489739607
0 -240562549529
0 -240635359451
0 -240708169373
0 -240780979295
0 -240853789217
0 -240926599139
0 -240999409061
0 -241072218983
0 -241145028905
0 -241217838827
0 -241290648749
0 -241363458671
0 -241436268593
0 -241509078515
0 -241581888437
0 -241654698359
0 -241727508281
0 -241800318203
0 -241873128125
0 -241945938047
0 -242018747969
0 -242091557891
0 -242164367813
0 -242237177735
0 -242309987657
0 -242382797579
0 -242455607501
0 -242528417423
0 -242601227345
0 -242674037267
0 -242746847189
0 -242819657111
0 -242892467033
0 -242965276955
0 -243038086877
0 -243110896799
0 -243183706721
0 -243256516643
0 -243329326565
0 -243402136487
0 -243474946409
0 -243547756331
0 -243620566253
0 -243693376175
0 -243766186097
0 -243838996019
0 -243911805941
0 -243984615863
0 -244057425785
0 -244130235707
0 -244203045629
0 -244275855551
0 -244348665473
0 -244421475395
0 -244494285317
0 -244567095239
0 -244639905161
0 -244712715083
0 -244785525005
0 -244858334927
0 -244931144849
0 -245003954771
0 -245076764693
0 -245149574615
0 -245222384537
0 -245295194459
0 -245368004381
0 -245440814303
0 -245513624225
0 -245586434147
0 -245659244069
0 -245732053991
0 -245804863913
0 -245877673835
0 -245950483757
0 -246023293679
0 -246096103601
0 -246168913523
0 -246241723445
0 -246314533367
0 -246387343289
0 -246460153211
0 -246532963133
0 -246605773055
0 -246678582977
0 -246751392899
0 -246824202821
0 -246897012743
0 -246969822665
0 -247042632587
0 -247115442509
0 -247188252431
0 -247261062353
0 -247333872275
0 -247406682197
0 -247479492119
0 -247552302041
0 -247625111963
0 -247697921885
0 -247770731807
0 -247843541729
0 -247916351651
0 -247989161573
0 -248061971495
0 -248134781417
0 -248207591339
0 -248280401261
0 -248353211183
0 -248426021105
0 -248498831027
0 -248571640949
0 -248644450871
0 -248717260793
0 -248790070715
0 -248862880637
0 -248935690559
0 -249008500481
0 -249081310403
0 -249154120325
0 -249226930247
0 -249299740169
0 -249372550091
0 -249445360013
0 -249518169935
0 -249590979857
0 -249663789779
0 -249736599701
0 -249809409623
0 -249882219545
0 -249955029467
0 -250027839389
0 -250100649311
0 -250173459233
0 -250246269155
0 -250319079077
0 -250391888999
0 -250464698921
0 -250537508843
0 -250610318765
0 -250683128687
0 -250755938609
0 -250828748531
0 -250901558453
0 -250974368375
0 -251047178297
0 -251119988219
0 -251192798141
0 -251265608063
0 -251338417985
0 -251411227907
0 -251484037829
0 -251556847751
0 -251629657673
0 -251702467595
0 -251775277517
0 -251848087439
0 -251920897361
0 -251993707283
0 -252066517205
0 -252139327127
0 -252212137049
0 -252284946971
0 -252357756893
0 -252430566815
0 -252503376737
0 -250462120393
0 -250534320898
0 -250606521403
0 -250678721908
0 -250750922413
0 -250823122918
0 -250895323423
0 -250967523928
0 -251039724433
0 -251111924938
0 -251184125443
0 -251256325948
0 -251328526453
0 -251400726958
0 -251472927463
0 -251545127968
0 -251617328473
0 -251689528978
0 -251761729483
0 -251833929988
0 -251906130493
0 -251978330998
0 -252050531503
0 -252122732008
0 -252194932513
0 -252267133018
0 -252339333523
0 -252411534028
0 -252483734533
0 -252555935038
0 -252628135543
0 -252700336048
0 -252772536553
0 -252844737058
0 -252916937563
0 -252989138068
0 -253061338573
0 -253133539078
0 -253205739583
0 -253277940088
0 -253350140593
0 -253422341098
0 -253494541603
0 -253566742108
0 -253638942613
0 -253711143118
0 -253783343623
0 -253855544128
0 -253927744633
0 -253999945138
0 -254072145643
0 -254144346148
0 -254216546653
0 -254288747158
0 -254360947663
0 -254433148168
0 -254505348673
0 -254577549178
0 -254649749683
0 -254721950188
0 -254794150693
0 -254866351198
0 -254938551703
0 -255010752208
0 -255082952713
0 -255155153218
0 -255227353723
0 -255299554228
0 -255371754733
0 -255443955238
0 -255516155743
0 -255588356248
0 -255660556753
0 -255732757258
0 -255804957763
0 -255877158268
0 -255949358773
0 -256021559278
0 -256093759783
0 -256165960288
0 -256238160793
0 -256310361298
0 -256382561803
0 -256454762308
0 -256526962813
0 -256599163318
0 -256671363823
0 -256743564328
0 -256815764833
0 -256887965338
0 -256960165843
0 -257032366348
0 -257104566853
0 -257176767358
