105096
89841 89841
93343 93343
94821 94821
95705 95705
97334 97334
98640 98640
99930 99930
101160 101160
101160 101160
101160 101160
102117 102117
102117 102117
102117 102117
102117 102117
102117 102117
102117 102117
102526 102526
102526 102526
102526 102526
102526 102526
102526 102526
102526 102526
102526 102526
102526 102526
102693 102693
102693 102693
102693 102693
102693 102693
102829 102829
102829 102829
102829 102829
102829 102829
102829 102829
102829 102829
102829 102829
102829 102829
102829 102829
103007 103007
103007 103007
103007 103007
103007 103007
103043 103043
103043 103043
103043 103043
103043 103043
103043 103043
103043 103043
103043 103043
103043 103043
103043 103043
103043 103043
103043 103043
103043 103043
103043 103043
103043 103043
103294 103294
103294 103294
103294 103294
103294 103294
103294 103294
103294 103294
103294 103294
103294 103294
103294 103294
103294 103294
103294 103294
103294 103294
103294 103294
103294 103294
103754 103754
103754 103754
103754 103754
103754 103754
103754 103754
103754 103754
103754 103754
103754 103754
103754 103754
103754 103754
103754 103754
103754 103754
103754 103754
103754 103754
103754 103754
103754 103754
103754 103754
103754 103754
103754 103754
103754 103754
103754 103754
103754 103754
103754 103754
103754 103754
103754 103754
103754 103754
103754 103754
103754 103754
103754 103754
103754 103754
103754 103754
103754 103754
103754 103754
103754 103754
103754 103754
103754 103754
103754 103754
103754 103754
103754 103754
103754 103754
103754 103754
103754 103754
103754 103754
103754 103754
104750 104750
104750 104750
104750 104750
104750 104750
104750 104750
104750 104750
104750 104750
104750 104750
104750 104750
104750 104750
104750 104750
104750 104750
104750 104750
104750 104750
104750 104750
104750 104750
104750 104750
104750 104750
104750 104750
104750 104750
104750 104750
104750 104750
104750 104750
104750 104750
104750 104750
104750 104750
104750 104750
104750 104750
104750 104750
104750 104750
104750 104750
104750 104750
104750 104750
104750 104750
104750 104750
105096 105096
105096 105096
105096 105096
105096 105096
105096 105096
105096 105096
