93281
79731 79731
82411 82411
85353 85353
85445 85445
87032 87032
87032 87032
87032 87032
87176 87176
88413 88413
88413 88413
88877 88877
88877 88877
90339 90339
90339 90339
90339 90339
90339 90339
90339 90339
90339 90339
90339 90339
90339 90339
90339 90339
91454 91454
91454 91454
91454 91454
91454 91454
91454 91454
91454 91454
91454 91454
92224 92224
92224 92224
92224 92224
92224 92224
92224 92224
92224 92224
92224 92224
92224 92224
92224 92224
92224 92224
92224 92224
92224 92224
92224 92224
92224 92224
92224 92224
92224 92224
92224 92224
92224 92224
92224 92224
92224 92224
92224 92224
92224 92224
92224 92224
92224 92224
92224 92224
92224 92224
92224 92224
92224 92224
92224 92224
92224 92224
92224 92224
92224 92224
92224 92224
92224 92224
92224 92224
92224 92224
92224 92224
92224 92224
92224 92224
92224 92224
92224 92224
92224 92224
92224 92224
92224 92224
92224 92224
92224 92224
92224 92224
92224 92224
92224 92224
92224 92224
92224 92224
92224 92224
92224 92224
92224 92224
92224 92224
92224 92224
92224 92224
92224 92224
92224 92224
92224 92224
92224 92224
92224 92224
92224 92224
92224 92224
92224 92224
92224 92224
92224 92224
92224 92224
92224 92224
92224 92224
92224 92224
92224 92224
92224 92224
92224 92224
92224 92224
92224 92224
92224 92224
92224 92224
92224 92224
92224 92224
92224 92224
92224 92224
92224 92224
92224 92224
92224 92224
92224 92224
92224 92224
92224 92224
92224 92224
92224 92224
92224 92224
92224 92224
92224 92224
92224 92224
92224 92224
92224 92224
92224 92224
92224 92224
92224 92224
92224 92224
92224 92224
92224 92224
92224 92224
92224 92224
92224 92224
92224 92224
92224 92224
92224 92224
92224 92224
92224 92224
92224 92224
92224 92224
92224 92224
92224 92224
92224 92224
92224 92224
92224 92224
92224 92224
92224 92224
92224 92224
92224 92224
92224 92224
92224 92224
92224 92224
92224 92224
92224 92224
92224 92224
92224 92224
92224 92224
92287 92287
92287 92287
92287 92287
92287 92287
92287 92287
92287 92287
92287 92287
92287 92287
92287 92287
92287 92287
92287 92287
92287 92287
92287 92287
92287 92287
92287 92287
92287 92287
92287 92287
92287 92287
92287 92287
92287 92287
92287 92287
92287 92287
92287 92287
92287 92287
92287 92287
93281 93281
93281 93281
93281 93281
93281 93281
93281 93281
93281 93281
93281 93281
93281 93281
93281 93281
93281 93281
93281 93281
93281 93281
93281 93281
93281 93281
93281 93281
93281 93281
93281 93281
93281 93281
93281 93281
93281 93281
93281 93281
93281 93281
93281 93281
93281 93281
93281 93281
93281 93281
93281 93281
93281 93281
93281 93281
93281 93281
93281 93281
93281 93281
93281 93281
93281 93281
93281 93281
93281 93281
93281 93281
93281 93281
93281 93281
93281 93281
93281 93281
93281 93281
93281 93281
93281 93281
93281 93281
93281 93281
93281 93281
93281 93281
93281 93281
93281 93281
93281 93281
93281 93281
93281 93281
93281 93281
93281 93281
93281 93281
93281 93281
93281 93281
93281 93281
93281 93281
93281 93281
93281 93281
93281 93281
93281 93281
93281 93281
93281 93281
93281 93281
93281 93281
93281 93281
93281 93281
