105459
93018 93018
94371 94371
94840 94840
97442 97442
100657 100657
100657 100657
100657 100657
100657 100657
101393 101393
101963 101963
102502 102502
102502 102502
102502 102502
102502 102502
102502 102502
102502 102502
102559 102559
102616 102616
102616 102616
102616 102616
102778 102778
102778 102778
102778 102778
102778 102778
103230 103230
104272 104272
104272 104272
104272 104272
104272 104272
104272 104272
104272 104272
104272 104272
104272 104272
104272 104272
104272 104272
104272 104272
104272 104272
104272 104272
104272 104272
104272 104272
104272 104272
104272 104272
104272 104272
104272 104272
104272 104272
104272 104272
104272 104272
104272 104272
104272 104272
104272 104272
104272 104272
104272 104272
104272 104272
104272 104272
104272 104272
104272 104272
104272 104272
104272 104272
104272 104272
104272 104272
105314 105314
105314 105314
105314 105314
105314 105314
105314 105314
105314 105314
105314 105314
105314 105314
105314 105314
105314 105314
105314 105314
105314 105314
105314 105314
105314 105314
105314 105314
105314 105314
105314 105314
105314 105314
105314 105314
105314 105314
105314 105314
105314 105314
105314 105314
105314 105314
105314 105314
105314 105314
105314 105314
105314 105314
105314 105314
105314 105314
105314 105314
105314 105314
105314 105314
105314 105314
105314 105314
105314 105314
105314 105314
105314 105314
105314 105314
105314 105314
105314 105314
105314 105314
105314 105314
105314 105314
105314 105314
105314 105314
105314 105314
105314 105314
105314 105314
105314 105314
105314 105314
105314 105314
105314 105314
105314 105314
105314 105314
105314 105314
105314 105314
105314 105314
105314 105314
105314 105314
105314 105314
105314 105314
105314 105314
105314 105314
105314 105314
105314 105314
105314 105314
105459 105459
105459 105459
105459 105459
105459 105459
105459 105459
105459 105459
105459 105459
105459 105459
105459 105459
105459 105459
105459 105459
105459 105459
105459 105459
105459 105459
105459 105459
105459 105459
105459 105459
105459 105459
105459 105459
105459 105459
105459 105459
105459 105459
105459 105459
105459 105459
105459 105459
105459 105459
105459 105459
