105735
92531 92531
93282 93282
94651 94651
96754 96754
97266 97266
98543 98543
98813 98813
100122 100122
101339 101339
101777 101777
101777 101777
101777 101777
102214 102214
102223 102223
102223 102223
102223 102223
102436 102436
102436 102436
102436 102436
102441 102441
103217 103217
103217 103217
103217 103217
103217 103217
103217 103217
103217 103217
103217 103217
103217 103217
103217 103217
103217 103217
103217 103217
104508 104508
104508 104508
104508 104508
104508 104508
104508 104508
104508 104508
104508 104508
104508 104508
104508 104508
104508 104508
104508 104508
104508 104508
104508 104508
104508 104508
104508 104508
104508 104508
104508 104508
104508 104508
104508 104508
104508 104508
104508 104508
104508 104508
104508 104508
104508 104508
104508 104508
104508 104508
104508 104508
104508 104508
104508 104508
104508 104508
104508 104508
104508 104508
104508 104508
104508 104508
104508 104508
104508 104508
104508 104508
104508 104508
104508 104508
104508 104508
104508 104508
104508 104508
104508 104508
104508 104508
104508 104508
104508 104508
104508 104508
104508 104508
104508 104508
104508 104508
104508 104508
104508 104508
104508 104508
104508 104508
104508 104508
104508 104508
104508 104508
104508 104508
104508 104508
104508 104508
104508 104508
104508 104508
104508 104508
104508 104508
104508 104508
104508 104508
104670 104670
104670 104670
104670 104670
104670 104670
104670 104670
104670 104670
104670 104670
104670 104670
104670 104670
104670 104670
104670 104670
104670 104670
104670 104670
104670 104670
104670 104670
105194 105194
105194 105194
105194 105194
105194 105194
105194 105194
105194 105194
105194 105194
105194 105194
105194 105194
105194 105194
105194 105194
105194 105194
105194 105194
105735 105735
105735 105735
105735 105735
105735 105735
105735 105735
105735 105735
105735 105735
105735 105735
105735 105735
105735 105735
105735 105735
105735 105735
105735 105735
105735 105735
105735 105735
105735 105735
105735 105735
105735 105735
105735 105735
105735 105735
105735 105735
105735 105735
105735 105735
105735 105735
105735 105735
105735 105735
105735 105735
105735 105735
105735 105735
