93794
80064 80064
81422 81422
84059 84059
84790 84790
86680 86680
86680 86680
86921 86921
86921 86921
89242 89242
89242 89242
89242 89242
89242 89242
89242 89242
89242 89242
89242 89242
89319 89319
89319 89319
89644 89644
89644 89644
89644 89644
89644 89644
89644 89644
90605 90605
90605 90605
90605 90605
90605 90605
90605 90605
90605 90605
90605 90605
92271 92271
92271 92271
92271 92271
92271 92271
92271 92271
92271 92271
92271 92271
92271 92271
92271 92271
92271 92271
92271 92271
92271 92271
92271 92271
92271 92271
92271 92271
92271 92271
92271 92271
92271 92271
92271 92271
92271 92271
92271 92271
92271 92271
92271 92271
92271 92271
92271 92271
92271 92271
92271 92271
92271 92271
92271 92271
92271 92271
92271 92271
93794 93794
93794 93794
93794 93794
93794 93794
93794 93794
93794 93794
93794 93794
93794 93794
93794 93794
93794 93794
93794 93794
93794 93794
93794 93794
93794 93794
93794 93794
93794 93794
93794 93794
93794 93794
93794 93794
93794 93794
93794 93794
93794 93794
93794 93794
93794 93794
93794 93794
93794 93794
93794 93794
93794 93794
93794 93794
93794 93794
93794 93794
93794 93794
93794 93794
93794 93794
93794 93794
93794 93794
93794 93794
93794 93794
93794 93794
93794 93794
93794 93794
93794 93794
93794 93794
93794 93794
93794 93794
93794 93794
93794 93794
93794 93794
93794 93794
93794 93794
93794 93794
93794 93794
93794 93794
93794 93794
93794 93794
93794 93794
93794 93794
93794 93794
93794 93794
93794 93794
93794 93794
93794 93794
93794 93794
93794 93794
93794 93794
93794 93794
93794 93794
93794 93794
93794 93794
93794 93794
93794 93794
93794 93794
93794 93794
93794 93794
93794 93794
93794 93794
93794 93794
93794 93794
93794 93794
93794 93794
93794 93794
93794 93794
93794 93794
93794 93794
93794 93794
93794 93794
93794 93794
93794 93794
93794 93794
93794 93794
93794 93794
93794 93794
93794 93794
93794 93794
93794 93794
93794 93794
93794 93794
93794 93794
93794 93794
93794 93794
93794 93794
93794 93794
93794 93794
93794 93794
93794 93794
93794 93794
93794 93794
93794 93794
93794 93794
93794 93794
93794 93794
93794 93794
93794 93794
93794 93794
93794 93794
93794 93794
93794 93794
93794 93794
93794 93794
93794 93794
93794 93794
93794 93794
93794 93794
93794 93794
93794 93794
93794 93794
93794 93794
93794 93794
93794 93794
93794 93794
93794 93794
93794 93794
93794 93794
93794 93794
93794 93794
93794 93794
93794 93794
93794 93794
93794 93794
93794 93794
93794 93794
93794 93794
93794 93794
93794 93794
93794 93794
93794 93794
93794 93794
93794 93794
93794 93794
93794 93794
93794 93794
93794 93794
93794 93794
93794 93794
93794 93794
93794 93794
93794 93794
93794 93794
93794 93794
93794 93794
93794 93794
93794 93794
93794 93794
93794 93794
93794 93794
93794 93794
93794 93794
93794 93794
93794 93794
93794 93794
93794 93794
93794 93794
93794 93794
93794 93794
93794 93794
93794 93794
93794 93794
93794 93794
93794 93794
93794 93794
93794 93794
93794 93794
93794 93794
93794 93794
93794 93794
93794 93794
93794 93794
93794 93794
93794 93794
93794 93794
93794 93794
93794 93794
93794 93794
