105920
90559 90559
95891 95891
96664 96664
96664 96664
97758 97758
98714 98714
100099 100099
100107 100107
100107 100107
100177 100177
100177 100177
100538 100538
103015 103015
103015 103015
103802 103802
103802 103802
103802 103802
103802 103802
103802 103802
103802 103802
103802 103802
103802 103802
103802 103802
103802 103802
103802 103802
103802 103802
103802 103802
104376 104376
104376 104376
104376 104376
104376 104376
104376 104376
104376 104376
104376 104376
104376 104376
105824 105824
105824 105824
105824 105824
105824 105824
105824 105824
105824 105824
105824 105824
105824 105824
105824 105824
105824 105824
105824 105824
105824 105824
105824 105824
105824 105824
105824 105824
105824 105824
105824 105824
105824 105824
105824 105824
105824 105824
105824 105824
105824 105824
105824 105824
105824 105824
105824 105824
105824 105824
105824 105824
105824 105824
105824 105824
105824 105824
105824 105824
105824 105824
105824 105824
105824 105824
105824 105824
105824 105824
105824 105824
105824 105824
105824 105824
105824 105824
105824 105824
105824 105824
105824 105824
105824 105824
105824 105824
105824 105824
105824 105824
105824 105824
105824 105824
105824 105824
105824 105824
105824 105824
105824 105824
105824 105824
105824 105824
105824 105824
105824 105824
105824 105824
105824 105824
105824 105824
105824 105824
105824 105824
105824 105824
105824 105824
105824 105824
105824 105824
105824 105824
105824 105824
105824 105824
105824 105824
105824 105824
105824 105824
105824 105824
105824 105824
105824 105824
105824 105824
105824 105824
105824 105824
105824 105824
105824 105824
105824 105824
105824 105824
105824 105824
105824 105824
105824 105824
105824 105824
105824 105824
105824 105824
105824 105824
105824 105824
105824 105824
105824 105824
105824 105824
105824 105824
105824 105824
105824 105824
105824 105824
105824 105824
105824 105824
105824 105824
105824 105824
105824 105824
105824 105824
105824 105824
105824 105824
105824 105824
105824 105824
105824 105824
105824 105824
105824 105824
105824 105824
105824 105824
105824 105824
105824 105824
105824 105824
105920 105920
105920 105920
105920 105920
105920 105920
