115971
101754 101754
102816 102816
106942 106942
107915 107915
109135 109135
109135 109135
111789 111789
111871 111871
111924 111924
111924 111924
111924 111924
112584 112584
112584 112584
113241 113241
115039 115039
115039 115039
115039 115039
115039 115039
115039 115039
115039 115039
115039 115039
115039 115039
115039 115039
115039 115039
115039 115039
115039 115039
115039 115039
115039 115039
115039 115039
115039 115039
115039 115039
115039 115039
115039 115039
115039 115039
115039 115039
115039 115039
115039 115039
115039 115039
115039 115039
115039 115039
115039 115039
115039 115039
115039 115039
115039 115039
115039 115039
115039 115039
115039 115039
115039 115039
115039 115039
115039 115039
115039 115039
115039 115039
115039 115039
115039 115039
115224 115224
115224 115224
115224 115224
115224 115224
115224 115224
115224 115224
115224 115224
115224 115224
115224 115224
115224 115224
115224 115224
115224 115224
115572 115572
115572 115572
115572 115572
115572 115572
115572 115572
115572 115572
115971 115971
115971 115971
115971 115971
115971 115971
115971 115971
115971 115971
115971 115971
115971 115971
115971 115971
115971 115971
115971 115971
115971 115971
115971 115971
115971 115971
115971 115971
115971 115971
115971 115971
115971 115971
115971 115971
115971 115971
115971 115971
115971 115971
115971 115971
115971 115971
115971 115971
115971 115971
115971 115971
115971 115971
115971 115971
115971 115971
115971 115971
115971 115971
115971 115971
115971 115971
115971 115971
115971 115971
115971 115971
115971 115971
115971 115971
115971 115971
115971 115971
115971 115971
115971 115971
115971 115971
115971 115971
115971 115971
115971 115971
115971 115971
115971 115971
115971 115971
115971 115971
115971 115971
115971 115971
115971 115971
115971 115971
115971 115971
115971 115971
115971 115971
115971 115971
115971 115971
115971 115971
