115914
104642 104642
104642 104642
105912 105912
106508 106508
109403 109403
109403 109403
109403 109403
110794 110794
110794 110794
110794 110794
110794 110794
111749 111749
111847 111847
112106 112106
112106 112106
113229 113229
113229 113229
113229 113229
113229 113229
113229 113229
113229 113229
115599 115599
115599 115599
115599 115599
115599 115599
115599 115599
115599 115599
115599 115599
115599 115599
115599 115599
115599 115599
115599 115599
115599 115599
115599 115599
115599 115599
115599 115599
115599 115599
115599 115599
115914 115914
115914 115914
115914 115914
115914 115914
115914 115914
115914 115914
115914 115914
115914 115914
115914 115914
115914 115914
115914 115914
115914 115914
115914 115914
115914 115914
115914 115914
115914 115914
115914 115914
115914 115914
115914 115914
115914 115914
115914 115914
115914 115914
115914 115914
115914 115914
115914 115914
115914 115914
115914 115914
115914 115914
115914 115914
115914 115914
115914 115914
115914 115914
115914 115914
115914 115914
115914 115914
115914 115914
115914 115914
115914 115914
115914 115914
115914 115914
115914 115914
115914 115914
115914 115914
115914 115914
115914 115914
115914 115914
115914 115914
115914 115914
115914 115914
115914 115914
115914 115914
115914 115914
115914 115914
115914 115914
115914 115914
115914 115914
115914 115914
115914 115914
115914 115914
115914 115914
115914 115914
115914 115914
115914 115914
115914 115914
115914 115914
115914 115914
115914 115914
115914 115914
115914 115914
115914 115914
115914 115914
115914 115914
115914 115914
115914 115914
115914 115914
115914 115914
115914 115914
115914 115914
115914 115914
115914 115914
115914 115914
115914 115914
115914 115914
115914 115914
115914 115914
115914 115914
115914 115914
115914 115914
115914 115914
115914 115914
115914 115914
115914 115914
115914 115914
115914 115914
115914 115914
