117184
100753 100753
105817 105817
106414 106414
107294 107294
108500 108500
108500 108500
108897 108897
110956 110956
111173 111173
111173 111173
112390 112390
112390 112390
112390 112390
113884 113884
113884 113884
113884 113884
113884 113884
113884 113884
113884 113884
113884 113884
113884 113884
113884 113884
113884 113884
115062 115062
115062 115062
115062 115062
115062 115062
115062 115062
115062 115062
115062 115062
115062 115062
115062 115062
115062 115062
115062 115062
115062 115062
115062 115062
115062 115062
115062 115062
115062 115062
115062 115062
115062 115062
115062 115062
115062 115062
115062 115062
115062 115062
115062 115062
115062 115062
115062 115062
115062 115062
115062 115062
115062 115062
115062 115062
115062 115062
115062 115062
115062 115062
115062 115062
115062 115062
115062 115062
115062 115062
115062 115062
115062 115062
115062 115062
115062 115062
115062 115062
115062 115062
115062 115062
115062 115062
115062 115062
115062 115062
115062 115062
115062 115062
115062 115062
115062 115062
115062 115062
115062 115062
115062 115062
115062 115062
115062 115062
115062 115062
115062 115062
115062 115062
115062 115062
115062 115062
115062 115062
115062 115062
115062 115062
115062 115062
115062 115062
115062 115062
115062 115062
115062 115062
115062 115062
115062 115062
115062 115062
115062 115062
115062 115062
115062 115062
115062 115062
115062 115062
115062 115062
115062 115062
115062 115062
115062 115062
115062 115062
115062 115062
115062 115062
115062 115062
115062 115062
115062 115062
115062 115062
115062 115062
115062 115062
116066 116066
116066 116066
116066 116066
116066 116066
116066 116066
116066 116066
117184 117184
117184 117184
117184 117184
117184 117184
117184 117184
117184 117184
117184 117184
117184 117184
117184 117184
117184 117184
117184 117184
117184 117184
117184 117184
117184 117184
117184 117184
