116762
104707 104707
104707 104707
106234 106234
107803 107803
107803 107803
108152 108152
109536 109536
109536 109536
112173 112173
112976 112976
112976 112976
112976 112976
112976 112976
112976 112976
112976 112976
112976 112976
112976 112976
112976 112976
114014 114014
114014 114014
114014 114014
114014 114014
114014 114014
114014 114014
114014 114014
114014 114014
114014 114014
114014 114014
114014 114014
114014 114014
114014 114014
114014 114014
114014 114014
114220 114220
114220 114220
114220 114220
114220 114220
114220 114220
114220 114220
114220 114220
114220 114220
114220 114220
114220 114220
114220 114220
114220 114220
114220 114220
114220 114220
114220 114220
114333 114333
114333 114333
114333 114333
114333 114333
114333 114333
114333 114333
114333 114333
114333 114333
114333 114333
114333 114333
114333 114333
114333 114333
114333 114333
114333 114333
114451 114451
114451 114451
114451 114451
114451 114451
114451 114451
114451 114451
114451 114451
114451 114451
114451 114451
114451 114451
114451 114451
114451 114451
114451 114451
114451 114451
116762 116762
116762 116762
116762 116762
116762 116762
116762 116762
116762 116762
116762 116762
116762 116762
116762 116762
116762 116762
116762 116762
116762 116762
116762 116762
116762 116762
116762 116762
116762 116762
116762 116762
116762 116762
116762 116762
116762 116762
116762 116762
116762 116762
116762 116762
116762 116762
116762 116762
116762 116762
116762 116762
116762 116762
116762 116762
116762 116762
116762 116762
116762 116762
116762 116762
116762 116762
116762 116762
116762 116762
116762 116762
116762 116762
116762 116762
116762 116762
116762 116762
116762 116762
116762 116762
116762 116762
116762 116762
116762 116762
116762 116762
116762 116762
116762 116762
116762 116762
116762 116762
116762 116762
116762 116762
116762 116762
116762 116762
116762 116762
116762 116762
