93150
81865 81865
81865 81865
83686 83686
86494 86494
86494 86494
86838 86838
88771 88771
88771 88771
88771 88771
88771 88771
88973 88973
89877 89877
89877 89877
89877 89877
89877 89877
89877 89877
89877 89877
89877 89877
89877 89877
89877 89877
89877 89877
89877 89877
89877 89877
91121 91121
91121 91121
91121 91121
91121 91121
91121 91121
91121 91121
91121 91121
91121 91121
91121 91121
91121 91121
91121 91121
91121 91121
91121 91121
91121 91121
91121 91121
91121 91121
91121 91121
91121 91121
91121 91121
91121 91121
91121 91121
91121 91121
91121 91121
91121 91121
91121 91121
91121 91121
91121 91121
91121 91121
91121 91121
91121 91121
91121 91121
91121 91121
91121 91121
91121 91121
91772 91772
91772 91772
91772 91772
91772 91772
91772 91772
91772 91772
91772 91772
91772 91772
91772 91772
91772 91772
91772 91772
92352 92352
92352 92352
92352 92352
92352 92352
92352 92352
92352 92352
92352 92352
92352 92352
92352 92352
92352 92352
92352 92352
92352 92352
92352 92352
92352 92352
92352 92352
92352 92352
92352 92352
92352 92352
92352 92352
92352 92352
92352 92352
92352 92352
92352 92352
92352 92352
92352 92352
92352 92352
92352 92352
92352 92352
92352 92352
92352 92352
92352 92352
92352 92352
92352 92352
92352 92352
92352 92352
92352 92352
92352 92352
92352 92352
92352 92352
92352 92352
92352 92352
92352 92352
92352 92352
92352 92352
92352 92352
92352 92352
92352 92352
92352 92352
92352 92352
92352 92352
92352 92352
92352 92352
92352 92352
92352 92352
92352 92352
92352 92352
92352 92352
92352 92352
92352 92352
92352 92352
92352 92352
92352 92352
92352 92352
92352 92352
92352 92352
92352 92352
92352 92352
92352 92352
92352 92352
92352 92352
92352 92352
92352 92352
92352 92352
92352 92352
92352 92352
92352 92352
92352 92352
92352 92352
92352 92352
92989 92989
92989 92989
92989 92989
92989 92989
92989 92989
92989 92989
92989 92989
92989 92989
92989 92989
92989 92989
92989 92989
92989 92989
92989 92989
92989 92989
92989 92989
92989 92989
92989 92989
92989 92989
92989 92989
92989 92989
92989 92989
92989 92989
92989 92989
92989 92989
92989 92989
92989 92989
92989 92989
92989 92989
92989 92989
92989 92989
92989 92989
92989 92989
92989 92989
92989 92989
92989 92989
92989 92989
93150 93150
93150 93150
93150 93150
93150 93150
93150 93150
93150 93150
93150 93150
93150 93150
93150 93150
93150 93150
93150 93150
93150 93150
93150 93150
93150 93150
93150 93150
93150 93150
93150 93150
93150 93150
93150 93150
93150 93150
93150 93150
93150 93150
93150 93150
93150 93150
93150 93150
93150 93150
93150 93150
93150 93150
93150 93150
93150 93150
93150 93150
93150 93150
93150 93150
93150 93150
93150 93150
93150 93150
93150 93150
93150 93150
93150 93150
93150 93150
93150 93150
93150 93150
93150 93150
93150 93150
93150 93150
93150 93150
93150 93150
93150 93150
93150 93150
93150 93150
93150 93150
93150 93150
93150 93150
93150 93150
93150 93150
93150 93150
93150 93150
93150 93150
93150 93150
93150 93150
93150 93150
93150 93150
93150 93150
93150 93150
93150 93150
93150 93150
93150 93150
93150 93150
93150 93150
