65629
0 355443
0 332832
0 311443
0 290704
0 271023
0 252641
0 235234
0 219043
0 204417
0 190814
0 178278
0 166699
0 156158
0 146605
0 138080
0 130574
0 123952
0 118076
0 112804
0 108216
0 104130
0 100486
0 97281
0 94396
0 91743
0 89253
0 86970
0 84892
0 82950
0 81148
0 79468
0 77951
0 76588
0 75308
0 74082
0 72948
0 71976
0 71169
0 70464
0 69839
0 69281
0 68833
0 68443
0 68089
0 67759
0 67492
0 67264
0 67051
0 66912
0 66817
0 66734
0 66680
0 66670
0 66669
0 66668
0 66667
0 66666
0 66665
0 66664
0 66663
0 66662
0 66661
0 66660
0 66659
0 66658
0 66657
0 66656
0 66655
0 66654
0 66653
0 66652
0 66651
0 66650
0 66649
0 66648
0 66647
0 66646
0 66645
0 66644
0 66643
0 66642
0 66641
0 66640
0 66639
0 66638
0 66637
0 66636
0 66635
0 66634
0 66633
0 66632
0 66631
0 66630
0 66629
0 66628
0 66627
0 66626
0 66625
0 66624
0 66623
0 66622
0 66621
0 66620
0 66619
0 66618
0 66617
0 66616
0 66615
0 66614
0 66613
0 66612
0 66611
0 66610
0 66609
0 66608
0 66607
0 66606
0 66605
0 66604
0 66603
0 66602
0 66601
0 66600
0 66599
0 66598
0 66597
0 66596
0 66595
0 66594
0 66593
0 66592
0 66591
0 66590
0 66589
0 66588
0 66587
0 66586
0 66585
0 66584
0 66583
0 66582
0 66581
0 66580
0 66579
0 66578
0 66577
0 66576
0 66575
0 66574
0 66573
0 66572
0 66571
0 66570
0 66569
0 66568
0 66567
0 66566
0 66565
0 66564
0 66563
0 66562
0 66561
0 66560
0 66559
0 66558
0 66557
0 66556
0 66555
0 66554
0 66553
0 66552
0 66551
0 66550
0 66549
0 66548
0 66547
0 66546
0 66545
0 66544
0 66543
0 66542
0 66541
0 66540
0 66539
0 66538
0 66537
0 66536
0 66535
0 66534
0 66533
0 66532
0 66531
0 66530
0 66529
0 66528
0 66527
0 66526
0 66525
0 66524
0 66523
0 66522
0 66521
0 66520
0 66519
0 66518
0 66517
0 66516
0 66515
0 66514
0 66513
0 66512
0 66511
0 66510
0 66509
0 66508
0 66507
0 66506
0 66505
0 66504
0 66503
0 66502
0 66501
0 66500
0 66499
0 66498
0 66497
0 66496
0 66495
0 66494
0 66493
0 66492
0 66491
0 66490
0 66489
0 66488
0 66487
0 66486
0 66485
0 66484
0 66483
0 66482
0 66481
0 66480
0 66479
0 66478
0 66477
0 66476
0 66475
0 66474
0 66473
0 66472
0 66471
0 66470
0 66469
0 66468
0 66467
0 66466
0 66465
0 66464
0 66463
0 66462
0 66461
0 66460
0 66459
0 66458
0 66457
0 66456
0 66455
0 66454
0 66453
0 66452
0 66451
0 66450
0 66449
0 66448
0 66447
0 66446
0 66445
0 66444
0 66443
0 66442
0 66441
0 66440
0 66439
0 66438
0 66437
0 66436
0 66435
0 66434
0 66433
0 66432
0 66431
0 66430
0 66429
0 66428
0 66427
0 66426
0 66425
0 66424
0 66423
0 66422
0 66421
0 66420
0 66419
0 66418
0 66417
0 66416
0 66415
0 66414
0 66413
0 66412
0 66411
0 66410
0 66409
0 66408
0 66407
0 66406
0 66405
0 66404
0 66403
0 66402
0 66401
0 66400
0 66399
0 66398
0 66397
0 66396
0 66395
0 66394
0 66393
0 66392
0 66391
0 66390
0 66389
0 66388
0 66387
0 66386
0 66385
0 66384
0 66383
0 66382
0 66381
0 66380
0 66379
0 66378
0 66377
0 66376
0 66375
0 66374
0 66373
0 66372
0 66371
0 66370
0 66369
0 66368
0 66367
0 66366
0 66365
0 66364
0 66363
0 66362
0 66361
0 66360
0 66359
0 66358
0 66357
0 66356
0 66355
0 66354
0 66353
0 66352
0 66351
0 66350
0 66349
0 66348
0 66347
0 66346
0 66345
0 66344
0 66343
0 66342
0 66341
0 66340
0 66339
0 66338
0 66337
0 66336
0 66335
0 66334
0 66333
0 66332
0 66331
0 66330
0 66329
0 66328
0 66327
0 66326
0 66325
0 66324
0 66323
0 66322
0 66321
0 66320
0 66319
0 66318
0 66317
0 66316
0 66315
0 66314
0 66313
0 66312
0 66311
0 66310
0 66309
0 66308
0 66307
0 66306
0 66305
0 66304
0 66303
0 66302
0 66301
0 66300
0 66299
0 66298
0 66297
0 66296
0 66295
0 66294
0 66293
0 66292
0 66291
0 66290
0 66289
0 66288
0 66287
0 66286
0 66285
0 66284
0 66283
0 66282
0 66281
0 66280
0 66279
0 66278
0 66277
0 66276
0 66275
0 66274
0 66273
0 66272
0 66271
0 66270
0 66269
0 66268
0 66267
0 66266
0 66265
0 66264
0 66263
0 66262
0 66261
0 66260
0 66259
0 66258
0 66257
0 66256
0 66255
0 66254
0 66253
0 66252
0 66251
0 66250
0 66249
0 66248
0 66247
0 66246
0 66245
0 66244
0 66243
0 66242
0 66241
0 66240
0 66239
0 66238
0 66237
0 66236
0 66235
0 66234
0 66233
0 66232
0 66231
0 66230
0 66229
0 66228
0 66227
0 66226
0 66225
0 66224
0 66223
0 66222
0 66221
0 66220
0 66219
0 66218
0 66217
0 66216
0 66215
0 66214
0 66213
0 66212
0 66211
0 66210
0 66209
0 66208
0 66207
0 66206
0 66205
0 66204
0 66203
0 66202
0 66201
0 66200
0 66199
0 66198
0 66197
0 66196
0 66195
0 66194
0 66193
0 66192
0 66191
0 66190
0 66189
0 66188
0 66187
0 66186
0 66185
0 66184
0 66183
0 66182
0 66181
0 66180
0 66179
0 66178
0 66177
0 66176
0 66175
0 66174
0 66173
0 66172
0 66171
0 66170
0 66169
0 66168
0 66167
0 66166
0 66165
0 66164
0 66163
0 66162
0 66161
0 66160
0 66159
0 66158
0 66157
0 66156
0 66155
0 66154
0 66153
0 66152
0 66151
0 66150
0 66149
0 66148
0 66147
0 66146
0 66145
0 66144
0 66143
0 66142
0 66141
0 66140
0 66139
0 66138
0 66137
0 66136
0 66135
0 66134
0 66133
0 66132
0 66131
0 66130
0 66129
0 66128
0 66127
0 66126
0 66125
0 66124
0 66123
0 66122
0 66121
0 66120
0 66119
0 66118
0 66117
0 66116
0 66115
0 66114
0 66113
0 66112
0 66111
0 66110
0 66109
0 66108
0 66107
0 66106
0 66105
0 66104
0 66103
0 66102
0 66101
0 66100
0 66099
0 66098
0 66097
0 66096
0 66095
0 66094
0 66093
0 66092
0 66091
0 66090
0 66089
0 66088
0 66087
0 66086
0 66085
0 66084
0 66083
0 66082
0 66081
0 66080
0 66079
0 66078
0 66077
0 66076
0 66075
0 66074
0 66073
0 66072
0 66071
0 66070
0 66069
0 66068
0 66067
0 66066
0 66065
0 66064
0 66063
0 66062
0 66061
0 66060
0 66059
0 66058
0 66057
0 66056
0 66055
0 66054
0 66053
0 66052
0 66051
0 66050
0 66049
0 66048
0 66047
0 66046
0 66045
0 66044
0 66043
0 66042
0 66041
0 66040
0 66039
0 66038
0 66037
0 66036
0 66035
0 66034
0 66033
0 66032
0 66031
0 66030
0 66029
0 66028
0 66027
0 66026
0 66025
0 66024
0 66023
0 66022
0 66021
0 66020
0 66019
0 66018
0 66017
0 66016
0 66015
0 66014
0 66013
0 66012
0 66011
0 66010
0 66009
0 66008
0 66007
0 66006
0 66005
0 66004
0 66003
0 66002
0 66001
0 66000
0 65999
0 65998
0 65997
0 65996
0 65995
0 65994
0 65993
0 65992
0 65991
0 65990
0 65989
0 65988
0 65987
0 65986
0 65985
0 65984
0 65983
0 65982
0 65981
0 65980
0 65979
0 65978
0 65977
0 65976
0 65975
0 65974
0 65973
0 65972
0 65971
0 65970
0 65969
0 65968
0 65967
0 65966
0 65965
0 65964
0 65963
0 65962
0 65961
0 65960
0 65959
0 65958
0 65957
0 65956
0 65955
0 65954
0 65953
0 65952
0 65951
0 65950
0 65949
0 65948
0 65947
0 65946
0 65945
0 65944
0 65943
0 65942
0 65941
0 65940
0 65939
0 65938
0 65937
0 65936
0 65935
0 65934
0 65933
0 65932
0 65931
0 65930
0 65929
0 65928
0 65927
0 65926
0 65925
0 65924
0 65923
0 65922
0 65921
0 65920
0 65919
0 65918
0 65917
0 65916
0 65915
0 65914
0 65913
0 65912
0 65911
0 65910
0 65909
0 65908
0 65907
0 65906
0 65905
0 65904
0 65903
0 65902
0 65901
0 65900
0 65899
0 65898
0 65897
0 65896
0 65895
0 65894
0 65893
0 65892
0 65891
0 65890
0 65889
0 65888
0 65887
0 65886
0 65885
0 65884
0 65883
0 65882
0 65881
0 65880
0 65879
0 65878
0 65877
0 65876
0 65875
0 65874
0 65873
0 65872
0 65871
0 65870
0 65869
0 65868
0 65867
0 65866
0 65865
0 65864
0 65863
0 65862
0 65861
0 65860
0 65859
0 65858
0 65857
0 65856
0 65855
0 65854
0 65853
0 65852
0 65851
0 65850
0 65849
0 65848
0 65847
0 65846
0 65845
0 65844
0 65843
0 65842
0 65841
0 65840
0 65839
0 65838
0 65837
0 65836
0 65835
0 65834
0 65833
0 65832
0 65831
0 65830
0 65829
0 65828
0 65827
0 65826
0 65825
0 65824
0 65823
0 65822
0 65821
0 65820
0 65819
0 65818
0 65817
0 65816
0 65815
0 65814
0 65813
0 65812
0 65811
0 65810
0 65809
0 65808
0 65807
0 65806
0 65805
0 65804
0 65803
0 65802
0 65801
0 65800
0 65799
0 65798
0 65797
0 65796
0 65795
0 65794
0 65793
0 65792
0 65791
0 65790
0 65789
0 65788
0 65787
0 65786
0 65785
0 65784
0 65783
0 65782
0 65781
0 65780
0 65779
0 65778
0 65777
0 65776
0 65775
0 65774
0 65773
0 65772
0 65771
0 65770
0 65769
0 65768
0 65767
0 65766
0 65765
0 65764
0 65763
0 65762
0 65761
0 65760
0 65759
0 65758
0 65757
0 65756
0 65755
0 65754
0 65753
0 65752
0 65751
0 65750
0 65749
0 65748
0 65747
0 65746
0 65745
0 65744
0 65743
0 65742
0 65741
0 65740
0 65739
0 65738
0 65737
0 65736
0 65735
0 65734
0 65733
0 65732
0 65731
0 65730
0 65729
0 65728
0 65727
0 65726
0 65725
0 65724
0 65723
0 65722
0 65721
0 65720
0 65719
0 65718
0 65717
0 65716
0 65715
0 65714
0 65713
0 65712
0 65711
0 65710
0 65709
0 65708
0 65707
0 65706
0 65705
0 65704
0 65703
0 65702
0 65701
0 65700
0 65699
0 65698
0 65697
0 65696
0 65695
0 65694
0 65693
0 65692
0 65691
0 65690
0 65689
0 65688
0 65687
0 65686
0 65685
0 65684
0 65683
0 65682
0 65681
0 65680
0 65679
0 65678
0 65677
0 65676
0 65675
0 65674
0 65673
0 65672
0 65671
0 65670
0 65669
0 65668
0 65667
0 65666
0 65665
0 65664
0 65663
0 65662
0 65661
0 65660
0 65659
0 65658
0 65657
0 65656
0 65655
0 65654
0 65653
0 65652
0 65651
0 65650
0 65649
0 65648
0 65647
0 65646
0 65645
0 65644
0 65643
0 65642
0 65641
0 65640
0 65639
0 65638
0 65637
0 65636
0 65635
0 65634
0 65633
0 65632
0 65631
0 65630
0 65629
0 65628
0 65627
0 65626
0 65625
0 65624
0 65623
0 65622
0 65621
0 65620
0 65619
0 65618
0 65617
0 65616
0 65615
0 65614
0 65613
0 65612
0 65611
0 65610
0 65609
0 65608
0 65607
0 65606
0 65605
0 65604
0 65603
0 65602
0 65601
0 65600
0 65599
0 65598
0 65597
0 65596
0 65595
0 65594
0 65593
0 65592
0 65591
0 65590
0 65589
0 65588
0 65587
0 65586
0 65585
0 65584
0 65583
0 65582
0 65581
0 65580
0 65579
0 65578
0 65577
0 65576
0 65575
0 65574
0 65573
0 65572
0 65571
0 65570
0 65569
0 65568
0 65567
0 65566
0 65565
0 65564
0 65563
0 65562
0 65561
0 65560
0 65559
0 65558
0 65557
0 65556
0 65555
0 65554
0 65553
0 65552
0 65551
0 65550
0 65549
0 65548
0 65547
0 65546
0 65545
0 65544
0 65543
0 65542
0 65541
0 65540
0 65539
0 65538
0 65537
0 65536
0 65535
0 65534
0 65533
0 65532
0 65531
0 65530
0 65529
0 65528
0 65527
0 65526
0 65525
0 65524
0 65523
0 65522
0 65521
0 65520
0 65519
0 65518
0 65517
0 65516
0 65515
0 65514
0 65513
0 65512
0 65511
0 65510
0 65509
0 65508
0 65507
0 65506
0 65505
0 65504
0 65503
0 65502
0 65501
0 65500
0 65499
0 65498
0 65497
0 65496
0 65495
0 65494
0 65493
0 65492
0 65491
0 65490
0 65489
0 65488
0 65487
0 65486
0 65485
0 65484
0 65483
0 65482
0 65481
0 65480
0 65479
0 65478
0 65477
0 65476
0 65475
0 65474
0 65473
0 65472
0 65471
0 65470
0 65469
0 65468
0 65467
0 65466
0 65465
0 65464
0 65463
0 65462
0 65461
0 65460
0 65459
0 65458
0 65457
0 65456
0 65455
0 65454
0 65453
0 65452
0 65451
0 65450
0 65449
0 65448
0 65447
0 65446
0 65445
0 65444
0 65443
0 65442
0 65441
0 65440
0 65439
0 65438
0 65437
0 65436
0 65435
0 65434
0 65433
0 65432
0 65431
0 65430
0 65429
0 65428
0 65427
0 65426
0 65425
0 65424
65629 65629
65629 65629
65629 65629
65629 65629
65629 65629
65629 65629
65629 65629
65629 65629
65629 65629
65629 65629
65629 65629
65629 65629
65629 65629
65629 65629
65629 65629
65629 65629
65629 65629
65629 65629
65629 65629
65629 65629
65629 65629
65629 65629
65629 65629
65629 65629
65629 65629
65629 65629
65629 65629
65629 65629
65629 65629
65629 65629
65629 65629
65629 65629
65629 65629
65629 65629
65629 65629
65629 65629
65629 65629
65629 65629
65629 65629
65629 65629
65629 65629
65629 65629
65629 65629
65629 65629
65629 65629
65629 65629
65629 65629
65629 65629
65629 65629
65629 65629
65629 65629
65629 65629
65629 65629
65629 65629
65629 65629
65629 65629
65629 65629
65629 65629
65629 65629
65629 65629
65629 65629
65629 65629
65629 65629
65629 65629
65629 65629
65629 65629
65629 65629
65629 65629
65629 65629
65629 65629
65629 65629
65629 65629
65629 65629
65629 65629
65629 65629
65629 65629
65629 65629
65629 65629
65629 65629
65629 65629
65629 65629
65629 65629
65629 65629
65629 65629
65629 65629
65629 65629
65629 65629
65629 65629
65629 65629
65629 65629
65629 65629
65629 65629
65629 65629
65629 65629
65629 65629
65629 65629
65629 65629
65629 65629
65629 65629
65629 65629
65629 65629
65629 65629
65629 65629
65629 65629
65629 65629
65629 65629
65629 65629
65629 65629
65629 65629
65629 65629
65629 65629
65629 65629
65629 65629
65629 65629
65629 65629
65629 65629
65629 65629
65629 65629
65629 65629
65629 65629
65629 65629
65629 65629
65629 65629
65629 65629
65629 65629
65629 65629
65629 65629
65629 65629
65629 65629
65629 65629
65629 65629
65629 65629
65629 65629
65629 65629
65629 65629
65629 65629
65629 65629
65629 65629
65629 65629
65629 65629
65629 65629
65629 65629
65629 65629
65629 65629
65629 65629
65629 65629
65629 65629
65629 65629
65629 65629
65629 65629
65629 65629
65629 65629
65629 65629
65629 65629
65629 65629
65629 65629
65629 65629
65629 65629
65629 65629
65629 65629
65629 65629
65629 65629
65629 65629
65629 65629
65629 65629
65629 65629
65629 65629
65629 65629
65629 65629
65629 65629
65629 65629
65629 65629
65629 65629
65629 65629
65629 65629
65629 65629
65629 65629
65629 65629
65629 65629
65629 65629
65629 65629
65629 65629
65629 65629
65629 65629
65629 65629
65629 65629
65629 65629
65629 65629
65629 65629
65629 65629
65629 65629
65629 65629
65629 65629
65629 65629
65629 65629
65629 65629
65629 65629
65629 65629
65629 65629
65629 65629
65629 65629
65629 65629
65629 65629
65629 65629
65629 65629
65629 65629
65629 65629
65629 65629
65629 65629
65629 65629
65629 65629
65629 65629
65629 65629
65629 65629
65629 65629
65629 65629
65629 65629
65629 65629
65629 65629
65629 65629
65629 65629
65629 65629
65629 65629
65629 65629
65629 65629
65629 65629
65629 65629
65629 65629
65629 65629
65629 65629
65629 65629
65629 65629
65629 65629
65629 65629
65629 65629
65629 65629
65629 65629
65629 65629
65629 65629
65629 65629
65629 65629
65629 65629
65629 65629
65629 65629
65629 65629
65629 65629
65629 65629
65629 65629
65629 65629
65629 65629
65629 65629
65629 65629
65629 65629
65629 65629
65629 65629
65629 65629
65629 65629
65629 65629
65629 65629
65629 65629
65629 65629
65629 65629
65629 65629
65629 65629
65629 65629
65629 65629
65629 65629
65629 65629
65629 65629
