58734
0 268981
0 252113
0 235996
0 220536
0 206031
0 192383
0 179608
0 167662
0 156498
0 146062
0 136467
0 127755
0 119714
0 112594
0 106420
0 100907
0 96276
0 92229
0 88632
0 85372
0 82431
0 79770
0 77372
0 75155
0 73151
0 71297
0 69619
0 68185
0 66975
0 65854
0 64863
0 63939
0 63115
0 62396
0 61875
0 61428
0 61033
0 60655
0 60326
0 60010
0 59709
0 59434
0 59184
0 59025
0 58932
0 58874
0 58833
0 58808
0 58791
0 58784
0 58777
0 58770
0 58763
0 58758
0 58753
0 58748
0 58743
0 58738
58734 58734
58734 58734
58734 58734
58734 58734
58734 58734
58734 58734
58734 58734
58734 58734
58734 58734
58734 58734
58734 58734
58734 58734
58734 58734
58734 58734
58734 58734
58734 58734
58734 58734
58734 58734
58734 58734
58734 58734
58734 58734
58734 58734
58734 58734
58734 58734
58734 58734
58734 58734
58734 58734
58734 58734
58734 58734
58734 58734
58734 58734
58734 58734
58734 58734
58734 58734
58734 58734
58734 58734
58734 58734
58734 58734
58734 58734
58734 58734
58734 58734
58734 58734
58734 58734
58734 58734
58734 58734
58734 58734
58734 58734
58734 58734
58734 58734
58734 58734
58734 58734
58734 58734
58734 58734
58734 58734
58734 58734
58734 58734
58734 58734
58734 58734
58734 58734
58734 58734
58734 58734
58734 58734
58734 58734
58734 58734
58734 58734
58734 58734
58734 58734
58734 58734
58734 58734
58734 58734
58734 58734
58734 58734
58734 58734
58734 58734
58734 58734
58734 58734
58734 58734
58734 58734
58734 58734
58734 58734
58734 58734
58734 58734
58734 58734
58734 58734
58734 58734
58734 58734
58734 58734
58734 58734
58734 58734
58734 58734
58734 58734
58734 58734
58734 58734
58734 58734
58734 58734
58734 58734
58734 58734
58734 58734
58734 58734
58734 58734
58734 58734
58734 58734
58734 58734
58734 58734
58734 58734
58734 58734
58734 58734
58734 58734
58734 58734
58734 58734
58734 58734
58734 58734
58734 58734
58734 58734
58734 58734
58734 58734
58734 58734
58734 58734
58734 58734
58734 58734
58734 58734
58734 58734
58734 58734
58734 58734
58734 58734
58734 58734
58734 58734
58734 58734
58734 58734
58734 58734
58734 58734
58734 58734
58734 58734
58734 58734
58734 58734
58734 58734
58734 58734
58734 58734
58734 58734
58734 58734
58734 58734
58734 58734
58734 58734
58734 58734
58734 58734
58734 58734
58734 58734
58734 58734
58734 58734
58734 58734
58734 58734
58734 58734
58734 58734
58734 58734
58734 58734
58734 58734
58734 58734
58734 58734
58734 58734
58734 58734
58734 58734
58734 58734
58734 58734
58734 58734
58734 58734
58734 58734
58734 58734
58734 58734
58734 58734
58734 58734
58734 58734
58734 58734
58734 58734
58734 58734
58734 58734
58734 58734
58734 58734
58734 58734
58734 58734
58734 58734
58734 58734
58734 58734
58734 58734
58734 58734
58734 58734
58734 58734
58734 58734
58734 58734
58734 58734
58734 58734
58734 58734
58734 58734
58734 58734
58734 58734
58734 58734
58734 58734
58734 58734
58734 58734
58734 58734
58734 58734
58734 58734
58734 58734
58734 58734
58734 58734
58734 58734
58734 58734
58734 58734
58734 58734
58734 58734
58734 58734
58734 58734
58734 58734
58734 58734
58734 58734
58734 58734
58734 58734
58734 58734
58734 58734
58734 58734
58734 58734
58734 58734
58734 58734
58734 58734
58734 58734
58734 58734
58734 58734
58734 58734
58734 58734
58734 58734
58734 58734
58734 58734
58734 58734
58734 58734
58734 58734
58734 58734
58734 58734
58734 58734
58734 58734
58734 58734
58734 58734
58734 58734
58734 58734
58734 58734
58734 58734
58734 58734
58734 58734
58734 58734
58734 58734
58734 58734
58734 58734
58734 58734
58734 58734
58734 58734
58734 58734
58734 58734
58734 58734
58734 58734
58734 58734
58734 58734
58734 58734
58734 58734
58734 58734
58734 58734
58734 58734
58734 58734
58734 58734
58734 58734
58734 58734
58734 58734
58734 58734
58734 58734
58734 58734
58734 58734
58734 58734
58734 58734
58734 58734
58734 58734
58734 58734
58734 58734
58734 58734
58734 58734
58734 58734
58734 58734
58734 58734
58734 58734
58734 58734
58734 58734
58734 58734
58734 58734
58734 58734
58734 58734
58734 58734
58734 58734
58734 58734
58734 58734
58734 58734
58734 58734
58734 58734
58734 58734
58734 58734
58734 58734
58734 58734
58734 58734
58734 58734
58734 58734
58734 58734
58734 58734
58734 58734
58734 58734
58734 58734
58734 58734
58734 58734
58734 58734
58734 58734
58734 58734
58734 58734
58734 58734
58734 58734
58734 58734
58734 58734
58734 58734
58734 58734
58734 58734
58734 58734
58734 58734
58734 58734
58734 58734
58734 58734
58734 58734
58734 58734
58734 58734
58734 58734
58734 58734
58734 58734
58734 58734
58734 58734
58734 58734
58734 58734
58734 58734
58734 58734
58734 58734
58734 58734
58734 58734
58734 58734
58734 58734
58734 58734
58734 58734
58734 58734
58734 58734
58734 58734
58734 58734
58734 58734
58734 58734
58734 58734
58734 58734
58734 58734
58734 58734
58734 58734
58734 58734
58734 58734
58734 58734
58734 58734
58734 58734
58734 58734
58734 58734
58734 58734
58734 58734
58734 58734
58734 58734
58734 58734
58734 58734
58734 58734
58734 58734
58734 58734
58734 58734
58734 58734
58734 58734
58734 58734
58734 58734
58734 58734
58734 58734
58734 58734
58734 58734
58734 58734
58734 58734
58734 58734
58734 58734
58734 58734
58734 58734
58734 58734
58734 58734
58734 58734
58734 58734
58734 58734
58734 58734
58734 58734
58734 58734
58734 58734
58734 58734
58734 58734
58734 58734
58734 58734
58734 58734
58734 58734
58734 58734
58734 58734
58734 58734
58734 58734
58734 58734
58734 58734
58734 58734
58734 58734
58734 58734
58734 58734
58734 58734
58734 58734
58734 58734
58734 58734
58734 58734
58734 58734
58734 58734
58734 58734
58734 58734
58734 58734
58734 58734
58734 58734
58734 58734
58734 58734
58734 58734
58734 58734
58734 58734
58734 58734
58734 58734
58734 58734
58734 58734
58734 58734
58734 58734
58734 58734
58734 58734
58734 58734
58734 58734
58734 58734
58734 58734
58734 58734
58734 58734
58734 58734
58734 58734
58734 58734
58734 58734
58734 58734
58734 58734
58734 58734
58734 58734
58734 58734
58734 58734
58734 58734
58734 58734
58734 58734
58734 58734
58734 58734
58734 58734
58734 58734
58734 58734
58734 58734
58734 58734
58734 58734
58734 58734
58734 58734
58734 58734
58734 58734
58734 58734
58734 58734
58734 58734
58734 58734
58734 58734
58734 58734
58734 58734
58734 58734
58734 58734
58734 58734
58734 58734
58734 58734
58734 58734
58734 58734
58734 58734
58734 58734
58734 58734
58734 58734
58734 58734
58734 58734
58734 58734
58734 58734
58734 58734
58734 58734
58734 58734
58734 58734
58734 58734
58734 58734
58734 58734
58734 58734
58734 58734
58734 58734
58734 58734
58734 58734
58734 58734
58734 58734
58734 58734
58734 58734
58734 58734
58734 58734
58734 58734
58734 58734
58734 58734
58734 58734
58734 58734
58734 58734
58734 58734
58734 58734
58734 58734
58734 58734
58734 58734
58734 58734
58734 58734
58734 58734
58734 58734
58734 58734
58734 58734
58734 58734
58734 58734
58734 58734
58734 58734
58734 58734
58734 58734
58734 58734
58734 58734
58734 58734
58734 58734
58734 58734
58734 58734
58734 58734
58734 58734
58734 58734
58734 58734
58734 58734
58734 58734
58734 58734
58734 58734
58734 58734
58734 58734
58734 58734
58734 58734
58734 58734
58734 58734
58734 58734
58734 58734
58734 58734
58734 58734
58734 58734
58734 58734
58734 58734
58734 58734
58734 58734
58734 58734
58734 58734
58734 58734
58734 58734
58734 58734
58734 58734
58734 58734
58734 58734
58734 58734
58734 58734
58734 58734
58734 58734
58734 58734
58734 58734
58734 58734
58734 58734
58734 58734
58734 58734
58734 58734
58734 58734
58734 58734
58734 58734
58734 58734
58734 58734
58734 58734
58734 58734
58734 58734
58734 58734
58734 58734
58734 58734
58734 58734
58734 58734
58734 58734
58734 58734
58734 58734
58734 58734
58734 58734
58734 58734
58734 58734
58734 58734
58734 58734
58734 58734
58734 58734
58734 58734
58734 58734
58734 58734
58734 58734
58734 58734
58734 58734
58734 58734
58734 58734
58734 58734
58734 58734
58734 58734
58734 58734
58734 58734
58734 58734
58734 58734
58734 58734
58734 58734
58734 58734
58734 58734
58734 58734
58734 58734
58734 58734
58734 58734
58734 58734
58734 58734
58734 58734
58734 58734
58734 58734
58734 58734
58734 58734
58734 58734
58734 58734
58734 58734
58734 58734
58734 58734
58734 58734
58734 58734
58734 58734
58734 58734
58734 58734
58734 58734
58734 58734
58734 58734
58734 58734
58734 58734
58734 58734
58734 58734
58734 58734
58734 58734
58734 58734
58734 58734
58734 58734
58734 58734
58734 58734
58734 58734
58734 58734
58734 58734
58734 58734
58734 58734
58734 58734
58734 58734
58734 58734
58734 58734
58734 58734
58734 58734
58734 58734
58734 58734
58734 58734
58734 58734
58734 58734
58734 58734
58734 58734
58734 58734
58734 58734
58734 58734
58734 58734
58734 58734
58734 58734
58734 58734
58734 58734
58734 58734
58734 58734
58734 58734
58734 58734
58734 58734
58734 58734
58734 58734
58734 58734
58734 58734
58734 58734
58734 58734
58734 58734
58734 58734
58734 58734
58734 58734
58734 58734
58734 58734
58734 58734
58734 58734
58734 58734
58734 58734
58734 58734
58734 58734
58734 58734
58734 58734
58734 58734
58734 58734
58734 58734
58734 58734
58734 58734
58734 58734
58734 58734
58734 58734
58734 58734
58734 58734
58734 58734
58734 58734
58734 58734
58734 58734
58734 58734
58734 58734
58734 58734
58734 58734
58734 58734
58734 58734
58734 58734
58734 58734
58734 58734
58734 58734
58734 58734
58734 58734
58734 58734
58734 58734
58734 58734
58734 58734
58734 58734
58734 58734
58734 58734
58734 58734
58734 58734
58734 58734
58734 58734
58734 58734
58734 58734
58734 58734
58734 58734
58734 58734
58734 58734
58734 58734
58734 58734
58734 58734
58734 58734
58734 58734
58734 58734
58734 58734
58734 58734
58734 58734
58734 58734
58734 58734
58734 58734
58734 58734
58734 58734
58734 58734
58734 58734
58734 58734
58734 58734
58734 58734
58734 58734
58734 58734
58734 58734
58734 58734
58734 58734
58734 58734
58734 58734
58734 58734
58734 58734
58734 58734
58734 58734
58734 58734
58734 58734
58734 58734
58734 58734
58734 58734
58734 58734
58734 58734
58734 58734
58734 58734
58734 58734
58734 58734
58734 58734
58734 58734
58734 58734
58734 58734
58734 58734
58734 58734
58734 58734
58734 58734
58734 58734
58734 58734
58734 58734
58734 58734
58734 58734
58734 58734
58734 58734
58734 58734
58734 58734
58734 58734
58734 58734
58734 58734
58734 58734
58734 58734
58734 58734
58734 58734
58734 58734
58734 58734
58734 58734
58734 58734
58734 58734
58734 58734
58734 58734
58734 58734
58734 58734
58734 58734
58734 58734
58734 58734
58734 58734
58734 58734
58734 58734
58734 58734
58734 58734
58734 58734
58734 58734
58734 58734
58734 58734
58734 58734
58734 58734
58734 58734
58734 58734
58734 58734
58734 58734
58734 58734
58734 58734
58734 58734
58734 58734
58734 58734
58734 58734
58734 58734
58734 58734
58734 58734
58734 58734
58734 58734
58734 58734
58734 58734
58734 58734
58734 58734
58734 58734
58734 58734
58734 58734
58734 58734
58734 58734
58734 58734
58734 58734
58734 58734
58734 58734
58734 58734
58734 58734
58734 58734
58734 58734
58734 58734
58734 58734
58734 58734
58734 58734
58734 58734
58734 58734
58734 58734
58734 58734
58734 58734
58734 58734
58734 58734
58734 58734
58734 58734
58734 58734
58734 58734
58734 58734
58734 58734
58734 58734
58734 58734
58734 58734
58734 58734
58734 58734
58734 58734
58734 58734
58734 58734
58734 58734
58734 58734
58734 58734
58734 58734
58734 58734
58734 58734
58734 58734
58734 58734
58734 58734
58734 58734
58734 58734
58734 58734
58734 58734
58734 58734
58734 58734
58734 58734
58734 58734
58734 58734
58734 58734
58734 58734
58734 58734
58734 58734
58734 58734
58734 58734
58734 58734
58734 58734
58734 58734
58734 58734
58734 58734
58734 58734
58734 58734
58734 58734
58734 58734
58734 58734
58734 58734
58734 58734
58734 58734
58734 58734
58734 58734
58734 58734
58734 58734
58734 58734
58734 58734
58734 58734
58734 58734
58734 58734
58734 58734
58734 58734
58734 58734
58734 58734
58734 58734
58734 58734
58734 58734
58734 58734
58734 58734
58734 58734
58734 58734
58734 58734
58734 58734
58734 58734
58734 58734
58734 58734
58734 58734
58734 58734
58734 58734
58734 58734
58734 58734
58734 58734
58734 58734
58734 58734
58734 58734
58734 58734
58734 58734
58734 58734
58734 58734
58734 58734
58734 58734
58734 58734
58734 58734
58734 58734
58734 58734
58734 58734
58734 58734
58734 58734
58734 58734
58734 58734
58734 58734
58734 58734
58734 58734
58734 58734
58734 58734
58734 58734
58734 58734
58734 58734
58734 58734
58734 58734
58734 58734
58734 58734
58734 58734
58734 58734
58734 58734
58734 58734
58734 58734
58734 58734
58734 58734
58734 58734
58734 58734
58734 58734
58734 58734
58734 58734
58734 58734
58734 58734
58734 58734
58734 58734
58734 58734
58734 58734
58734 58734
58734 58734
58734 58734
58734 58734
58734 58734
58734 58734
58734 58734
58734 58734
58734 58734
58734 58734
58734 58734
58734 58734
58734 58734
58734 58734
58734 58734
58734 58734
58734 58734
58734 58734
58734 58734
58734 58734
58734 58734
58734 58734
58734 58734
58734 58734
58734 58734
58734 58734
58734 58734
58734 58734
58734 58734
58734 58734
58734 58734
58734 58734
58734 58734
58734 58734
58734 58734
58734 58734
58734 58734
58734 58734
58734 58734
58734 58734
58734 58734
58734 58734
58734 58734
58734 58734
58734 58734
58734 58734
58734 58734
58734 58734
58734 58734
58734 58734
58734 58734
58734 58734
58734 58734
58734 58734
58734 58734
58734 58734
58734 58734
58734 58734
58734 58734
58734 58734
58734 58734
58734 58734
58734 58734
58734 58734
58734 58734
58734 58734
58734 58734
58734 58734
58734 58734
58734 58734
58734 58734
58734 58734
58734 58734
58734 58734
58734 58734
58734 58734
58734 58734
58734 58734
58734 58734
58734 58734
58734 58734
58734 58734
58734 58734
58734 58734
58734 58734
58734 58734
58734 58734
58734 58734
58734 58734
58734 58734
58734 58734
58734 58734
58734 58734
58734 58734
58734 58734
58734 58734
58734 58734
58734 58734
58734 58734
58734 58734
58734 58734
58734 58734
58734 58734
58734 58734
58734 58734
58734 58734
58734 58734
58734 58734
58734 58734
58734 58734
58734 58734
58734 58734
58734 58734
58734 58734
58734 58734
58734 58734
58734 58734
58734 58734
58734 58734
58734 58734
58734 58734
58734 58734
58734 58734
58734 58734
58734 58734
58734 58734
58734 58734
58734 58734
58734 58734
58734 58734
58734 58734
58734 58734
58734 58734
58734 58734
58734 58734
58734 58734
58734 58734
58734 58734
58734 58734
58734 58734
58734 58734
58734 58734
58734 58734
58734 58734
58734 58734
58734 58734
58734 58734
58734 58734
58734 58734
58734 58734
58734 58734
58734 58734
58734 58734
58734 58734
58734 58734
58734 58734
58734 58734
58734 58734
58734 58734
58734 58734
58734 58734
58734 58734
58734 58734
58734 58734
58734 58734
58734 58734
58734 58734
58734 58734
58734 58734
58734 58734
58734 58734
58734 58734
58734 58734
58734 58734
58734 58734
58734 58734
58734 58734
58734 58734
58734 58734
58734 58734
58734 58734
58734 58734
58734 58734
58734 58734
58734 58734
58734 58734
58734 58734
58734 58734
58734 58734
58734 58734
58734 58734
58734 58734
58734 58734
58734 58734
58734 58734
58734 58734
58734 58734
58734 58734
58734 58734
58734 58734
58734 58734
58734 58734
58734 58734
58734 58734
58734 58734
58734 58734
58734 58734
58734 58734
58734 58734
58734 58734
58734 58734
58734 58734
58734 58734
58734 58734
58734 58734
58734 58734
58734 58734
58734 58734
58734 58734
58734 58734
58734 58734
58734 58734
58734 58734
58734 58734
58734 58734
58734 58734
58734 58734
58734 58734
58734 58734
58734 58734
58734 58734
58734 58734
58734 58734
58734 58734
58734 58734
58734 58734
58734 58734
58734 58734
58734 58734
58734 58734
58734 58734
58734 58734
58734 58734
58734 58734
58734 58734
58734 58734
58734 58734
58734 58734
58734 58734
58734 58734
58734 58734
58734 58734
58734 58734
58734 58734
58734 58734
58734 58734
58734 58734
58734 58734
58734 58734
58734 58734
58734 58734
58734 58734
58734 58734
58734 58734
58734 58734
58734 58734
58734 58734
58734 58734
58734 58734
58734 58734
58734 58734
58734 58734
58734 58734
58734 58734
58734 58734
58734 58734
58734 58734
58734 58734
58734 58734
58734 58734
58734 58734
58734 58734
58734 58734
58734 58734
58734 58734
58734 58734
58734 58734
58734 58734
58734 58734
58734 58734
58734 58734
58734 58734
58734 58734
58734 58734
58734 58734
58734 58734
58734 58734
58734 58734
58734 58734
58734 58734
58734 58734
58734 58734
58734 58734
58734 58734
58734 58734
58734 58734
58734 58734
58734 58734
58734 58734
58734 58734
58734 58734
58734 58734
58734 58734
58734 58734
58734 58734
58734 58734
58734 58734
58734 58734
58734 58734
58734 58734
58734 58734
58734 58734
58734 58734
58734 58734
58734 58734
58734 58734
58734 58734
58734 58734
58734 58734
58734 58734
58734 58734
58734 58734
58734 58734
58734 58734
58734 58734
58734 58734
58734 58734
58734 58734
58734 58734
58734 58734
58734 58734
58734 58734
58734 58734
58734 58734
58734 58734
58734 58734
58734 58734
58734 58734
58734 58734
58734 58734
58734 58734
58734 58734
58734 58734
58734 58734
58734 58734
58734 58734
58734 58734
58734 58734
58734 58734
58734 58734
58734 58734
58734 58734
58734 58734
58734 58734
58734 58734
58734 58734
58734 58734
58734 58734
58734 58734
58734 58734
58734 58734
58734 58734
58734 58734
58734 58734
58734 58734
58734 58734
58734 58734
58734 58734
58734 58734
58734 58734
58734 58734
58734 58734
58734 58734
58734 58734
58734 58734
58734 58734
58734 58734
58734 58734
58734 58734
58734 58734
58734 58734
58734 58734
58734 58734
58734 58734
58734 58734
58734 58734
58734 58734
58734 58734
58734 58734
58734 58734
58734 58734
58734 58734
58734 58734
58734 58734
58734 58734
58734 58734
58734 58734
58734 58734
58734 58734
58734 58734
58734 58734
58734 58734
58734 58734
58734 58734
58734 58734
58734 58734
58734 58734
58734 58734
58734 58734
58734 58734
58734 58734
58734 58734
58734 58734
58734 58734
58734 58734
58734 58734
58734 58734
58734 58734
58734 58734
58734 58734
58734 58734
58734 58734
58734 58734
58734 58734
58734 58734
58734 58734
58734 58734
58734 58734
58734 58734
58734 58734
58734 58734
58734 58734
58734 58734
58734 58734
58734 58734
58734 58734
58734 58734
58734 58734
58734 58734
58734 58734
58734 58734
58734 58734
58734 58734
58734 58734
58734 58734
58734 58734
58734 58734
58734 58734
58734 58734
58734 58734
58734 58734
58734 58734
58734 58734
58734 58734
58734 58734
58734 58734
58734 58734
58734 58734
58734 58734
58734 58734
58734 58734
58734 58734
58734 58734
58734 58734
58734 58734
58734 58734
58734 58734
58734 58734
58734 58734
58734 58734
58734 58734
58734 58734
58734 58734
58734 58734
58734 58734
58734 58734
58734 58734
58734 58734
58734 58734
58734 58734
58734 58734
58734 58734
58734 58734
58734 58734
58734 58734
58734 58734
58734 58734
58734 58734
58734 58734
58734 58734
58734 58734
58734 58734
58734 58734
58734 58734
58734 58734
58734 58734
58734 58734
58734 58734
58734 58734
58734 58734
58734 58734
58734 58734
58734 58734
58734 58734
58734 58734
58734 58734
58734 58734
58734 58734
58734 58734
58734 58734
58734 58734
58734 58734
58734 58734
58734 58734
58734 58734
58734 58734
58734 58734
58734 58734
58734 58734
58734 58734
58734 58734
58734 58734
58734 58734
58734 58734
58734 58734
58734 58734
58734 58734
58734 58734
58734 58734
58734 58734
58734 58734
58734 58734
58734 58734
58734 58734
58734 58734
58734 58734
58734 58734
58734 58734
58734 58734
58734 58734
58734 58734
58734 58734
58734 58734
58734 58734
58734 58734
58734 58734
58734 58734
58734 58734
58734 58734
58734 58734
58734 58734
58734 58734
58734 58734
58734 58734
58734 58734
58734 58734
58734 58734
58734 58734
58734 58734
58734 58734
58734 58734
58734 58734
58734 58734
58734 58734
58734 58734
58734 58734
58734 58734
58734 58734
58734 58734
58734 58734
58734 58734
58734 58734
58734 58734
58734 58734
58734 58734
58734 58734
58734 58734
58734 58734
58734 58734
58734 58734
58734 58734
58734 58734
58734 58734
58734 58734
58734 58734
58734 58734
58734 58734
58734 58734
58734 58734
58734 58734
58734 58734
58734 58734
58734 58734
58734 58734
58734 58734
58734 58734
58734 58734
58734 58734
58734 58734
58734 58734
58734 58734
58734 58734
58734 58734
58734 58734
58734 58734
58734 58734
58734 58734
58734 58734
58734 58734
58734 58734
58734 58734
58734 58734
58734 58734
58734 58734
58734 58734
58734 58734
58734 58734
58734 58734
58734 58734
58734 58734
58734 58734
58734 58734
58734 58734
58734 58734
58734 58734
58734 58734
58734 58734
58734 58734
58734 58734
58734 58734
58734 58734
58734 58734
58734 58734
58734 58734
58734 58734
58734 58734
58734 58734
58734 58734
58734 58734
58734 58734
58734 58734
58734 58734
58734 58734
58734 58734
58734 58734
58734 58734
58734 58734
58734 58734
58734 58734
58734 58734
58734 58734
58734 58734
58734 58734
58734 58734
58734 58734
58734 58734
58734 58734
58734 58734
58734 58734
58734 58734
58734 58734
58734 58734
58734 58734
58734 58734
58734 58734
58734 58734
58734 58734
58734 58734
58734 58734
58734 58734
58734 58734
58734 58734
58734 58734
58734 58734
58734 58734
58734 58734
58734 58734
58734 58734
58734 58734
58734 58734
58734 58734
58734 58734
58734 58734
58734 58734
58734 58734
58734 58734
58734 58734
58734 58734
58734 58734
58734 58734
58734 58734
58734 58734
58734 58734
58734 58734
58734 58734
58734 58734
58734 58734
58734 58734
58734 58734
58734 58734
58734 58734
58734 58734
58734 58734
58734 58734
58734 58734
58734 58734
58734 58734
58734 58734
58734 58734
58734 58734
58734 58734
58734 58734
58734 58734
58734 58734
58734 58734
58734 58734
58734 58734
58734 58734
58734 58734
58734 58734
58734 58734
58734 58734
58734 58734
58734 58734
58734 58734
58734 58734
58734 58734
58734 58734
58734 58734
58734 58734
58734 58734
58734 58734
58734 58734
58734 58734
58734 58734
58734 58734
58734 58734
58734 58734
58734 58734
58734 58734
58734 58734
58734 58734
58734 58734
58734 58734
58734 58734
58734 58734
58734 58734
58734 58734
58734 58734
58734 58734
58734 58734
58734 58734
58734 58734
58734 58734
58734 58734
58734 58734
58734 58734
58734 58734
58734 58734
58734 58734
58734 58734
58734 58734
58734 58734
58734 58734
58734 58734
58734 58734
58734 58734
58734 58734
58734 58734
58734 58734
58734 58734
58734 58734
58734 58734
58734 58734
58734 58734
58734 58734
58734 58734
58734 58734
58734 58734
58734 58734
58734 58734
58734 58734
58734 58734
58734 58734
58734 58734
58734 58734
58734 58734
58734 58734
58734 58734
58734 58734
58734 58734
58734 58734
58734 58734
58734 58734
58734 58734
58734 58734
58734 58734
58734 58734
58734 58734
58734 58734
58734 58734
58734 58734
58734 58734
58734 58734
58734 58734
58734 58734
58734 58734
58734 58734
58734 58734
58734 58734
58734 58734
58734 58734
58734 58734
58734 58734
58734 58734
58734 58734
58734 58734
58734 58734
58734 58734
58734 58734
58734 58734
58734 58734
58734 58734
58734 58734
58734 58734
58734 58734
58734 58734
58734 58734
58734 58734
58734 58734
58734 58734
58734 58734
58734 58734
58734 58734
58734 58734
58734 58734
58734 58734
58734 58734
58734 58734
58734 58734
58734 58734
58734 58734
58734 58734
58734 58734
58734 58734
58734 58734
58734 58734
58734 58734
58734 58734
58734 58734
58734 58734
58734 58734
58734 58734
58734 58734
58734 58734
58734 58734
58734 58734
58734 58734
58734 58734
58734 58734
58734 58734
58734 58734
58734 58734
58734 58734
58734 58734
58734 58734
58734 58734
58734 58734
58734 58734
58734 58734
58734 58734
58734 58734
58734 58734
58734 58734
58734 58734
58734 58734
58734 58734
58734 58734
58734 58734
58734 58734
58734 58734
58734 58734
58734 58734
58734 58734
58734 58734
58734 58734
58734 58734
58734 58734
58734 58734
58734 58734
58734 58734
58734 58734
58734 58734
58734 58734
58734 58734
58734 58734
58734 58734
58734 58734
58734 58734
58734 58734
58734 58734
58734 58734
58734 58734
58734 58734
58734 58734
58734 58734
58734 58734
58734 58734
58734 58734
58734 58734
58734 58734
58734 58734
58734 58734
58734 58734
58734 58734
58734 58734
58734 58734
58734 58734
58734 58734
58734 58734
58734 58734
58734 58734
58734 58734
58734 58734
58734 58734
58734 58734
58734 58734
58734 58734
58734 58734
58734 58734
58734 58734
58734 58734
58734 58734
58734 58734
58734 58734
58734 58734
58734 58734
58734 58734
58734 58734
58734 58734
58734 58734
58734 58734
58734 58734
58734 58734
58734 58734
58734 58734
58734 58734
58734 58734
58734 58734
58734 58734
58734 58734
58734 58734
58734 58734
58734 58734
58734 58734
58734 58734
58734 58734
58734 58734
58734 58734
58734 58734
58734 58734
58734 58734
58734 58734
58734 58734
58734 58734
58734 58734
58734 58734
58734 58734
58734 58734
58734 58734
58734 58734
58734 58734
58734 58734
58734 58734
58734 58734
58734 58734
58734 58734
58734 58734
58734 58734
58734 58734
58734 58734
58734 58734
58734 58734
58734 58734
58734 58734
58734 58734
58734 58734
58734 58734
58734 58734
58734 58734
58734 58734
58734 58734
58734 58734
58734 58734
58734 58734
58734 58734
58734 58734
58734 58734
58734 58734
58734 58734
58734 58734
58734 58734
58734 58734
58734 58734
58734 58734
58734 58734
58734 58734
58734 58734
58734 58734
58734 58734
58734 58734
58734 58734
58734 58734
58734 58734
58734 58734
58734 58734
58734 58734
58734 58734
58734 58734
58734 58734
58734 58734
58734 58734
58734 58734
58734 58734
58734 58734
58734 58734
58734 58734
58734 58734
58734 58734
58734 58734
58734 58734
58734 58734
58734 58734
58734 58734
58734 58734
58734 58734
58734 58734
58734 58734
58734 58734
58734 58734
58734 58734
58734 58734
58734 58734
58734 58734
58734 58734
58734 58734
58734 58734
58734 58734
58734 58734
58734 58734
58734 58734
58734 58734
58734 58734
58734 58734
58734 58734
58734 58734
58734 58734
58734 58734
58734 58734
58734 58734
58734 58734
58734 58734
58734 58734
58734 58734
58734 58734
58734 58734
58734 58734
58734 58734
58734 58734
58734 58734
58734 58734
58734 58734
58734 58734
58734 58734
58734 58734
58734 58734
58734 58734
58734 58734
58734 58734
58734 58734
58734 58734
58734 58734
58734 58734
58734 58734
58734 58734
58734 58734
58734 58734
58734 58734
58734 58734
58734 58734
58734 58734
58734 58734
58734 58734
58734 58734
58734 58734
58734 58734
58734 58734
58734 58734
58734 58734
58734 58734
58734 58734
58734 58734
58734 58734
58734 58734
58734 58734
58734 58734
58734 58734
58734 58734
58734 58734
58734 58734
58734 58734
58734 58734
58734 58734
58734 58734
58734 58734
58734 58734
58734 58734
58734 58734
58734 58734
58734 58734
58734 58734
58734 58734
58734 58734
58734 58734
58734 58734
58734 58734
58734 58734
58734 58734
58734 58734
58734 58734
58734 58734
58734 58734
58734 58734
58734 58734
58734 58734
58734 58734
58734 58734
58734 58734
58734 58734
58734 58734
58734 58734
58734 58734
58734 58734
58734 58734
58734 58734
58734 58734
58734 58734
58734 58734
58734 58734
58734 58734
58734 58734
58734 58734
58734 58734
58734 58734
58734 58734
58734 58734
58734 58734
58734 58734
58734 58734
58734 58734
58734 58734
58734 58734
58734 58734
58734 58734
58734 58734
58734 58734
58734 58734
58734 58734
58734 58734
58734 58734
58734 58734
58734 58734
58734 58734
58734 58734
58734 58734
58734 58734
58734 58734
58734 58734
58734 58734
58734 58734
58734 58734
58734 58734
58734 58734
58734 58734
58734 58734
58734 58734
58734 58734
58734 58734
58734 58734
58734 58734
58734 58734
58734 58734
58734 58734
58734 58734
58734 58734
58734 58734
58734 58734
58734 58734
58734 58734
58734 58734
58734 58734
58734 58734
58734 58734
58734 58734
58734 58734
58734 58734
58734 58734
58734 58734
58734 58734
58734 58734
58734 58734
58734 58734
58734 58734
58734 58734
58734 58734
58734 58734
58734 58734
58734 58734
58734 58734
58734 58734
58734 58734
58734 58734
58734 58734
58734 58734
58734 58734
58734 58734
58734 58734
58734 58734
58734 58734
58734 58734
58734 58734
58734 58734
58734 58734
58734 58734
58734 58734
58734 58734
58734 58734
58734 58734
58734 58734
58734 58734
58734 58734
58734 58734
58734 58734
58734 58734
58734 58734
58734 58734
58734 58734
58734 58734
58734 58734
58734 58734
58734 58734
58734 58734
58734 58734
58734 58734
58734 58734
58734 58734
58734 58734
58734 58734
58734 58734
58734 58734
58734 58734
58734 58734
58734 58734
58734 58734
58734 58734
58734 58734
58734 58734
58734 58734
58734 58734
58734 58734
58734 58734
58734 58734
58734 58734
58734 58734
58734 58734
58734 58734
58734 58734
58734 58734
58734 58734
58734 58734
58734 58734
58734 58734
58734 58734
58734 58734
58734 58734
58734 58734
58734 58734
58734 58734
58734 58734
58734 58734
58734 58734
58734 58734
58734 58734
58734 58734
58734 58734
58734 58734
58734 58734
58734 58734
58734 58734
58734 58734
58734 58734
58734 58734
58734 58734
58734 58734
58734 58734
58734 58734
58734 58734
58734 58734
58734 58734
58734 58734
58734 58734
58734 58734
58734 58734
58734 58734
58734 58734
58734 58734
58734 58734
58734 58734
58734 58734
58734 58734
58734 58734
58734 58734
58734 58734
58734 58734
58734 58734
58734 58734
58734 58734
58734 58734
58734 58734
58734 58734
58734 58734
58734 58734
58734 58734
58734 58734
58734 58734
58734 58734
58734 58734
58734 58734
58734 58734
58734 58734
58734 58734
58734 58734
58734 58734
58734 58734
58734 58734
58734 58734
58734 58734
58734 58734
58734 58734
58734 58734
58734 58734
58734 58734
58734 58734
58734 58734
58734 58734
58734 58734
58734 58734
58734 58734
58734 58734
58734 58734
58734 58734
58734 58734
58734 58734
58734 58734
58734 58734
58734 58734
58734 58734
58734 58734
58734 58734
58734 58734
58734 58734
58734 58734
58734 58734
58734 58734
58734 58734
58734 58734
58734 58734
58734 58734
58734 58734
58734 58734
58734 58734
58734 58734
58734 58734
58734 58734
58734 58734
58734 58734
58734 58734
58734 58734
58734 58734
58734 58734
58734 58734
58734 58734
58734 58734
58734 58734
58734 58734
58734 58734
58734 58734
58734 58734
58734 58734
58734 58734
58734 58734
58734 58734
58734 58734
58734 58734
58734 58734
58734 58734
58734 58734
58734 58734
58734 58734
58734 58734
58734 58734
58734 58734
58734 58734
58734 58734
58734 58734
58734 58734
58734 58734
58734 58734
58734 58734
58734 58734
58734 58734
58734 58734
58734 58734
58734 58734
58734 58734
58734 58734
58734 58734
58734 58734
58734 58734
58734 58734
58734 58734
58734 58734
58734 58734
58734 58734
58734 58734
58734 58734
58734 58734
58734 58734
58734 58734
58734 58734
58734 58734
58734 58734
58734 58734
58734 58734
58734 58734
58734 58734
58734 58734
58734 58734
58734 58734
58734 58734
58734 58734
58734 58734
58734 58734
58734 58734
58734 58734
58734 58734
58734 58734
58734 58734
58734 58734
58734 58734
58734 58734
58734 58734
58734 58734
58734 58734
58734 58734
58734 58734
58734 58734
58734 58734
58734 58734
58734 58734
58734 58734
58734 58734
58734 58734
58734 58734
58734 58734
58734 58734
58734 58734
58734 58734
58734 58734
58734 58734
58734 58734
58734 58734
58734 58734
58734 58734
58734 58734
58734 58734
58734 58734
58734 58734
58734 58734
58734 58734
58734 58734
58734 58734
58734 58734
58734 58734
58734 58734
58734 58734
58734 58734
58734 58734
58734 58734
58734 58734
58734 58734
58734 58734
58734 58734
58734 58734
58734 58734
58734 58734
58734 58734
58734 58734
58734 58734
58734 58734
58734 58734
58734 58734
58734 58734
58734 58734
58734 58734
58734 58734
58734 58734
58734 58734
58734 58734
58734 58734
58734 58734
58734 58734
58734 58734
58734 58734
58734 58734
58734 58734
58734 58734
58734 58734
58734 58734
58734 58734
58734 58734
58734 58734
58734 58734
58734 58734
58734 58734
58734 58734
58734 58734
58734 58734
58734 58734
58734 58734
58734 58734
58734 58734
58734 58734
58734 58734
58734 58734
58734 58734
58734 58734
58734 58734
58734 58734
58734 58734
58734 58734
58734 58734
58734 58734
58734 58734
58734 58734
58734 58734
58734 58734
58734 58734
58734 58734
58734 58734
58734 58734
58734 58734
58734 58734
58734 58734
58734 58734
58734 58734
58734 58734
58734 58734
58734 58734
58734 58734
58734 58734
58734 58734
58734 58734
58734 58734
58734 58734
58734 58734
58734 58734
58734 58734
58734 58734
58734 58734
58734 58734
58734 58734
58734 58734
58734 58734
58734 58734
58734 58734
58734 58734
58734 58734
58734 58734
58734 58734
58734 58734
58734 58734
58734 58734
58734 58734
58734 58734
58734 58734
58734 58734
58734 58734
58734 58734
58734 58734
58734 58734
58734 58734
58734 58734
58734 58734
58734 58734
58734 58734
58734 58734
58734 58734
58734 58734
58734 58734
58734 58734
58734 58734
58734 58734
58734 58734
58734 58734
58734 58734
58734 58734
58734 58734
58734 58734
58734 58734
58734 58734
58734 58734
58734 58734
58734 58734
58734 58734
58734 58734
58734 58734
58734 58734
58734 58734
58734 58734
58734 58734
58734 58734
58734 58734
58734 58734
58734 58734
58734 58734
58734 58734
58734 58734
58734 58734
58734 58734
58734 58734
58734 58734
58734 58734
58734 58734
58734 58734
58734 58734
58734 58734
58734 58734
58734 58734
58734 58734
58734 58734
58734 58734
58734 58734
58734 58734
58734 58734
58734 58734
58734 58734
58734 58734
58734 58734
58734 58734
58734 58734
58734 58734
58734 58734
58734 58734
58734 58734
58734 58734
58734 58734
58734 58734
58734 58734
58734 58734
58734 58734
58734 58734
58734 58734
58734 58734
58734 58734
58734 58734
58734 58734
58734 58734
58734 58734
58734 58734
58734 58734
58734 58734
58734 58734
58734 58734
58734 58734
58734 58734
58734 58734
58734 58734
58734 58734
58734 58734
58734 58734
58734 58734
58734 58734
58734 58734
58734 58734
58734 58734
58734 58734
58734 58734
58734 58734
58734 58734
58734 58734
58734 58734
58734 58734
58734 58734
58734 58734
58734 58734
58734 58734
58734 58734
58734 58734
