123861
78389 78389
83494 83494
90701 90701
91846 91846
94633 94633
95606 95606
99015 99015
99341 99341
103352 103352
106003 106003
107019 107019
107076 107076
108450 108450
108576 108576
109018 109018
111654 111654
115654 115654
116384 116384
116648 116648
116761 116761
116777 116777
116777 116777
116777 116777
116777 116777
116777 116777
116777 116777
116777 116777
116777 116777
116777 116777
116777 116777
117262 117262
117262 117262
117398 117398
117433 117433
117471 117471
118022 118022
118537 118537
119206 119206
119512 119512
119834 119834
119903 119903
119911 119911
120056 120056
120056 120056
120056 120056
120056 120056
120056 120056
120056 120056
120056 120056
120056 120056
120056 120056
120056 120056
120056 120056
120056 120056
120056 120056
120197 120197
120197 120197
120197 120197
120197 120197
120197 120197
120365 120365
120437 120437
120639 120639
120639 120639
120639 120639
120639 120639
120639 120639
120639 120639
120639 120639
120639 120639
120639 120639
120639 120639
120639 120639
120639 120639
120639 120639
120639 120639
120650 120650
120650 120650
120650 120650
120650 120650
120650 120650
120650 120650
120650 120650
120650 120650
120650 120650
120650 120650
120650 120650
120650 120650
120650 120650
120650 120650
120650 120650
120650 120650
120650 120650
120650 120650
120650 120650
120650 120650
120650 120650
120650 120650
120650 120650
120650 120650
120650 120650
120650 120650
120650 120650
120650 120650
120650 120650
120650 120650
120650 120650
120650 120650
120884 120884
120884 120884
120978 120978
120978 120978
120978 120978
120978 120978
120978 120978
120978 120978
120978 120978
121085 121085
121085 121085
121085 121085
121085 121085
121085 121085
121085 121085
121085 121085
121085 121085
121085 121085
121085 121085
121085 121085
121085 121085
121085 121085
121234 121234
121234 121234
121234 121234
121234 121234
121234 121234
121234 121234
121234 121234
121234 121234
121234 121234
121234 121234
121234 121234
121234 121234
121234 121234
121234 121234
121234 121234
121304 121304
121304 121304
121304 121304
121304 121304
121304 121304
121304 121304
121424 121424
121441 121441
121441 121441
121441 121441
121441 121441
121441 121441
121441 121441
121441 121441
121441 121441
121441 121441
121441 121441
121441 121441
121441 121441
121441 121441
121441 121441
121441 121441
121486 121486
121486 121486
121527 121527
121527 121527
121527 121527
122198 122198
122198 122198
122198 122198
122198 122198
122198 122198
122198 122198
122198 122198
122198 122198
122198 122198
122198 122198
122198 122198
122198 122198
122198 122198
122198 122198
122198 122198
122198 122198
122198 122198
122198 122198
122263 122263
122263 122263
122327 122327
122363 122363
122364 122364
122471 122471
122480 122480
122480 122480
122480 122480
122480 122480
122480 122480
122480 122480
122480 122480
122480 122480
122480 122480
122480 122480
122480 122480
122480 122480
122480 122480
122480 122480
122480 122480
122480 122480
122480 122480
122480 122480
122480 122480
122480 122480
122480 122480
122480 122480
122480 122480
122480 122480
122480 122480
122480 122480
122480 122480
122480 122480
122480 122480
122480 122480
122480 122480
122480 122480
122480 122480
122480 122480
122480 122480
122480 122480
122480 122480
122480 122480
122480 122480
122480 122480
122480 122480
122480 122480
122615 122615
122615 122615
122615 122615
122615 122615
122615 122615
122615 122615
122615 122615
122615 122615
122615 122615
122615 122615
122615 122615
122615 122615
122615 122615
122615 122615
122615 122615
122615 122615
122615 122615
122615 122615
122615 122615
122615 122615
122615 122615
122615 122615
122615 122615
122615 122615
122615 122615
122615 122615
122615 122615
122615 122615
122615 122615
122615 122615
122615 122615
122615 122615
122615 122615
122615 122615
122615 122615
122615 122615
122615 122615
122615 122615
122615 122615
122615 122615
122615 122615
122615 122615
122615 122615
122615 122615
122615 122615
122615 122615
122691 122691
122691 122691
122691 122691
122691 122691
122691 122691
122691 122691
122691 122691
122691 122691
122691 122691
122691 122691
122691 122691
122691 122691
122691 122691
122691 122691
122691 122691
122691 122691
122691 122691
122691 122691
122691 122691
122691 122691
122691 122691
122691 122691
122691 122691
122691 122691
122691 122691
122691 122691
122691 122691
122691 122691
122691 122691
122691 122691
122691 122691
122691 122691
122691 122691
122691 122691
122691 122691
122691 122691
122691 122691
122691 122691
122691 122691
122691 122691
122691 122691
122691 122691
122691 122691
122691 122691
122691 122691
122691 122691
122691 122691
122691 122691
122691 122691
122691 122691
122691 122691
122691 122691
122691 122691
122691 122691
122691 122691
122691 122691
122691 122691
122691 122691
122691 122691
122691 122691
122691 122691
122691 122691
122691 122691
122691 122691
122691 122691
122691 122691
122691 122691
122691 122691
122691 122691
122691 122691
122691 122691
122691 122691
122691 122691
122849 122849
122849 122849
122849 122849
122849 122849
122849 122849
122849 122849
122849 122849
122849 122849
122893 122893
122893 122893
122893 122893
123016 123016
123016 123016
123292 123292
123292 123292
123292 123292
123292 123292
123292 123292
123292 123292
123292 123292
123292 123292
123292 123292
123292 123292
123292 123292
123292 123292
123292 123292
123292 123292
123292 123292
123292 123292
123292 123292
123292 123292
123292 123292
123292 123292
123292 123292
123292 123292
123292 123292
123292 123292
123292 123292
123292 123292
123292 123292
123292 123292
123292 123292
123292 123292
123292 123292
123292 123292
123292 123292
123292 123292
123292 123292
123292 123292
123412 123412
123412 123412
123412 123412
123412 123412
123412 123412
123412 123412
123412 123412
123412 123412
123412 123412
123412 123412
123412 123412
123412 123412
123412 123412
123412 123412
123412 123412
123412 123412
123412 123412
123412 123412
123412 123412
123412 123412
123412 123412
123412 123412
123412 123412
123412 123412
123412 123412
123506 123506
123506 123506
123506 123506
123506 123506
123506 123506
123506 123506
123506 123506
123506 123506
123506 123506
123506 123506
123506 123506
123506 123506
123506 123506
123506 123506
123506 123506
123506 123506
123506 123506
123506 123506
123506 123506
123506 123506
123506 123506
123506 123506
123506 123506
123506 123506
123506 123506
123506 123506
123506 123506
123506 123506
123506 123506
123506 123506
123506 123506
123506 123506
123506 123506
123506 123506
123506 123506
123506 123506
123506 123506
123506 123506
123506 123506
123506 123506
123506 123506
123506 123506
123506 123506
123506 123506
123506 123506
123506 123506
123506 123506
123506 123506
123506 123506
123506 123506
123506 123506
123506 123506
123506 123506
123506 123506
123506 123506
123506 123506
123506 123506
123506 123506
123506 123506
123506 123506
123506 123506
123506 123506
123506 123506
123506 123506
123506 123506
123506 123506
123506 123506
123506 123506
123732 123732
123732 123732
123732 123732
123732 123732
123732 123732
123827 123827
123827 123827
123827 123827
123827 123827
123827 123827
123827 123827
123827 123827
123827 123827
123827 123827
123827 123827
123827 123827
123827 123827
123827 123827
123827 123827
123827 123827
123827 123827
123827 123827
123827 123827
123827 123827
123827 123827
123827 123827
123827 123827
123827 123827
123827 123827
123827 123827
123827 123827
123827 123827
123827 123827
123827 123827
123827 123827
123827 123827
123827 123827
123827 123827
123827 123827
123827 123827
123827 123827
123827 123827
123827 123827
123827 123827
123827 123827
123827 123827
123827 123827
123827 123827
123827 123827
123827 123827
123827 123827
123827 123827
123827 123827
123827 123827
123827 123827
123827 123827
123827 123827
123827 123827
123827 123827
123827 123827
123827 123827
123827 123827
123827 123827
123827 123827
123827 123827
123827 123827
123827 123827
123827 123827
123827 123827
123827 123827
123827 123827
123827 123827
123827 123827
123827 123827
123827 123827
123827 123827
123827 123827
123827 123827
123827 123827
123827 123827
123827 123827
123827 123827
123861 123861
123861 123861
123861 123861
123861 123861
123861 123861
123861 123861
123861 123861
123861 123861
123861 123861
123861 123861
123861 123861
123861 123861
123861 123861
123861 123861
123861 123861
123861 123861
123861 123861
123861 123861
123861 123861
123861 123861
123861 123861
123861 123861
123861 123861
123861 123861
123861 123861
123861 123861
123861 123861
123861 123861
123861 123861
123861 123861
123861 123861
123861 123861
123861 123861
123861 123861
123861 123861
123861 123861
123861 123861
123861 123861
123861 123861
123861 123861
123861 123861
123861 123861
123861 123861
123861 123861
123861 123861
123861 123861
123861 123861
123861 123861
123861 123861
123861 123861
123861 123861
123861 123861
123861 123861
123861 123861
123861 123861
123861 123861
123861 123861
123861 123861
123861 123861
123861 123861
123861 123861
123861 123861
123861 123861
123861 123861
123861 123861
123861 123861
123861 123861
123861 123861
123861 123861
123861 123861
123861 123861
123861 123861
123861 123861
123861 123861
123861 123861
123861 123861
123861 123861
123861 123861
123861 123861
123861 123861
123861 123861
123861 123861
123861 123861
123861 123861
123861 123861
123861 123861
123861 123861
123861 123861
123861 123861
123861 123861
123861 123861
123861 123861
123861 123861
123861 123861
123861 123861
123861 123861
123861 123861
123861 123861
123861 123861
123861 123861
123861 123861
123861 123861
123861 123861
123861 123861
123861 123861
123861 123861
123861 123861
123861 123861
123861 123861
123861 123861
123861 123861
123861 123861
123861 123861
123861 123861
123861 123861
123861 123861
123861 123861
123861 123861
123861 123861
123861 123861
123861 123861
123861 123861
