107390
64733 64733
73667 73667
80926 80926
82308 82308
82701 82701
84985 84985
88253 88253
88401 88401
88652 88652
89956 89956
90523 90523
92859 92859
94152 94152
94950 94950
96247 96247
96427 96427
99098 99098
99618 99618
100198 100198
100315 100315
101188 101188
101188 101188
101188 101188
101188 101188
101188 101188
101188 101188
101188 101188
101188 101188
101188 101188
101188 101188
101188 101188
101648 101648
101648 101648
102083 102083
102083 102083
102300 102300
102698 102698
102941 102941
102969 102969
103166 103166
103321 103321
103750 103750
103775 103775
103775 103775
103775 103775
103775 103775
103775 103775
103775 103775
103775 103775
104332 104332
104332 104332
104332 104332
104481 104481
104481 104481
104481 104481
104481 104481
104481 104481
104481 104481
104481 104481
104481 104481
104481 104481
104481 104481
104624 104624
104734 104734
104761 104761
104761 104761
104761 104761
104761 104761
104761 104761
104761 104761
104761 104761
104761 104761
104761 104761
104761 104761
104761 104761
104761 104761
104761 104761
104761 104761
104761 104761
104761 104761
104921 104921
104921 104921
104921 104921
105161 105161
105161 105161
105161 105161
105320 105320
105320 105320
105320 105320
105320 105320
105320 105320
105320 105320
105320 105320
105320 105320
105320 105320
105320 105320
105320 105320
105320 105320
105320 105320
105527 105527
105527 105527
105527 105527
105527 105527
105527 105527
105527 105527
105527 105527
105527 105527
105527 105527
105527 105527
105527 105527
105527 105527
105527 105527
105527 105527
105527 105527
105527 105527
105527 105527
105527 105527
105527 105527
105527 105527
105527 105527
105527 105527
105527 105527
105527 105527
105527 105527
105527 105527
105527 105527
105527 105527
105527 105527
105527 105527
105799 105799
105799 105799
105799 105799
105799 105799
105799 105799
105799 105799
105799 105799
105799 105799
105799 105799
105799 105799
105799 105799
105799 105799
105799 105799
105799 105799
105799 105799
105799 105799
105799 105799
105799 105799
105799 105799
105799 105799
105799 105799
105799 105799
105799 105799
105799 105799
105799 105799
105799 105799
105799 105799
105799 105799
105799 105799
105799 105799
105799 105799
105799 105799
105799 105799
105799 105799
105799 105799
105799 105799
105799 105799
105799 105799
105799 105799
105799 105799
105799 105799
105799 105799
105799 105799
105799 105799
105799 105799
105799 105799
105799 105799
105799 105799
105799 105799
105799 105799
105799 105799
105799 105799
105799 105799
105799 105799
105799 105799
105799 105799
105799 105799
105799 105799
105799 105799
105799 105799
105799 105799
105799 105799
105799 105799
105799 105799
105799 105799
105799 105799
105799 105799
105799 105799
105799 105799
105799 105799
105799 105799
105799 105799
105799 105799
105799 105799
105799 105799
105799 105799
105799 105799
105799 105799
105799 105799
105799 105799
105799 105799
105799 105799
105799 105799
105799 105799
105799 105799
105982 105982
105982 105982
105982 105982
105982 105982
105982 105982
105982 105982
105982 105982
105982 105982
105982 105982
105982 105982
105982 105982
105982 105982
105982 105982
105982 105982
105982 105982
105982 105982
105982 105982
105982 105982
105982 105982
105982 105982
105982 105982
105982 105982
105982 105982
105982 105982
105982 105982
105982 105982
105982 105982
105982 105982
105982 105982
105982 105982
105982 105982
105982 105982
105982 105982
105982 105982
105982 105982
105982 105982
105982 105982
105982 105982
105982 105982
105982 105982
105982 105982
105982 105982
105982 105982
105982 105982
105982 105982
105982 105982
105982 105982
105982 105982
105982 105982
105982 105982
105982 105982
105982 105982
105982 105982
105982 105982
105982 105982
105982 105982
105982 105982
105982 105982
105982 105982
105982 105982
105982 105982
105982 105982
105982 105982
105982 105982
105982 105982
105982 105982
105982 105982
105982 105982
105982 105982
105982 105982
105982 105982
105982 105982
105982 105982
105982 105982
105982 105982
105982 105982
105982 105982
105982 105982
105982 105982
105982 105982
105982 105982
105982 105982
105982 105982
105982 105982
105982 105982
105982 105982
105982 105982
105982 105982
105982 105982
105982 105982
105982 105982
105982 105982
105982 105982
105982 105982
105982 105982
105982 105982
105982 105982
105982 105982
106098 106098
106098 106098
106098 106098
106098 106098
106098 106098
106098 106098
106098 106098
106098 106098
106098 106098
106098 106098
106098 106098
106098 106098
106098 106098
106098 106098
106098 106098
106098 106098
106098 106098
106098 106098
106098 106098
106098 106098
106098 106098
106098 106098
106098 106098
106098 106098
106098 106098
106098 106098
106098 106098
106098 106098
106098 106098
106098 106098
106098 106098
106098 106098
106098 106098
106098 106098
106098 106098
106098 106098
106098 106098
106098 106098
106098 106098
106098 106098
106098 106098
106098 106098
106098 106098
106098 106098
106098 106098
106098 106098
106098 106098
106098 106098
106098 106098
106098 106098
106098 106098
106098 106098
106098 106098
106098 106098
106098 106098
106098 106098
106098 106098
106098 106098
106098 106098
106098 106098
106098 106098
106098 106098
106098 106098
106098 106098
106098 106098
106098 106098
106098 106098
106098 106098
106098 106098
106098 106098
106098 106098
106098 106098
106098 106098
106098 106098
106098 106098
106098 106098
106098 106098
106098 106098
106098 106098
106098 106098
106258 106258
106258 106258
106258 106258
106258 106258
106258 106258
106258 106258
106258 106258
106258 106258
106258 106258
106258 106258
106258 106258
106258 106258
106258 106258
106258 106258
106258 106258
106258 106258
106258 106258
106258 106258
106258 106258
106258 106258
106258 106258
106258 106258
106258 106258
106258 106258
106258 106258
106258 106258
106258 106258
106258 106258
106258 106258
106258 106258
106258 106258
106258 106258
106258 106258
106258 106258
106258 106258
106258 106258
106555 106555
106555 106555
106555 106555
106555 106555
106555 106555
106555 106555
106555 106555
106555 106555
106555 106555
106555 106555
106555 106555
106555 106555
106555 106555
106555 106555
106555 106555
106555 106555
106555 106555
106555 106555
106555 106555
106555 106555
106555 106555
106555 106555
106555 106555
106555 106555
106555 106555
106555 106555
106555 106555
106555 106555
106555 106555
106555 106555
106555 106555
106555 106555
106555 106555
106555 106555
106555 106555
106555 106555
106555 106555
106555 106555
106555 106555
106555 106555
106555 106555
106555 106555
106555 106555
106555 106555
106555 106555
106555 106555
106555 106555
106555 106555
106555 106555
106555 106555
106555 106555
106555 106555
106555 106555
106555 106555
106555 106555
106555 106555
106555 106555
106555 106555
106555 106555
106555 106555
106555 106555
106555 106555
106555 106555
106555 106555
106555 106555
106555 106555
106555 106555
106555 106555
106555 106555
106555 106555
106555 106555
106555 106555
106555 106555
106555 106555
106555 106555
106555 106555
106555 106555
106555 106555
106555 106555
106555 106555
106555 106555
106555 106555
106555 106555
106555 106555
106555 106555
106555 106555
106555 106555
106555 106555
106555 106555
106555 106555
106555 106555
106555 106555
106555 106555
106555 106555
106555 106555
106555 106555
106555 106555
106555 106555
106555 106555
106555 106555
106555 106555
106555 106555
106555 106555
106555 106555
106555 106555
106555 106555
106555 106555
106555 106555
106555 106555
106555 106555
106555 106555
106555 106555
106555 106555
106555 106555
106555 106555
106555 106555
106555 106555
106555 106555
106555 106555
106555 106555
106555 106555
106555 106555
106555 106555
106555 106555
106555 106555
106555 106555
106555 106555
106555 106555
106555 106555
106555 106555
106555 106555
106555 106555
106555 106555
106555 106555
106555 106555
106555 106555
106555 106555
106555 106555
106555 106555
106555 106555
106555 106555
106555 106555
106555 106555
106555 106555
106555 106555
106555 106555
106555 106555
106555 106555
106555 106555
106555 106555
106555 106555
106555 106555
106555 106555
106555 106555
106555 106555
106667 106667
106667 106667
106667 106667
106667 106667
106667 106667
106667 106667
106667 106667
106667 106667
106667 106667
106791 106791
106791 106791
106791 106791
106791 106791
106791 106791
106791 106791
106791 106791
106791 106791
106791 106791
106791 106791
106791 106791
106791 106791
106791 106791
106791 106791
106791 106791
106791 106791
106791 106791
106791 106791
106791 106791
106791 106791
106791 106791
106791 106791
106791 106791
106791 106791
106791 106791
106791 106791
106791 106791
106791 106791
106791 106791
106791 106791
106791 106791
106791 106791
106791 106791
106791 106791
106791 106791
106791 106791
106791 106791
106791 106791
106791 106791
106791 106791
106791 106791
106791 106791
106791 106791
106791 106791
106791 106791
106791 106791
106791 106791
106791 106791
106791 106791
106791 106791
106791 106791
106791 106791
106791 106791
106791 106791
106791 106791
106791 106791
106791 106791
106791 106791
106791 106791
106791 106791
106791 106791
106791 106791
106791 106791
106791 106791
106791 106791
106791 106791
106791 106791
106791 106791
106791 106791
106791 106791
106791 106791
106791 106791
106791 106791
106791 106791
106791 106791
106791 106791
106791 106791
106791 106791
106791 106791
106791 106791
106791 106791
106791 106791
106791 106791
106791 106791
106791 106791
106791 106791
106791 106791
106791 106791
106791 106791
106791 106791
106791 106791
106791 106791
106791 106791
106791 106791
106791 106791
106791 106791
106791 106791
106791 106791
106791 106791
106791 106791
106791 106791
106791 106791
106791 106791
106791 106791
106791 106791
106791 106791
106791 106791
106791 106791
106791 106791
106791 106791
106791 106791
106791 106791
106791 106791
106791 106791
106791 106791
106791 106791
106791 106791
106791 106791
106791 106791
106791 106791
106791 106791
106791 106791
106791 106791
106791 106791
106791 106791
106791 106791
106791 106791
106791 106791
106791 106791
106791 106791
106791 106791
106791 106791
106791 106791
106791 106791
106791 106791
106791 106791
106791 106791
106791 106791
106791 106791
106791 106791
106791 106791
106791 106791
106791 106791
106791 106791
106791 106791
106791 106791
106791 106791
106791 106791
106791 106791
106791 106791
106791 106791
106791 106791
106791 106791
106791 106791
106791 106791
106791 106791
106791 106791
106791 106791
106791 106791
106791 106791
106791 106791
106791 106791
106791 106791
106791 106791
106791 106791
106791 106791
106791 106791
106791 106791
106791 106791
106791 106791
106791 106791
106791 106791
106791 106791
106791 106791
106791 106791
106791 106791
106791 106791
106791 106791
106791 106791
106791 106791
106791 106791
106791 106791
106791 106791
106791 106791
106791 106791
106791 106791
106791 106791
106791 106791
106791 106791
106791 106791
106791 106791
106791 106791
106791 106791
106791 106791
106791 106791
106791 106791
106791 106791
106791 106791
106791 106791
106791 106791
106791 106791
106791 106791
106791 106791
106791 106791
106791 106791
106791 106791
106791 106791
106791 106791
106791 106791
106791 106791
106791 106791
106791 106791
106791 106791
106791 106791
106791 106791
106791 106791
106791 106791
106791 106791
106791 106791
106791 106791
106791 106791
106791 106791
106791 106791
106791 106791
106791 106791
106791 106791
106791 106791
106791 106791
106791 106791
106791 106791
106791 106791
106791 106791
106791 106791
106791 106791
106791 106791
106791 106791
106791 106791
106791 106791
106791 106791
106791 106791
106791 106791
106791 106791
106791 106791
106791 106791
106791 106791
106791 106791
106791 106791
106791 106791
106791 106791
106791 106791
106791 106791
106791 106791
106791 106791
106791 106791
106791 106791
106791 106791
106791 106791
106791 106791
106844 106844
106847 106847
106847 106847
106847 106847
106847 106847
106847 106847
106847 106847
106847 106847
106847 106847
106847 106847
106847 106847
106847 106847
106847 106847
106847 106847
106847 106847
106847 106847
106847 106847
106847 106847
106847 106847
106847 106847
106847 106847
106847 106847
106847 106847
106847 106847
106847 106847
106847 106847
106847 106847
106847 106847
106847 106847
106847 106847
106847 106847
106847 106847
106847 106847
106847 106847
106847 106847
106847 106847
106847 106847
106847 106847
106847 106847
106847 106847
106847 106847
106847 106847
106847 106847
106847 106847
106847 106847
106847 106847
106847 106847
106847 106847
106847 106847
106847 106847
106847 106847
106847 106847
106847 106847
106847 106847
106847 106847
106847 106847
106847 106847
106847 106847
106847 106847
106899 106899
106899 106899
107181 107181
107181 107181
107181 107181
107181 107181
107181 107181
107181 107181
107181 107181
107181 107181
107181 107181
107181 107181
107181 107181
107181 107181
107181 107181
107181 107181
107181 107181
107181 107181
107181 107181
107181 107181
107181 107181
107181 107181
107181 107181
107181 107181
107181 107181
107181 107181
107181 107181
107181 107181
107181 107181
107181 107181
107181 107181
107181 107181
107181 107181
107181 107181
107181 107181
107181 107181
107181 107181
107181 107181
107181 107181
107181 107181
107181 107181
107181 107181
107181 107181
107181 107181
107181 107181
107181 107181
107181 107181
107181 107181
107181 107181
107181 107181
107181 107181
107181 107181
107181 107181
107181 107181
107181 107181
107181 107181
107181 107181
107185 107185
107185 107185
107185 107185
107185 107185
107185 107185
107185 107185
107185 107185
107185 107185
107185 107185
107185 107185
107185 107185
107185 107185
107185 107185
107185 107185
107185 107185
107185 107185
107185 107185
107185 107185
107185 107185
107185 107185
107185 107185
107185 107185
107185 107185
107185 107185
107185 107185
107185 107185
107185 107185
107185 107185
107185 107185
107185 107185
107185 107185
107185 107185
107185 107185
107185 107185
107185 107185
107185 107185
107185 107185
107185 107185
107185 107185
107185 107185
107185 107185
107185 107185
107185 107185
107185 107185
107185 107185
107185 107185
107185 107185
107185 107185
107185 107185
107185 107185
107185 107185
107185 107185
107185 107185
107185 107185
107185 107185
107185 107185
107185 107185
107185 107185
107185 107185
107185 107185
107185 107185
107185 107185
107185 107185
107185 107185
107185 107185
107185 107185
107185 107185
107185 107185
107185 107185
107185 107185
107185 107185
107185 107185
107185 107185
107390 107390
107390 107390
107390 107390
107390 107390
107390 107390
107390 107390
107390 107390
107390 107390
107390 107390
107390 107390
107390 107390
107390 107390
107390 107390
107390 107390
107390 107390
107390 107390
107390 107390
107390 107390
107390 107390
107390 107390
107390 107390
107390 107390
107390 107390
107390 107390
107390 107390
107390 107390
107390 107390
107390 107390
107390 107390
107390 107390
107390 107390
107390 107390
107390 107390
107390 107390
107390 107390
107390 107390
107390 107390
107390 107390
107390 107390
107390 107390
107390 107390
107390 107390
107390 107390
107390 107390
107390 107390
107390 107390
107390 107390
107390 107390
107390 107390
107390 107390
107390 107390
107390 107390
107390 107390
107390 107390
107390 107390
107390 107390
107390 107390
107390 107390
107390 107390
107390 107390
107390 107390
107390 107390
