107949
68738 68738
75167 75167
76030 76030
80030 80030
84801 84801
86439 86439
86630 86630
86810 86810
90256 90256
90271 90271
90561 90561
92903 92903
94631 94631
95027 95027
95107 95107
95687 95687
96020 96020
97671 97671
99320 99320
99787 99787
100551 100551
100551 100551
100551 100551
100551 100551
100551 100551
100551 100551
100551 100551
100551 100551
100551 100551
100551 100551
100551 100551
100633 100633
100633 100633
100820 100820
100820 100820
100991 100991
101497 101497
102110 102110
102110 102110
102329 102329
102985 102985
102992 102992
103187 103187
103187 103187
103187 103187
103187 103187
103187 103187
103187 103187
103674 103674
103674 103674
103674 103674
103674 103674
103674 103674
103674 103674
103674 103674
103674 103674
103674 103674
103674 103674
103674 103674
103836 103836
103858 103858
103858 103858
103858 103858
103961 103961
104184 104184
104184 104184
104184 104184
104184 104184
104184 104184
104184 104184
104184 104184
104184 104184
104184 104184
104184 104184
104184 104184
104184 104184
104184 104184
104184 104184
104184 104184
104184 104184
104184 104184
104184 104184
104184 104184
104628 104628
104628 104628
104778 104778
104844 104844
104844 104844
104844 104844
104844 104844
104844 104844
104844 104844
104844 104844
104844 104844
104844 104844
104844 104844
104844 104844
104844 104844
104844 104844
104844 104844
104844 104844
104844 104844
104844 104844
104844 104844
104844 104844
104844 104844
104844 104844
104858 104858
105011 105011
105011 105011
105011 105011
105011 105011
105011 105011
105011 105011
105011 105011
105011 105011
105011 105011
105011 105011
105011 105011
105011 105011
105011 105011
105011 105011
105011 105011
105011 105011
105011 105011
105011 105011
105011 105011
105246 105246
105529 105529
105572 105572
105673 105673
105673 105673
105673 105673
105673 105673
105673 105673
105673 105673
105673 105673
105673 105673
105673 105673
105673 105673
105673 105673
105673 105673
105673 105673
105673 105673
105673 105673
105673 105673
105673 105673
105673 105673
105673 105673
105673 105673
105887 105887
105919 105919
105945 105945
105945 105945
105945 105945
105945 105945
105945 105945
105945 105945
105945 105945
105945 105945
105945 105945
105945 105945
105945 105945
105945 105945
105945 105945
105945 105945
105945 105945
105945 105945
105945 105945
105945 105945
105945 105945
105945 105945
105945 105945
105945 105945
105945 105945
105945 105945
105945 105945
105976 105976
105976 105976
105976 105976
105976 105976
105976 105976
105976 105976
105976 105976
105976 105976
105976 105976
105976 105976
105976 105976
105976 105976
105976 105976
105976 105976
105976 105976
105976 105976
105976 105976
105976 105976
105976 105976
105976 105976
105976 105976
105976 105976
105976 105976
105976 105976
105976 105976
105976 105976
105976 105976
105976 105976
105976 105976
105976 105976
105976 105976
105976 105976
105976 105976
105976 105976
105976 105976
105976 105976
105976 105976
105976 105976
105976 105976
105976 105976
105976 105976
105976 105976
105976 105976
105976 105976
105976 105976
105976 105976
105976 105976
105976 105976
105976 105976
105976 105976
105976 105976
105976 105976
105976 105976
105976 105976
105976 105976
105976 105976
105976 105976
105976 105976
105976 105976
105976 105976
105976 105976
105976 105976
105976 105976
105976 105976
105976 105976
105976 105976
105976 105976
105976 105976
105976 105976
105976 105976
105976 105976
105976 105976
105976 105976
105976 105976
105976 105976
105976 105976
105976 105976
105976 105976
105976 105976
105976 105976
105976 105976
105976 105976
105976 105976
105976 105976
105977 105977
106107 106107
106107 106107
106107 106107
106107 106107
106107 106107
106107 106107
106107 106107
106107 106107
106107 106107
106107 106107
106107 106107
106107 106107
106107 106107
106107 106107
106107 106107
106107 106107
106107 106107
106107 106107
106107 106107
106107 106107
106107 106107
106161 106161
106161 106161
106161 106161
106161 106161
106161 106161
106165 106165
106165 106165
106165 106165
106165 106165
106165 106165
106165 106165
106165 106165
106165 106165
106165 106165
106165 106165
106165 106165
106165 106165
106165 106165
106165 106165
106165 106165
106165 106165
106165 106165
106165 106165
106165 106165
106165 106165
106165 106165
106165 106165
106165 106165
106165 106165
106165 106165
106165 106165
106165 106165
106165 106165
106165 106165
106165 106165
106165 106165
106165 106165
106165 106165
106165 106165
106165 106165
106165 106165
106165 106165
106165 106165
106165 106165
106165 106165
106165 106165
106165 106165
106165 106165
106165 106165
106165 106165
106165 106165
106165 106165
106165 106165
106165 106165
106165 106165
106165 106165
106165 106165
106165 106165
106165 106165
106165 106165
106165 106165
106165 106165
106165 106165
106165 106165
106165 106165
106165 106165
106336 106336
106336 106336
106336 106336
106336 106336
106336 106336
106336 106336
106336 106336
106336 106336
106336 106336
106350 106350
106350 106350
106350 106350
106350 106350
106350 106350
106350 106350
106350 106350
106350 106350
106695 106695
106695 106695
106695 106695
106695 106695
106695 106695
106695 106695
106695 106695
106695 106695
106695 106695
106695 106695
106695 106695
106695 106695
106695 106695
106695 106695
106695 106695
106695 106695
106695 106695
106695 106695
106695 106695
106695 106695
106695 106695
106695 106695
106695 106695
106695 106695
106695 106695
106695 106695
107015 107015
107015 107015
107015 107015
107015 107015
107015 107015
107015 107015
107015 107015
107015 107015
107015 107015
107015 107015
107015 107015
107015 107015
107015 107015
107015 107015
107015 107015
107015 107015
107015 107015
107015 107015
107015 107015
107015 107015
107015 107015
107015 107015
107015 107015
107362 107362
107362 107362
107362 107362
107362 107362
107362 107362
107362 107362
107362 107362
107362 107362
107362 107362
107362 107362
107362 107362
107362 107362
107362 107362
107362 107362
107362 107362
107362 107362
107362 107362
107362 107362
107362 107362
107362 107362
107362 107362
107362 107362
107362 107362
107465 107465
107465 107465
107465 107465
107465 107465
107465 107465
107465 107465
107465 107465
107465 107465
107465 107465
107465 107465
107465 107465
107465 107465
107465 107465
107465 107465
107465 107465
107465 107465
107465 107465
107465 107465
107465 107465
107465 107465
107465 107465
107465 107465
107465 107465
107465 107465
107465 107465
107465 107465
107465 107465
107465 107465
107465 107465
107465 107465
107465 107465
107465 107465
107465 107465
107465 107465
107465 107465
107465 107465
107465 107465
107465 107465
107465 107465
107465 107465
107465 107465
107465 107465
107465 107465
107465 107465
107465 107465
107465 107465
107465 107465
107465 107465
107525 107525
107525 107525
107525 107525
107525 107525
107525 107525
107525 107525
107525 107525
107525 107525
107525 107525
107525 107525
107525 107525
107525 107525
107525 107525
107525 107525
107525 107525
107525 107525
107525 107525
107525 107525
107525 107525
107525 107525
107525 107525
107525 107525
107525 107525
107525 107525
107525 107525
107525 107525
107525 107525
107525 107525
107525 107525
107525 107525
107525 107525
107525 107525
107525 107525
107525 107525
107525 107525
107525 107525
107525 107525
107525 107525
107525 107525
107525 107525
107525 107525
107525 107525
107525 107525
107525 107525
107525 107525
107525 107525
107525 107525
107525 107525
107525 107525
107525 107525
107525 107525
107525 107525
107525 107525
107525 107525
107525 107525
107525 107525
107525 107525
107525 107525
107525 107525
107525 107525
107525 107525
107525 107525
107525 107525
107525 107525
107525 107525
107525 107525
107525 107525
107525 107525
107525 107525
107525 107525
107525 107525
107525 107525
107525 107525
107525 107525
107525 107525
107525 107525
107525 107525
107525 107525
107525 107525
107525 107525
107525 107525
107525 107525
107525 107525
107525 107525
107525 107525
107525 107525
107525 107525
107525 107525
107525 107525
107525 107525
107525 107525
107525 107525
107525 107525
107525 107525
107525 107525
107525 107525
107525 107525
107525 107525
107525 107525
107525 107525
107525 107525
107525 107525
107525 107525
107525 107525
107525 107525
107525 107525
107525 107525
107525 107525
107525 107525
107525 107525
107525 107525
107525 107525
107525 107525
107525 107525
107525 107525
107525 107525
107525 107525
107525 107525
107525 107525
107525 107525
107525 107525
107525 107525
107525 107525
107525 107525
107525 107525
107525 107525
107525 107525
107525 107525
107525 107525
107525 107525
107525 107525
107525 107525
107525 107525
107525 107525
107525 107525
107525 107525
107525 107525
107525 107525
107525 107525
107525 107525
107525 107525
107525 107525
107525 107525
107525 107525
107525 107525
107525 107525
107525 107525
107525 107525
107525 107525
107525 107525
107525 107525
107525 107525
107525 107525
107525 107525
107525 107525
107525 107525
107525 107525
107525 107525
107525 107525
107525 107525
107525 107525
107525 107525
107525 107525
107525 107525
107525 107525
107525 107525
107525 107525
107525 107525
107525 107525
107525 107525
107525 107525
107525 107525
107525 107525
107525 107525
107525 107525
107525 107525
107525 107525
107525 107525
107525 107525
107525 107525
107525 107525
107525 107525
107525 107525
107525 107525
107525 107525
107525 107525
107525 107525
107525 107525
107525 107525
107525 107525
107525 107525
107525 107525
107525 107525
107525 107525
107525 107525
107525 107525
107525 107525
107525 107525
107525 107525
107525 107525
107525 107525
107525 107525
107525 107525
107525 107525
107525 107525
107525 107525
107525 107525
107525 107525
107525 107525
107525 107525
107525 107525
107525 107525
107525 107525
107525 107525
107525 107525
107525 107525
107525 107525
107525 107525
107525 107525
107525 107525
107525 107525
107525 107525
107525 107525
107525 107525
107525 107525
107525 107525
107525 107525
107525 107525
107620 107620
107620 107620
107620 107620
107620 107620
107620 107620
107620 107620
107620 107620
107620 107620
107620 107620
107620 107620
107672 107672
107672 107672
107672 107672
107672 107672
107672 107672
107672 107672
107672 107672
107672 107672
107672 107672
107672 107672
107672 107672
107672 107672
107672 107672
107672 107672
107672 107672
107749 107749
107749 107749
107749 107749
107749 107749
107749 107749
107749 107749
107749 107749
107749 107749
107749 107749
107749 107749
107749 107749
107749 107749
107749 107749
107749 107749
107749 107749
107749 107749
107749 107749
107749 107749
107749 107749
107749 107749
107749 107749
107749 107749
107749 107749
107749 107749
107749 107749
107749 107749
107749 107749
107749 107749
107749 107749
107749 107749
107749 107749
107749 107749
107749 107749
107749 107749
107749 107749
107749 107749
107749 107749
107749 107749
107749 107749
107749 107749
107749 107749
107749 107749
107749 107749
107749 107749
107749 107749
107749 107749
107749 107749
107749 107749
107749 107749
107749 107749
107749 107749
107749 107749
107749 107749
107749 107749
107749 107749
107749 107749
107749 107749
107749 107749
107749 107749
107749 107749
107749 107749
107749 107749
107749 107749
107749 107749
107749 107749
107749 107749
107749 107749
107749 107749
107749 107749
107749 107749
107749 107749
107749 107749
107749 107749
107749 107749
107749 107749
107749 107749
107749 107749
107749 107749
107749 107749
107749 107749
107749 107749
107749 107749
107749 107749
107749 107749
107749 107749
107749 107749
107749 107749
107749 107749
107749 107749
107749 107749
107749 107749
107749 107749
107749 107749
107749 107749
107749 107749
107749 107749
107749 107749
107749 107749
107749 107749
107749 107749
107749 107749
107749 107749
107749 107749
107749 107749
107749 107749
107749 107749
107749 107749
107749 107749
107749 107749
107749 107749
107749 107749
107749 107749
107749 107749
107749 107749
107749 107749
107749 107749
107749 107749
107749 107749
107749 107749
107749 107749
107749 107749
107749 107749
107749 107749
107749 107749
107749 107749
107749 107749
107749 107749
107749 107749
107749 107749
107749 107749
107749 107749
107749 107749
107749 107749
107749 107749
107749 107749
107749 107749
107749 107749
107749 107749
107749 107749
107749 107749
107749 107749
107749 107749
107749 107749
107749 107749
107749 107749
107749 107749
107749 107749
107749 107749
107749 107749
107749 107749
107749 107749
107749 107749
107749 107749
107749 107749
107749 107749
107749 107749
107749 107749
107749 107749
107749 107749
107749 107749
107749 107749
107749 107749
107749 107749
107749 107749
107749 107749
107749 107749
107749 107749
107749 107749
107749 107749
107749 107749
107749 107749
107749 107749
107749 107749
107749 107749
107749 107749
107749 107749
107749 107749
107749 107749
107749 107749
107749 107749
107749 107749
107749 107749
107749 107749
107749 107749
107749 107749
107749 107749
107749 107749
107749 107749
107749 107749
107749 107749
107749 107749
107749 107749
107749 107749
107749 107749
107749 107749
107749 107749
107749 107749
107749 107749
107949 107949
107949 107949
107949 107949
107949 107949
107949 107949
107949 107949
107949 107949
107949 107949
107949 107949
107949 107949
107949 107949
107949 107949
107949 107949
107949 107949
107949 107949
107949 107949
107949 107949
107949 107949
107949 107949
107949 107949
107949 107949
107949 107949
107949 107949
107949 107949
107949 107949
107949 107949
107949 107949
107949 107949
107949 107949
107949 107949
107949 107949
107949 107949
107949 107949
107949 107949
107949 107949
107949 107949
107949 107949
107949 107949
107949 107949
107949 107949
107949 107949
107949 107949
107949 107949
107949 107949
107949 107949
107949 107949
107949 107949
107949 107949
107949 107949
107949 107949
107949 107949
107949 107949
107949 107949
107949 107949
107949 107949
107949 107949
107949 107949
107949 107949
107949 107949
107949 107949
107949 107949
107949 107949
107949 107949
107949 107949
107949 107949
107949 107949
107949 107949
107949 107949
107949 107949
107949 107949
107949 107949
107949 107949
107949 107949
107949 107949
107949 107949
107949 107949
107949 107949
107949 107949
107949 107949
107949 107949
107949 107949
107949 107949
107949 107949
107949 107949
107949 107949
107949 107949
107949 107949
107949 107949
107949 107949
107949 107949
107949 107949
107949 107949
107949 107949
107949 107949
107949 107949
107949 107949
107949 107949
107949 107949
107949 107949
107949 107949
107949 107949
107949 107949
107949 107949
107949 107949
107949 107949
107949 107949
107949 107949
107949 107949
107949 107949
107949 107949
107949 107949
107949 107949
107949 107949
107949 107949
107949 107949
107949 107949
107949 107949
107949 107949
107949 107949
107949 107949
107949 107949
107949 107949
107949 107949
107949 107949
107949 107949
107949 107949
107949 107949
107949 107949
107949 107949
107949 107949
107949 107949
107949 107949
107949 107949
107949 107949
107949 107949
107949 107949
107949 107949
107949 107949
107949 107949
107949 107949
107949 107949
107949 107949
107949 107949
107949 107949
107949 107949
107949 107949
107949 107949
107949 107949
107949 107949
107949 107949
107949 107949
107949 107949
107949 107949
107949 107949
107949 107949
107949 107949
107949 107949
107949 107949
107949 107949
107949 107949
107949 107949
107949 107949
107949 107949
