100466
83810 83810
84669 84669
87854 87854
91560 91560
87400 87400
88794 88794
89175 89175
86931 86931
88922 88922
85525 85525
88306 88306
89188 89188
88931 88931
85984 85984
80396 80396
77035 77035
80588 80588
83910 83910
85250 85250
86309 86309
92314 92314
86465 86465
89738 89738
89721 89721
90642 90642
90955 90955
86921 86921
90161 90161
88519 88519
88926 88926
86883 86883
85299 85299
84065 84065
89370 89370
88672 88672
87361 87361
88960 88960
89738 89738
88658 88658
93003 93003
92012 92012
92724 92724
94111 94111
90797 90797
90919 90919
88257 88257
87579 87579
87166 87166
88237 88237
86190 86190
88645 88645
89431 89431
87434 87434
89436 89436
85867 85867
85082 85082
86055 86055
83521 83521
80849 80849
80363 80363
78725 78725
80253 80253
80010 80010
81334 81334
82092 82092
83006 83006
83204 83204
86065 86065
85250 85250
88227 88227
85201 85201
89588 89588
87255 87255
90602 90602
87987 87987
87577 87577
85709 85709
85192 85192
85321 85321
89181 89181
91828 91828
93133 93133
91660 91660
87524 87524
88037 88037
84005 84005
80838 80838
82206 82206
77752 77752
78865 78865
78829 78829
80095 80095
82414 82414
83137 83137
80902 80902
84886 84886
81398 81398
80536 80536
82950 82950
83585 83585
84470 84470
82703 82703
84510 84510
84136 84136
85152 85152
87615 87615
88420 88420
87699 87699
85891 85891
83072 83072
82096 82096
80325 80325
78950 78950
83977 83977
84269 84269
85826 85826
84631 84631
84334 84334
82238 82238
82570 82570
87087 87087
87861 87861
88729 88729
89312 89312
90923 90923
88297 88297
90327 90327
90103 90103
87730 87730
88193 88193
91039 91039
88508 88508
88227 88227
88970 88970
88940 88940
84951 84951
84734 84734
90830 90830
87462 87462
87735 87735
89870 89870
88352 88352
87474 87474
84292 84292
85476 85476
89155 89155
82923 82923
83264 83264
78206 78206
78712 78712
80491 80491
83715 83715
84251 84251
82450 82450
81953 81953
81907 81907
80187 80187
81736 81736
80304 80304
79050 79050
82264 82264
83371 83371
85521 85521
86794 86794
83904 83904
85911 85911
83505 83505
83705 83705
83645 83645
85237 85237
86218 86218
87493 87493
86342 86342
84947 84947
81162 81162
83680 83680
83202 83202
85130 85130
84822 84822
87089 87089
82694 82694
81918 81918
85340 85340
85512 85512
85386 85386
86011 86011
86170 86170
82538 82538
82197 82197
84391 84391
80901 80901
81449 81449
84782 84782
88259 88259
86556 86556
81373 81373
81858 81858
80272 80272
75576 75576
77372 77372
81650 81650
81567 81567
82231 82231
83561 83561
85976 85976
84980 84980
84051 84051
83066 83066
85207 85207
82281 82281
82799 82799
80668 80668
84626 84626
84466 84466
80053 80053
85240 85240
85678 85678
88067 88067
86449 86449
89289 89289
90204 90204
88214 88214
86638 86638
84560 84560
84534 84534
85850 85850
88909 88909
86798 86798
82493 82493
84506 84506
83240 83240
82010 82010
83249 83249
83665 83665
82040 82040
83905 83905
81568 81568
81204 81204
77786 77786
79895 79895
81212 81212
83172 83172
82816 82816
82036 82036
83026 83026
84148 84148
81142 81142
79212 79212
79109 79109
82463 82463
82875 82875
82502 82502
81821 81821
76427 76427
76841 76841
76979 76979
80734 80734
77604 77604
78293 78293
81239 81239
81514 81514
85861 85861
85594 85594
80141 80141
84120 84120
89646 89646
88812 88812
88349 88349
85753 85753
82929 82929
84192 84192
82771 82771
83344 83344
85213 85213
82287 82287
81870 81870
80320 80320
81395 81395
84111 84111
83997 83997
84048 84048
87098 87098
86733 86733
84497 84497
82903 82903
81998 81998
84085 84085
79521 79521
83766 83766
85374 85374
85889 85889
85718 85718
88498 88498
86205 86205
90052 90052
92230 92230
88388 88388
87830 87830
90404 90404
91061 91061
86678 86678
83492 83492
85922 85922
85561 85561
83321 83321
87601 87601
88519 88519
86308 86308
83096 83096
83089 83089
81984 81984
82829 82829
82809 82809
84243 84243
83371 83371
84225 84225
85550 85550
83376 83376
85618 85618
85094 85094
85602 85602
82163 82163
84830 84830
83703 83703
87642 87642
86127 86127
84820 84820
85155 85155
84338 84338
84688 84688
80115 80115
81599 81599
84763 84763
85458 85458
81645 81645
84591 84591
86213 86213
87888 87888
88634 88634
90818 90818
89374 89374
91764 91764
88469 88469
85012 85012
88450 88450
87591 87591
89975 89975
85537 85537
83170 83170
76867 76867
78082 78082
79944 79944
83525 83525
84260 84260
85548 85548
86281 86281
82034 82034
86325 86325
85055 85055
80771 80771
84491 84491
83816 83816
82311 82311
87999 87999
88598 88598
88416 88416
85438 85438
85528 85528
85723 85723
86768 86768
86730 86730
86135 86135
85153 85153
85674 85674
83227 83227
83979 83979
83218 83218
82858 82858
81689 81689
79473 79473
83697 83697
83703 83703
83102 83102
85572 85572
83919 83919
81882 81882
85993 85993
84596 84596
85495 85495
85391 85391
84027 84027
88365 88365
89209 89209
90168 90168
89662 89662
90404 90404
88039 88039
84857 84857
85025 85025
85382 85382
84376 84376
81895 81895
88047 88047
86141 86141
87038 87038
86468 86468
84705 84705
83810 83810
87076 87076
85742 85742
88766 88766
88366 88366
86322 86322
84843 84843
85189 85189
83981 83981
87360 87360
88835 88835
89776 89776
88654 88654
87142 87142
86891 86891
84569 84569
84012 84012
82249 82249
87038 87038
84550 84550
83911 83911
82359 82359
79546 79546
75097 75097
79818 79818
83240 83240
82708 82708
81032 81032
83873 83873
81569 81569
79552 79552
79630 79630
80252 80252
78343 78343
77370 77370
82794 82794
80725 80725
80115 80115
81848 81848
82796 82796
80445 80445
81901 81901
88903 88903
87077 87077
88253 88253
85609 85609
83911 83911
85270 85270
83948 83948
86879 86879
88196 88196
88841 88841
92500 92500
90866 90866
89449 89449
92144 92144
91027 91027
90599 90599
88898 88898
90863 90863
93203 93203
91666 91666
90796 90796
88303 88303
85027 85027
86482 86482
84842 84842
88481 88481
87538 87538
86871 86871
85761 85761
86792 86792
79642 79642
82065 82065
82683 82683
85262 85262
84797 84797
83171 83171
85419 85419
79402 79402
81358 81358
81439 81439
81747 81747
81240 81240
83900 83900
83590 83590
86739 86739
87164 87164
88560 88560
88804 88804
90027 90027
87087 87087
85399 85399
84874 84874
83556 83556
82952 82952
84324 84324
84676 84676
82219 82219
79087 79087
79721 79721
78195 78195
80826 80826
78322 78322
77481 77481
81813 81813
85249 85249
89643 89643
88664 88664
88903 88903
88405 88405
87453 87453
86679 86679
87666 87666
88083 88083
90457 90457
89291 89291
84595 84595
82468 82468
79533 79533
83625 83625
82810 82810
80917 80917
83061 83061
86277 86277
86705 86705
83700 83700
86671 86671
84525 84525
83097 83097
84095 84095
85007 85007
86959 86959
84517 84517
86524 86524
86622 86622
82939 82939
79666 79666
80070 80070
80652 80652
80706 80706
86698 86698
87971 87971
89404 89404
88951 88951
87529 87529
90471 90471
88626 88626
90242 90242
90680 90680
92752 92752
93592 93592
89057 89057
91321 91321
89461 89461
89600 89600
84499 84499
86504 86504
86616 86616
87408 87408
88843 88843
88168 88168
90330 90330
92748 92748
90786 90786
90404 90404
88106 88106
87139 87139
87702 87702
91948 91948
89865 89865
90811 90811
87080 87080
87957 87957
86517 86517
87472 87472
83193 83193
83542 83542
83207 83207
85446 85446
86661 86661
88047 88047
87041 87041
86885 86885
90513 90513
87996 87996
89175 89175
86463 86463
85662 85662
85237 85237
91971 91971
91595 91595
90787 90787
85887 85887
88253 88253
92748 92748
91362 91362
90351 90351
90610 90610
90919 90919
86202 86202
84499 84499
84795 84795
91511 91511
90282 90282
88909 88909
84845 84845
85257 85257
88152 88152
87318 87318
90323 90323
86959 86959
86652 86652
86629 86629
87642 87642
85206 85206
89368 89368
89262 89262
88824 88824
90325 90325
88122 88122
87684 87684
88373 88373
86072 86072
86860 86860
86711 86711
82798 82798
83378 83378
88044 88044
88071 88071
88396 88396
93971 93971
94415 94415
89091 89091
87568 87568
86248 86248
87314 87314
85360 85360
82061 82061
82356 82356
84553 84553
86757 86757
85668 85668
86210 86210
85904 85904
85706 85706
82513 82513
85323 85323
86025 86025
84911 84911
82361 82361
84793 84793
85213 85213
82851 82851
82604 82604
83941 83941
83043 83043
85359 85359
88742 88742
90487 90487
90033 90033
88615 88615
84384 84384
83689 83689
82995 82995
85391 85391
83213 83213
81320 81320
81669 81669
81230 81230
85897 85897
85509 85509
88010 88010
85879 85879
84514 84514
86919 86919
85754 85754
85476 85476
89203 89203
90273 90273
87967 87967
85433 85433
88725 88725
89726 89726
87735 87735
90089 90089
88020 88020
85249 85249
85883 85883
88764 88764
91065 91065
93134 93134
91575 91575
91497 91497
93743 93743
91827 91827
94729 94729
91311 91311
92755 92755
92461 92461
90936 90936
89556 89556
86895 86895
85546 85546
86331 86331
83266 83266
84887 84887
85090 85090
81642 81642
87632 87632
88225 88225
88663 88663
86132 86132
83600 83600
83931 83931
82581 82581
83530 83530
85573 85573
86190 86190
85406 85406
87627 87627
86992 86992
85891 85891
86474 86474
87699 87699
82937 82937
86256 86256
86221 86221
83071 83071
86481 86481
85034 85034
86471 86471
84795 84795
82226 82226
89008 89008
86912 86912
88224 88224
88216 88216
87095 87095
89847 89847
88406 88406
88280 88280
87729 87729
89597 89597
86853 86853
87162 87162
89834 89834
91393 91393
93250 93250
94886 94886
93741 93741
92375 92375
89734 89734
89782 89782
89334 89334
91204 91204
90539 90539
92096 92096
91897 91897
88534 88534
91110 91110
91956 91956
89834 89834
90840 90840
88335 88335
91418 91418
92062 92062
87923 87923
91890 91890
91550 91550
87014 87014
87893 87893
89960 89960
88621 88621
90406 90406
88411 88411
89818 89818
89804 89804
90173 90173
89750 89750
88044 88044
89641 89641
90578 90578
89144 89144
84086 84086
84052 84052
90581 90581
92411 92411
91650 91650
88606 88606
88943 88943
87179 87179
88078 88078
86307 86307
85030 85030
86253 86253
84118 84118
87441 87441
89391 89391
90075 90075
89195 89195
85714 85714
87355 87355
88695 88695
91385 91385
87654 87654
86021 86021
86626 86626
87218 87218
86760 86760
86509 86509
78500 78500
76389 76389
78197 78197
84820 84820
83414 83414
87960 87960
90300 90300
88155 88155
90181 90181
87914 87914
92634 92634
91947 91947
91563 91563
94300 94300
93688 93688
92595 92595
91227 91227
88514 88514
90214 90214
91878 91878
93320 93320
90826 90826
87857 87857
88646 88646
87269 87269
88996 88996
87291 87291
84092 84092
82218 82218
85882 85882
85053 85053
86482 86482
88634 88634
92663 92663
91423 91423
89900 89900
91050 91050
89904 89904
92139 92139
90880 90880
89215 89215
86928 86928
87606 87606
84462 84462
86538 86538
87943 87943
87445 87445
83787 83787
89284 89284
88767 88767
84314 84314
83546 83546
82836 82836
80949 80949
83609 83609
81533 81533
79610 79610
79963 79963
77101 77101
79268 79268
84147 84147
84426 84426
81549 81549
80965 80965
79319 79319
84324 84324
87424 87424
86878 86878
87608 87608
86270 86270
81094 81094
80681 80681
79090 79090
84244 84244
84697 84697
85451 85451
85590 85590
85930 85930
87277 87277
93352 93352
89754 89754
86691 86691
82894 82894
79645 79645
80163 80163
79868 79868
82147 82147
83188 83188
83223 83223
83437 83437
83426 83426
83348 83348
85867 85867
84671 84671
87214 87214
86499 86499
85732 85732
86633 86633
84622 84622
82868 82868
83084 83084
86093 86093
86374 86374
86379 86379
86280 86280
83847 83847
88004 88004
86616 86616
87392 87392
85928 85928
88230 88230
93913 93913
93029 93029
92340 92340
93422 93422
84561 84561
82268 82268
81784 81784
85204 85204
87335 87335
88227 88227
87426 87426
88370 88370
91116 91116
91707 91707
89587 89587
87334 87334
84993 84993
80967 80967
85184 85184
86601 86601
84726 84726
85965 85965
86249 86249
89775 89775
90547 90547
89352 89352
90978 90978
87667 87667
88752 88752
91480 91480
94545 94545
98019 98019
100466 100466
98264 98264
97217 97217
93229 93229
93763 93763
93381 93381
92037 92037
89718 89718
90996 90996
87542 87542
85982 85982
89202 89202
88245 88245
91543 91543
90730 90730
91452 91452
94310 94310
90827 90827
91522 91522
90788 90788
89420 89420
89215 89215
83646 83646
85477 85477
85899 85899
86854 86854
83894 83894
80658 80658
78247 78247
82781 82781
83281 83281
85074 85074
82469 82469
84279 84279
85132 85132
85333 85333
84946 84946
83761 83761
82405 82405
84026 84026
83569 83569
87126 87126
83042 83042
82622 82622
79737 79737
80956 80956
82361 82361
80111 80111
82343 82343
80434 80434
85872 85872
88649 88649
87681 87681
86760 86760
86096 86096
89379 89379
93750 93750
92680 92680
90338 90338
87151 87151
87999 87999
90768 90768
91761 91761
91715 91715
89843 89843
86610 86610
86278 86278
82932 82932
83187 83187
83224 83224
83746 83746
85096 85096
88113 88113
88369 88369
89579 89579
89971 89971
88506 88506
89532 89532
86602 86602
88320 88320
88006 88006
85259 85259
82264 82264
88923 88923
84002 84002
79739 79739
80787 80787
84851 84851
87681 87681
83085 83085
83340 83340
84974 84974
86700 86700
83700 83700
85855 85855
84408 84408
85777 85777
84638 84638
84441 84441
82400 82400
82095 82095
80565 80565
82456 82456
85162 85162
83435 83435
85761 85761
84058 84058
84735 84735
81710 81710
79309 79309
77837 77837
76173 76173
78295 78295
82398 82398
81559 81559
81549 81549
82147 82147
81225 81225
83552 83552
82959 82959
81055 81055
80519 80519
83763 83763
85121 85121
86896 86896
85840 85840
87558 87558
86429 86429
89138 89138
88666 88666
88229 88229
84917 84917
87958 87958
85423 85423
86007 86007
83347 83347
81922 81922
82278 82278
81691 81691
85002 85002
88486 88486
86564 86564
82404 82404
85695 85695
82292 82292
83831 83831
87133 87133
85737 85737
85260 85260
82790 82790
83640 83640
85213 85213
84512 84512
83969 83969
85042 85042
84637 84637
84217 84217
81468 81468
82903 82903
81761 81761
84505 84505
86456 86456
84755 84755
84481 84481
84115 84115
82279 82279
83250 83250
83676 83676
86520 86520
90181 90181
89238 89238
87183 87183
87965 87965
90062 90062
90608 90608
88646 88646
89825 89825
89166 89166
88333 88333
83479 83479
83309 83309
83691 83691
84102 84102
83333 83333
86800 86800
88764 88764
86413 86413
87134 87134
84893 84893
80711 80711
80539 80539
83005 83005
84003 84003
83089 83089
84633 84633
83933 83933
82949 82949
85166 85166
85555 85555
85282 85282
86555 86555
85882 85882
85613 85613
90090 90090
89008 89008
86987 86987
84145 84145
84863 84863
88102 88102
88319 88319
89375 89375
90059 90059
90574 90574
86462 86462
86412 86412
83115 83115
83215 83215
84642 84642
85355 85355
83672 83672
88924 88924
89683 89683
92174 92174
93277 93277
94372 94372
92577 92577
91792 91792
88556 88556
91724 91724
91888 91888
88871 88871
87856 87856
89295 89295
88678 88678
86569 86569
80811 80811
79058 79058
80478 80478
83572 83572
88247 88247
88436 88436
85467 85467
83166 83166
86640 86640
86260 86260
84254 84254
81748 81748
83099 83099
86400 86400
90724 90724
88794 88794
86865 86865
87996 87996
87378 87378
86873 86873
86552 86552
84632 84632
88038 88038
86050 86050
85204 85204
81323 81323
79941 79941
77339 77339
81967 81967
81177 81177
81828 81828
81870 81870
81613 81613
81662 81662
86384 86384
85579 85579
82701 82701
80677 80677
79683 79683
80732 80732
82147 82147
85752 85752
86288 86288
84498 84498
84933 84933
83987 83987
83092 83092
84783 84783
84691 84691
90086 90086
91259 91259
90470 90470
90538 90538
88957 88957
91893 91893
93784 93784
93241 93241
94424 94424
93362 93362
90885 90885
92385 92385
86614 86614
88489 88489
85352 85352
85433 85433
87179 87179
86307 86307
84540 84540
84926 84926
85886 85886
85236 85236
84440 84440
80981 80981
83898 83898
86106 86106
84280 84280
86668 86668
87836 87836
87592 87592
88207 88207
84742 84742
87254 87254
88563 88563
90746 90746
92807 92807
93850 93850
93875 93875
90060 90060
89478 89478
89202 89202
87022 87022
90343 90343
90336 90336
86849 86849
83696 83696
81656 81656
82056 82056
85961 85961
86127 86127
85098 85098
85631 85631
87534 87534
86127 86127
84376 84376
85347 85347
79918 79918
80438 80438
79867 79867
79234 79234
82579 82579
82149 82149
82907 82907
85258 85258
83773 83773
88172 88172
85176 85176
84366 84366
81686 81686
83391 83391
84510 84510
85502 85502
81263 81263
85363 85363
89566 89566
89191 89191
87963 87963
87481 87481
87593 87593
87415 87415
83118 83118
87841 87841
89703 89703
90601 90601
88218 88218
88722 88722
90540 90540
90215 90215
88390 88390
87216 87216
85777 85777
82894 82894
82453 82453
79857 79857
82032 82032
84802 84802
84495 84495
84067 84067
83979 83979
86278 86278
89352 89352
86641 86641
87663 87663
91118 91118
92400 92400
92450 92450
93026 93026
96670 96670
98111 98111
95747 95747
92996 92996
94273 94273
94269 94269
93621 93621
93223 93223
91821 91821
87606 87606
84016 84016
85206 85206
86499 86499
86657 86657
86054 86054
84403 84403
86342 86342
86874 86874
90263 90263
86611 86611
85199 85199
85735 85735
86097 86097
85937 85937
81692 81692
80719 80719
78645 78645
80708 80708
82112 82112
84136 84136
83306 83306
86887 86887
83785 83785
83345 83345
83725 83725
86229 86229
83322 83322
82348 82348
87240 87240
86546 86546
88082 88082
88232 88232
88507 88507
89511 89511
86162 86162
86300 86300
84084 84084
80233 80233
85739 85739
88680 88680
87264 87264
87477 87477
84560 84560
85380 85380
86800 86800
84126 84126
79935 79935
80368 80368
76305 76305
77438 77438
81688 81688
81563 81563
82830 82830
83773 83773
81632 81632
81582 81582
85092 85092
87824 87824
88277 88277
86586 86586
88875 88875
86477 86477
85427 85427
86895 86895
88669 88669
86857 86857
85444 85444
83453 83453
84485 84485
86730 86730
86979 86979
85571 85571
83264 83264
82195 82195
82867 82867
85272 85272
85165 85165
84409 84409
84426 84426
82944 82944
82843 82843
78518 78518
81553 81553
81224 81224
79852 79852
83290 83290
85287 85287
87268 87268
87078 87078
83801 83801
82800 82800
84005 84005
80965 80965
81263 81263
82617 82617
82908 82908
86734 86734
85520 85520
87644 87644
84805 84805
84157 84157
88286 88286
87431 87431
82672 82672
84670 84670
82025 82025
81461 81461
82637 82637
84115 84115
79993 79993
78785 78785
84545 84545
86317 86317
83961 83961
88142 88142
90354 90354
92855 92855
94351 94351
96008 96008
96395 96395
94294 94294
96776 96776
94521 94521
94356 94356
95488 95488
91356 91356
88869 88869
86283 86283
81954 81954
84571 84571
81836 81836
85090 85090
88158 88158
87943 87943
85352 85352
83996 83996
81996 81996
79787 79787
82734 82734
82679 82679
86617 86617
84171 84171
85047 85047
84884 84884
79202 79202
78453 78453
76000 76000
79166 79166
79346 79346
83536 83536
86079 86079
87275 87275
86794 86794
85520 85520
87635 87635
85472 85472
88271 88271
86503 86503
85525 85525
85762 85762
85577 85577
88676 88676
88704 88704
85802 85802
85394 85394
82826 82826
85368 85368
87449 87449
88649 88649
90152 90152
87213 87213
83461 83461
80124 80124
77533 77533
77216 77216
80142 80142
83642 83642
82766 82766
80137 80137
81958 81958
81237 81237
81600 81600
78361 78361
79679 79679
80577 80577
83530 83530
80429 80429
85016 85016
84062 84062
84298 84298
86531 86531
85723 85723
85271 85271
81928 81928
86711 86711
87737 87737
88469 88469
88553 88553
83892 83892
85791 85791
86091 86091
87418 87418
85677 85677
81340 81340
82481 82481
80736 80736
86166 86166
88312 88312
86097 86097
82545 82545
85713 85713
86764 86764
86480 86480
83901 83901
89031 89031
87309 87309
84789 84789
84060 84060
84341 84341
87246 87246
88584 88584
92255 92255
87191 87191
86408 86408
87146 87146
87186 87186
85769 85769
87069 87069
87786 87786
86300 86300
85953 85953
92713 92713
93717 93717
93188 93188
94317 94317
93871 93871
92283 92283
88552 88552
86086 86086
87316 87316
89975 89975
91808 91808
90640 90640
88345 88345
90775 90775
90693 90693
89519 89519
87758 87758
85695 85695
88322 88322
88580 88580
91220 91220
90978 90978
90666 90666
92352 92352
89962 89962
89933 89933
88020 88020
89274 89274
88577 88577
88514 88514
87189 87189
86514 86514
89067 89067
89217 89217
89868 89868
90112 90112
90276 90276
92284 92284
91495 91495
91558 91558
87033 87033
89504 89504
88884 88884
89536 89536
88595 88595
87446 87446
89548 89548
84620 84620
87442 87442
90009 90009
88155 88155
87497 87497
86387 86387
79347 79347
83577 83577
83946 83946
86121 86121
85422 85422
86119 86119
84072 84072
82885 82885
83921 83921
82404 82404
82480 82480
82540 82540
82691 82691
88677 88677
86624 86624
85275 85275
88124 88124
83410 83410
86275 86275
88346 88346
89305 89305
89386 89386
85816 85816
86018 86018
88073 88073
91200 91200
91046 91046
89462 89462
83325 83325
83205 83205
85493 85493
85724 85724
84197 84197
81352 81352
80487 80487
81345 81345
82403 82403
81421 81421
85623 85623
85664 85664
88695 88695
91306 91306
90051 90051
89413 89413
89811 89811
91829 91829
90056 90056
93389 93389
95356 95356
95002 95002
94490 94490
91551 91551
94267 94267
91807 91807
87872 87872
89802 89802
91657 91657
90261 90261
88874 88874
90748 90748
88801 88801
89700 89700
84258 84258
82358 82358
82976 82976
84224 84224
87320 87320
87574 87574
86435 86435
83817 83817
82771 82771
82712 82712
86956 86956
85291 85291
82434 82434
83092 83092
82823 82823
79975 79975
83134 83134
87490 87490
87675 87675
87247 87247
87862 87862
88201 88201
90193 90193
90739 90739
88367 88367
91063 91063
93644 93644
94913 94913
94879 94879
93017 93017
91486 91486
92653 92653
89597 89597
89515 89515
86907 86907
88374 88374
91905 91905
91843 91843
87691 87691
84762 84762
85019 85019
85214 85214
82641 82641
82563 82563
81869 81869
85148 85148
83068 83068
80021 80021
82569 82569
81365 81365
80770 80770
81463 81463
85217 85217
84593 84593
88463 88463
90517 90517
87223 87223
87774 87774
87810 87810
87583 87583
88759 88759
86696 86696
85365 85365
87914 87914
84825 84825
85920 85920
86776 86776
87427 87427
89232 89232
90000 90000
91566 91566
87852 87852
88842 88842
88324 88324
88820 88820
92326 92326
93369 93369
89877 89877
93888 93888
90538 90538
89701 89701
90312 90312
91057 91057
90279 90279
89088 89088
88637 88637
85888 85888
84834 84834
85345 85345
87023 87023
89664 89664
88056 88056
87533 87533
90690 90690
91376 91376
88989 88989
90352 90352
93155 93155
92274 92274
90700 90700
89437 89437
86047 86047
89119 89119
85569 85569
83268 83268
83379 83379
81243 81243
80721 80721
81371 81371
78608 78608
81429 81429
80804 80804
81595 81595
82814 82814
83529 83529
83640 83640
85468 85468
87120 87120
87506 87506
87777 87777
89682 89682
91184 91184
92167 92167
96157 96157
96793 96793
95445 95445
90190 90190
85380 85380
84438 84438
87073 87073
88440 88440
91795 91795
93701 93701
93765 93765
93090 93090
92521 92521
90977 90977
87658 87658
85617 85617
85391 85391
85970 85970
84161 84161
85051 85051
89680 89680
87837 87837
84045 84045
85772 85772
87069 87069
88099 88099
87696 87696
89676 89676
83921 83921
84574 84574
89945 89945
89044 89044
86450 86450
87621 87621
88173 88173
86125 86125
91009 91009
86145 86145
87100 87100
86888 86888
87242 87242
87350 87350
93997 93997
89030 89030
90426 90426
92112 92112
93837 93837
92848 92848
92576 92576
93504 93504
95742 95742
96393 96393
95816 95816
92355 92355
90538 90538
91546 91546
88985 88985
84732 84732
85231 85231
84243 84243
84575 84575
84544 84544
85563 85563
85131 85131
85082 85082
86440 86440
87503 87503
87262 87262
86915 86915
85630 85630
83054 83054
82511 82511
85836 85836
86265 86265
84682 84682
85132 85132
85998 85998
81350 81350
83873 83873
84981 84981
81418 81418
83156 83156
83355 83355
82611 82611
82394 82394
81179 81179
79483 79483
79179 79179
83148 83148
80202 80202
79021 79021
80195 80195
80228 80228
80208 80208
81747 81747
83487 83487
84827 84827
84982 84982
86350 86350
85933 85933
84952 84952
84247 84247
84343 84343
86000 86000
82231 82231
83288 83288
85806 85806
85696 85696
88283 88283
87310 87310
90107 90107
89044 89044
90618 90618
94726 94726
93846 93846
91588 91588
88868 88868
90721 90721
90108 90108
86907 86907
89667 89667
86798 86798
89454 89454
87975 87975
86729 86729
83051 83051
86294 86294
84756 84756
89066 89066
86103 86103
81900 81900
82020 82020
87228 87228
86962 86962
84415 84415
84272 84272
88435 88435
89549 89549
89567 89567
87053 87053
84537 84537
86534 86534
88330 88330
86513 86513
87601 87601
87685 87685
88812 88812
86170 86170
87760 87760
88658 88658
84989 84989
83308 83308
82940 82940
81863 81863
80353 80353
80302 80302
83714 83714
87095 87095
82873 82873
86034 86034
84621 84621
84201 84201
82897 82897
83802 83802
83560 83560
85661 85661
87881 87881
91732 91732
90715 90715
91959 91959
86175 86175
85679 85679
85166 85166
86925 86925
88700 88700
85808 85808
84102 84102
82950 82950
85983 85983
81811 81811
81263 81263
80548 80548
80535 80535
83367 83367
84102 84102
83835 83835
85195 85195
83696 83696
84124 84124
84635 84635
83750 83750
83902 83902
82517 82517
85640 85640
88140 88140
88944 88944
91967 91967
90079 90079
88316 88316
88250 88250
87853 87853
89292 89292
90861 90861
90503 90503
89836 89836
86847 86847
83418 83418
83777 83777
84677 84677
86779 86779
88370 88370
86451 86451
88680 88680
89890 89890
92161 92161
88215 88215
85003 85003
80195 80195
79726 79726
81660 81660
81803 81803
82956 82956
81337 81337
84193 84193
82824 82824
82797 82797
84071 84071
87013 87013
84845 84845
86598 86598
87479 87479
84074 84074
82191 82191
78522 78522
81734 81734
80528 80528
82114 82114
87686 87686
86844 86844
89406 89406
90485 90485
89914 89914
90775 90775
89452 89452
91721 91721
90840 90840
87285 87285
85993 85993
82452 82452
86283 86283
80869 80869
84426 84426
81260 81260
79670 79670
81290 81290
78638 78638
79140 79140
82618 82618
84144 84144
87413 87413
86429 86429
82808 82808
82768 82768
76829 76829
77553 77553
79681 79681
83374 83374
83311 83311
78904 78904
78828 78828
80191 80191
83980 83980
82614 82614
86374 86374
83594 83594
86608 86608
87072 87072
85071 85071
83280 83280
82706 82706
80300 80300
81922 81922
80955 80955
80235 80235
78930 78930
81352 81352
80441 80441
79204 79204
77026 77026
78903 78903
80337 80337
80284 80284
83091 83091
84491 84491
81259 81259
79748 79748
82130 82130
80347 80347
86840 86840
87158 87158
87830 87830
88823 88823
90919 90919
87391 87391
84684 84684
86137 86137
86237 86237
91088 91088
90007 90007
86070 86070
86940 86940
90420 90420
87591 87591
89590 89590
88094 88094
89969 89969
87261 87261
86032 86032
83889 83889
83778 83778
83668 83668
81981 81981
80494 80494
84151 84151
83811 83811
85942 85942
88877 88877
89830 89830
84687 84687
82185 82185
85596 85596
88951 88951
88545 88545
89897 89897
86386 86386
87214 87214
87640 87640
85416 85416
85966 85966
87167 87167
83831 83831
88896 88896
84816 84816
84831 84831
83908 83908
84386 84386
84011 84011
85294 85294
84137 84137
84813 84813
85045 85045
83754 83754
84093 84093
85192 85192
85101 85101
84651 84651
85129 85129
80416 80416
83434 83434
79555 79555
80956 80956
86541 86541
83244 83244
81666 81666
86856 86856
84174 84174
87710 87710
84877 84877
86738 86738
86497 86497
90243 90243
87950 87950
88958 88958
85763 85763
84003 84003
85925 85925
85898 85898
82597 82597
84781 84781
83314 83314
87102 87102
86179 86179
84353 84353
82531 82531
82127 82127
83938 83938
85086 85086
87704 87704
87533 87533
86517 86517
87735 87735
88708 88708
86513 86513
86060 86060
84395 84395
85115 85115
81399 81399
84282 84282
83953 83953
88794 88794
87996 87996
84702 84702
87409 87409
86743 86743
85194 85194
81480 81480
79875 79875
80019 80019
81519 81519
84343 84343
85351 85351
84622 84622
82751 82751
84636 84636
84770 84770
83988 83988
87781 87781
85624 85624
87347 87347
89181 89181
89773 89773
85354 85354
87334 87334
85671 85671
86640 86640
87045 87045
84046 84046
80984 80984
81689 81689
78582 78582
76285 76285
79799 79799
79435 79435
80892 80892
82510 82510
83214 83214
83262 83262
82667 82667
81230 81230
86313 86313
86028 86028
86004 86004
85331 85331
87682 87682
85860 85860
80752 80752
78917 78917
83276 83276
85508 85508
87371 87371
89199 89199
93844 93844
92303 92303
89741 89741
87588 87588
87880 87880
88108 88108
91162 91162
83671 83671
85224 85224
87397 87397
87767 87767
87134 87134
86995 86995
87329 87329
87109 87109
81386 81386
85182 85182
87707 87707
87866 87866
87443 87443
88106 88106
86463 86463
87616 87616
89162 89162
91728 91728
89296 89296
89063 89063
87650 87650
89202 89202
89159 89159
87345 87345
89357 89357
91456 91456
91181 91181
85713 85713
89072 89072
88318 88318
89205 89205
85096 85096
85638 85638
87836 87836
89573 89573
89590 89590
90865 90865
88172 88172
86446 86446
91259 91259
91464 91464
86654 86654
87755 87755
86652 86652
85120 85120
86080 86080
83177 83177
85778 85778
86459 86459
87926 87926
86118 86118
87834 87834
87048 87048
88686 88686
89100 89100
91609 91609
87257 87257
86953 86953
87241 87241
83189 83189
85647 85647
82624 82624
88192 88192
86811 86811
85684 85684
87645 87645
88599 88599
88289 88289
89119 89119
89770 89770
90320 90320
82821 82821
82976 82976
86433 86433
83730 83730
84796 84796
83836 83836
87303 87303
89193 89193
88513 88513
85782 85782
83723 83723
85899 85899
83682 83682
83225 83225
84433 84433
86371 86371
85602 85602
83788 83788
80304 80304
79504 79504
81509 81509
80555 80555
82448 82448
78248 78248
80715 80715
86014 86014
84426 84426
85364 85364
87600 87600
87732 87732
93085 93085
91354 91354
91315 91315
91144 91144
95913 95913
95503 95503
92311 92311
92422 92422
91565 91565
90782 90782
88723 88723
89284 89284
87029 87029
86446 86446
86021 86021
87263 87263
89067 89067
90474 90474
87455 87455
83171 83171
82714 82714
85574 85574
84429 84429
87201 87201
91824 91824
90744 90744
92386 92386
90810 90810
93479 93479
92187 92187
90584 90584
90535 90535
86332 86332
84566 84566
86175 86175
89679 89679
87275 87275
86284 86284
84555 84555
84663 84663
87011 87011
86078 86078
85703 85703
85246 85246
85906 85906
86481 86481
85193 85193
91764 91764
86333 86333
86044 86044
87657 87657
83458 83458
88962 88962
85997 85997
85578 85578
86678 86678
89838 89838
88726 88726
88730 88730
86781 86781
85392 85392
90500 90500
91978 91978
90582 90582
89279 89279
90143 90143
86324 86324
83846 83846
84244 84244
82210 82210
81697 81697
86964 86964
87242 87242
85974 85974
86527 86527
83491 83491
81737 81737
82541 82541
81311 81311
88643 88643
89054 89054
87606 87606
86775 86775
87559 87559
88204 88204
85495 85495
90956 90956
87409 87409
81821 81821
88186 88186
89073 89073
89854 89854
88234 88234
86871 86871
88642 88642
86232 86232
83326 83326
82355 82355
82131 82131
80516 80516
78065 78065
77051 77051
80627 80627
79930 79930
83477 83477
85038 85038
85836 85836
86982 86982
83709 83709
82964 82964
80354 80354
79600 79600
84307 84307
86873 86873
87208 87208
88674 88674
88488 88488
87512 87512
86064 86064
84650 84650
89734 89734
90925 90925
88545 88545
90871 90871
86867 86867
82621 82621
82564 82564
84184 84184
85190 85190
87249 87249
83331 83331
86202 86202
84085 84085
87542 87542
87578 87578
83193 83193
83636 83636
84518 84518
84005 84005
88381 88381
87910 87910
87454 87454
88552 88552
89286 89286
89148 89148
89309 89309
83957 83957
83548 83548
81996 81996
84792 84792
85371 85371
89363 89363
89942 89942
89312 89312
88769 88769
87699 87699
86219 86219
83445 83445
79966 79966
82064 82064
83680 83680
87480 87480
89706 89706
88874 88874
91255 91255
90476 90476
88887 88887
89748 89748
87143 87143
87232 87232
84868 84868
83007 83007
84929 84929
84640 84640
84811 84811
85612 85612
90327 90327
89613 89613
86079 86079
87197 87197
88683 88683
88391 88391
87940 87940
86975 86975
86278 86278
84688 84688
86079 86079
86273 86273
84769 84769
86940 86940
88780 88780
87941 87941
86495 86495
85381 85381
84536 84536
83582 83582
79334 79334
79381 79381
84027 84027
84680 84680
84549 84549
83184 83184
85893 85893
86578 86578
83770 83770
80937 80937
84050 84050
89311 89311
90295 90295
88760 88760
89347 89347
86815 86815
86321 86321
88930 88930
89924 89924
90470 90470
93173 93173
93487 93487
93799 93799
92449 92449
94958 94958
93558 93558
92680 92680
92103 92103
92093 92093
90047 90047
90407 90407
91655 91655
90215 90215
92747 92747
93003 93003
91391 91391
88151 88151
89728 89728
89004 89004
89720 89720
89204 89204
87183 87183
89473 89473
90428 90428
89895 89895
87339 87339
85375 85375
88079 88079
87718 87718
82910 82910
81073 81073
81397 81397
84002 84002
85525 85525
84931 84931
84277 84277
85028 85028
84898 84898
83132 83132
84167 84167
82691 82691
84331 84331
85317 85317
86186 86186
85836 85836
84315 84315
81368 81368
81415 81415
78139 78139
82060 82060
79111 79111
80861 80861
81518 81518
82920 82920
82431 82431
82677 82677
85061 85061
86680 86680
83962 83962
82711 82711
83493 83493
86117 86117
86098 86098
81638 81638
82952 82952
86964 86964
85910 85910
84017 84017
80578 80578
79801 79801
78813 78813
83856 83856
84705 84705
83861 83861
81586 81586
82337 82337
79136 79136
82509 82509
80505 80505
80121 80121
83838 83838
83337 83337
85232 85232
89351 89351
85015 85015
86908 86908
84713 84713
83248 83248
83377 83377
83029 83029
82729 82729
84985 84985
90185 90185
88446 88446
88434 88434
85932 85932
87676 87676
89349 89349
88656 88656
89616 89616
89854 89854
93475 93475
94012 94012
94296 94296
91768 91768
93022 93022
92591 92591
90192 90192
91728 91728
88511 88511
86032 86032
84443 84443
84946 84946
88965 88965
90364 90364
88856 88856
87259 87259
88024 88024
83309 83309
83715 83715
80270 80270
77332 77332
81652 81652
82960 82960
82862 82862
82979 82979
79122 79122
82976 82976
85591 85591
88690 88690
87850 87850
85404 85404
85707 85707
81526 81526
86662 86662
86858 86858
86725 86725
88433 88433
88272 88272
82855 82855
86946 86946
88370 88370
87082 87082
85273 85273
83728 83728
80920 80920
82304 82304
82914 82914
80794 80794
84202 84202
85043 85043
82367 82367
83843 83843
90466 90466
87675 87675
86691 86691
89830 89830
92269 92269
95398 95398
95850 95850
92764 92764
92532 92532
94904 94904
95496 95496
95785 95785
92518 92518
89834 89834
90650 90650
92578 92578
92160 92160
91526 91526
90219 90219
92259 92259
90304 90304
87226 87226
87054 87054
88035 88035
89814 89814
86424 86424
87176 87176
86865 86865
85514 85514
83504 83504
86014 86014
88010 88010
86899 86899
91007 91007
89391 89391
90662 90662
91632 91632
88681 88681
87645 87645
91370 91370
89053 89053
87367 87367
85658 85658
85182 85182
84689 84689
85896 85896
85202 85202
83840 83840
84375 84375
84740 84740
87345 87345
83443 83443
82403 82403
82997 82997
83815 83815
80466 80466
82697 82697
83611 83611
84090 84090
83973 83973
86861 86861
87242 87242
92035 92035
91801 91801
83889 83889
86709 86709
87561 87561
90368 90368
87944 87944
87181 87181
84112 84112
81640 81640
84131 84131
82424 82424
84714 84714
87023 87023
87319 87319
87184 87184
89908 89908
91282 91282
90826 90826
87951 87951
89824 89824
89356 89356
85544 85544
83349 83349
84408 84408
84654 84654
86351 86351
88334 88334
89251 89251
86964 86964
86955 86955
85095 85095
85102 85102
83996 83996
85365 85365
86616 86616
85802 85802
85891 85891
86956 86956
87361 87361
86540 86540
86017 86017
86709 86709
88585 88585
89873 89873
90011 90011
88343 88343
88363 88363
85515 85515
85344 85344
90751 90751
90571 90571
89743 89743
88121 88121
87453 87453
87182 87182
85360 85360
81604 81604
81822 81822
83084 83084
83321 83321
85761 85761
87316 87316
87293 87293
89677 89677
89804 89804
85966 85966
85613 85613
84185 84185
88055 88055
88503 88503
89268 89268
82607 82607
85084 85084
84749 84749
83368 83368
83868 83868
85699 85699
85291 85291
83434 83434
80729 80729
82329 82329
79393 79393
79162 79162
80455 80455
78372 78372
81439 81439
85438 85438
88869 88869
89080 89080
85116 85116
86763 86763
90431 90431
87298 87298
89821 89821
89462 89462
86345 86345
85213 85213
86986 86986
86122 86122
89701 89701
90397 90397
84700 84700
87311 87311
84128 84128
79182 79182
75815 75815
76778 76778
74408 74408
80663 80663
83042 83042
81865 81865
83125 83125
83660 83660
85315 85315
85784 85784
86484 86484
87925 87925
85781 85781
84940 84940
84536 84536
82891 82891
82416 82416
81270 81270
79253 79253
81751 81751
83406 83406
80814 80814
81868 81868
83356 83356
86531 86531
83482 83482
88513 88513
89106 89106
86776 86776
86739 86739
87594 87594
87347 87347
84731 84731
88070 88070
88378 88378
87386 87386
84362 84362
87589 87589
87281 87281
86894 86894
86732 86732
85224 85224
87850 87850
89082 89082
91643 91643
91157 91157
91236 91236
90933 90933
91663 91663
86871 86871
89672 89672
86208 86208
87411 87411
90559 90559
90458 90458
89650 89650
88275 88275
86273 86273
86499 86499
85854 85854
84913 84913
89224 89224
86938 86938
87491 87491
86807 86807
85398 85398
88112 88112
88659 88659
86175 86175
90212 90212
89929 89929
86497 86497
87844 87844
85691 85691
87243 87243
86543 86543
86816 86816
89589 89589
88166 88166
84911 84911
84939 84939
84720 84720
87805 87805
85663 85663
87290 87290
83828 83828
82288 82288
84502 84502
82202 82202
82384 82384
81021 81021
78049 78049
83945 83945
87472 87472
91673 91673
90253 90253
88839 88839
85878 85878
85115 85115
86903 86903
83562 83562
87435 87435
89007 89007
85445 85445
86775 86775
85108 85108
86614 86614
88750 88750
85675 85675
86148 86148
84990 84990
85545 85545
82242 82242
82381 82381
82322 82322
83971 83971
83212 83212
86563 86563
88090 88090
87234 87234
84108 84108
82096 82096
84486 84486
85727 85727
89058 89058
89579 89579
87397 87397
86454 86454
87697 87697
88006 88006
85156 85156
85748 85748
83504 83504
84215 84215
85810 85810
80812 80812
83409 83409
82484 82484
83254 83254
85294 85294
83139 83139
86809 86809
89638 89638
89748 89748
89691 89691
91371 91371
91977 91977
92505 92505
87886 87886
90265 90265
89795 89795
86779 86779
86939 86939
86543 86543
87095 87095
87643 87643
89348 89348
87876 87876
87962 87962
89072 89072
90173 90173
89472 89472
88929 88929
86529 86529
85839 85839
84644 84644
88037 88037
84733 84733
85837 85837
82441 82441
81988 81988
79167 79167
83926 83926
87648 87648
84754 84754
88986 88986
88028 88028
89322 89322
85045 85045
85276 85276
88241 88241
88136 88136
87770 87770
84582 84582
83385 83385
80765 80765
84369 84369
84045 84045
81293 81293
83083 83083
83966 83966
88671 88671
87337 87337
86467 86467
83424 83424
80980 80980
82836 82836
82950 82950
85792 85792
84931 84931
79851 79851
76852 76852
79577 79577
80412 80412
83773 83773
84494 84494
84911 84911
86066 86066
85275 85275
83575 83575
84630 84630
88310 88310
88173 88173
87432 87432
84560 84560
85485 85485
87154 87154
85866 85866
89893 89893
87879 87879
89178 89178
85659 85659
79449 79449
81754 81754
83225 83225
83305 83305
83308 83308
84274 84274
85446 85446
86494 86494
84355 84355
85935 85935
87302 87302
86981 86981
90625 90625
90079 90079
86919 86919
86876 86876
88307 88307
87952 87952
85831 85831
87822 87822
85943 85943
87354 87354
90997 90997
90873 90873
93616 93616
91952 91952
95649 95649
93358 93358
93611 93611
92799 92799
86363 86363
84313 84313
83960 83960
85779 85779
83763 83763
82994 82994
87234 87234
86458 86458
83899 83899
88236 88236
87628 87628
86996 86996
89996 89996
86002 86002
85541 85541
82995 82995
85533 85533
84427 84427
82495 82495
81150 81150
84745 84745
88408 88408
87958 87958
87713 87713
87984 87984
89127 89127
84785 84785
87813 87813
86501 86501
87425 87425
84871 84871
82379 82379
81322 81322
80210 80210
80929 80929
82787 82787
81943 81943
81801 81801
83610 83610
79640 79640
78962 78962
80280 80280
82553 82553
82418 82418
84498 84498
80823 80823
84155 84155
84365 84365
86354 86354
85496 85496
84625 84625
85501 85501
85359 85359
81177 81177
78896 78896
80889 80889
82146 82146
83344 83344
84072 84072
84792 84792
82790 82790
83808 83808
82169 82169
85790 85790
87732 87732
86352 86352
88229 88229
89660 89660
87194 87194
88465 88465
88208 88208
89877 89877
88124 88124
84752 84752
86597 86597
87012 87012
90283 90283
88434 88434
87673 87673
85960 85960
89768 89768
85913 85913
83373 83373
86239 86239
83343 83343
84510 84510
84885 84885
84860 84860
86000 86000
85967 85967
84847 84847
82769 82769
86007 86007
85027 85027
84076 84076
84064 84064
84441 84441
86139 86139
86429 86429
83481 83481
84078 84078
85362 85362
82928 82928
79950 79950
81856 81856
81139 81139
80600 80600
83415 83415
81991 81991
78388 78388
78592 78592
82805 82805
82933 82933
81834 81834
85651 85651
84707 84707
82537 82537
84507 84507
85092 85092
87897 87897
90398 90398
88427 88427
87616 87616
86563 86563
83464 83464
85782 85782
84051 84051
82948 82948
83162 83162
82479 82479
85430 85430
82644 82644
79563 79563
82487 82487
84575 84575
89821 89821
86859 86859
91067 91067
90899 90899
89196 89196
88181 88181
85413 85413
85553 85553
87450 87450
85810 85810
82964 82964
82659 82659
82724 82724
83437 83437
84658 84658
84360 84360
83038 83038
82600 82600
84290 84290
85357 85357
88419 88419
88051 88051
87644 87644
87601 87601
84805 84805
87173 87173
86126 86126
86818 86818
85976 85976
87692 87692
89069 89069
86178 86178
83776 83776
84111 84111
86380 86380
86784 86784
84812 84812
82720 82720
83036 83036
83185 83185
83297 83297
87886 87886
87649 87649
86371 86371
86591 86591
83527 83527
84481 84481
84626 84626
86433 86433
85243 85243
84712 84712
84520 84520
80676 80676
81946 81946
86853 86853
84660 84660
82035 82035
83375 83375
87972 87972
85321 85321
89252 89252
89757 89757
89530 89530
88807 88807
86994 86994
87722 87722
85787 85787
85911 85911
84910 84910
87084 87084
85384 85384
83180 83180
83555 83555
86886 86886
88596 88596
89616 89616
91432 91432
88070 88070
88237 88237
83921 83921
87101 87101
87129 87129
88144 88144
86721 86721
89594 89594
89643 89643
86163 86163
92571 92571
94052 94052
90494 90494
88157 88157
91040 91040
89297 89297
84903 84903
83682 83682
84457 84457
83063 83063
81803 81803
83183 83183
82555 82555
81324 81324
84263 84263
81259 81259
80477 80477
79875 79875
82553 82553
82407 82407
84764 84764
85837 85837
87247 87247
88434 88434
85749 85749
86956 86956
88132 88132
84848 84848
82827 82827
83350 83350
87927 87927
85231 85231
83995 83995
84912 84912
82637 82637
85137 85137
83401 83401
84318 84318
84274 84274
81306 81306
85112 85112
87207 87207
92818 92818
93486 93486
94198 94198
89794 89794
88043 88043
88621 88621
86810 86810
83705 83705
85706 85706
82422 82422
83638 83638
86439 86439
86775 86775
87087 87087
88161 88161
85817 85817
82958 82958
83007 83007
83464 83464
81632 81632
84063 84063
86062 86062
88736 88736
85939 85939
85618 85618
87839 87839
90595 90595
93148 93148
89312 89312
87184 87184
85712 85712
85989 85989
89432 89432
89336 89336
90252 90252
87726 87726
88792 88792
86532 86532
87006 87006
88394 88394
90397 90397
92086 92086
90801 90801
82626 82626
83029 83029
79688 79688
79257 79257
82956 82956
84767 84767
83107 83107
85231 85231
84920 84920
79563 79563
80648 80648
86052 86052
86083 86083
87920 87920
88159 88159
85399 85399
85587 85587
88286 88286
88248 88248
89544 89544
91239 91239
88845 88845
86833 86833
86475 86475
87011 87011
83786 83786
78626 78626
81669 81669
83406 83406
83621 83621
85655 85655
83977 83977
83593 83593
84645 84645
79501 79501
82407 82407
81613 81613
79860 79860
81415 81415
83060 83060
85643 85643
86467 86467
88243 88243
85747 85747
81548 81548
86843 86843
85588 85588
82462 82462
84807 84807
82368 82368
83958 83958
85736 85736
88672 88672
85116 85116
83514 83514
82406 82406
83817 83817
84549 84549
83263 83263
84147 84147
85686 85686
79702 79702
78133 78133
79901 79901
85513 85513
87153 87153
88596 88596
88713 88713
84508 84508
86632 86632
85678 85678
82938 82938
85573 85573
83725 83725
84592 84592
88840 88840
86916 86916
84020 84020
82142 82142
79648 79648
83142 83142
83389 83389
80449 80449
79977 79977
82441 82441
82623 82623
83875 83875
85730 85730
85555 85555
87099 87099
88493 88493
88968 88968
90129 90129
90312 90312
87576 87576
90601 90601
87386 87386
89489 89489
89401 89401
91424 91424
86129 86129
84222 84222
86140 86140
84856 84856
85647 85647
84448 84448
86294 86294
85444 85444
86558 86558
84217 84217
79676 79676
80503 80503
80386 80386
81873 81873
81045 81045
79702 79702
84137 84137
84254 84254
86387 86387
84498 84498
83171 83171
83180 83180
82980 82980
83490 83490
84014 84014
84341 84341
87152 87152
89764 89764
89482 89482
89643 89643
88108 88108
90616 90616
88419 88419
89347 89347
83871 83871
79621 79621
82528 82528
87745 87745
87591 87591
84730 84730
83057 83057
82123 82123
80376 80376
78957 78957
80426 80426
80937 80937
78097 78097
79248 79248
78136 78136
79081 79081
77596 77596
79771 79771
79335 79335
79326 79326
83774 83774
84617 84617
84574 84574
81666 81666
81834 81834
86169 86169
86524 86524
91414 91414
90077 90077
93197 93197
94460 94460
93874 93874
93002 93002
86987 86987
89519 89519
87436 87436
89498 89498
86076 86076
89592 89592
86959 86959
85302 85302
85264 85264
84596 84596
84904 84904
88172 88172
83312 83312
83324 83324
82311 82311
79782 79782
81654 81654
83223 83223
83437 83437
82003 82003
81129 81129
85036 85036
84409 84409
85964 85964
83984 83984
83738 83738
85105 85105
88332 88332
83383 83383
80165 80165
83528 83528
83961 83961
86666 86666
88825 88825
92030 92030
92966 92966
94090 94090
92569 92569
90373 90373
86433 86433
88852 88852
92159 92159
89398 89398
87408 87408
88130 88130
89282 89282
91322 91322
88324 88324
89879 89879
92167 92167
93460 93460
87975 87975
87943 87943
87151 87151
86465 86465
87330 87330
83164 83164
82956 82956
81423 81423
82287 82287
86015 86015
86986 86986
86478 86478
81944 81944
79794 79794
82127 82127
83993 83993
86484 86484
85047 85047
86199 86199
83389 83389
82272 82272
86249 86249
86330 86330
86934 86934
87716 87716
90758 90758
91362 91362
88165 88165
87019 87019
89902 89902
91320 91320
91125 91125
90793 90793
90376 90376
89144 89144
86937 86937
85168 85168
84456 84456
81820 81820
79877 79877
78504 78504
79480 79480
78504 78504
80932 80932
78804 78804
75504 75504
77239 77239
79844 79844
82518 82518
81726 81726
81610 81610
83139 83139
79945 79945
84014 84014
86808 86808
89965 89965
83107 83107
86397 86397
81020 81020
79137 79137
76963 76963
82733 82733
86687 86687
82560 82560
83076 83076
85407 85407
85317 85317
84498 84498
83439 83439
88944 88944
86721 86721
84898 84898
88712 88712
88832 88832
87624 87624
87812 87812
90467 90467
90936 90936
89664 89664
91986 91986
91372 91372
90417 90417
90594 90594
89938 89938
84626 84626
84485 84485
83872 83872
84500 84500
87405 87405
85115 85115
84214 84214
83321 83321
84697 84697
85455 85455
85615 85615
84510 84510
81746 81746
84197 84197
83908 83908
82166 82166
86120 86120
87011 87011
86636 86636
86154 86154
78591 78591
78417 78417
83561 83561
81306 81306
82901 82901
86076 86076
89441 89441
90733 90733
90892 90892
89174 89174
92156 92156
91507 91507
89968 89968
89359 89359
87696 87696
88473 88473
88304 88304
85449 85449
88510 88510
86404 86404
87665 87665
87158 87158
87412 87412
87372 87372
83272 83272
84062 84062
86699 86699
87646 87646
84446 84446
84414 84414
80579 80579
79247 79247
79719 79719
85281 85281
82954 82954
87454 87454
85430 85430
90497 90497
90834 90834
88543 88543
90983 90983
88694 88694
90459 90459
90153 90153
92684 92684
93445 93445
91017 91017
92994 92994
90348 90348
89603 89603
89817 89817
88753 88753
90548 90548
92381 92381
90251 90251
87365 87365
89892 89892
91605 91605
91675 91675
88923 88923
90404 90404
87335 87335
92606 92606
89935 89935
89177 89177
93832 93832
94940 94940
89829 89829
88507 88507
86270 86270
85328 85328
85343 85343
84665 84665
81423 81423
78023 78023
79582 79582
82735 82735
83932 83932
88436 88436
83750 83750
85081 85081
85226 85226
84970 84970
82470 82470
88276 88276
89824 89824
88047 88047
85896 85896
87573 87573
85737 85737
84459 84459
82804 82804
82717 82717
87181 87181
86938 86938
88096 88096
84741 84741
82475 82475
83451 83451
83704 83704
84926 84926
85916 85916
89890 89890
90264 90264
88912 88912
88949 88949
87509 87509
85410 85410
85047 85047
86516 86516
89518 89518
89909 89909
91306 91306
94466 94466
89290 89290
91095 91095
90967 90967
91772 91772
90279 90279
93095 93095
91913 91913
91354 91354
89929 89929
89244 89244
89527 89527
89660 89660
86291 86291
87940 87940
88361 88361
87003 87003
86038 86038
85510 85510
82706 82706
80186 80186
78323 78323
79961 79961
81759 81759
82846 82846
83321 83321
86577 86577
87238 87238
83484 83484
79603 79603
84669 84669
86247 86247
86946 86946
86783 86783
86940 86940
89774 89774
86683 86683
90199 90199
87928 87928
85026 85026
88358 88358
86469 86469
86165 86165
86854 86854
86681 86681
87133 87133
86987 86987
88701 88701
87501 87501
89768 89768
89169 89169
88502 88502
87667 87667
87721 87721
89331 89331
89711 89711
88783 88783
87925 87925
87337 87337
87492 87492
90735 90735
91875 91875
92100 92100
94375 94375
90822 90822
87723 87723
85800 85800
82915 82915
83705 83705
84060 84060
88924 88924
88313 88313
89713 89713
90442 90442
90434 90434
87691 87691
90617 90617
90025 90025
88766 88766
86114 86114
85014 85014
86046 86046
84323 84323
84978 84978
85167 85167
85730 85730
87908 87908
87920 87920
88874 88874
89159 89159
86086 86086
86784 86784
85159 85159
89132 89132
89761 89761
90727 90727
91120 91120
91810 91810
90751 90751
91448 91448
91753 91753
92270 92270
89475 89475
86242 86242
87452 87452
86933 86933
85239 85239
85010 85010
86403 86403
88589 88589
92648 92648
90526 90526
88029 88029
87658 87658
87149 87149
83797 83797
83743 83743
82695 82695
84648 84648
82336 82336
81342 81342
79156 79156
81401 81401
80759 80759
84047 84047
82691 82691
84442 84442
86915 86915
87041 87041
87759 87759
84724 84724
87403 87403
89285 89285
87546 87546
86630 86630
88786 88786
87668 87668
90943 90943
91256 91256
93650 93650
93432 93432
93683 93683
93243 93243
92802 92802
92637 92637
89973 89973
88385 88385
89787 89787
95501 95501
91214 91214
90119 90119
90766 90766
84668 84668
83751 83751
84778 84778
87365 87365
89515 89515
87789 87789
92384 92384
91280 91280
88532 88532
87430 87430
88697 88697
85447 85447
81712 81712
82693 82693
83607 83607
80377 80377
82136 82136
82068 82068
76596 76596
76905 76905
79196 79196
79219 79219
82166 82166
85430 85430
88420 88420
87496 87496
85900 85900
83533 83533
85300 85300
83992 83992
89961 89961
87256 87256
86827 86827
89184 89184
86685 86685
87186 87186
88120 88120
86870 86870
82776 82776
89422 89422
92041 92041
89091 89091
87728 87728
85028 85028
87151 87151
86316 86316
84816 84816
84977 84977
83652 83652
83572 83572
86372 86372
84163 84163
83672 83672
82121 82121
80658 80658
80987 80987
86307 86307
87534 87534
84600 84600
85854 85854
89212 89212
88073 88073
88996 88996
89748 89748
89578 89578
91607 91607
87295 87295
88211 88211
86356 86356
82887 82887
85439 85439
84137 84137
87226 87226
86722 86722
82013 82013
85886 85886
87162 87162
88825 88825
89043 89043
90165 90165
88826 88826
87556 87556
86897 86897
85445 85445
91223 91223
88238 88238
89106 89106
87847 87847
85639 85639
89902 89902
84827 84827
84972 84972
81563 81563
84311 84311
83985 83985
79622 79622
83574 83574
86120 86120
88063 88063
90097 90097
89275 89275
85046 85046
85063 85063
85518 85518
87361 87361
88410 88410
85121 85121
81496 81496
84466 84466
85717 85717
83535 83535
84028 84028
82041 82041
83787 83787
84325 84325
82796 82796
84556 84556
85418 85418
83183 83183
79293 79293
85060 85060
82608 82608
80543 80543
78487 78487
82144 82144
82962 82962
84404 84404
85191 85191
87268 87268
85483 85483
82754 82754
81565 81565
80573 80573
83647 83647
83534 83534
86151 86151
85219 85219
83063 83063
85922 85922
85705 85705
83956 83956
83382 83382
81988 81988
81250 81250
79426 79426
81252 81252
76928 76928
79322 79322
84010 84010
85508 85508
83908 83908
85837 85837
87355 87355
85639 85639
84125 84125
85814 85814
90230 90230
90627 90627
90798 90798
90099 90099
89327 89327
91307 91307
89351 89351
85964 85964
85645 85645
84717 84717
85160 85160
89459 89459
84944 84944
84912 84912
82362 82362
83544 83544
85139 85139
83166 83166
84821 84821
86523 86523
86211 86211
87634 87634
83603 83603
83421 83421
85365 85365
86444 86444
86899 86899
83984 83984
84437 84437
85844 85844
87401 87401
91338 91338
94327 94327
92764 92764
93186 93186
89714 89714
87283 87283
82071 82071
82246 82246
84442 84442
85263 85263
84866 84866
84881 84881
82871 82871
87814 87814
89404 89404
90822 90822
88278 88278
85061 85061
87430 87430
86749 86749
92209 92209
93829 93829
92193 92193
92029 92029
87202 87202
83885 83885
86544 86544
89260 89260
85210 85210
82478 82478
82119 82119
84083 84083
83722 83722
83160 83160
82906 82906
82146 82146
85537 85537
84484 84484
86846 86846
87337 87337
87413 87413
87659 87659
90346 90346
90179 90179
87726 87726
83524 83524
85569 85569
86979 86979
86209 86209
85239 85239
81140 81140
81037 81037
81826 81826
79895 79895
81061 81061
83072 83072
82666 82666
87167 87167
91598 91598
88653 88653
92093 92093
89273 89273
92799 92799
94681 94681
93220 93220
90083 90083
95567 95567
95180 95180
91810 91810
90014 90014
90911 90911
97722 97722
94124 94124
91948 91948
94808 94808
93189 93189
91659 91659
89799 89799
85498 85498
84278 84278
83985 83985
83882 83882
83350 83350
84685 84685
83128 83128
85229 85229
83451 83451
85841 85841
89468 89468
88384 88384
89744 89744
85440 85440
86964 86964
91715 91715
84255 84255
88644 88644
88902 88902
91264 91264
86905 86905
85252 85252
90173 90173
90135 90135
91418 91418
92454 92454
90466 90466
89309 89309
86440 86440
83836 83836
83666 83666
84724 84724
85801 85801
82497 82497
79586 79586
80945 80945
82419 82419
81744 81744
84378 84378
85163 85163
83105 83105
80977 80977
83039 83039
83857 83857
84075 84075
88486 88486
89288 89288
92585 92585
92935 92935
94199 94199
93832 93832
93066 93066
95090 95090
90760 90760
90143 90143
86000 86000
88173 88173
88143 88143
87432 87432
87280 87280
84572 84572
89072 89072
88996 88996
86147 86147
87291 87291
87917 87917
89372 89372
88215 88215
82952 82952
80714 80714
84138 84138
86571 86571
88275 88275
87046 87046
84388 84388
81185 81185
80660 80660
80545 80545
80625 80625
82625 82625
83328 83328
79773 79773
83229 83229
82291 82291
82824 82824
79946 79946
83376 83376
85211 85211
83748 83748
84919 84919
89406 89406
89483 89483
93713 93713
89388 89388
86079 86079
87461 87461
85321 85321
79858 79858
85597 85597
88652 88652
87901 87901
85618 85618
82158 82158
86799 86799
85214 85214
82812 82812
83432 83432
86540 86540
88755 88755
89299 89299
90319 90319
89236 89236
89359 89359
91807 91807
92774 92774
92613 92613
90031 90031
89811 89811
86807 86807
84007 84007
83913 83913
84262 84262
85234 85234
85119 85119
82520 82520
81259 81259
81258 81258
80271 80271
84252 84252
86230 86230
84231 84231
85325 85325
84929 84929
83083 83083
82698 82698
86450 86450
88648 88648
89652 89652
92101 92101
92340 92340
91095 91095
89608 89608
89479 89479
87907 87907
86500 86500
88029 88029
84951 84951
83782 83782
81863 81863
80593 80593
81495 81495
80288 80288
81558 81558
82078 82078
80647 80647
81420 81420
80602 80602
82381 82381
82131 82131
81475 81475
82852 82852
84145 84145
84822 84822
86350 86350
88367 88367
88416 88416
88676 88676
83670 83670
85922 85922
90263 90263
87183 87183
84147 84147
83895 83895
86248 86248
87517 87517
88780 88780
88106 88106
85111 85111
87393 87393
88671 88671
88762 88762
93543 93543
92581 92581
89018 89018
91260 91260
89346 89346
90342 90342
90404 90404
87803 87803
89389 89389
86361 86361
86860 86860
86783 86783
87510 87510
87496 87496
86072 86072
85125 85125
80503 80503
84458 84458
88801 88801
88346 88346
85527 85527
84701 84701
81930 81930
80028 80028
80199 80199
80815 80815
82299 82299
80909 80909
80286 80286
82401 82401
84950 84950
86604 86604
87420 87420
87328 87328
83884 83884
85920 85920
86344 86344
89436 89436
86188 86188
85286 85286
86733 86733
88450 88450
83979 83979
83424 83424
89162 89162
87902 87902
90583 90583
85474 85474
84882 84882
87198 87198
87582 87582
85461 85461
85019 85019
84051 84051
85109 85109
84182 84182
81935 81935
87042 87042
85319 85319
86057 86057
87326 87326
83259 83259
83834 83834
83403 83403
83230 83230
82392 82392
85138 85138
86111 86111
85548 85548
88640 88640
88796 88796
87722 87722
88729 88729
88147 88147
87345 87345
87688 87688
86306 86306
82545 82545
86451 86451
84617 84617
89736 89736
88605 88605
85586 85586
85606 85606
86653 86653
89015 89015
91934 91934
90551 90551
88812 88812
85544 85544
90108 90108
88453 88453
90127 90127
88607 88607
89743 89743
91271 91271
93121 93121
93414 93414
94330 94330
92392 92392
93442 93442
95690 95690
92334 92334
91577 91577
87381 87381
85230 85230
83610 83610
80732 80732
83690 83690
87904 87904
88729 88729
87300 87300
88789 88789
92626 92626
91759 91759
90744 90744
91365 91365
91106 91106
89910 89910
89420 89420
89401 89401
88602 88602
88213 88213
94152 94152
91631 91631
92138 92138
94204 94204
93572 93572
90908 90908
91302 91302
91284 91284
90753 90753
90961 90961
92689 92689
93507 93507
90760 90760
87317 87317
85031 85031
85347 85347
89844 89844
93644 93644
93852 93852
93594 93594
92475 92475
93463 93463
92748 92748
87008 87008
89494 89494
87048 87048
86288 86288
86608 86608
90843 90843
91963 91963
91361 91361
91606 91606
90467 90467
88949 88949
88899 88899
92252 92252
91385 91385
91126 91126
88140 88140
85997 85997
91812 91812
89313 89313
86388 86388
90848 90848
90014 90014
89442 89442
88000 88000
86336 86336
90693 90693
88689 88689
88250 88250
87114 87114
83218 83218
83360 83360
81158 81158
78925 78925
80520 80520
84868 84868
87520 87520
87965 87965
88692 88692
91255 91255
90787 90787
89727 89727
86717 86717
84383 84383
85257 85257
84086 84086
80910 80910
79161 79161
81506 81506
83043 83043
76307 76307
78815 78815
83930 83930
85558 85558
85602 85602
83441 83441
86352 86352
83030 83030
81903 81903
83703 83703
86278 86278
85882 85882
88694 88694
86799 86799
87713 87713
86949 86949
87769 87769
87679 87679
84477 84477
86639 86639
90013 90013
88159 88159
86663 86663
86562 86562
86457 86457
87793 87793
88829 88829
86216 86216
88407 88407
86562 86562
83414 83414
86025 86025
90392 90392
88457 88457
93727 93727
93756 93756
90915 90915
88917 88917
91274 91274
89125 89125
90209 90209
90616 90616
89454 89454
90257 90257
88147 88147
88095 88095
87572 87572
86193 86193
88990 88990
87915 87915
87872 87872
84811 84811
85137 85137
84030 84030
85391 85391
89102 89102
87989 87989
84091 84091
87052 87052
88554 88554
88888 88888
90280 90280
90513 90513
91459 91459
89396 89396
89441 89441
90173 90173
88378 88378
89700 89700
90159 90159
89933 89933
91771 91771
91130 91130
88731 88731
83593 83593
82805 82805
85484 85484
83065 83065
84260 84260
89103 89103
92786 92786
92729 92729
94090 94090
92700 92700
88165 88165
89070 89070
93804 93804
92324 92324
93347 93347
87962 87962
87738 87738
89153 89153
85111 85111
81205 81205
82206 82206
82713 82713
88244 88244
86981 86981
84726 84726
86287 86287
87894 87894
86621 86621
86646 86646
88072 88072
86777 86777
84462 84462
81817 81817
82837 82837
84176 84176
86015 86015
88080 88080
88722 88722
88243 88243
87596 87596
88051 88051
91940 91940
93653 93653
89219 89219
88389 88389
85158 85158
89090 89090
85808 85808
88441 88441
86973 86973
86204 86204
83661 83661
82185 82185
82430 82430
81260 81260
83305 83305
81774 81774
82291 82291
85711 85711
88381 88381
89051 89051
86805 86805
90600 90600
89613 89613
86540 86540
84418 84418
86896 86896
88272 88272
89848 89848
87737 87737
89173 89173
88729 88729
87977 87977
84019 84019
83704 83704
79723 79723
78956 78956
81011 81011
83691 83691
87584 87584
80593 80593
79498 79498
78893 78893
77441 77441
74952 74952
81301 81301
83152 83152
84061 84061
84105 84105
85596 85596
85724 85724
85411 85411
81717 81717
83643 83643
81932 81932
86950 86950
89633 89633
90121 90121
89282 89282
86515 86515
84592 84592
83371 83371
87922 87922
90086 90086
90929 90929
88123 88123
88433 88433
86476 86476
84906 84906
86167 86167
86613 86613
83764 83764
85800 85800
87897 87897
85481 85481
86243 86243
87998 87998
86836 86836
85975 85975
81137 81137
80004 80004
78727 78727
83223 83223
83272 83272
84119 84119
83398 83398
85381 85381
80559 80559
82215 82215
82265 82265
85112 85112
85051 85051
86994 86994
84986 84986
82015 82015
86842 86842
86640 86640
89282 89282
91109 91109
89871 89871
91063 91063
91535 91535
89112 89112
92059 92059
91019 91019
91425 91425
90559 90559
88540 88540
87381 87381
82123 82123
81296 81296
81579 81579
81779 81779
79462 79462
79426 79426
79390 79390
79353 79353
77227 77227
79930 79930
82034 82034
84447 84447
85810 85810
82542 82542
81168 81168
84961 84961
87986 87986
84341 84341
84646 84646
86468 86468
86153 86153
85891 85891
88601 88601
86841 86841
83616 83616
84757 84757
85512 85512
82952 82952
83912 83912
80876 80876
82508 82508
84964 84964
82463 82463
83511 83511
81658 81658
84666 84666
87220 87220
84791 84791
84403 84403
86005 86005
85639 85639
85863 85863
86875 86875
87799 87799
89372 89372
83845 83845
90016 90016
92075 92075
90910 90910
89825 89825
89091 89091
90803 90803
87764 87764
83612 83612
83536 83536
83039 83039
87397 87397
86183 86183
86002 86002
84025 84025
89842 89842
91192 91192
88430 88430
89264 89264
88507 88507
86260 86260
86230 86230
82896 82896
81773 81773
86631 86631
90019 90019
87069 87069
87511 87511
86393 86393
92802 92802
90538 90538
87013 87013
82516 82516
84894 84894
83662 83662
84768 84768
80141 80141
81152 81152
82506 82506
82714 82714
80591 80591
82699 82699
86041 86041
87278 87278
81018 81018
81655 81655
84445 84445
85338 85338
83628 83628
87317 87317
89411 89411
91947 91947
91392 91392
90925 90925
89954 89954
82585 82585
89384 89384
88420 88420
88069 88069
83755 83755
85758 85758
84398 84398
84762 84762
84873 84873
88036 88036
87525 87525
89178 89178
89082 89082
87510 87510
82717 82717
83955 83955
82676 82676
87112 87112
89823 89823
92138 92138
92052 92052
86653 86653
87854 87854
91317 91317
90963 90963
83760 83760
85027 85027
86714 86714
85888 85888
88272 88272
88442 88442
88496 88496
87578 87578
88759 88759
88775 88775
86525 86525
86160 86160
87819 87819
88328 88328
87265 87265
89722 89722
89845 89845
91602 91602
92313 92313
89355 89355
90555 90555
87698 87698
89071 89071
88939 88939
89606 89606
89958 89958
89297 89297
90602 90602
86769 86769
87497 87497
87521 87521
88079 88079
85554 85554
87527 87527
85272 85272
83162 83162
81236 81236
83831 83831
80674 80674
83581 83581
84365 84365
82779 82779
83133 83133
83903 83903
86206 86206
83795 83795
86072 86072
82560 82560
84205 84205
83385 83385
81654 81654
84751 84751
87691 87691
86810 86810
81723 81723
80605 80605
82452 82452
80082 80082
81865 81865
86723 86723
85556 85556
84101 84101
81199 81199
83192 83192
80508 80508
79527 79527
79547 79547
80495 80495
84367 84367
83435 83435
83975 83975
82338 82338
81668 81668
82295 82295
82314 82314
85605 85605
83340 83340
82450 82450
83222 83222
81109 81109
83651 83651
85450 85450
86567 86567
84828 84828
81102 81102
83362 83362
86340 86340
84953 84953
86916 86916
87099 87099
88414 88414
88145 88145
86711 86711
83538 83538
80951 80951
84494 84494
83540 83540
83000 83000
86144 86144
86951 86951
85441 85441
84114 84114
84051 84051
85470 85470
84857 84857
82354 82354
85139 85139
84844 84844
86074 86074
84617 84617
80945 80945
83660 83660
84675 84675
87347 87347
88717 88717
86663 86663
87678 87678
87053 87053
87738 87738
86481 86481
84823 84823
84737 84737
85733 85733
81331 81331
86231 86231
88795 88795
86521 86521
83605 83605
83413 83413
85376 85376
80311 80311
81090 81090
82722 82722
82649 82649
82394 82394
86151 86151
87727 87727
86285 86285
84662 84662
86942 86942
89454 89454
85880 85880
86481 86481
87887 87887
85419 85419
85500 85500
84979 84979
83472 83472
81797 81797
79260 79260
75562 75562
76333 76333
79668 79668
79706 79706
82502 82502
85324 85324
84065 84065
85725 85725
81832 81832
81835 81835
83822 83822
83700 83700
82583 82583
81894 81894
83278 83278
82509 82509
81954 81954
83708 83708
83059 83059
86098 86098
84668 84668
84781 84781
83675 83675
82173 82173
81133 81133
79398 79398
80654 80654
82754 82754
85350 85350
88703 88703
89852 89852
90081 90081
87357 87357
87959 87959
91582 91582
90361 90361
89699 89699
86705 86705
87681 87681
86314 86314
81722 81722
84071 84071
84897 84897
87372 87372
84274 84274
88377 88377
88862 88862
88115 88115
87356 87356
86551 86551
87493 87493
79599 79599
79655 79655
80932 80932
83172 83172
81687 81687
82652 82652
83138 83138
86683 86683
87618 87618
87925 87925
88684 88684
92535 92535
95642 95642
93905 93905
94514 94514
89094 89094
94111 94111
92891 92891
91414 91414
87870 87870
85129 85129
87184 87184
89977 89977
90296 90296
91524 91524
88994 88994
89933 89933
86324 86324
85961 85961
88068 88068
88821 88821
87127 87127
90588 90588
88379 88379
91126 91126
87975 87975
85161 85161
80447 80447
83001 83001
84131 84131
85864 85864
88257 88257
87218 87218
87594 87594
87950 87950
85217 85217
83864 83864
81363 81363
82492 82492
85108 85108
88762 88762
90596 90596
90196 90196
86608 86608
88715 88715
86785 86785
86328 86328
83177 83177
84211 84211
82614 82614
84700 84700
86636 86636
84286 84286
81190 81190
81031 81031
80724 80724
77291 77291
80317 80317
82215 82215
86140 86140
84396 84396
85925 85925
83578 83578
83178 83178
84349 84349
87792 87792
88582 88582
88545 88545
92437 92437
93735 93735
88674 88674
85697 85697
86991 86991
91438 91438
90903 90903
92866 92866
91167 91167
90423 90423
89652 89652
88521 88521
89878 89878
90315 90315
91509 91509
90860 90860
92883 92883
90359 90359
91196 91196
90208 90208
92526 92526
91336 91336
87243 87243
87777 87777
87791 87791
88291 88291
86882 86882
85334 85334
86175 86175
91971 91971
91069 91069
90165 90165
87431 87431
87004 87004
87634 87634
85025 85025
84057 84057
83511 83511
83452 83452
82646 82646
83876 83876
84065 84065
85342 85342
81004 81004
81734 81734
76184 76184
77755 77755
74544 74544
79021 79021
82168 82168
82285 82285
88102 88102
86447 86447
84305 84305
84702 84702
86672 86672
88733 88733
87602 87602
81475 81475
86513 86513
89609 89609
88692 88692
84890 84890
85550 85550
86582 86582
85304 85304
84850 84850
82755 82755
88483 88483
87404 87404
89582 89582
84430 84430
83078 83078
84371 84371
89091 89091
90753 90753
90596 90596
89603 89603
80453 80453
79907 79907
81340 81340
85128 85128
86104 86104
88544 88544
86996 86996
87900 87900
89305 89305
87926 87926
87714 87714
87940 87940
86691 86691
89885 89885
90490 90490
90031 90031
92058 92058
92561 92561
90238 90238
88911 88911
86628 86628
82843 82843
85128 85128
85964 85964
81693 81693
84018 84018
82785 82785
85984 85984
87733 87733
84819 84819
85301 85301
83800 83800
86550 86550
84917 84917
84922 84922
86593 86593
86289 86289
85927 85927
88486 88486
87136 87136
85081 85081
88162 88162
88360 88360
87214 87214
85715 85715
88237 88237
90787 90787
92540 92540
90876 90876
90495 90495
92275 92275
90193 90193
83320 83320
84903 84903
84331 84331
83954 83954
84705 84705
85523 85523
84706 84706
87773 87773
89136 89136
88558 88558
87651 87651
85485 85485
84179 84179
84872 84872
86094 86094
87902 87902
87096 87096
83731 83731
83508 83508
87727 87727
89725 89725
89437 89437
86810 86810
83854 83854
88210 88210
83535 83535
88157 88157
86571 86571
87995 87995
91974 91974
93268 93268
91002 91002
88107 88107
84721 84721
88855 88855
89017 89017
88037 88037
83141 83141
85708 85708
85316 85316
88680 88680
88251 88251
87704 87704
87590 87590
86104 86104
86189 86189
85467 85467
87948 87948
89421 89421
88497 88497
86160 86160
87473 87473
83627 83627
82376 82376
79497 79497
80820 80820
81289 81289
81562 81562
82476 82476
84128 84128
85777 85777
86059 86059
84747 84747
82971 82971
81030 81030
84359 84359
79260 79260
78573 78573
80082 80082
79181 79181
82216 82216
84363 84363
83714 83714
82515 82515
83340 83340
84808 84808
83784 83784
85623 85623
80230 80230
81119 81119
82968 82968
83008 83008
80840 80840
82500 82500
81876 81876
82213 82213
77662 77662
82370 82370
84623 84623
84901 84901
84353 84353
82722 82722
85185 85185
87465 87465
89317 89317
89806 89806
85283 85283
85099 85099
81718 81718
90367 90367
83941 83941
85208 85208
85486 85486
80018 80018
84925 84925
83409 83409
80228 80228
77216 77216
80819 80819
79944 79944
76978 76978
77264 77264
76552 76552
79729 79729
82150 82150
83913 83913
83392 83392
84098 84098
83209 83209
85421 85421
84846 84846
87818 87818
86477 86477
86975 86975
89068 89068
88977 88977
89156 89156
88250 88250
86962 86962
90388 90388
89182 89182
89045 89045
87704 87704
85506 85506
87091 87091
83475 83475
83282 83282
83208 83208
82301 82301
88156 88156
88527 88527
82170 82170
85448 85448
87842 87842
90458 90458
89977 89977
93333 93333
92424 92424
90648 90648
87792 87792
85998 85998
86144 86144
86816 86816
90552 90552
89532 89532
91159 91159
90515 90515
90111 90111
88671 88671
89716 89716
90628 90628
89495 89495
88541 88541
84609 84609
84895 84895
85708 85708
87234 87234
85529 85529
79853 79853
78816 78816
78884 78884
83773 83773
87266 87266
89959 89959
87691 87691
86813 86813
87054 87054
85936 85936
84439 84439
87731 87731
88545 88545
89059 89059
87309 87309
87116 87116
90195 90195
86880 86880
87237 87237
85215 85215
86143 86143
84911 84911
86265 86265
87504 87504
88718 88718
91184 91184
89854 89854
87332 87332
87418 87418
84284 84284
86849 86849
85207 85207
86933 86933
86846 86846
87933 87933
90555 90555
84507 84507
81668 81668
83745 83745
82170 82170
85925 85925
84987 84987
86613 86613
85982 85982
84659 84659
84016 84016
83793 83793
83620 83620
84377 84377
82123 82123
80316 80316
80838 80838
83881 83881
82561 82561
86666 86666
87446 87446
85403 85403
82908 82908
84494 84494
82745 82745
81421 81421
83039 83039
81675 81675
82131 82131
84470 84470
87822 87822
86783 86783
87942 87942
89749 89749
90690 90690
90613 90613
88796 88796
86830 86830
87449 87449
89110 89110
90255 90255
85098 85098
86295 86295
87412 87412
87737 87737
85886 85886
89195 89195
90461 90461
91806 91806
89994 89994
86474 86474
86924 86924
88934 88934
88058 88058
87364 87364
85820 85820
84285 84285
81736 81736
80900 80900
84288 84288
85656 85656
85532 85532
88000 88000
88101 88101
86828 86828
87550 87550
87889 87889
92042 92042
90180 90180
88661 88661
86239 86239
88145 88145
85768 85768
84903 84903
88955 88955
86647 86647
85319 85319
87109 87109
86743 86743
86257 86257
83335 83335
89032 89032
86519 86519
87640 87640
88950 88950
90947 90947
91392 91392
89744 89744
89457 89457
86820 86820
83745 83745
80841 80841
82773 82773
84971 84971
81500 81500
83124 83124
84677 84677
84759 84759
84273 84273
83113 83113
87012 87012
86349 86349
83204 83204
87306 87306
87687 87687
89913 89913
90776 90776
90654 90654
92032 92032
88284 88284
90341 90341
87575 87575
83469 83469
82295 82295
77806 77806
81172 81172
84072 84072
83103 83103
83049 83049
81328 81328
80766 80766
80740 80740
82553 82553
83016 83016
85346 85346
84066 84066
84283 84283
86660 86660
83395 83395
81875 81875
84666 84666
86732 86732
92416 92416
92607 92607
95177 95177
94455 94455
94323 94323
89898 89898
88617 88617
89908 89908
89414 89414
87773 87773
91091 91091
92245 92245
89884 89884
88139 88139
89945 89945
89531 89531
88332 88332
89505 89505
86395 86395
83129 83129
84723 84723
86073 86073
87101 87101
86640 86640
86147 86147
89414 89414
88205 88205
88544 88544
85992 85992
85460 85460
89477 89477
83720 83720
82305 82305
82009 82009
83197 83197
84410 84410
86170 86170
86209 86209
85390 85390
85808 85808
84137 84137
81716 81716
84098 84098
85801 85801
87209 87209
85405 85405
82722 82722
85808 85808
85561 85561
85962 85962
85708 85708
84016 84016
81105 81105
79587 79587
77663 77663
81609 81609
76338 76338
82012 82012
81509 81509
77828 77828
79944 79944
81030 81030
78354 78354
81513 81513
74384 74384
77111 77111
81546 81546
80722 80722
79795 79795
75608 75608
75643 75643
77512 77512
82222 82222
85901 85901
89740 89740
89027 89027
87659 87659
90099 90099
87204 87204
87416 87416
89886 89886
86351 86351
89342 89342
88085 88085
88516 88516
84621 84621
89391 89391
85422 85422
85943 85943
90859 90859
92436 92436
90684 90684
86494 86494
86794 86794
86118 86118
86186 86186
89289 89289
90790 90790
90370 90370
92713 92713
90264 90264
89800 89800
92985 92985
90783 90783
91205 91205
90016 90016
87868 87868
86545 86545
85674 85674
87891 87891
90492 90492
87705 87705
89928 89928
89473 89473
84844 84844
89902 89902
93580 93580
90418 90418
86767 86767
90611 90611
88534 88534
85970 85970
88747 88747
87935 87935
89734 89734
87873 87873
86318 86318
86586 86586
83389 83389
82468 82468
85368 85368
85791 85791
83949 83949
85801 85801
88216 88216
85377 85377
87651 87651
87510 87510
83778 83778
88273 88273
88520 88520
90353 90353
91372 91372
88158 88158
89144 89144
89752 89752
86216 86216
85722 85722
87095 87095
84842 84842
82545 82545
83073 83073
83086 83086
82754 82754
83397 83397
84441 84441
85819 85819
90643 90643
92664 92664
92788 92788
91503 91503
88894 88894
86696 86696
89472 89472
86417 86417
86858 86858
85539 85539
85498 85498
88325 88325
83061 83061
84049 84049
85256 85256
89135 89135
86805 86805
86572 86572
86061 86061
88639 88639
83978 83978
83874 83874
82881 82881
86197 86197
85828 85828
84032 84032
80936 80936
84579 84579
83936 83936
81448 81448
78084 78084
83437 83437
81930 81930
84304 84304
86857 86857
88683 88683
89541 89541
91571 91571
91091 91091
89777 89777
87242 87242
92230 92230
92695 92695
91716 91716
90997 90997
89229 89229
95420 95420
94959 94959
90017 90017
85550 85550
85810 85810
90156 90156
91882 91882
89812 89812
86123 86123
83925 83925
83864 83864
83904 83904
82795 82795
90206 90206
89594 89594
90028 90028
88543 88543
87838 87838
87030 87030
85090 85090
84571 84571
82694 82694
83637 83637
86351 86351
89029 89029
90965 90965
89719 89719
86527 86527
84594 84594
83153 83153
83126 83126
86444 86444
82659 82659
86048 86048
90075 90075
88957 88957
86977 86977
85602 85602
85989 85989
85896 85896
84773 84773
87295 87295
84240 84240
87806 87806
87308 87308
87035 87035
88935 88935
88094 88094
86659 86659
89812 89812
91193 91193
91781 91781
88139 88139
86363 86363
85704 85704
86474 86474
86560 86560
90069 90069
85366 85366
84023 84023
84096 84096
82270 82270
83765 83765
85046 85046
86833 86833
87718 87718
89579 89579
88286 88286
86347 86347
82304 82304
81486 81486
83790 83790
84963 84963
84766 84766
88677 88677
89512 89512
88072 88072
86484 86484
87597 87597
83583 83583
82978 82978
80716 80716
79555 79555
83415 83415
82115 82115
85488 85488
82582 82582
81340 81340
80201 80201
83194 83194
85561 85561
81729 81729
83613 83613
83231 83231
84458 84458
86939 86939
87630 87630
88963 88963
91806 91806
91699 91699
89438 89438
90801 90801
90697 90697
88142 88142
87471 87471
89081 89081
88605 88605
92096 92096
93396 93396
93400 93400
90974 90974
84616 84616
82646 82646
85453 85453
83767 83767
82924 82924
83904 83904
85804 85804
87574 87574
84522 84522
85346 85346
86716 86716
85388 85388
88867 88867
88087 88087
89137 89137
88925 88925
87434 87434
89836 89836
87654 87654
87032 87032
85748 85748
83747 83747
83677 83677
85123 85123
87486 87486
85343 85343
88800 88800
83921 83921
85607 85607
88190 88190
88611 88611
92458 92458
91282 91282
89071 89071
89380 89380
87078 87078
89195 89195
89377 89377
90921 90921
86460 86460
83648 83648
88815 88815
86617 86617
87377 87377
86414 86414
87107 87107
86502 86502
86029 86029
87972 87972
87564 87564
90934 90934
90939 90939
91823 91823
91380 91380
87842 87842
83915 83915
84273 84273
80031 80031
81613 81613
83083 83083
88681 88681
91508 91508
90284 90284
89835 89835
88208 88208
85717 85717
84895 84895
83994 83994
85117 85117
86073 86073
87341 87341
87272 87272
85345 85345
80515 80515
83858 83858
83579 83579
81076 81076
81347 81347
80471 80471
82776 82776
82876 82876
84106 84106
86075 86075
87792 87792
85197 85197
88539 88539
88968 88968
89731 89731
89630 89630
87421 87421
89141 89141
85940 85940
85010 85010
90253 90253
86998 86998
85542 85542
84548 84548
86499 86499
87761 87761
85775 85775
88125 88125
88058 88058
86125 86125
86644 86644
85672 85672
87141 87141
84498 84498
82495 82495
79833 79833
80198 80198
80481 80481
83707 83707
84050 84050
82689 82689
79564 79564
83751 83751
83983 83983
80438 80438
84675 84675
81213 81213
79514 79514
81643 81643
85376 85376
85784 85784
85181 85181
79722 79722
82997 82997
84008 84008
82650 82650
83798 83798
83296 83296
79093 79093
81856 81856
81284 81284
84794 84794
85384 85384
81271 81271
80117 80117
78088 78088
80750 80750
81892 81892
85219 85219
85618 85618
86412 86412
86962 86962
85273 85273
83919 83919
84018 84018
83273 83273
85037 85037
87264 87264
86702 86702
88057 88057
89186 89186
90722 90722
88109 88109
88403 88403
87942 87942
89298 89298
86311 86311
87465 87465
92156 92156
93909 93909
92431 92431
90816 90816
91579 91579
91611 91611
90666 90666
90302 90302
88147 88147
83916 83916
83021 83021
84671 84671
82495 82495
86725 86725
89121 89121
87477 87477
85794 85794
86170 86170
89061 89061
86615 86615
84595 84595
82173 82173
83054 83054
82565 82565
82492 82492
79101 79101
82196 82196
86267 86267
85974 85974
87490 87490
87797 87797
89995 89995
91660 91660
90632 90632
88934 88934
85802 85802
87795 87795
88558 88558
87771 87771
86206 86206
82966 82966
84604 84604
85591 85591
86053 86053
83571 83571
84581 84581
84592 84592
82097 82097
84775 84775
79751 79751
79865 79865
83277 83277
80376 80376
78345 78345
74185 74185
78617 78617
79842 79842
79342 79342
81558 81558
81553 81553
85707 85707
84987 84987
86926 86926
87263 87263
82410 82410
86216 86216
90426 90426
90300 90300
90852 90852
92631 92631
91260 91260
86995 86995
83434 83434
83514 83514
82430 82430
85776 85776
87282 87282
89295 89295
87409 87409
87349 87349
88682 88682
90183 90183
87858 87858
89214 89214
87660 87660
89194 89194
85433 85433
83358 83358
85116 85116
83285 83285
85140 85140
86803 86803
84934 84934
87707 87707
89317 89317
89314 89314
87789 87789
86906 86906
82969 82969
83178 83178
83661 83661
83605 83605
82499 82499
82328 82328
81285 81285
84916 84916
87423 87423
89250 89250
91020 91020
90313 90313
89233 89233
85815 85815
88154 88154
89985 89985
89798 89798
88868 88868
92258 92258
96790 96790
92917 92917
92271 92271
93962 93962
91236 91236
87931 87931
87053 87053
86334 86334
85766 85766
84824 84824
83829 83829
89230 89230
90136 90136
90245 90245
87728 87728
84953 84953
88143 88143
90337 90337
90890 90890
89856 89856
88605 88605
89321 89321
90001 90001
87766 87766
89960 89960
89943 89943
87845 87845
86747 86747
85163 85163
86485 86485
84813 84813
83217 83217
78681 78681
79723 79723
83931 83931
84097 84097
86532 86532
87434 87434
85972 85972
86926 86926
87586 87586
89148 89148
89729 89729
88819 88819
85269 85269
82883 82883
79349 79349
78467 78467
80511 80511
85967 85967
88391 88391
87984 87984
86082 86082
85888 85888
86393 86393
85225 85225
85242 85242
83042 83042
79207 79207
78950 78950
79910 79910
77014 77014
77817 77817
79910 79910
86155 86155
81731 81731
82455 82455
82012 82012
77486 77486
76676 76676
82715 82715
77855 77855
82353 82353
83188 83188
82932 82932
81103 81103
82041 82041
86462 86462
86189 86189
86072 86072
84915 84915
83467 83467
84837 84837
87287 87287
86111 86111
89271 89271
88169 88169
89327 89327
88373 88373
89599 89599
90042 90042
92997 92997
90779 90779
87944 87944
91702 91702
88903 88903
87228 87228
89419 89419
86856 86856
87434 87434
86366 86366
85481 85481
85172 85172
84929 84929
83325 83325
78803 78803
80605 80605
81718 81718
80622 80622
84004 84004
84737 84737
84120 84120
85870 85870
86822 86822
90476 90476
89095 89095
91271 91271
92106 92106
97834 97834
93580 93580
91547 91547
94077 94077
91034 91034
91714 91714
89515 89515
87012 87012
89585 89585
89486 89486
92027 92027
92659 92659
90837 90837
89436 89436
90349 90349
88267 88267
91674 91674
89370 89370
87867 87867
90417 90417
90675 90675
93667 93667
91335 91335
90061 90061
85246 85246
85397 85397
87116 87116
82104 82104
83908 83908
89438 89438
86133 86133
90091 90091
89609 89609
86593 86593
82785 82785
84605 84605
87454 87454
87117 87117
89677 89677
86506 86506
89095 89095
91521 91521
89536 89536
89389 89389
92987 92987
89728 89728
91837 91837
88313 88313
83533 83533
85398 85398
87259 87259
86166 86166
85550 85550
85934 85934
84725 84725
85303 85303
87200 87200
86184 86184
87055 87055
85744 85744
88539 88539
87076 87076
87849 87849
93633 93633
92315 92315
95908 95908
94764 94764
92472 92472
92093 92093
89027 89027
86860 86860
86119 86119
81503 81503
80333 80333
78175 78175
77728 77728
84485 84485
82943 82943
83274 83274
81211 81211
81427 81427
82843 82843
85575 85575
87264 87264
89523 89523
90408 90408
88653 88653
90538 90538
92152 92152
93448 93448
92966 92966
91198 91198
95635 95635
93960 93960
89043 89043
87293 87293
84979 84979
88572 88572
87788 87788
88653 88653
91119 91119
87778 87778
87759 87759
89268 89268
85675 85675
84582 84582
86146 86146
87403 87403
85434 85434
86096 86096
84825 84825
86101 86101
86446 86446
87776 87776
89486 89486
89669 89669
88424 88424
88924 88924
88311 88311
89761 89761
88633 88633
84829 84829
86695 86695
86677 86677
87174 87174
87899 87899
89154 89154
87110 87110
88398 88398
83763 83763
86273 86273
91035 91035
89384 89384
89084 89084
87756 87756
85076 85076
84463 84463
87347 87347
90088 90088
91771 91771
87768 87768
85900 85900
89061 89061
90783 90783
89635 89635
86585 86585
84015 84015
84245 84245
86709 86709
87800 87800
88523 88523
91113 91113
89939 89939
90338 90338
89296 89296
88429 88429
90208 90208
87071 87071
83122 83122
83588 83588
83072 83072
86448 86448
87572 87572
87442 87442
88027 88027
88345 88345
86653 86653
85258 85258
86232 86232
84851 84851
83390 83390
86144 86144
84525 84525
87786 87786
84801 84801
87719 87719
86989 86989
84842 84842
88861 88861
89930 89930
90383 90383
87824 87824
84409 84409
87694 87694
84931 84931
86455 86455
84091 84091
80018 80018
86530 86530
87518 87518
88886 88886
87174 87174
85937 85937
85044 85044
85540 85540
87838 87838
85037 85037
86895 86895
87522 87522
83995 83995
83904 83904
88637 88637
88990 88990
89593 89593
90818 90818
87970 87970
86807 86807
87164 87164
87376 87376
87687 87687
88572 88572
86018 86018
85117 85117
81560 81560
79649 79649
83990 83990
85422 85422
84119 84119
83283 83283
82515 82515
82411 82411
81465 81465
81785 81785
82970 82970
86195 86195
86952 86952
83507 83507
84211 84211
84292 84292
84490 84490
83169 83169
84260 84260
83195 83195
79556 79556
84039 84039
85529 85529
89865 89865
91691 91691
91289 91289
90224 90224
93054 93054
89086 89086
91024 91024
87861 87861
87872 87872
92883 92883
90580 90580
90046 90046
92902 92902
88515 88515
87428 87428
90524 90524
90648 90648
90432 90432
88910 88910
91880 91880
87517 87517
88672 88672
90014 90014
87916 87916
88797 88797
89741 89741
88433 88433
87598 87598
83569 83569
84446 84446
87530 87530
85895 85895
85890 85890
90971 90971
87156 87156
82815 82815
81759 81759
85176 85176
84028 84028
85344 85344
85774 85774
84130 84130
86800 86800
89427 89427
86316 86316
86284 86284
86151 86151
83207 83207
88145 88145
83880 83880
88353 88353
83990 83990
85048 85048
86156 86156
86176 86176
82268 82268
83547 83547
85106 85106
90202 90202
89331 89331
90607 90607
91101 91101
90869 90869
93062 93062
94701 94701
94477 94477
94685 94685
89884 89884
90815 90815
88901 88901
90171 90171
88640 88640
87592 87592
89343 89343
90179 90179
88027 88027
89078 89078
91710 91710
87623 87623
87553 87553
84123 84123
85832 85832
85243 85243
83761 83761
83354 83354
85164 85164
84272 84272
82389 82389
84724 84724
83057 83057
82515 82515
83940 83940
83043 83043
81324 81324
84802 84802
88939 88939
89992 89992
91886 91886
85993 85993
85571 85571
86253 86253
85551 85551
85387 85387
83091 83091
83030 83030
85652 85652
87854 87854
86956 86956
88660 88660
89764 89764
89490 89490
92348 92348
88887 88887
86832 86832
83566 83566
87366 87366
89012 89012
87107 87107
87870 87870
87427 87427
87151 87151
84392 84392
83448 83448
81349 81349
84191 84191
81420 81420
81963 81963
82961 82961
80464 80464
83719 83719
84140 84140
84525 84525
83736 83736
81335 81335
80065 80065
81961 81961
83442 83442
83422 83422
85902 85902
85495 85495
87686 87686
86241 86241
83243 83243
84534 84534
82723 82723
87162 87162
87478 87478
81824 81824
82835 82835
82801 82801
86294 86294
86159 86159
86433 86433
87143 87143
87780 87780
90197 90197
88185 88185
84423 84423
85881 85881
88223 88223
83517 83517
80957 80957
78241 78241
77097 77097
75304 75304
76080 76080
78993 78993
81677 81677
84070 84070
85314 85314
87070 87070
88235 88235
87040 87040
87493 87493
86543 86543
85137 85137
84086 84086
85753 85753
83897 83897
82541 82541
79316 79316
78754 78754
78302 78302
80409 80409
83362 83362
82196 82196
84807 84807
83020 83020
81675 81675
77816 77816
74267 74267
83026 83026
82663 82663
84974 84974
87192 87192
92395 92395
91228 91228
88040 88040
85801 85801
86854 86854
88075 88075
89057 89057
88055 88055
91543 91543
89943 89943
84392 84392
84118 84118
83887 83887
85895 85895
82671 82671
85080 85080
86846 86846
87006 87006
91306 91306
91370 91370
91697 91697
92449 92449
90485 90485
86257 86257
85726 85726
86752 86752
87048 87048
84126 84126
82487 82487
84019 84019
84499 84499
86356 86356
90056 90056
87661 87661
88565 88565
89671 89671
91114 91114
92682 92682
90084 90084
90593 90593
90454 90454
92321 92321
91451 91451
90396 90396
87538 87538
84700 84700
82535 82535
85792 85792
83116 83116
82996 82996
88172 88172
91290 91290
93437 93437
84680 84680
88808 88808
90478 90478
88035 88035
82732 82732
78957 78957
78720 78720
79835 79835
80958 80958
77752 77752
78879 78879
80061 80061
81510 81510
83834 83834
83666 83666
83726 83726
85652 85652
84950 84950
84677 84677
83474 83474
86136 86136
87128 87128
88674 88674
86687 86687
86355 86355
87845 87845
88384 88384
90824 90824
88133 88133
89713 89713
87994 87994
86286 86286
88058 88058
85386 85386
86037 86037
85973 85973
88925 88925
90046 90046
84271 84271
84061 84061
84936 84936
87722 87722
89051 89051
88184 88184
86926 86926
89586 89586
88551 88551
87880 87880
90397 90397
89517 89517
82733 82733
86442 86442
83977 83977
83994 83994
83745 83745
82463 82463
81665 81665
82256 82256
85658 85658
84603 84603
88010 88010
87743 87743
87646 87646
87360 87360
89004 89004
90792 90792
92236 92236
89691 89691
88095 88095
84021 84021
81511 81511
81056 81056
83234 83234
81922 81922
83690 83690
83482 83482
84217 84217
82020 82020
84061 84061
84689 84689
86403 86403
84157 84157
83441 83441
86385 86385
87202 87202
85323 85323
86153 86153
83852 83852
87818 87818
84427 84427
82793 82793
83615 83615
87639 87639
85511 85511
86998 86998
84414 84414
84695 84695
87536 87536
87264 87264
83691 83691
84646 84646
84659 84659
86846 86846
84911 84911
82138 82138
84674 84674
81852 81852
81004 81004
85416 85416
85859 85859
87409 87409
89511 89511
90833 90833
87730 87730
91278 91278
87065 87065
86154 86154
84831 84831
87047 87047
84934 84934
82529 82529
81687 81687
82676 82676
84950 84950
87447 87447
90179 90179
90839 90839
87603 87603
84522 84522
84630 84630
85757 85757
84010 84010
83466 83466
82821 82821
83328 83328
81949 81949
81806 81806
81580 81580
86839 86839
81795 81795
81316 81316
84799 84799
84401 84401
86594 86594
88549 88549
87510 87510
83297 83297
86300 86300
89879 89879
88304 88304
86857 86857
85943 85943
83648 83648
82478 82478
86733 86733
87377 87377
86269 86269
88023 88023
89836 89836
90206 90206
88705 88705
88635 88635
90974 90974
88166 88166
86967 86967
87583 87583
85452 85452
86492 86492
87869 87869
88937 88937
87802 87802
91210 91210
92177 92177
94044 94044
93709 93709
90770 90770
88179 88179
89792 89792
90797 90797
91269 91269
89683 89683
92394 92394
92504 92504
87592 87592
91014 91014
89569 89569
87109 87109
87759 87759
92329 92329
92107 92107
88924 88924
92317 92317
91223 91223
92880 92880
90260 90260
87028 87028
87656 87656
92494 92494
95250 95250
92912 92912
93328 93328
88167 88167
89066 89066
88009 88009
90380 90380
91031 91031
91476 91476
92207 92207
91530 91530
90907 90907
91902 91902
93606 93606
94273 94273
90551 90551
89627 89627
90633 90633
90805 90805
91405 91405
90589 90589
93243 93243
87947 87947
85983 85983
88172 88172
86289 86289
85266 85266
87407 87407
88175 88175
86346 86346
89413 89413
87195 87195
84465 84465
85112 85112
83393 83393
87230 87230
89045 89045
89056 89056
88518 88518
91123 91123
91141 91141
89140 89140
92337 92337
87149 87149
84474 84474
84918 84918
84372 84372
81027 81027
80178 80178
87884 87884
87351 87351
86886 86886
85395 85395
82757 82757
87218 87218
86916 86916
86488 86488
85022 85022
81774 81774
82293 82293
82587 82587
82086 82086
87077 87077
84782 84782
89229 89229
91240 91240
84204 84204
81806 81806
82514 82514
87000 87000
87547 87547
85774 85774
87537 87537
87498 87498
90052 90052
88420 88420
85524 85524
88547 88547
88711 88711
88748 88748
88099 88099
85728 85728
87376 87376
85450 85450
87168 87168
83371 83371
85279 85279
85704 85704
80000 80000
82960 82960
81219 81219
79657 79657
83795 83795
86383 86383
85860 85860
87848 87848
89551 89551
87780 87780
86098 86098
83329 83329
85698 85698
88640 88640
84305 84305
83254 83254
84137 84137
89640 89640
91108 91108
83368 83368
85707 85707
85251 85251
85280 85280
86075 86075
87850 87850
89757 89757
90944 90944
92201 92201
95331 95331
94215 94215
92035 92035
90169 90169
93355 93355
91650 91650
91586 91586
92204 92204
88185 88185
87235 87235
88446 88446
87359 87359
84655 84655
86389 86389
86473 86473
82501 82501
85249 85249
85304 85304
82233 82233
80715 80715
83120 83120
81248 81248
80681 80681
87321 87321
85005 85005
86607 86607
87762 87762
86245 86245
83352 83352
85273 85273
84927 84927
87231 87231
86586 86586
86448 86448
82414 82414
82383 82383
82486 82486
84116 84116
85444 85444
86729 86729
84858 84858
85110 85110
83297 83297
84121 84121
85521 85521
86608 86608
83667 83667
81502 81502
80806 80806
82580 82580
82156 82156
83267 83267
89391 89391
88034 88034
80623 80623
80558 80558
79873 79873
81898 81898
83095 83095
86060 86060
84122 84122
87802 87802
88274 88274
90864 90864
93862 93862
94095 94095
88828 88828
90146 90146
88861 88861
89049 89049
89850 89850
89994 89994
89215 89215
88844 88844
91251 91251
93093 93093
90644 90644
90062 90062
90077 90077
88489 88489
85541 85541
86565 86565
85612 85612
84715 84715
85215 85215
84340 84340
82908 82908
84051 84051
81605 81605
79363 79363
77567 77567
80696 80696
84059 84059
78354 78354
82116 82116
76715 76715
81557 81557
80137 80137
83891 83891
84764 84764
85800 85800
87529 87529
89563 89563
85776 85776
87593 87593
90002 90002
90779 90779
89011 89011
82535 82535
84453 84453
84643 84643
86375 86375
82133 82133
82628 82628
85975 85975
82451 82451
78479 78479
79408 79408
85788 85788
82704 82704
81022 81022
82846 82846
83960 83960
83729 83729
83008 83008
84245 84245
88738 88738
90317 90317
93023 93023
91449 91449
89162 89162
86892 86892
83308 83308
85230 85230
88649 88649
86209 86209
87169 87169
85069 85069
85192 85192
82714 82714
83983 83983
85927 85927
86990 86990
84316 84316
85581 85581
87497 87497
89225 89225
83621 83621
83808 83808
89828 89828
89317 89317
91414 91414
91614 91614
89815 89815
90619 90619
90939 90939
87634 87634
87242 87242
89410 89410
86091 86091
88452 88452
86615 86615
83793 83793
86613 86613
88446 88446
93471 93471
93981 93981
93100 93100
92517 92517
93560 93560
94078 94078
94973 94973
90277 90277
90080 90080
91759 91759
91923 91923
88129 88129
85290 85290
87366 87366
85731 85731
87332 87332
88247 88247
88040 88040
89121 89121
90314 90314
89873 89873
89013 89013
92856 92856
91629 91629
94307 94307
93052 93052
92352 92352
92143 92143
92801 92801
94709 94709
92239 92239
88842 88842
91046 91046
91113 91113
89821 89821
88895 88895
90813 90813
86897 86897
89724 89724
91302 91302
91995 91995
90610 90610
88439 88439
92368 92368
90362 90362
90136 90136
88809 88809
83775 83775
83425 83425
87566 87566
87134 87134
87299 87299
88379 88379
89828 89828
84222 84222
90204 90204
87763 87763
81349 81349
82324 82324
82037 82037
83435 83435
84167 84167
83074 83074
82928 82928
84127 84127
87867 87867
88632 88632
88296 88296
86651 86651
84493 84493
84840 84840
81982 81982
82173 82173
82514 82514
84230 84230
87432 87432
86742 86742
90444 90444
91669 91669
94110 94110
92013 92013
89836 89836
84387 84387
84085 84085
86648 86648
82510 82510
81769 81769
82729 82729
84995 84995
82648 82648
79962 79962
81490 81490
80657 80657
84050 84050
85439 85439
88807 88807
89880 89880
92527 92527
89327 89327
86455 86455
86409 86409
86877 86877
86794 86794
88841 88841
83127 83127
79682 79682
82332 82332
80639 80639
77447 77447
85739 85739
86549 86549
86934 86934
87176 87176
90336 90336
89025 89025
86130 86130
87726 87726
87825 87825
87970 87970
83285 83285
82251 82251
82060 82060
79495 79495
83254 83254
82710 82710
87300 87300
87390 87390
85225 85225
84188 84188
88041 88041
89842 89842
89864 89864
87440 87440
85368 85368
87084 87084
88856 88856
89084 89084
86888 86888
86731 86731
87874 87874
90372 90372
89559 89559
87121 87121
83014 83014
82271 82271
81530 81530
81388 81388
82750 82750
87878 87878
89115 89115
91769 91769
90265 90265
92886 92886
90230 90230
85798 85798
83436 83436
83089 83089
87467 87467
89631 89631
93036 93036
90886 90886
87695 87695
92452 92452
93220 93220
90962 90962
88847 88847
88282 88282
82197 82197
84322 84322
78377 78377
79821 79821
85597 85597
88875 88875
91435 91435
87362 87362
87025 87025
87197 87197
87643 87643
87078 87078
87422 87422
87163 87163
87426 87426
89530 89530
87631 87631
92454 92454
91501 91501
90775 90775
88777 88777
84436 84436
86777 86777
87861 87861
87577 87577
82911 82911
85686 85686
84592 84592
88007 88007
83078 83078
82557 82557
81531 81531
85521 85521
89301 89301
85754 85754
86379 86379
87009 87009
85689 85689
86473 86473
86497 86497
84982 84982
86319 86319
83925 83925
87564 87564
84466 84466
86794 86794
88699 88699
87928 87928
88819 88819
87878 87878
86666 86666
89972 89972
87136 87136
86997 86997
84452 84452
85500 85500
79995 79995
83537 83537
84467 84467
83492 83492
86563 86563
87834 87834
87198 87198
85623 85623
86519 86519
87015 87015
84424 84424
87583 87583
88281 88281
86060 86060
85681 85681
82928 82928
79588 79588
81762 81762
84092 84092
84603 84603
83691 83691
82534 82534
88554 88554
88824 88824
91877 91877
90901 90901
88570 88570
88990 88990
91512 91512
88584 88584
89553 89553
87892 87892
90868 90868
91345 91345
91613 91613
91063 91063
91239 91239
86278 86278
84959 84959
87540 87540
85996 85996
86164 86164
86590 86590
87222 87222
89963 89963
87495 87495
90221 90221
85842 85842
87002 87002
85895 85895
84534 84534
83754 83754
81275 81275
86040 86040
84836 84836
86139 86139
88827 88827
90479 90479
88014 88014
88806 88806
83735 83735
83524 83524
87087 87087
87014 87014
87091 87091
88193 88193
93863 93863
91107 91107
90862 90862
89917 89917
91463 91463
88790 88790
88170 88170
86706 86706
88775 88775
86551 86551
85424 85424
89180 89180
90428 90428
90469 90469
88205 88205
86527 86527
81661 81661
83320 83320
79996 79996
77896 77896
80156 80156
80844 80844
83475 83475
87298 87298
90464 90464
86296 86296
80770 80770
86297 86297
84754 84754
84007 84007
88314 88314
84754 84754
88243 88243
89066 89066
89524 89524
89825 89825
90983 90983
88861 88861
90562 90562
90333 90333
89954 89954
87107 87107
81482 81482
82614 82614
83805 83805
83854 83854
83818 83818
85751 85751
87459 87459
86355 86355
86195 86195
86432 86432
87706 87706
87582 87582
89665 89665
89767 89767
90214 90214
88048 88048
85707 85707
85507 85507
86286 86286
85348 85348
86905 86905
85741 85741
86352 86352
85520 85520
86587 86587
85051 85051
84075 84075
87549 87549
84922 84922
86193 86193
86656 86656
83545 83545
85470 85470
86108 86108
85497 85497
89936 89936
86619 86619
84395 84395
86656 86656
87705 87705
88076 88076
87198 87198
86799 86799
84860 84860
86714 86714
86548 86548
86745 86745
87185 87185
88510 88510
91650 91650
92027 92027
92009 92009
87971 87971
88457 88457
86014 86014
85197 85197
85440 85440
82954 82954
83060 83060
83145 83145
83749 83749
85287 85287
87858 87858
87378 87378
84407 84407
81777 81777
81228 81228
84120 84120
84452 84452
88676 88676
84734 84734
82858 82858
84622 84622
83168 83168
85650 85650
84998 84998
82539 82539
85327 85327
83197 83197
81301 81301
85625 85625
85506 85506
86319 86319
86679 86679
89596 89596
88146 88146
87073 87073
87684 87684
88195 88195
88512 88512
92290 92290
90535 90535
87920 87920
88250 88250
89637 89637
90174 90174
87182 87182
85605 85605
83703 83703
86574 86574
85018 85018
84585 84585
86457 86457
86638 86638
87905 87905
89497 89497
88934 88934
87807 87807
89908 89908
91009 91009
88360 88360
87674 87674
87950 87950
86492 86492
83764 83764
84431 84431
84795 84795
85456 85456
89463 89463
88403 88403
90322 90322
90951 90951
88278 88278
89396 89396
84340 84340
82816 82816
86669 86669
84301 84301
84459 84459
87258 87258
85339 85339
80258 80258
83746 83746
83454 83454
82284 82284
81298 81298
77983 77983
77712 77712
78020 78020
77317 77317
77091 77091
80180 80180
79660 79660
78442 78442
78303 78303
83944 83944
84936 84936
86805 86805
87852 87852
83640 83640
85303 85303
90431 90431
92266 92266
94298 94298
91809 91809
90645 90645
90800 90800
90460 90460
92004 92004
93291 93291
91032 91032
91047 91047
89443 89443
89947 89947
88554 88554
86761 86761
88524 88524
89171 89171
88242 88242
88408 88408
86361 86361
84806 84806
85026 85026
83732 83732
86447 86447
84795 84795
81368 81368
83621 83621
83994 83994
86504 86504
86352 86352
85128 85128
83586 83586
85016 85016
82894 82894
82817 82817
79831 79831
80819 80819
81167 81167
77697 77697
75920 75920
76997 76997
79976 79976
75805 75805
77582 77582
78679 78679
77115 77115
80330 80330
80826 80826
80452 80452
78640 78640
81404 81404
81800 81800
84670 84670
81354 81354
81148 81148
81263 81263
79674 79674
77350 77350
77257 77257
77893 77893
80352 80352
79657 79657
89626 89626
89476 89476
89541 89541
89779 89779
90406 90406
93248 93248
87498 87498
88555 88555
89512 89512
90884 90884
88299 88299
89680 89680
88815 88815
84378 84378
87128 87128
89718 89718
89563 89563
89732 89732
87783 87783
89154 89154
87674 87674
87413 87413
89598 89598
87156 87156
84532 84532
85957 85957
86735 86735
81428 81428
82762 82762
80879 80879
79102 79102
76982 76982
79638 79638
77469 77469
78559 78559
84433 84433
83774 83774
87186 87186
87284 87284
87943 87943
87501 87501
89286 89286
