123450
80375 80375
81473 81473
88786 88786
95129 95129
96277 96277
99404 99404
99902 99902
100507 100507
101319 101319
102575 102575
106580 106580
106771 106771
109639 109639
110703 110703
111060 111060
111991 111991
114124 114124
114398 114398
114978 114978
116437 116437
117059 117059
117059 117059
117059 117059
117059 117059
117059 117059
117059 117059
117059 117059
117059 117059
117059 117059
117059 117059
117610 117610
117610 117610
117610 117610
117610 117610
117999 117999
118159 118159
118392 118392
118648 118648
118731 118731
119095 119095
119106 119106
119611 119611
119837 119837
119837 119837
119837 119837
119837 119837
119837 119837
119837 119837
119837 119837
119837 119837
119837 119837
119837 119837
119837 119837
119837 119837
119837 119837
119837 119837
119837 119837
119837 119837
119837 119837
119868 119868
119886 119886
119906 119906
120036 120036
120778 120778
120875 120875
120875 120875
120875 120875
120875 120875
120875 120875
120875 120875
120875 120875
120875 120875
120875 120875
120875 120875
120875 120875
120875 120875
120875 120875
120875 120875
120875 120875
120875 120875
120875 120875
120875 120875
120875 120875
120875 120875
120875 120875
120875 120875
120919 120919
120919 120919
120919 120919
120919 120919
120919 120919
120919 120919
120919 120919
120987 120987
120987 120987
120987 120987
120987 120987
120987 120987
120987 120987
120987 120987
120987 120987
120987 120987
121041 121041
121041 121041
121041 121041
121041 121041
121041 121041
121041 121041
121116 121116
121116 121116
121116 121116
121116 121116
121116 121116
121116 121116
121116 121116
121116 121116
121116 121116
121116 121116
121116 121116
121116 121116
121116 121116
121116 121116
121116 121116
121116 121116
121116 121116
121116 121116
121116 121116
121116 121116
121116 121116
121228 121228
121273 121273
121273 121273
121273 121273
121273 121273
121273 121273
121273 121273
121273 121273
121273 121273
121273 121273
121273 121273
121447 121447
121447 121447
121447 121447
121447 121447
121447 121447
121604 121604
121604 121604
121604 121604
121604 121604
121684 121684
121728 121728
121728 121728
121778 121778
121778 121778
121778 121778
121778 121778
121778 121778
121778 121778
121778 121778
121778 121778
121778 121778
121778 121778
121778 121778
121778 121778
121778 121778
121778 121778
121778 121778
121778 121778
121778 121778
121778 121778
121778 121778
121778 121778
121778 121778
121778 121778
121810 121810
121810 121810
121810 121810
121810 121810
121810 121810
121810 121810
121810 121810
121810 121810
121810 121810
121810 121810
121810 121810
121810 121810
121810 121810
121810 121810
121810 121810
121810 121810
121810 121810
121810 121810
121919 121919
121919 121919
121919 121919
121919 121919
122012 122012
122012 122012
122012 122012
122012 122012
122012 122012
122012 122012
122012 122012
122012 122012
122012 122012
122012 122012
122012 122012
122012 122012
122012 122012
122012 122012
122012 122012
122012 122012
122012 122012
122012 122012
122012 122012
122012 122012
122012 122012
122012 122012
122012 122012
122012 122012
122012 122012
122012 122012
122012 122012
122012 122012
122012 122012
122012 122012
122012 122012
122012 122012
122012 122012
122012 122012
122012 122012
122012 122012
122012 122012
122012 122012
122012 122012
122012 122012
122012 122012
122012 122012
122224 122224
122224 122224
122224 122224
122224 122224
122224 122224
122224 122224
122224 122224
122224 122224
122282 122282
122282 122282
122282 122282
122282 122282
122282 122282
122282 122282
122282 122282
122282 122282
122282 122282
122282 122282
122573 122573
122573 122573
122573 122573
122573 122573
122573 122573
122573 122573
122573 122573
122573 122573
122573 122573
122573 122573
122573 122573
122573 122573
122573 122573
122573 122573
122573 122573
122573 122573
122834 122834
122834 122834
122834 122834
122834 122834
122834 122834
122834 122834
122834 122834
122834 122834
122834 122834
122834 122834
122834 122834
122834 122834
122834 122834
122834 122834
122834 122834
122834 122834
122834 122834
122834 122834
122834 122834
122834 122834
122834 122834
122834 122834
122834 122834
122834 122834
122834 122834
122834 122834
122834 122834
122834 122834
122834 122834
122834 122834
122834 122834
122834 122834
122834 122834
122834 122834
122834 122834
122834 122834
122834 122834
122834 122834
122834 122834
122834 122834
122834 122834
122834 122834
122834 122834
122834 122834
122834 122834
122834 122834
122834 122834
122834 122834
122834 122834
122834 122834
122834 122834
122834 122834
122834 122834
122834 122834
122834 122834
122834 122834
122834 122834
122834 122834
122834 122834
122834 122834
122834 122834
122834 122834
122834 122834
122834 122834
122834 122834
122834 122834
122834 122834
122834 122834
122834 122834
122834 122834
122834 122834
122834 122834
122834 122834
122834 122834
122834 122834
122834 122834
122834 122834
122834 122834
122834 122834
122834 122834
122834 122834
122834 122834
122834 122834
122834 122834
122834 122834
122834 122834
122834 122834
122834 122834
122834 122834
122834 122834
122834 122834
123060 123060
123060 123060
123060 123060
123060 123060
123060 123060
123060 123060
123060 123060
123060 123060
123060 123060
123060 123060
123060 123060
123060 123060
123060 123060
123060 123060
123060 123060
123060 123060
123060 123060
123060 123060
123060 123060
123060 123060
123060 123060
123060 123060
123060 123060
123060 123060
123060 123060
123060 123060
123060 123060
123060 123060
123060 123060
123060 123060
123216 123216
123216 123216
123216 123216
123216 123216
123216 123216
123216 123216
123216 123216
123216 123216
123216 123216
123216 123216
123216 123216
123216 123216
123216 123216
123216 123216
123216 123216
123216 123216
123216 123216
123216 123216
123216 123216
123216 123216
123216 123216
123216 123216
123216 123216
123216 123216
123216 123216
123216 123216
123216 123216
123216 123216
123216 123216
123216 123216
123216 123216
123216 123216
123216 123216
123216 123216
123216 123216
123216 123216
123216 123216
123216 123216
123216 123216
123216 123216
123216 123216
123280 123280
123280 123280
123280 123280
123280 123280
123280 123280
123280 123280
123280 123280
123280 123280
123280 123280
123280 123280
123280 123280
123280 123280
123280 123280
123280 123280
123280 123280
123280 123280
123280 123280
123280 123280
123280 123280
123280 123280
123280 123280
123280 123280
123280 123280
123280 123280
123280 123280
123280 123280
123280 123280
123280 123280
123280 123280
123280 123280
123280 123280
123280 123280
123280 123280
123280 123280
123402 123402
123402 123402
123402 123402
123402 123402
123402 123402
123402 123402
123402 123402
123402 123402
123402 123402
123402 123402
123402 123402
123402 123402
123402 123402
123402 123402
123402 123402
123402 123402
123402 123402
123402 123402
123402 123402
123402 123402
123402 123402
123402 123402
123402 123402
123402 123402
123402 123402
123402 123402
123402 123402
123402 123402
123402 123402
123402 123402
123402 123402
123402 123402
123402 123402
123402 123402
123402 123402
123402 123402
123402 123402
123402 123402
123402 123402
123402 123402
123402 123402
123402 123402
123402 123402
123402 123402
123402 123402
123402 123402
123402 123402
123402 123402
123402 123402
123402 123402
123402 123402
123402 123402
123402 123402
123402 123402
123402 123402
123402 123402
123402 123402
123402 123402
123402 123402
123402 123402
123402 123402
123402 123402
123402 123402
123402 123402
123402 123402
123402 123402
123402 123402
123402 123402
123402 123402
123402 123402
123402 123402
123402 123402
123402 123402
123402 123402
123402 123402
123402 123402
123402 123402
123402 123402
123402 123402
123402 123402
123402 123402
123402 123402
123402 123402
123402 123402
123402 123402
123402 123402
123402 123402
123402 123402
123402 123402
123402 123402
123402 123402
123402 123402
123402 123402
123402 123402
123402 123402
123402 123402
123402 123402
123402 123402
123402 123402
123402 123402
123402 123402
123402 123402
123402 123402
123402 123402
123402 123402
123402 123402
123402 123402
123402 123402
123402 123402
123402 123402
123402 123402
123402 123402
123402 123402
123402 123402
123402 123402
123402 123402
123402 123402
123402 123402
123402 123402
123402 123402
123402 123402
123402 123402
123402 123402
123402 123402
123402 123402
123402 123402
123402 123402
123402 123402
123402 123402
123402 123402
123402 123402
123402 123402
123402 123402
123402 123402
123402 123402
123402 123402
123402 123402
123402 123402
123402 123402
123402 123402
123402 123402
123402 123402
123402 123402
123402 123402
123402 123402
123402 123402
123402 123402
123402 123402
123402 123402
123402 123402
123402 123402
123402 123402
123402 123402
123402 123402
123402 123402
123402 123402
123402 123402
123402 123402
123402 123402
123402 123402
123402 123402
123402 123402
123402 123402
123402 123402
123402 123402
123402 123402
123402 123402
123402 123402
123402 123402
123402 123402
123402 123402
123402 123402
123402 123402
123402 123402
123402 123402
123402 123402
123402 123402
123402 123402
123402 123402
123402 123402
123402 123402
123402 123402
123402 123402
123402 123402
123402 123402
123402 123402
123402 123402
123402 123402
123402 123402
123402 123402
123402 123402
123402 123402
123402 123402
123402 123402
123402 123402
123402 123402
123402 123402
123402 123402
123402 123402
123402 123402
123402 123402
123402 123402
123402 123402
123402 123402
123402 123402
123402 123402
123402 123402
123402 123402
123402 123402
123402 123402
123402 123402
123402 123402
123450 123450
123450 123450
123450 123450
123450 123450
123450 123450
123450 123450
123450 123450
123450 123450
123450 123450
123450 123450
123450 123450
123450 123450
123450 123450
123450 123450
123450 123450
123450 123450
123450 123450
123450 123450
123450 123450
123450 123450
123450 123450
123450 123450
123450 123450
123450 123450
