108799
90390 90390
95389 95389
90594 90594
92020 92020
90898 90898
91901 91901
93584 93584
94935 94935
96992 96992
92931 92931
93689 93689
97642 97642
100091 100091
99604 99604
99145 99145
96608 96608
98847 98847
100265 100265
102123 102123
99758 99758
98000 98000
96297 96297
95585 95585
96400 96400
97177 97177
94949 94949
90964 90964
88995 88995
90457 90457
96154 96154
99540 99540
97920 97920
100889 100889
97910 97910
97744 97744
97505 97505
94414 94414
94369 94369
94523 94523
99273 99273
96310 96310
94078 94078
92869 92869
90734 90734
90715 90715
89255 89255
91180 91180
92590 92590
92117 92117
93388 93388
95823 95823
93476 93476
94101 94101
92878 92878
90858 90858
92565 92565
92442 92442
93596 93596
91370 91370
90093 90093
93579 93579
99237 99237
100441 100441
100203 100203
98858 98858
102126 102126
101368 101368
99065 99065
96585 96585
92740 92740
92641 92641
93839 93839
94751 94751
95502 95502
95087 95087
99823 99823
103980 103980
103368 103368
102722 102722
101857 101857
98272 98272
98000 98000
98763 98763
98070 98070
95058 95058
96092 96092
96570 96570
97343 97343
95912 95912
92860 92860
90202 90202
89536 89536
91802 91802
92957 92957
93359 93359
97635 97635
97287 97287
98533 98533
97714 97714
96050 96050
95530 95530
97037 97037
99182 99182
91035 91035
89870 89870
86758 86758
87977 87977
90064 90064
88069 88069
91991 91991
94381 94381
99488 99488
101450 101450
98412 98412
95258 95258
98054 98054
97982 97982
100115 100115
96510 96510
95865 95865
95706 95706
95118 95118
95621 95621
96292 96292
96172 96172
91068 91068
93881 93881
96641 96641
97080 97080
95934 95934
96743 96743
96543 96543
95308 95308
98709 98709
100000 100000
95438 95438
94088 94088
95659 95659
96702 96702
94999 94999
95450 95450
97813 97813
96637 96637
93659 93659
94457 94457
95191 95191
89864 89864
87846 87846
86495 86495
87394 87394
86062 86062
86722 86722
86209 86209
83217 83217
84709 84709
86978 86978
91082 91082
90761 90761
86999 86999
87752 87752
88873 88873
86701 86701
87645 87645
93114 93114
95281 95281
95269 95269
95192 95192
92541 92541
92005 92005
98063 98063
93944 93944
93566 93566
88809 88809
93944 93944
94425 94425
97445 97445
91958 91958
91418 91418
90206 90206
88439 88439
94426 94426
96576 96576
93435 93435
96918 96918
96856 96856
95140 95140
94943 94943
96840 96840
96582 96582
93237 93237
92034 92034
91284 91284
91086 91086
91017 91017
90839 90839
92411 92411
88016 88016
92231 92231
93010 93010
90491 90491
94019 94019
94459 94459
91081 91081
92199 92199
92845 92845
93669 93669
91419 91419
90951 90951
96422 96422
93612 93612
94003 94003
92316 92316
93474 93474
92027 92027
89153 89153
90191 90191
91827 91827
95317 95317
92400 92400
91087 91087
92600 92600
90269 90269
91171 91171
93497 93497
96125 96125
97860 97860
101058 101058
102338 102338
95498 95498
97223 97223
98817 98817
92741 92741
92075 92075
90517 90517
89917 89917
95640 95640
94710 94710
96326 96326
95543 95543
95679 95679
101983 101983
101360 101360
100248 100248
100462 100462
97913 97913
94487 94487
93084 93084
92299 92299
94516 94516
96673 96673
97809 97809
94933 94933
91903 91903
92404 92404
95206 95206
98563 98563
96519 96519
96107 96107
93678 93678
93686 93686
92206 92206
91957 91957
91664 91664
92902 92902
92724 92724
94109 94109
92271 92271
93117 93117
98143 98143
96411 96411
95901 95901
94437 94437
92737 92737
95355 95355
93548 93548
96874 96874
98050 98050
98591 98591
95739 95739
96101 96101
98907 98907
100732 100732
100769 100769
98719 98719
99208 99208
100729 100729
97999 97999
95491 95491
98577 98577
97205 97205
96617 96617
93235 93235
95396 95396
94178 94178
94166 94166
95039 95039
91713 91713
94123 94123
93292 93292
90890 90890
91582 91582
95576 95576
93723 93723
93524 93524
92835 92835
96511 96511
96141 96141
92641 92641
94076 94076
90124 90124
90432 90432
90397 90397
91644 91644
93904 93904
94019 94019
95851 95851
93818 93818
93345 93345
92751 92751
96922 96922
95495 95495
97020 97020
95708 95708
95639 95639
95217 95217
95514 95514
96984 96984
91177 91177
93423 93423
98681 98681
97100 97100
96728 96728
95464 95464
95167 95167
97280 97280
93872 93872
97535 97535
99768 99768
99540 99540
99575 99575
96343 96343
96252 96252
94822 94822
94231 94231
92510 92510
90487 90487
89008 89008
89226 89226
92204 92204
92171 92171
93342 93342
95766 95766
93442 93442
94014 94014
97284 97284
96912 96912
97654 97654
96746 96746
94832 94832
94215 94215
96617 96617
94584 94584
95348 95348
101314 101314
98831 98831
96339 96339
95570 95570
98895 98895
101067 101067
100691 100691
97027 97027
101946 101946
98971 98971
97836 97836
100752 100752
101454 101454
95597 95597
98477 98477
99855 99855
96813 96813
99452 99452
99073 99073
100362 100362
100273 100273
97944 97944
95312 95312
95522 95522
91584 91584
91469 91469
91504 91504
94925 94925
97474 97474
97938 97938
99201 99201
101597 101597
104455 104455
104755 104755
103936 103936
99102 99102
96800 96800
97291 97291
102498 102498
103145 103145
104314 104314
105379 105379
106477 106477
107328 107328
106126 106126
106531 106531
103027 103027
101408 101408
100390 100390
99754 99754
98788 98788
102686 102686
101123 101123
97940 97940
101721 101721
99824 99824
96057 96057
99032 99032
94285 94285
92684 92684
95885 95885
91436 91436
95762 95762
94452 94452
95883 95883
93910 93910
97791 97791
93000 93000
92645 92645
92043 92043
93114 93114
85915 85915
87578 87578
84063 84063
87685 87685
88430 88430
96790 96790
99526 99526
101027 101027
97987 97987
97340 97340
94345 94345
93794 93794
95289 95289
98458 98458
98610 98610
102252 102252
98659 98659
95959 95959
96549 96549
97614 97614
99118 99118
98090 98090
100672 100672
99576 99576
99369 99369
99671 99671
96405 96405
92690 92690
92669 92669
93728 93728
91605 91605
94217 94217
93714 93714
96179 96179
94927 94927
94633 94633
95207 95207
98238 98238
102317 102317
97591 97591
93917 93917
92017 92017
93085 93085
92602 92602
96324 96324
96565 96565
97482 97482
99175 99175
97641 97641
92358 92358
89629 89629
89362 89362
89890 89890
91712 91712
93290 93290
91629 91629
93838 93838
93717 93717
91198 91198
88815 88815
88236 88236
89735 89735
87755 87755
87507 87507
90074 90074
93973 93973
95092 95092
93185 93185
92227 92227
91626 91626
92703 92703
93590 93590
91544 91544
90685 90685
92353 92353
94555 94555
95766 95766
94377 94377
94311 94311
92993 92993
94685 94685
96576 96576
93629 93629
94299 94299
95658 95658
93952 93952
98475 98475
98589 98589
99182 99182
94130 94130
97479 97479
96563 96563
95974 95974
92732 92732
95555 95555
93467 93467
94467 94467
92611 92611
93497 93497
89925 89925
97627 97627
93945 93945
92225 92225
90878 90878
94765 94765
88506 88506
88965 88965
89071 89071
91190 91190
92201 92201
96323 96323
98050 98050
96361 96361
92328 92328
89999 89999
91051 91051
92244 92244
95742 95742
93992 93992
95409 95409
94716 94716
94199 94199
96050 96050
98057 98057
94864 94864
97918 97918
95205 95205
91595 91595
92568 92568
94608 94608
95027 95027
96045 96045
95084 95084
98600 98600
97250 97250
97507 97507
97808 97808
94831 94831
93855 93855
97269 97269
96563 96563
95411 95411
94329 94329
95409 95409
94640 94640
93699 93699
94981 94981
90534 90534
89995 89995
92936 92936
93394 93394
93378 93378
90718 90718
87845 87845
92310 92310
93164 93164
97383 97383
96651 96651
93116 93116
90789 90789
91658 91658
95062 95062
95319 95319
99430 99430
100489 100489
99574 99574
99160 99160
98167 98167
99029 99029
94959 94959
95361 95361
93553 93553
91929 91929
93427 93427
91382 91382
89803 89803
92353 92353
92839 92839
95190 95190
93903 93903
95948 95948
100710 100710
102642 102642
100279 100279
96302 96302
91868 91868
91648 91648
94217 94217
95920 95920
102146 102146
101673 101673
103362 103362
99370 99370
96308 96308
95922 95922
96688 96688
96521 96521
96279 96279
97717 97717
97887 97887
96326 96326
95226 95226
93490 93490
97121 97121
94907 94907
93165 93165
90417 90417
93680 93680
89932 89932
85627 85627
87722 87722
87864 87864
92339 92339
92213 92213
89593 89593
89579 89579
93331 93331
92578 92578
95619 95619
95808 95808
96091 96091
97752 97752
99402 99402
98204 98204
96346 96346
97896 97896
96755 96755
94443 94443
97399 97399
93575 93575
92420 92420
92050 92050
90544 90544
88998 88998
90049 90049
92637 92637
92792 92792
92217 92217
94456 94456
95701 95701
97292 97292
97931 97931
95987 95987
96666 96666
98724 98724
98089 98089
98200 98200
99948 99948
98404 98404
95343 95343
96887 96887
95869 95869
95033 95033
93676 93676
94954 94954
95029 95029
96995 96995
98926 98926
99073 99073
95963 95963
97589 97589
94377 94377
95419 95419
92781 92781
95257 95257
94574 94574
93827 93827
98868 98868
99211 99211
99347 99347
100491 100491
101902 101902
96224 96224
93850 93850
95040 95040
91947 91947
94380 94380
88687 88687
92846 92846
93864 93864
92867 92867
92012 92012
89863 89863
86730 86730
88412 88412
88652 88652
86355 86355
89236 89236
87546 87546
86241 86241
85222 85222
86212 86212
90229 90229
90197 90197
91848 91848
91783 91783
91869 91869
89529 89529
87098 87098
85813 85813
86807 86807
87676 87676
88543 88543
90879 90879
92540 92540
93250 93250
94870 94870
93287 93287
94537 94537
95943 95943
96905 96905
95034 95034
95179 95179
95747 95747
96318 96318
95108 95108
94917 94917
93453 93453
95266 95266
94791 94791
98219 98219
94920 94920
95980 95980
102075 102075
99698 99698
99566 99566
102518 102518
103441 103441
100206 100206
101117 101117
99519 99519
96932 96932
96662 96662
97517 97517
96367 96367
102153 102153
98632 98632
95646 95646
94875 94875
91871 91871
94967 94967
96196 96196
100233 100233
101290 101290
101305 101305
99278 99278
97668 97668
98312 98312
96448 96448
95835 95835
96340 96340
97227 97227
97234 97234
93827 93827
91476 91476
89830 89830
93404 93404
97497 97497
98824 98824
95793 95793
93391 93391
96627 96627
92866 92866
92399 92399
89478 89478
88610 88610
91057 91057
87576 87576
89306 89306
89443 89443
93335 93335
92785 92785
90160 90160
91750 91750
90251 90251
92440 92440
86893 86893
92624 92624
90699 90699
91759 91759
95581 95581
95533 95533
90762 90762
93304 93304
99298 99298
102075 102075
103420 103420
106793 106793
103992 103992
102055 102055
99149 99149
98036 98036
101087 101087
100857 100857
101221 101221
101485 101485
97295 97295
96613 96613
95459 95459
95070 95070
91798 91798
90415 90415
90358 90358
94326 94326
92537 92537
95165 95165
94226 94226
92141 92141
94975 94975
96086 96086
95124 95124
100005 100005
103386 103386
102028 102028
99300 99300
95855 95855
99125 99125
95022 95022
98823 98823
95782 95782
93611 93611
94670 94670
95049 95049
90836 90836
90613 90613
88920 88920
91984 91984
92330 92330
92413 92413
90963 90963
87333 87333
90124 90124
92677 92677
99346 99346
94162 94162
97047 97047
93516 93516
91362 91362
94193 94193
95828 95828
97617 97617
98875 98875
101028 101028
104179 104179
101955 101955
102918 102918
101905 101905
97478 97478
95862 95862
96169 96169
95380 95380
95508 95508
96659 96659
94232 94232
93083 93083
91978 91978
91562 91562
90872 90872
89301 89301
91480 91480
92235 92235
94707 94707
92167 92167
96994 96994
98308 98308
98965 98965
97942 97942
101706 101706
97793 97793
96766 96766
98220 98220
96658 96658
98479 98479
96865 96865
96483 96483
95072 95072
96483 96483
96330 96330
95029 95029
95388 95388
91788 91788
92628 92628
90140 90140
91206 91206
91401 91401
91724 91724
91734 91734
91317 91317
89921 89921
93715 93715
89333 89333
90759 90759
92561 92561
95031 95031
90214 90214
92899 92899
95050 95050
98685 98685
99063 99063
93413 93413
91705 91705
92130 92130
95889 95889
96785 96785
100247 100247
99135 99135
99954 99954
94494 94494
95041 95041
93550 93550
92056 92056
89592 89592
90142 90142
92878 92878
95934 95934
94536 94536
98050 98050
97145 97145
98650 98650
96649 96649
99387 99387
96604 96604
97760 97760
102245 102245
105532 105532
102427 102427
102218 102218
100963 100963
101022 101022
100393 100393
99316 99316
99036 99036
95577 95577
93927 93927
97054 97054
97718 97718
102128 102128
99864 99864
99336 99336
102010 102010
100342 100342
97795 97795
96157 96157
96225 96225
95996 95996
96611 96611
96898 96898
101939 101939
98431 98431
98268 98268
98224 98224
94628 94628
96238 96238
95254 95254
96239 96239
99314 99314
101906 101906
100584 100584
97184 97184
93473 93473
94591 94591
94114 94114
94830 94830
95716 95716
91735 91735
92939 92939
97041 97041
93190 93190
96188 96188
100392 100392
96163 96163
96211 96211
93405 93405
94671 94671
89969 89969
91847 91847
94041 94041
97108 97108
95484 95484
99962 99962
99240 99240
95384 95384
97089 97089
98371 98371
97916 97916
95100 95100
93073 93073
93465 93465
97791 97791
96848 96848
98471 98471
96627 96627
91688 91688
94595 94595
96468 96468
95011 95011
95885 95885
97998 97998
95709 95709
95321 95321
96468 96468
96340 96340
95570 95570
94105 94105
92300 92300
94267 94267
94149 94149
95360 95360
92688 92688
93410 93410
92992 92992
94198 94198
89402 89402
88125 88125
94633 94633
95338 95338
93478 93478
93578 93578
94977 94977
93717 93717
94736 94736
95890 95890
96796 96796
94026 94026
96601 96601
103057 103057
98986 98986
102210 102210
104960 104960
101186 101186
106495 106495
104606 104606
106408 106408
103533 103533
104308 104308
103722 103722
106477 106477
106628 106628
105213 105213
105003 105003
103461 103461
102665 102665
99892 99892
103778 103778
102756 102756
104010 104010
100753 100753
102914 102914
99483 99483
99080 99080
99987 99987
95645 95645
94374 94374
93873 93873
91781 91781
91151 91151
90804 90804
90835 90835
90153 90153
88381 88381
91975 91975
92236 92236
96489 96489
97341 97341
97621 97621
100517 100517
97316 97316
97380 97380
95294 95294
93973 93973
94330 94330
93035 93035
92796 92796
94469 94469
92828 92828
88134 88134
87088 87088
88158 88158
87643 87643
86438 86438
91640 91640
90651 90651
88309 88309
91444 91444
92842 92842
89572 89572
90430 90430
87038 87038
86514 86514
87664 87664
89500 89500
92104 92104
99348 99348
98945 98945
101575 101575
99501 99501
98576 98576
96489 96489
95733 95733
93096 93096
96044 96044
93865 93865
91959 91959
91228 91228
93177 93177
91735 91735
90219 90219
93366 93366
93562 93562
96999 96999
93209 93209
91720 91720
87995 87995
87945 87945
94331 94331
89658 89658
94589 94589
97179 97179
96738 96738
94689 94689
93578 93578
95323 95323
95639 95639
95280 95280
96704 96704
100405 100405
98912 98912
99988 99988
98324 98324
96792 96792
96165 96165
94837 94837
94238 94238
94240 94240
89832 89832
88575 88575
87924 87924
89352 89352
89358 89358
92011 92011
93608 93608
95335 95335
93063 93063
94488 94488
97607 97607
97449 97449
98241 98241
98997 98997
97602 97602
93108 93108
89633 89633
90511 90511
92209 92209
97083 97083
97610 97610
97664 97664
97156 97156
96960 96960
91390 91390
91662 91662
89688 89688
89140 89140
89351 89351
88943 88943
85449 85449
90047 90047
89001 89001
87168 87168
87940 87940
89088 89088
92428 92428
93710 93710
91745 91745
94661 94661
95603 95603
98111 98111
95841 95841
95767 95767
96355 96355
94704 94704
93851 93851
92279 92279
93699 93699
97246 97246
94834 94834
90739 90739
93114 93114
90962 90962
89423 89423
83786 83786
85815 85815
92512 92512
91797 91797
94203 94203
90509 90509
90226 90226
90047 90047
91916 91916
92653 92653
94332 94332
97602 97602
97352 97352
93218 93218
95840 95840
92359 92359
94490 94490
95099 95099
93650 93650
93877 93877
91042 91042
94370 94370
92082 92082
93616 93616
88913 88913
90011 90011
91128 91128
90872 90872
94263 94263
94484 94484
92503 92503
96559 96559
94281 94281
97366 97366
97653 97653
93596 93596
92753 92753
93111 93111
91308 91308
88698 88698
90642 90642
94254 94254
96853 96853
97493 97493
96227 96227
94482 94482
94422 94422
93203 93203
96795 96795
96737 96737
93044 93044
91684 91684
95946 95946
97681 97681
98544 98544
91234 91234
91032 91032
94184 94184
95095 95095
93010 93010
92873 92873
94131 94131
95588 95588
97702 97702
95924 95924
99695 99695
101169 101169
100244 100244
93811 93811
95091 95091
98216 98216
96671 96671
97997 97997
93283 93283
91501 91501
91504 91504
93493 93493
92123 92123
91485 91485
90121 90121
90269 90269
87513 87513
89757 89757
88187 88187
88458 88458
88887 88887
94881 94881
97972 97972
97298 97298
95291 95291
95571 95571
94696 94696
92049 92049
96425 96425
96019 96019
93015 93015
91509 91509
96431 96431
96014 96014
96521 96521
95922 95922
96173 96173
94538 94538
97500 97500
95023 95023
93899 93899
97449 97449
96868 96868
94240 94240
94544 94544
92524 92524
89610 89610
90268 90268
89212 89212
91472 91472
90329 90329
91640 91640
100005 100005
99582 99582
98736 98736
94724 94724
97750 97750
97971 97971
93621 93621
98464 98464
98951 98951
98774 98774
98971 98971
98906 98906
98460 98460
99722 99722
100436 100436
99594 99594
101746 101746
100557 100557
101481 101481
98854 98854
97013 97013
102066 102066
98627 98627
101139 101139
101754 101754
101729 101729
100597 100597
96769 96769
98760 98760
96877 96877
92765 92765
86974 86974
88229 88229
92193 92193
92967 92967
95931 95931
93429 93429
95512 95512
98933 98933
100621 100621
100138 100138
98757 98757
99051 99051
99729 99729
99831 99831
98361 98361
96187 96187
93795 93795
95452 95452
94815 94815
91822 91822
92606 92606
93801 93801
98789 98789
95858 95858
92142 92142
95397 95397
94433 94433
92740 92740
94698 94698
93341 93341
87285 87285
86874 86874
85192 85192
86020 86020
88010 88010
91600 91600
93282 93282
93786 93786
97869 97869
98199 98199
100955 100955
99696 99696
100357 100357
99440 99440
97504 97504
96888 96888
94811 94811
90193 90193
87698 87698
88291 88291
93938 93938
97567 97567
94835 94835
91208 91208
86739 86739
85781 85781
88031 88031
89284 89284
90560 90560
88212 88212
87584 87584
89032 89032
91980 91980
89706 89706
90334 90334
94039 94039
95356 95356
97053 97053
94230 94230
91018 91018
91370 91370
94832 94832
94377 94377
90587 90587
91176 91176
93345 93345
92553 92553
89594 89594
90940 90940
93568 93568
96456 96456
94724 94724
93327 93327
97095 97095
90743 90743
90563 90563
88594 88594
86424 86424
88045 88045
85072 85072
88631 88631
91526 91526
89844 89844
91100 91100
91508 91508
88570 88570
91682 91682
93368 93368
94587 94587
99399 99399
101373 101373
97213 97213
91478 91478
89245 89245
90061 90061
88774 88774
88823 88823
92179 92179
95467 95467
95320 95320
94973 94973
98748 98748
97638 97638
94960 94960
97921 97921
99726 99726
99466 99466
98033 98033
98529 98529
98359 98359
98183 98183
95767 95767
96227 96227
95119 95119
97967 97967
97759 97759
99795 99795
99993 99993
101194 101194
97122 97122
98478 98478
97251 97251
97052 97052
95840 95840
94708 94708
91251 91251
92696 92696
87587 87587
87458 87458
88818 88818
92179 92179
95496 95496
94045 94045
91889 91889
90563 90563
97095 97095
96449 96449
97537 97537
95741 95741
95192 95192
94889 94889
92329 92329
93164 93164
89168 89168
92884 92884
93916 93916
93782 93782
90121 90121
87564 87564
94469 94469
92269 92269
93224 93224
89880 89880
90078 90078
92273 92273
91609 91609
92950 92950
93040 93040
90969 90969
92499 92499
95275 95275
92748 92748
88893 88893
89905 89905
97161 97161
90196 90196
92965 92965
96568 96568
98568 98568
92447 92447
96741 96741
92942 92942
93519 93519
95406 95406
92117 92117
96972 96972
97147 97147
97325 97325
96915 96915
97502 97502
96070 96070
93860 93860
94915 94915
97353 97353
97549 97549
94484 94484
91810 91810
92111 92111
90718 90718
85630 85630
86987 86987
87207 87207
91368 91368
93981 93981
92490 92490
94045 94045
95137 95137
91330 91330
88553 88553
87564 87564
88405 88405
90027 90027
91671 91671
93974 93974
97596 97596
95488 95488
101037 101037
99135 99135
99271 99271
95026 95026
98246 98246
100817 100817
99410 99410
103624 103624
101598 101598
97895 97895
99205 99205
100854 100854
100672 100672
100431 100431
103063 103063
99851 99851
102515 102515
99734 99734
99009 99009
95683 95683
94535 94535
96322 96322
91094 91094
93933 93933
91001 91001
94262 94262
92656 92656
90590 90590
93810 93810
92487 92487
93155 93155
90835 90835
95675 95675
91426 91426
89313 89313
87399 87399
89249 89249
89399 89399
91134 91134
88143 88143
89901 89901
92088 92088
89747 89747
91903 91903
93584 93584
94769 94769
94160 94160
95298 95298
94945 94945
93176 93176
96304 96304
98406 98406
99366 99366
97647 97647
96743 96743
97145 97145
96164 96164
97351 97351
96671 96671
97209 97209
95818 95818
98303 98303
95876 95876
98189 98189
98834 98834
99905 99905
102057 102057
98059 98059
97524 97524
94808 94808
96514 96514
94827 94827
90887 90887
96553 96553
97747 97747
98350 98350
99510 99510
100346 100346
98680 98680
96548 96548
99370 99370
97186 97186
96204 96204
96355 96355
95890 95890
98574 98574
98233 98233
100150 100150
96558 96558
95978 95978
91717 91717
92726 92726
91207 91207
91880 91880
94292 94292
96263 96263
95173 95173
96934 96934
96283 96283
96617 96617
95924 95924
93523 93523
94745 94745
93170 93170
93939 93939
95136 95136
97325 97325
96195 96195
99598 99598
96345 96345
91110 91110
88616 88616
89184 89184
92800 92800
95442 95442
95094 95094
94367 94367
96898 96898
92527 92527
93711 93711
95046 95046
93054 93054
90801 90801
90430 90430
86731 86731
91780 91780
88303 88303
91272 91272
88506 88506
90438 90438
88876 88876
90164 90164
90397 90397
89433 89433
83289 83289
88278 88278
91271 91271
91623 91623
92711 92711
91739 91739
91529 91529
89297 89297
89181 89181
86973 86973
91368 91368
90284 90284
89179 89179
92986 92986
92303 92303
97512 97512
96334 96334
97686 97686
99711 99711
100133 100133
99057 99057
97428 97428
97030 97030
98723 98723
97033 97033
99420 99420
97567 97567
90139 90139
91661 91661
89309 89309
94542 94542
91819 91819
91787 91787
91312 91312
92022 92022
95429 95429
94820 94820
96799 96799
94237 94237
99096 99096
99443 99443
97170 97170
95026 95026
101581 101581
96244 96244
98929 98929
97989 97989
91065 91065
92298 92298
86405 86405
88006 88006
92167 92167
91103 91103
91058 91058
91901 91901
95280 95280
94840 94840
94724 94724
91821 91821
89381 89381
88130 88130
92269 92269
91476 91476
90587 90587
93429 93429
96700 96700
95848 95848
96261 96261
94859 94859
94369 94369
93198 93198
95140 95140
94040 94040
96271 96271
98105 98105
104191 104191
102927 102927
104330 104330
104365 104365
103664 103664
104642 104642
104840 104840
103659 103659
102793 102793
91130 91130
88361 88361
91783 91783
97095 97095
97020 97020
96000 96000
94794 94794
95128 95128
93838 93838
98646 98646
95543 95543
95703 95703
96939 96939
99297 99297
100753 100753
99741 99741
98640 98640
104617 104617
101441 101441
98452 98452
98719 98719
98453 98453
99896 99896
97721 97721
102577 102577
102610 102610
101046 101046
103426 103426
102993 102993
98264 98264
98787 98787
98111 98111
94666 94666
95850 95850
93869 93869
97822 97822
94621 94621
94556 94556
93326 93326
95696 95696
94445 94445
96778 96778
97487 97487
96099 96099
100259 100259
100805 100805
98014 98014
95903 95903
97705 97705
98325 98325
99628 99628
99291 99291
94103 94103
93166 93166
91567 91567
94665 94665
90285 90285
84642 84642
85363 85363
88474 88474
87751 87751
88600 88600
85861 85861
85642 85642
87613 87613
88410 88410
88653 88653
88983 88983
91638 91638
93353 93353
90219 90219
91071 91071
94094 94094
94955 94955
92320 92320
91604 91604
97467 97467
99365 99365
102872 102872
104036 104036
102146 102146
102725 102725
100667 100667
99282 99282
98460 98460
98836 98836
98688 98688
101279 101279
94438 94438
98708 98708
96786 96786
95242 95242
96088 96088
103731 103731
100311 100311
102193 102193
102882 102882
98403 98403
93930 93930
90684 90684
92707 92707
87900 87900
87053 87053
93065 93065
88123 88123
89166 89166
89781 89781
87784 87784
90576 90576
94776 94776
95237 95237
94086 94086
93198 93198
89271 89271
91830 91830
90550 90550
89506 89506
90299 90299
90778 90778
89626 89626
90086 90086
92518 92518
95637 95637
96046 96046
96477 96477
96585 96585
100010 100010
97398 97398
93699 93699
92591 92591
89179 89179
84619 84619
91012 91012
89866 89866
94585 94585
94315 94315
92938 92938
94482 94482
92450 92450
90064 90064
89583 89583
87197 87197
87445 87445
92173 92173
91331 91331
88326 88326
89184 89184
91896 91896
93420 93420
91372 91372
89688 89688
93747 93747
91531 91531
91634 91634
91124 91124
89909 89909
85927 85927
85857 85857
88598 88598
91369 91369
91085 91085
90066 90066
91090 91090
88604 88604
89521 89521
87388 87388
89865 89865
94961 94961
98034 98034
96057 96057
99199 99199
100723 100723
102694 102694
99634 99634
100489 100489
98581 98581
98551 98551
96237 96237
94637 94637
94203 94203
99010 99010
98724 98724
98077 98077
98237 98237
98087 98087
96794 96794
94483 94483
95367 95367
96626 96626
97642 97642
97309 97309
97657 97657
99231 99231
97648 97648
96919 96919
96760 96760
96267 96267
94637 94637
90174 90174
89416 89416
88659 88659
91089 91089
90094 90094
97172 97172
93773 93773
92022 92022
91796 91796
88114 88114
93737 93737
94603 94603
93972 93972
97189 97189
95771 95771
95280 95280
92010 92010
89206 89206
86333 86333
90560 90560
91160 91160
91021 91021
92784 92784
95008 95008
94544 94544
93668 93668
95760 95760
93240 93240
94457 94457
96112 96112
101167 101167
97691 97691
96156 96156
93466 93466
93020 93020
92982 92982
93080 93080
94269 94269
96328 96328
98001 98001
98709 98709
100088 100088
100513 100513
99293 99293
98550 98550
99161 99161
98362 98362
96341 96341
98331 98331
98627 98627
97986 97986
94218 94218
90974 90974
92358 92358
91737 91737
92419 92419
94533 94533
93079 93079
92074 92074
91389 91389
89522 89522
93201 93201
94291 94291
96625 96625
94721 94721
95851 95851
96347 96347
96856 96856
93342 93342
93998 93998
95702 95702
97671 97671
99055 99055
99823 99823
100417 100417
98771 98771
99041 99041
96720 96720
96440 96440
95712 95712
92856 92856
94826 94826
93161 93161
92262 92262
94170 94170
94627 94627
99092 99092
95345 95345
96385 96385
94925 94925
92201 92201
96474 96474
95485 95485
87621 87621
87056 87056
88537 88537
89101 89101
93454 93454
96654 96654
97550 97550
95004 95004
93538 93538
95983 95983
100487 100487
97261 97261
98354 98354
101468 101468
100872 100872
100393 100393
98673 98673
96307 96307
97957 97957
92712 92712
92604 92604
91815 91815
95473 95473
90811 90811
91096 91096
87973 87973
85556 85556
87289 87289
88814 88814
92257 92257
92957 92957
95774 95774
95949 95949
97884 97884
96086 96086
94060 94060
96357 96357
94375 94375
97874 97874
101572 101572
96805 96805
96440 96440
92655 92655
90716 90716
91218 91218
93610 93610
91921 91921
89109 89109
96533 96533
97401 97401
94720 94720
95933 95933
97925 97925
95239 95239
99137 99137
96642 96642
101370 101370
97258 97258
93576 93576
96638 96638
94376 94376
96047 96047
98154 98154
100774 100774
96174 96174
94276 94276
91567 91567
90391 90391
90947 90947
96493 96493
98559 98559
96768 96768
96356 96356
93198 93198
94252 94252
95263 95263
93762 93762
96164 96164
94265 94265
89234 89234
86732 86732
85554 85554
86421 86421
92969 92969
96599 96599
97217 97217
95866 95866
94053 94053
92080 92080
93427 93427
92456 92456
96585 96585
93282 93282
93422 93422
98496 98496
98285 98285
95829 95829
94942 94942
94770 94770
98747 98747
96331 96331
96318 96318
96699 96699
96458 96458
96504 96504
97496 97496
96110 96110
91327 91327
92986 92986
89021 89021
90346 90346
92296 92296
90008 90008
93690 93690
92848 92848
93337 93337
93350 93350
89715 89715
87181 87181
84056 84056
84809 84809
91679 91679
90144 90144
93545 93545
93643 93643
94374 94374
93775 93775
92533 92533
92269 92269
93302 93302
94378 94378
94095 94095
91639 91639
94685 94685
90430 90430
89078 89078
90237 90237
95037 95037
93969 93969
96984 96984
97655 97655
99516 99516
98047 98047
95079 95079
101123 101123
100561 100561
92879 92879
93851 93851
96667 96667
97142 97142
98705 98705
97574 97574
98867 98867
100787 100787
98635 98635
96057 96057
96979 96979
94348 94348
97294 97294
90876 90876
89971 89971
96491 96491
96559 96559
93888 93888
89978 89978
90596 90596
86385 86385
88637 88637
84451 84451
84473 84473
86533 86533
86248 86248
82812 82812
89481 89481
91136 91136
89193 89193
89446 89446
90072 90072
94861 94861
95359 95359
94450 94450
94309 94309
89808 89808
91011 91011
90166 90166
94149 94149
93210 93210
95026 95026
100000 100000
98469 98469
95854 95854
94519 94519
95568 95568
96076 96076
94183 94183
99553 99553
96621 96621
94024 94024
90125 90125
88728 88728
88392 88392
85735 85735
88678 88678
89356 89356
88451 88451
90530 90530
91638 91638
92280 92280
94082 94082
95245 95245
97053 97053
96429 96429
97205 97205
95211 95211
90771 90771
96114 96114
94067 94067
96849 96849
97341 97341
98043 98043
98610 98610
101054 101054
98321 98321
96816 96816
99960 99960
97345 97345
97482 97482
96302 96302
94226 94226
101817 101817
101837 101837
95866 95866
92695 92695
92796 92796
93169 93169
99026 99026
101184 101184
97934 97934
96990 96990
97683 97683
97474 97474
95538 95538
98359 98359
100305 100305
96331 96331
98508 98508
104287 104287
105502 105502
104816 104816
103325 103325
101829 101829
102986 102986
98391 98391
97174 97174
89416 89416
89910 89910
91032 91032
92007 92007
96632 96632
97315 97315
94679 94679
93084 93084
93849 93849
91722 91722
94542 94542
93591 93591
95160 95160
92474 92474
93651 93651
92756 92756
97098 97098
97152 97152
98762 98762
96435 96435
95215 95215
94389 94389
96518 96518
93820 93820
96068 96068
99121 99121
101042 101042
97248 97248
95313 95313
97165 97165
94578 94578
93833 93833
94093 94093
93388 93388
96298 96298
94900 94900
91660 91660
93437 93437
87073 87073
92454 92454
93031 93031
88048 88048
88613 88613
90761 90761
92612 92612
94029 94029
97194 97194
96297 96297
92147 92147
89203 89203
90499 90499
90996 90996
93765 93765
95830 95830
97396 97396
96974 96974
96428 96428
93233 93233
95344 95344
97568 97568
101601 101601
97493 97493
99353 99353
99792 99792
100694 100694
98936 98936
99534 99534
102138 102138
101085 101085
101239 101239
99222 99222
94851 94851
96856 96856
90599 90599
91945 91945
94419 94419
94466 94466
91113 91113
93713 93713
93093 93093
96877 96877
94055 94055
98179 98179
98343 98343
98315 98315
97346 97346
97383 97383
96121 96121
97425 97425
96057 96057
94647 94647
96492 96492
98745 98745
93139 93139
95063 95063
94420 94420
94001 94001
94504 94504
99787 99787
97201 97201
97703 97703
96136 96136
96502 96502
92908 92908
93700 93700
93631 93631
92337 92337
95825 95825
92598 92598
89179 89179
92429 92429
96283 96283
94775 94775
93269 93269
89331 89331
87416 87416
88949 88949
89152 89152
86461 86461
85113 85113
88184 88184
92880 92880
90163 90163
87300 87300
94351 94351
93731 93731
95213 95213
94751 94751
94790 94790
91652 91652
92540 92540
94749 94749
94709 94709
97601 97601
97537 97537
94524 94524
94922 94922
96664 96664
90991 90991
93612 93612
89626 89626
91105 91105
92635 92635
94690 94690
97710 97710
95771 95771
94263 94263
97709 97709
98110 98110
95891 95891
96375 96375
98218 98218
93044 93044
90401 90401
94113 94113
95301 95301
92319 92319
92243 92243
91265 91265
92923 92923
94702 94702
96538 96538
95014 95014
95179 95179
96253 96253
100491 100491
94161 94161
93689 93689
98317 98317
93484 93484
94070 94070
96524 96524
97456 97456
100183 100183
99263 99263
99190 99190
95793 95793
101446 101446
101183 101183
102328 102328
105069 105069
101875 101875
102630 102630
97379 97379
99795 99795
98961 98961
100178 100178
98109 98109
95246 95246
95408 95408
93732 93732
94344 94344
95118 95118
88122 88122
87344 87344
91699 91699
95440 95440
91918 91918
93221 93221
91820 91820
92046 92046
93612 93612
93979 93979
97282 97282
96889 96889
96075 96075
96631 96631
95973 95973
98486 98486
99247 99247
94320 94320
92413 92413
95630 95630
98200 98200
96633 96633
99402 99402
100820 100820
102872 102872
103694 103694
102804 102804
101232 101232
100003 100003
99004 99004
99260 99260
97225 97225
94374 94374
94910 94910
97039 97039
95199 95199
99287 99287
101240 101240
103161 103161
104310 104310
103381 103381
96210 96210
96866 96866
102575 102575
97988 97988
99623 99623
98962 98962
101655 101655
99204 99204
94734 94734
97822 97822
96669 96669
97803 97803
100252 100252
100443 100443
99789 99789
93047 93047
91214 91214
92542 92542
89941 89941
92003 92003
91233 91233
93465 93465
94971 94971
97341 97341
97309 97309
97057 97057
96733 96733
94023 94023
96150 96150
102185 102185
97408 97408
96117 96117
95586 95586
98595 98595
98292 98292
96059 96059
94487 94487
99250 99250
94702 94702
96574 96574
95206 95206
93500 93500
99282 99282
103310 103310
102221 102221
103581 103581
101652 101652
98131 98131
100943 100943
101402 101402
101799 101799
98548 98548
98328 98328
96073 96073
95835 95835
95346 95346
94244 94244
93395 93395
92691 92691
88371 88371
84500 84500
85527 85527
87532 87532
88009 88009
89961 89961
92573 92573
89942 89942
85919 85919
91555 91555
93243 93243
91273 91273
94696 94696
93346 93346
91657 91657
92245 92245
95993 95993
93130 93130
96254 96254
93570 93570
98207 98207
98794 98794
96318 96318
95696 95696
96906 96906
96340 96340
98329 98329
94845 94845
94187 94187
96787 96787
96890 96890
90263 90263
90182 90182
96101 96101
97902 97902
96363 96363
97483 97483
91788 91788
93013 93013
94294 94294
97418 97418
96266 96266
98361 98361
93913 93913
95049 95049
89789 89789
87083 87083
91511 91511
95761 95761
94692 94692
96912 96912
96849 96849
91098 91098
89703 89703
98169 98169
98109 98109
100737 100737
99554 99554
98807 98807
101253 101253
97931 97931
97220 97220
94333 94333
90051 90051
89550 89550
91649 91649
93592 93592
95201 95201
98050 98050
95540 95540
97676 97676
99889 99889
95950 95950
95629 95629
97151 97151
96338 96338
95550 95550
99301 99301
97045 97045
98955 98955
95882 95882
97001 97001
96149 96149
96376 96376
96860 96860
92219 92219
91753 91753
94492 94492
94336 94336
95009 95009
91981 91981
94201 94201
94868 94868
90846 90846
94435 94435
91172 91172
93423 93423
93164 93164
96055 96055
96622 96622
96117 96117
95957 95957
93981 93981
92358 92358
91588 91588
94369 94369
94530 94530
96581 96581
96061 96061
94868 94868
98575 98575
97159 97159
97016 97016
98130 98130
101630 101630
101090 101090
102971 102971
94177 94177
93858 93858
96500 96500
95378 95378
94640 94640
97182 97182
97414 97414
95587 95587
96078 96078
98946 98946
101408 101408
98792 98792
97373 97373
96124 96124
96434 96434
95032 95032
92943 92943
94244 94244
94271 94271
94165 94165
95482 95482
96060 96060
93574 93574
97828 97828
96814 96814
98402 98402
100871 100871
98425 98425
89826 89826
91264 91264
93016 93016
94063 94063
92738 92738
90438 90438
91533 91533
89819 89819
91964 91964
91876 91876
94554 94554
95927 95927
93807 93807
95891 95891
98283 98283
96496 96496
99412 99412
97421 97421
92220 92220
90989 90989
91641 91641
86274 86274
89896 89896
90731 90731
90618 90618
93227 93227
95101 95101
92673 92673
94806 94806
95994 95994
93643 93643
97803 97803
97747 97747
96436 96436
95386 95386
96829 96829
97203 97203
99013 99013
95309 95309
93756 93756
94130 94130
94226 94226
95581 95581
96279 96279
94102 94102
92903 92903
95635 95635
96911 96911
97443 97443
93992 93992
90842 90842
93064 93064
95908 95908
94494 94494
92245 92245
94702 94702
94648 94648
94485 94485
91262 91262
92828 92828
93909 93909
94207 94207
95386 95386
97117 97117
95515 95515
92962 92962
88641 88641
89429 89429
92487 92487
94750 94750
92935 92935
94470 94470
91812 91812
88977 88977
90815 90815
95417 95417
95236 95236
95096 95096
96390 96390
94746 94746
95353 95353
98322 98322
101966 101966
101405 101405
95719 95719
95977 95977
96168 96168
92843 92843
95909 95909
94828 94828
92121 92121
88895 88895
90965 90965
84955 84955
84556 84556
86019 86019
90452 90452
93779 93779
91202 91202
88316 88316
86364 86364
88729 88729
88596 88596
94039 94039
95832 95832
94014 94014
93540 93540
96674 96674
98133 98133
97073 97073
98178 98178
98767 98767
98276 98276
101795 101795
99407 99407
96035 96035
98568 98568
98530 98530
98149 98149
102027 102027
100795 100795
100190 100190
101466 101466
104997 104997
107299 107299
101426 101426
96332 96332
95090 95090
94656 94656
94169 94169
91981 91981
91745 91745
91589 91589
91464 91464
91668 91668
92996 92996
97613 97613
96795 96795
95884 95884
97909 97909
93547 93547
95302 95302
92987 92987
98295 98295
101294 101294
97499 97499
93770 93770
95905 95905
97247 97247
94469 94469
97293 97293
95981 95981
93987 93987
93661 93661
91974 91974
92753 92753
89483 89483
89220 89220
89831 89831
93496 93496
94404 94404
100649 100649
104605 104605
104394 104394
105519 105519
102585 102585
100187 100187
97390 97390
96271 96271
98225 98225
96051 96051
97582 97582
97213 97213
89135 89135
84279 84279
89039 89039
93320 93320
94484 94484
95445 95445
97835 97835
95779 95779
95597 95597
96115 96115
97921 97921
98778 98778
98961 98961
99686 99686
94324 94324
94139 94139
94846 94846
93935 93935
94293 94293
95611 95611
93558 93558
93358 93358
96617 96617
98130 98130
99619 99619
95762 95762
97295 97295
95693 95693
97498 97498
95598 95598
95534 95534
93457 93457
95540 95540
94848 94848
93868 93868
92751 92751
88258 88258
94244 94244
92080 92080
94764 94764
91536 91536
91343 91343
94272 94272
93837 93837
94367 94367
96944 96944
97771 97771
97756 97756
101916 101916
102392 102392
102912 102912
99626 99626
101806 101806
102802 102802
99455 99455
94878 94878
91412 91412
94257 94257
90855 90855
94552 94552
94681 94681
96385 96385
93879 93879
92825 92825
92931 92931
95722 95722
100142 100142
97063 97063
94368 94368
92927 92927
97598 97598
92197 92197
93110 93110
94111 94111
97568 97568
97594 97594
101144 101144
100018 100018
95398 95398
96357 96357
96718 96718
92686 92686
94731 94731
96782 96782
97256 97256
96585 96585
97914 97914
97423 97423
94084 94084
93687 93687
91083 91083
92860 92860
95708 95708
98110 98110
101135 101135
101235 101235
99205 99205
97793 97793
98054 98054
97572 97572
95710 95710
97261 97261
97820 97820
100630 100630
104587 104587
101596 101596
102242 102242
101509 101509
103400 103400
102446 102446
98786 98786
100901 100901
97148 97148
96600 96600
99774 99774
95632 95632
94710 94710
94261 94261
95223 95223
96307 96307
94253 94253
92761 92761
97840 97840
97795 97795
97731 97731
95855 95855
94646 94646
90046 90046
86239 86239
84001 84001
87310 87310
88248 88248
88828 88828
89601 89601
87368 87368
87074 87074
86410 86410
88961 88961
91071 91071
90832 90832
92135 92135
91759 91759
94043 94043
92750 92750
91175 91175
90714 90714
91648 91648
90284 90284
89063 89063
91760 91760
86958 86958
91196 91196
92514 92514
92238 92238
93027 93027
97518 97518
99086 99086
102060 102060
96735 96735
94156 94156
91469 91469
93631 93631
92734 92734
93169 93169
93054 93054
93298 93298
93203 93203
94396 94396
92709 92709
92965 92965
91970 91970
92184 92184
90851 90851
90320 90320
91577 91577
92170 92170
91729 91729
86391 86391
88393 88393
91532 91532
90663 90663
93098 93098
93864 93864
91867 91867
90723 90723
92762 92762
95311 95311
94151 94151
93875 93875
91425 91425
92232 92232
88907 88907
90393 90393
88208 88208
90430 90430
89534 89534
90109 90109
88951 88951
90065 90065
88951 88951
89921 89921
92797 92797
89963 89963
94106 94106
96608 96608
97091 97091
93381 93381
97889 97889
96741 96741
93210 93210
90401 90401
94350 94350
92882 92882
93283 93283
94454 94454
91204 91204
90153 90153
94490 94490
88338 88338
89459 89459
93470 93470
93221 93221
95527 95527
93162 93162
94928 94928
93787 93787
93739 93739
94368 94368
96971 96971
90291 90291
87919 87919
91432 91432
92619 92619
93833 93833
94372 94372
88428 88428
92177 92177
93899 93899
93211 93211
95768 95768
99865 99865
96656 96656
92066 92066
91763 91763
92799 92799
93670 93670
89886 89886
90855 90855
87527 87527
89709 89709
84796 84796
87275 87275
90856 90856
92004 92004
93549 93549
93717 93717
94065 94065
89860 89860
91085 91085
91488 91488
90613 90613
89398 89398
95077 95077
97145 97145
96129 96129
92867 92867
95031 95031
99443 99443
101966 101966
97156 97156
92713 92713
89183 89183
90722 90722
90093 90093
88264 88264
90096 90096
91289 91289
92739 92739
94554 94554
93046 93046
97090 97090
96209 96209
97618 97618
95433 95433
97283 97283
95968 95968
97549 97549
97622 97622
99643 99643
98884 98884
98351 98351
95968 95968
98588 98588
100139 100139
99523 99523
100779 100779
100780 100780
102234 102234
96823 96823
94585 94585
101281 101281
101508 101508
96563 96563
94865 94865
98484 98484
98163 98163
96336 96336
97529 97529
96212 96212
101476 101476
99055 99055
100979 100979
103218 103218
99146 99146
100595 100595
100266 100266
99622 99622
95941 95941
96065 96065
99466 99466
95985 95985
92131 92131
94857 94857
95149 95149
101290 101290
103860 103860
103738 103738
101386 101386
101532 101532
101342 101342
104049 104049
100004 100004
103000 103000
101099 101099
99952 99952
98670 98670
99818 99818
99513 99513
98219 98219
96528 96528
95997 95997
92371 92371
95845 95845
96009 96009
92262 92262
90490 90490
93389 93389
92555 92555
95811 95811
97175 97175
91495 91495
92359 92359
91261 91261
94229 94229
94842 94842
96944 96944
97447 97447
96543 96543
99056 99056
101046 101046
100767 100767
103396 103396
101769 101769
99767 99767
99507 99507
100204 100204
100927 100927
99229 99229
103150 103150
101944 101944
99166 99166
100187 100187
98419 98419
104477 104477
103487 103487
101115 101115
99850 99850
98341 98341
97802 97802
97055 97055
97539 97539
95949 95949
99891 99891
100440 100440
95806 95806
96562 96562
94270 94270
92563 92563
95282 95282
101313 101313
102524 102524
101279 101279
102158 102158
100354 100354
96911 96911
94764 94764
90775 90775
87152 87152
92083 92083
93842 93842
91528 91528
96077 96077
95796 95796
93415 93415
96941 96941
92661 92661
95990 95990
95361 95361
101111 101111
100367 100367
96266 96266
96227 96227
94968 94968
98887 98887
100534 100534
95534 95534
95165 95165
97187 97187
95210 95210
92200 92200
93204 93204
92996 92996
96423 96423
96553 96553
97674 97674
95320 95320
89854 89854
93877 93877
93696 93696
93650 93650
91991 91991
90405 90405
92614 92614
95976 95976
92555 92555
94417 94417
97068 97068
98775 98775
98563 98563
100767 100767
99742 99742
98177 98177
101152 101152
99453 99453
96554 96554
94282 94282
91066 91066
95607 95607
98852 98852
98659 98659
99145 99145
99052 99052
99464 99464
99678 99678
101502 101502
102847 102847
102260 102260
95288 95288
96786 96786
95044 95044
98222 98222
96884 96884
95055 95055
94451 94451
94257 94257
96493 96493
100141 100141
100833 100833
100479 100479
102360 102360
100891 100891
107485 107485
104557 104557
102323 102323
103083 103083
105419 105419
101495 101495
99107 99107
97252 97252
100913 100913
97463 97463
98013 98013
96562 96562
96855 96855
98426 98426
99374 99374
102567 102567
102149 102149
102639 102639
102458 102458
101768 101768
96901 96901
95240 95240
97110 97110
98696 98696
99002 99002
99073 99073
100026 100026
102922 102922
98719 98719
98425 98425
96086 96086
97577 97577
95200 95200
95685 95685
94788 94788
94345 94345
95363 95363
94181 94181
93812 93812
97142 97142
96144 96144
91432 91432
93483 93483
94353 94353
94641 94641
96563 96563
100028 100028
96154 96154
97134 97134
97361 97361
97436 97436
94813 94813
90684 90684
90802 90802
89424 89424
88417 88417
88162 88162
87204 87204
92521 92521
88407 88407
89505 89505
92239 92239
94060 94060
97143 97143
95422 95422
90130 90130
93277 93277
92182 92182
92398 92398
92306 92306
95677 95677
94828 94828
93905 93905
92708 92708
95161 95161
96216 96216
97189 97189
96000 96000
98511 98511
98389 98389
99672 99672
98662 98662
99739 99739
98189 98189
98520 98520
99656 99656
97772 97772
100413 100413
102283 102283
95997 95997
95402 95402
91031 91031
92984 92984
89160 89160
92456 92456
88828 88828
89157 89157
88583 88583
89497 89497
91289 91289
98984 98984
101522 101522
103509 103509
99397 99397
100212 100212
98404 98404
93496 93496
91056 91056
88249 88249
89448 89448
91905 91905
94020 94020
95103 95103
93038 93038
94557 94557
101075 101075
101485 101485
97081 97081
99696 99696
95629 95629
102081 102081
104224 104224
101851 101851
99753 99753
95982 95982
95384 95384
96095 96095
96459 96459
94615 94615
94776 94776
91381 91381
95655 95655
94971 94971
93241 93241
90507 90507
94729 94729
98094 98094
102139 102139
105350 105350
102681 102681
99425 99425
97125 97125
98772 98772
96512 96512
93109 93109
94235 94235
93469 93469
97208 97208
97316 97316
98933 98933
97171 97171
99309 99309
96994 96994
95942 95942
91932 91932
91961 91961
90916 90916
95390 95390
94563 94563
96176 96176
95675 95675
93832 93832
90815 90815
90311 90311
95535 95535
96275 96275
101097 101097
100710 100710
99433 99433
99421 99421
97771 97771
96990 96990
98517 98517
99675 99675
99917 99917
98774 98774
98541 98541
98602 98602
95671 95671
99521 99521
99617 99617
99438 99438
96613 96613
97483 97483
100223 100223
102998 102998
96451 96451
95427 95427
93091 93091
93918 93918
94547 94547
93970 93970
91500 91500
90281 90281
92570 92570
89971 89971
94610 94610
96344 96344
95570 95570
95589 95589
92701 92701
93488 93488
93993 93993
93891 93891
93040 93040
94089 94089
97485 97485
98901 98901
97879 97879
98954 98954
95033 95033
94212 94212
97743 97743
99659 99659
97487 97487
98654 98654
99967 99967
95275 95275
95788 95788
95955 95955
97249 97249
97691 97691
94224 94224
93715 93715
95226 95226
98944 98944
102090 102090
97512 97512
92761 92761
95230 95230
90594 90594
95269 95269
98238 98238
97803 97803
97342 97342
95798 95798
93044 93044
92917 92917
93883 93883
90314 90314
88472 88472
86790 86790
90239 90239
92868 92868
92460 92460
93345 93345
96144 96144
94474 94474
95419 95419
93139 93139
94994 94994
91580 91580
92256 92256
93243 93243
94101 94101
93600 93600
91901 91901
92308 92308
90067 90067
87763 87763
89857 89857
91110 91110
93518 93518
89635 89635
88287 88287
88036 88036
91503 91503
91820 91820
91486 91486
87410 87410
92120 92120
94745 94745
91481 91481
96080 96080
90014 90014
91643 91643
90550 90550
94932 94932
95069 95069
92154 92154
93400 93400
92215 92215
91181 91181
87961 87961
87467 87467
87620 87620
85768 85768
89145 89145
91550 91550
96769 96769
101941 101941
103654 103654
101109 101109
101039 101039
96354 96354
97133 97133
95273 95273
91914 91914
91622 91622
93473 93473
94035 94035
92711 92711
90190 90190
92070 92070
90478 90478
92086 92086
92180 92180
95871 95871
98085 98085
101761 101761
100645 100645
103410 103410
103266 103266
101287 101287
99568 99568
100038 100038
96898 96898
97776 97776
97681 97681
98502 98502
92952 92952
89376 89376
92179 92179
93166 93166
91959 91959
89214 89214
85232 85232
87135 87135
86766 86766
89586 89586
91053 91053
87345 87345
90752 90752
94782 94782
95089 95089
95802 95802
94646 94646
92978 92978
90614 90614
88978 88978
90754 90754
89594 89594
95255 95255
97634 97634
95114 95114
93184 93184
97278 97278
97799 97799
100444 100444
99245 99245
100253 100253
98808 98808
94426 94426
92337 92337
97185 97185
96834 96834
93207 93207
93273 93273
98485 98485
96098 96098
99974 99974
98436 98436
95188 95188
93852 93852
92859 92859
95088 95088
96352 96352
96221 96221
97314 97314
93639 93639
96462 96462
95369 95369
93558 93558
94367 94367
91340 91340
88812 88812
88238 88238
87607 87607
88031 88031
89445 89445
92738 92738
91993 91993
88537 88537
87467 87467
93295 93295
91762 91762
92178 92178
96588 96588
97260 97260
95881 95881
96022 96022
95678 95678
102132 102132
105165 105165
102968 102968
99351 99351
98358 98358
94407 94407
94622 94622
93827 93827
92514 92514
91125 91125
95903 95903
95608 95608
93588 93588
94287 94287
89736 89736
87183 87183
87251 87251
89784 89784
94444 94444
92321 92321
94381 94381
95301 95301
97878 97878
96497 96497
94431 94431
94309 94309
95273 95273
96950 96950
93946 93946
95115 95115
91775 91775
94662 94662
90707 90707
94991 94991
99503 99503
97106 97106
93912 93912
95478 95478
95918 95918
96369 96369
95344 95344
98483 98483
97463 97463
98605 98605
98375 98375
97672 97672
96752 96752
95796 95796
95455 95455
94687 94687
94677 94677
92237 92237
93075 93075
92199 92199
91855 91855
89143 89143
87496 87496
87518 87518
88444 88444
85752 85752
89241 89241
92501 92501
91832 91832
91400 91400
94259 94259
94842 94842
96783 96783
89824 89824
88494 88494
88353 88353
89452 89452
87625 87625
88867 88867
90436 90436
91041 91041
89699 89699
92818 92818
90879 90879
87963 87963
93831 93831
95294 95294
99434 99434
97902 97902
98077 98077
93997 93997
94530 94530
90448 90448
89797 89797
90707 90707
92184 92184
95190 95190
98184 98184
95807 95807
91199 91199
94055 94055
93449 93449
93058 93058
93908 93908
95937 95937
93715 93715
95843 95843
93340 93340
92403 92403
94112 94112
95125 95125
91627 91627
91771 91771
93468 93468
93730 93730
91944 91944
93635 93635
90304 90304
91963 91963
92479 92479
92991 92991
93339 93339
93694 93694
97138 97138
97185 97185
92550 92550
92590 92590
89531 89531
91839 91839
94260 94260
89330 89330
90188 90188
89288 89288
95193 95193
93338 93338
91488 91488
88955 88955
89716 89716
94873 94873
92670 92670
95460 95460
93785 93785
88868 88868
92403 92403
90332 90332
94186 94186
97835 97835
97985 97985
99357 99357
100575 100575
98161 98161
97123 97123
94830 94830
96720 96720
91260 91260
89607 89607
90689 90689
92089 92089
89426 89426
91268 91268
92191 92191
95055 95055
97340 97340
97987 97987
98035 98035
98124 98124
95949 95949
97350 97350
94840 94840
96578 96578
96784 96784
99236 99236
102395 102395
105977 105977
102985 102985
96153 96153
97606 97606
97204 97204
97380 97380
100711 100711
102206 102206
102276 102276
103637 103637
103806 103806
97835 97835
99237 99237
96307 96307
93765 93765
96051 96051
94561 94561
90148 90148
92449 92449
94913 94913
91905 91905
99517 99517
100544 100544
98002 98002
97531 97531
97360 97360
96020 96020
95446 95446
92952 92952
91665 91665
90914 90914
90788 90788
95799 95799
99661 99661
100190 100190
97506 97506
97263 97263
96079 96079
96108 96108
98457 98457
100719 100719
102286 102286
100706 100706
102214 102214
101181 101181
101722 101722
101004 101004
97888 97888
101892 101892
96304 96304
97599 97599
98423 98423
96594 96594
98362 98362
93607 93607
91815 91815
91740 91740
95446 95446
94622 94622
96764 96764
96607 96607
94017 94017
90903 90903
92717 92717
90320 90320
92900 92900
93403 93403
88833 88833
93006 93006
88570 88570
87887 87887
89818 89818
90743 90743
89647 89647
93647 93647
92791 92791
91619 91619
92827 92827
96006 96006
94338 94338
94697 94697
89746 89746
88056 88056
85449 85449
90310 90310
94261 94261
93076 93076
92870 92870
95739 95739
97261 97261
99551 99551
97534 97534
101573 101573
102628 102628
104070 104070
102764 102764
101427 101427
99426 99426
98307 98307
95722 95722
93980 93980
93570 93570
92615 92615
89061 89061
95085 95085
92771 92771
93530 93530
96918 96918
96132 96132
98807 98807
98167 98167
97665 97665
98980 98980
94307 94307
90794 90794
91795 91795
94099 94099
96489 96489
98421 98421
96928 96928
94647 94647
98498 98498
98821 98821
98603 98603
100821 100821
98604 98604
95768 95768
95858 95858
91114 91114
93154 93154
90159 90159
91223 91223
92872 92872
95039 95039
92696 92696
92463 92463
95396 95396
99039 99039
95929 95929
95949 95949
96214 96214
88519 88519
90332 90332
88915 88915
91934 91934
95347 95347
94280 94280
91206 91206
92902 92902
95099 95099
92389 92389
89782 89782
87851 87851
91734 91734
97339 97339
95419 95419
98906 98906
96058 96058
93896 93896
93956 93956
93917 93917
96285 96285
91247 91247
94640 94640
96864 96864
97116 97116
97038 97038
97522 97522
99820 99820
102320 102320
104595 104595
102667 102667
98647 98647
101326 101326
102181 102181
101024 101024
101065 101065
96556 96556
97083 97083
96947 96947
99377 99377
101659 101659
100312 100312
101127 101127
95781 95781
96856 96856
97775 97775
99949 99949
101948 101948
102839 102839
102400 102400
100280 100280
101744 101744
98274 98274
97939 97939
95624 95624
91447 91447
97783 97783
96461 96461
97791 97791
96822 96822
98325 98325
95128 95128
94576 94576
91784 91784
91266 91266
89152 89152
90243 90243
93043 93043
90195 90195
91577 91577
94123 94123
97901 97901
96731 96731
92884 92884
94041 94041
90760 90760
92473 92473
92256 92256
95307 95307
94853 94853
95265 95265
97390 97390
101887 101887
101831 101831
91083 91083
87725 87725
89269 89269
95828 95828
98075 98075
96751 96751
98431 98431
98677 98677
95587 95587
95731 95731
93703 93703
94288 94288
93726 93726
90422 90422
93671 93671
91837 91837
98055 98055
97025 97025
93439 93439
95797 95797
99880 99880
97568 97568
95418 95418
94607 94607
89759 89759
91545 91545
91953 91953
94408 94408
95841 95841
97603 97603
98470 98470
98205 98205
95189 95189
95105 95105
94949 94949
93852 93852
92314 92314
92232 92232
93262 93262
93800 93800
92512 92512
94185 94185
96174 96174
95736 95736
97015 97015
92527 92527
92472 92472
93982 93982
90987 90987
88984 88984
93668 93668
94660 94660
92251 92251
93377 93377
95530 95530
101178 101178
97624 97624
98313 98313
100437 100437
105154 105154
101925 101925
98877 98877
96650 96650
97531 97531
97152 97152
94797 94797
96562 96562
94000 94000
100775 100775
99009 99009
96823 96823
97392 97392
97318 97318
96357 96357
93437 93437
99023 99023
96874 96874
93032 93032
97145 97145
97667 97667
93997 93997
92650 92650
92556 92556
87834 87834
92749 92749
91773 91773
94535 94535
92010 92010
90704 90704
86509 86509
85085 85085
84326 84326
87147 87147
89352 89352
89254 89254
93833 93833
98104 98104
98493 98493
94281 94281
95918 95918
98948 98948
100182 100182
102223 102223
96382 96382
96049 96049
95453 95453
96859 96859
98742 98742
101624 101624
103876 103876
99494 99494
97768 97768
97830 97830
101890 101890
104504 104504
95191 95191
92575 92575
95007 95007
91552 91552
93401 93401
92529 92529
95343 95343
97331 97331
97729 97729
98703 98703
98786 98786
102288 102288
99322 99322
99720 99720
99921 99921
98319 98319
97563 97563
96702 96702
97181 97181
96687 96687
95734 95734
92681 92681
93042 93042
94076 94076
94750 94750
94351 94351
91062 91062
94203 94203
94696 94696
96322 96322
97008 97008
96863 96863
96825 96825
93722 93722
96374 96374
98562 98562
99310 99310
101024 101024
97834 97834
94523 94523
90918 90918
91721 91721
91450 91450
92493 92493
96002 96002
98991 98991
100867 100867
97677 97677
95656 95656
92899 92899
95127 95127
93946 93946
93736 93736
93379 93379
94135 94135
94330 94330
93252 93252
95772 95772
95701 95701
99226 99226
97574 97574
94100 94100
97767 97767
97065 97065
96223 96223
97782 97782
96067 96067
100674 100674
101432 101432
100761 100761
97852 97852
94685 94685
92985 92985
93429 93429
94156 94156
95514 95514
97375 97375
97002 97002
96825 96825
94924 94924
95192 95192
98822 98822
94664 94664
95487 95487
93265 93265
91597 91597
92557 92557
88706 88706
96213 96213
93676 93676
97042 97042
98742 98742
96670 96670
90347 90347
91133 91133
94935 94935
94127 94127
94423 94423
93913 93913
96345 96345
96202 96202
91269 91269
87226 87226
92211 92211
91474 91474
93864 93864
94397 94397
93492 93492
94934 94934
88860 88860
90775 90775
91038 91038
90651 90651
85413 85413
86231 86231
84885 84885
86615 86615
90177 90177
89207 89207
87724 87724
89534 89534
89162 89162
86281 86281
86020 86020
85888 85888
88647 88647
88405 88405
91670 91670
92452 92452
94060 94060
95472 95472
94851 94851
97003 97003
97546 97546
92801 92801
94017 94017
92832 92832
94412 94412
91678 91678
88449 88449
90634 90634
91470 91470
93009 93009
92330 92330
94070 94070
94414 94414
93186 93186
97230 97230
96166 96166
96215 96215
97775 97775
98599 98599
98004 98004
96921 96921
96118 96118
98294 98294
99789 99789
100729 100729
101083 101083
97470 97470
95682 95682
98803 98803
98874 98874
98874 98874
100382 100382
100932 100932
102989 102989
97625 97625
99188 99188
99424 99424
98500 98500
97895 97895
94469 94469
96359 96359
93354 93354
93455 93455
87835 87835
89587 89587
89771 89771
93925 93925
97457 97457
96926 96926
99930 99930
101852 101852
97289 97289
97414 97414
94454 94454
93814 93814
93483 93483
94952 94952
95915 95915
96050 96050
103376 103376
103456 103456
103132 103132
103766 103766
95759 95759
96844 96844
91813 91813
90071 90071
92729 92729
92672 92672
95798 95798
94431 94431
99362 99362
99072 99072
98951 98951
95522 95522
99450 99450
97901 97901
100291 100291
98653 98653
99204 99204
97679 97679
98448 98448
100029 100029
96321 96321
93338 93338
90918 90918
92920 92920
92930 92930
92179 92179
93255 93255
91620 91620
90617 90617
93413 93413
95599 95599
94711 94711
95623 95623
98098 98098
99525 99525
98199 98199
95799 95799
91799 91799
93309 93309
97268 97268
99339 99339
97478 97478
96695 96695
92153 92153
95062 95062
96274 96274
89350 89350
92231 92231
93647 93647
93428 93428
94981 94981
96460 96460
95717 95717
95125 95125
93283 93283
92192 92192
89695 89695
88811 88811
95864 95864
100147 100147
104104 104104
102024 102024
98195 98195
100381 100381
100308 100308
99799 99799
97998 97998
97257 97257
96580 96580
95184 95184
92891 92891
94053 94053
92240 92240
93331 93331
94974 94974
95448 95448
95258 95258
89388 89388
89666 89666
90667 90667
94384 94384
98359 98359
98096 98096
94097 94097
93024 93024
95548 95548
96297 96297
91203 91203
95633 95633
98950 98950
99139 99139
98205 98205
98594 98594
98837 98837
100893 100893
100836 100836
102080 102080
101058 101058
99622 99622
100446 100446
98602 98602
99313 99313
97753 97753
97976 97976
95901 95901
96465 96465
92139 92139
90945 90945
90968 90968
98871 98871
97770 97770
96347 96347
91141 91141
90007 90007
91158 91158
91458 91458
93367 93367
95576 95576
97651 97651
99302 99302
95753 95753
98833 98833
99996 99996
101568 101568
98289 98289
101996 101996
104728 104728
104085 104085
101306 101306
99045 99045
96075 96075
94995 94995
93519 93519
93493 93493
93816 93816
94033 94033
94546 94546
94331 94331
94108 94108
93233 93233
92578 92578
92013 92013
91775 91775
92384 92384
97697 97697
97072 97072
95490 95490
97276 97276
93989 93989
94550 94550
93554 93554
96763 96763
96172 96172
99913 99913
98134 98134
95856 95856
98652 98652
97586 97586
98893 98893
95804 95804
94733 94733
97835 97835
99436 99436
97800 97800
94819 94819
97512 97512
103488 103488
103907 103907
104548 104548
107247 107247
103329 103329
99607 99607
98750 98750
97465 97465
96195 96195
97920 97920
91733 91733
90318 90318
92834 92834
95337 95337
95313 95313
93987 93987
95605 95605
93298 93298
91966 91966
91617 91617
88034 88034
91052 91052
92164 92164
91536 91536
94678 94678
95792 95792
93805 93805
97020 97020
93299 93299
94961 94961
93705 93705
92296 92296
93556 93556
93249 93249
93677 93677
92102 92102
93033 93033
94719 94719
97755 97755
94252 94252
92850 92850
93114 93114
97067 97067
95082 95082
95545 95545
96050 96050
92933 92933
94091 94091
93376 93376
90273 90273
93695 93695
91665 91665
91748 91748
90850 90850
93944 93944
97044 97044
99556 99556
101309 101309
96929 96929
92840 92840
92947 92947
94441 94441
91920 91920
94954 94954
97776 97776
95984 95984
89164 89164
89870 89870
95078 95078
97135 97135
98189 98189
99660 99660
98386 98386
99216 99216
98506 98506
97870 97870
98713 98713
96763 96763
97527 97527
93423 93423
90883 90883
90032 90032
92481 92481
96141 96141
90406 90406
93221 93221
93176 93176
96417 96417
94793 94793
93945 93945
96495 96495
94377 94377
95163 95163
97223 97223
95431 95431
99943 99943
101021 101021
101100 101100
97449 97449
97713 97713
97087 97087
94375 94375
91387 91387
91093 91093
92091 92091
90048 90048
93197 93197
95924 95924
96158 96158
95749 95749
91023 91023
90123 90123
92585 92585
92176 92176
89260 89260
87650 87650
86050 86050
87984 87984
90307 90307
90902 90902
93553 93553
95314 95314
96774 96774
96321 96321
97426 97426
97758 97758
94097 94097
95635 95635
97110 97110
93196 93196
92891 92891
91272 91272
99340 99340
99447 99447
95086 95086
92917 92917
97361 97361
98199 98199
102580 102580
95713 95713
96403 96403
97718 97718
98991 98991
97153 97153
97921 97921
101112 101112
101085 101085
100258 100258
99550 99550
96583 96583
98959 98959
99679 99679
102093 102093
100967 100967
101282 101282
102344 102344
102353 102353
101855 101855
100468 100468
95017 95017
94390 94390
93046 93046
94753 94753
96729 96729
92292 92292
92087 92087
92251 92251
92738 92738
97490 97490
98260 98260
100719 100719
94868 94868
94086 94086
94783 94783
100056 100056
97804 97804
99609 99609
98531 98531
96908 96908
101732 101732
96161 96161
101530 101530
98754 98754
94384 94384
99519 99519
98683 98683
97560 97560
94727 94727
93003 93003
89632 89632
90521 90521
90453 90453
91313 91313
89101 89101
89349 89349
91271 91271
91647 91647
92098 92098
91426 91426
91424 91424
91498 91498
91207 91207
92906 92906
90694 90694
87428 87428
90677 90677
89215 89215
90670 90670
90339 90339
87797 87797
91935 91935
88444 88444
91623 91623
92862 92862
93297 93297
93367 93367
91064 91064
90985 90985
88519 88519
90281 90281
95406 95406
97148 97148
101359 101359
96274 96274
96527 96527
99217 99217
100398 100398
100648 100648
99641 99641
100222 100222
99762 99762
100663 100663
99697 99697
99956 99956
100847 100847
98454 98454
98964 98964
97959 97959
99442 99442
101922 101922
101799 101799
101540 101540
100128 100128
95879 95879
95772 95772
98124 98124
94189 94189
94008 94008
95274 95274
95211 95211
96726 96726
94972 94972
97931 97931
94671 94671
90131 90131
91212 91212
89412 89412
92574 92574
91231 91231
89919 89919
89765 89765
91689 91689
89893 89893
89730 89730
89201 89201
94809 94809
93014 93014
96629 96629
96663 96663
95224 95224
91296 91296
86694 86694
93442 93442
95693 95693
99698 99698
98381 98381
99357 99357
97561 97561
102260 102260
103824 103824
100437 100437
98900 98900
97984 97984
94367 94367
97191 97191
93087 93087
96085 96085
95076 95076
97119 97119
97759 97759
98855 98855
98823 98823
97205 97205
99185 99185
96543 96543
93356 93356
95909 95909
95259 95259
91996 91996
95293 95293
95884 95884
93994 93994
96725 96725
95739 95739
93652 93652
94030 94030
91180 91180
91143 91143
90492 90492
91407 91407
92025 92025
95443 95443
93715 93715
96430 96430
94904 94904
95874 95874
98073 98073
97459 97459
91963 91963
94963 94963
95660 95660
93285 93285
92781 92781
92939 92939
94815 94815
96261 96261
95617 95617
92355 92355
96100 96100
97576 97576
95305 95305
94778 94778
93548 93548
92618 92618
95015 95015
94436 94436
96675 96675
97022 97022
96473 96473
98248 98248
96014 96014
97699 97699
96982 96982
99044 99044
97389 97389
100019 100019
101363 101363
101970 101970
100234 100234
98139 98139
98656 98656
98628 98628
101983 101983
101288 101288
94774 94774
100860 100860
99981 99981
101016 101016
95173 95173
94884 94884
95127 95127
95977 95977
96766 96766
94981 94981
92979 92979
92820 92820
92514 92514
95724 95724
97424 97424
94655 94655
95492 95492
96035 96035
89657 89657
91465 91465
91040 91040
94232 94232
95730 95730
100090 100090
100945 100945
101102 101102
97606 97606
97379 97379
98031 98031
93702 93702
95284 95284
94521 94521
91357 91357
93923 93923
98516 98516
96540 96540
94802 94802
94957 94957
94875 94875
95290 95290
100008 100008
98992 98992
96319 96319
92362 92362
98202 98202
96814 96814
97619 97619
99963 99963
99269 99269
97831 97831
95858 95858
99847 99847
95374 95374
95375 95375
93510 93510
94316 94316
89516 89516
87372 87372
85407 85407
91381 91381
92747 92747
92306 92306
93379 93379
93475 93475
92398 92398
92495 92495
96479 96479
95613 95613
96993 96993
95664 95664
97766 97766
102147 102147
104067 104067
101741 101741
99200 99200
97749 97749
101234 101234
100643 100643
96350 96350
96552 96552
94615 94615
91174 91174
90033 90033
95675 95675
94535 94535
94344 94344
92497 92497
89382 89382
90803 90803
91639 91639
94197 94197
93678 93678
97615 97615
101268 101268
102782 102782
98416 98416
99767 99767
100905 100905
102236 102236
99176 99176
98556 98556
96197 96197
94689 94689
97744 97744
95753 95753
97769 97769
93189 93189
91660 91660
92551 92551
97580 97580
95321 95321
95400 95400
96440 96440
96543 96543
94889 94889
91474 91474
92145 92145
91477 91477
95206 95206
98119 98119
100837 100837
97508 97508
99266 99266
97941 97941
100879 100879
101601 101601
98161 98161
95191 95191
95217 95217
94719 94719
96439 96439
95915 95915
95923 95923
92980 92980
93855 93855
87953 87953
91773 91773
90947 90947
92562 92562
89288 89288
92382 92382
92953 92953
92923 92923
92605 92605
93310 93310
91896 91896
91811 91811
89882 89882
92901 92901
94644 94644
99408 99408
97573 97573
97893 97893
96632 96632
93354 93354
94780 94780
95485 95485
96353 96353
96540 96540
96705 96705
94148 94148
91842 91842
92725 92725
93160 93160
89180 89180
94832 94832
94272 94272
102870 102870
99886 99886
101063 101063
99550 99550
96380 96380
92442 92442
93256 93256
92594 92594
92286 92286
87943 87943
84643 84643
85780 85780
87877 87877
87670 87670
84727 84727
83518 83518
84273 84273
85317 85317
85668 85668
90819 90819
91891 91891
92995 92995
93270 93270
90419 90419
91800 91800
94424 94424
93426 93426
94200 94200
91641 91641
92990 92990
94577 94577
97527 97527
101289 101289
94450 94450
92052 92052
94047 94047
91368 91368
97983 97983
99010 99010
99186 99186
97245 97245
91571 91571
91861 91861
94354 94354
95128 95128
95843 95843
94267 94267
92755 92755
93999 93999
97643 97643
93134 93134
93756 93756
93862 93862
93226 93226
90847 90847
91776 91776
92186 92186
91179 91179
90574 90574
91437 91437
91783 91783
90287 90287
89464 89464
94191 94191
89593 89593
84408 84408
85046 85046
84169 84169
87605 87605
92014 92014
90392 90392
94613 94613
94603 94603
95117 95117
94455 94455
96635 96635
96657 96657
94257 94257
93086 93086
92309 92309
89848 89848
93130 93130
95050 95050
93501 93501
94195 94195
96711 96711
101993 101993
102952 102952
101425 101425
103622 103622
100866 100866
99274 99274
96756 96756
94298 94298
96673 96673
93928 93928
90203 90203
94342 94342
95824 95824
95648 95648
93368 93368
96667 96667
94428 94428
98301 98301
93660 93660
94257 94257
96627 96627
91611 91611
94665 94665
92148 92148
93665 93665
89907 89907
95007 95007
92212 92212
93618 93618
94968 94968
97962 97962
91713 91713
93119 93119
90935 90935
90844 90844
91714 91714
92450 92450
96695 96695
92626 92626
96743 96743
95042 95042
95880 95880
96191 96191
101495 101495
98774 98774
95679 95679
97403 97403
95187 95187
93811 93811
94331 94331
93533 93533
92943 92943
96197 96197
93186 93186
93016 93016
90519 90519
94034 94034
95707 95707
96374 96374
99808 99808
100562 100562
101648 101648
102819 102819
101717 101717
100856 100856
99857 99857
101009 101009
99513 99513
97459 97459
94381 94381
97096 97096
96456 96456
97958 97958
97032 97032
93722 93722
96189 96189
94235 94235
93116 93116
90755 90755
93146 93146
95302 95302
94693 94693
94623 94623
95856 95856
98580 98580
98546 98546
100614 100614
95461 95461
98049 98049
98189 98189
100664 100664
100923 100923
101386 101386
102381 102381
100483 100483
99483 99483
99610 99610
100776 100776
97930 97930
99531 99531
99910 99910
98144 98144
99095 99095
101224 101224
103005 103005
98127 98127
94365 94365
95754 95754
96085 96085
98959 98959
98100 98100
98063 98063
96730 96730
97206 97206
95655 95655
96997 96997
98684 98684
101273 101273
98355 98355
95502 95502
97213 97213
100375 100375
96944 96944
98635 98635
100779 100779
97638 97638
98907 98907
94210 94210
94198 94198
94317 94317
96284 96284
96547 96547
97654 97654
99289 99289
98226 98226
101989 101989
100194 100194
96212 96212
99440 99440
97886 97886
93927 93927
91750 91750
91591 91591
89428 89428
94207 94207
92670 92670
95817 95817
95360 95360
93206 93206
93708 93708
92560 92560
93318 93318
90043 90043
89481 89481
88386 88386
89935 89935
89259 89259
89469 89469
92972 92972
94375 94375
99120 99120
97462 97462
99349 99349
101920 101920
100890 100890
101249 101249
101066 101066
102317 102317
102573 102573
99357 99357
99004 99004
94830 94830
97300 97300
93978 93978
94218 94218
94456 94456
90484 90484
95835 95835
96430 96430
96512 96512
94236 94236
93431 93431
98119 98119
94038 94038
95410 95410
96327 96327
101436 101436
98223 98223
96606 96606
100403 100403
99727 99727
97960 97960
94957 94957
97028 97028
92413 92413
97243 97243
97515 97515
98876 98876
92431 92431
98144 98144
94646 94646
97103 97103
98435 98435
97754 97754
99890 99890
97046 97046
93385 93385
93603 93603
98895 98895
96842 96842
95604 95604
93073 93073
90680 90680
90994 90994
90943 90943
89544 89544
86776 86776
89050 89050
92740 92740
95597 95597
97575 97575
97196 97196
99742 99742
96330 96330
94819 94819
90821 90821
93033 93033
91515 91515
92425 92425
92094 92094
91803 91803
92904 92904
93775 93775
95893 95893
96225 96225
93907 93907
93341 93341
91877 91877
93964 93964
91921 91921
90860 90860
86958 86958
89875 89875
93011 93011
93287 93287
89762 89762
92790 92790
88280 88280
91876 91876
91235 91235
92424 92424
92788 92788
93078 93078
94343 94343
91140 91140
91606 91606
96925 96925
97149 97149
101720 101720
98439 98439
99374 99374
99465 99465
100237 100237
98722 98722
93904 93904
95268 95268
93803 93803
93110 93110
97076 97076
99925 99925
100030 100030
100082 100082
99714 99714
95592 95592
91714 91714
95963 95963
95981 95981
98078 98078
95623 95623
92429 92429
90738 90738
91661 91661
92170 92170
93833 93833
94252 94252
94121 94121
92625 92625
92888 92888
90260 90260
91607 91607
92125 92125
94137 94137
93211 93211
96031 96031
94192 94192
93979 93979
94083 94083
94660 94660
94330 94330
95644 95644
95856 95856
97234 97234
100535 100535
99757 99757
95917 95917
95040 95040
95066 95066
94486 94486
95815 95815
94115 94115
94440 94440
97612 97612
98764 98764
97571 97571
96903 96903
95086 95086
93275 93275
94798 94798
95607 95607
97540 97540
98598 98598
98067 98067
97440 97440
97536 97536
97077 97077
97384 97384
97013 97013
98012 98012
100372 100372
102325 102325
101429 101429
99353 99353
100060 100060
103224 103224
103540 103540
98667 98667
96004 96004
97570 97570
101943 101943
100512 100512
99433 99433
96770 96770
100875 100875
102640 102640
104007 104007
101728 101728
99865 99865
96979 96979
97209 97209
96978 96978
100607 100607
97400 97400
96598 96598
96618 96618
95962 95962
97960 97960
98367 98367
97522 97522
96771 96771
97346 97346
91493 91493
92641 92641
94840 94840
93835 93835
91892 91892
91136 91136
88868 88868
89962 89962
91758 91758
93371 93371
94020 94020
94862 94862
92578 92578
95661 95661
94083 94083
93849 93849
96080 96080
95976 95976
95903 95903
98177 98177
96484 96484
96049 96049
96698 96698
99654 99654
99394 99394
98089 98089
96959 96959
96519 96519
97865 97865
93897 93897
96662 96662
98521 98521
96006 96006
95111 95111
96468 96468
92385 92385
94129 94129
90705 90705
96150 96150
96657 96657
95248 95248
93380 93380
92812 92812
90303 90303
90450 90450
87116 87116
83721 83721
86574 86574
92023 92023
93757 93757
94578 94578
96372 96372
98672 98672
97315 97315
99120 99120
98900 98900
98195 98195
99040 99040
99351 99351
97926 97926
94819 94819
95437 95437
93016 93016
96309 96309
98032 98032
95997 95997
98307 98307
100177 100177
98525 98525
95811 95811
98956 98956
95554 95554
95857 95857
95165 95165
93448 93448
90023 90023
90534 90534
90828 90828
88886 88886
90104 90104
93302 93302
94416 94416
95464 95464
94211 94211
96153 96153
95916 95916
98108 98108
94180 94180
89687 89687
93497 93497
90544 90544
93902 93902
93299 93299
94013 94013
97160 97160
98714 98714
94432 94432
96979 96979
97331 97331
92083 92083
93827 93827
95177 95177
95251 95251
96723 96723
99239 99239
99952 99952
96967 96967
91187 91187
91243 91243
92458 92458
93504 93504
92917 92917
95414 95414
92911 92911
94972 94972
94820 94820
92572 92572
95261 95261
95047 95047
98116 98116
95743 95743
94342 94342
97160 97160
100881 100881
100853 100853
98243 98243
93178 93178
92726 92726
91555 91555
95148 95148
100688 100688
100872 100872
100892 100892
96266 96266
94567 94567
90308 90308
90979 90979
91185 91185
91124 91124
95518 95518
93588 93588
96014 96014
93745 93745
96602 96602
93236 93236
93705 93705
96126 96126
94730 94730
93556 93556
94304 94304
96043 96043
96912 96912
97498 97498
93650 93650
95690 95690
96632 96632
98208 98208
98479 98479
93104 93104
95307 95307
99867 99867
97893 97893
97428 97428
95642 95642
95923 95923
96648 96648
100454 100454
101756 101756
105254 105254
102920 102920
100388 100388
97731 97731
103948 103948
99342 99342
101475 101475
100715 100715
97252 97252
95943 95943
95565 95565
93978 93978
94666 94666
94744 94744
97159 97159
99307 99307
96970 96970
95772 95772
99365 99365
98652 98652
96623 96623
95564 95564
95088 95088
94989 94989
94271 94271
95815 95815
95231 95231
96525 96525
97519 97519
97713 97713
98466 98466
94315 94315
94332 94332
100164 100164
100828 100828
101214 101214
101545 101545
101178 101178
97601 97601
97019 97019
94684 94684
94665 94665
93140 93140
91972 91972
93199 93199
91555 91555
93660 93660
93182 93182
92759 92759
92588 92588
92365 92365
92718 92718
93910 93910
94146 94146
94997 94997
91507 91507
92409 92409
93822 93822
94137 94137
100432 100432
102739 102739
103929 103929
102196 102196
103819 103819
100182 100182
99060 99060
99473 99473
95705 95705
92883 92883
90597 90597
85795 85795
91673 91673
90465 90465
93249 93249
96489 96489
96988 96988
99597 99597
92934 92934
91748 91748
88139 88139
88420 88420
89693 89693
90945 90945
93802 93802
91921 91921
93317 93317
91721 91721
93898 93898
94354 94354
94102 94102
90921 90921
90175 90175
87245 87245
88301 88301
86680 86680
89593 89593
91403 91403
94417 94417
95521 95521
94436 94436
94862 94862
91984 91984
92653 92653
91723 91723
95008 95008
96673 96673
95727 95727
94805 94805
95141 95141
97388 97388
98190 98190
95084 95084
96980 96980
97644 97644
97708 97708
99907 99907
102203 102203
98879 98879
102278 102278
103318 103318
97747 97747
98301 98301
98444 98444
101700 101700
100868 100868
98068 98068
98741 98741
96178 96178
98843 98843
98473 98473
95054 95054
96277 96277
92943 92943
94295 94295
99017 99017
96002 96002
93645 93645
96214 96214
98867 98867
97747 97747
94185 94185
92099 92099
92462 92462
96780 96780
99653 99653
100036 100036
96691 96691
96180 96180
93999 93999
93068 93068
91219 91219
90401 90401
90853 90853
91526 91526
90518 90518
85409 85409
89517 89517
89569 89569
85412 85412
88603 88603
91003 91003
95349 95349
99852 99852
98002 98002
95306 95306
92411 92411
88990 88990
90758 90758
90301 90301
93427 93427
92103 92103
92876 92876
94022 94022
89749 89749
88969 88969
92364 92364
95197 95197
91180 91180
95514 95514
96862 96862
96431 96431
99235 99235
102346 102346
99528 99528
102759 102759
100839 100839
98978 98978
102839 102839
104048 104048
100517 100517
98023 98023
101911 101911
104074 104074
100187 100187
98588 98588
96600 96600
91456 91456
89662 89662
91646 91646
89439 89439
90729 90729
92420 92420
90961 90961
91190 91190
89456 89456
90410 90410
95116 95116
95742 95742
90167 90167
85815 85815
88918 88918
92964 92964
90964 90964
93630 93630
93620 93620
96989 96989
93939 93939
95488 95488
93899 93899
94396 94396
91651 91651
89242 89242
90934 90934
92026 92026
90732 90732
89673 89673
93484 93484
94209 94209
98647 98647
98446 98446
96518 96518
99298 99298
98217 98217
97347 97347
92757 92757
92893 92893
92571 92571
93178 93178
95722 95722
91697 91697
97221 97221
97419 97419
98289 98289
94458 94458
93143 93143
96310 96310
91843 91843
95284 95284
95964 95964
98658 98658
94399 94399
92230 92230
95620 95620
97745 97745
96051 96051
96918 96918
96268 96268
93557 93557
94676 94676
94422 94422
97306 97306
96696 96696
98033 98033
100936 100936
100399 100399
103003 103003
104096 104096
104437 104437
102365 102365
97731 97731
97063 97063
95084 95084
93973 93973
94570 94570
96520 96520
96108 96108
95751 95751
98897 98897
99797 99797
97346 97346
89932 89932
93531 93531
96317 96317
97249 97249
95924 95924
92339 92339
89365 89365
91379 91379
92020 92020
90931 90931
93507 93507
96834 96834
95820 95820
95497 95497
93296 93296
94201 94201
93289 93289
93731 93731
94182 94182
93567 93567
96538 96538
93114 93114
92855 92855
92142 92142
93395 93395
94043 94043
94573 94573
94975 94975
94334 94334
91123 91123
96586 96586
92096 92096
91355 91355
93637 93637
93719 93719
93088 93088
89476 89476
88566 88566
90116 90116
93288 93288
93883 93883
94604 94604
93109 93109
92382 92382
92819 92819
91581 91581
93364 93364
91616 91616
89804 89804
89189 89189
89749 89749
89774 89774
93668 93668
94918 94918
93004 93004
95920 95920
93974 93974
98680 98680
99605 99605
95464 95464
95076 95076
93530 93530
92642 92642
95784 95784
93667 93667
94754 94754
97944 97944
98066 98066
100515 100515
100516 100516
102547 102547
101677 101677
101817 101817
104547 104547
104510 104510
103994 103994
96916 96916
96570 96570
97423 97423
94102 94102
93978 93978
90906 90906
86570 86570
90475 90475
92921 92921
91908 91908
92779 92779
94460 94460
93140 93140
94492 94492
94984 94984
96035 96035
101395 101395
98197 98197
96537 96537
101863 101863
98634 98634
98923 98923
100004 100004
94754 94754
90949 90949
90388 90388
95344 95344
97397 97397
96162 96162
91554 91554
95468 95468
93772 93772
92287 92287
93378 93378
95517 95517
94440 94440
96625 96625
96057 96057
93360 93360
97825 97825
93060 93060
91707 91707
93230 93230
87786 87786
92327 92327
93849 93849
89531 89531
90064 90064
91987 91987
90380 90380
90674 90674
92632 92632
92581 92581
92636 92636
95990 95990
95594 95594
98199 98199
96176 96176
94167 94167
92191 92191
94847 94847
93588 93588
98249 98249
99570 99570
97958 97958
96953 96953
97328 97328
95151 95151
92840 92840
94682 94682
94503 94503
94939 94939
92310 92310
89511 89511
88944 88944
87573 87573
90271 90271
89469 89469
91254 91254
93424 93424
95015 95015
99519 99519
98400 98400
95013 95013
96854 96854
96226 96226
97013 97013
97012 97012
100013 100013
100514 100514
97196 97196
99717 99717
97430 97430
100931 100931
98324 98324
98155 98155
95176 95176
91694 91694
88403 88403
88323 88323
84736 84736
83239 83239
83601 83601
88528 88528
88459 88459
93443 93443
93705 93705
88401 88401
91612 91612
92296 92296
92068 92068
95572 95572
96593 96593
96861 96861
94499 94499
94533 94533
89374 89374
86469 86469
89596 89596
87044 87044
91822 91822
94213 94213
93051 93051
94094 94094
97398 97398
91838 91838
98555 98555
97739 97739
98131 98131
99560 99560
97810 97810
96859 96859
98562 98562
100081 100081
98571 98571
100202 100202
99668 99668
102844 102844
102778 102778
102640 102640
97498 97498
93708 93708
96569 96569
97051 97051
96780 96780
103020 103020
102274 102274
101086 101086
101247 101247
101351 101351
101240 101240
101681 101681
101499 101499
99768 99768
96188 96188
92826 92826
97102 97102
91643 91643
88570 88570
86765 86765
87230 87230
88613 88613
92880 92880
93823 93823
92567 92567
94799 94799
97689 97689
93090 93090
89777 89777
89343 89343
95488 95488
97653 97653
93212 93212
92506 92506
93552 93552
89998 89998
88010 88010
88348 88348
86828 86828
85663 85663
86320 86320
85384 85384
85015 85015
91303 91303
94468 94468
97029 97029
97861 97861
99644 99644
103944 103944
103579 103579
101141 101141
99253 99253
94888 94888
95954 95954
96284 96284
96089 96089
94794 94794
93288 93288
95252 95252
96226 96226
98430 98430
96151 96151
94950 94950
97891 97891
95642 95642
96085 96085
97558 97558
99561 99561
100554 100554
99986 99986
99568 99568
101648 101648
99835 99835
99726 99726
102357 102357
100253 100253
97903 97903
95697 95697
95537 95537
94814 94814
96561 96561
96336 96336
91434 91434
95280 95280
95616 95616
97585 97585
93557 93557
97291 97291
94456 94456
95650 95650
90792 90792
92247 92247
95478 95478
95720 95720
96323 96323
98903 98903
97671 97671
97354 97354
97590 97590
98847 98847
96635 96635
91552 91552
91781 91781
96644 96644
94805 94805
92764 92764
94166 94166
94965 94965
97722 97722
93334 93334
92178 92178
94345 94345
90392 90392
100262 100262
99708 99708
96902 96902
96731 96731
96536 96536
93538 93538
92618 92618
93162 93162
94460 94460
98342 98342
98772 98772
102613 102613
98450 98450
97535 97535
93143 93143
94508 94508
95273 95273
93425 93425
94797 94797
100223 100223
97606 97606
95556 95556
93376 93376
92359 92359
89152 89152
96557 96557
93232 93232
93443 93443
92784 92784
94351 94351
92780 92780
93992 93992
92932 92932
93734 93734
96687 96687
98891 98891
92323 92323
94769 94769
93073 93073
94889 94889
93907 93907
93425 93425
98373 98373
95992 95992
94623 94623
90905 90905
91232 91232
94060 94060
94898 94898
94432 94432
97608 97608
97190 97190
95703 95703
98753 98753
94494 94494
92713 92713
92274 92274
94808 94808
93639 93639
92074 92074
94575 94575
95498 95498
97492 97492
95642 95642
95115 95115
89460 89460
89810 89810
90388 90388
93531 93531
93322 93322
100852 100852
101928 101928
100545 100545
95590 95590
97273 97273
99094 99094
100329 100329
98415 98415
94934 94934
94256 94256
97278 97278
98561 98561
94556 94556
94597 94597
96021 96021
97878 97878
94699 94699
94222 94222
95734 95734
99593 99593
101581 101581
101912 101912
101425 101425
102460 102460
106210 106210
108589 108589
108799 108799
101591 101591
98929 98929
99017 99017
99567 99567
99113 99113
92009 92009
91696 91696
91409 91409
90441 90441
93424 93424
94027 94027
94883 94883
95147 95147
95981 95981
98419 98419
101165 101165
95348 95348
94211 94211
94815 94815
95201 95201
92623 92623
95416 95416
96370 96370
97328 97328
100573 100573
99033 99033
98402 98402
95458 95458
92548 92548
88527 88527
93877 93877
94891 94891
98918 98918
95508 95508
96910 96910
98900 98900
99234 99234
98681 98681
103759 103759
101378 101378
98879 98879
93806 93806
95334 95334
97956 97956
99407 99407
100522 100522
99799 99799
100746 100746
97925 97925
97642 97642
98438 98438
98812 98812
99052 99052
95743 95743
97812 97812
99246 99246
100305 100305
98893 98893
96057 96057
98129 98129
93602 93602
94566 94566
94156 94156
96339 96339
95058 95058
94566 94566
89520 89520
92816 92816
94430 94430
94941 94941
95193 95193
97672 97672
94402 94402
93700 93700
93781 93781
92477 92477
92982 92982
96733 96733
96630 96630
96144 96144
98544 98544
101136 101136
99397 99397
97967 97967
102081 102081
102016 102016
97124 97124
91938 91938
95136 95136
97135 97135
97877 97877
100668 100668
103366 103366
97524 97524
98577 98577
99318 99318
101670 101670
104251 104251
103234 103234
103824 103824
102881 102881
102337 102337
98522 98522
98873 98873
97824 97824
98601 98601
95067 95067
92210 92210
93871 93871
94199 94199
91189 91189
92396 92396
95441 95441
95327 95327
94467 94467
94792 94792
96411 96411
100149 100149
96426 96426
96361 96361
98002 98002
98879 98879
94491 94491
96399 96399
92184 92184
93340 93340
95434 95434
96780 96780
94709 94709
92078 92078
96213 96213
95097 95097
98812 98812
98034 98034
100814 100814
97715 97715
101437 101437
98378 98378
95338 95338
98561 98561
94871 94871
91300 91300
92848 92848
89326 89326
90818 90818
89308 89308
90801 90801
91994 91994
90603 90603
93088 93088
92577 92577
91192 91192
89206 89206
89099 89099
87826 87826
90234 90234
95369 95369
95018 95018
96877 96877
102236 102236
100378 100378
100173 100173
99118 99118
100019 100019
101271 101271
99568 99568
101150 101150
99005 99005
92701 92701
94943 94943
95463 95463
95928 95928
97887 97887
95859 95859
95420 95420
94821 94821
95196 95196
96942 96942
98658 98658
102314 102314
99202 99202
91918 91918
93932 93932
97611 97611
97030 97030
101224 101224
101206 101206
99890 99890
95678 95678
97789 97789
97081 97081
96006 96006
96463 96463
102875 102875
101029 101029
103801 103801
102255 102255
101287 101287
103323 103323
100053 100053
95945 95945
92489 92489
90769 90769
93874 93874
94809 94809
91992 91992
95629 95629
97947 97947
98658 98658
100669 100669
100928 100928
99937 99937
98380 98380
97718 97718
101495 101495
97189 97189
94560 94560
93703 93703
93262 93262
90359 90359
94928 94928
93062 93062
90445 90445
91790 91790
91967 91967
94255 94255
90041 90041
89852 89852
94242 94242
96574 96574
96586 96586
99143 99143
99501 99501
94887 94887
95153 95153
94100 94100
90091 90091
95331 95331
93711 93711
96385 96385
96590 96590
98022 98022
94480 94480
98799 98799
97462 97462
97029 97029
99053 99053
100694 100694
97984 97984
99780 99780
95268 95268
92486 92486
91158 91158
90330 90330
93411 93411
92929 92929
97478 97478
100184 100184
101978 101978
102118 102118
94061 94061
93479 93479
90334 90334
96446 96446
95080 95080
95562 95562
94308 94308
96132 96132
91845 91845
93578 93578
93928 93928
93765 93765
95887 95887
94095 94095
94967 94967
99655 99655
97523 97523
96957 96957
98155 98155
96398 96398
95212 95212
97553 97553
100430 100430
101654 101654
100195 100195
99673 99673
97096 97096
94298 94298
98668 98668
99845 99845
96518 96518
94595 94595
95160 95160
95708 95708
98996 98996
93415 93415
95024 95024
96351 96351
96986 96986
100269 100269
98949 98949
96875 96875
97663 97663
93342 93342
90983 90983
95133 95133
95281 95281
96366 96366
94314 94314
94691 94691
94359 94359
97560 97560
99744 99744
97233 97233
96858 96858
96174 96174
93011 93011
93491 93491
92511 92511
97140 97140
99389 99389
94306 94306
91014 91014
90197 90197
91900 91900
96235 96235
93864 93864
94563 94563
94840 94840
96757 96757
99725 99725
101702 101702
99164 99164
99924 99924
96390 96390
94326 94326
96812 96812
96664 96664
98553 98553
97927 97927
97575 97575
94205 94205
96781 96781
96571 96571
96408 96408
95472 95472
91876 91876
93712 93712
86365 86365
86761 86761
90712 90712
88617 88617
92858 92858
95527 95527
90983 90983
89919 89919
88150 88150
88274 88274
90223 90223
88360 88360
90147 90147
88613 88613
91251 91251
90419 90419
90444 90444
88684 88684
91347 91347
92693 92693
93738 93738
93521 93521
96763 96763
95751 95751
97378 97378
96268 96268
96536 96536
96578 96578
97036 97036
98112 98112
95743 95743
95751 95751
97123 97123
91207 91207
92134 92134
94034 94034
99309 99309
98253 98253
96418 96418
96699 96699
92332 92332
95043 95043
94530 94530
91421 91421
94457 94457
89502 89502
97027 97027
96872 96872
98073 98073
96374 96374
92754 92754
92581 92581
96287 96287
97987 97987
98408 98408
99191 99191
98350 98350
99301 99301
101436 101436
101035 101035
97063 97063
95131 95131
95655 95655
93542 93542
94053 94053
91254 91254
90326 90326
91464 91464
94997 94997
94162 94162
