107670
90621 90621
92647 92647
95441 95441
96792 96792
99924 99924
101293 101293
101013 101013
102132 102132
103221 103221
97451 97451
93081 93081
93224 93224
92136 92136
93894 93894
98523 98523
99393 99393
98005 98005
94582 94582
97605 97605
93863 93863
94322 94322
95068 95068
94871 94871
96833 96833
96108 96108
92939 92939
94519 94519
95182 95182
95800 95800
96067 96067
95123 95123
92468 92468
90962 90962
92398 92398
89876 89876
92597 92597
91311 91311
90944 90944
91381 91381
91697 91697
92601 92601
91678 91678
93354 93354
92401 92401
92620 92620
92437 92437
94100 94100
96943 96943
97396 97396
96768 96768
100807 100807
95318 95318
99260 99260
98196 98196
98390 98390
99065 99065
98670 98670
97702 97702
97557 97557
98014 98014
96827 96827
96217 96217
93155 93155
94556 94556
92719 92719
90219 90219
91326 91326
90713 90713
88828 88828
89473 89473
89769 89769
87550 87550
87986 87986
89919 89919
90130 90130
90097 90097
88313 88313
90973 90973
90244 90244
90511 90511
89564 89564
93476 93476
93747 93747
88183 88183
90598 90598
90061 90061
93824 93824
93496 93496
96414 96414
97313 97313
95957 95957
99696 99696
98817 98817
96082 96082
92535 92535
93972 93972
92424 92424
94583 94583
94895 94895
94972 94972
99770 99770
97844 97844
101816 101816
99747 99747
100497 100497
97045 97045
97461 97461
96959 96959
100758 100758
97330 97330
96202 96202
95203 95203
96657 96657
98038 98038
97884 97884
94565 94565
96199 96199
93236 93236
89624 89624
97567 97567
100248 100248
97806 97806
100147 100147
97272 97272
98816 98816
101548 101548
100084 100084
98594 98594
98841 98841
95206 95206
94564 94564
93226 93226
92215 92215
91874 91874
91214 91214
97902 97902
95401 95401
93359 93359
90394 90394
86502 86502
87929 87929
85936 85936
90736 90736
92256 92256
92868 92868
96151 96151
95367 95367
94390 94390
92421 92421
95226 95226
96579 96579
97133 97133
97524 97524
99795 99795
98085 98085
97810 97810
97495 97495
90698 90698
89947 89947
97822 97822
100508 100508
96013 96013
93570 93570
93427 93427
92600 92600
94309 94309
97053 97053
96706 96706
97933 97933
98188 98188
93026 93026
94315 94315
97730 97730
96646 96646
87774 87774
94817 94817
96448 96448
97249 97249
96326 96326
93749 93749
93939 93939
93846 93846
92571 92571
88801 88801
83262 83262
84542 84542
81093 81093
84262 84262
88593 88593
89132 89132
88417 88417
89109 89109
93703 93703
92765 92765
91461 91461
88738 88738
94635 94635
95436 95436
97877 97877
90717 90717
85134 85134
86597 86597
89832 89832
91246 91246
95844 95844
95480 95480
94924 94924
93965 93965
93593 93593
92353 92353
89461 89461
89111 89111
86214 86214
88084 88084
89052 89052
91047 91047
93040 93040
94997 94997
94224 94224
96304 96304
101514 101514
99658 99658
101140 101140
100292 100292
91089 91089
97231 97231
94502 94502
94059 94059
93529 93529
92997 92997
88589 88589
90958 90958
94042 94042
92078 92078
90136 90136
93358 93358
90968 90968
96553 96553
91250 91250
89550 89550
97076 97076
99309 99309
100276 100276
96693 96693
96311 96311
99053 99053
101182 101182
101018 101018
99745 99745
98961 98961
99903 99903
98703 98703
98188 98188
97491 97491
98382 98382
94927 94927
97128 97128
95389 95389
94130 94130
90369 90369
88430 88430
91113 91113
92754 92754
92382 92382
93279 93279
94984 94984
92879 92879
94866 94866
95226 95226
93255 93255
98948 98948
97747 97747
97070 97070
91805 91805
91792 91792
94432 94432
92759 92759
96891 96891
93822 93822
91543 91543
90838 90838
91970 91970
96905 96905
92699 92699
95575 95575
94837 94837
97498 97498
99778 99778
99579 99579
101677 101677
99446 99446
97344 97344
93873 93873
93698 93698
96201 96201
96456 96456
102385 102385
99979 99979
100582 100582
100983 100983
97186 97186
96376 96376
96277 96277
93544 93544
96493 96493
93979 93979
96075 96075
89938 89938
91137 91137
91392 91392
90907 90907
90974 90974
92723 92723
92831 92831
93424 93424
93061 93061
91598 91598
93653 93653
91675 91675
95193 95193
96968 96968
97089 97089
97540 97540
97647 97647
96014 96014
94225 94225
97141 97141
100113 100113
98375 98375
95697 95697
96048 96048
93850 93850
98238 98238
94828 94828
96680 96680
96038 96038
93743 93743
89426 89426
90700 90700
95449 95449
94419 94419
97084 97084
97316 97316
99177 99177
100516 100516
96137 96137
100940 100940
103519 103519
101839 101839
98950 98950
98973 98973
100597 100597
98013 98013
99935 99935
100622 100622
98745 98745
92840 92840
94214 94214
91991 91991
92832 92832
95637 95637
95862 95862
92021 92021
95388 95388
97208 97208
97546 97546
95791 95791
96553 96553
95728 95728
93639 93639
96196 96196
95666 95666
97437 97437
95384 95384
93428 93428
92499 92499
91327 91327
96332 96332
97078 97078
96067 96067
96691 96691
94318 94318
93961 93961
91795 91795
91653 91653
91261 91261
89921 89921
90518 90518
90320 90320
93362 93362
95456 95456
93576 93576
94006 94006
94558 94558
94809 94809
87049 87049
90072 90072
87246 87246
87339 87339
84337 84337
85940 85940
85285 85285
85652 85652
85105 85105
86036 86036
91619 91619
92978 92978
92135 92135
94616 94616
94496 94496
92916 92916
96489 96489
96997 96997
99125 99125
100992 100992
95269 95269
95671 95671
95664 95664
95480 95480
93119 93119
98639 98639
99228 99228
93964 93964
97208 97208
100715 100715
102793 102793
103981 103981
100600 100600
95776 95776
92476 92476
91720 91720
93460 93460
90981 90981
88743 88743
90235 90235
90073 90073
88762 88762
89609 89609
96054 96054
94842 94842
93989 93989
93883 93883
95483 95483
99165 99165
101223 101223
97388 97388
94822 94822
92428 92428
94258 94258
94826 94826
95615 95615
94363 94363
95139 95139
93242 93242
94962 94962
98330 98330
96590 96590
98627 98627
100074 100074
99776 99776
103851 103851
103095 103095
103137 103137
102628 102628
99120 99120
95916 95916
94896 94896
94423 94423
93142 93142
90927 90927
92200 92200
92659 92659
91681 91681
90825 90825
96071 96071
100380 100380
100510 100510
101928 101928
99005 99005
102461 102461
103102 103102
101634 101634
98526 98526
99466 99466
94790 94790
93455 93455
94816 94816
96167 96167
95317 95317
94279 94279
101580 101580
100509 100509
98692 98692
95855 95855
96007 96007
94159 94159
93419 93419
93484 93484
89089 89089
88567 88567
90140 90140
92467 92467
93373 93373
94071 94071
93872 93872
97174 97174
101917 101917
95653 95653
96099 96099
92633 92633
94520 94520
92625 92625
92302 92302
90119 90119
91876 91876
96382 96382
91458 91458
96636 96636
97337 97337
91571 91571
88366 88366
93695 93695
95532 95532
93034 93034
93820 93820
94163 94163
93961 93961
92212 92212
94059 94059
98827 98827
97351 97351
96107 96107
91765 91765
92637 92637
97952 97952
97817 97817
97410 97410
97715 97715
96033 96033
96740 96740
97407 97407
98075 98075
96407 96407
92844 92844
96080 96080
91314 91314
91651 91651
87922 87922
87582 87582
90980 90980
95546 95546
95941 95941
99843 99843
91729 91729
90141 90141
94655 94655
97150 97150
98324 98324
99996 99996
101911 101911
104739 104739
106058 106058
103273 103273
99869 99869
99485 99485
99840 99840
97852 97852
95830 95830
94316 94316
95304 95304
96548 96548
95659 95659
92858 92858
95216 95216
94635 94635
92768 92768
92666 92666
89584 89584
95253 95253
97541 97541
96680 96680
95662 95662
93405 93405
95224 95224
94638 94638
94870 94870
95959 95959
97261 97261
95980 95980
93168 93168
95369 95369
95856 95856
92994 92994
91902 91902
90380 90380
88083 88083
86861 86861
90671 90671
90926 90926
95788 95788
95959 95959
95301 95301
94694 94694
96037 96037
93260 93260
93684 93684
92902 92902
88112 88112
91053 91053
85748 85748
88090 88090
90800 90800
85884 85884
87013 87013
87012 87012
87348 87348
87823 87823
85317 85317
90295 90295
91629 91629
89915 89915
92113 92113
92731 92731
92209 92209
91085 91085
92075 92075
91384 91384
91541 91541
88756 88756
88840 88840
93311 93311
91524 91524
91511 91511
91281 91281
91381 91381
91084 91084
90504 90504
89636 89636
93307 93307
91554 91554
93342 93342
95618 95618
101906 101906
101959 101959
95738 95738
97663 97663
92723 92723
94633 94633
97000 97000
102526 102526
99467 99467
96887 96887
100157 100157
96900 96900
95303 95303
92444 92444
92383 92383
94736 94736
90837 90837
95439 95439
97337 97337
96436 96436
98994 98994
96728 96728
97681 97681
97596 97596
94711 94711
91146 91146
89469 89469
93019 93019
88149 88149
84941 84941
85229 85229
90779 90779
91378 91378
90246 90246
92060 92060
92476 92476
95494 95494
96154 96154
96898 96898
99144 99144
96205 96205
95046 95046
94170 94170
94780 94780
98037 98037
94384 94384
93534 93534
94289 94289
95399 95399
94574 94574
91286 91286
92465 92465
88516 88516
89901 89901
88728 88728
87147 87147
91104 91104
92061 92061
89509 89509
95133 95133
92701 92701
94897 94897
96360 96360
93940 93940
96672 96672
94426 94426
95453 95453
92407 92407
92467 92467
90514 90514
89546 89546
90698 90698
91681 91681
91557 91557
94388 94388
92869 92869
94381 94381
93851 93851
94560 94560
97747 97747
99328 99328
97046 97046
95141 95141
93517 93517
95770 95770
95469 95469
95098 95098
97167 97167
94256 94256
95948 95948
97634 97634
95785 95785
92328 92328
91470 91470
91893 91893
90856 90856
93270 93270
90661 90661
90828 90828
91245 91245
95189 95189
92846 92846
95026 95026
96619 96619
98169 98169
98613 98613
96896 96896
96363 96363
96131 96131
95698 95698
94432 94432
94514 94514
94088 94088
92766 92766
91060 91060
95964 95964
94739 94739
92985 92985
96983 96983
97480 97480
95006 95006
92560 92560
91956 91956
89602 89602
88962 88962
92283 92283
96256 96256
93190 93190
96725 96725
98471 98471
98622 98622
98222 98222
98817 98817
94839 94839
96566 96566
96349 96349
94687 94687
92684 92684
94643 94643
96085 96085
96838 96838
93131 93131
94979 94979
93541 93541
96372 96372
94785 94785
94036 94036
91463 91463
91427 91427
91270 91270
93664 93664
95284 95284
93917 93917
98302 98302
91043 91043
94355 94355
96498 96498
92958 92958
91745 91745
93133 93133
94148 94148
94839 94839
96907 96907
99721 99721
97275 97275
97890 97890
95712 95712
94236 94236
93858 93858
92298 92298
94638 94638
100383 100383
100058 100058
104674 104674
97282 97282
92894 92894
93367 93367
96562 96562
101551 101551
97929 97929
96135 96135
92062 92062
92088 92088
94839 94839
88934 88934
93816 93816
95969 95969
97447 97447
97075 97075
94879 94879
98507 98507
99538 99538
95646 95646
91831 91831
91510 91510
93186 93186
98585 98585
96987 96987
95501 95501
95472 95472
97421 97421
98854 98854
98055 98055
102977 102977
94973 94973
99307 99307
97331 97331
94975 94975
95210 95210
94575 94575
93421 93421
91831 91831
93458 93458
95651 95651
89728 89728
95028 95028
93395 93395
92245 92245
94245 94245
92797 92797
88508 88508
91706 91706
87812 87812
85291 85291
89625 89625
88937 88937
93256 93256
96536 96536
95430 95430
96537 96537
97652 97652
97585 97585
100808 100808
97614 97614
99820 99820
102752 102752
103048 103048
100996 100996
99560 99560
94805 94805
94442 94442
95583 95583
98929 98929
98050 98050
98298 98298
96841 96841
99925 99925
95915 95915
94471 94471
93152 93152
89779 89779
93672 93672
92790 92790
96891 96891
92132 92132
91609 91609
92310 92310
97037 97037
95299 95299
98042 98042
96642 96642
97458 97458
96152 96152
101151 101151
102075 102075
93780 93780
95765 95765
98914 98914
98371 98371
100683 100683
101889 101889
102910 102910
104614 104614
100125 100125
99895 99895
96230 96230
99084 99084
98432 98432
98058 98058
101318 101318
99115 99115
100225 100225
102624 102624
99313 99313
95126 95126
96025 96025
97185 97185
98754 98754
97989 97989
96317 96317
96376 96376
93327 93327
93378 93378
92824 92824
90275 90275
89694 89694
90757 90757
91962 91962
92506 92506
92019 92019
92339 92339
94109 94109
96593 96593
96195 96195
94435 94435
90053 90053
91910 91910
95527 95527
94618 94618
91589 91589
89493 89493
88541 88541
90388 90388
89742 89742
91241 91241
92871 92871
92269 92269
91556 91556
92466 92466
91425 91425
94426 94426
93181 93181
94321 94321
96569 96569
97677 97677
98855 98855
101194 101194
99367 99367
100673 100673
101132 101132
101420 101420
103344 103344
100374 100374
98851 98851
92982 92982
91969 91969
96543 96543
100624 100624
100579 100579
101902 101902
99329 99329
98507 98507
97949 97949
99842 99842
102329 102329
100332 100332
103780 103780
101351 101351
96811 96811
92081 92081
92058 92058
93916 93916
95432 95432
95652 95652
91426 91426
91911 91911
91331 91331
93764 93764
93099 93099
94507 94507
94444 94444
97596 97596
96902 96902
100267 100267
97309 97309
96479 96479
94032 94032
91660 91660
95504 95504
93090 93090
92989 92989
93510 93510
90398 90398
89667 89667
90225 90225
90228 90228
93756 93756
91127 91127
92026 92026
91057 91057
95629 95629
93458 93458
98137 98137
101724 101724
101999 101999
101347 101347
102200 102200
97131 97131
94666 94666
96916 96916
95397 95397
96894 96894
99803 99803
98943 98943
98027 98027
99033 99033
97123 97123
97944 97944
97098 97098
99265 99265
98143 98143
100321 100321
98679 98679
97167 97167
99717 99717
99384 99384
96897 96897
97488 97488
95007 95007
96022 96022
98051 98051
100534 100534
96849 96849
97713 97713
97798 97798
98168 98168
93579 93579
97954 97954
96937 96937
96558 96558
94409 94409
96854 96854
98191 98191
98623 98623
96059 96059
94365 94365
94308 94308
93218 93218
94093 94093
94308 94308
94248 94248
93221 93221
92411 92411
92604 92604
90262 90262
89204 89204
88238 88238
94353 94353
95955 95955
92129 92129
90722 90722
90529 90529
95349 95349
91839 91839
87653 87653
85957 85957
84450 84450
87102 87102
84728 84728
90809 90809
94668 94668
94840 94840
97323 97323
96760 96760
94975 94975
94426 94426
95465 95465
94675 94675
96421 96421
99367 99367
98744 98744
100263 100263
97339 97339
99416 99416
98982 98982
98026 98026
95151 95151
97511 97511
93304 93304
95353 95353
95571 95571
98606 98606
101181 101181
99560 99560
99955 99955
97189 97189
97313 97313
99615 99615
101458 101458
98981 98981
97267 97267
100552 100552
97671 97671
95717 95717
96340 96340
92591 92591
92399 92399
86623 86623
85980 85980
88011 88011
86925 86925
93533 93533
95331 95331
92474 92474
88493 88493
89894 89894
88392 88392
88575 88575
91372 91372
88760 88760
91610 91610
92907 92907
89718 89718
90585 90585
91521 91521
93524 93524
91359 91359
91949 91949
91114 91114
90150 90150
91275 91275
89486 89486
86755 86755
86835 86835
84380 84380
84442 84442
84065 84065
90564 90564
87659 87659
89986 89986
90654 90654
91602 91602
89798 89798
95767 95767
99005 99005
95482 95482
96064 96064
98074 98074
93887 93887
97304 97304
100283 100283
95781 95781
95142 95142
92362 92362
91828 91828
93779 93779
94802 94802
96554 96554
92400 92400
94788 94788
96585 96585
94036 94036
88480 88480
87276 87276
90596 90596
86420 86420
91936 91936
90665 90665
92820 92820
88073 88073
88131 88131
91615 91615
92181 92181
89613 89613
85776 85776
90269 90269
90851 90851
94055 94055
96807 96807
94234 94234
95261 95261
96283 96283
94186 94186
93043 93043
91798 91798
93906 93906
92964 92964
91923 91923
95156 95156
96355 96355
96587 96587
90070 90070
92800 92800
97741 97741
94389 94389
98077 98077
99286 99286
96497 96497
98683 98683
102116 102116
99843 99843
98877 98877
98566 98566
98872 98872
96515 96515
95435 95435
93463 93463
91741 91741
91558 91558
90371 90371
94739 94739
92368 92368
90545 90545
93403 93403
93281 93281
92182 92182
93916 93916
93796 93796
99079 99079
100826 100826
98780 98780
99969 99969
99957 99957
95152 95152
95338 95338
90053 90053
95190 95190
95144 95144
98230 98230
92279 92279
90723 90723
92852 92852
96410 96410
99076 99076
94864 94864
91753 91753
94693 94693
93604 93604
94644 94644
95464 95464
94365 94365
94476 94476
94910 94910
95132 95132
97018 97018
96930 96930
94357 94357
97474 97474
96700 96700
101370 101370
98247 98247
96392 96392
95854 95854
97671 97671
95575 95575
95441 95441
100407 100407
96113 96113
92972 92972
93992 93992
95250 95250
93871 93871
91129 91129
93159 93159
96670 96670
96666 96666
98128 98128
97411 97411
92342 92342
93490 93490
94205 94205
91984 91984
93853 93853
89711 89711
86350 86350
88525 88525
95143 95143
91118 91118
96286 96286
98318 98318
94922 94922
95766 95766
96058 96058
91901 91901
93461 93461
93850 93850
93343 93343
91925 91925
93571 93571
90889 90889
90332 90332
94096 94096
95195 95195
96001 96001
93029 93029
93648 93648
96154 96154
98337 98337
101749 101749
103353 103353
101703 101703
99057 99057
99159 99159
100498 100498
99084 99084
99527 99527
101815 101815
101356 101356
98813 98813
95731 95731
97465 97465
99089 99089
99591 99591
100062 100062
96754 96754
96039 96039
93981 93981
95806 95806
94491 94491
96833 96833
98795 98795
98282 98282
97505 97505
96613 96613
98426 98426
100879 100879
101626 101626
101779 101779
101839 101839
101370 101370
102750 102750
97100 97100
93524 93524
99187 99187
97852 97852
98398 98398
99565 99565
97732 97732
97286 97286
99121 99121
101782 101782
101127 101127
102418 102418
102204 102204
104393 104393
103264 103264
99656 99656
99012 99012
97690 97690
101569 101569
100321 100321
99220 99220
99079 99079
97565 97565
96552 96552
94036 94036
93288 93288
92660 92660
92823 92823
91922 91922
93895 93895
94121 94121
95508 95508
90331 90331
91111 91111
94344 94344
91411 91411
92769 92769
95783 95783
92569 92569
93285 93285
89077 89077
91569 91569
90225 90225
92732 92732
92807 92807
93112 93112
93944 93944
93529 93529
93095 93095
98651 98651
96276 96276
95446 95446
92407 92407
97030 97030
101947 101947
98895 98895
99042 99042
102015 102015
100259 100259
96621 96621
99814 99814
97948 97948
98380 98380
95931 95931
93985 93985
96879 96879
92200 92200
88970 88970
90410 90410
92395 92395
92203 92203
96564 96564
94070 94070
93860 93860
95148 95148
96865 96865
98979 98979
96840 96840
91879 91879
91978 91978
90671 90671
91104 91104
90593 90593
93268 93268
95830 95830
94171 94171
93053 93053
95315 95315
89937 89937
90707 90707
88818 88818
90259 90259
88425 88425
90156 90156
91044 91044
95559 95559
98271 98271
99077 99077
99277 99277
93789 93789
95530 95530
95026 95026
97437 97437
97015 97015
96166 96166
91188 91188
89032 89032
89030 89030
92232 92232
95812 95812
95072 95072
94354 94354
93084 93084
93461 93461
91862 91862
87212 87212
92032 92032
93829 93829
89151 89151
89972 89972
86398 86398
90695 90695
88924 88924
94784 94784
96395 96395
97299 97299
93826 93826
94659 94659
95639 95639
95009 95009
92822 92822
95098 95098
96493 96493
100051 100051
100776 100776
100799 100799
97150 97150
94845 94845
93582 93582
95787 95787
95078 95078
97742 97742
98437 98437
97327 97327
96666 96666
96987 96987
93353 93353
96213 96213
93792 93792
95284 95284
92787 92787
91608 91608
95303 95303
96420 96420
97373 97373
97848 97848
93899 93899
94379 94379
94374 94374
95126 95126
94864 94864
96034 96034
91607 91607
91145 91145
92203 92203
94382 94382
95951 95951
94831 94831
96222 96222
93457 93457
95646 95646
94420 94420
96465 96465
98250 98250
98519 98519
98897 98897
95066 95066
93680 93680
92310 92310
95398 95398
94301 94301
90740 90740
95983 95983
95143 95143
94672 94672
97056 97056
95951 95951
97450 97450
93355 93355
94072 94072
93297 93297
94845 94845
98282 98282
97738 97738
98234 98234
95218 95218
96554 96554
94972 94972
94972 94972
97610 97610
100294 100294
97969 97969
97345 97345
95690 95690
93282 93282
95536 95536
101249 101249
102533 102533
103136 103136
99419 99419
100693 100693
103101 103101
102758 102758
95900 95900
96016 96016
94650 94650
98428 98428
98264 98264
96037 96037
94714 94714
95493 95493
98650 98650
96418 96418
91659 91659
90798 90798
96257 96257
95739 95739
96180 96180
94643 94643
92395 92395
93350 93350
91655 91655
96862 96862
96835 96835
97171 97171
98306 98306
97974 97974
98645 98645
98522 98522
101963 101963
101216 101216
97084 97084
98188 98188
96662 96662
91315 91315
86353 86353
87433 87433
91333 91333
93008 93008
95888 95888
96142 96142
96663 96663
99673 99673
99577 99577
97855 97855
97555 97555
98544 98544
91636 91636
89280 89280
91723 91723
97013 97013
89609 89609
93637 93637
88529 88529
92248 92248
90891 90891
91056 91056
93345 93345
93589 93589
95315 95315
94726 94726
94746 94746
90146 90146
91167 91167
91834 91834
95293 95293
93696 93696
90381 90381
95185 95185
97215 97215
93682 93682
90028 90028
90066 90066
89264 89264
87269 87269
87019 87019
88620 88620
90431 90431
90579 90579
91328 91328
89281 89281
90899 90899
92073 92073
87948 87948
91404 91404
91790 91790
91918 91918
92955 92955
94451 94451
93687 93687
93533 93533
92466 92466
91809 91809
91832 91832
94380 94380
93081 93081
91361 91361
95619 95619
96409 96409
98487 98487
100000 100000
99260 99260
100333 100333
99031 99031
99401 99401
101851 101851
95617 95617
97857 97857
95080 95080
97297 97297
96418 96418
99443 99443
99714 99714
99894 99894
99099 99099
103049 103049
100465 100465
96750 96750
97359 97359
97104 97104
99835 99835
101672 101672
99897 99897
99398 99398
93259 93259
94277 94277
95779 95779
100205 100205
98932 98932
97209 97209
94344 94344
94972 94972
93190 93190
95745 95745
98826 98826
98563 98563
100787 100787
98403 98403
95986 95986
95239 95239
92031 92031
93286 93286
93047 93047
96269 96269
99289 99289
97867 97867
95889 95889
95326 95326
95201 95201
97209 97209
100806 100806
94561 94561
92636 92636
90684 90684
97705 97705
103457 103457
99840 99840
95030 95030
96637 96637
95612 95612
92590 92590
95883 95883
95262 95262
96324 96324
93835 93835
94770 94770
96162 96162
98578 98578
99486 99486
97047 97047
94751 94751
92292 92292
95517 95517
94027 94027
97248 97248
97834 97834
95964 95964
95470 95470
95371 95371
91199 91199
89896 89896
91702 91702
91861 91861
88219 88219
91395 91395
92546 92546
92973 92973
97006 97006
94613 94613
94251 94251
94420 94420
97416 97416
95812 95812
96246 96246
99428 99428
97203 97203
99870 99870
99790 99790
96535 96535
94254 94254
93755 93755
91714 91714
87681 87681
90365 90365
90254 90254
89788 89788
93221 93221
91720 91720
91863 91863
92564 92564
95967 95967
95928 95928
91683 91683
90819 90819
92484 92484
93843 93843
96783 96783
94657 94657
94988 94988
93683 93683
91815 91815
92955 92955
95615 95615
94486 94486
95392 95392
93461 93461
89181 89181
89275 89275
87434 87434
86823 86823
89613 89613
92220 92220
95268 95268
96826 96826
96091 96091
97759 97759
100203 100203
97044 97044
100643 100643
95977 95977
97151 97151
96136 96136
95055 95055
95507 95507
91673 91673
89772 89772
90000 90000
92803 92803
92975 92975
93134 93134
93330 93330
93861 93861
94001 94001
92161 92161
91111 91111
93150 93150
92423 92423
92567 92567
96931 96931
92854 92854
94116 94116
93316 93316
94299 94299
93300 93300
93667 93667
91112 91112
91516 91516
91373 91373
87837 87837
90145 90145
94665 94665
94684 94684
94914 94914
93656 93656
93437 93437
94693 94693
90489 90489
87108 87108
86161 86161
88251 88251
89002 89002
89668 89668
88922 88922
92123 92123
91743 91743
92122 92122
99264 99264
97721 97721
95558 95558
95622 95622
94545 94545
96818 96818
97706 97706
98929 98929
98963 98963
102425 102425
105010 105010
103473 103473
101871 101871
104568 104568
94277 94277
94382 94382
89887 89887
90957 90957
87921 87921
88238 88238
89877 89877
92470 92470
88885 88885
89675 89675
92299 92299
90061 90061
85563 85563
86825 86825
92509 92509
88998 88998
95971 95971
91230 91230
96448 96448
99245 99245
96232 96232
94245 94245
93864 93864
90521 90521
93684 93684
88682 88682
89577 89577
94412 94412
92232 92232
88915 88915
89527 89527
90299 90299
89084 89084
89508 89508
91487 91487
93304 93304
91263 91263
89066 89066
92530 92530
91678 91678
86736 86736
83003 83003
87285 87285
86046 86046
86312 86312
85810 85810
91184 91184
92403 92403
93100 93100
95290 95290
94330 94330
91268 91268
92724 92724
91396 91396
93984 93984
96542 96542
95933 95933
96369 96369
99615 99615
97851 97851
92744 92744
93164 93164
95352 95352
92537 92537
94927 94927
94728 94728
102181 102181
103351 103351
101501 101501
104124 104124
100493 100493
99602 99602
98366 98366
99567 99567
99224 99224
98425 98425
97013 97013
97290 97290
95885 95885
96702 96702
98408 98408
98247 98247
91587 91587
94839 94839
93781 93781
96079 96079
95547 95547
96891 96891
97434 97434
93132 93132
91846 91846
90659 90659
89985 89985
92476 92476
93405 93405
92289 92289
91920 91920
91675 91675
91828 91828
94602 94602
91489 91489
90067 90067
93869 93869
92704 92704
94197 94197
92513 92513
95245 95245
94473 94473
94841 94841
94513 94513
95107 95107
101005 101005
101516 101516
99445 99445
98796 98796
97462 97462
100527 100527
96325 96325
93657 93657
92909 92909
91481 91481
93659 93659
93488 93488
92592 92592
90722 90722
87678 87678
90420 90420
92032 92032
91693 91693
97784 97784
95983 95983
93009 93009
90466 90466
93384 93384
92905 92905
93769 93769
86513 86513
89349 89349
93773 93773
96164 96164
96571 96571
95014 95014
94260 94260
92087 92087
93183 93183
90397 90397
89905 89905
88338 88338
89662 89662
92265 92265
93090 93090
93680 93680
93452 93452
91059 91059
92589 92589
93547 93547
96534 96534
93520 93520
94607 94607
95977 95977
96108 96108
99191 99191
96504 96504
95586 95586
94324 94324
92690 92690
95736 95736
98577 98577
98723 98723
94222 94222
93260 93260
92624 92624
93827 93827
92511 92511
93495 93495
91862 91862
97177 97177
95979 95979
96079 96079
96949 96949
98604 98604
98852 98852
94315 94315
88265 88265
91193 91193
95260 95260
95127 95127
92510 92510
91747 91747
94815 94815
95687 95687
96941 96941
92832 92832
95806 95806
90749 90749
97857 97857
100420 100420
97598 97598
99963 99963
98785 98785
100213 100213
99821 99821
101858 101858
100079 100079
98033 98033
96724 96724
97235 97235
96584 96584
97064 97064
99451 99451
97565 97565
95200 95200
93217 93217
94608 94608
94588 94588
93962 93962
96200 96200
100292 100292
96631 96631
97417 97417
95171 95171
96489 96489
96227 96227
97102 97102
100773 100773
100253 100253
96085 96085
95595 95595
92994 92994
92536 92536
95637 95637
88959 88959
89974 89974
92744 92744
91244 91244
93284 93284
93597 93597
93679 93679
94733 94733
97051 97051
93850 93850
94076 94076
94215 94215
89451 89451
94804 94804
96197 96197
95717 95717
92774 92774
91759 91759
92703 92703
90125 90125
92746 92746
92596 92596
94219 94219
89863 89863
95055 95055
93269 93269
88933 88933
90444 90444
94511 94511
94780 94780
94216 94216
91583 91583
93241 93241
96906 96906
96312 96312
95678 95678
94129 94129
96463 96463
96159 96159
91299 91299
88014 88014
87674 87674
92402 92402
91140 91140
92005 92005
91487 91487
90193 90193
91220 91220
94174 94174
88871 88871
93297 93297
96613 96613
96063 96063
95021 95021
94659 94659
98025 98025
96531 96531
96303 96303
96167 96167
93740 93740
97149 97149
93323 93323
97722 97722
98738 98738
95037 95037
93038 93038
90279 90279
93478 93478
90511 90511
90274 90274
95752 95752
95039 95039
95889 95889
96175 96175
101493 101493
98670 98670
101270 101270
100249 100249
95354 95354
95072 95072
89217 89217
94358 94358
99895 99895
97129 97129
96552 96552
102643 102643
102811 102811
100224 100224
98663 98663
99712 99712
97979 97979
100017 100017
100238 100238
95021 95021
93138 93138
94744 94744
94386 94386
96700 96700
100174 100174
98408 98408
99896 99896
98160 98160
99232 99232
99855 99855
97807 97807
94074 94074
88929 88929
86506 86506
92395 92395
90173 90173
86686 86686
86129 86129
87443 87443
86078 86078
90066 90066
90786 90786
89922 89922
89762 89762
91861 91861
95477 95477
98383 98383
98193 98193
96093 96093
99033 99033
101233 101233
98685 98685
98717 98717
94730 94730
96198 96198
97916 97916
96617 96617
97578 97578
95094 95094
91666 91666
91585 91585
93553 93553
90321 90321
91194 91194
92919 92919
94034 94034
91035 91035
96797 96797
92897 92897
93228 93228
93826 93826
92465 92465
94304 94304
95647 95647
96957 96957
94502 94502
94113 94113
98839 98839
98698 98698
98525 98525
98126 98126
98269 98269
98869 98869
97558 97558
97387 97387
97197 97197
95375 95375
96874 96874
99346 99346
98597 98597
95179 95179
95546 95546
91033 91033
93813 93813
93110 93110
94712 94712
90945 90945
94288 94288
93562 93562
96565 96565
95212 95212
92879 92879
98623 98623
103949 103949
98553 98553
97358 97358
96865 96865
97591 97591
97749 97749
97257 97257
98771 98771
92856 92856
90538 90538
89130 89130
94988 94988
95966 95966
97150 97150
98778 98778
95214 95214
95997 95997
94653 94653
98791 98791
95682 95682
94157 94157
92097 92097
88504 88504
92529 92529
94960 94960
95170 95170
96883 96883
93329 93329
94403 94403
101632 101632
100883 100883
100807 100807
98961 98961
95736 95736
95795 95795
91721 91721
90314 90314
94600 94600
91679 91679
89628 89628
89771 89771
89373 89373
92652 92652
95205 95205
95897 95897
91140 91140
92562 92562
90623 90623
90237 90237
85098 85098
90843 90843
92989 92989
87401 87401
85026 85026
85085 85085
86982 86982
88339 88339
89288 89288
91232 91232
91280 91280
89259 89259
92660 92660
90604 90604
91507 91507
95996 95996
94564 94564
93415 93415
94284 94284
97069 97069
99544 99544
97017 97017
96288 96288
94724 94724
90196 90196
89853 89853
90243 90243
88173 88173
89067 89067
93208 93208
91097 91097
94157 94157
95877 95877
95918 95918
94259 94259
94342 94342
97219 97219
100784 100784
97980 97980
94079 94079
90866 90866
92497 92497
90603 90603
89985 89985
87937 87937
82213 82213
86261 86261
85767 85767
85769 85769
90387 90387
89818 89818
93556 93556
92894 92894
96022 96022
96714 96714
95154 95154
95184 95184
95506 95506
96801 96801
96480 96480
94172 94172
91109 91109
94880 94880
92748 92748
89848 89848
90190 90190
91334 91334
96715 96715
100050 100050
98021 98021
99420 99420
90619 90619
90396 90396
90810 90810
89306 89306
91135 91135
89778 89778
86485 86485
89546 89546
91862 91862
92228 92228
93571 93571
95041 95041
93662 93662
93920 93920
98611 98611
100907 100907
99242 99242
94933 94933
92666 92666
95529 95529
96600 96600
98478 98478
94707 94707
95740 95740
98274 98274
97223 97223
98974 98974
100092 100092
99804 99804
98087 98087
96806 96806
97328 97328
100182 100182
95779 95779
95232 95232
97124 97124
98538 98538
100137 100137
97241 97241
93678 93678
96368 96368
94496 94496
96400 96400
94270 94270
95217 95217
93422 93422
96298 96298
99503 99503
101244 101244
100763 100763
102053 102053
100717 100717
97520 97520
98359 98359
92718 92718
95198 95198
96448 96448
95750 95750
95044 95044
93037 93037
93314 93314
93071 93071
96828 96828
95824 95824
94340 94340
97855 97855
91715 91715
93268 93268
90734 90734
90763 90763
92290 92290
96555 96555
96646 96646
94260 94260
95409 95409
96490 96490
96900 96900
96704 96704
96460 96460
94646 94646
92371 92371
92611 92611
95813 95813
97129 97129
95025 95025
92640 92640
97361 97361
94632 94632
98364 98364
98410 98410
98382 98382
93570 93570
95131 95131
99283 99283
102378 102378
99101 99101
95666 95666
94216 94216
93618 93618
95096 95096
96427 96427
97458 97458
99399 99399
98208 98208
96269 96269
92523 92523
91494 91494
92148 92148
95252 95252
97383 97383
97654 97654
98875 98875
97124 97124
94867 94867
98618 98618
99699 99699
100159 100159
97617 97617
97687 97687
101503 101503
98345 98345
96581 96581
98557 98557
97105 97105
101284 101284
98808 98808
101704 101704
100569 100569
100006 100006
100449 100449
99100 99100
101206 101206
99581 99581
99538 99538
95903 95903
90810 90810
94853 94853
99490 99490
97826 97826
95240 95240
95638 95638
95760 95760
92776 92776
91854 91854
91282 91282
89405 89405
88885 88885
90183 90183
88447 88447
93974 93974
91455 91455
92066 92066
91621 91621
92772 92772
94217 94217
93822 93822
94012 94012
95860 95860
95552 95552
97724 97724
91722 91722
91665 91665
88388 88388
90692 90692
90086 90086
90666 90666
89450 89450
86315 86315
87235 87235
91178 91178
91852 91852
91749 91749
95550 95550
96242 96242
96304 96304
103034 103034
101039 101039
99939 99939
104384 104384
105154 105154
105638 105638
101993 101993
98621 98621
94134 94134
95983 95983
95871 95871
93088 93088
91497 91497
94637 94637
94238 94238
92295 92295
89613 89613
90278 90278
91212 91212
92899 92899
93187 93187
95185 95185
98048 98048
95895 95895
98479 98479
99704 99704
93465 93465
93164 93164
91181 91181
93982 93982
99042 99042
96164 96164
95561 95561
98217 98217
92229 92229
94827 94827
96412 96412
97292 97292
94738 94738
98338 98338
94804 94804
95719 95719
97737 97737
96641 96641
100341 100341
99981 99981
97938 97938
101103 101103
103318 103318
100971 100971
100582 100582
100359 100359
97221 97221
97249 97249
98078 98078
94038 94038
99465 99465
99476 99476
99343 99343
102719 102719
103582 103582
101567 101567
99155 99155
99429 99429
99004 99004
103439 103439
103782 103782
101828 101828
98107 98107
96394 96394
95753 95753
96026 96026
95470 95470
97339 97339
98990 98990
99261 99261
101575 101575
97027 97027
97839 97839
99311 99311
99517 99517
100498 100498
99824 99824
97160 97160
99459 99459
97985 97985
97692 97692
95191 95191
97419 97419
92461 92461
94715 94715
94299 94299
93254 93254
98737 98737
97941 97941
94312 94312
94454 94454
97094 97094
96412 96412
98231 98231
95147 95147
95217 95217
94206 94206
96233 96233
94301 94301
94765 94765
88002 88002
90030 90030
90793 90793
90637 90637
91361 91361
91839 91839
94100 94100
92816 92816
92446 92446
92726 92726
94014 94014
92840 92840
91061 91061
94743 94743
95031 95031
92654 92654
95742 95742
95593 95593
92699 92699
94670 94670
94832 94832
95212 95212
94866 94866
95478 95478
95559 95559
92324 92324
92741 92741
94395 94395
99716 99716
98278 98278
97766 97766
92189 92189
90117 90117
93632 93632
94603 94603
96571 96571
98784 98784
96911 96911
96841 96841
100271 100271
96589 96589
93868 93868
95532 95532
100928 100928
102744 102744
100722 100722
97060 97060
94491 94491
91500 91500
88350 88350
91245 91245
91484 91484
90974 90974
87418 87418
88611 88611
91632 91632
90938 90938
86858 86858
84638 84638
87162 87162
90005 90005
88657 88657
85545 85545
89948 89948
93125 93125
99222 99222
98882 98882
99300 99300
97672 97672
96590 96590
94706 94706
95855 95855
91851 91851
93014 93014
90761 90761
91155 91155
89495 89495
92815 92815
92858 92858
93359 93359
93340 93340
96779 96779
94910 94910
95645 95645
96182 96182
93026 93026
91761 91761
90984 90984
92370 92370
95804 95804
98552 98552
99744 99744
100733 100733
97333 97333
97413 97413
100553 100553
104188 104188
102973 102973
99617 99617
99655 99655
101438 101438
97804 97804
95938 95938
93944 93944
98112 98112
96165 96165
95716 95716
98731 98731
98879 98879
101942 101942
99691 99691
101470 101470
97113 97113
98707 98707
101944 101944
102773 102773
104564 104564
102608 102608
100130 100130
97133 97133
95080 95080
100020 100020
103571 103571
100773 100773
98922 98922
99218 99218
97049 97049
99047 99047
98280 98280
96235 96235
93454 93454
93008 93008
91597 91597
93474 93474
94983 94983
97616 97616
96542 96542
98298 98298
98523 98523
97087 97087
95787 95787
90822 90822
89440 89440
89973 89973
88327 88327
87454 87454
86865 86865
86295 86295
93988 93988
94772 94772
97287 97287
101087 101087
100164 100164
101062 101062
97600 97600
99928 99928
99792 99792
97326 97326
102994 102994
100785 100785
98121 98121
96689 96689
94369 94369
93965 93965
95441 95441
98828 98828
98769 98769
91201 91201
96108 96108
94812 94812
88668 88668
91585 91585
92135 92135
92861 92861
94369 94369
95501 95501
92520 92520
91926 91926
88883 88883
87826 87826
88847 88847
93167 93167
94435 94435
95447 95447
91163 91163
91996 91996
94319 94319
93558 93558
96741 96741
91133 91133
90490 90490
92891 92891
92803 92803
94615 94615
93004 93004
90163 90163
96093 96093
96124 96124
98381 98381
98978 98978
100731 100731
99076 99076
96984 96984
98185 98185
98569 98569
98761 98761
99149 99149
100302 100302
101652 101652
94135 94135
97470 97470
92618 92618
96062 96062
94717 94717
93698 93698
91876 91876
92131 92131
92769 92769
89587 89587
90656 90656
90916 90916
94771 94771
92793 92793
94766 94766
94891 94891
96791 96791
97354 97354
98298 98298
94274 94274
96474 96474
96058 96058
99396 99396
98122 98122
97574 97574
95477 95477
93687 93687
93381 93381
97149 97149
99234 99234
95852 95852
97493 97493
94183 94183
93749 93749
95153 95153
91599 91599
89917 89917
93211 93211
91446 91446
93962 93962
95560 95560
95581 95581
96189 96189
95717 95717
91988 91988
87424 87424
92035 92035
94910 94910
95381 95381
97700 97700
95786 95786
94979 94979
96212 96212
95027 95027
96307 96307
99801 99801
98409 98409
97807 97807
99789 99789
95657 95657
97985 97985
98100 98100
95078 95078
99658 99658
98230 98230
95550 95550
93771 93771
92539 92539
92431 92431
93509 93509
90227 90227
92763 92763
96893 96893
96626 96626
95689 95689
97128 97128
95955 95955
95925 95925
95769 95769
96184 96184
88669 88669
89920 89920
92595 92595
96439 96439
96457 96457
96567 96567
96717 96717
94736 94736
93622 93622
97424 97424
98961 98961
97597 97597
98283 98283
94397 94397
95096 95096
96476 96476
92679 92679
94851 94851
95395 95395
97081 97081
95204 95204
95281 95281
93526 93526
93582 93582
92195 92195
94231 94231
90833 90833
92236 92236
96272 96272
93980 93980
93130 93130
97245 97245
93712 93712
94098 94098
94415 94415
94068 94068
99285 99285
100739 100739
99707 99707
98604 98604
94930 94930
93088 93088
92376 92376
92559 92559
94745 94745
93541 93541
93480 93480
93745 93745
94950 94950
91908 91908
90581 90581
90916 90916
93265 93265
94049 94049
90147 90147
90530 90530
96170 96170
93251 93251
91023 91023
87827 87827
92232 92232
90093 90093
94014 94014
89014 89014
93103 93103
95044 95044
98380 98380
98138 98138
100642 100642
101384 101384
100623 100623
98147 98147
98976 98976
99106 99106
99679 99679
99685 99685
98076 98076
99364 99364
97034 97034
97675 97675
95700 95700
92662 92662
90756 90756
95641 95641
98226 98226
104619 104619
103223 103223
100732 100732
99456 99456
98856 98856
95613 95613
96863 96863
96479 96479
93311 93311
94286 94286
92457 92457
94811 94811
96270 96270
95298 95298
89421 89421
89242 89242
96454 96454
98850 98850
98243 98243
97720 97720
93342 93342
93192 93192
98719 98719
95915 95915
99183 99183
98014 98014
92292 92292
92373 92373
92997 92997
90838 90838
91388 91388
93949 93949
95876 95876
94539 94539
94480 94480
93563 93563
97280 97280
94359 94359
97322 97322
99954 99954
94110 94110
100288 100288
97463 97463
98823 98823
93546 93546
91423 91423
93752 93752
92313 92313
92815 92815
90184 90184
89677 89677
87469 87469
87358 87358
85822 85822
90473 90473
94863 94863
95774 95774
95190 95190
94705 94705
95638 95638
98096 98096
92438 92438
89716 89716
89824 89824
91770 91770
89425 89425
86198 86198
89765 89765
91066 91066
90496 90496
91960 91960
90223 90223
86715 86715
89181 89181
91140 91140
94855 94855
98044 98044
96863 96863
94757 94757
94357 94357
94468 94468
95024 95024
97990 97990
100354 100354
101534 101534
99230 99230
95234 95234
95303 95303
91231 91231
95377 95377
93770 93770
96378 96378
93228 93228
94572 94572
99971 99971
100326 100326
99248 99248
99125 99125
99036 99036
99771 99771
98099 98099
100049 100049
99864 99864
96638 96638
89641 89641
90209 90209
89261 89261
92975 92975
96304 96304
95948 95948
96941 96941
97323 97323
98709 98709
99780 99780
100633 100633
104776 104776
101658 101658
102414 102414
98288 98288
95420 95420
92234 92234
95477 95477
94746 94746
94341 94341
92252 92252
92048 92048
96891 96891
97482 97482
96492 96492
93921 93921
95235 95235
94538 94538
95273 95273
94039 94039
91971 91971
91390 91390
93018 93018
93674 93674
99944 99944
101520 101520
99588 99588
95952 95952
96710 96710
99917 99917
94075 94075
88764 88764
86673 86673
85742 85742
79633 79633
82207 82207
85980 85980
85757 85757
92839 92839
91520 91520
88277 88277
91457 91457
90423 90423
96335 96335
98697 98697
100093 100093
97837 97837
96947 96947
95540 95540
98080 98080
96850 96850
95536 95536
98523 98523
96886 96886
99508 99508
99107 99107
95122 95122
95967 95967
95861 95861
98841 98841
93686 93686
92648 92648
94554 94554
93376 93376
90428 90428
93519 93519
94121 94121
98121 98121
95535 95535
95922 95922
94936 94936
99741 99741
101438 101438
102677 102677
104417 104417
99904 99904
98216 98216
95070 95070
94904 94904
93897 93897
94644 94644
96080 96080
92285 92285
98225 98225
96447 96447
95289 95289
101091 101091
102644 102644
100880 100880
102335 102335
103059 103059
101788 101788
97935 97935
97962 97962
94112 94112
93683 93683
93180 93180
97325 97325
93889 93889
94184 94184
93505 93505
96754 96754
96108 96108
91014 91014
95132 95132
95618 95618
92979 92979
93392 93392
92300 92300
95142 95142
88925 88925
86353 86353
93689 93689
91506 91506
86361 86361
90417 90417
90860 90860
92269 92269
88587 88587
88497 88497
90801 90801
87548 87548
88771 88771
89243 89243
95637 95637
98749 98749
95664 95664
97253 97253
96158 96158
93792 93792
93233 93233
91476 91476
95529 95529
96521 96521
97440 97440
98243 98243
97071 97071
96075 96075
100178 100178
100055 100055
96126 96126
95696 95696
94112 94112
94555 94555
98084 98084
96719 96719
99936 99936
95838 95838
89280 89280
92130 92130
94823 94823
98688 98688
99057 99057
95849 95849
95522 95522
96390 96390
93709 93709
96540 96540
97549 97549
95834 95834
99691 99691
96151 96151
100815 100815
98871 98871
97601 97601
98270 98270
99664 99664
94148 94148
96550 96550
95885 95885
94045 94045
90099 90099
94364 94364
91648 91648
91330 91330
95342 95342
96436 96436
99371 99371
98650 98650
99601 99601
100268 100268
99736 99736
95870 95870
98593 98593
95778 95778
94222 94222
96130 96130
95211 95211
95470 95470
94872 94872
89769 89769
89316 89316
93510 93510
93364 93364
92775 92775
89494 89494
93025 93025
92048 92048
92077 92077
91198 91198
89327 89327
94113 94113
95019 95019
91931 91931
86903 86903
87913 87913
90580 90580
91316 91316
95165 95165
95610 95610
93007 93007
92006 92006
89911 89911
92094 92094
95308 95308
97654 97654
96583 96583
93702 93702
96027 96027
97636 97636
96513 96513
97988 97988
92513 92513
95556 95556
95776 95776
89563 89563
89483 89483
91215 91215
89877 89877
88256 88256
91389 91389
91529 91529
93493 93493
96360 96360
94984 94984
92904 92904
93830 93830
93472 93472
93017 93017
90466 90466
91172 91172
93683 93683
93372 93372
96714 96714
96398 96398
95836 95836
93958 93958
95144 95144
93789 93789
93148 93148
92618 92618
89894 89894
90701 90701
90560 90560
93872 93872
89652 89652
98432 98432
100205 100205
99099 99099
98186 98186
94044 94044
91866 91866
91200 91200
93127 93127
91019 91019
88512 88512
87377 87377
90457 90457
86970 86970
88786 88786
93095 93095
92483 92483
95765 95765
99254 99254
94420 94420
96330 96330
95537 95537
96714 96714
98360 98360
99152 99152
98782 98782
95177 95177
94255 94255
95865 95865
93357 93357
91592 91592
92971 92971
96105 96105
97652 97652
95878 95878
94667 94667
92641 92641
98391 98391
97981 97981
93587 93587
91376 91376
89250 89250
89421 89421
90916 90916
92428 92428
94559 94559
96411 96411
97834 97834
98244 98244
96005 96005
97460 97460
95297 95297
91260 91260
89011 89011
94373 94373
98725 98725
96288 96288
97575 97575
98454 98454
99277 99277
98275 98275
99143 99143
96968 96968
95967 95967
94666 94666
94583 94583
93784 93784
95840 95840
97199 97199
92069 92069
91347 91347
94602 94602
91932 91932
92652 92652
96412 96412
98550 98550
94746 94746
94929 94929
92716 92716
93364 93364
95356 95356
99384 99384
96922 96922
101822 101822
100691 100691
101529 101529
98060 98060
93356 93356
92032 92032
91578 91578
85835 85835
88456 88456
88489 88489
89323 89323
86474 86474
90710 90710
91196 91196
90287 90287
95153 95153
91436 91436
90321 90321
91627 91627
91722 91722
88591 88591
90628 90628
96634 96634
93707 93707
97079 97079
100808 100808
98922 98922
99588 99588
102294 102294
98060 98060
99664 99664
94501 94501
98795 98795
98996 98996
98752 98752
98879 98879
98214 98214
100240 100240
100378 100378
98071 98071
95333 95333
92915 92915
94128 94128
95147 95147
91622 91622
88966 88966
89636 89636
90971 90971
90116 90116
89303 89303
90648 90648
88942 88942
93949 93949
90503 90503
89437 89437
88328 88328
90188 90188
90381 90381
96213 96213
94699 94699
94874 94874
98112 98112
98619 98619
98122 98122
94979 94979
93337 93337
95219 95219
95921 95921
94540 94540
96974 96974
90147 90147
91308 91308
93147 93147
94322 94322
94082 94082
96721 96721
97532 97532
96987 96987
99236 99236
99684 99684
101668 101668
96528 96528
97339 97339
100428 100428
102997 102997
103419 103419
97026 97026
97051 97051
96281 96281
95024 95024
95069 95069
95454 95454
96400 96400
94948 94948
99353 99353
97607 97607
94133 94133
94301 94301
98391 98391
99513 99513
97449 97449
97040 97040
96873 96873
95960 95960
92150 92150
98749 98749
96303 96303
91735 91735
94077 94077
95453 95453
97277 97277
96273 96273
94827 94827
92231 92231
91556 91556
91573 91573
94204 94204
90245 90245
86330 86330
86162 86162
91723 91723
91620 91620
93813 93813
92219 92219
89430 89430
88264 88264
88146 88146
95488 95488
95662 95662
96604 96604
100554 100554
101462 101462
99422 99422
97716 97716
98853 98853
101582 101582
103868 103868
103562 103562
98866 98866
100153 100153
98213 98213
95942 95942
96226 96226
99217 99217
100197 100197
95051 95051
95552 95552
91052 91052
93760 93760
95540 95540
93565 93565
93037 93037
90547 90547
97575 97575
93343 93343
90351 90351
92088 92088
89675 89675
88510 88510
88006 88006
90725 90725
90575 90575
92729 92729
97984 97984
95190 95190
96495 96495
96418 96418
95685 95685
92329 92329
94920 94920
89353 89353
89971 89971
92991 92991
93114 93114
91652 91652
92439 92439
92167 92167
96585 96585
99594 99594
98729 98729
96354 96354
98175 98175
94008 94008
91923 91923
89695 89695
94475 94475
96320 96320
98065 98065
97649 97649
96887 96887
91883 91883
93720 93720
92914 92914
93200 93200
87715 87715
91992 91992
93529 93529
91456 91456
93419 93419
95472 95472
98745 98745
96750 96750
94065 94065
97620 97620
94185 94185
94275 94275
100476 100476
102230 102230
101183 101183
96452 96452
92467 92467
94251 94251
92848 92848
97206 97206
91177 91177
92666 92666
95528 95528
97303 97303
98051 98051
98123 98123
93772 93772
92064 92064
94151 94151
96340 96340
95176 95176
95436 95436
93484 93484
90713 90713
90932 90932
92787 92787
94120 94120
91083 91083
87493 87493
93126 93126
97046 97046
99555 99555
98296 98296
94737 94737
92932 92932
93892 93892
92541 92541
88915 88915
91184 91184
92120 92120
91165 91165
94609 94609
97931 97931
100320 100320
96812 96812
95632 95632
99132 99132
101633 101633
102834 102834
101275 101275
97527 97527
94308 94308
95946 95946
92587 92587
92638 92638
93644 93644
90671 90671
88077 88077
90691 90691
93712 93712
92861 92861
94620 94620
95996 95996
91931 91931
96653 96653
99087 99087
98856 98856
98730 98730
96476 96476
96253 96253
97513 97513
92801 92801
92133 92133
92582 92582
92124 92124
94170 94170
93108 93108
91460 91460
98579 98579
96743 96743
97278 97278
96521 96521
99305 99305
96221 96221
97097 97097
94579 94579
95622 95622
93568 93568
92835 92835
93823 93823
96661 96661
99074 99074
98566 98566
97371 97371
92492 92492
94410 94410
92849 92849
95324 95324
102572 102572
103579 103579
104738 104738
104744 104744
106520 106520
106578 106578
107145 107145
102747 102747
102766 102766
100653 100653
97141 97141
96438 96438
97242 97242
95569 95569
96542 96542
97646 97646
96246 96246
95733 95733
95647 95647
93119 93119
96118 96118
97413 97413
98064 98064
95742 95742
95499 95499
96050 96050
94726 94726
93097 93097
91553 91553
90652 90652
92268 92268
90416 90416
91131 91131
89828 89828
88522 88522
89943 89943
90775 90775
93749 93749
94019 94019
98513 98513
98870 98870
94748 94748
93179 93179
96547 96547
100599 100599
102476 102476
100268 100268
99646 99646
99727 99727
101127 101127
96410 96410
96939 96939
99662 99662
95621 95621
91418 91418
94470 94470
95151 95151
93459 93459
90689 90689
91030 91030
88932 88932
91072 91072
88111 88111
88649 88649
88270 88270
90425 90425
89366 89366
90149 90149
96457 96457
93216 93216
91092 91092
89744 89744
89949 89949
86907 86907
91640 91640
92576 92576
92032 92032
94133 94133
94717 94717
95359 95359
93106 93106
93445 93445
99693 99693
99544 99544
102508 102508
100202 100202
100634 100634
101059 101059
98445 98445
102666 102666
99638 99638
96481 96481
97680 97680
94828 94828
93376 93376
94038 94038
95645 95645
100498 100498
100026 100026
96807 96807
97588 97588
97767 97767
99110 99110
93601 93601
99268 99268
99689 99689
96495 96495
99978 99978
100106 100106
100314 100314
105001 105001
102084 102084
99573 99573
96692 96692
96336 96336
95503 95503
91328 91328
87853 87853
92331 92331
90674 90674
91581 91581
95909 95909
98738 98738
95780 95780
97133 97133
101659 101659
100260 100260
101396 101396
101876 101876
100677 100677
96991 96991
100320 100320
99246 99246
94769 94769
97381 97381
93424 93424
93761 93761
95711 95711
89013 89013
95857 95857
95235 95235
94362 94362
94960 94960
96328 96328
99342 99342
97830 97830
98831 98831
102249 102249
103153 103153
100848 100848
99351 99351
99948 99948
96321 96321
92243 92243
94823 94823
99844 99844
102057 102057
103350 103350
99769 99769
99648 99648
99369 99369
96214 96214
94712 94712
92098 92098
90672 90672
92294 92294
92464 92464
95374 95374
93569 93569
94749 94749
95536 95536
97922 97922
93055 93055
95747 95747
93975 93975
92348 92348
92819 92819
89615 89615
89596 89596
90517 90517
91180 91180
88776 88776
90979 90979
91301 91301
93291 93291
98489 98489
95980 95980
98633 98633
101863 101863
102405 102405
102194 102194
102980 102980
97899 97899
95102 95102
94049 94049
91817 91817
92803 92803
91126 91126
93451 93451
96695 96695
94472 94472
91899 91899
89510 89510
93092 93092
95067 95067
93321 93321
94639 94639
94166 94166
93788 93788
93277 93277
93059 93059
89239 89239
90292 90292
92414 92414
92013 92013
89840 89840
93639 93639
92643 92643
97079 97079
97720 97720
97741 97741
99053 99053
95292 95292
93386 93386
91625 91625
92225 92225
89420 89420
94171 94171
93889 93889
95107 95107
97891 97891
97499 97499
100106 100106
95471 95471
94214 94214
93334 93334
92426 92426
94408 94408
95115 95115
92548 92548
94892 94892
96771 96771
95192 95192
96563 96563
93351 93351
91859 91859
87032 87032
90786 90786
91105 91105
91683 91683
92468 92468
88912 88912
93705 93705
90381 90381
93762 93762
96327 96327
95404 95404
93307 93307
97392 97392
91018 91018
94238 94238
92817 92817
94239 94239
91813 91813
94411 94411
97601 97601
98001 98001
97078 97078
99374 99374
97262 97262
92060 92060
92940 92940
91002 91002
96666 96666
96489 96489
96827 96827
92824 92824
93310 93310
91531 91531
94088 94088
90537 90537
91450 91450
89277 89277
92413 92413
92821 92821
95029 95029
93414 93414
95975 95975
97708 97708
98067 98067
97249 97249
98397 98397
98259 98259
93350 93350
91362 91362
93201 93201
88526 88526
88251 88251
88624 88624
97448 97448
92298 92298
91944 91944
90779 90779
89758 89758
92490 92490
95306 95306
96293 96293
97325 97325
95684 95684
97917 97917
94875 94875
96742 96742
97427 97427
97159 97159
99985 99985
101493 101493
98752 98752
97330 97330
93041 93041
98305 98305
95850 95850
96039 96039
90873 90873
89191 89191
92774 92774
95190 95190
92891 92891
93648 93648
95939 95939
95165 95165
98317 98317
96529 96529
94099 94099
94642 94642
94366 94366
94983 94983
93883 93883
95798 95798
96578 96578
93069 93069
92226 92226
92944 92944
91447 91447
90329 90329
93603 93603
93751 93751
93649 93649
92443 92443
94651 94651
94477 94477
92077 92077
96568 96568
96719 96719
95902 95902
96970 96970
99948 99948
96940 96940
101671 101671
103402 103402
98025 98025
96461 96461
93200 93200
98371 98371
96036 96036
96385 96385
100524 100524
99156 99156
95682 95682
93735 93735
91298 91298
88730 88730
91752 91752
85846 85846
86666 86666
84939 84939
90224 90224
90853 90853
93633 93633
94079 94079
92089 92089
89664 89664
91582 91582
92505 92505
92951 92951
92926 92926
92055 92055
94062 94062
94504 94504
93969 93969
96641 96641
98923 98923
97297 97297
100030 100030
101016 101016
99769 99769
102492 102492
102096 102096
102466 102466
100943 100943
103660 103660
100153 100153
102052 102052
103245 103245
103120 103120
99497 99497
103504 103504
102053 102053
101483 101483
102495 102495
98403 98403
97230 97230
93514 93514
99606 99606
102402 102402
101706 101706
97971 97971
101099 101099
100147 100147
98928 98928
101162 101162
98578 98578
98463 98463
96950 96950
97405 97405
94754 94754
91772 91772
92945 92945
94374 94374
97074 97074
97268 97268
100141 100141
99845 99845
98658 98658
98818 98818
100670 100670
103008 103008
95294 95294
93228 93228
94830 94830
93354 93354
91506 91506
92429 92429
94562 94562
93188 93188
92865 92865
88873 88873
93451 93451
92852 92852
92528 92528
93014 93014
94610 94610
94811 94811
95249 95249
95865 95865
89974 89974
90875 90875
88197 88197
92839 92839
91680 91680
96619 96619
94528 94528
92721 92721
95594 95594
95045 95045
95729 95729
97834 97834
99000 99000
98383 98383
96275 96275
95916 95916
97907 97907
100496 100496
99255 99255
96919 96919
93240 93240
95019 95019
95564 95564
94345 94345
97345 97345
95158 95158
96358 96358
96275 96275
96479 96479
94338 94338
92179 92179
97477 97477
92992 92992
92436 92436
95030 95030
96858 96858
94743 94743
94271 94271
98506 98506
95482 95482
95120 95120
92048 92048
92796 92796
95734 95734
99547 99547
95713 95713
95643 95643
96383 96383
96979 96979
99821 99821
98959 98959
95497 95497
100272 100272
100985 100985
98637 98637
98312 98312
95747 95747
94190 94190
95699 95699
93974 93974
92755 92755
91799 91799
90492 90492
86880 86880
80958 80958
81443 81443
86217 86217
84724 84724
88485 88485
86381 86381
91161 91161
91366 91366
97725 97725
95714 95714
99017 99017
97250 97250
93601 93601
94727 94727
101303 101303
101159 101159
100544 100544
102750 102750
102964 102964
100250 100250
99161 99161
92816 92816
91743 91743
92389 92389
95895 95895
99742 99742
100095 100095
95974 95974
97689 97689
95348 95348
94934 94934
96093 96093
95691 95691
98732 98732
98424 98424
95468 95468
96048 96048
93016 93016
97133 97133
97022 97022
100726 100726
99274 99274
100402 100402
98473 98473
96487 96487
101617 101617
99691 99691
97485 97485
96965 96965
96105 96105
97767 97767
98967 98967
98627 98627
97846 97846
97685 97685
94636 94636
90990 90990
92897 92897
89430 89430
90488 90488
93036 93036
88349 88349
90645 90645
93828 93828
89651 89651
85783 85783
89003 89003
90404 90404
91598 91598
90633 90633
91773 91773
96381 96381
93764 93764
93906 93906
96806 96806
92320 92320
94531 94531
92094 92094
92490 92490
90787 90787
91035 91035
89184 89184
90020 90020
91596 91596
90716 90716
94507 94507
94784 94784
95384 95384
93835 93835
94673 94673
94878 94878
91388 91388
95043 95043
95268 95268
99949 99949
102508 102508
98923 98923
97525 97525
93371 93371
94057 94057
92563 92563
87558 87558
89850 89850
90175 90175
91189 91189
88415 88415
88396 88396
90899 90899
95898 95898
96837 96837
94480 94480
98818 98818
100499 100499
99123 99123
98532 98532
99705 99705
102023 102023
104713 104713
103507 103507
98524 98524
100629 100629
97310 97310
94993 94993
92174 92174
89788 89788
91213 91213
94983 94983
94352 94352
95942 95942
94555 94555
91729 91729
92336 92336
87612 87612
89279 89279
94567 94567
95069 95069
93186 93186
89961 89961
89503 89503
92810 92810
92214 92214
93128 93128
92387 92387
95530 95530
95788 95788
99870 99870
99311 99311
99543 99543
96550 96550
97791 97791
97706 97706
99558 99558
94915 94915
94458 94458
93082 93082
93775 93775
92668 92668
92680 92680
89442 89442
87272 87272
84437 84437
91194 91194
90111 90111
88480 88480
89348 89348
94976 94976
98537 98537
98895 98895
95955 95955
94919 94919
90848 90848
89565 89565
91470 91470
91603 91603
94897 94897
94145 94145
100613 100613
97575 97575
98708 98708
99551 99551
99755 99755
98332 98332
100006 100006
101871 101871
98359 98359
102674 102674
100777 100777
104705 104705
102395 102395
99574 99574
99557 99557
96917 96917
98685 98685
104067 104067
101435 101435
99015 99015
91786 91786
92671 92671
96960 96960
96571 96571
91065 91065
91433 91433
96919 96919
99064 99064
104546 104546
103424 103424
97334 97334
97753 97753
97326 97326
95062 95062
93302 93302
90343 90343
89000 89000
89904 89904
86271 86271
89652 89652
92065 92065
89385 89385
87823 87823
85857 85857
88904 88904
88165 88165
91098 91098
92037 92037
89658 89658
89706 89706
93992 93992
97752 97752
95094 95094
95035 95035
93722 93722
96967 96967
96938 96938
98278 98278
98917 98917
95836 95836
92111 92111
91765 91765
91181 91181
95040 95040
93060 93060
90937 90937
89929 89929
95317 95317
94101 94101
91372 91372
89546 89546
90905 90905
93092 93092
90377 90377
89724 89724
89500 89500
88685 88685
91764 91764
93687 93687
94575 94575
87019 87019
86111 86111
84794 84794
86974 86974
88377 88377
88616 88616
87058 87058
86028 86028
82457 82457
88090 88090
87670 87670
88576 88576
89597 89597
91524 91524
91537 91537
94178 94178
94495 94495
95980 95980
95475 95475
95544 95544
98334 98334
95509 95509
95780 95780
95103 95103
93318 93318
95297 95297
93571 93571
93909 93909
93933 93933
92911 92911
94281 94281
94969 94969
92841 92841
93497 93497
92920 92920
95318 95318
95967 95967
94854 94854
93659 93659
91936 91936
92734 92734
96880 96880
93892 93892
96322 96322
92756 92756
93345 93345
94511 94511
94472 94472
98875 98875
97421 97421
94488 94488
93624 93624
95291 95291
95713 95713
95061 95061
94400 94400
97702 97702
101767 101767
98258 98258
100288 100288
100377 100377
96149 96149
94681 94681
91652 91652
92280 92280
95731 95731
99580 99580
97059 97059
101061 101061
101798 101798
102409 102409
101105 101105
98369 98369
97410 97410
98093 98093
100690 100690
95375 95375
94930 94930
94591 94591
94567 94567
94589 94589
95149 95149
92944 92944
87024 87024
89901 89901
90285 90285
89376 89376
94260 94260
95639 95639
95554 95554
96262 96262
94304 94304
96105 96105
99450 99450
95447 95447
92577 92577
94684 94684
95863 95863
99913 99913
98908 98908
104531 104531
100834 100834
97830 97830
99893 99893
103060 103060
101385 101385
97657 97657
94664 94664
96204 96204
93800 93800
93163 93163
91640 91640
94353 94353
97375 97375
98989 98989
98727 98727
98667 98667
97863 97863
97375 97375
99587 99587
99463 99463
97370 97370
95619 95619
96047 96047
95925 95925
96163 96163
96406 96406
94255 94255
97540 97540
99187 99187
102100 102100
99004 99004
97850 97850
99710 99710
98456 98456
94922 94922
93786 93786
96656 96656
94926 94926
95805 95805
98307 98307
93736 93736
95801 95801
95652 95652
98157 98157
93250 93250
91854 91854
88945 88945
88274 88274
92681 92681
94568 94568
97131 97131
96804 96804
95346 95346
93017 93017
90933 90933
94369 94369
90618 90618
93592 93592
93400 93400
92228 92228
88948 88948
87850 87850
89833 89833
90900 90900
91535 91535
93977 93977
86197 86197
88706 88706
90042 90042
89881 89881
93637 93637
90230 90230
92493 92493
92883 92883
93846 93846
95167 95167
93000 93000
92451 92451
91501 91501
94559 94559
92437 92437
88942 88942
92111 92111
93377 93377
96503 96503
99485 99485
100670 100670
101428 101428
101226 101226
98150 98150
99566 99566
100179 100179
99957 99957
96736 96736
97138 97138
98674 98674
97414 97414
93394 93394
96395 96395
97841 97841
95567 95567
99484 99484
98141 98141
98784 98784
98266 98266
95663 95663
96286 96286
95571 95571
98134 98134
100978 100978
99844 99844
96030 96030
94136 94136
89399 89399
93089 93089
93212 93212
92068 92068
93780 93780
95632 95632
94995 94995
91753 91753
98373 98373
99654 99654
98065 98065
93660 93660
92996 92996
98970 98970
100105 100105
96655 96655
94564 94564
95177 95177
99327 99327
97810 97810
98758 98758
94923 94923
90784 90784
89010 89010
91967 91967
94630 94630
99714 99714
101328 101328
99625 99625
101862 101862
104592 104592
102998 102998
100934 100934
101383 101383
102997 102997
100631 100631
97169 97169
94671 94671
94113 94113
93487 93487
94135 94135
95733 95733
93151 93151
93805 93805
94727 94727
96770 96770
98749 98749
94923 94923
98039 98039
99372 99372
96782 96782
91173 91173
91056 91056
93158 93158
94283 94283
91956 91956
89588 89588
89889 89889
86765 86765
90187 90187
90030 90030
92582 92582
90432 90432
91612 91612
88225 88225
88101 88101
91821 91821
92848 92848
92585 92585
94192 94192
90491 90491
92825 92825
93338 93338
92522 92522
91925 91925
90487 90487
88574 88574
87915 87915
92081 92081
94070 94070
91965 91965
91857 91857
96054 96054
98200 98200
96913 96913
96063 96063
94872 94872
96917 96917
96487 96487
97944 97944
98065 98065
97337 97337
96440 96440
93869 93869
96181 96181
94910 94910
92435 92435
89275 89275
91953 91953
93541 93541
91926 91926
94043 94043
99015 99015
97944 97944
99186 99186
95510 95510
91862 91862
93517 93517
92613 92613
92681 92681
93172 93172
94489 94489
95213 95213
95265 95265
93159 93159
96619 96619
92674 92674
90454 90454
91580 91580
89460 89460
91104 91104
91549 91549
88807 88807
94115 94115
95375 95375
95493 95493
96757 96757
93463 93463
93542 93542
94881 94881
92570 92570
88656 88656
86359 86359
90872 90872
88282 88282
90201 90201
91371 91371
91879 91879
90383 90383
90780 90780
88651 88651
92214 92214
92533 92533
94912 94912
97412 97412
97756 97756
94470 94470
95468 95468
97330 97330
92494 92494
91689 91689
93219 93219
92251 92251
95016 95016
96331 96331
94779 94779
93550 93550
92685 92685
90087 90087
89528 89528
90534 90534
87125 87125
85021 85021
91369 91369
95624 95624
91543 91543
96449 96449
90671 90671
91250 91250
94642 94642
90986 90986
91521 91521
93025 93025
97385 97385
91546 91546
88541 88541
93056 93056
88754 88754
90451 90451
88780 88780
90981 90981
90227 90227
89848 89848
89220 89220
87892 87892
91175 91175
94441 94441
96299 96299
95692 95692
93717 93717
93790 93790
97251 97251
96838 96838
96508 96508
92813 92813
94895 94895
96254 96254
100830 100830
100395 100395
96758 96758
96993 96993
99927 99927
102967 102967
99154 99154
94809 94809
94175 94175
88005 88005
94639 94639
92962 92962
94129 94129
95572 95572
93360 93360
96528 96528
97274 97274
94777 94777
96541 96541
95329 95329
92532 92532
94639 94639
95675 95675
99323 99323
96705 96705
99480 99480
99287 99287
99924 99924
102021 102021
98450 98450
96891 96891
96525 96525
97748 97748
98766 98766
96728 96728
93557 93557
97936 97936
98301 98301
92850 92850
93853 93853
99207 99207
97278 97278
99991 99991
98269 98269
99746 99746
98526 98526
97914 97914
95796 95796
96844 96844
97035 97035
95073 95073
94400 94400
97696 97696
96637 96637
95122 95122
99018 99018
101360 101360
99127 99127
98894 98894
97213 97213
100696 100696
100499 100499
100615 100615
99557 99557
98727 98727
100643 100643
102999 102999
98575 98575
98422 98422
97820 97820
99755 99755
101220 101220
100686 100686
104926 104926
103678 103678
100184 100184
99266 99266
101649 101649
100522 100522
97274 97274
95654 95654
100265 100265
100990 100990
93612 93612
97856 97856
94712 94712
96516 96516
101614 101614
99303 99303
96135 96135
94297 94297
97706 97706
97951 97951
98848 98848
99341 99341
99345 99345
96598 96598
95597 95597
96173 96173
99275 99275
96880 96880
95248 95248
95787 95787
95421 95421
98968 98968
98649 98649
98035 98035
95228 95228
95335 95335
98887 98887
101433 101433
99896 99896
103163 103163
100627 100627
99738 99738
97488 97488
95909 95909
97666 97666
99357 99357
100081 100081
101405 101405
101092 101092
99778 99778
94203 94203
94944 94944
94356 94356
98148 98148
95515 95515
96154 96154
96582 96582
92346 92346
89781 89781
95632 95632
90757 90757
88546 88546
92296 92296
94490 94490
94030 94030
94371 94371
95842 95842
95859 95859
96800 96800
93845 93845
92743 92743
94921 94921
95429 95429
93851 93851
92172 92172
92640 92640
96407 96407
97914 97914
96188 96188
98516 98516
96834 96834
96709 96709
91258 91258
94424 94424
93555 93555
91360 91360
90725 90725
90939 90939
92707 92707
92488 92488
88050 88050
92501 92501
93426 93426
91736 91736
91627 91627
89351 89351
91131 91131
94992 94992
95341 95341
91006 91006
89348 89348
90074 90074
98069 98069
99565 99565
95031 95031
95786 95786
91538 91538
90835 90835
86400 86400
84189 84189
80561 80561
82580 82580
86934 86934
89676 89676
88807 88807
87296 87296
83381 83381
87680 87680
89171 89171
90532 90532
87392 87392
91843 91843
91407 91407
93534 93534
92828 92828
91486 91486
90490 90490
94903 94903
94902 94902
91248 91248
89593 89593
94525 94525
98381 98381
95446 95446
98429 98429
98696 98696
100169 100169
97619 97619
95393 95393
90018 90018
94110 94110
94173 94173
95835 95835
97389 97389
97888 97888
95511 95511
97494 97494
91951 91951
90612 90612
92418 92418
96832 96832
98444 98444
101053 101053
103459 103459
102212 102212
102524 102524
102458 102458
97727 97727
96405 96405
98137 98137
102430 102430
100904 100904
98306 98306
97287 97287
94220 94220
94975 94975
97326 97326
91575 91575
92998 92998
90192 90192
87353 87353
85701 85701
87738 87738
90981 90981
93589 93589
96235 96235
97453 97453
95305 95305
94357 94357
90133 90133
92287 92287
94009 94009
95001 95001
94032 94032
93031 93031
96618 96618
98071 98071
97030 97030
97539 97539
94902 94902
91706 91706
94304 94304
99870 99870
103579 103579
102274 102274
100812 100812
97223 97223
90772 90772
95242 95242
96355 96355
93541 93541
93307 93307
96525 96525
90589 90589
93792 93792
99753 99753
100049 100049
98894 98894
95074 95074
93790 93790
98176 98176
103528 103528
97568 97568
93214 93214
96754 96754
97664 97664
95124 95124
92813 92813
88764 88764
90042 90042
94314 94314
92821 92821
94152 94152
95181 95181
97697 97697
95827 95827
96189 96189
93804 93804
92131 92131
96914 96914
98716 98716
94985 94985
96504 96504
95412 95412
95617 95617
98687 98687
95240 95240
97783 97783
97412 97412
98712 98712
98791 98791
99331 99331
95734 95734
98202 98202
97721 97721
98187 98187
98728 98728
100648 100648
96640 96640
99862 99862
94930 94930
91982 91982
96104 96104
98904 98904
97913 97913
99883 99883
99670 99670
98219 98219
99719 99719
96917 96917
92791 92791
96334 96334
98269 98269
95852 95852
99126 99126
95736 95736
94233 94233
99952 99952
100684 100684
98541 98541
98564 98564
96944 96944
96258 96258
99944 99944
99540 99540
95892 95892
96882 96882
97187 97187
97842 97842
96619 96619
96283 96283
91961 91961
95106 95106
90765 90765
91749 91749
89945 89945
91349 91349
94920 94920
95645 95645
91204 91204
95919 95919
95020 95020
94096 94096
94165 94165
94000 94000
91754 91754
89780 89780
93644 93644
92657 92657
90531 90531
90528 90528
95581 95581
95628 95628
98099 98099
96933 96933
94691 94691
93331 93331
93723 93723
92679 92679
93808 93808
96837 96837
98402 98402
99448 99448
99468 99468
96116 96116
95356 95356
94189 94189
91896 91896
94910 94910
96069 96069
98509 98509
98542 98542
98974 98974
97544 97544
98131 98131
95705 95705
96577 96577
93126 93126
94358 94358
94896 94896
94409 94409
93330 93330
94964 94964
91686 91686
91295 91295
90164 90164
91769 91769
96819 96819
97659 97659
96925 96925
97013 97013
93249 93249
92029 92029
93313 93313
86702 86702
87344 87344
85085 85085
83557 83557
87866 87866
89134 89134
89075 89075
92493 92493
92526 92526
93513 93513
96587 96587
96086 96086
92826 92826
95786 95786
99353 99353
98363 98363
101005 101005
98164 98164
96237 96237
96548 96548
96507 96507
95154 95154
96969 96969
94696 94696
97307 97307
98559 98559
97193 97193
102644 102644
101618 101618
98861 98861
96053 96053
99453 99453
99406 99406
98406 98406
93676 93676
92894 92894
88985 88985
93651 93651
99086 99086
98492 98492
98388 98388
94006 94006
91686 91686
90417 90417
88039 88039
89562 89562
93085 93085
90429 90429
91028 91028
95068 95068
97134 97134
94857 94857
95864 95864
98577 98577
97707 97707
98484 98484
99096 99096
96506 96506
98477 98477
95078 95078
95444 95444
95264 95264
95916 95916
95844 95844
93605 93605
91288 91288
91537 91537
89799 89799
91784 91784
93050 93050
95646 95646
97472 97472
98944 98944
100851 100851
100735 100735
103908 103908
103353 103353
103106 103106
99800 99800
101350 101350
98349 98349
99299 99299
98784 98784
95339 95339
96730 96730
98687 98687
99612 99612
101534 101534
101580 101580
99144 99144
96422 96422
96068 96068
91535 91535
95667 95667
99127 99127
98591 98591
94605 94605
99682 99682
99887 99887
97266 97266
95527 95527
95092 95092
101522 101522
100053 100053
100631 100631
104906 104906
103392 103392
98762 98762
97058 97058
97425 97425
93784 93784
93776 93776
89340 89340
93144 93144
95935 95935
93471 93471
94378 94378
97027 97027
92789 92789
95590 95590
94174 94174
96341 96341
96713 96713
99289 99289
97978 97978
97424 97424
94301 94301
95649 95649
99725 99725
99307 99307
99717 99717
101818 101818
98764 98764
94758 94758
96055 96055
93103 93103
89652 89652
91459 91459
98804 98804
100984 100984
98061 98061
96820 96820
95148 95148
91403 91403
91822 91822
90885 90885
94052 94052
94534 94534
96703 96703
97257 97257
96461 96461
96288 96288
93231 93231
88367 88367
85259 85259
88252 88252
91531 91531
90245 90245
89474 89474
92243 92243
94274 94274
98064 98064
93198 93198
89756 89756
92219 92219
93346 93346
94392 94392
96275 96275
99063 99063
97780 97780
97521 97521
97445 97445
92368 92368
91797 91797
94516 94516
92643 92643
91171 91171
92600 92600
92766 92766
97280 97280
97120 97120
95664 95664
94876 94876
95638 95638
94583 94583
97599 97599
97801 97801
94705 94705
96257 96257
93665 93665
93609 93609
90164 90164
94385 94385
94566 94566
96109 96109
96368 96368
97287 97287
95886 95886
93173 93173
93092 93092
94136 94136
95109 95109
93606 93606
95578 95578
92451 92451
94078 94078
93071 93071
97247 97247
94738 94738
97667 97667
97111 97111
98159 98159
93780 93780
92172 92172
91618 91618
85118 85118
84251 84251
82689 82689
85379 85379
87780 87780
89861 89861
92566 92566
91660 91660
94821 94821
96637 96637
94928 94928
98278 98278
101080 101080
99077 99077
97714 97714
98585 98585
99414 99414
99850 99850
102465 102465
101092 101092
102991 102991
103253 103253
102853 102853
103182 103182
102095 102095
100845 100845
98909 98909
103570 103570
97247 97247
92925 92925
89485 89485
93643 93643
97478 97478
93439 93439
97047 97047
98036 98036
94798 94798
93734 93734
97568 97568
97440 97440
98390 98390
92793 92793
92647 92647
90979 90979
93187 93187
97643 97643
95467 95467
97880 97880
100037 100037
102927 102927
98198 98198
99798 99798
102117 102117
94828 94828
95681 95681
97184 97184
96300 96300
95921 95921
96135 96135
98594 98594
97679 97679
96535 96535
98697 98697
97795 97795
101130 101130
98424 98424
98838 98838
98664 98664
95286 95286
94145 94145
92917 92917
90447 90447
88194 88194
91676 91676
90104 90104
89995 89995
91826 91826
87670 87670
85188 85188
90519 90519
91442 91442
90127 90127
89466 89466
90555 90555
93272 93272
96912 96912
99598 99598
99093 99093
100490 100490
99267 99267
97869 97869
96799 96799
98738 98738
100651 100651
95606 95606
98093 98093
93758 93758
97870 97870
101803 101803
103930 103930
102450 102450
98272 98272
94954 94954
92752 92752
90728 90728
92232 92232
97969 97969
95738 95738
94702 94702
98304 98304
99725 99725
99066 99066
99907 99907
98937 98937
101735 101735
100042 100042
104343 104343
101765 101765
101417 101417
98740 98740
99937 99937
100022 100022
100913 100913
97742 97742
98209 98209
94784 94784
92123 92123
94299 94299
92738 92738
97264 97264
97448 97448
100253 100253
97843 97843
95033 95033
94929 94929
90481 90481
90297 90297
92948 92948
96668 96668
95061 95061
98381 98381
95986 95986
95495 95495
91765 91765
93523 93523
93294 93294
97932 97932
92663 92663
96665 96665
92968 92968
94432 94432
93641 93641
94013 94013
96634 96634
94754 94754
97860 97860
94604 94604
93558 93558
91331 91331
90866 90866
91738 91738
91461 91461
93863 93863
95430 95430
95498 95498
94035 94035
91677 91677
91843 91843
92070 92070
94275 94275
95459 95459
95335 95335
96954 96954
96040 96040
96277 96277
97952 97952
98037 98037
100220 100220
99972 99972
100532 100532
98798 98798
97240 97240
96610 96610
96758 96758
95222 95222
98050 98050
91483 91483
92469 92469
92554 92554
92641 92641
91533 91533
92792 92792
88258 88258
92389 92389
94399 94399
92081 92081
95266 95266
91827 91827
89957 89957
92000 92000
93642 93642
97169 97169
96019 96019
90518 90518
91404 91404
93051 93051
94564 94564
94007 94007
93400 93400
94943 94943
93716 93716
98428 98428
99328 99328
102319 102319
95365 95365
100041 100041
99087 99087
98374 98374
97529 97529
101771 101771
97024 97024
97089 97089
96956 96956
102030 102030
100413 100413
97817 97817
100816 100816
99361 99361
97161 97161
99705 99705
96686 96686
95857 95857
92855 92855
92501 92501
88922 88922
90333 90333
91657 91657
88381 88381
91416 91416
95354 95354
96365 96365
97866 97866
95117 95117
94223 94223
97245 97245
96417 96417
94358 94358
96534 96534
95036 95036
94226 94226
96219 96219
99542 99542
98061 98061
97613 97613
94939 94939
92072 92072
97300 97300
97983 97983
94034 94034
94884 94884
97705 97705
94866 94866
97161 97161
94294 94294
92423 92423
90680 90680
89355 89355
87590 87590
89473 89473
89417 89417
85050 85050
85422 85422
89351 89351
90337 90337
96066 96066
94364 94364
96168 96168
93146 93146
96206 96206
93579 93579
95313 95313
97055 97055
97832 97832
97847 97847
97926 97926
98556 98556
96963 96963
96140 96140
99019 99019
99092 99092
96912 96912
90687 90687
90086 90086
94623 94623
95208 95208
97340 97340
99999 99999
100791 100791
99328 99328
98229 98229
96226 96226
93297 93297
90906 90906
94188 94188
96862 96862
93350 93350
90689 90689
94406 94406
92774 92774
95105 95105
92038 92038
90744 90744
87272 87272
90577 90577
85725 85725
89149 89149
89233 89233
94372 94372
91028 91028
96331 96331
95386 95386
97658 97658
97852 97852
98791 98791
98647 98647
99642 99642
94075 94075
98799 98799
98983 98983
101228 101228
98489 98489
97921 97921
96855 96855
95429 95429
94336 94336
92776 92776
93841 93841
94216 94216
96200 96200
96495 96495
101349 101349
98462 98462
96335 96335
99407 99407
95979 95979
97775 97775
93140 93140
93598 93598
92955 92955
92273 92273
92409 92409
96412 96412
90700 90700
92503 92503
93928 93928
99079 99079
98130 98130
97393 97393
89757 89757
91619 91619
93123 93123
93144 93144
95378 95378
100276 100276
105254 105254
101452 101452
95571 95571
96645 96645
99466 99466
102836 102836
103701 103701
102581 102581
95139 95139
94678 94678
95669 95669
94539 94539
91621 91621
93253 93253
93978 93978
93973 93973
91559 91559
90346 90346
93626 93626
92447 92447
91484 91484
95317 95317
93700 93700
96789 96789
92277 92277
96239 96239
97050 97050
93771 93771
92940 92940
94296 94296
93760 93760
94371 94371
97268 97268
96464 96464
95503 95503
96862 96862
96681 96681
100016 100016
98458 98458
99436 99436
99667 99667
99208 99208
94059 94059
92979 92979
91663 91663
93055 93055
91105 91105
90676 90676
88053 88053
87224 87224
90869 90869
90586 90586
90668 90668
91511 91511
94881 94881
93830 93830
92859 92859
90594 90594
90899 90899
93291 93291
90598 90598
90186 90186
93750 93750
95024 95024
94442 94442
97443 97443
98956 98956
97934 97934
91140 91140
93979 93979
93502 93502
97778 97778
96939 96939
98202 98202
96626 96626
95332 95332
95862 95862
92473 92473
93124 93124
92453 92453
94633 94633
96047 96047
94358 94358
94025 94025
97878 97878
100472 100472
99511 99511
99127 99127
98874 98874
97069 97069
93721 93721
90899 90899
90473 90473
88317 88317
87854 87854
85589 85589
87948 87948
91009 91009
91738 91738
94508 94508
95719 95719
91675 91675
93697 93697
94516 94516
95354 95354
93581 93581
93337 93337
93135 93135
95280 95280
95320 95320
93466 93466
93800 93800
91759 91759
96628 96628
95641 95641
92759 92759
98084 98084
97674 97674
99047 99047
96547 96547
99443 99443
94669 94669
96765 96765
97944 97944
96092 96092
96185 96185
96747 96747
95428 95428
97329 97329
94535 94535
94446 94446
95606 95606
91409 91409
92326 92326
93785 93785
90699 90699
92007 92007
89320 89320
86022 86022
95532 95532
93830 93830
97161 97161
97850 97850
97689 97689
91043 91043
93553 93553
92927 92927
92988 92988
92804 92804
89810 89810
92576 92576
95286 95286
97855 97855
95086 95086
89840 89840
93380 93380
92244 92244
93527 93527
92616 92616
89146 89146
85809 85809
93805 93805
92623 92623
90935 90935
89878 89878
89863 89863
91191 91191
88526 88526
89166 89166
93922 93922
92639 92639
91551 91551
95045 95045
93753 93753
91830 91830
92264 92264
92662 92662
94391 94391
95098 95098
92333 92333
94025 94025
95967 95967
95048 95048
93772 93772
92963 92963
92102 92102
93277 93277
90749 90749
92366 92366
96747 96747
95637 95637
93952 93952
91900 91900
88571 88571
87421 87421
89428 89428
92002 92002
94616 94616
93713 93713
95350 95350
95001 95001
97238 97238
99941 99941
94204 94204
92793 92793
91784 91784
93858 93858
92713 92713
94940 94940
93280 93280
95398 95398
91456 91456
90949 90949
88422 88422
87603 87603
99312 99312
95685 95685
95553 95553
93385 93385
94212 94212
86372 86372
89941 89941
89865 89865
90395 90395
92261 92261
94944 94944
94671 94671
92706 92706
94050 94050
93323 93323
94067 94067
99055 99055
99290 99290
95065 95065
96271 96271
94507 94507
91327 91327
93187 93187
96333 96333
96832 96832
95065 95065
94874 94874
95705 95705
96481 96481
91607 91607
90077 90077
95136 95136
97386 97386
101514 101514
101546 101546
99463 99463
98315 98315
99901 99901
100899 100899
100647 100647
98416 98416
98914 98914
101257 101257
102743 102743
99403 99403
103736 103736
99116 99116
95788 95788
98162 98162
98818 98818
95948 95948
96898 96898
97526 97526
99947 99947
95684 95684
95334 95334
96343 96343
97449 97449
95410 95410
93111 93111
94977 94977
95156 95156
97580 97580
99506 99506
97302 97302
100278 100278
96106 96106
94330 94330
93402 93402
97756 97756
98588 98588
98656 98656
97243 97243
95258 95258
96544 96544
99483 99483
95888 95888
92171 92171
94653 94653
95154 95154
94873 94873
95149 95149
92542 92542
92594 92594
91268 91268
91604 91604
94844 94844
93530 93530
94234 94234
96037 96037
97779 97779
94564 94564
96025 96025
93304 93304
95304 95304
93161 93161
95138 95138
97180 97180
92248 92248
91465 91465
90125 90125
89906 89906
91963 91963
94239 94239
88499 88499
94892 94892
94306 94306
94421 94421
91017 91017
92560 92560
93844 93844
96310 96310
94307 94307
98045 98045
96032 96032
93628 93628
92881 92881
95902 95902
96619 96619
97238 97238
94575 94575
93071 93071
94505 94505
94747 94747
94787 94787
95852 95852
94913 94913
96507 96507
96579 96579
98467 98467
101084 101084
101448 101448
103086 103086
104638 104638
96597 96597
94255 94255
94525 94525
94371 94371
86375 86375
86546 86546
91042 91042
89143 89143
89321 89321
91465 91465
94298 94298
92581 92581
91946 91946
86225 86225
88885 88885
94225 94225
93059 93059
92269 92269
91897 91897
95730 95730
98855 98855
101607 101607
102792 102792
103702 103702
103813 103813
104480 104480
101794 101794
102040 102040
93614 93614
96842 96842
98035 98035
97609 97609
93883 93883
95650 95650
95070 95070
93540 93540
94307 94307
94304 94304
98248 98248
98701 98701
96248 96248
96434 96434
96422 96422
96431 96431
93672 93672
94806 94806
98468 98468
97213 97213
94727 94727
97241 97241
96579 96579
100106 100106
97606 97606
98213 98213
98949 98949
95673 95673
97669 97669
94418 94418
93001 93001
93628 93628
92758 92758
97174 97174
95933 95933
94427 94427
93091 93091
89964 89964
91664 91664
89992 89992
89656 89656
97879 97879
98846 98846
99988 99988
97942 97942
99253 99253
99749 99749
100881 100881
104398 104398
103055 103055
101319 101319
100691 100691
100630 100630
97751 97751
97128 97128
96538 96538
97788 97788
99886 99886
99792 99792
97316 97316
98300 98300
95902 95902
97828 97828
97758 97758
97251 97251
95237 95237
97122 97122
101886 101886
104435 104435
102746 102746
104294 104294
104935 104935
104026 104026
104278 104278
99387 99387
92040 92040
92190 92190
95765 95765
96175 96175
94547 94547
92145 92145
93986 93986
92852 92852
95080 95080
91610 91610
94069 94069
93606 93606
95096 95096
94604 94604
97899 97899
92307 92307
94918 94918
95257 95257
98204 98204
95995 95995
94995 94995
92656 92656
91998 91998
92568 92568
92106 92106
93796 93796
94451 94451
93593 93593
93204 93204
95977 95977
91395 91395
89857 89857
93204 93204
93947 93947
91901 91901
91000 91000
88536 88536
90212 90212
92704 92704
92107 92107
93870 93870
93299 93299
96084 96084
96736 96736
93307 93307
96076 96076
97242 97242
95761 95761
94267 94267
91230 91230
93380 93380
90244 90244
91429 91429
92913 92913
97416 97416
95687 95687
95654 95654
94497 94497
96427 96427
94290 94290
99412 99412
96538 96538
95953 95953
92930 92930
94657 94657
91104 91104
87056 87056
88142 88142
89050 89050
86864 86864
92751 92751
91740 91740
91738 91738
96062 96062
97212 97212
97333 97333
95270 95270
92410 92410
89056 89056
91210 91210
90094 90094
91462 91462
89205 89205
90847 90847
95633 95633
95984 95984
98035 98035
95175 95175
96360 96360
95561 95561
96448 96448
97750 97750
95136 95136
98622 98622
101457 101457
100951 100951
101838 101838
99431 99431
96639 96639
93516 93516
95298 95298
92381 92381
93554 93554
93456 93456
93426 93426
94404 94404
99888 99888
97052 97052
101380 101380
99865 99865
95770 95770
96436 96436
94322 94322
93585 93585
93213 93213
98601 98601
100628 100628
96456 96456
97631 97631
95407 95407
91826 91826
94301 94301
96691 96691
98703 98703
99213 99213
97108 97108
97351 97351
97172 97172
93126 93126
95803 95803
88956 88956
92455 92455
91547 91547
85531 85531
89535 89535
91966 91966
88190 88190
95363 95363
95100 95100
94496 94496
95235 95235
97095 97095
97794 97794
96576 96576
94033 94033
91940 91940
97106 97106
98724 98724
99591 99591
100055 100055
99192 99192
101627 101627
102079 102079
103021 103021
96213 96213
92600 92600
97635 97635
95413 95413
98083 98083
96366 96366
93900 93900
97453 97453
97015 97015
99632 99632
103891 103891
102711 102711
102673 102673
99694 99694
97623 97623
94880 94880
98443 98443
94964 94964
92797 92797
93756 93756
95707 95707
95532 95532
94539 94539
95490 95490
95137 95137
90543 90543
90637 90637
93620 93620
90910 90910
93251 93251
93401 93401
96503 96503
97382 97382
94134 94134
94436 94436
98357 98357
98927 98927
99260 99260
97208 97208
100379 100379
102117 102117
102683 102683
98919 98919
97325 97325
100343 100343
100274 100274
102442 102442
100961 100961
98884 98884
94357 94357
95636 95636
93370 93370
93735 93735
100456 100456
98274 98274
93852 93852
91075 91075
92246 92246
89794 89794
92957 92957
95335 95335
93711 93711
89188 89188
86570 86570
86644 86644
91085 91085
92630 92630
93242 93242
92999 92999
95399 95399
92502 92502
94153 94153
97274 97274
97936 97936
97363 97363
92090 92090
93844 93844
91162 91162
93919 93919
92134 92134
94573 94573
93253 93253
93751 93751
91936 91936
90841 90841
93016 93016
96620 96620
93036 93036
90701 90701
93652 93652
91024 91024
90987 90987
91616 91616
94691 94691
98347 98347
98064 98064
96409 96409
96054 96054
97045 97045
96201 96201
96018 96018
97016 97016
100079 100079
97843 97843
93658 93658
92695 92695
96007 96007
94658 94658
95974 95974
92974 92974
94874 94874
96430 96430
94917 94917
95260 95260
94188 94188
95653 95653
97183 97183
100184 100184
97100 97100
98524 98524
99385 99385
98608 98608
99590 99590
97738 97738
97544 97544
94440 94440
97773 97773
95859 95859
97517 97517
96282 96282
94004 94004
92568 92568
94786 94786
97609 97609
96003 96003
97584 97584
99347 99347
99859 99859
100713 100713
96853 96853
98742 98742
96703 96703
94714 94714
94458 94458
96107 96107
92463 92463
97599 97599
100371 100371
100566 100566
96989 96989
97440 97440
92161 92161
91820 91820
94451 94451
95559 95559
97578 97578
91231 91231
91210 91210
96099 96099
98590 98590
99116 99116
101138 101138
99627 99627
102404 102404
97080 97080
95276 95276
93667 93667
92040 92040
92339 92339
92452 92452
94450 94450
96057 96057
97592 97592
98379 98379
98043 98043
98722 98722
97642 97642
98298 98298
97261 97261
96977 96977
99206 99206
99053 99053
95959 95959
98270 98270
97479 97479
97253 97253
93883 93883
94478 94478
92324 92324
93579 93579
95773 95773
92518 92518
95642 95642
97527 97527
98254 98254
97469 97469
95618 95618
92701 92701
99630 99630
95512 95512
96447 96447
95696 95696
95342 95342
97926 97926
95174 95174
90245 90245
87370 87370
90061 90061
87331 87331
88016 88016
93938 93938
94743 94743
95669 95669
90511 90511
93418 93418
93186 93186
97217 97217
95835 95835
96298 96298
98092 98092
93529 93529
90568 90568
90731 90731
87964 87964
84323 84323
86785 86785
85939 85939
89971 89971
89365 89365
91609 91609
91801 91801
88784 88784
87098 87098
92082 92082
92520 92520
93113 93113
87725 87725
90666 90666
89481 89481
87271 87271
90933 90933
92247 92247
95051 95051
93045 93045
88487 88487
86433 86433
88207 88207
90563 90563
94553 94553
97769 97769
92394 92394
95153 95153
95361 95361
93697 93697
93969 93969
92253 92253
93565 93565
95135 95135
95906 95906
96369 96369
93896 93896
97298 97298
94123 94123
90972 90972
91773 91773
91812 91812
92182 92182
92445 92445
92615 92615
96829 96829
94422 94422
94092 94092
94152 94152
91839 91839
94596 94596
94198 94198
95795 95795
101476 101476
104431 104431
102237 102237
99464 99464
98262 98262
93392 93392
97253 97253
96883 96883
95906 95906
91233 91233
97159 97159
94020 94020
94096 94096
96918 96918
99124 99124
93935 93935
98449 98449
99602 99602
100024 100024
97387 97387
95838 95838
94526 94526
94554 94554
91384 91384
96016 96016
93008 93008
93640 93640
89624 89624
93251 93251
90543 90543
93290 93290
95004 95004
95295 95295
97238 97238
95623 95623
96366 96366
94569 94569
91643 91643
91772 91772
90375 90375
94666 94666
95756 95756
94750 94750
94925 94925
87983 87983
87852 87852
86963 86963
88337 88337
87593 87593
89704 89704
86354 86354
91091 91091
92090 92090
89593 89593
88098 88098
96570 96570
100217 100217
99049 99049
94352 94352
99571 99571
95110 95110
98957 98957
96541 96541
95302 95302
95154 95154
98571 98571
97766 97766
102293 102293
101376 101376
97193 97193
96966 96966
93319 93319
96819 96819
99466 99466
99650 99650
97198 97198
92845 92845
91878 91878
90655 90655
89247 89247
90232 90232
92112 92112
94326 94326
88755 88755
89305 89305
89971 89971
84952 84952
91515 91515
93981 93981
96156 96156
94515 94515
88995 88995
90505 90505
87854 87854
90181 90181
92030 92030
95148 95148
99268 99268
102448 102448
101333 101333
99890 99890
99736 99736
103154 103154
101922 101922
100198 100198
99079 99079
103954 103954
107670 107670
105592 105592
102462 102462
98479 98479
100576 100576
100691 100691
97813 97813
95931 95931
97510 97510
97999 97999
