122953
80834 80834
88349 88349
89086 89086
90071 90071
96039 96039
99324 99324
100829 100829
103425 103425
103511 103511
105329 105329
106622 106622
107514 107514
108883 108883
110135 110135
110576 110576
111035 111035
111123 111123
111931 111931
115385 115385
115690 115690
117342 117342
117342 117342
117342 117342
117342 117342
117342 117342
117342 117342
117342 117342
117342 117342
117342 117342
117342 117342
117342 117342
117652 117652
117652 117652
117780 117780
117833 117833
117959 117959
118563 118563
118643 118643
118954 118954
119362 119362
119727 119727
119732 119732
119762 119762
119762 119762
119762 119762
119762 119762
119762 119762
119762 119762
119762 119762
119762 119762
119762 119762
119762 119762
119762 119762
119762 119762
119762 119762
119762 119762
119762 119762
119762 119762
119762 119762
119762 119762
120012 120012
120012 120012
120320 120320
120641 120641
120907 120907
120907 120907
120907 120907
120907 120907
120907 120907
120907 120907
120907 120907
120907 120907
120907 120907
120907 120907
120907 120907
120941 120941
120941 120941
120941 120941
120941 120941
120941 120941
120941 120941
120941 120941
120941 120941
120941 120941
120941 120941
121138 121138
121429 121429
121429 121429
121429 121429
121429 121429
121429 121429
121429 121429
121429 121429
121429 121429
121429 121429
121429 121429
121429 121429
121429 121429
121429 121429
121429 121429
121429 121429
121429 121429
121429 121429
121429 121429
121429 121429
121429 121429
121429 121429
121429 121429
121429 121429
121429 121429
121429 121429
121429 121429
121429 121429
121429 121429
121429 121429
121429 121429
121429 121429
121429 121429
121429 121429
121429 121429
121429 121429
121429 121429
121429 121429
121429 121429
121429 121429
121429 121429
121429 121429
121429 121429
121429 121429
121479 121479
121600 121600
121600 121600
121600 121600
121600 121600
121600 121600
121600 121600
121600 121600
121600 121600
121600 121600
121600 121600
121600 121600
121600 121600
121600 121600
121600 121600
121600 121600
121600 121600
121600 121600
121600 121600
121600 121600
121600 121600
121600 121600
121600 121600
121600 121600
121600 121600
121600 121600
121600 121600
121600 121600
121600 121600
121600 121600
121600 121600
121600 121600
121600 121600
121600 121600
121600 121600
121600 121600
121600 121600
121600 121600
121600 121600
121600 121600
121600 121600
121600 121600
121600 121600
121600 121600
121600 121600
121741 121741
121741 121741
121741 121741
121741 121741
121741 121741
121741 121741
121741 121741
121741 121741
121741 121741
121741 121741
121741 121741
121741 121741
121741 121741
121741 121741
121741 121741
121741 121741
121741 121741
121741 121741
121741 121741
121741 121741
121741 121741
121741 121741
121741 121741
121741 121741
121741 121741
121741 121741
121858 121858
121858 121858
121858 121858
121858 121858
121858 121858
121858 121858
121858 121858
121858 121858
121858 121858
121858 121858
121858 121858
121858 121858
121858 121858
121858 121858
121858 121858
121858 121858
121858 121858
121858 121858
121858 121858
121858 121858
121858 121858
121858 121858
121858 121858
121858 121858
121858 121858
121858 121858
121858 121858
121858 121858
121858 121858
121858 121858
121858 121858
121858 121858
121858 121858
121858 121858
121858 121858
121858 121858
121858 121858
121858 121858
121858 121858
121858 121858
121858 121858
121858 121858
121858 121858
121858 121858
121858 121858
121858 121858
121858 121858
121858 121858
121858 121858
121858 121858
121858 121858
121858 121858
121858 121858
121858 121858
121858 121858
121858 121858
121858 121858
121858 121858
121858 121858
121858 121858
121858 121858
121858 121858
121882 121882
121882 121882
121882 121882
121882 121882
121882 121882
121882 121882
121882 121882
121882 121882
121882 121882
121882 121882
121882 121882
121882 121882
121882 121882
121882 121882
121882 121882
121882 121882
121882 121882
121882 121882
121882 121882
121882 121882
121882 121882
121882 121882
121993 121993
121993 121993
121993 121993
121993 121993
121993 121993
121993 121993
121993 121993
121993 121993
121993 121993
121993 121993
121993 121993
121993 121993
121993 121993
121993 121993
121993 121993
121993 121993
121993 121993
121993 121993
121993 121993
121993 121993
121993 121993
121993 121993
121993 121993
121993 121993
121993 121993
121993 121993
121993 121993
121993 121993
121993 121993
121993 121993
121993 121993
121993 121993
121993 121993
121993 121993
121993 121993
121993 121993
121993 121993
121993 121993
121993 121993
121993 121993
121993 121993
121993 121993
121993 121993
121993 121993
121993 121993
121993 121993
121993 121993
121993 121993
121993 121993
121993 121993
121993 121993
121993 121993
121993 121993
121993 121993
121993 121993
121993 121993
121993 121993
121993 121993
121993 121993
121993 121993
121993 121993
121993 121993
121993 121993
121993 121993
121993 121993
121993 121993
121993 121993
121993 121993
121993 121993
121993 121993
121993 121993
121993 121993
121993 121993
121993 121993
121993 121993
121993 121993
121993 121993
121993 121993
121993 121993
121993 121993
121993 121993
121993 121993
121993 121993
121993 121993
121993 121993
121993 121993
121993 121993
121993 121993
121993 121993
121993 121993
121993 121993
121993 121993
121993 121993
121993 121993
121993 121993
121993 121993
121993 121993
121993 121993
121993 121993
121993 121993
121993 121993
121993 121993
121993 121993
121993 121993
121993 121993
121993 121993
121993 121993
121993 121993
121993 121993
121993 121993
121993 121993
121993 121993
121993 121993
121993 121993
121993 121993
121993 121993
121993 121993
121993 121993
121993 121993
121993 121993
121993 121993
121993 121993
121993 121993
121993 121993
121993 121993
121993 121993
121993 121993
121993 121993
121993 121993
121993 121993
121993 121993
121993 121993
121993 121993
121993 121993
121993 121993
121993 121993
121993 121993
121993 121993
121993 121993
121993 121993
121993 121993
121993 121993
121993 121993
121993 121993
121993 121993
121993 121993
121993 121993
121993 121993
121993 121993
121993 121993
121993 121993
121993 121993
121993 121993
121993 121993
121993 121993
121993 121993
121993 121993
121993 121993
121993 121993
122189 122189
122189 122189
122189 122189
122189 122189
122189 122189
122189 122189
122189 122189
122189 122189
122189 122189
122189 122189
122189 122189
122189 122189
122189 122189
122189 122189
122189 122189
122189 122189
122189 122189
122189 122189
122189 122189
122189 122189
122189 122189
122189 122189
122189 122189
122189 122189
122189 122189
122189 122189
122189 122189
122189 122189
122189 122189
122189 122189
122189 122189
122189 122189
122189 122189
122189 122189
122189 122189
122189 122189
122189 122189
122337 122337
122337 122337
122501 122501
122501 122501
122501 122501
122501 122501
122501 122501
122501 122501
122501 122501
122501 122501
122501 122501
122501 122501
122501 122501
122501 122501
122501 122501
122501 122501
122501 122501
122501 122501
122501 122501
122501 122501
122501 122501
122501 122501
122501 122501
122501 122501
122731 122731
122731 122731
122731 122731
122731 122731
122731 122731
122731 122731
122731 122731
122731 122731
122731 122731
122731 122731
122731 122731
122731 122731
122731 122731
122731 122731
122731 122731
122731 122731
122731 122731
122768 122768
122768 122768
122768 122768
122768 122768
122768 122768
122768 122768
122768 122768
122768 122768
122768 122768
122768 122768
122768 122768
122768 122768
122768 122768
122768 122768
122768 122768
122768 122768
122768 122768
122768 122768
122768 122768
122768 122768
122768 122768
122768 122768
122768 122768
122768 122768
122768 122768
122768 122768
122768 122768
122768 122768
122768 122768
122768 122768
122768 122768
122768 122768
122768 122768
122768 122768
122768 122768
122768 122768
122768 122768
122768 122768
122768 122768
122768 122768
122768 122768
122768 122768
122768 122768
122768 122768
122768 122768
122768 122768
122768 122768
122768 122768
122768 122768
122768 122768
122768 122768
122768 122768
122768 122768
122768 122768
122768 122768
122768 122768
122768 122768
122768 122768
122768 122768
122768 122768
122768 122768
122768 122768
122768 122768
122768 122768
122768 122768
122768 122768
122840 122840
122840 122840
122840 122840
122840 122840
122840 122840
122840 122840
122840 122840
122840 122840
122840 122840
122840 122840
122840 122840
122840 122840
122840 122840
122840 122840
122840 122840
122840 122840
122840 122840
122840 122840
122840 122840
122840 122840
122840 122840
122840 122840
122840 122840
122840 122840
122840 122840
122840 122840
122840 122840
122840 122840
122840 122840
122840 122840
122840 122840
122840 122840
122840 122840
122840 122840
122840 122840
122840 122840
122840 122840
122840 122840
122840 122840
122840 122840
122840 122840
122840 122840
122840 122840
122840 122840
122840 122840
122840 122840
122840 122840
122840 122840
122840 122840
122840 122840
122840 122840
122840 122840
122840 122840
122840 122840
122840 122840
122840 122840
122840 122840
122840 122840
122840 122840
122840 122840
122840 122840
122840 122840
122840 122840
122840 122840
122840 122840
122840 122840
122840 122840
122840 122840
122840 122840
122840 122840
122840 122840
122840 122840
122840 122840
122840 122840
122840 122840
122840 122840
122840 122840
122840 122840
122840 122840
122840 122840
122840 122840
122840 122840
122840 122840
122840 122840
122840 122840
122840 122840
122840 122840
122840 122840
122840 122840
122840 122840
122840 122840
122840 122840
122840 122840
122840 122840
122840 122840
122840 122840
122840 122840
122840 122840
122840 122840
122840 122840
122840 122840
122840 122840
122840 122840
122840 122840
122953 122953
122953 122953
122953 122953
122953 122953
122953 122953
122953 122953
122953 122953
122953 122953
122953 122953
122953 122953
122953 122953
122953 122953
122953 122953
