123374
78389 78389
83494 83494
90701 90701
91846 91846
94633 94633
95606 95606
99015 99015
101266 101266
104767 104767
105369 105369
105460 105460
106523 106523
109005 109005
110583 110583
111067 111067
111288 111288
112026 112026
112756 112756
114407 114407
114459 114459
114650 114650
114650 114650
114650 114650
114650 114650
114842 114842
114842 114842
114842 114842
114842 114842
114896 114896
115328 115328
115923 115923
116511 116511
116511 116511
116553 116553
116915 116915
117542 117542
117594 117594
117871 117871
118338 118338
118557 118557
118767 118767
119517 119517
119785 119785
119785 119785
119785 119785
119785 119785
119785 119785
119785 119785
119785 119785
119812 119812
119812 119812
119812 119812
119915 119915
119915 119915
119915 119915
119915 119915
119915 119915
119915 119915
120094 120094
120156 120156
120436 120436
120615 120615
120895 120895
120895 120895
121381 121381
121381 121381
121381 121381
121381 121381
121381 121381
121381 121381
121381 121381
121381 121381
121381 121381
121381 121381
121381 121381
121381 121381
121381 121381
121381 121381
121381 121381
121381 121381
121381 121381
121381 121381
121381 121381
121381 121381
121381 121381
121381 121381
121381 121381
121381 121381
121381 121381
121381 121381
121381 121381
121381 121381
121381 121381
121381 121381
121381 121381
121381 121381
121381 121381
121381 121381
121381 121381
121381 121381
121381 121381
121381 121381
121381 121381
121381 121381
121381 121381
121381 121381
121381 121381
121381 121381
121381 121381
121381 121381
121381 121381
121381 121381
121381 121381
121381 121381
121381 121381
121381 121381
121381 121381
121381 121381
121381 121381
121381 121381
121381 121381
121381 121381
121381 121381
121381 121381
121381 121381
121381 121381
121381 121381
121381 121381
121381 121381
121424 121424
121424 121424
121424 121424
121424 121424
121424 121424
121424 121424
121424 121424
121424 121424
121424 121424
121424 121424
121512 121512
121512 121512
121512 121512
121512 121512
121512 121512
121512 121512
121512 121512
121512 121512
121512 121512
121512 121512
121512 121512
121512 121512
121586 121586
121759 121759
121759 121759
121759 121759
121759 121759
121759 121759
121759 121759
121759 121759
121759 121759
121759 121759
121759 121759
121759 121759
121759 121759
121759 121759
121759 121759
121759 121759
121759 121759
121759 121759
121759 121759
121759 121759
121991 121991
122092 122092
122092 122092
122092 122092
122092 122092
122092 122092
122092 122092
122092 122092
122092 122092
122092 122092
122092 122092
122092 122092
122092 122092
122092 122092
122092 122092
122092 122092
122092 122092
122092 122092
122092 122092
122092 122092
122092 122092
122092 122092
122092 122092
122092 122092
122166 122166
122166 122166
122166 122166
122166 122166
122166 122166
122166 122166
122166 122166
122166 122166
122166 122166
122166 122166
122166 122166
122166 122166
122166 122166
122166 122166
122166 122166
122166 122166
122166 122166
122166 122166
122166 122166
122166 122166
122166 122166
122166 122166
122166 122166
122166 122166
122166 122166
122166 122166
122166 122166
122166 122166
122166 122166
122166 122166
122166 122166
122166 122166
122166 122166
122166 122166
122166 122166
122166 122166
122166 122166
122166 122166
122166 122166
122166 122166
122166 122166
122166 122166
122166 122166
122166 122166
122166 122166
122251 122251
122251 122251
122251 122251
122251 122251
122251 122251
122251 122251
122251 122251
122251 122251
122251 122251
122251 122251
122251 122251
122251 122251
122251 122251
122251 122251
122251 122251
122251 122251
122251 122251
122251 122251
122251 122251
122251 122251
122251 122251
122251 122251
122596 122596
122596 122596
122596 122596
122596 122596
122596 122596
122596 122596
122596 122596
122596 122596
122596 122596
122596 122596
122596 122596
122596 122596
122596 122596
122596 122596
122596 122596
122596 122596
122596 122596
122596 122596
122596 122596
122596 122596
122596 122596
122596 122596
122596 122596
122596 122596
122596 122596
122596 122596
122596 122596
122596 122596
122596 122596
122596 122596
122596 122596
122596 122596
122596 122596
122596 122596
122596 122596
122596 122596
122596 122596
122596 122596
122596 122596
122596 122596
122596 122596
122596 122596
122596 122596
122596 122596
122596 122596
122596 122596
122596 122596
122596 122596
122596 122596
122596 122596
122596 122596
122596 122596
122596 122596
122596 122596
122596 122596
122596 122596
122596 122596
122596 122596
122596 122596
122596 122596
122596 122596
122596 122596
122596 122596
122596 122596
122596 122596
122596 122596
122793 122793
122793 122793
122793 122793
122793 122793
122793 122793
122793 122793
122793 122793
122793 122793
122793 122793
122793 122793
122793 122793
122793 122793
122793 122793
122793 122793
122793 122793
122793 122793
122793 122793
122793 122793
122793 122793
122793 122793
122826 122826
122826 122826
122826 122826
122826 122826
122826 122826
122826 122826
122826 122826
122826 122826
123085 123085
123142 123142
123142 123142
123142 123142
123142 123142
123142 123142
123142 123142
123142 123142
123142 123142
123142 123142
123142 123142
123142 123142
123142 123142
123142 123142
123187 123187
123236 123236
123236 123236
123236 123236
123236 123236
123236 123236
123236 123236
123236 123236
123236 123236
123236 123236
123236 123236
123236 123236
123236 123236
123236 123236
123236 123236
123236 123236
123236 123236
123236 123236
123236 123236
123236 123236
123236 123236
123236 123236
123236 123236
123236 123236
123236 123236
123236 123236
123236 123236
123236 123236
123236 123236
123236 123236
123236 123236
123236 123236
123236 123236
123236 123236
123236 123236
123236 123236
123236 123236
123236 123236
123236 123236
123236 123236
123236 123236
123236 123236
123236 123236
123236 123236
123236 123236
123236 123236
123236 123236
123236 123236
123236 123236
123236 123236
123236 123236
123236 123236
123236 123236
123236 123236
123236 123236
123236 123236
123236 123236
123236 123236
123236 123236
123236 123236
123236 123236
123236 123236
123236 123236
123236 123236
123236 123236
123236 123236
123236 123236
123236 123236
123236 123236
123236 123236
123236 123236
123236 123236
123236 123236
123236 123236
123236 123236
123236 123236
123236 123236
123236 123236
123236 123236
123236 123236
123236 123236
123236 123236
123236 123236
123236 123236
123236 123236
123236 123236
123236 123236
123236 123236
123236 123236
123236 123236
123236 123236
123236 123236
123236 123236
123236 123236
123236 123236
123236 123236
123236 123236
123236 123236
123236 123236
123236 123236
123236 123236
123236 123236
123236 123236
123236 123236
123236 123236
123236 123236
123236 123236
123236 123236
123236 123236
123236 123236
123236 123236
123236 123236
123236 123236
123236 123236
123236 123236
123236 123236
123236 123236
123236 123236
123236 123236
123236 123236
123236 123236
123236 123236
123236 123236
123236 123236
123236 123236
123236 123236
123236 123236
123236 123236
123236 123236
123236 123236
123236 123236
123236 123236
123236 123236
123236 123236
123236 123236
123236 123236
123236 123236
123236 123236
123236 123236
123236 123236
123236 123236
123236 123236
123236 123236
123236 123236
123236 123236
123236 123236
123236 123236
123236 123236
123236 123236
123236 123236
123236 123236
123236 123236
123236 123236
123236 123236
123236 123236
123236 123236
123236 123236
123236 123236
123236 123236
123236 123236
123236 123236
123236 123236
123236 123236
123236 123236
123236 123236
123236 123236
123236 123236
123236 123236
123236 123236
123236 123236
123236 123236
123236 123236
123236 123236
123236 123236
123236 123236
123236 123236
123236 123236
123236 123236
123236 123236
123236 123236
123236 123236
123236 123236
123236 123236
123236 123236
123236 123236
123236 123236
123236 123236
123236 123236
123236 123236
123236 123236
123236 123236
123236 123236
123236 123236
123236 123236
123236 123236
123236 123236
123236 123236
123236 123236
123236 123236
123236 123236
123236 123236
123236 123236
123236 123236
123236 123236
123236 123236
123236 123236
123236 123236
123236 123236
123236 123236
123236 123236
123236 123236
123236 123236
123236 123236
123236 123236
123236 123236
123236 123236
123236 123236
123236 123236
123236 123236
123236 123236
123236 123236
123236 123236
123236 123236
123236 123236
123236 123236
123236 123236
123236 123236
123236 123236
123236 123236
123236 123236
123236 123236
123236 123236
123236 123236
123236 123236
123236 123236
123236 123236
123236 123236
123236 123236
123236 123236
123236 123236
123236 123236
123236 123236
123236 123236
123236 123236
123236 123236
123236 123236
123236 123236
123236 123236
123236 123236
123236 123236
123236 123236
123236 123236
123236 123236
123236 123236
123236 123236
123236 123236
123236 123236
123236 123236
123236 123236
123236 123236
123236 123236
123236 123236
123236 123236
123236 123236
123236 123236
123236 123236
123236 123236
123236 123236
123236 123236
123236 123236
123236 123236
123236 123236
123236 123236
123236 123236
123236 123236
123236 123236
123236 123236
123236 123236
123236 123236
123236 123236
123236 123236
123236 123236
123236 123236
123236 123236
123236 123236
123236 123236
123236 123236
123372 123372
123374 123374
123374 123374
123374 123374
123374 123374
123374 123374
123374 123374
123374 123374
123374 123374
123374 123374
123374 123374
123374 123374
123374 123374
123374 123374
123374 123374
123374 123374
123374 123374
123374 123374
123374 123374
123374 123374
123374 123374
123374 123374
123374 123374
123374 123374
123374 123374
123374 123374
123374 123374
123374 123374
123374 123374
123374 123374
123374 123374
123374 123374
