111115
95452 95452
95479 95479
96126 96126
92402 92402
95825 95825
96538 96538
95861 95861
99252 99252
100307 100307
99288 99288
99797 99797
100781 100781
98304 98304
97148 97148
91595 91595
98704 98704
95956 95956
93485 93485
90839 90839
93139 93139
90011 90011
89721 89721
87833 87833
90004 90004
93465 93465
99397 99397
99952 99952
98935 98935
97894 97894
96042 96042
94534 94534
93381 93381
95483 95483
95923 95923
98450 98450
97512 97512
97760 97760
98430 98430
96931 96931
94090 94090
95388 95388
95539 95539
97688 97688
101643 101643
97611 97611
98399 98399
98319 98319
98019 98019
101135 101135
95689 95689
97725 97725
95945 95945
99031 99031
100553 100553
101582 101582
100011 100011
95995 95995
95718 95718
93484 93484
92638 92638
94834 94834
90534 90534
89583 89583
93364 93364
93881 93881
94291 94291
94097 94097
98573 98573
101449 101449
98307 98307
97486 97486
97209 97209
99310 99310
102410 102410
103638 103638
101082 101082
98340 98340
96454 96454
91701 91701
94817 94817
92450 92450
91950 91950
98616 98616
94428 94428
92028 92028
86054 86054
87424 87424
86665 86665
86476 86476
88305 88305
91284 91284
92098 92098
92650 92650
90224 90224
89024 89024
91351 91351
95097 95097
96944 96944
96215 96215
96167 96167
95079 95079
94646 94646
93686 93686
94522 94522
93729 93729
93202 93202
93585 93585
93091 93091
91478 91478
91237 91237
91474 91474
88821 88821
88981 88981
87670 87670
92772 92772
89250 89250
91132 91132
92564 92564
89072 89072
86869 86869
88258 88258
93559 93559
94450 94450
93134 93134
91539 91539
93547 93547
95335 95335
97175 97175
99289 99289
99150 99150
94529 94529
96156 96156
97410 97410
97385 97385
97853 97853
98529 98529
103628 103628
103891 103891
99020 99020
104479 104479
102127 102127
102658 102658
99593 99593
98031 98031
98678 98678
100708 100708
96096 96096
98092 98092
97953 97953
101627 101627
103003 103003
101606 101606
99881 99881
103578 103578
100319 100319
98612 98612
98272 98272
96203 96203
98155 98155
102166 102166
97848 97848
99233 99233
97900 97900
99708 99708
96187 96187
99337 99337
100642 100642
102175 102175
99972 99972
96770 96770
97863 97863
97578 97578
98040 98040
96063 96063
98071 98071
97808 97808
98274 98274
96305 96305
93315 93315
95655 95655
98298 98298
95570 95570
94857 94857
93826 93826
93621 93621
93365 93365
95974 95974
98878 98878
94077 94077
97001 97001
96127 96127
96433 96433
95568 95568
90561 90561
91002 91002
90112 90112
87700 87700
90971 90971
94434 94434
98463 98463
93978 93978
91377 91377
95525 95525
96261 96261
95525 95525
97473 97473
95366 95366
94375 94375
92523 92523
91234 91234
89960 89960
91759 91759
94255 94255
96718 96718
96378 96378
95819 95819
98868 98868
94994 94994
95314 95314
94608 94608
95546 95546
98165 98165
92000 92000
92431 92431
93564 93564
91971 91971
94108 94108
93998 93998
91255 91255
88883 88883
90391 90391
87348 87348
88901 88901
88675 88675
90706 90706
93728 93728
94477 94477
94333 94333
93874 93874
95625 95625
94638 94638
95570 95570
97820 97820
97233 97233
99123 99123
99171 99171
96806 96806
96662 96662
99552 99552
97375 97375
100187 100187
102259 102259
96839 96839
96566 96566
96959 96959
97473 97473
95889 95889
97142 97142
98641 98641
96958 96958
97166 97166
96099 96099
99150 99150
101733 101733
98296 98296
99932 99932
100258 100258
98649 98649
94540 94540
95342 95342
94791 94791
97594 97594
99667 99667
96910 96910
96688 96688
94332 94332
93749 93749
98945 98945
98309 98309
96849 96849
97073 97073
97422 97422
96691 96691
94133 94133
93108 93108
94120 94120
94729 94729
98039 98039
97123 97123
99709 99709
102007 102007
102398 102398
100406 100406
97724 97724
97777 97777
93217 93217
94260 94260
93483 93483
92849 92849
86331 86331
95298 95298
95371 95371
98940 98940
99987 99987
102795 102795
98549 98549
99022 99022
97967 97967
99359 99359
97497 97497
97313 97313
92133 92133
93627 93627
94955 94955
91528 91528
93863 93863
93157 93157
96204 96204
98081 98081
97421 97421
95518 95518
96912 96912
99335 99335
99842 99842
98986 98986
100034 100034
96089 96089
95896 95896
93401 93401
91555 91555
94150 94150
93294 93294
97006 97006
98590 98590
97396 97396
96475 96475
97341 97341
92100 92100
95660 95660
94910 94910
92881 92881
94212 94212
94482 94482
94663 94663
96419 96419
93964 93964
99193 99193
100002 100002
102781 102781
99891 99891
98449 98449
98165 98165
98157 98157
97492 97492
97590 97590
96224 96224
91844 91844
95536 95536
95451 95451
90869 90869
87960 87960
92712 92712
92896 92896
92185 92185
84682 84682
84993 84993
88330 88330
92988 92988
93614 93614
95411 95411
96483 96483
103487 103487
100643 100643
102157 102157
96961 96961
94937 94937
94097 94097
95976 95976
92867 92867
96385 96385
96789 96789
97632 97632
99164 99164
94884 94884
93687 93687
96925 96925
100321 100321
102743 102743
103942 103942
102798 102798
101807 101807
99251 99251
98107 98107
97106 97106
97880 97880
96224 96224
97587 97587
95884 95884
96807 96807
101870 101870
100847 100847
98434 98434
95280 95280
96483 96483
98989 98989
95840 95840
93784 93784
93971 93971
92377 92377
97350 97350
93051 93051
93461 93461
90974 90974
91352 91352
92148 92148
91565 91565
90392 90392
94133 94133
94374 94374
98341 98341
98529 98529
102365 102365
97257 97257
97614 97614
99610 99610
98060 98060
97491 97491
99470 99470
93757 93757
97636 97636
98889 98889
99798 99798
96512 96512
93089 93089
92434 92434
97116 97116
99882 99882
99146 99146
99307 99307
99527 99527
97656 97656
98176 98176
94988 94988
95189 95189
98133 98133
98576 98576
102831 102831
102073 102073
101263 101263
98097 98097
97122 97122
92635 92635
95967 95967
96579 96579
92680 92680
97417 97417
98336 98336
94033 94033
89292 89292
91015 91015
89914 89914
91023 91023
92484 92484
91729 91729
91123 91123
92995 92995
94598 94598
93414 93414
90992 90992
91499 91499
91900 91900
94407 94407
93397 93397
89540 89540
88587 88587
94359 94359
99770 99770
93775 93775
96485 96485
97538 97538
95288 95288
96150 96150
93064 93064
95845 95845
98848 98848
97954 97954
98963 98963
98727 98727
95637 95637
98866 98866
97625 97625
98880 98880
99166 99166
99484 99484
98687 98687
96111 96111
97209 97209
95910 95910
92976 92976
94695 94695
99626 99626
96365 96365
97560 97560
98950 98950
99969 99969
95649 95649
98372 98372
96425 96425
96177 96177
98817 98817
94542 94542
93638 93638
95735 95735
95563 95563
96897 96897
94002 94002
94521 94521
95770 95770
97278 97278
94998 94998
93403 93403
93348 93348
95301 95301
98162 98162
98926 98926
94678 94678
99995 99995
96104 96104
95878 95878
92228 92228
91813 91813
99386 99386
98341 98341
100010 100010
100959 100959
96839 96839
96894 96894
97032 97032
95185 95185
92668 92668
90227 90227
91296 91296
91684 91684
91739 91739
89005 89005
90797 90797
90448 90448
87461 87461
85380 85380
82627 82627
87663 87663
87256 87256
86760 86760
89509 89509
92859 92859
93957 93957
99356 99356
96095 96095
98345 98345
96262 96262
95258 95258
96214 96214
96859 96859
96647 96647
95229 95229
95229 95229
97419 97419
94927 94927
95542 95542
94404 94404
92441 92441
95394 95394
97118 97118
96798 96798
96609 96609
96714 96714
98554 98554
97723 97723
94414 94414
95084 95084
91902 91902
95773 95773
94344 94344
87103 87103
89191 89191
90968 90968
89443 89443
90308 90308
94710 94710
92214 92214
95125 95125
91603 91603
90371 90371
91127 91127
92845 92845
95479 95479
96092 96092
97366 97366
99482 99482
101042 101042
102983 102983
102778 102778
96645 96645
94327 94327
93858 93858
93734 93734
98129 98129
94296 94296
92419 92419
89859 89859
96456 96456
97550 97550
100452 100452
96187 96187
96291 96291
96322 96322
98628 98628
93811 93811
95857 95857
95139 95139
95693 95693
95244 95244
99345 99345
97057 97057
100647 100647
100069 100069
98688 98688
93996 93996
94141 94141
96280 96280
100952 100952
102994 102994
101777 101777
99392 99392
98048 98048
100831 100831
100899 100899
99851 99851
102776 102776
101085 101085
98793 98793
96582 96582
96426 96426
92737 92737
92279 92279
90378 90378
92873 92873
95215 95215
95401 95401
95015 95015
93790 93790
89624 89624
91165 91165
91645 91645
91841 91841
91411 91411
90592 90592
89231 89231
89476 89476
90665 90665
89178 89178
93083 93083
94445 94445
96625 96625
94700 94700
92553 92553
92628 92628
91927 91927
92420 92420
91739 91739
94501 94501
91922 91922
92775 92775
93610 93610
91991 91991
87670 87670
95369 95369
90297 90297
91937 91937
90376 90376
88126 88126
90583 90583
90528 90528
85869 85869
90091 90091
91637 91637
92283 92283
90860 90860
87359 87359
91668 91668
92837 92837
95586 95586
95266 95266
93890 93890
94805 94805
94991 94991
92137 92137
92864 92864
95106 95106
92723 92723
89721 89721
87528 87528
84757 84757
84935 84935
87808 87808
90450 90450
92081 92081
96696 96696
91628 91628
90600 90600
91410 91410
90939 90939
90925 90925
95036 95036
95497 95497
94809 94809
93041 93041
93525 93525
91155 91155
94398 94398
93508 93508
96783 96783
100361 100361
96174 96174
99093 99093
101631 101631
98992 98992
102196 102196
102042 102042
98457 98457
96889 96889
94398 94398
94334 94334
93096 93096
91752 91752
93117 93117
95584 95584
96606 96606
97011 97011
97526 97526
96844 96844
99383 99383
96682 96682
97627 97627
92689 92689
91702 91702
89566 89566
90557 90557
86777 86777
91920 91920
94539 94539
91972 91972
92003 92003
94809 94809
100015 100015
98639 98639
97835 97835
97428 97428
98529 98529
98139 98139
102275 102275
105096 105096
101251 101251
98437 98437
95094 95094
94620 94620
95001 95001
100756 100756
98460 98460
100543 100543
100590 100590
99854 99854
95784 95784
92389 92389
91578 91578
95569 95569
98485 98485
97470 97470
101119 101119
98931 98931
92309 92309
93505 93505
92660 92660
89671 89671
89777 89777
86204 86204
86885 86885
89708 89708
89712 89712
94004 94004
94979 94979
93549 93549
93817 93817
91692 91692
89823 89823
87612 87612
90763 90763
92275 92275
92636 92636
96544 96544
96177 96177
98588 98588
98439 98439
97886 97886
96998 96998
104036 104036
100585 100585
98898 98898
97633 97633
101618 101618
99422 99422
101287 101287
100886 100886
101301 101301
102140 102140
102146 102146
95617 95617
96381 96381
96189 96189
103291 103291
99640 99640
95383 95383
94324 94324
93063 93063
95993 95993
96893 96893
92932 92932
98211 98211
94980 94980
95222 95222
96486 96486
95597 95597
97530 97530
95345 95345
96092 96092
95441 95441
98209 98209
98649 98649
95471 95471
94707 94707
98540 98540
94434 94434
92338 92338
97128 97128
99081 99081
100294 100294
100027 100027
100929 100929
102681 102681
98994 98994
103001 103001
99757 99757
97872 97872
100171 100171
94870 94870
90676 90676
91225 91225
94399 94399
96042 96042
92906 92906
91794 91794
94181 94181
97709 97709
99480 99480
97719 97719
99023 99023
96329 96329
93349 93349
94049 94049
88723 88723
91892 91892
89619 89619
91297 91297
90289 90289
88586 88586
88371 88371
87233 87233
87259 87259
93984 93984
94103 94103
93923 93923
91036 91036
90859 90859
88597 88597
92227 92227
96550 96550
100546 100546
97176 97176
94218 94218
89017 89017
92238 92238
93079 93079
93956 93956
92432 92432
94209 94209
91196 91196
97881 97881
96600 96600
96325 96325
98984 98984
97558 97558
99356 99356
101962 101962
103344 103344
100915 100915
104827 104827
105027 105027
108490 108490
106980 106980
104453 104453
106016 106016
104687 104687
103942 103942
99722 99722
97894 97894
100670 100670
100907 100907
101865 101865
100540 100540
102085 102085
100692 100692
98774 98774
95976 95976
98968 98968
95885 95885
96507 96507
98524 98524
98284 98284
96107 96107
95381 95381
96806 96806
95165 95165
97926 97926
93485 93485
94255 94255
95496 95496
94516 94516
88954 88954
88621 88621
88600 88600
91138 91138
94161 94161
91663 91663
92341 92341
93371 93371
94681 94681
93571 93571
92610 92610
95222 95222
93260 93260
92379 92379
91571 91571
95332 95332
100734 100734
101384 101384
97048 97048
94862 94862
95124 95124
96059 96059
96012 96012
98145 98145
96746 96746
96472 96472
98668 98668
90972 90972
92486 92486
97193 97193
98137 98137
96052 96052
93318 93318
95339 95339
97355 97355
99533 99533
99314 99314
101809 101809
104744 104744
102683 102683
101404 101404
98700 98700
101938 101938
97049 97049
97763 97763
98610 98610
99242 99242
96817 96817
98914 98914
97958 97958
95339 95339
96444 96444
98575 98575
95851 95851
100608 100608
99170 99170
99363 99363
100909 100909
93832 93832
93720 93720
97125 97125
95075 95075
95660 95660
97862 97862
95837 95837
93630 93630
94636 94636
90905 90905
90913 90913
88389 88389
83277 83277
87979 87979
88939 88939
92470 92470
90866 90866
94287 94287
95954 95954
96617 96617
96848 96848
96603 96603
99260 99260
97427 97427
100023 100023
101863 101863
98092 98092
91767 91767
92729 92729
90748 90748
89635 89635
93494 93494
92674 92674
96666 96666
95217 95217
94811 94811
98030 98030
99368 99368
98065 98065
98695 98695
96321 96321
96968 96968
95364 95364
97071 97071
97870 97870
94056 94056
97657 97657
93990 93990
91423 91423
91482 91482
91486 91486
89142 89142
89665 89665
90157 90157
93351 93351
96066 96066
94330 94330
97290 97290
101407 101407
101113 101113
101489 101489
103950 103950
102252 102252
103991 103991
100244 100244
100470 100470
101021 101021
98316 98316
96110 96110
96584 96584
91957 91957
89781 89781
90433 90433
94472 94472
92246 92246
97061 97061
94772 94772
94421 94421
92240 92240
93448 93448
96579 96579
97380 97380
100732 100732
98458 98458
100078 100078
100102 100102
100789 100789
100666 100666
99049 99049
98799 98799
97868 97868
94777 94777
95803 95803
95865 95865
99327 99327
96786 96786
95879 95879
93677 93677
93249 93249
92745 92745
89317 89317
90961 90961
93390 93390
93120 93120
95434 95434
95379 95379
92677 92677
92312 92312
89869 89869
90253 90253
97872 97872
97713 97713
99120 99120
97461 97461
97347 97347
98631 98631
96524 96524
93953 93953
94841 94841
95315 95315
93746 93746
96383 96383
97046 97046
98448 98448
99802 99802
98965 98965
96180 96180
96439 96439
94085 94085
92992 92992
91881 91881
92767 92767
90363 90363
94371 94371
90678 90678
92617 92617
89927 89927
89798 89798
88221 88221
86792 86792
86148 86148
86803 86803
86101 86101
87939 87939
90103 90103
92460 92460
92368 92368
90372 90372
90497 90497
90338 90338
94393 94393
89668 89668
93824 93824
97325 97325
96765 96765
95958 95958
94601 94601
93139 93139
98221 98221
91982 91982
94051 94051
100061 100061
99049 99049
95536 95536
96596 96596
95893 95893
95401 95401
96978 96978
99595 99595
95209 95209
98947 98947
94765 94765
99260 99260
99213 99213
99268 99268
100517 100517
100094 100094
98502 98502
99171 99171
97686 97686
94008 94008
94355 94355
94088 94088
94035 94035
92197 92197
93744 93744
94737 94737
94183 94183
95092 95092
99368 99368
97865 97865
94051 94051
93553 93553
94109 94109
91243 91243
87566 87566
89570 89570
92009 92009
97139 97139
98504 98504
95181 95181
97051 97051
97765 97765
92064 92064
92770 92770
96291 96291
96313 96313
100609 100609
96709 96709
96601 96601
98773 98773
99212 99212
98281 98281
97257 97257
94234 94234
94755 94755
99453 99453
101549 101549
98845 98845
101525 101525
100650 100650
102175 102175
102640 102640
99719 99719
97920 97920
95406 95406
99798 99798
100046 100046
97393 97393
98323 98323
96305 96305
98402 98402
100602 100602
95976 95976
99587 99587
98235 98235
96657 96657
97753 97753
96807 96807
94598 94598
97636 97636
95824 95824
96519 96519
94644 94644
94346 94346
90873 90873
91356 91356
88870 88870
87617 87617
87897 87897
86894 86894
88100 88100
94866 94866
92222 92222
86360 86360
85901 85901
87849 87849
91123 91123
94797 94797
93313 93313
95697 95697
91013 91013
91482 91482
92190 92190
95084 95084
94433 94433
93117 93117
94652 94652
94904 94904
93399 93399
90328 90328
90194 90194
90710 90710
92431 92431
97685 97685
97357 97357
94070 94070
99352 99352
102449 102449
100057 100057
100888 100888
98577 98577
97972 97972
94616 94616
92242 92242
93796 93796
95290 95290
94010 94010
89705 89705
89776 89776
93073 93073
90507 90507
96056 96056
98503 98503
99380 99380
100589 100589
95893 95893
96184 96184
93392 93392
94691 94691
95486 95486
94625 94625
96720 96720
93838 93838
99237 99237
96125 96125
94997 94997
97311 97311
97189 97189
100646 100646
101093 101093
96045 96045
94152 94152
94196 94196
88585 88585
87494 87494
88377 88377
91514 91514
94949 94949
93846 93846
95753 95753
91764 91764
88105 88105
89492 89492
91123 91123
91639 91639
90246 90246
91953 91953
94151 94151
94853 94853
97128 97128
93136 93136
94581 94581
92482 92482
93927 93927
97207 97207
98123 98123
94134 94134
91996 91996
93338 93338
95602 95602
97740 97740
98057 98057
99932 99932
98119 98119
95662 95662
96944 96944
95243 95243
96942 96942
95588 95588
94398 94398
90384 90384
94210 94210
93939 93939
95290 95290
94770 94770
92895 92895
97683 97683
95372 95372
95710 95710
95928 95928
99582 99582
102665 102665
98806 98806
99407 99407
99407 99407
96751 96751
95175 95175
100994 100994
98953 98953
95441 95441
95655 95655
96593 96593
95283 95283
95452 95452
92732 92732
96839 96839
93760 93760
92911 92911
91879 91879
92027 92027
90403 90403
92567 92567
93180 93180
88625 88625
87505 87505
88255 88255
85706 85706
93892 93892
93085 93085
90017 90017
94288 94288
95570 95570
93989 93989
94424 94424
94172 94172
100439 100439
92743 92743
94258 94258
99925 99925
95678 95678
102703 102703
100665 100665
99407 99407
98197 98197
92465 92465
94364 94364
95208 95208
95333 95333
96125 96125
93779 93779
93264 93264
94365 94365
94692 94692
98560 98560
95160 95160
97788 97788
98168 98168
93369 93369
95062 95062
95151 95151
95807 95807
92938 92938
93134 93134
91150 91150
90503 90503
89393 89393
94815 94815
92446 92446
90043 90043
89947 89947
92269 92269
90723 90723
89582 89582
92210 92210
87746 87746
90320 90320
91077 91077
91330 91330
92187 92187
90801 90801
88713 88713
85705 85705
86364 86364
90801 90801
95374 95374
97667 97667
100465 100465
100177 100177
97218 97218
98797 98797
96112 96112
91726 91726
93335 93335
88323 88323
90403 90403
90977 90977
93359 93359
92561 92561
92557 92557
97114 97114
94344 94344
95260 95260
92486 92486
92701 92701
94143 94143
96665 96665
99905 99905
99348 99348
100449 100449
99807 99807
98806 98806
96653 96653
95495 95495
95232 95232
94079 94079
94828 94828
93086 93086
92989 92989
93586 93586
90908 90908
91429 91429
94921 94921
93546 93546
91897 91897
94937 94937
90858 90858
88216 88216
92144 92144
95923 95923
98847 98847
96101 96101
97066 97066
94776 94776
94790 94790
95962 95962
93740 93740
94732 94732
95710 95710
92521 92521
91456 91456
97395 97395
95025 95025
91599 91599
91979 91979
92968 92968
93915 93915
95379 95379
94077 94077
96802 96802
96041 96041
94584 94584
93117 93117
96992 96992
96801 96801
100550 100550
96511 96511
95983 95983
94274 94274
96380 96380
94623 94623
95606 95606
95680 95680
92271 92271
92224 92224
92101 92101
89253 89253
90606 90606
89453 89453
95158 95158
96909 96909
100628 100628
103249 103249
104024 104024
103017 103017
104110 104110
105708 105708
104834 104834
99704 99704
101482 101482
97339 97339
96270 96270
97152 97152
94396 94396
94572 94572
96727 96727
98044 98044
100569 100569
101955 101955
101224 101224
98390 98390
98438 98438
99713 99713
98760 98760
99071 99071
97610 97610
98045 98045
97665 97665
94972 94972
90861 90861
96422 96422
97054 97054
98373 98373
98728 98728
95468 95468
94182 94182
95311 95311
99271 99271
97802 97802
95323 95323
98164 98164
97972 97972
90873 90873
95039 95039
99031 99031
99754 99754
99974 99974
99302 99302
96391 96391
97500 97500
99744 99744
97587 97587
99037 99037
100264 100264
99475 99475
100396 100396
98664 98664
98492 98492
99608 99608
100194 100194
97202 97202
94503 94503
94472 94472
99212 99212
93990 93990
92727 92727
94789 94789
91710 91710
91832 91832
92029 92029
89574 89574
92164 92164
86591 86591
87624 87624
88693 88693
89211 89211
91638 91638
93325 93325
94085 94085
93955 93955
95170 95170
96479 96479
98791 98791
101048 101048
99997 99997
94243 94243
94012 94012
92030 92030
92187 92187
91796 91796
96733 96733
93585 93585
93717 93717
93224 93224
95750 95750
94361 94361
93538 93538
94775 94775
96098 96098
95451 95451
93232 93232
90644 90644
90048 90048
96382 96382
97143 97143
94137 94137
96217 96217
93712 93712
94802 94802
96845 96845
103088 103088
103641 103641
103749 103749
101523 101523
99532 99532
100756 100756
98838 98838
95441 95441
96854 96854
94999 94999
93148 93148
93635 93635
93722 93722
98520 98520
98686 98686
97802 97802
97357 97357
96324 96324
97577 97577
92425 92425
91594 91594
86853 86853
89295 89295
89461 89461
91561 91561
92337 92337
89793 89793
88540 88540
89181 89181
91115 91115
92754 92754
95114 95114
98227 98227
99172 99172
98936 98936
102621 102621
99688 99688
99280 99280
98765 98765
96986 96986
96722 96722
101004 101004
97553 97553
98910 98910
98351 98351
97533 97533
95408 95408
97771 97771
98512 98512
100065 100065
96824 96824
94005 94005
93946 93946
95663 95663
99605 99605
100946 100946
101730 101730
99858 99858
100420 100420
95357 95357
91252 91252
95945 95945
95246 95246
94235 94235
92591 92591
95897 95897
95608 95608
97044 97044
98392 98392
98765 98765
101382 101382
96840 96840
95535 95535
93329 93329
94507 94507
95316 95316
96996 96996
97031 97031
93418 93418
93609 93609
88627 88627
91465 91465
89986 89986
87528 87528
90386 90386
92626 92626
92815 92815
92297 92297
91611 91611
91941 91941
96468 96468
96994 96994
96873 96873
97804 97804
97456 97456
95498 95498
96904 96904
96487 96487
92265 92265
92656 92656
91692 91692
91677 91677
93038 93038
98143 98143
102414 102414
101633 101633
99496 99496
98562 98562
99368 99368
99856 99856
97788 97788
95369 95369
95822 95822
94897 94897
96524 96524
95983 95983
96629 96629
96664 96664
98367 98367
101241 101241
99714 99714
99008 99008
100867 100867
101354 101354
97744 97744
96449 96449
93025 93025
93796 93796
90789 90789
90073 90073
93259 93259
93326 93326
92075 92075
96136 96136
95864 95864
95626 95626
94377 94377
98331 98331
95464 95464
97391 97391
91613 91613
95410 95410
92667 92667
90736 90736
93138 93138
87732 87732
90227 90227
93302 93302
94589 94589
99654 99654
97660 97660
94657 94657
94246 94246
93409 93409
94048 94048
95720 95720
96726 96726
91480 91480
91154 91154
93602 93602
99553 99553
98189 98189
95826 95826
93844 93844
93671 93671
93897 93897
96325 96325
94650 94650
97398 97398
97729 97729
97566 97566
97035 97035
93017 93017
91613 91613
95168 95168
94795 94795
91922 91922
91347 91347
89818 89818
90744 90744
92804 92804
89487 89487
92491 92491
92908 92908
91670 91670
94414 94414
93384 93384
93577 93577
91410 91410
91007 91007
96362 96362
99017 99017
97254 97254
94956 94956
92646 92646
88836 88836
89418 89418
88686 88686
89094 89094
90830 90830
90416 90416
88002 88002
88383 88383
88871 88871
89217 89217
90474 90474
90245 90245
94003 94003
93837 93837
92522 92522
89666 89666
91444 91444
92084 92084
91548 91548
88272 88272
89551 89551
87867 87867
91928 91928
94469 94469
95973 95973
94817 94817
93634 93634
85542 85542
87361 87361
90302 90302
90135 90135
89128 89128
90388 90388
92747 92747
91843 91843
90118 90118
91344 91344
92701 92701
92082 92082
93191 93191
92836 92836
93483 93483
92209 92209
89844 89844
88720 88720
88480 88480
91096 91096
92823 92823
94325 94325
92900 92900
90436 90436
94780 94780
95104 95104
98626 98626
100424 100424
101021 101021
101035 101035
99433 99433
98662 98662
100555 100555
97102 97102
94106 94106
91066 91066
92683 92683
92174 92174
90760 90760
94420 94420
94640 94640
97004 97004
96545 96545
98136 98136
98361 98361
96622 96622
94920 94920
94256 94256
90181 90181
91272 91272
90311 90311
92685 92685
93865 93865
93724 93724
94171 94171
94477 94477
92052 92052
95747 95747
95099 95099
95114 95114
93309 93309
94747 94747
93371 93371
97132 97132
97018 97018
93478 93478
93958 93958
94931 94931
96691 96691
95530 95530
95297 95297
96572 96572
96512 96512
95116 95116
92782 92782
91456 91456
91040 91040
92838 92838
91949 91949
91519 91519
88758 88758
91135 91135
89438 89438
92642 92642
94452 94452
95283 95283
95730 95730
94221 94221
93206 93206
94471 94471
95662 95662
94646 94646
99139 99139
97785 97785
94171 94171
98996 98996
97222 97222
96475 96475
94508 94508
93703 93703
91359 91359
91787 91787
88616 88616
90973 90973
93141 93141
93428 93428
95138 95138
91777 91777
94331 94331
97143 97143
95612 95612
92068 92068
93655 93655
97818 97818
98806 98806
97702 97702
98358 98358
103105 103105
100361 100361
97789 97789
95323 95323
94674 94674
90183 90183
90068 90068
90736 90736
93611 93611
94013 94013
98283 98283
96432 96432
97465 97465
93675 93675
92190 92190
91309 91309
87384 87384
89507 89507
90088 90088
89701 89701
90649 90649
90897 90897
95744 95744
96092 96092
101623 101623
101520 101520
103493 103493
103690 103690
104125 104125
99256 99256
102345 102345
95075 95075
90449 90449
86976 86976
84750 84750
89506 89506
92170 92170
94597 94597
96554 96554
102060 102060
100354 100354
94891 94891
95586 95586
94764 94764
96359 96359
95518 95518
91586 91586
91717 91717
90933 90933
91255 91255
91760 91760
94168 94168
92041 92041
93742 93742
94140 94140
95351 95351
87492 87492
91036 91036
94717 94717
95633 95633
93291 93291
94576 94576
97174 97174
97577 97577
98532 98532
95982 95982
99601 99601
100265 100265
101395 101395
98804 98804
93136 93136
95071 95071
93382 93382
95417 95417
96072 96072
94202 94202
97968 97968
100474 100474
102102 102102
105695 105695
102603 102603
101251 101251
97440 97440
99128 99128
98654 98654
99873 99873
95060 95060
96268 96268
92892 92892
95028 95028
95896 95896
95558 95558
93563 93563
95421 95421
96000 96000
93586 93586
97548 97548
94278 94278
92627 92627
93783 93783
92839 92839
91163 91163
90958 90958
91899 91899
91346 91346
97087 97087
97725 97725
99461 99461
103160 103160
99273 99273
101548 101548
101191 101191
97856 97856
99814 99814
95021 95021
94838 94838
94867 94867
99967 99967
101481 101481
100102 100102
96854 96854
95884 95884
97803 97803
96948 96948
97549 97549
94741 94741
96382 96382
100628 100628
101621 101621
100121 100121
98255 98255
99058 99058
98016 98016
103497 103497
102697 102697
102540 102540
102259 102259
100811 100811
104504 104504
104313 104313
102247 102247
99720 99720
99067 99067
99379 99379
98009 98009
98102 98102
98113 98113
99251 99251
99518 99518
100886 100886
100697 100697
96574 96574
96127 96127
97175 97175
97119 97119
95448 95448
92213 92213
92884 92884
93664 93664
89663 89663
89387 89387
91515 91515
93022 93022
94496 94496
93502 93502
92138 92138
92637 92637
91033 91033
90385 90385
92776 92776
92319 92319
93578 93578
92944 92944
97264 97264
93918 93918
91829 91829
89888 89888
90701 90701
91010 91010
93746 93746
93374 93374
95434 95434
92509 92509
93980 93980
95000 95000
100134 100134
100467 100467
96794 96794
97336 97336
98389 98389
95224 95224
98905 98905
95961 95961
94923 94923
96752 96752
96315 96315
91890 91890
94395 94395
90863 90863
87733 87733
88932 88932
89528 89528
89858 89858
92180 92180
84344 84344
84341 84341
85300 85300
87453 87453
87459 87459
90312 90312
89897 89897
89439 89439
91841 91841
88517 88517
90899 90899
87592 87592
94024 94024
93150 93150
96460 96460
96099 96099
96863 96863
97156 97156
94639 94639
94344 94344
98035 98035
97321 97321
97099 97099
92358 92358
90235 90235
90364 90364
91657 91657
91807 91807
92925 92925
92829 92829
94034 94034
91138 91138
91405 91405
93980 93980
92349 92349
93827 93827
94680 94680
91412 91412
91317 91317
91052 91052
89961 89961
92826 92826
94387 94387
95432 95432
101067 101067
99813 99813
100001 100001
97400 97400
93871 93871
92387 92387
95038 95038
95316 95316
94978 94978
94665 94665
98750 98750
99306 99306
96756 96756
89250 89250
95332 95332
95679 95679
96312 96312
101538 101538
97606 97606
95588 95588
98871 98871
98433 98433
99293 99293
100767 100767
95281 95281
94455 94455
97053 97053
95728 95728
94423 94423
97796 97796
93305 93305
94588 94588
97084 97084
97950 97950
97226 97226
93558 93558
93237 93237
93657 93657
90369 90369
92485 92485
94621 94621
94008 94008
96126 96126
95632 95632
97767 97767
96392 96392
97897 97897
94674 94674
91482 91482
87139 87139
89859 89859
93499 93499
95426 95426
94695 94695
97240 97240
96224 96224
98708 98708
97010 97010
96271 96271
95331 95331
93802 93802
94372 94372
93581 93581
95758 95758
90585 90585
92676 92676
93075 93075
93314 93314
94933 94933
91683 91683
92726 92726
94440 94440
96074 96074
94513 94513
95862 95862
98298 98298
98830 98830
96369 96369
97756 97756
97171 97171
100002 100002
101016 101016
98556 98556
101916 101916
97816 97816
99640 99640
95016 95016
96371 96371
95047 95047
91998 91998
98151 98151
98351 98351
97199 97199
95168 95168
95521 95521
95659 95659
97007 97007
98924 98924
98688 98688
100222 100222
99043 99043
90803 90803
92861 92861
96154 96154
94518 94518
95356 95356
99362 99362
98514 98514
99052 99052
98906 98906
100650 100650
99136 99136
95950 95950
93572 93572
93663 93663
94981 94981
95745 95745
94946 94946
96126 96126
92889 92889
91220 91220
92388 92388
94838 94838
89306 89306
92845 92845
86497 86497
91336 91336
89518 89518
85225 85225
85618 85618
85518 85518
89852 89852
93822 93822
93013 93013
92947 92947
91358 91358
91867 91867
94967 94967
96211 96211
99399 99399
100676 100676
103041 103041
99070 99070
101056 101056
95187 95187
93849 93849
91755 91755
92198 92198
90757 90757
94193 94193
91623 91623
91288 91288
90419 90419
90517 90517
91735 91735
91222 91222
91917 91917
90465 90465
92204 92204
93311 93311
91724 91724
91373 91373
92202 92202
92220 92220
92249 92249
89442 89442
91757 91757
92038 92038
92068 92068
98366 98366
94896 94896
94710 94710
91221 91221
93165 93165
92966 92966
95553 95553
94611 94611
91515 91515
86027 86027
87545 87545
94618 94618
97661 97661
92997 92997
89573 89573
93175 93175
96563 96563
97415 97415
92967 92967
91346 91346
89722 89722
87380 87380
87374 87374
89808 89808
88333 88333
91248 91248
93036 93036
93147 93147
93939 93939
97839 97839
99467 99467
99991 99991
102039 102039
101617 101617
98351 98351
98316 98316
101264 101264
98890 98890
98042 98042
99231 99231
98258 98258
96615 96615
101568 101568
101887 101887
98094 98094
94136 94136
93848 93848
94696 94696
94053 94053
92167 92167
92672 92672
91988 91988
91791 91791
95628 95628
100115 100115
98702 98702
98121 98121
99244 99244
100693 100693
100814 100814
99287 99287
101157 101157
102936 102936
97907 97907
96464 96464
96552 96552
92080 92080
98289 98289
93979 93979
92398 92398
95213 95213
96648 96648
98282 98282
96132 96132
97340 97340
94833 94833
93171 93171
94110 94110
93198 93198
90666 90666
89636 89636
87163 87163
86842 86842
92788 92788
94797 94797
94410 94410
96166 96166
97003 97003
97089 97089
96544 96544
94450 94450
90973 90973
90382 90382
87285 87285
87691 87691
90083 90083
92161 92161
96553 96553
93950 93950
90457 90457
91305 91305
91078 91078
89571 89571
93354 93354
95071 95071
94560 94560
95670 95670
97822 97822
97098 97098
97227 97227
99069 99069
97528 97528
98916 98916
98494 98494
95610 95610
94916 94916
91768 91768
93318 93318
94566 94566
99884 99884
98340 98340
97905 97905
93971 93971
91606 91606
92940 92940
91093 91093
91936 91936
91878 91878
94216 94216
96910 96910
97302 97302
92907 92907
95208 95208
91207 91207
91994 91994
94679 94679
92772 92772
90771 90771
91318 91318
93477 93477
90461 90461
93058 93058
91748 91748
90758 90758
89607 89607
93209 93209
94468 94468
93004 93004
92944 92944
93482 93482
92599 92599
94197 94197
95962 95962
95720 95720
92260 92260
95640 95640
94082 94082
92600 92600
95548 95548
94188 94188
88400 88400
89845 89845
90046 90046
90148 90148
88373 88373
88820 88820
92224 92224
95801 95801
99162 99162
98393 98393
97745 97745
93999 93999
95022 95022
92107 92107
89908 89908
90783 90783
91647 91647
92213 92213
91720 91720
93348 93348
93513 93513
94552 94552
94265 94265
97862 97862
91372 91372
91629 91629
91116 91116
88176 88176
91627 91627
94671 94671
96762 96762
94778 94778
95945 95945
93677 93677
91091 91091
92059 92059
91320 91320
91380 91380
94196 94196
97816 97816
100439 100439
93776 93776
94879 94879
95025 95025
92805 92805
93506 93506
91275 91275
93577 93577
94097 94097
95728 95728
94977 94977
96333 96333
92710 92710
94401 94401
97152 97152
96639 96639
98208 98208
95356 95356
99912 99912
105417 105417
104021 104021
103898 103898
99125 99125
102571 102571
102053 102053
101857 101857
100252 100252
99048 99048
93620 93620
92727 92727
91241 91241
90183 90183
90479 90479
91566 91566
92729 92729
92013 92013
91537 91537
93140 93140
93414 93414
97147 97147
97535 97535
96817 96817
94619 94619
93098 93098
91117 91117
92723 92723
90339 90339
89095 89095
91203 91203
91295 91295
96258 96258
99632 99632
98442 98442
99129 99129
98595 98595
102699 102699
104310 104310
107407 107407
105647 105647
106277 106277
103377 103377
100600 100600
99186 99186
95771 95771
95277 95277
95351 95351
99264 99264
99101 99101
99554 99554
98269 98269
99670 99670
101364 101364
100123 100123
98621 98621
97033 97033
97621 97621
100483 100483
100889 100889
103017 103017
102387 102387
99649 99649
96162 96162
92827 92827
91105 91105
91671 91671
89078 89078
91619 91619
89002 89002
90873 90873
88886 88886
83924 83924
88050 88050
87125 87125
90558 90558
88692 88692
91243 91243
89597 89597
88753 88753
91494 91494
95656 95656
95074 95074
94893 94893
95361 95361
98837 98837
100147 100147
100565 100565
99673 99673
98253 98253
98732 98732
100797 100797
97781 97781
96797 96797
93283 93283
95804 95804
92640 92640
93006 93006
91312 91312
94453 94453
93647 93647
96985 96985
99714 99714
99069 99069
97231 97231
97050 97050
100970 100970
95881 95881
94416 94416
95253 95253
93135 93135
94212 94212
97224 97224
91944 91944
90462 90462
94452 94452
88743 88743
86520 86520
89772 89772
89533 89533
91109 91109
95640 95640
98800 98800
97829 97829
95157 95157
92845 92845
93065 93065
97433 97433
101821 101821
104191 104191
104457 104457
105553 105553
103304 103304
103830 103830
103924 103924
102470 102470
101555 101555
100646 100646
100902 100902
99938 99938
95759 95759
98075 98075
99976 99976
99503 99503
103273 103273
102138 102138
101437 101437
98634 98634
93336 93336
96719 96719
94474 94474
94694 94694
96141 96141
94587 94587
92925 92925
97096 97096
96426 96426
91190 91190
91996 91996
92497 92497
93446 93446
90988 90988
90353 90353
85954 85954
87443 87443
91866 91866
98184 98184
99849 99849
97139 97139
100358 100358
97761 97761
94084 94084
96316 96316
95514 95514
97779 97779
96749 96749
98222 98222
97180 97180
98663 98663
100141 100141
100455 100455
100357 100357
96422 96422
94563 94563
92701 92701
91265 91265
90334 90334
98217 98217
98007 98007
100466 100466
103901 103901
100889 100889
99414 99414
100614 100614
97023 97023
96974 96974
93352 93352
93242 93242
89376 89376
92408 92408
93556 93556
93418 93418
91784 91784
92488 92488
95262 95262
96952 96952
99131 99131
101522 101522
99273 99273
102119 102119
104778 104778
105512 105512
105504 105504
99140 99140
100285 100285
102005 102005
99304 99304
97860 97860
96239 96239
91000 91000
93361 93361
95164 95164
94705 94705
93149 93149
93802 93802
92920 92920
93703 93703
89755 89755
95084 95084
94567 94567
90484 90484
93334 93334
92560 92560
89509 89509
92422 92422
93604 93604
93286 93286
92202 92202
96538 96538
97016 97016
98617 98617
101519 101519
100520 100520
100406 100406
98870 98870
101709 101709
99903 99903
95370 95370
95431 95431
99961 99961
99822 99822
92968 92968
91905 91905
96497 96497
97193 97193
101565 101565
101294 101294
97589 97589
97300 97300
97086 97086
95176 95176
96914 96914
99013 99013
98941 98941
99159 99159
99625 99625
97440 97440
93228 93228
91165 91165
93964 93964
93780 93780
92901 92901
97259 97259
96656 96656
98461 98461
93776 93776
95574 95574
95805 95805
96538 96538
96050 96050
96455 96455
99265 99265
94744 94744
94649 94649
95020 95020
96964 96964
94308 94308
95707 95707
89523 89523
86939 86939
87679 87679
88880 88880
92023 92023
92713 92713
93919 93919
95843 95843
90215 90215
92062 92062
93049 93049
93779 93779
92152 92152
91027 91027
95287 95287
91530 91530
90039 90039
92875 92875
92447 92447
91527 91527
95888 95888
97158 97158
97553 97553
94835 94835
96760 96760
99591 99591
101756 101756
100450 100450
100045 100045
95751 95751
94852 94852
97557 97557
96336 96336
94053 94053
92129 92129
93227 93227
90782 90782
89714 89714
87602 87602
92525 92525
95900 95900
94491 94491
99475 99475
95917 95917
97684 97684
99998 99998
100535 100535
100184 100184
100112 100112
97423 97423
94931 94931
95420 95420
98022 98022
95299 95299
95790 95790
99804 99804
96193 96193
98663 98663
102286 102286
101157 101157
97458 97458
99927 99927
100208 100208
99808 99808
98742 98742
101213 101213
103027 103027
105766 105766
99944 99944
100835 100835
100080 100080
101936 101936
100865 100865
100163 100163
96411 96411
98744 98744
98809 98809
95483 95483
99642 99642
101417 101417
98860 98860
100638 100638
98022 98022
96847 96847
93876 93876
94814 94814
95267 95267
97679 97679
102634 102634
103374 103374
101457 101457
100836 100836
99617 99617
99872 99872
99598 99598
97538 97538
97272 97272
99173 99173
100719 100719
100697 100697
102574 102574
99714 99714
94838 94838
96272 96272
96095 96095
97911 97911
100033 100033
103091 103091
101228 101228
100842 100842
100718 100718
99600 99600
98810 98810
95842 95842
94617 94617
98731 98731
99722 99722
97915 97915
98418 98418
94459 94459
93587 93587
96477 96477
97706 97706
94650 94650
93307 93307
91735 91735
90828 90828
94729 94729
94356 94356
94927 94927
96441 96441
94184 94184
92953 92953
92172 92172
94702 94702
95875 95875
98229 98229
94073 94073
96531 96531
92292 92292
92379 92379
86991 86991
88258 88258
90583 90583
89995 89995
87898 87898
91541 91541
92446 92446
90903 90903
90691 90691
86570 86570
88820 88820
91712 91712
95378 95378
96757 96757
94255 94255
97499 97499
95750 95750
99118 99118
96044 96044
92641 92641
91723 91723
92021 92021
91808 91808
94340 94340
93471 93471
99371 99371
98152 98152
98136 98136
102358 102358
101838 101838
102083 102083
102454 102454
103510 103510
96517 96517
96125 96125
95786 95786
91498 91498
92348 92348
94862 94862
92804 92804
94193 94193
96285 96285
97913 97913
96461 96461
92568 92568
93452 93452
90529 90529
94595 94595
97414 97414
95131 95131
92809 92809
90830 90830
89662 89662
87964 87964
86354 86354
87225 87225
90041 90041
97920 97920
93698 93698
95958 95958
97206 97206
96640 96640
96710 96710
96941 96941
97119 97119
98880 98880
101600 101600
99760 99760
95318 95318
98746 98746
98720 98720
101075 101075
98901 98901
97803 97803
101342 101342
99259 99259
93621 93621
90172 90172
88421 88421
90120 90120
91529 91529
90031 90031
93457 93457
97216 97216
91855 91855
92295 92295
94380 94380
95011 95011
95702 95702
97947 97947
94129 94129
91956 91956
90901 90901
92070 92070
90938 90938
93961 93961
93277 93277
92317 92317
90388 90388
88412 88412
88085 88085
88308 88308
90337 90337
89853 89853
91286 91286
90750 90750
93744 93744
96216 96216
98301 98301
97714 97714
95824 95824
95656 95656
97932 97932
95959 95959
98558 98558
97182 97182
94453 94453
97214 97214
98327 98327
96671 96671
97665 97665
101144 101144
98177 98177
101122 101122
101318 101318
103416 103416
102272 102272
100929 100929
98408 98408
94692 94692
93748 93748
97828 97828
95395 95395
95759 95759
94861 94861
92844 92844
94335 94335
92535 92535
95544 95544
97142 97142
96500 96500
97346 97346
94487 94487
92787 92787
95413 95413
99049 99049
99214 99214
97985 97985
102974 102974
102367 102367
101336 101336
99103 99103
97399 97399
96358 96358
96077 96077
98396 98396
96852 96852
94590 94590
95130 95130
93778 93778
95239 95239
93244 93244
90956 90956
94049 94049
98008 98008
98726 98726
96964 96964
93078 93078
92826 92826
94633 94633
94574 94574
90992 90992
88174 88174
91370 91370
90586 90586
89470 89470
88498 88498
87799 87799
88414 88414
91787 91787
88810 88810
90225 90225
91409 91409
92614 92614
93166 93166
94837 94837
96478 96478
95502 95502
98907 98907
96631 96631
97161 97161
97549 97549
92276 92276
94207 94207
94666 94666
95381 95381
98471 98471
99788 99788
98705 98705
100515 100515
102039 102039
99413 99413
96285 96285
98474 98474
95340 95340
96116 96116
94358 94358
97584 97584
96013 96013
96057 96057
93521 93521
89134 89134
96491 96491
96293 96293
94456 94456
93014 93014
93355 93355
89612 89612
88549 88549
89678 89678
90813 90813
91539 91539
89888 89888
90867 90867
90495 90495
88754 88754
92988 92988
94975 94975
94014 94014
94698 94698
95652 95652
96716 96716
94207 94207
91314 91314
91241 91241
93653 93653
96965 96965
98492 98492
98342 98342
99158 99158
99809 99809
96224 96224
102797 102797
106407 106407
104740 104740
98477 98477
95336 95336
93678 93678
91236 91236
88575 88575
95120 95120
93431 93431
92512 92512
90152 90152
92968 92968
95766 95766
96830 96830
94337 94337
97655 97655
95536 95536
95093 95093
97187 97187
96023 96023
94987 94987
91862 91862
95390 95390
93457 93457
91626 91626
91325 91325
92873 92873
92195 92195
93470 93470
95127 95127
98085 98085
98338 98338
95105 95105
92192 92192
97948 97948
96165 96165
90402 90402
94129 94129
94610 94610
93338 93338
91915 91915
91355 91355
90768 90768
92282 92282
94863 94863
96405 96405
95641 95641
98429 98429
99796 99796
97572 97572
96201 96201
95045 95045
96466 96466
98636 98636
98523 98523
96517 96517
91720 91720
94837 94837
94745 94745
98585 98585
96647 96647
97710 97710
98271 98271
101061 101061
99405 99405
100984 100984
102816 102816
95987 95987
95711 95711
95001 95001
96908 96908
97963 97963
100771 100771
98444 98444
95624 95624
96651 96651
98510 98510
100748 100748
103373 103373
103205 103205
101185 101185
101919 101919
101688 101688
105294 105294
107060 107060
102834 102834
104168 104168
101312 101312
100925 100925
101045 101045
104247 104247
100111 100111
98193 98193
101150 101150
99532 99532
98398 98398
98838 98838
99819 99819
98630 98630
92205 92205
92160 92160
90819 90819
89451 89451
93151 93151
97634 97634
99311 99311
90588 90588
91328 91328
98881 98881
101792 101792
104550 104550
106597 106597
104835 104835
104900 104900
105494 105494
101774 101774
100682 100682
96995 96995
100599 100599
99160 99160
97357 97357
98793 98793
99657 99657
101378 101378
96492 96492
100559 100559
100527 100527
102975 102975
105630 105630
101801 101801
101896 101896
98028 98028
90981 90981
88801 88801
96110 96110
95684 95684
97336 97336
99453 99453
98533 98533
97954 97954
96708 96708
96382 96382
94900 94900
96528 96528
96136 96136
92586 92586
91104 91104
92793 92793
92478 92478
94727 94727
101256 101256
97776 97776
96743 96743
95711 95711
97908 97908
95954 95954
98909 98909
100634 100634
103082 103082
102146 102146
102844 102844
103605 103605
100958 100958
99122 99122
95905 95905
93171 93171
92451 92451
94757 94757
92152 92152
92871 92871
95659 95659
94340 94340
91551 91551
93714 93714
93637 93637
88984 88984
95299 95299
91771 91771
95203 95203
97602 97602
95588 95588
98116 98116
97243 97243
95271 95271
95007 95007
98058 98058
101921 101921
101120 101120
102917 102917
103759 103759
102057 102057
99433 99433
102834 102834
102238 102238
98868 98868
95338 95338
91867 91867
90386 90386
91057 91057
92054 92054
96592 96592
96153 96153
95125 95125
91694 91694
92404 92404
93982 93982
96243 96243
93446 93446
96883 96883
95474 95474
96218 96218
98149 98149
97365 97365
99835 99835
93723 93723
96122 96122
94477 94477
99647 99647
103721 103721
104914 104914
102386 102386
103584 103584
103378 103378
99778 99778
98577 98577
96535 96535
93803 93803
98503 98503
98529 98529
96967 96967
93338 93338
97330 97330
93247 93247
92812 92812
94009 94009
97293 97293
99327 99327
97045 97045
97554 97554
98646 98646
102528 102528
99149 99149
101790 101790
97128 97128
98966 98966
96528 96528
97194 97194
94304 94304
95139 95139
95042 95042
95855 95855
95771 95771
91934 91934
90588 90588
90460 90460
85104 85104
88662 88662
95219 95219
93133 93133
96756 96756
97443 97443
94492 94492
95397 95397
99847 99847
97623 97623
98874 98874
97857 97857
96688 96688
94276 94276
96320 96320
90976 90976
90606 90606
89809 89809
90756 90756
94670 94670
95219 95219
91685 91685
89230 89230
87545 87545
90323 90323
97115 97115
99776 99776
99305 99305
97527 97527
100976 100976
99478 99478
105719 105719
105058 105058
104604 104604
102155 102155
100055 100055
103107 103107
103214 103214
103385 103385
102480 102480
96771 96771
95794 95794
93316 93316
92825 92825
93172 93172
92380 92380
94017 94017
95634 95634
95007 95007
97835 97835
102091 102091
106937 106937
107475 107475
105675 105675
106763 106763
106473 106473
107363 107363
107743 107743
100320 100320
98680 98680
99058 99058
96918 96918
98413 98413
97230 97230
98452 98452
94051 94051
95941 95941
98781 98781
96781 96781
94617 94617
95067 95067
95081 95081
93438 93438
92386 92386
95345 95345
98239 98239
96638 96638
94414 94414
93604 93604
96875 96875
95898 95898
94459 94459
94646 94646
95581 95581
93943 93943
92650 92650
91544 91544
92700 92700
95427 95427
95308 95308
91671 91671
91008 91008
90642 90642
90757 90757
93583 93583
92090 92090
92542 92542
92801 92801
94334 94334
93226 93226
96473 96473
92903 92903
91869 91869
91594 91594
87149 87149
93928 93928
94184 94184
93170 93170
89919 89919
90556 90556
86663 86663
91199 91199
90317 90317
86822 86822
87430 87430
92012 92012
89858 89858
87069 87069
90208 90208
92009 92009
92810 92810
87346 87346
88019 88019
92073 92073
92507 92507
87795 87795
89104 89104
91673 91673
93936 93936
95438 95438
94507 94507
92748 92748
90570 90570
95014 95014
96492 96492
96795 96795
96919 96919
100530 100530
98198 98198
96643 96643
96571 96571
95168 95168
95975 95975
95169 95169
92808 92808
97241 97241
95541 95541
94677 94677
95290 95290
93236 93236
92594 92594
93747 93747
96743 96743
92129 92129
94480 94480
90652 90652
96002 96002
97340 97340
96209 96209
91718 91718
90300 90300
90175 90175
93713 93713
94445 94445
91754 91754
94869 94869
92680 92680
93059 93059
89060 89060
92257 92257
91589 91589
91021 91021
96571 96571
94197 94197
93006 93006
90577 90577
94414 94414
92614 92614
93431 93431
95707 95707
95033 95033
96691 96691
97473 97473
98479 98479
96419 96419
93541 93541
93688 93688
87261 87261
87838 87838
89621 89621
89856 89856
90626 90626
90920 90920
92787 92787
90646 90646
95202 95202
98440 98440
97172 97172
95631 95631
93578 93578
90277 90277
89778 89778
89781 89781
89365 89365
94395 94395
93615 93615
94917 94917
96563 96563
97595 97595
98619 98619
100982 100982
100530 100530
97476 97476
98222 98222
98240 98240
94956 94956
95335 95335
98626 98626
98970 98970
96363 96363
94442 94442
95661 95661
96950 96950
97367 97367
94569 94569
96088 96088
97748 97748
96140 96140
99265 99265
99996 99996
98029 98029
94955 94955
93552 93552
88563 88563
88680 88680
89965 89965
91326 91326
89554 89554
85395 85395
89847 89847
91864 91864
94750 94750
94395 94395
92869 92869
90127 90127
89813 89813
88932 88932
88824 88824
89943 89943
91389 91389
89145 89145
85738 85738
87626 87626
90632 90632
91346 91346
88157 88157
87967 87967
91654 91654
94150 94150
94341 94341
92091 92091
90672 90672
90943 90943
91743 91743
91145 91145
87133 87133
89388 89388
88826 88826
88567 88567
89988 89988
94990 94990
95092 95092
95655 95655
95679 95679
94919 94919
93870 93870
92278 92278
90435 90435
89647 89647
92736 92736
89497 89497
92195 92195
96473 96473
98593 98593
95846 95846
97152 97152
98392 98392
98253 98253
99820 99820
97316 97316
99201 99201
96098 96098
99086 99086
95602 95602
96894 96894
97412 97412
95494 95494
96781 96781
91560 91560
91928 91928
92442 92442
93972 93972
95270 95270
100036 100036
96514 96514
95219 95219
94551 94551
92195 92195
98364 98364
99048 99048
94592 94592
98661 98661
99064 99064
96431 96431
95867 95867
94197 94197
91314 91314
96602 96602
97606 97606
94941 94941
92761 92761
92926 92926
93204 93204
90119 90119
94579 94579
96288 96288
97847 97847
97782 97782
98865 98865
95039 95039
94986 94986
93848 93848
91564 91564
95605 95605
94339 94339
95808 95808
98770 98770
97861 97861
98190 98190
97944 97944
101759 101759
96654 96654
97040 97040
98280 98280
96118 96118
94870 94870
92333 92333
93981 93981
89639 89639
92069 92069
95417 95417
96768 96768
94425 94425
95934 95934
96765 96765
94797 94797
94941 94941
95565 95565
97700 97700
97522 97522
105010 105010
101088 101088
100560 100560
96354 96354
94743 94743
93387 93387
92986 92986
91790 91790
92702 92702
93472 93472
90118 90118
93187 93187
92974 92974
91416 91416
91925 91925
88206 88206
90902 90902
87509 87509
90435 90435
87259 87259
86447 86447
89666 89666
89001 89001
89447 89447
91326 91326
93406 93406
90806 90806
92361 92361
93459 93459
90140 90140
87253 87253
91101 91101
94654 94654
95130 95130
94198 94198
96893 96893
96218 96218
97571 97571
94868 94868
96716 96716
99270 99270
93955 93955
96964 96964
98978 98978
98611 98611
98143 98143
100789 100789
98909 98909
99002 99002
95342 95342
96849 96849
92480 92480
93767 93767
91771 91771
93961 93961
92831 92831
96087 96087
91823 91823
89723 89723
87496 87496
86364 86364
86318 86318
89431 89431
88995 88995
88080 88080
88469 88469
87429 87429
89106 89106
90764 90764
90690 90690
87500 87500
87667 87667
89217 89217
92162 92162
98123 98123
97750 97750
97547 97547
98523 98523
97343 97343
95886 95886
91860 91860
88122 88122
85261 85261
84555 84555
87325 87325
86686 86686
91642 91642
90855 90855
92151 92151
95322 95322
93663 93663
90833 90833
91531 91531
95511 95511
91337 91337
92334 92334
93664 93664
94841 94841
93653 93653
95443 95443
95770 95770
93700 93700
94106 94106
91238 91238
93048 93048
91423 91423
95642 95642
96906 96906
97792 97792
98376 98376
98443 98443
100285 100285
101989 101989
99340 99340
96362 96362
93290 93290
91532 91532
90298 90298
88824 88824
85812 85812
92824 92824
92356 92356
92275 92275
92720 92720
92581 92581
93392 93392
94846 94846
94713 94713
97900 97900
96129 96129
98522 98522
92407 92407
96629 96629
92555 92555
90195 90195
93489 93489
90429 90429
92167 92167
87402 87402
91987 91987
98919 98919
94546 94546
93951 93951
96141 96141
98856 98856
98932 98932
99158 99158
92911 92911
93848 93848
98432 98432
99723 99723
99194 99194
98796 98796
98764 98764
96748 96748
91201 91201
96342 96342
93484 93484
96114 96114
90354 90354
92232 92232
90458 90458
92769 92769
91894 91894
87654 87654
89097 89097
91982 91982
88328 88328
92109 92109
90892 90892
91340 91340
93073 93073
94882 94882
96799 96799
99515 99515
97036 97036
98184 98184
100240 100240
101263 101263
97113 97113
95909 95909
90707 90707
90924 90924
93838 93838
93808 93808
91316 91316
90094 90094
86436 86436
88087 88087
93484 93484
94868 94868
96159 96159
95455 95455
98264 98264
97330 97330
97202 97202
97623 97623
94946 94946
93776 93776
95542 95542
96546 96546
97872 97872
101583 101583
94061 94061
96408 96408
95586 95586
98342 98342
100393 100393
98063 98063
98364 98364
99762 99762
100084 100084
99876 99876
98890 98890
99028 99028
93498 93498
95911 95911
99562 99562
100343 100343
97029 97029
97413 97413
97306 97306
94289 94289
95694 95694
94775 94775
98522 98522
99592 99592
98397 98397
96832 96832
100538 100538
99544 99544
97875 97875
96154 96154
98410 98410
101262 101262
97225 97225
91265 91265
93207 93207
90412 90412
91735 91735
91884 91884
94785 94785
92491 92491
97053 97053
98540 98540
101084 101084
95221 95221
92957 92957
91950 91950
93730 93730
94713 94713
97781 97781
97623 97623
101140 101140
100881 100881
101231 101231
95238 95238
93160 93160
91953 91953
91574 91574
90286 90286
89956 89956
87597 87597
93058 93058
91542 91542
93539 93539
93824 93824
95938 95938
97425 97425
94292 94292
96276 96276
95074 95074
97379 97379
97316 97316
98904 98904
98336 98336
93907 93907
92377 92377
93128 93128
96042 96042
94617 94617
95874 95874
96868 96868
98493 98493
96476 96476
98307 98307
99712 99712
100574 100574
97394 97394
94627 94627
96939 96939
99422 99422
99727 99727
95285 95285
95210 95210
96607 96607
97853 97853
99422 99422
100366 100366
100500 100500
100904 100904
97469 97469
101788 101788
98111 98111
99340 99340
100457 100457
102052 102052
101837 101837
102990 102990
103530 103530
100470 100470
100016 100016
93943 93943
96132 96132
96837 96837
99151 99151
101216 101216
103250 103250
105810 105810
103835 103835
101621 101621
98034 98034
98435 98435
101811 101811
96633 96633
94705 94705
96753 96753
96654 96654
93427 93427
96139 96139
95952 95952
99721 99721
101184 101184
99356 99356
98145 98145
97160 97160
97832 97832
90027 90027
92724 92724
89090 89090
92148 92148
91324 91324
95720 95720
93448 93448
98062 98062
98886 98886
95228 95228
97201 97201
96855 96855
95300 95300
97192 97192
97704 97704
97792 97792
96706 96706
98921 98921
101510 101510
99943 99943
97226 97226
96950 96950
96533 96533
96917 96917
93981 93981
93252 93252
91640 91640
88369 88369
87385 87385
88593 88593
89592 89592
92996 92996
94928 94928
95511 95511
94895 94895
97083 97083
96432 96432
97139 97139
99755 99755
104573 104573
102125 102125
102109 102109
101203 101203
97023 97023
95640 95640
94698 94698
90809 90809
88015 88015
86351 86351
84231 84231
87475 87475
90940 90940
86195 86195
88148 88148
88426 88426
90044 90044
85684 85684
89448 89448
91523 91523
88500 88500
91643 91643
92819 92819
91405 91405
95936 95936
95701 95701
95897 95897
96091 96091
96239 96239
96910 96910
94900 94900
96364 96364
91611 91611
90899 90899
92692 92692
90114 90114
93786 93786
94935 94935
94749 94749
96713 96713
95483 95483
93504 93504
93757 93757
93586 93586
92026 92026
94766 94766
98261 98261
94533 94533
94928 94928
94803 94803
96454 96454
96976 96976
96671 96671
98430 98430
99499 99499
103050 103050
98420 98420
100623 100623
98178 98178
98287 98287
93547 93547
94906 94906
92554 92554
92739 92739
87522 87522
93994 93994
92050 92050
94751 94751
99691 99691
100541 100541
102617 102617
101138 101138
102349 102349
99000 99000
92585 92585
92205 92205
90974 90974
93366 93366
95373 95373
93001 93001
94523 94523
92860 92860
95109 95109
95540 95540
93701 93701
94101 94101
94434 94434
90255 90255
91722 91722
94149 94149
93893 93893
95469 95469
95707 95707
98239 98239
100495 100495
98926 98926
96580 96580
95900 95900
96262 96262
97168 97168
96652 96652
96252 96252
96489 96489
99810 99810
99170 99170
98624 98624
103538 103538
100491 100491
98397 98397
101482 101482
100083 100083
100566 100566
98500 98500
100783 100783
100419 100419
100849 100849
99008 99008
95282 95282
95470 95470
96611 96611
93448 93448
92518 92518
91541 91541
88113 88113
90814 90814
88584 88584
91256 91256
94427 94427
94525 94525
95606 95606
93305 93305
94129 94129
94771 94771
96425 96425
93233 93233
94586 94586
99311 99311
96665 96665
95815 95815
95940 95940
93290 93290
90178 90178
89818 89818
92463 92463
92762 92762
96122 96122
98078 98078
95758 95758
94715 94715
94053 94053
95698 95698
96472 96472
94238 94238
95307 95307
96215 96215
95146 95146
95976 95976
96611 96611
95586 95586
97656 97656
100958 100958
97627 97627
96518 96518
96601 96601
95562 95562
93483 93483
96262 96262
95750 95750
97616 97616
98220 98220
98348 98348
93047 93047
96637 96637
94247 94247
99259 99259
97931 97931
93814 93814
94910 94910
94576 94576
98135 98135
97861 97861
95440 95440
93228 93228
93031 93031
95543 95543
96606 96606
96170 96170
94943 94943
92584 92584
93358 93358
95286 95286
96072 96072
89940 89940
95165 95165
94229 94229
94363 94363
94675 94675
94493 94493
96586 96586
95749 95749
96817 96817
92774 92774
91715 91715
91509 91509
91441 91441
88060 88060
91121 91121
92530 92530
97053 97053
96007 96007
97022 97022
96688 96688
97626 97626
99234 99234
99407 99407
99820 99820
93826 93826
94701 94701
94512 94512
95483 95483
92283 92283
96210 96210
98323 98323
100881 100881
95952 95952
99116 99116
100411 100411
96487 96487
101161 101161
104434 104434
100919 100919
106121 106121
101816 101816
99755 99755
100054 100054
98892 98892
98513 98513
101122 101122
98892 98892
98386 98386
96894 96894
98800 98800
100769 100769
98531 98531
99785 99785
99150 99150
98519 98519
95705 95705
94989 94989
93573 93573
93105 93105
97577 97577
93615 93615
98611 98611
98286 98286
95287 95287
96101 96101
98023 98023
95829 95829
97855 97855
98874 98874
100547 100547
105549 105549
105892 105892
101527 101527
103981 103981
103401 103401
100640 100640
99111 99111
100204 100204
99770 99770
98044 98044
97216 97216
99621 99621
94629 94629
92788 92788
89015 89015
89347 89347
88448 88448
93796 93796
90157 90157
90365 90365
87964 87964
89290 89290
90909 90909
90456 90456
98301 98301
97144 97144
93994 93994
94292 94292
95559 95559
92474 92474
91890 91890
92728 92728
92898 92898
93860 93860
95279 95279
94646 94646
93827 93827
94841 94841
94973 94973
93423 93423
88539 88539
88257 88257
91061 91061
91926 91926
93491 93491
95260 95260
93160 93160
93861 93861
95037 95037
93919 93919
93471 93471
90414 90414
89881 89881
92039 92039
93114 93114
93814 93814
95175 95175
97105 97105
92695 92695
94801 94801
94500 94500
92946 92946
93724 93724
93160 93160
92217 92217
94957 94957
92312 92312
89296 89296
89135 89135
86143 86143
89474 89474
90184 90184
91123 91123
96333 96333
97204 97204
97509 97509
98881 98881
98244 98244
99107 99107
97599 97599
99399 99399
100650 100650
96171 96171
99917 99917
98582 98582
94252 94252
96422 96422
93462 93462
90848 90848
90120 90120
92031 92031
88151 88151
91309 91309
88460 88460
91401 91401
93686 93686
90773 90773
92506 92506
88179 88179
90509 90509
90955 90955
95616 95616
96511 96511
93954 93954
95655 95655
96760 96760
93419 93419
93011 93011
94773 94773
94728 94728
91956 91956
90357 90357
90478 90478
96439 96439
97787 97787
97649 97649
95178 95178
92685 92685
93166 93166
96231 96231
96198 96198
100280 100280
95485 95485
94305 94305
99501 99501
100103 100103
100578 100578
94610 94610
98672 98672
95331 95331
96071 96071
94515 94515
97569 97569
97093 97093
96633 96633
95245 95245
95517 95517
97296 97296
103180 103180
101259 101259
97101 97101
96446 96446
97235 97235
101322 101322
98297 98297
101924 101924
101522 101522
104149 104149
103077 103077
99416 99416
98717 98717
98481 98481
101656 101656
103444 103444
105642 105642
103760 103760
103203 103203
100919 100919
93768 93768
93966 93966
97559 97559
93518 93518
100822 100822
97988 97988
100423 100423
100330 100330
97185 97185
95683 95683
93905 93905
89770 89770
90104 90104
92469 92469
88564 88564
91661 91661
94196 94196
95500 95500
96974 96974
94744 94744
88951 88951
91646 91646
91430 91430
96223 96223
95845 95845
96450 96450
93205 93205
98616 98616
103049 103049
99839 99839
99480 99480
98261 98261
93850 93850
93455 93455
91069 91069
95113 95113
93993 93993
95118 95118
99580 99580
99908 99908
98377 98377
96751 96751
94977 94977
95683 95683
92084 92084
91581 91581
92432 92432
94426 94426
93901 93901
95054 95054
93367 93367
93514 93514
94547 94547
96646 96646
98245 98245
98156 98156
97268 97268
98806 98806
97880 97880
97615 97615
100830 100830
104011 104011
100304 100304
95377 95377
96930 96930
94530 94530
93230 93230
94840 94840
94110 94110
97617 97617
94831 94831
92873 92873
89487 89487
92741 92741
90068 90068
90639 90639
88574 88574
89814 89814
90846 90846
95992 95992
96866 96866
97225 97225
93215 93215
93572 93572
94315 94315
95471 95471
93809 93809
94797 94797
98385 98385
98244 98244
99415 99415
97644 97644
95370 95370
92512 92512
95970 95970
97549 97549
97210 97210
96722 96722
97212 97212
99620 99620
97004 97004
95020 95020
92223 92223
94522 94522
96600 96600
90931 90931
91634 91634
90694 90694
87973 87973
89418 89418
95560 95560
97024 97024
95035 95035
94655 94655
90121 90121
90609 90609
93649 93649
92796 92796
95511 95511
95584 95584
101166 101166
96948 96948
92167 92167
89165 89165
94358 94358
96838 96838
97776 97776
95940 95940
93720 93720
92718 92718
93117 93117
92893 92893
96741 96741
97427 97427
97491 97491
99574 99574
97550 97550
98684 98684
97184 97184
92922 92922
89701 89701
92021 92021
92058 92058
96578 96578
98225 98225
98904 98904
98170 98170
99308 99308
99162 99162
95851 95851
100782 100782
100212 100212
100107 100107
95860 95860
100578 100578
99259 99259
97868 97868
100779 100779
95747 95747
102427 102427
95731 95731
95681 95681
96303 96303
97495 97495
98144 98144
96341 96341
97600 97600
96937 96937
100798 100798
101867 101867
97732 97732
98507 98507
103316 103316
102749 102749
95995 95995
97263 97263
94049 94049
91217 91217
88507 88507
86245 86245
86968 86968
86239 86239
86579 86579
86895 86895
87008 87008
87803 87803
87210 87210
91478 91478
96690 96690
97746 97746
95670 95670
94693 94693
94083 94083
91467 91467
92340 92340
91311 91311
92274 92274
96746 96746
94667 94667
96751 96751
95465 95465
96345 96345
96392 96392
96608 96608
92118 92118
92646 92646
93930 93930
94565 94565
94626 94626
90833 90833
94399 94399
97269 97269
96891 96891
96523 96523
95319 95319
90374 90374
89409 89409
86825 86825
91189 91189
88517 88517
91391 91391
92473 92473
91368 91368
92486 92486
93080 93080
94268 94268
91847 91847
94610 94610
94021 94021
92724 92724
90376 90376
90020 90020
87544 87544
93772 93772
94192 94192
96520 96520
97757 97757
96682 96682
94854 94854
96106 96106
98908 98908
101394 101394
100815 100815
104738 104738
104055 104055
100033 100033
100909 100909
103228 103228
100651 100651
102120 102120
105123 105123
98893 98893
100369 100369
99179 99179
100142 100142
100669 100669
99012 99012
100151 100151
100208 100208
100639 100639
98927 98927
101335 101335
102299 102299
101887 101887
101302 101302
99966 99966
97732 97732
99393 99393
95919 95919
92671 92671
97389 97389
93096 93096
92856 92856
95397 95397
94657 94657
95937 95937
94925 94925
95918 95918
92272 92272
89605 89605
89354 89354
90381 90381
91454 91454
93035 93035
92201 92201
92453 92453
92056 92056
92023 92023
94302 94302
94709 94709
93324 93324
94463 94463
96403 96403
90995 90995
88562 88562
94743 94743
98839 98839
95476 95476
94813 94813
94864 94864
98140 98140
97606 97606
98678 98678
95331 95331
95168 95168
96969 96969
93937 93937
96934 96934
97650 97650
98065 98065
98917 98917
100284 100284
100304 100304
102033 102033
97196 97196
92349 92349
97513 97513
98035 98035
100933 100933
103973 103973
99932 99932
99233 99233
101119 101119
94560 94560
95016 95016
97350 97350
99010 99010
94969 94969
95515 95515
94175 94175
94070 94070
94718 94718
94115 94115
90113 90113
90743 90743
92428 92428
94588 94588
91811 91811
92903 92903
92363 92363
94038 94038
95134 95134
96800 96800
98716 98716
96799 96799
95989 95989
94593 94593
94563 94563
94602 94602
94712 94712
96327 96327
98562 98562
96242 96242
92555 92555
90544 90544
90953 90953
89834 89834
85446 85446
87320 87320
90975 90975
91176 91176
96424 96424
98043 98043
95306 95306
96389 96389
98961 98961
100155 100155
99885 99885
99355 99355
99927 99927
96262 96262
93524 93524
91224 91224
91398 91398
93526 93526
88100 88100
87394 87394
93915 93915
91700 91700
93010 93010
92177 92177
96274 96274
97687 97687
98395 98395
96229 96229
97027 97027
90284 90284
96148 96148
98929 98929
98320 98320
94612 94612
98739 98739
100196 100196
105925 105925
101004 101004
98129 98129
97271 97271
96231 96231
95313 95313
96280 96280
97117 97117
97348 97348
96742 96742
95859 95859
92354 92354
96579 96579
98730 98730
95849 95849
92841 92841
97472 97472
96756 96756
95216 95216
100503 100503
99249 99249
100233 100233
101929 101929
96825 96825
92183 92183
92855 92855
91632 91632
90898 90898
92840 92840
94904 94904
96645 96645
100280 100280
101416 101416
103698 103698
99102 99102
96022 96022
96085 96085
100696 100696
101476 101476
99504 99504
100461 100461
98938 98938
95362 95362
93998 93998
95664 95664
94180 94180
92650 92650
90448 90448
92280 92280
92762 92762
95692 95692
92768 92768
96775 96775
97093 97093
100396 100396
100370 100370
100132 100132
97052 97052
97215 97215
96651 96651
91898 91898
92597 92597
93710 93710
95396 95396
95409 95409
98090 98090
97110 97110
95630 95630
96397 96397
100057 100057
99402 99402
97208 97208
96780 96780
93603 93603
96572 96572
95292 95292
96468 96468
99495 99495
98700 98700
96216 96216
95371 95371
94123 94123
96943 96943
97790 97790
96418 96418
95942 95942
99472 99472
98636 98636
102951 102951
103939 103939
102152 102152
98649 98649
95823 95823
94889 94889
96237 96237
103382 103382
103514 103514
102766 102766
93574 93574
94122 94122
92036 92036
94281 94281
94430 94430
95614 95614
98192 98192
96965 96965
91801 91801
93463 93463
93553 93553
97575 97575
95481 95481
93768 93768
97452 97452
98996 98996
94215 94215
96278 96278
95388 95388
94297 94297
98287 98287
96019 96019
99101 99101
99881 99881
98496 98496
99459 99459
98460 98460
97458 97458
95340 95340
91282 91282
95976 95976
96987 96987
93686 93686
93502 93502
95729 95729
96806 96806
93339 93339
96208 96208
94034 94034
96477 96477
97222 97222
97053 97053
99082 99082
96854 96854
91379 91379
88123 88123
89999 89999
94169 94169
90170 90170
94877 94877
91525 91525
94056 94056
92960 92960
93747 93747
92782 92782
93607 93607
93788 93788
93073 93073
89991 89991
92837 92837
97323 97323
97712 97712
99072 99072
101940 101940
103361 103361
96688 96688
94464 94464
94980 94980
94213 94213
93762 93762
98904 98904
95479 95479
91503 91503
93201 93201
94765 94765
95322 95322
94927 94927
93853 93853
95450 95450
94207 94207
94524 94524
96668 96668
102000 102000
95893 95893
98040 98040
99234 99234
100296 100296
98827 98827
103392 103392
100768 100768
96327 96327
95266 95266
95443 95443
95093 95093
97966 97966
98631 98631
96707 96707
98190 98190
99629 99629
101221 101221
102012 102012
100875 100875
99011 99011
100565 100565
98497 98497
97093 97093
96225 96225
94029 94029
95243 95243
97878 97878
99177 99177
101888 101888
100976 100976
100494 100494
101260 101260
96868 96868
97798 97798
97527 97527
97411 97411
92986 92986
93613 93613
93056 93056
97480 97480
97462 97462
99758 99758
97846 97846
98215 98215
95232 95232
92192 92192
95137 95137
94477 94477
92888 92888
87735 87735
90801 90801
92068 92068
90697 90697
91354 91354
91186 91186
91777 91777
97480 97480
96763 96763
96422 96422
94217 94217
95034 95034
100179 100179
97783 97783
93830 93830
97337 97337
98149 98149
97217 97217
98482 98482
100993 100993
102378 102378
100499 100499
97561 97561
97485 97485
96939 96939
95408 95408
99066 99066
100792 100792
98940 98940
97946 97946
97121 97121
100071 100071
98062 98062
100711 100711
104898 104898
102903 102903
101509 101509
103559 103559
101787 101787
98674 98674
99964 99964
100525 100525
102717 102717
102165 102165
105814 105814
105496 105496
102150 102150
96307 96307
93457 93457
96627 96627
98458 98458
94982 94982
92494 92494
94813 94813
95920 95920
96728 96728
96876 96876
93198 93198
89735 89735
88405 88405
86929 86929
89326 89326
89385 89385
86838 86838
91077 91077
94498 94498
98739 98739
98504 98504
101957 101957
98956 98956
99023 99023
96458 96458
95724 95724
95658 95658
97399 97399
96345 96345
94839 94839
97203 97203
95253 95253
97068 97068
95666 95666
96380 96380
92612 92612
97178 97178
96462 96462
97309 97309
96451 96451
95960 95960
95956 95956
95858 95858
94428 94428
96604 96604
94050 94050
94824 94824
95063 95063
94995 94995
96395 96395
97147 97147
97613 97613
99155 99155
96840 96840
98806 98806
98847 98847
97267 97267
97221 97221
97784 97784
98102 98102
96158 96158
99665 99665
100311 100311
101132 101132
99555 99555
94424 94424
93039 93039
94507 94507
94941 94941
94545 94545
94557 94557
94246 94246
99234 99234
100643 100643
100328 100328
98564 98564
100172 100172
100846 100846
95769 95769
94345 94345
95914 95914
92812 92812
93402 93402
93469 93469
92372 92372
91960 91960
96850 96850
95397 95397
95059 95059
92257 92257
90948 90948
90276 90276
91082 91082
87483 87483
88153 88153
91884 91884
92832 92832
92579 92579
93325 93325
94407 94407
95267 95267
99219 99219
99208 99208
95276 95276
95214 95214
98312 98312
96648 96648
97748 97748
97489 97489
96094 96094
103037 103037
107201 107201
107415 107415
111115 111115
104315 104315
106798 106798
103537 103537
102517 102517
101044 101044
103855 103855
102336 102336
101117 101117
104358 104358
105560 105560
100672 100672
101542 101542
104312 104312
101438 101438
99844 99844
95027 95027
94978 94978
94155 94155
98204 98204
100324 100324
99559 99559
95856 95856
90795 90795
89577 89577
92911 92911
90865 90865
91382 91382
93355 93355
94160 94160
95362 95362
91843 91843
86465 86465
87051 87051
89550 89550
87975 87975
82898 82898
83729 83729
87287 87287
90902 90902
94646 94646
91553 91553
94087 94087
95836 95836
97457 97457
95732 95732
98630 98630
98692 98692
96018 96018
93038 93038
90197 90197
92548 92548
92855 92855
88234 88234
92215 92215
89448 89448
92738 92738
94380 94380
93464 93464
92982 92982
92127 92127
93515 93515
88843 88843
92400 92400
94417 94417
98131 98131
97232 97232
101287 101287
100684 100684
96216 96216
96653 96653
96210 96210
91006 91006
92297 92297
92799 92799
92341 92341
93961 93961
95719 95719
98697 98697
97282 97282
94110 94110
96072 96072
97322 97322
97065 97065
93753 93753
93825 93825
91835 91835
89593 89593
90041 90041
90062 90062
91950 91950
96930 96930
93115 93115
92692 92692
92333 92333
93720 93720
93006 93006
93482 93482
95068 95068
92791 92791
92868 92868
92780 92780
92427 92427
95864 95864
94032 94032
94255 94255
94962 94962
101648 101648
101399 101399
98672 98672
97322 97322
98194 98194
96860 96860
99610 99610
96317 96317
98187 98187
94673 94673
93024 93024
89148 89148
90821 90821
88984 88984
87669 87669
96344 96344
96087 96087
96324 96324
94291 94291
93006 93006
90989 90989
88785 88785
90465 90465
93725 93725
94242 94242
93118 93118
92470 92470
89824 89824
89876 89876
94476 94476
93414 93414
92483 92483
93776 93776
95288 95288
91895 91895
87128 87128
89128 89128
90841 90841
95219 95219
93785 93785
93413 93413
90751 90751
90482 90482
88382 88382
92944 92944
95711 95711
92459 92459
89175 89175
95481 95481
98004 98004
97820 97820
100201 100201
98643 98643
101350 101350
101065 101065
102475 102475
104017 104017
102505 102505
101378 101378
102344 102344
99613 99613
98260 98260
99366 99366
97754 97754
102774 102774
100051 100051
96803 96803
95051 95051
97973 97973
99927 99927
94978 94978
94997 94997
98690 98690
95322 95322
97183 97183
98693 98693
99537 99537
99708 99708
98161 98161
97729 97729
93807 93807
91753 91753
89672 89672
87092 87092
95702 95702
97249 97249
100332 100332
97488 97488
100096 100096
100155 100155
99712 99712
97381 97381
99262 99262
97639 97639
96755 96755
96836 96836
96709 96709
97503 97503
97217 97217
98345 98345
100875 100875
98705 98705
96474 96474
93334 93334
95309 95309
97464 97464
97035 97035
97167 97167
94015 94015
95195 95195
97379 97379
97809 97809
98851 98851
96269 96269
97071 97071
97184 97184
95933 95933
97041 97041
95516 95516
93214 93214
91430 91430
89973 89973
88105 88105
89307 89307
90387 90387
91924 91924
93478 93478
95442 95442
95753 95753
94778 94778
94967 94967
99197 99197
99525 99525
100376 100376
99076 99076
93637 93637
92647 92647
95978 95978
98881 98881
98887 98887
100895 100895
99723 99723
98587 98587
99840 99840
99025 99025
95893 95893
94670 94670
93604 93604
94876 94876
91429 91429
87722 87722
90552 90552
94607 94607
94354 94354
97539 97539
97632 97632
97242 97242
96347 96347
96261 96261
92540 92540
97677 97677
99484 99484
95090 95090
96366 96366
94823 94823
94492 94492
94426 94426
96519 96519
96046 96046
98729 98729
99833 99833
95778 95778
96443 96443
95583 95583
95010 95010
94201 94201
94480 94480
95946 95946
96471 96471
93956 93956
98412 98412
96820 96820
94366 94366
91526 91526
83603 83603
88940 88940
91203 91203
91829 91829
89556 89556
95642 95642
92861 92861
96115 96115
97022 97022
100998 100998
95819 95819
95175 95175
93432 93432
94319 94319
91806 91806
95520 95520
101465 101465
101743 101743
98503 98503
101437 101437
99818 99818
99082 99082
98541 98541
92616 92616
92604 92604
92624 92624
94880 94880
93230 93230
92441 92441
98442 98442
97468 97468
95800 95800
93802 93802
95191 95191
96489 96489
96097 96097
97161 97161
96601 96601
95189 95189
94605 94605
94379 94379
90986 90986
89509 89509
90647 90647
93576 93576
94790 94790
92669 92669
94036 94036
96793 96793
99349 99349
98242 98242
97826 97826
98612 98612
98855 98855
98471 98471
98519 98519
96596 96596
94672 94672
94665 94665
91564 91564
91545 91545
91021 91021
97639 97639
94973 94973
98918 98918
95582 95582
92867 92867
95306 95306
95879 95879
93491 93491
92981 92981
94340 94340
94000 94000
89228 89228
92568 92568
90600 90600
92405 92405
92253 92253
89814 89814
95386 95386
96499 96499
98739 98739
95565 95565
92173 92173
88971 88971
90887 90887
94869 94869
96990 96990
94637 94637
94162 94162
93664 93664
94641 94641
96290 96290
95173 95173
96107 96107
91504 91504
92880 92880
91678 91678
94276 94276
96468 96468
100479 100479
98459 98459
98811 98811
98033 98033
93857 93857
93851 93851
92287 92287
93164 93164
91795 91795
89413 89413
89281 89281
87878 87878
88437 88437
92754 92754
91244 91244
91242 91242
88141 88141
91886 91886
91943 91943
93930 93930
96618 96618
97224 97224
98576 98576
98117 98117
97561 97561
94573 94573
95749 95749
93741 93741
91638 91638
92783 92783
90277 90277
91266 91266
94520 94520
97527 97527
97722 97722
96469 96469
94989 94989
95712 95712
97374 97374
94328 94328
93460 93460
93642 93642
95434 95434
94860 94860
95775 95775
94289 94289
96963 96963
97396 97396
91532 91532
93022 93022
93226 93226
91703 91703
92324 92324
92631 92631
92600 92600
94591 94591
93973 93973
90075 90075
88811 88811
91154 91154
97591 97591
98508 98508
97535 97535
94542 94542
94867 94867
92926 92926
96166 96166
95941 95941
96301 96301
94898 94898
92613 92613
95296 95296
94436 94436
98155 98155
95367 95367
95339 95339
91799 91799
89429 89429
89274 89274
90378 90378
92686 92686
94908 94908
93835 93835
94479 94479
95190 95190
95779 95779
95427 95427
95900 95900
98202 98202
92777 92777
96134 96134
99235 99235
99830 99830
100966 100966
99123 99123
92518 92518
93691 93691
91747 91747
93243 93243
95139 95139
94725 94725
91485 91485
93960 93960
96953 96953
94726 94726
95653 95653
88835 88835
89650 89650
92584 92584
92846 92846
90027 90027
86240 86240
88972 88972
89132 89132
92930 92930
94342 94342
93165 93165
91345 91345
91917 91917
86036 86036
86638 86638
91596 91596
89723 89723
94176 94176
95260 95260
95273 95273
98224 98224
96999 96999
99233 99233
101691 101691
100378 100378
97998 97998
89676 89676
90910 90910
93346 93346
99403 99403
97060 97060
92799 92799
91694 91694
94056 94056
95040 95040
93473 93473
96418 96418
99023 99023
96944 96944
98763 98763
99910 99910
98341 98341
97703 97703
94282 94282
98237 98237
98848 98848
98119 98119
99182 99182
97834 97834
97591 97591
93293 93293
92381 92381
93791 93791
91418 91418
91751 91751
93166 93166
97801 97801
97517 97517
95304 95304
97541 97541
91145 91145
90725 90725
89726 89726
93052 93052
96372 96372
96564 96564
96272 96272
92028 92028
91434 91434
90083 90083
94704 94704
96717 96717
94865 94865
93876 93876
94824 94824
91366 91366
89102 89102
89680 89680
93406 93406
90841 90841
92262 92262
95300 95300
92928 92928
95571 95571
92371 92371
93261 93261
93384 93384
91697 91697
87351 87351
90830 90830
92620 92620
93822 93822
93310 93310
91117 91117
85479 85479
85191 85191
91283 91283
90588 90588
91006 91006
90798 90798
91055 91055
91344 91344
90324 90324
90219 90219
90996 90996
91183 91183
92367 92367
93129 93129
94835 94835
94801 94801
95721 95721
94814 94814
92204 92204
91319 91319
93585 93585
97805 97805
94284 94284
96418 96418
96354 96354
91432 91432
91201 91201
91750 91750
90625 90625
88850 88850
89338 89338
90690 90690
86138 86138
88962 88962
88940 88940
88082 88082
88688 88688
91625 91625
89711 89711
91867 91867
90850 90850
85899 85899
88837 88837
87767 87767
86911 86911
87264 87264
88060 88060
90496 90496
90828 90828
93998 93998
96128 96128
97151 97151
97572 97572
95369 95369
97285 97285
98972 98972
98746 98746
97674 97674
99856 99856
100228 100228
99356 99356
98426 98426
102928 102928
106035 106035
100327 100327
98366 98366
94970 94970
90923 90923
88710 88710
94155 94155
93284 93284
96174 96174
97018 97018
98778 98778
99972 99972
101532 101532
103662 103662
101967 101967
97759 97759
100206 100206
99088 99088
99866 99866
95143 95143
92097 92097
94655 94655
93255 93255
95357 95357
97742 97742
97596 97596
97925 97925
99563 99563
102952 102952
101009 101009
101593 101593
99935 99935
102761 102761
99595 99595
95358 95358
93782 93782
87995 87995
91003 91003
89965 89965
97333 97333
96039 96039
100357 100357
101058 101058
99954 99954
102494 102494
98870 98870
94506 94506
96450 96450
98356 98356
97083 97083
95546 95546
97756 97756
94250 94250
92059 92059
91222 91222
92197 92197
93451 93451
93123 93123
95119 95119
99158 99158
94570 94570
94737 94737
94159 94159
94436 94436
90652 90652
90969 90969
93011 93011
93014 93014
95170 95170
97745 97745
93260 93260
96485 96485
100198 100198
99602 99602
98545 98545
98257 98257
98852 98852
98416 98416
98094 98094
102209 102209
102040 102040
100908 100908
101551 101551
102050 102050
98803 98803
97018 97018
99609 99609
100078 100078
100070 100070
98970 98970
97308 97308
96094 96094
96569 96569
94773 94773
98048 98048
100601 100601
101196 101196
98025 98025
97128 97128
93718 93718
88631 88631
91383 91383
93280 93280
95860 95860
96938 96938
94520 94520
90706 90706
92621 92621
93297 93297
90795 90795
89389 89389
91683 91683
93016 93016
93336 93336
96501 96501
95667 95667
93703 93703
92832 92832
93844 93844
91652 91652
88206 88206
88781 88781
89658 89658
85948 85948
90820 90820
89209 89209
89865 89865
90373 90373
94667 94667
93115 93115
92619 92619
89683 89683
89606 89606
89127 89127
89475 89475
92339 92339
86781 86781
90079 90079
90432 90432
91895 91895
91015 91015
89839 89839
87566 87566
90903 90903
90491 90491
88832 88832
91082 91082
92947 92947
93660 93660
93119 93119
90978 90978
90460 90460
94200 94200
91030 91030
97102 97102
100978 100978
101693 101693
97755 97755
92952 92952
98215 98215
99443 99443
96606 96606
96383 96383
97751 97751
95091 95091
94643 94643
93675 93675
88896 88896
86875 86875
84250 84250
89533 89533
90667 90667
89082 89082
92195 92195
93683 93683
89068 89068
93498 93498
93024 93024
92592 92592
93553 93553
90975 90975
92351 92351
94296 94296
91284 91284
93530 93530
90688 90688
94754 94754
94736 94736
93032 93032
94273 94273
93200 93200
92961 92961
91101 91101
87726 87726
86747 86747
87023 87023
89427 89427
91690 91690
87346 87346
89135 89135
87849 87849
88880 88880
90558 90558
91481 91481
89484 89484
92616 92616
92626 92626
95070 95070
94591 94591
93954 93954
92398 92398
93544 93544
97210 97210
94125 94125
94144 94144
94110 94110
94839 94839
97214 97214
98801 98801
97572 97572
96252 96252
93507 93507
89413 89413
87477 87477
89149 89149
88518 88518
91172 91172
92285 92285
95651 95651
95883 95883
93855 93855
90748 90748
92067 92067
94783 94783
97674 97674
96417 96417
94009 94009
93847 93847
94176 94176
95781 95781
93860 93860
97518 97518
93834 93834
93325 93325
95521 95521
98771 98771
97905 97905
100477 100477
99954 99954
99114 99114
97939 97939
100909 100909
100689 100689
104995 104995
103580 103580
104586 104586
105243 105243
100692 100692
101900 101900
98829 98829
96174 96174
92017 92017
92928 92928
100160 100160
99905 99905
99704 99704
96668 96668
99473 99473
99909 99909
100241 100241
99767 99767
98605 98605
97543 97543
98248 98248
97571 97571
95834 95834
94340 94340
97534 97534
91704 91704
94094 94094
94641 94641
92052 92052
92566 92566
92844 92844
89846 89846
90645 90645
87240 87240
91428 91428
91413 91413
91560 91560
95647 95647
98519 98519
96004 96004
94258 94258
98296 98296
100536 100536
99781 99781
104826 104826
103539 103539
100819 100819
98289 98289
99740 99740
99308 99308
95540 95540
93437 93437
95867 95867
92329 92329
93227 93227
93940 93940
95690 95690
99309 99309
99629 99629
99451 99451
101489 101489
100439 100439
98622 98622
95734 95734
95476 95476
96313 96313
91643 91643
88850 88850
91474 91474
93950 93950
93208 93208
90287 90287
92964 92964
99798 99798
96684 96684
94956 94956
91251 91251
92120 92120
94192 94192
91998 91998
92602 92602
95686 95686
100921 100921
99191 99191
96397 96397
100463 100463
96896 96896
95973 95973
103218 103218
103000 103000
104553 104553
101797 101797
99432 99432
99990 99990
99373 99373
98505 98505
103052 103052
103801 103801
106265 106265
99989 99989
98822 98822
95855 95855
97424 97424
95248 95248
89382 89382
89185 89185
90849 90849
90147 90147
93301 93301
89912 89912
87092 87092
90256 90256
92970 92970
94758 94758
99657 99657
97706 97706
94800 94800
95499 95499
93303 93303
94314 94314
98115 98115
96871 96871
99745 99745
97407 97407
99788 99788
96018 96018
95281 95281
95653 95653
94530 94530
95428 95428
94477 94477
92857 92857
96533 96533
98122 98122
97388 97388
98130 98130
96758 96758
97693 97693
95714 95714
92195 92195
92987 92987
91198 91198
93010 93010
94519 94519
94007 94007
90460 90460
91014 91014
92796 92796
93122 93122
89412 89412
91954 91954
89269 89269
88806 88806
90455 90455
90649 90649
93185 93185
91754 91754
90954 90954
96202 96202
95709 95709
95858 95858
99558 99558
96945 96945
97789 97789
98806 98806
99264 99264
100036 100036
100405 100405
95519 95519
98278 98278
98353 98353
93870 93870
93783 93783
94290 94290
91774 91774
92084 92084
92289 92289
93155 93155
95592 95592
95155 95155
99285 99285
94674 94674
97261 97261
96645 96645
96053 96053
96744 96744
93213 93213
93836 93836
95328 95328
99938 99938
101739 101739
101795 101795
103327 103327
99813 99813
100031 100031
99893 99893
96902 96902
95401 95401
96195 96195
91904 91904
97064 97064
98520 98520
98139 98139
101644 101644
100981 100981
97190 97190
94845 94845
90860 90860
96073 96073
99690 99690
95463 95463
93580 93580
90286 90286
86228 86228
88199 88199
87805 87805
89021 89021
89399 89399
91083 91083
94754 94754
91692 91692
90575 90575
90454 90454
90278 90278
89420 89420
91219 91219
91112 91112
91579 91579
90178 90178
94099 94099
97574 97574
94731 94731
96064 96064
95612 95612
94508 94508
92039 92039
90342 90342
90990 90990
93708 93708
95745 95745
96586 96586
93306 93306
93351 93351
91798 91798
93303 93303
94818 94818
94656 94656
92051 92051
95264 95264
93750 93750
96646 96646
96122 96122
94875 94875
93456 93456
93898 93898
93342 93342
94940 94940
95849 95849
93058 93058
93534 93534
88911 88911
93577 93577
94931 94931
91680 91680
92238 92238
94207 94207
98164 98164
93722 93722
92246 92246
93314 93314
92083 92083
96715 96715
97526 97526
98972 98972
98085 98085
98741 98741
96434 96434
97315 97315
96648 96648
97655 97655
100755 100755
100897 100897
98287 98287
96447 96447
96094 96094
96601 96601
94927 94927
98292 98292
95384 95384
95904 95904
96848 96848
95500 95500
96340 96340
95932 95932
93957 93957
93484 93484
97855 97855
93170 93170
91769 91769
90064 90064
93079 93079
91796 91796
88762 88762
96310 96310
95150 95150
95920 95920
98539 98539
95004 95004
94051 94051
93818 93818
103167 103167
100282 100282
95368 95368
96094 96094
95041 95041
95900 95900
96847 96847
98139 98139
96736 96736
99053 99053
95508 95508
96184 96184
98572 98572
101241 101241
101778 101778
96704 96704
99950 99950
97536 97536
99567 99567
98785 98785
101683 101683
101640 101640
100180 100180
99392 99392
93909 93909
93531 93531
92861 92861
90648 90648
93900 93900
89174 89174
93494 93494
93032 93032
89362 89362
89000 89000
92348 92348
96715 96715
98046 98046
93218 93218
93633 93633
93155 93155
92335 92335
93121 93121
93617 93617
95605 95605
97249 97249
92217 92217
89955 89955
90571 90571
94437 94437
97456 97456
96928 96928
98251 98251
99882 99882
102323 102323
101541 101541
100008 100008
100673 100673
99267 99267
98764 98764
94958 94958
101476 101476
102745 102745
102906 102906
102851 102851
100791 100791
103820 103820
96069 96069
93241 93241
95044 95044
96572 96572
98567 98567
99542 99542
100796 100796
97759 97759
97089 97089
97601 97601
95407 95407
96250 96250
96740 96740
97122 97122
94642 94642
97110 97110
98692 98692
96526 96526
97573 97573
97237 97237
97354 97354
97193 97193
98441 98441
90350 90350
88189 88189
92721 92721
96114 96114
94947 94947
99950 99950
97548 97548
96706 96706
96433 96433
95347 95347
93788 93788
96204 96204
97062 97062
97207 97207
99391 99391
98598 98598
101855 101855
100282 100282
98427 98427
98149 98149
96141 96141
93960 93960
93887 93887
93167 93167
94795 94795
94733 94733
96928 96928
92287 92287
91971 91971
95017 95017
93585 93585
90842 90842
95171 95171
93043 93043
92426 92426
92572 92572
94635 94635
95075 95075
97361 97361
101336 101336
100310 100310
101260 101260
99754 99754
95039 95039
97188 97188
94938 94938
93728 93728
95894 95894
93615 93615
91484 91484
89925 89925
89653 89653
88599 88599
93656 93656
97777 97777
95895 95895
95547 95547
97522 97522
97945 97945
97951 97951
98309 98309
95983 95983
91307 91307
92821 92821
94857 94857
95845 95845
99300 99300
97942 97942
96884 96884
92160 92160
96961 96961
94091 94091
92913 92913
91153 91153
90258 90258
93267 93267
98836 98836
98236 98236
101236 101236
99174 99174
97094 97094
97566 97566
98008 98008
98364 98364
97957 97957
97720 97720
99847 99847
98345 98345
99288 99288
94177 94177
97933 97933
94141 94141
93688 93688
92660 92660
97252 97252
101043 101043
95770 95770
94892 94892
95364 95364
96106 96106
98745 98745
99565 99565
97229 97229
98048 98048
98402 98402
99974 99974
95113 95113
95033 95033
94432 94432
94447 94447
95641 95641
93039 93039
92420 92420
93344 93344
96645 96645
100428 100428
97759 97759
98788 98788
101907 101907
99859 99859
98791 98791
102542 102542
106786 106786
106263 106263
104120 104120
105680 105680
103046 103046
105010 105010
98320 98320
98601 98601
101502 101502
100400 100400
95594 95594
99188 99188
98276 98276
97801 97801
91982 91982
93793 93793
95408 95408
94455 94455
94728 94728
94129 94129
96379 96379
100063 100063
101687 101687
98123 98123
99737 99737
98235 98235
94067 94067
97213 97213
101191 101191
97081 97081
94438 94438
97429 97429
98413 98413
96902 96902
94928 94928
93637 93637
95267 95267
93568 93568
91715 91715
92599 92599
89454 89454
90225 90225
90477 90477
89901 89901
89740 89740
94239 94239
89814 89814
86666 86666
88496 88496
85858 85858
89469 89469
93123 93123
95716 95716
90757 90757
91758 91758
96190 96190
94324 94324
96943 96943
96415 96415
94007 94007
93460 93460
90813 90813
90608 90608
93218 93218
91050 91050
92219 92219
93656 93656
95970 95970
94744 94744
97111 97111
93607 93607
94954 94954
93756 93756
95026 95026
93075 93075
89985 89985
89168 89168
82916 82916
81593 81593
83977 83977
82174 82174
86777 86777
92396 92396
95366 95366
96538 96538
