135159
86747 86747
92620 92620
96339 96339
100774 100774
101198 101198
109745 109745
109848 109848
109967 109967
112359 112359
114677 114677
114982 114982
116674 116674
117257 117257
118975 118975
119128 119128
119721 119721
121035 121035
121413 121413
122223 122223
123911 123911
124500 124500
124500 124500
124500 124500
124500 124500
124500 124500
125114 125114
125305 125305
125372 125372
125542 125542
126273 126273
126904 126904
127671 127671
128188 128188
129205 129205
129205 129205
129205 129205
129437 129437
129460 129460
129736 129736
129819 129819
129855 129855
129939 129939
130163 130163
130163 130163
130163 130163
130163 130163
130163 130163
130163 130163
130163 130163
130163 130163
130163 130163
130163 130163
130163 130163
130163 130163
130163 130163
130163 130163
130163 130163
130163 130163
130163 130163
130163 130163
130163 130163
130710 130710
130761 130761
131109 131109
132070 132070
132070 132070
132070 132070
132080 132080
132080 132080
132080 132080
132080 132080
132080 132080
132080 132080
132080 132080
132080 132080
132080 132080
132080 132080
132080 132080
132080 132080
132080 132080
132080 132080
132080 132080
132080 132080
132215 132215
132215 132215
132399 132399
132675 132675
132675 132675
132675 132675
132675 132675
132675 132675
132675 132675
132675 132675
132675 132675
132675 132675
132675 132675
132675 132675
132675 132675
132675 132675
132675 132675
132675 132675
132675 132675
132675 132675
132675 132675
132675 132675
132675 132675
132793 132793
132839 132839
133071 133071
133071 133071
133071 133071
133071 133071
133071 133071
133071 133071
133071 133071
133071 133071
133071 133071
133071 133071
133071 133071
133071 133071
133071 133071
133071 133071
133071 133071
133071 133071
133071 133071
133071 133071
133071 133071
133071 133071
133071 133071
133071 133071
133071 133071
133071 133071
133071 133071
133071 133071
133071 133071
133071 133071
133071 133071
133071 133071
133071 133071
133071 133071
133071 133071
133071 133071
133071 133071
133071 133071
133071 133071
133071 133071
133071 133071
133172 133172
133415 133415
133415 133415
133415 133415
133415 133415
133415 133415
133415 133415
133415 133415
133415 133415
133415 133415
133415 133415
133415 133415
133415 133415
133415 133415
133415 133415
133415 133415
133415 133415
133415 133415
133415 133415
133415 133415
133715 133715
133715 133715
133715 133715
133715 133715
133715 133715
133715 133715
133852 133852
133852 133852
133852 133852
134323 134323
134323 134323
134323 134323
134323 134323
134323 134323
134323 134323
134323 134323
134323 134323
134323 134323
134323 134323
134323 134323
134323 134323
134323 134323
134323 134323
134323 134323
134323 134323
134396 134396
134396 134396
134396 134396
134396 134396
134396 134396
134396 134396
134396 134396
134396 134396
134396 134396
134396 134396
134396 134396
134396 134396
134396 134396
134396 134396
134473 134473
134473 134473
134473 134473
134473 134473
134473 134473
134473 134473
134473 134473
134473 134473
134473 134473
134473 134473
134473 134473
134683 134683
134683 134683
134683 134683
134683 134683
134683 134683
134683 134683
134683 134683
134683 134683
134683 134683
134683 134683
134683 134683
134683 134683
134683 134683
134683 134683
134683 134683
134683 134683
134683 134683
134683 134683
134683 134683
134683 134683
134683 134683
134683 134683
134683 134683
134683 134683
134683 134683
134683 134683
134683 134683
134683 134683
134683 134683
134683 134683
134683 134683
134683 134683
134683 134683
134683 134683
134683 134683
134683 134683
134683 134683
134683 134683
134683 134683
134683 134683
134683 134683
134683 134683
134683 134683
134799 134799
134799 134799
134799 134799
134799 134799
134799 134799
134799 134799
134799 134799
134799 134799
134799 134799
134799 134799
134799 134799
134799 134799
134799 134799
134799 134799
134799 134799
134799 134799
134799 134799
134799 134799
134799 134799
134799 134799
134799 134799
134799 134799
134799 134799
134799 134799
134799 134799
134799 134799
134799 134799
134799 134799
134799 134799
134799 134799
134799 134799
134799 134799
134799 134799
134799 134799
134799 134799
134799 134799
134799 134799
134799 134799
134799 134799
134799 134799
134799 134799
134799 134799
134799 134799
134799 134799
134799 134799
134799 134799
134799 134799
134799 134799
134799 134799
134799 134799
134799 134799
134799 134799
134799 134799
134799 134799
134799 134799
134799 134799
134799 134799
134799 134799
134799 134799
134799 134799
134799 134799
134799 134799
134799 134799
134799 134799
134799 134799
134799 134799
134799 134799
134799 134799
134829 134829
134829 134829
134829 134829
134829 134829
134829 134829
134829 134829
134829 134829
134829 134829
134829 134829
134829 134829
134829 134829
134829 134829
134829 134829
134829 134829
134829 134829
134829 134829
134829 134829
134829 134829
134829 134829
134829 134829
134829 134829
134829 134829
134829 134829
134829 134829
134829 134829
134829 134829
134829 134829
134829 134829
134829 134829
134829 134829
134829 134829
134829 134829
134829 134829
134829 134829
134829 134829
134829 134829
134829 134829
134829 134829
134829 134829
134829 134829
134829 134829
134829 134829
134829 134829
134829 134829
134829 134829
134829 134829
134829 134829
134829 134829
134829 134829
134829 134829
134829 134829
134829 134829
134829 134829
134829 134829
134829 134829
134829 134829
134829 134829
134829 134829
134829 134829
134829 134829
134914 134914
134914 134914
134914 134914
134914 134914
134914 134914
134914 134914
134914 134914
134914 134914
134914 134914
134914 134914
134914 134914
134914 134914
134914 134914
134914 134914
134914 134914
134914 134914
134914 134914
134914 134914
134914 134914
134914 134914
134914 134914
134914 134914
134914 134914
134914 134914
134914 134914
134914 134914
134914 134914
134914 134914
134914 134914
134914 134914
134914 134914
134914 134914
134914 134914
134914 134914
134914 134914
134914 134914
134914 134914
134914 134914
134914 134914
134914 134914
134914 134914
134914 134914
134914 134914
134914 134914
134914 134914
134914 134914
134914 134914
134914 134914
134914 134914
134914 134914
134914 134914
134914 134914
134914 134914
134914 134914
134914 134914
134914 134914
134914 134914
134914 134914
134914 134914
134914 134914
134914 134914
134914 134914
134914 134914
134914 134914
134914 134914
134914 134914
134914 134914
134914 134914
134914 134914
134914 134914
134914 134914
134914 134914
134914 134914
134914 134914
134914 134914
134914 134914
134914 134914
134914 134914
134914 134914
134914 134914
134914 134914
134914 134914
134914 134914
134914 134914
134914 134914
134914 134914
134914 134914
134914 134914
134914 134914
134914 134914
134914 134914
134914 134914
134914 134914
134914 134914
134914 134914
134914 134914
134914 134914
134914 134914
134914 134914
134914 134914
134914 134914
134914 134914
134914 134914
134914 134914
134914 134914
134914 134914
134914 134914
134914 134914
134914 134914
134914 134914
134914 134914
134914 134914
134914 134914
134914 134914
134914 134914
134914 134914
134914 134914
134914 134914
134914 134914
134914 134914
134914 134914
134914 134914
134914 134914
134914 134914
134914 134914
134914 134914
134914 134914
134914 134914
134914 134914
134914 134914
134914 134914
134914 134914
134914 134914
134914 134914
134914 134914
134914 134914
134914 134914
134914 134914
134914 134914
134914 134914
134914 134914
134914 134914
134914 134914
134914 134914
134914 134914
134914 134914
134914 134914
134914 134914
134914 134914
134914 134914
134914 134914
134914 134914
134914 134914
134914 134914
134914 134914
134914 134914
134914 134914
134914 134914
134914 134914
134914 134914
134914 134914
134914 134914
134914 134914
134914 134914
134914 134914
134914 134914
134914 134914
134914 134914
135159 135159
135159 135159
135159 135159
135159 135159
135159 135159
135159 135159
135159 135159
135159 135159
135159 135159
135159 135159
135159 135159
135159 135159
135159 135159
135159 135159
135159 135159
135159 135159
135159 135159
135159 135159
135159 135159
135159 135159
135159 135159
135159 135159
135159 135159
135159 135159
135159 135159
135159 135159
135159 135159
135159 135159
135159 135159
135159 135159
135159 135159
135159 135159
135159 135159
135159 135159
135159 135159
135159 135159
135159 135159
135159 135159
135159 135159
