107277
71700 71700
76657 76657
77056 77056
83007 83007
85386 85386
85868 85868
85884 85884
87548 87548
88495 88495
89700 89700
90492 90492
90749 90749
94103 94103
95509 95509
95951 95951
95981 95981
97145 97145
97319 97319
97763 97763
98918 98918
99209 99209
99209 99209
99209 99209
99209 99209
99209 99209
99516 99516
99516 99516
99516 99516
99516 99516
99516 99516
99542 99542
99812 99812
99872 99872
99907 99907
100420 100420
100594 100594
100968 100968
101765 101765
101946 101946
102106 102106
102297 102297
102597 102597
104081 104081
104081 104081
104081 104081
104081 104081
104081 104081
104081 104081
104081 104081
104081 104081
104081 104081
104081 104081
104081 104081
104081 104081
104081 104081
104081 104081
104081 104081
104081 104081
104081 104081
104081 104081
104081 104081
104081 104081
104423 104423
104521 104521
104521 104521
104521 104521
104521 104521
104521 104521
104521 104521
104521 104521
104521 104521
104521 104521
104521 104521
104521 104521
104521 104521
104521 104521
104521 104521
104521 104521
104521 104521
104521 104521
104521 104521
104521 104521
104521 104521
104521 104521
104530 104530
104579 104579
105063 105063
105063 105063
105063 105063
105063 105063
105063 105063
105063 105063
105063 105063
105115 105115
105115 105115
105115 105115
105115 105115
105115 105115
105115 105115
105115 105115
105115 105115
105115 105115
105115 105115
105115 105115
105115 105115
105115 105115
105115 105115
105115 105115
105115 105115
105115 105115
105115 105115
105115 105115
105115 105115
105115 105115
105115 105115
105115 105115
105115 105115
105115 105115
105115 105115
105115 105115
105115 105115
105115 105115
105163 105163
105163 105163
105163 105163
105163 105163
105163 105163
105163 105163
105163 105163
105163 105163
105163 105163
105163 105163
105163 105163
105163 105163
105163 105163
105163 105163
105163 105163
105163 105163
105163 105163
105163 105163
105163 105163
105163 105163
105163 105163
105163 105163
105163 105163
105163 105163
105163 105163
105163 105163
105163 105163
105163 105163
105163 105163
105163 105163
105163 105163
105163 105163
105163 105163
105163 105163
105163 105163
105163 105163
105163 105163
105163 105163
105163 105163
105163 105163
105163 105163
105163 105163
105163 105163
105163 105163
105163 105163
105163 105163
105163 105163
105163 105163
105163 105163
105163 105163
105163 105163
105163 105163
105361 105361
105361 105361
105361 105361
105361 105361
105361 105361
105361 105361
105361 105361
105361 105361
105361 105361
105361 105361
105484 105484
105484 105484
105484 105484
105484 105484
105484 105484
105484 105484
105484 105484
105484 105484
105745 105745
105745 105745
105745 105745
105745 105745
105745 105745
105745 105745
105745 105745
105745 105745
105745 105745
105745 105745
105745 105745
105745 105745
105745 105745
105745 105745
105745 105745
105745 105745
105745 105745
105745 105745
105745 105745
105745 105745
105745 105745
105745 105745
105745 105745
105745 105745
105745 105745
105745 105745
105745 105745
105745 105745
105745 105745
105745 105745
105745 105745
105745 105745
105745 105745
105745 105745
105745 105745
105745 105745
105745 105745
105745 105745
105745 105745
105745 105745
105859 105859
105859 105859
105859 105859
105859 105859
105859 105859
105859 105859
105881 105881
105881 105881
106131 106131
106131 106131
106131 106131
106131 106131
106131 106131
106131 106131
106131 106131
106131 106131
106131 106131
106131 106131
106131 106131
106131 106131
106131 106131
106131 106131
106131 106131
106131 106131
106131 106131
106131 106131
106131 106131
106131 106131
106219 106219
106219 106219
106646 106646
106646 106646
106646 106646
106646 106646
106646 106646
106646 106646
106646 106646
106646 106646
106646 106646
106646 106646
106646 106646
106646 106646
106646 106646
106646 106646
106646 106646
106646 106646
106646 106646
106646 106646
106646 106646
106646 106646
106646 106646
106646 106646
106646 106646
106646 106646
106646 106646
106646 106646
106646 106646
106662 106662
106662 106662
106662 106662
106662 106662
106662 106662
106662 106662
106662 106662
106662 106662
106662 106662
106662 106662
106662 106662
106662 106662
106662 106662
106662 106662
106662 106662
106662 106662
106662 106662
106662 106662
106662 106662
106662 106662
106662 106662
106662 106662
106662 106662
106662 106662
106662 106662
106662 106662
106662 106662
106662 106662
106662 106662
106662 106662
106662 106662
106662 106662
106662 106662
106662 106662
106662 106662
106662 106662
106662 106662
106662 106662
106662 106662
106662 106662
106662 106662
106662 106662
106662 106662
106662 106662
106662 106662
106662 106662
106662 106662
106662 106662
106662 106662
106662 106662
106662 106662
106662 106662
106662 106662
106662 106662
106662 106662
106662 106662
106662 106662
106662 106662
106662 106662
106662 106662
106662 106662
106662 106662
106662 106662
106662 106662
106662 106662
106662 106662
106662 106662
106662 106662
106662 106662
106662 106662
106662 106662
106662 106662
106662 106662
106662 106662
106662 106662
106662 106662
106662 106662
106662 106662
106662 106662
106662 106662
106662 106662
106746 106746
106746 106746
106746 106746
106746 106746
106746 106746
106746 106746
106746 106746
106746 106746
106746 106746
106746 106746
106746 106746
106746 106746
106746 106746
106746 106746
106746 106746
106746 106746
106746 106746
106746 106746
106746 106746
106746 106746
106746 106746
106746 106746
106746 106746
106746 106746
106746 106746
106746 106746
106746 106746
106746 106746
106746 106746
106746 106746
106746 106746
106746 106746
106746 106746
106746 106746
106746 106746
106746 106746
106746 106746
106746 106746
106746 106746
106746 106746
106746 106746
106746 106746
106746 106746
106746 106746
106746 106746
106746 106746
106746 106746
106746 106746
106746 106746
106746 106746
106746 106746
106746 106746
106746 106746
106746 106746
106746 106746
106746 106746
106746 106746
106746 106746
106746 106746
106746 106746
106746 106746
106746 106746
106746 106746
106746 106746
106746 106746
106746 106746
106746 106746
106746 106746
106746 106746
106746 106746
106746 106746
106746 106746
106746 106746
106746 106746
106746 106746
106746 106746
106746 106746
106746 106746
106746 106746
106746 106746
106746 106746
106746 106746
106746 106746
106746 106746
106746 106746
106746 106746
106746 106746
106746 106746
106746 106746
106746 106746
106746 106746
106746 106746
106746 106746
106746 106746
106746 106746
106746 106746
106746 106746
106746 106746
106746 106746
106746 106746
106746 106746
106746 106746
106746 106746
106746 106746
106746 106746
106746 106746
106746 106746
106746 106746
106746 106746
106746 106746
106746 106746
106746 106746
106746 106746
106746 106746
106746 106746
106746 106746
106746 106746
106746 106746
106746 106746
106746 106746
106746 106746
106746 106746
106746 106746
106746 106746
106746 106746
106746 106746
106746 106746
106746 106746
106746 106746
106746 106746
106746 106746
106746 106746
106746 106746
106746 106746
106777 106777
106777 106777
106777 106777
106777 106777
106777 106777
106777 106777
106777 106777
106777 106777
106777 106777
106777 106777
106777 106777
106777 106777
106777 106777
106777 106777
106777 106777
106777 106777
106777 106777
106777 106777
106777 106777
106777 106777
106777 106777
106777 106777
106777 106777
106777 106777
106777 106777
106777 106777
106777 106777
106777 106777
106777 106777
106777 106777
106777 106777
106777 106777
106777 106777
106777 106777
106777 106777
106777 106777
106777 106777
106777 106777
106777 106777
106777 106777
106777 106777
106777 106777
106777 106777
106777 106777
106777 106777
106777 106777
106777 106777
106777 106777
106777 106777
106777 106777
106777 106777
106777 106777
106777 106777
106777 106777
106777 106777
106777 106777
106777 106777
106777 106777
106777 106777
106777 106777
106777 106777
106777 106777
106777 106777
106777 106777
106777 106777
106777 106777
106868 106868
106868 106868
106868 106868
106868 106868
106868 106868
106868 106868
106868 106868
106868 106868
106868 106868
106868 106868
106868 106868
106868 106868
106868 106868
106868 106868
106877 106877
106877 106877
106877 106877
107092 107092
107092 107092
107092 107092
107092 107092
107092 107092
107092 107092
107092 107092
107092 107092
107092 107092
107092 107092
107092 107092
107092 107092
107092 107092
107092 107092
107092 107092
107092 107092
107092 107092
107092 107092
107092 107092
107092 107092
107092 107092
107092 107092
107092 107092
107092 107092
107092 107092
107092 107092
107092 107092
107092 107092
107092 107092
107092 107092
107092 107092
107092 107092
107092 107092
107092 107092
107092 107092
107092 107092
107092 107092
107092 107092
107092 107092
107092 107092
107092 107092
107092 107092
107092 107092
107092 107092
107092 107092
107092 107092
107092 107092
107092 107092
107092 107092
107092 107092
107092 107092
107092 107092
107092 107092
107092 107092
107092 107092
107092 107092
107092 107092
107092 107092
107092 107092
107092 107092
107092 107092
107092 107092
107092 107092
107092 107092
107092 107092
107092 107092
107092 107092
107092 107092
107092 107092
107092 107092
107092 107092
107092 107092
107092 107092
107092 107092
107092 107092
107092 107092
107092 107092
107092 107092
107092 107092
107092 107092
107092 107092
107092 107092
107092 107092
107092 107092
107092 107092
107092 107092
107092 107092
107092 107092
107092 107092
107092 107092
107092 107092
107092 107092
107092 107092
107092 107092
107092 107092
107092 107092
107092 107092
107092 107092
107092 107092
107092 107092
107092 107092
107092 107092
107092 107092
107092 107092
107092 107092
107092 107092
107092 107092
107092 107092
107092 107092
107092 107092
107092 107092
107092 107092
107092 107092
107092 107092
107092 107092
107092 107092
107092 107092
107092 107092
107092 107092
107092 107092
107092 107092
107092 107092
107092 107092
107092 107092
107092 107092
107092 107092
107092 107092
107092 107092
107092 107092
107092 107092
107092 107092
107092 107092
107092 107092
107092 107092
107092 107092
107092 107092
107092 107092
107092 107092
107092 107092
107092 107092
107092 107092
107092 107092
107092 107092
107092 107092
107092 107092
107092 107092
107092 107092
107092 107092
107092 107092
107092 107092
107092 107092
107092 107092
107092 107092
107092 107092
107092 107092
107092 107092
107092 107092
107092 107092
107092 107092
107092 107092
107092 107092
107092 107092
107092 107092
107092 107092
107092 107092
107092 107092
107092 107092
107092 107092
107092 107092
107092 107092
107092 107092
107092 107092
107092 107092
107092 107092
107092 107092
107092 107092
107092 107092
107092 107092
107092 107092
107092 107092
107092 107092
107092 107092
107092 107092
107092 107092
107092 107092
107092 107092
107092 107092
107092 107092
107092 107092
107092 107092
107092 107092
107092 107092
107092 107092
107092 107092
107092 107092
107092 107092
107092 107092
107092 107092
107092 107092
107092 107092
107092 107092
107092 107092
107092 107092
107092 107092
107092 107092
107092 107092
107092 107092
107092 107092
107092 107092
107092 107092
107092 107092
107092 107092
107092 107092
107168 107168
107168 107168
107168 107168
107168 107168
107168 107168
107168 107168
107168 107168
107168 107168
107168 107168
107168 107168
107168 107168
107168 107168
107168 107168
107168 107168
107168 107168
107168 107168
107168 107168
107168 107168
107168 107168
107168 107168
107168 107168
107168 107168
107168 107168
107168 107168
107168 107168
107168 107168
107168 107168
107168 107168
107168 107168
107168 107168
107168 107168
107168 107168
107168 107168
107168 107168
107168 107168
107168 107168
107168 107168
107168 107168
107168 107168
107168 107168
107168 107168
107168 107168
107168 107168
107168 107168
107168 107168
107168 107168
107168 107168
107168 107168
107168 107168
107168 107168
107168 107168
107168 107168
107168 107168
107168 107168
107168 107168
107168 107168
107168 107168
107168 107168
107168 107168
107168 107168
107168 107168
107168 107168
107168 107168
107168 107168
107168 107168
107168 107168
107168 107168
107168 107168
107168 107168
107168 107168
107168 107168
107168 107168
107168 107168
107168 107168
107168 107168
107168 107168
107168 107168
107168 107168
107168 107168
107168 107168
107168 107168
107168 107168
107168 107168
107168 107168
107168 107168
107168 107168
107168 107168
107168 107168
107168 107168
107168 107168
107168 107168
107168 107168
107168 107168
107168 107168
107168 107168
107168 107168
107168 107168
107168 107168
107168 107168
107168 107168
107168 107168
107168 107168
107168 107168
107168 107168
107168 107168
107168 107168
107168 107168
107168 107168
107168 107168
107168 107168
107168 107168
107168 107168
107168 107168
107168 107168
107168 107168
107168 107168
107168 107168
107168 107168
107168 107168
107168 107168
107168 107168
107168 107168
107168 107168
107168 107168
107168 107168
107168 107168
107168 107168
107168 107168
107168 107168
107168 107168
107168 107168
107168 107168
107168 107168
107168 107168
107168 107168
107168 107168
107168 107168
107168 107168
107168 107168
107168 107168
107168 107168
107168 107168
107168 107168
107168 107168
107168 107168
107168 107168
107168 107168
107168 107168
107168 107168
107168 107168
107168 107168
107168 107168
107168 107168
107168 107168
107168 107168
107168 107168
107168 107168
107168 107168
107168 107168
107168 107168
107168 107168
107168 107168
107168 107168
107168 107168
107168 107168
107168 107168
107168 107168
107168 107168
107168 107168
107168 107168
107168 107168
107168 107168
107168 107168
107168 107168
107168 107168
107168 107168
107168 107168
107168 107168
107168 107168
107168 107168
107168 107168
107168 107168
107168 107168
107168 107168
107168 107168
107168 107168
107168 107168
107168 107168
107168 107168
107168 107168
107168 107168
107168 107168
107168 107168
107168 107168
107168 107168
107168 107168
107168 107168
107168 107168
107168 107168
107168 107168
107168 107168
107168 107168
107168 107168
107168 107168
107168 107168
107168 107168
107168 107168
107168 107168
107168 107168
107168 107168
107168 107168
107168 107168
107168 107168
107168 107168
107168 107168
107168 107168
107168 107168
107168 107168
107168 107168
107168 107168
107168 107168
107168 107168
107168 107168
107168 107168
107168 107168
107168 107168
107168 107168
107168 107168
107168 107168
107168 107168
107168 107168
107168 107168
107168 107168
107168 107168
107168 107168
107168 107168
107168 107168
107168 107168
107168 107168
107168 107168
107168 107168
107168 107168
107168 107168
107168 107168
107168 107168
107168 107168
107168 107168
107168 107168
107168 107168
107168 107168
107168 107168
107168 107168
107168 107168
107168 107168
107168 107168
107168 107168
107168 107168
107168 107168
107168 107168
107168 107168
107168 107168
107168 107168
107168 107168
107168 107168
107168 107168
107168 107168
107168 107168
107168 107168
107168 107168
107168 107168
107168 107168
107168 107168
107168 107168
107168 107168
107168 107168
107168 107168
107168 107168
107168 107168
107168 107168
107168 107168
107168 107168
107168 107168
107168 107168
107168 107168
107168 107168
107168 107168
107168 107168
107168 107168
107168 107168
107168 107168
107168 107168
107168 107168
107168 107168
107168 107168
107168 107168
107277 107277
107277 107277
107277 107277
107277 107277
107277 107277
107277 107277
