123352
83863 83863
84149 84149
88478 88478
94406 94406
94808 94808
95480 95480
99626 99626
100190 100190
102796 102796
105232 105232
105592 105592
107264 107264
108198 108198
108456 108456
108589 108589
111245 111245
111361 111361
115599 115599
115632 115632
115880 115880
116070 116070
116070 116070
116070 116070
116070 116070
116070 116070
116070 116070
116070 116070
116070 116070
116070 116070
116714 116714
116765 116765
116765 116765
116870 116870
117553 117553
118099 118099
118099 118099
118109 118109
118351 118351
118682 118682
119260 119260
120007 120007
120007 120007
120049 120049
120049 120049
120049 120049
120049 120049
120049 120049
120049 120049
120049 120049
120049 120049
120049 120049
120049 120049
120472 120472
120472 120472
120472 120472
120472 120472
120472 120472
120472 120472
120737 120737
120737 120737
120737 120737
120737 120737
120935 120935
121631 121631
121631 121631
121631 121631
121631 121631
121631 121631
121631 121631
121631 121631
121631 121631
121631 121631
121631 121631
121631 121631
121631 121631
121631 121631
121631 121631
121631 121631
121631 121631
121631 121631
121631 121631
121631 121631
121631 121631
121631 121631
121631 121631
121631 121631
121631 121631
121631 121631
121631 121631
121713 121713
121713 121713
121713 121713
121713 121713
121713 121713
121713 121713
121713 121713
121713 121713
121713 121713
121713 121713
121713 121713
121713 121713
121713 121713
121713 121713
121713 121713
121713 121713
121713 121713
121713 121713
121713 121713
121713 121713
121713 121713
121713 121713
121713 121713
121713 121713
121713 121713
121713 121713
121713 121713
121713 121713
121713 121713
121713 121713
121713 121713
121713 121713
121713 121713
121713 121713
121713 121713
121713 121713
121713 121713
121713 121713
121713 121713
121713 121713
121713 121713
121713 121713
121713 121713
121713 121713
121713 121713
121713 121713
121713 121713
121713 121713
121713 121713
121713 121713
121713 121713
121713 121713
121713 121713
121713 121713
121713 121713
121713 121713
121713 121713
121713 121713
121713 121713
121713 121713
121713 121713
121813 121813
121813 121813
121813 121813
121813 121813
121815 121815
121815 121815
121815 121815
121815 121815
121815 121815
121815 121815
121815 121815
121815 121815
121815 121815
121815 121815
121815 121815
121815 121815
121815 121815
121815 121815
121815 121815
121815 121815
121815 121815
121815 121815
121934 121934
121985 121985
122011 122011
122011 122011
122011 122011
122011 122011
122011 122011
122011 122011
122011 122011
122011 122011
122011 122011
122011 122011
122011 122011
122011 122011
122011 122011
122011 122011
122011 122011
122011 122011
122011 122011
122011 122011
122011 122011
122011 122011
122011 122011
122011 122011
122034 122034
122034 122034
122034 122034
122034 122034
122034 122034
122116 122116
122116 122116
122116 122116
122116 122116
122116 122116
122116 122116
122116 122116
122116 122116
122116 122116
122116 122116
122116 122116
122116 122116
122116 122116
122116 122116
122116 122116
122116 122116
122116 122116
122345 122345
122345 122345
122345 122345
122345 122345
122345 122345
122345 122345
122345 122345
122345 122345
122345 122345
122364 122364
122364 122364
122364 122364
122364 122364
122364 122364
122364 122364
122364 122364
122364 122364
122364 122364
122364 122364
122364 122364
122364 122364
122364 122364
122364 122364
122364 122364
122364 122364
122364 122364
122364 122364
122485 122485
122485 122485
122485 122485
122485 122485
122485 122485
122485 122485
122485 122485
122485 122485
122485 122485
122485 122485
122485 122485
122485 122485
122485 122485
122485 122485
122485 122485
122485 122485
122485 122485
122485 122485
122485 122485
122485 122485
122485 122485
122485 122485
122485 122485
122485 122485
122485 122485
122485 122485
122485 122485
122485 122485
122485 122485
122485 122485
122485 122485
122485 122485
122485 122485
122485 122485
122485 122485
122485 122485
122485 122485
122485 122485
122485 122485
122485 122485
122485 122485
122485 122485
122485 122485
122485 122485
122485 122485
122519 122519
122519 122519
122519 122519
122519 122519
122519 122519
122519 122519
122519 122519
122519 122519
122519 122519
122519 122519
122519 122519
122519 122519
122519 122519
122519 122519
122519 122519
122519 122519
122527 122527
122527 122527
122527 122527
122527 122527
122527 122527
122527 122527
122527 122527
122527 122527
122527 122527
122527 122527
122527 122527
122683 122683
122683 122683
122683 122683
122683 122683
122683 122683
122683 122683
122683 122683
122683 122683
122683 122683
122683 122683
122683 122683
122683 122683
122683 122683
122683 122683
122683 122683
122683 122683
122683 122683
122683 122683
122683 122683
122683 122683
122683 122683
122683 122683
122683 122683
122683 122683
122683 122683
122683 122683
122683 122683
122683 122683
122683 122683
122683 122683
122683 122683
122683 122683
122683 122683
122740 122740
122740 122740
122790 122790
122790 122790
122790 122790
122790 122790
122790 122790
122790 122790
122790 122790
122790 122790
122790 122790
122790 122790
122790 122790
122790 122790
122790 122790
122790 122790
122790 122790
122790 122790
122790 122790
122790 122790
122790 122790
122790 122790
122790 122790
122790 122790
122790 122790
122790 122790
122790 122790
122790 122790
122790 122790
122790 122790
122790 122790
122790 122790
122790 122790
122790 122790
122790 122790
122790 122790
122790 122790
122790 122790
122790 122790
122790 122790
122790 122790
122790 122790
122790 122790
122790 122790
122790 122790
122790 122790
122790 122790
122790 122790
122790 122790
122790 122790
122790 122790
122790 122790
122790 122790
122790 122790
122790 122790
122790 122790
122790 122790
122790 122790
122790 122790
122790 122790
122790 122790
122790 122790
122790 122790
122790 122790
122790 122790
122790 122790
122790 122790
122790 122790
122790 122790
122790 122790
122790 122790
122790 122790
122790 122790
122790 122790
122790 122790
122790 122790
122790 122790
122790 122790
122790 122790
122790 122790
122790 122790
122790 122790
122790 122790
122790 122790
122790 122790
122790 122790
122790 122790
122790 122790
122790 122790
122790 122790
122790 122790
122790 122790
122790 122790
122790 122790
122790 122790
122790 122790
122790 122790
122790 122790
122790 122790
122790 122790
122790 122790
122790 122790
122790 122790
122790 122790
122790 122790
122790 122790
122790 122790
122790 122790
122790 122790
122790 122790
122790 122790
122790 122790
122790 122790
122790 122790
122790 122790
122790 122790
122790 122790
122790 122790
122790 122790
122790 122790
122790 122790
122790 122790
122790 122790
122790 122790
122790 122790
122790 122790
122790 122790
122790 122790
122790 122790
122790 122790
122790 122790
122817 122817
122984 122984
122984 122984
122984 122984
122984 122984
122984 122984
122984 122984
122984 122984
122984 122984
122984 122984
122984 122984
123062 123062
123062 123062
123062 123062
123062 123062
123062 123062
123062 123062
123062 123062
123062 123062
123062 123062
123062 123062
123062 123062
123062 123062
123062 123062
123062 123062
123062 123062
123062 123062
123062 123062
123062 123062
123062 123062
123062 123062
123062 123062
123062 123062
123062 123062
123062 123062
123062 123062
123062 123062
123062 123062
123062 123062
123062 123062
123062 123062
123062 123062
123062 123062
123062 123062
123128 123128
123128 123128
123128 123128
123128 123128
123128 123128
123128 123128
123128 123128
123128 123128
123128 123128
123128 123128
123128 123128
123128 123128
123128 123128
123128 123128
123128 123128
123128 123128
123128 123128
123128 123128
123128 123128
123128 123128
123128 123128
123128 123128
123128 123128
123128 123128
123128 123128
123128 123128
123128 123128
123128 123128
123128 123128
123128 123128
123128 123128
123128 123128
123128 123128
123128 123128
123128 123128
123128 123128
123128 123128
123128 123128
123128 123128
123128 123128
123128 123128
123128 123128
123128 123128
123128 123128
123128 123128
123128 123128
123128 123128
123128 123128
123128 123128
123128 123128
123128 123128
123128 123128
123352 123352
123352 123352
123352 123352
123352 123352
123352 123352
123352 123352
123352 123352
123352 123352
123352 123352
123352 123352
123352 123352
123352 123352
123352 123352
123352 123352
123352 123352
123352 123352
123352 123352
123352 123352
123352 123352
123352 123352
123352 123352
123352 123352
123352 123352
123352 123352
123352 123352
123352 123352
123352 123352
123352 123352
123352 123352
123352 123352
123352 123352
123352 123352
123352 123352
123352 123352
123352 123352
123352 123352
123352 123352
123352 123352
123352 123352
123352 123352
123352 123352
123352 123352
123352 123352
123352 123352
123352 123352
123352 123352
123352 123352
123352 123352
123352 123352
123352 123352
123352 123352
123352 123352
123352 123352
123352 123352
123352 123352
123352 123352
123352 123352
123352 123352
123352 123352
123352 123352
123352 123352
123352 123352
123352 123352
123352 123352
123352 123352
123352 123352
123352 123352
123352 123352
123352 123352
123352 123352
123352 123352
123352 123352
123352 123352
123352 123352
123352 123352
123352 123352
123352 123352
123352 123352
123352 123352
123352 123352
123352 123352
123352 123352
123352 123352
123352 123352
123352 123352
123352 123352
123352 123352
123352 123352
123352 123352
123352 123352
123352 123352
123352 123352
123352 123352
123352 123352
123352 123352
123352 123352
123352 123352
123352 123352
123352 123352
123352 123352
123352 123352
123352 123352
123352 123352
123352 123352
123352 123352
123352 123352
123352 123352
123352 123352
123352 123352
123352 123352
123352 123352
123352 123352
123352 123352
123352 123352
123352 123352
123352 123352
123352 123352
123352 123352
123352 123352
