134721
85840 85840
89139 89139
95699 95699
97468 97468
104124 104124
108000 108000
108189 108189
110992 110992
111137 111137
112693 112693
112965 112965
115880 115880
117070 117070
118685 118685
120513 120513
120694 120694
121953 121953
123784 123784
124142 124142
126140 126140
126526 126526
126526 126526
126526 126526
126661 126661
126661 126661
126661 126661
126661 126661
126914 126914
128530 128530
128530 128530
129129 129129
129129 129129
129368 129368
129488 129488
129684 129684
129798 129798
130080 130080
131122 131122
131138 131138
131408 131408
131470 131470
131547 131547
132913 132913
132913 132913
132913 132913
132913 132913
132913 132913
132913 132913
132913 132913
132913 132913
132913 132913
132913 132913
132913 132913
132913 132913
132913 132913
132913 132913
132913 132913
133153 133153
133153 133153
133153 133153
133153 133153
133153 133153
133153 133153
133153 133153
133153 133153
133153 133153
133153 133153
133153 133153
133153 133153
133153 133153
133153 133153
133153 133153
133153 133153
133153 133153
133153 133153
133153 133153
133153 133153
133153 133153
133153 133153
133153 133153
133153 133153
133153 133153
133153 133153
133153 133153
133153 133153
133196 133196
133197 133197
133197 133197
133197 133197
133197 133197
133197 133197
133197 133197
133197 133197
133197 133197
133197 133197
133197 133197
133197 133197
133197 133197
133197 133197
133197 133197
133197 133197
133197 133197
133197 133197
133197 133197
133198 133198
133305 133305
133532 133532
133836 133836
133836 133836
133836 133836
133836 133836
133836 133836
133836 133836
133836 133836
133836 133836
133836 133836
133836 133836
133836 133836
133836 133836
133836 133836
133836 133836
133836 133836
133836 133836
133836 133836
133836 133836
133836 133836
133836 133836
133836 133836
133836 133836
133836 133836
133836 133836
133836 133836
133836 133836
133836 133836
133836 133836
133836 133836
133836 133836
133836 133836
133836 133836
133836 133836
133836 133836
133836 133836
133836 133836
133836 133836
133836 133836
133836 133836
133836 133836
133836 133836
133836 133836
133836 133836
133836 133836
133836 133836
133836 133836
133836 133836
133836 133836
133836 133836
133836 133836
133836 133836
133836 133836
133836 133836
133836 133836
133836 133836
133836 133836
133836 133836
133836 133836
133836 133836
133868 133868
133868 133868
133868 133868
133868 133868
134051 134051
134051 134051
134051 134051
134272 134272
134272 134272
134272 134272
134272 134272
134272 134272
134272 134272
134272 134272
134272 134272
134272 134272
134272 134272
134272 134272
134272 134272
134272 134272
134272 134272
134272 134272
134272 134272
134272 134272
134272 134272
134272 134272
134272 134272
134272 134272
134272 134272
134272 134272
134272 134272
134272 134272
134272 134272
134272 134272
134272 134272
134272 134272
134272 134272
134272 134272
134272 134272
134272 134272
134272 134272
134272 134272
134272 134272
134272 134272
134272 134272
134272 134272
134272 134272
134272 134272
134272 134272
134272 134272
134272 134272
134272 134272
134272 134272
134272 134272
134272 134272
134272 134272
134272 134272
134272 134272
134272 134272
134418 134418
134418 134418
134418 134418
134418 134418
134418 134418
134418 134418
134418 134418
134418 134418
134418 134418
134418 134418
134418 134418
134418 134418
134418 134418
134418 134418
134418 134418
134418 134418
134418 134418
134418 134418
134418 134418
134418 134418
134418 134418
134418 134418
134418 134418
134418 134418
134418 134418
134418 134418
134418 134418
134418 134418
134418 134418
134418 134418
134418 134418
134418 134418
134418 134418
134418 134418
134418 134418
134418 134418
134418 134418
134418 134418
134418 134418
134418 134418
134418 134418
134418 134418
134418 134418
134418 134418
134418 134418
134418 134418
134418 134418
134418 134418
134418 134418
134418 134418
134418 134418
134418 134418
134418 134418
134418 134418
134418 134418
134418 134418
134418 134418
134418 134418
134418 134418
134418 134418
134418 134418
134418 134418
134418 134418
134418 134418
134418 134418
134418 134418
134418 134418
134418 134418
134418 134418
134418 134418
134418 134418
134418 134418
134418 134418
134418 134418
134418 134418
134418 134418
134418 134418
134418 134418
134418 134418
134418 134418
134418 134418
134418 134418
134418 134418
134418 134418
134418 134418
134418 134418
134418 134418
134418 134418
134418 134418
134418 134418
134418 134418
134418 134418
134418 134418
134418 134418
134418 134418
134418 134418
134418 134418
134418 134418
134418 134418
134418 134418
134418 134418
134418 134418
134418 134418
134418 134418
134418 134418
134418 134418
134418 134418
134418 134418
134418 134418
134418 134418
134418 134418
134418 134418
134418 134418
134418 134418
134418 134418
134418 134418
134418 134418
134418 134418
134418 134418
134418 134418
134418 134418
134418 134418
134418 134418
134418 134418
134418 134418
134418 134418
134418 134418
134418 134418
134418 134418
134418 134418
134418 134418
134418 134418
134418 134418
134418 134418
134418 134418
134418 134418
134418 134418
134418 134418
134418 134418
134418 134418
134418 134418
134418 134418
134418 134418
134418 134418
134418 134418
134418 134418
134418 134418
134418 134418
134418 134418
134418 134418
134418 134418
134418 134418
134418 134418
134418 134418
134418 134418
134418 134418
134418 134418
134418 134418
134418 134418
134418 134418
134418 134418
134418 134418
134418 134418
134418 134418
134418 134418
134418 134418
134418 134418
134418 134418
134418 134418
134418 134418
134418 134418
134418 134418
134418 134418
134418 134418
134418 134418
134418 134418
134418 134418
134418 134418
134418 134418
134418 134418
134418 134418
134418 134418
134418 134418
134418 134418
134418 134418
134418 134418
134418 134418
134418 134418
134418 134418
134418 134418
134418 134418
134418 134418
134418 134418
134418 134418
134418 134418
134418 134418
134418 134418
134418 134418
134418 134418
134418 134418
134418 134418
134418 134418
134418 134418
134418 134418
134418 134418
134418 134418
134418 134418
134418 134418
134418 134418
134418 134418
134418 134418
134418 134418
134418 134418
134418 134418
134418 134418
134418 134418
134418 134418
134418 134418
134418 134418
134418 134418
134418 134418
134418 134418
134418 134418
134418 134418
134418 134418
134418 134418
134418 134418
134418 134418
134418 134418
134418 134418
134418 134418
134418 134418
134418 134418
134418 134418
134418 134418
134418 134418
134418 134418
134418 134418
134418 134418
134567 134567
134567 134567
134567 134567
134567 134567
134567 134567
134567 134567
134567 134567
134567 134567
134567 134567
134721 134721
134721 134721
134721 134721
134721 134721
134721 134721
134721 134721
134721 134721
134721 134721
134721 134721
134721 134721
134721 134721
134721 134721
134721 134721
134721 134721
134721 134721
134721 134721
134721 134721
134721 134721
134721 134721
134721 134721
134721 134721
134721 134721
134721 134721
134721 134721
134721 134721
134721 134721
134721 134721
134721 134721
134721 134721
134721 134721
134721 134721
134721 134721
134721 134721
134721 134721
134721 134721
134721 134721
134721 134721
134721 134721
134721 134721
134721 134721
134721 134721
134721 134721
134721 134721
134721 134721
134721 134721
134721 134721
134721 134721
134721 134721
134721 134721
134721 134721
134721 134721
134721 134721
134721 134721
134721 134721
134721 134721
134721 134721
134721 134721
134721 134721
134721 134721
134721 134721
134721 134721
134721 134721
134721 134721
134721 134721
134721 134721
134721 134721
134721 134721
134721 134721
134721 134721
134721 134721
134721 134721
134721 134721
134721 134721
134721 134721
134721 134721
134721 134721
134721 134721
134721 134721
134721 134721
134721 134721
134721 134721
134721 134721
134721 134721
134721 134721
134721 134721
134721 134721
134721 134721
134721 134721
134721 134721
134721 134721
134721 134721
134721 134721
134721 134721
134721 134721
134721 134721
134721 134721
134721 134721
134721 134721
134721 134721
134721 134721
134721 134721
134721 134721
134721 134721
134721 134721
134721 134721
134721 134721
134721 134721
134721 134721
134721 134721
134721 134721
134721 134721
134721 134721
134721 134721
134721 134721
134721 134721
134721 134721
134721 134721
134721 134721
134721 134721
134721 134721
134721 134721
134721 134721
