135256
91546 91546
91951 91951
94628 94628
100661 100661
105681 105681
110540 110540
112808 112808
115061 115061
115823 115823
117656 117656
119648 119648
121418 121418
121519 121519
122147 122147
124482 124482
125218 125218
125545 125545
125782 125782
126003 126003
126592 126592
127420 127420
127420 127420
127420 127420
127420 127420
127420 127420
127420 127420
127420 127420
127420 127420
127420 127420
127420 127420
127673 127673
127737 127737
127945 127945
128304 128304
128339 128339
128342 128342
128414 128414
129132 129132
130450 130450
131079 131079
131079 131079
131127 131127
131275 131275
131275 131275
131275 131275
131275 131275
131275 131275
131275 131275
131275 131275
131275 131275
131275 131275
131413 131413
131413 131413
131413 131413
131413 131413
131413 131413
131413 131413
131413 131413
131413 131413
131413 131413
131413 131413
131413 131413
131422 131422
131454 131454
132018 132018
132018 132018
132018 132018
132226 132226
132226 132226
132226 132226
132226 132226
132226 132226
132226 132226
132226 132226
132226 132226
132226 132226
132226 132226
132226 132226
132226 132226
132226 132226
132226 132226
132226 132226
132226 132226
132226 132226
132226 132226
132226 132226
132226 132226
132226 132226
132226 132226
132226 132226
132226 132226
132226 132226
132226 132226
132226 132226
132226 132226
132226 132226
132226 132226
132226 132226
132226 132226
132226 132226
132226 132226
132226 132226
132226 132226
132226 132226
132226 132226
132226 132226
132226 132226
132393 132393
132503 132503
132503 132503
132503 132503
132503 132503
132503 132503
132503 132503
132503 132503
132503 132503
132503 132503
132503 132503
132503 132503
132503 132503
132503 132503
132503 132503
132503 132503
132503 132503
132503 132503
132503 132503
132503 132503
132503 132503
132503 132503
132880 132880
133131 133131
133131 133131
133131 133131
133131 133131
133131 133131
133131 133131
133131 133131
133131 133131
133131 133131
133131 133131
133131 133131
133131 133131
133131 133131
133131 133131
133131 133131
133131 133131
133131 133131
133131 133131
133131 133131
133131 133131
133131 133131
133131 133131
133131 133131
133131 133131
133131 133131
133131 133131
133131 133131
133131 133131
133131 133131
133131 133131
133131 133131
133131 133131
133131 133131
133131 133131
133131 133131
133131 133131
133131 133131
133131 133131
133131 133131
133131 133131
133131 133131
133131 133131
133131 133131
133131 133131
133147 133147
133147 133147
133147 133147
133147 133147
133147 133147
133147 133147
133147 133147
133147 133147
133147 133147
133147 133147
133147 133147
133147 133147
133147 133147
133147 133147
133147 133147
133175 133175
133175 133175
133175 133175
133175 133175
133175 133175
133175 133175
133183 133183
133183 133183
133183 133183
133183 133183
133183 133183
133183 133183
133183 133183
133183 133183
133183 133183
133183 133183
133183 133183
133183 133183
133183 133183
133183 133183
133183 133183
133183 133183
133183 133183
133183 133183
133183 133183
133183 133183
133183 133183
133183 133183
133183 133183
133415 133415
133415 133415
133415 133415
133415 133415
133415 133415
133415 133415
133415 133415
133415 133415
133415 133415
133415 133415
133415 133415
133415 133415
133415 133415
133415 133415
133415 133415
133415 133415
133415 133415
133415 133415
133415 133415
133415 133415
133415 133415
133415 133415
133945 133945
133945 133945
133945 133945
133945 133945
133945 133945
133945 133945
133945 133945
133945 133945
133945 133945
133945 133945
133945 133945
133945 133945
133945 133945
133945 133945
133945 133945
133945 133945
133945 133945
133945 133945
133945 133945
133945 133945
133945 133945
133945 133945
133945 133945
133945 133945
133945 133945
133945 133945
133945 133945
133945 133945
133945 133945
133945 133945
133945 133945
133945 133945
133945 133945
133945 133945
133945 133945
133945 133945
133945 133945
133945 133945
133945 133945
133945 133945
133945 133945
133945 133945
133945 133945
134271 134271
134271 134271
134271 134271
134271 134271
134271 134271
134271 134271
134271 134271
134271 134271
134271 134271
134271 134271
134271 134271
134271 134271
134271 134271
134271 134271
134271 134271
134271 134271
134271 134271
134271 134271
134271 134271
134271 134271
134271 134271
134271 134271
134271 134271
134271 134271
134271 134271
134271 134271
134271 134271
134271 134271
134271 134271
134271 134271
134271 134271
134271 134271
134271 134271
134271 134271
134271 134271
134271 134271
134271 134271
134271 134271
134271 134271
134271 134271
134271 134271
134271 134271
134271 134271
134271 134271
134271 134271
134271 134271
134271 134271
134271 134271
134271 134271
134271 134271
134271 134271
134271 134271
134271 134271
134271 134271
134271 134271
134271 134271
134271 134271
134271 134271
134271 134271
134271 134271
134271 134271
134271 134271
134271 134271
134271 134271
134271 134271
134271 134271
134271 134271
134271 134271
134271 134271
134271 134271
134271 134271
134271 134271
134271 134271
134271 134271
134271 134271
134271 134271
134271 134271
134271 134271
134271 134271
134271 134271
134271 134271
134271 134271
134271 134271
134271 134271
134271 134271
134271 134271
134271 134271
134271 134271
134319 134319
134359 134359
134359 134359
134359 134359
134359 134359
134359 134359
134359 134359
134359 134359
134359 134359
134359 134359
134359 134359
134359 134359
134359 134359
134359 134359
134539 134539
134539 134539
134539 134539
134539 134539
134539 134539
134539 134539
134637 134637
134824 134824
134824 134824
134824 134824
134824 134824
134824 134824
134824 134824
134824 134824
134824 134824
134824 134824
134824 134824
134824 134824
134824 134824
134824 134824
134824 134824
134824 134824
134824 134824
134824 134824
134824 134824
134824 134824
134824 134824
134824 134824
134824 134824
134824 134824
134824 134824
134994 134994
134994 134994
134994 134994
134994 134994
134994 134994
134994 134994
134994 134994
134994 134994
134994 134994
134994 134994
134994 134994
134994 134994
134994 134994
134994 134994
134994 134994
134994 134994
134994 134994
134994 134994
134994 134994
134994 134994
134994 134994
134994 134994
134994 134994
134994 134994
134994 134994
134994 134994
134994 134994
134994 134994
134994 134994
134994 134994
134994 134994
134994 134994
134994 134994
134994 134994
134994 134994
134994 134994
134994 134994
134994 134994
134994 134994
134994 134994
134994 134994
134994 134994
134994 134994
134994 134994
134994 134994
134994 134994
134994 134994
134994 134994
134994 134994
134994 134994
134994 134994
134994 134994
134994 134994
134994 134994
134994 134994
134994 134994
134994 134994
134994 134994
134994 134994
134994 134994
134994 134994
134994 134994
134994 134994
134994 134994
134994 134994
134994 134994
134994 134994
134994 134994
134994 134994
134994 134994
134994 134994
134994 134994
134994 134994
134994 134994
134994 134994
134994 134994
134994 134994
134994 134994
134994 134994
134994 134994
134994 134994
134994 134994
134994 134994
134994 134994
134994 134994
134994 134994
134994 134994
134994 134994
134994 134994
134994 134994
134994 134994
134994 134994
134994 134994
134994 134994
134994 134994
134994 134994
134994 134994
134994 134994
134994 134994
134994 134994
134994 134994
134994 134994
134994 134994
134994 134994
134994 134994
134994 134994
134994 134994
134994 134994
134994 134994
134994 134994
134994 134994
134994 134994
134994 134994
134994 134994
134994 134994
134994 134994
134994 134994
134994 134994
134994 134994
134994 134994
134994 134994
134994 134994
134994 134994
134994 134994
134994 134994
134994 134994
134994 134994
134994 134994
134994 134994
134994 134994
134994 134994
135256 135256
135256 135256
135256 135256
135256 135256
135256 135256
135256 135256
135256 135256
135256 135256
135256 135256
135256 135256
135256 135256
135256 135256
135256 135256
135256 135256
135256 135256
135256 135256
135256 135256
135256 135256
135256 135256
135256 135256
135256 135256
135256 135256
135256 135256
135256 135256
135256 135256
135256 135256
135256 135256
135256 135256
135256 135256
135256 135256
135256 135256
135256 135256
135256 135256
135256 135256
135256 135256
135256 135256
135256 135256
135256 135256
135256 135256
135256 135256
135256 135256
135256 135256
135256 135256
135256 135256
135256 135256
135256 135256
135256 135256
135256 135256
