123524
84305 84305
86304 86304
87655 87655
93725 93725
95693 95693
97858 97858
98802 98802
101675 101675
103616 103616
105459 105459
105567 105567
106020 106020
107391 107391
111772 111772
112260 112260
113885 113885
113940 113940
114169 114169
114372 114372
116346 116346
117071 117071
117071 117071
117071 117071
117071 117071
117071 117071
117071 117071
117071 117071
117071 117071
117071 117071
117071 117071
117091 117091
117687 117687
117726 117726
117758 117758
118246 118246
118687 118687
118724 118724
119395 119395
119459 119459
120372 120372
120372 120372
120578 120578
120666 120666
120666 120666
120666 120666
120666 120666
120666 120666
120666 120666
120666 120666
120666 120666
120666 120666
120666 120666
120666 120666
120666 120666
120666 120666
120666 120666
120666 120666
120666 120666
120666 120666
120666 120666
120666 120666
120666 120666
120843 120843
120843 120843
120843 120843
120843 120843
120843 120843
120843 120843
120843 120843
120843 120843
120843 120843
120843 120843
120843 120843
120843 120843
120843 120843
120843 120843
120843 120843
120843 120843
120843 120843
120843 120843
120843 120843
120960 120960
120960 120960
120960 120960
121062 121062
121194 121194
121360 121360
121360 121360
121360 121360
121360 121360
121360 121360
121360 121360
121360 121360
121360 121360
121360 121360
121360 121360
121360 121360
121360 121360
121360 121360
121360 121360
121360 121360
121360 121360
121360 121360
121360 121360
121360 121360
121360 121360
121360 121360
121360 121360
121411 121411
121411 121411
121517 121517
121517 121517
121517 121517
121517 121517
121517 121517
121517 121517
121517 121517
121728 121728
121728 121728
121728 121728
121728 121728
121728 121728
121728 121728
121728 121728
121728 121728
121728 121728
121728 121728
121728 121728
121728 121728
121728 121728
121728 121728
121728 121728
121728 121728
121728 121728
121728 121728
121728 121728
121728 121728
121728 121728
121728 121728
121728 121728
121728 121728
121728 121728
121728 121728
121728 121728
121728 121728
121728 121728
121728 121728
121728 121728
121728 121728
121728 121728
121728 121728
121823 121823
121844 121844
121844 121844
121844 121844
121844 121844
121844 121844
121844 121844
121844 121844
121844 121844
121844 121844
121844 121844
121844 121844
121844 121844
121844 121844
121844 121844
121844 121844
121844 121844
121844 121844
121844 121844
121844 121844
121844 121844
121844 121844
121844 121844
121890 121890
121890 121890
121890 121890
121890 121890
121890 121890
121890 121890
121890 121890
121890 121890
121890 121890
121890 121890
121890 121890
121890 121890
121890 121890
121890 121890
121890 121890
121890 121890
121890 121890
121890 121890
121890 121890
121890 121890
121890 121890
121890 121890
121890 121890
121890 121890
121890 121890
121890 121890
121890 121890
121890 121890
121890 121890
121890 121890
121890 121890
121890 121890
121890 121890
121890 121890
121890 121890
121890 121890
121890 121890
121890 121890
121890 121890
121890 121890
121890 121890
121890 121890
121890 121890
121890 121890
121977 121977
121977 121977
121977 121977
121977 121977
121977 121977
121977 121977
121977 121977
121977 121977
121977 121977
121977 121977
121977 121977
121977 121977
121977 121977
121977 121977
121977 121977
121977 121977
121977 121977
121977 121977
121977 121977
121977 121977
121977 121977
121977 121977
121977 121977
121977 121977
121977 121977
121977 121977
121977 121977
121977 121977
121977 121977
121977 121977
121977 121977
121977 121977
121977 121977
121977 121977
121977 121977
121977 121977
121977 121977
121977 121977
121977 121977
121977 121977
121977 121977
121977 121977
121977 121977
121977 121977
122029 122029
122029 122029
122029 122029
122029 122029
122029 122029
122029 122029
122029 122029
122029 122029
122029 122029
122029 122029
122029 122029
122029 122029
122029 122029
122029 122029
122029 122029
122029 122029
122029 122029
122029 122029
122029 122029
122029 122029
122029 122029
122134 122134
122241 122241
122241 122241
122241 122241
122241 122241
122241 122241
122241 122241
122241 122241
122241 122241
122241 122241
122241 122241
122241 122241
122241 122241
122241 122241
122241 122241
122241 122241
122241 122241
122241 122241
122241 122241
122241 122241
122241 122241
122241 122241
122304 122304
122304 122304
122304 122304
122304 122304
122304 122304
122304 122304
122304 122304
122304 122304
122304 122304
122304 122304
122304 122304
122304 122304
122304 122304
122304 122304
122329 122329
122329 122329
122329 122329
122329 122329
122329 122329
122329 122329
122329 122329
122338 122338
122338 122338
122338 122338
122338 122338
122338 122338
122338 122338
122338 122338
122338 122338
122338 122338
122338 122338
122338 122338
122338 122338
122495 122495
122495 122495
122495 122495
122495 122495
122495 122495
122495 122495
122495 122495
122495 122495
122495 122495
122495 122495
122495 122495
122495 122495
122495 122495
122495 122495
122495 122495
122495 122495
122495 122495
122495 122495
122495 122495
122495 122495
122495 122495
122519 122519
122519 122519
122519 122519
122519 122519
122519 122519
122519 122519
122519 122519
122519 122519
122519 122519
122519 122519
122519 122519
122519 122519
122519 122519
122519 122519
122519 122519
122519 122519
122519 122519
122519 122519
122519 122519
122519 122519
122525 122525
122525 122525
122525 122525
122525 122525
122525 122525
122525 122525
122525 122525
122525 122525
122525 122525
122525 122525
122525 122525
122525 122525
122525 122525
122525 122525
122525 122525
122525 122525
122525 122525
122525 122525
122525 122525
122525 122525
122525 122525
122525 122525
122525 122525
122525 122525
122525 122525
122525 122525
122525 122525
122525 122525
122525 122525
122525 122525
122525 122525
122525 122525
122525 122525
122525 122525
122525 122525
122525 122525
122776 122776
122776 122776
122776 122776
122776 122776
122776 122776
122776 122776
122776 122776
122816 122816
122816 122816
122816 122816
122816 122816
122816 122816
122816 122816
122816 122816
122816 122816
122816 122816
122816 122816
122816 122816
122816 122816
122816 122816
122816 122816
122816 122816
122816 122816
122816 122816
122816 122816
122816 122816
122816 122816
122816 122816
122816 122816
122816 122816
122816 122816
122816 122816
122816 122816
122816 122816
122816 122816
122816 122816
122816 122816
122816 122816
122816 122816
122816 122816
122816 122816
122816 122816
122816 122816
122816 122816
122816 122816
122816 122816
122816 122816
122816 122816
122816 122816
122816 122816
122816 122816
122816 122816
122816 122816
122816 122816
122816 122816
122816 122816
122816 122816
122816 122816
122816 122816
122816 122816
122816 122816
122816 122816
122816 122816
122816 122816
122816 122816
122816 122816
122816 122816
122816 122816
122816 122816
122816 122816
122816 122816
122816 122816
122816 122816
122816 122816
122816 122816
122816 122816
122816 122816
122816 122816
122816 122816
122816 122816
122816 122816
122816 122816
122816 122816
122816 122816
122816 122816
122816 122816
122816 122816
122816 122816
122816 122816
122816 122816
122816 122816
122816 122816
122816 122816
122816 122816
122816 122816
122816 122816
122816 122816
122816 122816
122816 122816
122816 122816
122816 122816
122816 122816
122816 122816
122816 122816
122816 122816
122816 122816
122816 122816
122816 122816
122816 122816
122816 122816
122816 122816
123177 123177
123177 123177
123177 123177
123177 123177
123177 123177
123177 123177
123177 123177
123177 123177
123177 123177
123177 123177
123177 123177
123177 123177
123177 123177
123177 123177
123177 123177
123177 123177
123177 123177
123177 123177
123177 123177
123524 123524
123524 123524
123524 123524
123524 123524
123524 123524
123524 123524
123524 123524
123524 123524
123524 123524
123524 123524
123524 123524
123524 123524
123524 123524
123524 123524
123524 123524
123524 123524
123524 123524
123524 123524
123524 123524
123524 123524
123524 123524
123524 123524
123524 123524
123524 123524
123524 123524
123524 123524
123524 123524
123524 123524
123524 123524
123524 123524
123524 123524
123524 123524
123524 123524
123524 123524
123524 123524
123524 123524
123524 123524
123524 123524
123524 123524
123524 123524
123524 123524
123524 123524
123524 123524
123524 123524
123524 123524
123524 123524
123524 123524
123524 123524
123524 123524
123524 123524
123524 123524
123524 123524
123524 123524
123524 123524
123524 123524
123524 123524
123524 123524
123524 123524
123524 123524
123524 123524
123524 123524
123524 123524
123524 123524
123524 123524
123524 123524
123524 123524
123524 123524
123524 123524
123524 123524
123524 123524
123524 123524
123524 123524
123524 123524
123524 123524
123524 123524
123524 123524
123524 123524
123524 123524
123524 123524
123524 123524
123524 123524
123524 123524
123524 123524
123524 123524
123524 123524
123524 123524
123524 123524
123524 123524
123524 123524
123524 123524
123524 123524
123524 123524
123524 123524
123524 123524
123524 123524
123524 123524
123524 123524
123524 123524
123524 123524
123524 123524
123524 123524
123524 123524
123524 123524
123524 123524
123524 123524
123524 123524
123524 123524
123524 123524
123524 123524
123524 123524
123524 123524
123524 123524
123524 123524
123524 123524
123524 123524
123524 123524
123524 123524
123524 123524
123524 123524
123524 123524
123524 123524
123524 123524
123524 123524
123524 123524
123524 123524
123524 123524
123524 123524
123524 123524
123524 123524
123524 123524
123524 123524
123524 123524
123524 123524
123524 123524
123524 123524
123524 123524
123524 123524
123524 123524
123524 123524
123524 123524
123524 123524
123524 123524
123524 123524
123524 123524
123524 123524
123524 123524
123524 123524
123524 123524
123524 123524
123524 123524
123524 123524
123524 123524
123524 123524
123524 123524
123524 123524
123524 123524
123524 123524
123524 123524
123524 123524
