107693
75514 75514
76836 76836
80025 80025
83205 83205
84345 84345
84821 84821
85603 85603
87386 87386
91996 91996
92068 92068
96112 96112
96971 96971
97516 97516
97686 97686
99069 99069
99142 99142
99243 99243
99530 99530
100863 100863
102127 102127
102323 102323
102323 102323
102323 102323
102323 102323
102323 102323
102323 102323
102323 102323
102323 102323
102323 102323
102323 102323
102359 102359
102359 102359
102385 102385
102510 102510
103037 103037
103144 103144
103999 103999
103999 103999
104018 104018
104105 104105
104212 104212
104684 104684
104889 104889
104889 104889
104889 104889
104889 104889
104889 104889
104889 104889
104889 104889
104889 104889
104889 104889
104889 104889
104889 104889
104889 104889
104889 104889
104889 104889
104889 104889
104889 104889
104889 104889
104889 104889
104889 104889
104889 104889
105341 105341
105341 105341
105341 105341
105341 105341
105341 105341
105341 105341
105341 105341
105341 105341
105341 105341
105341 105341
105341 105341
105341 105341
105341 105341
105341 105341
105341 105341
105341 105341
105341 105341
105341 105341
105341 105341
105341 105341
105406 105406
105406 105406
105406 105406
105406 105406
105406 105406
105406 105406
105406 105406
105406 105406
105406 105406
105406 105406
105406 105406
105406 105406
105406 105406
105406 105406
105406 105406
105406 105406
105406 105406
105406 105406
105406 105406
105406 105406
105406 105406
105406 105406
105406 105406
105406 105406
105406 105406
105499 105499
105499 105499
105499 105499
105499 105499
105499 105499
105499 105499
105499 105499
105499 105499
105499 105499
105499 105499
105499 105499
105499 105499
105499 105499
105499 105499
105499 105499
105499 105499
105500 105500
105500 105500
105500 105500
105500 105500
105662 105662
105887 105887
105887 105887
105933 105933
105933 105933
105933 105933
105933 105933
105933 105933
105933 105933
105933 105933
105933 105933
105933 105933
105933 105933
105933 105933
105933 105933
105933 105933
105933 105933
105933 105933
105933 105933
105933 105933
105933 105933
105933 105933
105933 105933
105933 105933
105933 105933
105933 105933
105933 105933
105933 105933
106272 106272
106272 106272
106272 106272
106272 106272
106272 106272
106272 106272
106272 106272
106272 106272
106272 106272
106272 106272
106272 106272
106272 106272
106272 106272
106272 106272
106272 106272
106272 106272
106510 106510
106510 106510
106510 106510
106510 106510
106510 106510
106510 106510
106510 106510
106647 106647
106647 106647
106647 106647
106647 106647
106647 106647
106647 106647
106647 106647
106647 106647
106647 106647
106647 106647
106647 106647
106647 106647
106647 106647
106647 106647
106771 106771
106771 106771
106771 106771
106771 106771
106771 106771
106771 106771
106771 106771
106771 106771
106771 106771
106771 106771
106771 106771
106771 106771
106771 106771
106771 106771
106771 106771
106771 106771
106771 106771
106771 106771
106771 106771
106771 106771
106771 106771
106771 106771
106771 106771
106771 106771
106771 106771
106771 106771
106774 106774
106774 106774
106774 106774
106774 106774
106774 106774
106774 106774
106774 106774
106774 106774
106774 106774
106774 106774
106774 106774
106774 106774
106774 106774
106774 106774
106774 106774
106774 106774
106774 106774
106774 106774
106774 106774
106774 106774
106774 106774
106774 106774
106774 106774
106774 106774
106774 106774
106774 106774
106774 106774
106774 106774
106923 106923
106923 106923
106923 106923
106923 106923
106923 106923
106923 106923
106923 106923
106923 106923
106923 106923
106923 106923
106923 106923
106923 106923
106923 106923
106923 106923
106923 106923
106923 106923
107007 107007
107007 107007
107007 107007
107007 107007
107007 107007
107007 107007
107007 107007
107007 107007
107007 107007
107007 107007
107007 107007
107007 107007
107007 107007
107007 107007
107007 107007
107007 107007
107007 107007
107007 107007
107007 107007
107007 107007
107007 107007
107007 107007
107007 107007
107007 107007
107007 107007
107007 107007
107007 107007
107007 107007
107007 107007
107007 107007
107007 107007
107007 107007
107007 107007
107007 107007
107007 107007
107007 107007
107007 107007
107007 107007
107007 107007
107007 107007
107007 107007
107007 107007
107007 107007
107007 107007
107007 107007
107007 107007
107007 107007
107007 107007
107007 107007
107007 107007
107007 107007
107007 107007
107007 107007
107007 107007
107007 107007
107007 107007
107007 107007
107007 107007
107007 107007
107007 107007
107069 107069
107069 107069
107069 107069
107069 107069
107069 107069
107069 107069
107069 107069
107069 107069
107069 107069
107147 107147
107147 107147
107147 107147
107147 107147
107147 107147
107147 107147
107147 107147
107147 107147
107147 107147
107147 107147
107147 107147
107147 107147
107147 107147
107147 107147
107147 107147
107147 107147
107147 107147
107147 107147
107147 107147
107147 107147
107147 107147
107147 107147
107147 107147
107147 107147
107147 107147
107147 107147
107147 107147
107147 107147
107147 107147
107147 107147
107147 107147
107147 107147
107147 107147
107147 107147
107147 107147
107147 107147
107147 107147
107147 107147
107147 107147
107147 107147
107147 107147
107147 107147
107147 107147
107147 107147
107147 107147
107147 107147
107147 107147
107147 107147
107147 107147
107147 107147
107147 107147
107147 107147
107147 107147
107147 107147
107147 107147
107147 107147
107147 107147
107147 107147
107147 107147
107147 107147
107147 107147
107147 107147
107147 107147
107147 107147
107147 107147
107147 107147
107147 107147
107147 107147
107147 107147
107147 107147
107147 107147
107147 107147
107147 107147
107147 107147
107147 107147
107147 107147
107147 107147
107147 107147
107147 107147
107147 107147
107147 107147
107147 107147
107147 107147
107147 107147
107147 107147
107147 107147
107147 107147
107147 107147
107147 107147
107147 107147
107147 107147
107147 107147
107147 107147
107147 107147
107147 107147
107147 107147
107147 107147
107147 107147
107184 107184
107184 107184
107184 107184
107184 107184
107184 107184
107184 107184
107184 107184
107184 107184
107184 107184
107184 107184
107184 107184
107184 107184
107184 107184
107184 107184
107184 107184
107184 107184
107184 107184
107184 107184
107184 107184
107184 107184
107184 107184
107184 107184
107184 107184
107184 107184
107184 107184
107184 107184
107184 107184
107184 107184
107184 107184
107184 107184
107184 107184
107184 107184
107184 107184
107184 107184
107184 107184
107184 107184
107184 107184
107184 107184
107184 107184
107184 107184
107184 107184
107184 107184
107184 107184
107184 107184
107184 107184
107184 107184
107238 107238
107238 107238
107238 107238
107238 107238
107238 107238
107238 107238
107238 107238
107238 107238
107238 107238
107238 107238
107238 107238
107238 107238
107238 107238
107238 107238
107238 107238
107238 107238
107238 107238
107238 107238
107238 107238
107238 107238
107238 107238
107238 107238
107238 107238
107238 107238
107238 107238
107238 107238
107238 107238
107238 107238
107238 107238
107238 107238
107238 107238
107238 107238
107238 107238
107238 107238
107238 107238
107238 107238
107238 107238
107238 107238
107238 107238
107238 107238
107238 107238
107238 107238
107238 107238
107238 107238
107238 107238
107238 107238
107238 107238
107238 107238
107238 107238
107238 107238
107238 107238
107238 107238
107238 107238
107238 107238
107238 107238
107238 107238
107238 107238
107238 107238
107238 107238
107238 107238
107238 107238
107238 107238
107238 107238
107238 107238
107238 107238
107238 107238
107238 107238
107238 107238
107238 107238
107238 107238
107238 107238
107238 107238
107238 107238
107238 107238
107238 107238
107238 107238
107238 107238
107238 107238
107238 107238
107238 107238
107238 107238
107238 107238
107238 107238
107238 107238
107238 107238
107238 107238
107238 107238
107238 107238
107238 107238
107238 107238
107238 107238
107238 107238
107238 107238
107238 107238
107238 107238
107238 107238
107238 107238
107238 107238
107238 107238
107238 107238
107238 107238
107238 107238
107238 107238
107238 107238
107238 107238
107238 107238
107238 107238
107238 107238
107238 107238
107238 107238
107238 107238
107238 107238
107238 107238
107238 107238
107238 107238
107238 107238
107238 107238
107238 107238
107238 107238
107238 107238
107238 107238
107238 107238
107238 107238
107238 107238
107238 107238
107238 107238
107238 107238
107238 107238
107238 107238
107238 107238
107238 107238
107238 107238
107238 107238
107238 107238
107238 107238
107238 107238
107238 107238
107238 107238
107238 107238
107387 107387
107387 107387
107387 107387
107387 107387
107387 107387
107387 107387
107387 107387
107387 107387
107387 107387
107387 107387
107387 107387
107387 107387
107387 107387
107387 107387
107387 107387
107387 107387
107387 107387
107387 107387
107387 107387
107387 107387
107387 107387
107387 107387
107387 107387
107387 107387
107387 107387
107387 107387
107387 107387
107387 107387
107387 107387
107387 107387
107387 107387
107387 107387
107387 107387
107387 107387
107387 107387
107387 107387
107387 107387
107387 107387
107387 107387
107387 107387
107387 107387
107387 107387
107387 107387
107387 107387
107387 107387
107387 107387
107387 107387
107387 107387
107387 107387
107387 107387
107387 107387
107387 107387
107387 107387
107387 107387
107387 107387
107387 107387
107387 107387
107387 107387
107387 107387
107387 107387
107387 107387
107387 107387
107387 107387
107387 107387
107387 107387
107387 107387
107387 107387
107387 107387
107387 107387
107387 107387
107387 107387
107387 107387
107387 107387
107387 107387
107387 107387
107387 107387
107387 107387
107387 107387
107387 107387
107387 107387
107387 107387
107387 107387
107387 107387
107387 107387
107387 107387
107387 107387
107387 107387
107387 107387
107387 107387
107387 107387
107387 107387
107387 107387
107387 107387
107387 107387
107387 107387
107387 107387
107387 107387
107387 107387
107387 107387
107387 107387
107387 107387
107387 107387
107387 107387
107387 107387
107387 107387
107387 107387
107387 107387
107387 107387
107387 107387
107387 107387
107387 107387
107387 107387
107387 107387
107387 107387
107387 107387
107387 107387
107387 107387
107387 107387
107387 107387
107387 107387
107387 107387
107387 107387
107387 107387
107387 107387
107387 107387
107387 107387
107387 107387
107387 107387
107387 107387
107387 107387
107387 107387
107387 107387
107387 107387
107387 107387
107387 107387
107387 107387
107387 107387
107387 107387
107387 107387
107387 107387
107387 107387
107387 107387
107387 107387
107387 107387
107387 107387
107387 107387
107387 107387
107387 107387
107387 107387
107387 107387
107387 107387
107387 107387
107387 107387
107387 107387
107387 107387
107387 107387
107387 107387
107387 107387
107387 107387
107387 107387
107387 107387
107387 107387
107387 107387
107387 107387
107387 107387
107387 107387
107387 107387
107387 107387
107387 107387
107387 107387
107387 107387
107387 107387
107387 107387
107387 107387
107387 107387
107387 107387
107387 107387
107387 107387
107387 107387
107387 107387
107387 107387
107387 107387
107387 107387
107387 107387
107387 107387
107387 107387
107387 107387
107387 107387
107387 107387
107387 107387
107387 107387
107387 107387
107387 107387
107387 107387
107387 107387
107387 107387
107387 107387
107387 107387
107387 107387
107387 107387
107387 107387
107387 107387
107387 107387
107387 107387
107387 107387
107387 107387
107387 107387
107387 107387
107387 107387
107387 107387
107387 107387
107387 107387
107387 107387
107387 107387
107387 107387
107387 107387
107387 107387
107387 107387
107387 107387
107387 107387
107387 107387
107387 107387
107387 107387
107387 107387
107387 107387
107387 107387
107387 107387
107387 107387
107387 107387
107387 107387
107387 107387
107387 107387
107387 107387
107387 107387
107387 107387
107387 107387
107387 107387
107387 107387
107387 107387
107387 107387
107387 107387
107387 107387
107387 107387
107387 107387
107387 107387
107387 107387
107387 107387
107387 107387
107387 107387
107387 107387
107387 107387
107387 107387
107387 107387
107387 107387
107387 107387
107387 107387
107387 107387
107387 107387
107387 107387
107387 107387
107387 107387
107387 107387
107387 107387
107387 107387
107387 107387
107387 107387
107387 107387
107387 107387
107387 107387
107387 107387
107387 107387
107387 107387
107387 107387
107387 107387
107387 107387
107387 107387
107387 107387
107387 107387
107387 107387
107387 107387
107387 107387
107387 107387
107387 107387
107387 107387
107387 107387
107387 107387
107387 107387
107387 107387
107387 107387
107387 107387
107387 107387
107387 107387
107387 107387
107387 107387
107387 107387
107387 107387
107387 107387
107387 107387
107387 107387
107387 107387
107387 107387
107387 107387
107387 107387
107387 107387
107387 107387
107387 107387
107387 107387
107387 107387
107387 107387
107387 107387
107387 107387
107387 107387
107387 107387
107387 107387
107693 107693
107693 107693
107693 107693
107693 107693
107693 107693
107693 107693
107693 107693
107693 107693
107693 107693
107693 107693
107693 107693
107693 107693
107693 107693
107693 107693
107693 107693
107693 107693
107693 107693
107693 107693
107693 107693
107693 107693
107693 107693
107693 107693
107693 107693
107693 107693
107693 107693
107693 107693
107693 107693
107693 107693
107693 107693
107693 107693
107693 107693
107693 107693
107693 107693
107693 107693
107693 107693
107693 107693
107693 107693
107693 107693
107693 107693
107693 107693
107693 107693
107693 107693
107693 107693
107693 107693
107693 107693
107693 107693
107693 107693
107693 107693
107693 107693
107693 107693
107693 107693
107693 107693
107693 107693
107693 107693
107693 107693
107693 107693
107693 107693
107693 107693
107693 107693
107693 107693
107693 107693
107693 107693
107693 107693
107693 107693
107693 107693
107693 107693
107693 107693
107693 107693
107693 107693
107693 107693
107693 107693
107693 107693
107693 107693
107693 107693
107693 107693
107693 107693
107693 107693
107693 107693
107693 107693
107693 107693
107693 107693
107693 107693
107693 107693
107693 107693
107693 107693
107693 107693
107693 107693
107693 107693
107693 107693
107693 107693
107693 107693
107693 107693
107693 107693
107693 107693
107693 107693
107693 107693
107693 107693
107693 107693
107693 107693
107693 107693
107693 107693
107693 107693
107693 107693
107693 107693
107693 107693
107693 107693
107693 107693
107693 107693
107693 107693
107693 107693
107693 107693
107693 107693
107693 107693
107693 107693
107693 107693
107693 107693
107693 107693
107693 107693
107693 107693
107693 107693
107693 107693
107693 107693
107693 107693
107693 107693
107693 107693
107693 107693
107693 107693
107693 107693
107693 107693
107693 107693
107693 107693
107693 107693
107693 107693
107693 107693
107693 107693
107693 107693
107693 107693
107693 107693
107693 107693
107693 107693
107693 107693
107693 107693
107693 107693
107693 107693
107693 107693
107693 107693
107693 107693
107693 107693
107693 107693
107693 107693
107693 107693
107693 107693
107693 107693
107693 107693
107693 107693
107693 107693
107693 107693
107693 107693
107693 107693
107693 107693
107693 107693
107693 107693
107693 107693
107693 107693
107693 107693
107693 107693
107693 107693
107693 107693
107693 107693
107693 107693
107693 107693
107693 107693
