134865
81993 81993
87737 87737
95638 95638
99012 99012
103862 103862
109613 109613
110308 110308
114027 114027
114919 114919
116612 116612
117333 117333
119161 119161
121684 121684
122296 122296
122761 122761
124707 124707
124899 124899
124941 124941
126292 126292
126883 126883
127868 127868
127868 127868
127868 127868
127960 127960
127960 127960
127960 127960
127960 127960
127960 127960
127960 127960
127960 127960
128052 128052
128052 128052
128183 128183
128289 128289
128917 128917
129231 129231
129236 129236
129689 129689
130395 130395
131040 131040
131101 131101
131203 131203
131294 131294
131294 131294
131294 131294
131294 131294
131294 131294
131294 131294
131373 131373
131373 131373
131373 131373
131373 131373
131373 131373
131373 131373
131373 131373
131373 131373
131373 131373
131373 131373
131756 131756
131849 131849
131849 131849
131849 131849
131849 131849
131989 131989
131989 131989
131989 131989
131989 131989
131991 131991
131991 131991
131991 131991
131991 131991
131991 131991
131991 131991
131991 131991
131991 131991
131991 131991
131991 131991
131991 131991
131991 131991
131991 131991
131991 131991
131991 131991
131991 131991
131991 131991
132176 132176
132435 132435
132435 132435
132435 132435
132435 132435
132435 132435
132435 132435
132435 132435
132435 132435
132435 132435
132435 132435
132435 132435
132435 132435
132435 132435
132435 132435
132435 132435
132435 132435
132435 132435
132435 132435
132435 132435
132435 132435
132447 132447
132660 132660
133060 133060
133060 133060
133060 133060
133060 133060
133060 133060
133060 133060
133060 133060
133060 133060
133060 133060
133060 133060
133060 133060
133191 133191
133370 133370
133370 133370
133370 133370
133370 133370
133370 133370
133370 133370
133370 133370
133370 133370
133370 133370
133370 133370
133370 133370
133551 133551
133551 133551
133551 133551
133551 133551
133551 133551
133551 133551
133700 133700
133700 133700
133700 133700
133700 133700
133700 133700
133700 133700
133700 133700
133700 133700
133700 133700
133700 133700
133700 133700
133700 133700
133700 133700
133700 133700
133700 133700
133700 133700
133700 133700
133700 133700
133700 133700
133700 133700
133700 133700
133700 133700
133700 133700
133700 133700
133700 133700
133700 133700
133700 133700
133700 133700
133765 133765
133765 133765
133765 133765
133765 133765
133765 133765
133765 133765
133765 133765
133765 133765
133765 133765
133765 133765
133765 133765
133765 133765
133765 133765
133765 133765
133765 133765
133765 133765
133765 133765
133765 133765
133765 133765
133765 133765
133765 133765
133881 133881
133881 133881
133881 133881
133881 133881
133881 133881
133881 133881
133881 133881
133881 133881
133881 133881
133881 133881
133881 133881
133881 133881
133881 133881
133881 133881
133881 133881
133881 133881
133881 133881
133881 133881
133881 133881
133881 133881
133881 133881
133881 133881
133881 133881
133881 133881
133881 133881
133881 133881
133881 133881
133881 133881
133881 133881
133881 133881
133881 133881
133881 133881
133881 133881
133881 133881
133881 133881
133881 133881
133918 133918
133918 133918
133918 133918
133918 133918
133918 133918
133918 133918
133918 133918
133918 133918
133918 133918
133918 133918
133918 133918
133918 133918
133918 133918
133918 133918
133918 133918
133918 133918
134059 134059
134059 134059
134059 134059
134059 134059
134059 134059
134059 134059
134059 134059
134059 134059
134059 134059
134059 134059
134059 134059
134059 134059
134059 134059
134059 134059
134059 134059
134059 134059
134059 134059
134059 134059
134059 134059
134059 134059
134059 134059
134059 134059
134059 134059
134059 134059
134059 134059
134059 134059
134059 134059
134059 134059
134059 134059
134059 134059
134059 134059
134059 134059
134059 134059
134059 134059
134059 134059
134059 134059
134059 134059
134059 134059
134059 134059
134059 134059
134059 134059
134059 134059
134059 134059
134059 134059
134059 134059
134059 134059
134059 134059
134059 134059
134059 134059
134059 134059
134059 134059
134059 134059
134059 134059
134059 134059
134059 134059
134059 134059
134059 134059
134059 134059
134059 134059
134059 134059
134059 134059
134059 134059
134059 134059
134059 134059
134059 134059
134059 134059
134059 134059
134059 134059
134059 134059
134059 134059
134059 134059
134059 134059
134059 134059
134059 134059
134059 134059
134059 134059
134059 134059
134059 134059
134059 134059
134059 134059
134059 134059
134059 134059
134059 134059
134059 134059
134059 134059
134059 134059
134059 134059
134059 134059
134059 134059
134059 134059
134059 134059
134059 134059
134059 134059
134059 134059
134059 134059
134059 134059
134059 134059
134059 134059
134059 134059
134059 134059
134059 134059
134059 134059
134059 134059
134059 134059
134121 134121
134121 134121
134121 134121
134121 134121
134121 134121
134121 134121
134121 134121
134121 134121
134426 134426
134426 134426
134426 134426
134426 134426
134426 134426
134426 134426
134426 134426
134426 134426
134426 134426
134426 134426
134426 134426
134426 134426
134426 134426
134426 134426
134426 134426
134426 134426
134426 134426
134426 134426
134426 134426
134426 134426
134426 134426
134426 134426
134426 134426
134426 134426
134426 134426
134426 134426
134426 134426
134426 134426
134426 134426
134426 134426
134426 134426
134426 134426
134426 134426
134426 134426
134426 134426
134426 134426
134426 134426
134426 134426
134426 134426
134426 134426
134426 134426
134426 134426
134426 134426
134426 134426
134426 134426
134426 134426
134426 134426
134426 134426
134426 134426
134426 134426
134426 134426
134426 134426
134426 134426
134426 134426
134426 134426
134426 134426
134426 134426
134426 134426
134426 134426
134426 134426
134426 134426
134426 134426
134426 134426
134426 134426
134426 134426
134426 134426
134426 134426
134445 134445
134445 134445
134445 134445
134445 134445
134445 134445
134445 134445
134445 134445
134445 134445
134445 134445
134445 134445
134445 134445
134445 134445
134445 134445
134445 134445
134445 134445
134445 134445
134445 134445
134445 134445
134445 134445
134445 134445
134445 134445
134445 134445
134445 134445
134445 134445
134445 134445
134445 134445
134445 134445
134445 134445
134445 134445
134445 134445
134445 134445
134445 134445
134445 134445
134445 134445
134445 134445
134445 134445
134445 134445
134445 134445
134445 134445
134445 134445
134445 134445
134445 134445
134445 134445
134445 134445
134445 134445
134445 134445
134445 134445
134445 134445
134445 134445
134445 134445
134445 134445
134445 134445
134564 134564
134564 134564
134564 134564
134564 134564
134564 134564
134564 134564
134564 134564
134564 134564
134564 134564
134564 134564
134564 134564
134564 134564
134564 134564
134564 134564
134564 134564
134564 134564
134564 134564
134564 134564
134564 134564
134564 134564
134564 134564
134564 134564
134564 134564
134564 134564
134564 134564
134564 134564
134564 134564
134564 134564
134564 134564
134564 134564
134564 134564
134564 134564
134564 134564
134564 134564
134564 134564
134564 134564
134564 134564
134564 134564
134564 134564
134564 134564
134564 134564
134564 134564
134564 134564
134564 134564
134564 134564
134564 134564
134564 134564
134564 134564
134564 134564
134564 134564
134564 134564
134564 134564
134564 134564
134564 134564
134564 134564
134564 134564
134564 134564
134616 134616
134628 134628
134628 134628
134628 134628
134628 134628
134628 134628
134628 134628
134628 134628
134628 134628
134628 134628
134628 134628
134628 134628
134628 134628
134628 134628
134628 134628
134628 134628
134628 134628
134628 134628
134628 134628
134628 134628
134628 134628
134628 134628
134628 134628
134865 134865
134865 134865
134865 134865
134865 134865
134865 134865
134865 134865
134865 134865
134865 134865
134865 134865
134865 134865
134865 134865
134865 134865
134865 134865
134865 134865
134865 134865
134865 134865
134865 134865
134865 134865
134865 134865
134865 134865
134865 134865
134865 134865
134865 134865
134865 134865
134865 134865
134865 134865
134865 134865
134865 134865
134865 134865
134865 134865
134865 134865
134865 134865
134865 134865
134865 134865
134865 134865
134865 134865
134865 134865
134865 134865
134865 134865
134865 134865
134865 134865
134865 134865
134865 134865
134865 134865
134865 134865
134865 134865
134865 134865
