98585
86344 86344
86908 86908
88121 88121
87070 87070
86933 86933
87575 87575
81342 81342
82364 82364
84654 84654
86240 86240
81980 81980
84992 84992
85744 85744
80751 80751
82776 82776
86308 86308
85067 85067
87523 87523
86479 86479
84159 84159
84959 84959
89044 89044
86370 86370
84709 84709
87239 87239
85051 85051
86292 86292
86942 86942
86647 86647
83499 83499
89162 89162
87662 87662
88486 88486
85727 85727
84011 84011
89492 89492
85931 85931
84521 84521
79418 79418
85253 85253
82915 82915
80119 80119
82604 82604
80486 80486
82986 82986
83410 83410
81607 81607
85564 85564
86329 86329
83547 83547
83909 83909
82971 82971
83708 83708
85233 85233
87973 87973
89041 89041
88652 88652
87681 87681
90806 90806
92345 92345
92566 92566
90304 90304
93451 93451
92749 92749
89270 89270
94207 94207
93950 93950
93041 93041
93167 93167
94819 94819
92927 92927
93275 93275
95330 95330
89688 89688
92421 92421
93300 93300
93856 93856
90514 90514
88629 88629
88631 88631
88468 88468
86803 86803
85034 85034
82438 82438
81889 81889
80828 80828
79372 79372
82184 82184
84751 84751
84202 84202
84515 84515
85514 85514
87214 87214
88971 88971
88245 88245
90769 90769
88322 88322
89041 89041
91112 91112
92935 92935
86236 86236
86672 86672
82642 82642
85487 85487
85775 85775
86763 86763
85701 85701
84851 84851
83750 83750
84956 84956
85349 85349
86453 86453
85067 85067
88207 88207
88241 88241
86265 86265
86140 86140
85951 85951
84280 84280
84070 84070
88009 88009
86981 86981
88752 88752
86773 86773
85260 85260
88357 88357
90269 90269
87283 87283
82930 82930
87043 87043
81597 81597
82386 82386
85412 85412
85263 85263
84545 84545
86287 86287
84833 84833
88027 88027
88069 88069
89288 89288
88121 88121
90285 90285
91145 91145
89554 89554
87685 87685
85686 85686
82877 82877
85221 85221
84818 84818
85404 85404
82379 82379
81671 81671
84741 84741
82186 82186
86021 86021
85730 85730
88792 88792
87555 87555
85633 85633
86300 86300
85477 85477
85494 85494
82916 82916
82673 82673
83130 83130
84889 84889
83994 83994
86175 86175
87407 87407
90390 90390
91425 91425
88741 88741
88401 88401
85200 85200
85124 85124
86685 86685
86015 86015
84160 84160
79280 79280
77625 77625
81920 81920
82034 82034
81975 81975
80787 80787
79528 79528
85452 85452
83536 83536
83755 83755
85372 85372
85815 85815
87199 87199
87747 87747
88410 88410
85737 85737
87855 87855
84786 84786
82587 82587
86691 86691
89392 89392
92958 92958
92254 92254
90556 90556
89460 89460
86920 86920
87971 87971
88327 88327
89367 89367
84717 84717
83901 83901
83772 83772
85718 85718
86448 86448
86046 86046
85299 85299
85492 85492
86181 86181
88884 88884
88565 88565
90283 90283
88441 88441
86918 86918
86507 86507
84408 84408
84699 84699
86233 86233
86868 86868
89452 89452
89129 89129
87989 87989
82647 82647
88008 88008
87494 87494
87271 87271
85451 85451
86084 86084
88309 88309
87944 87944
84466 84466
85217 85217
83728 83728
81697 81697
79521 79521
82899 82899
86299 86299
84497 84497
84916 84916
85598 85598
84338 84338
83346 83346
83272 83272
86884 86884
83225 83225
83859 83859
83284 83284
81477 81477
79437 79437
77630 77630
75386 75386
76864 76864
78002 78002
76917 76917
78425 78425
79220 79220
84206 84206
81239 81239
79074 79074
82321 82321
87087 87087
87735 87735
89144 89144
89880 89880
91115 91115
91666 91666
91925 91925
89286 89286
91364 91364
90668 90668
86458 86458
87674 87674
87878 87878
83946 83946
82971 82971
80707 80707
79345 79345
79372 79372
82412 82412
81769 81769
82643 82643
80224 80224
80299 80299
82035 82035
84019 84019
84580 84580
86938 86938
88518 88518
88344 88344
87049 87049
84859 84859
85068 85068
87694 87694
89661 89661
88045 88045
88768 88768
82775 82775
87949 87949
90948 90948
90440 90440
91461 91461
87691 87691
89563 89563
86829 86829
85065 85065
80800 80800
82100 82100
81168 81168
78120 78120
79318 79318
77636 77636
78118 78118
80320 80320
82259 82259
87062 87062
84698 84698
81682 81682
82131 82131
79126 79126
83623 83623
84426 84426
81541 81541
82222 82222
84287 84287
83087 83087
89427 89427
89140 89140
91164 91164
91562 91562
91409 91409
89530 89530
88342 88342
88524 88524
88938 88938
84239 84239
86141 86141
87984 87984
84461 84461
88325 88325
89974 89974
87977 87977
87167 87167
88272 88272
86666 86666
86114 86114
91663 91663
90535 90535
87793 87793
91787 91787
90971 90971
90929 90929
90801 90801
91021 91021
90739 90739
92422 92422
91248 91248
91571 91571
89196 89196
88023 88023
85407 85407
80780 80780
79217 79217
79571 79571
79356 79356
81549 81549
84711 84711
87078 87078
83267 83267
82133 82133
87619 87619
88083 88083
87817 87817
90811 90811
91185 91185
89976 89976
90674 90674
89262 89262
91950 91950
92788 92788
89975 89975
90711 90711
89322 89322
88810 88810
89489 89489
80858 80858
83929 83929
88112 88112
87026 87026
88130 88130
88425 88425
90349 90349
87627 87627
93704 93704
90278 90278
93980 93980
92550 92550
91613 91613
89215 89215
86895 86895
87049 87049
86537 86537
86640 86640
84143 84143
82631 82631
84968 84968
86852 86852
86037 86037
83501 83501
83738 83738
77941 77941
76657 76657
80032 80032
75105 75105
76744 76744
77327 77327
75606 75606
82065 82065
79959 79959
82405 82405
82220 82220
82770 82770
83828 83828
85523 85523
89202 89202
85617 85617
84157 84157
84353 84353
88926 88926
93014 93014
91479 91479
91969 91969
87413 87413
86145 86145
85647 85647
86175 86175
85079 85079
87109 87109
87967 87967
90638 90638
89253 89253
86911 86911
86273 86273
88433 88433
89728 89728
90329 90329
91606 91606
91520 91520
93003 93003
90654 90654
92038 92038
91371 91371
89946 89946
85052 85052
82956 82956
84450 84450
85224 85224
88597 88597
84681 84681
85418 85418
91100 91100
88584 88584
86080 86080
85052 85052
86294 86294
85358 85358
84420 84420
82512 82512
81293 81293
83937 83937
82165 82165
83607 83607
81862 81862
82874 82874
82626 82626
83012 83012
83131 83131
82581 82581
83144 83144
80829 80829
83807 83807
85309 85309
87630 87630
87512 87512
89984 89984
92148 92148
90193 90193
90741 90741
88211 88211
89360 89360
85770 85770
87821 87821
90072 90072
93048 93048
91594 91594
90858 90858
90181 90181
88516 88516
91974 91974
91767 91767
88234 88234
88238 88238
86078 86078
86574 86574
90339 90339
91578 91578
94521 94521
93022 93022
92306 92306
92150 92150
85725 85725
83662 83662
83593 83593
82574 82574
87145 87145
91809 91809
87151 87151
84917 84917
80044 80044
81960 81960
81309 81309
81312 81312
80856 80856
84901 84901
85396 85396
88010 88010
89038 89038
91333 91333
86738 86738
85786 85786
85081 85081
86337 86337
82000 82000
86870 86870
80317 80317
79774 79774
83507 83507
85284 85284
87060 87060
87190 87190
87661 87661
86378 86378
84602 84602
80541 80541
81021 81021
88246 88246
87503 87503
88021 88021
85043 85043
84157 84157
86335 86335
85168 85168
80747 80747
80895 80895
79826 79826
81509 81509
81246 81246
80375 80375
78630 78630
79279 79279
79008 79008
80049 80049
81484 81484
81428 81428
82494 82494
87127 87127
85355 85355
86761 86761
82823 82823
84211 84211
84932 84932
85922 85922
83307 83307
82815 82815
82042 82042
87591 87591
87643 87643
87252 87252
84983 84983
85663 85663
86699 86699
84673 84673
87718 87718
86232 86232
86837 86837
81395 81395
83436 83436
79445 79445
77679 77679
80721 80721
80433 80433
79920 79920
80115 80115
81601 81601
86443 86443
83485 83485
82808 82808
82187 82187
82346 82346
83447 83447
85543 85543
82575 82575
86736 86736
85556 85556
87946 87946
88467 88467
90530 90530
89788 89788
91565 91565
86777 86777
89496 89496
91363 91363
89381 89381
90046 90046
90070 90070
86943 86943
89192 89192
88705 88705
87559 87559
87157 87157
88690 88690
86730 86730
89044 89044
84684 84684
83149 83149
84738 84738
86376 86376
86334 86334
85208 85208
86783 86783
85703 85703
86183 86183
86705 86705
86820 86820
90006 90006
91455 91455
88729 88729
86112 86112
87991 87991
84827 84827
88136 88136
87351 87351
84815 84815
84414 84414
84525 84525
85001 85001
84146 84146
81736 81736
86404 86404
84799 84799
87178 87178
89563 89563
92339 92339
93580 93580
88479 88479
83706 83706
83592 83592
80879 80879
81319 81319
84907 84907
84552 84552
85439 85439
83287 83287
86258 86258
87248 87248
86599 86599
83890 83890
86010 86010
87885 87885
88241 88241
88617 88617
89792 89792
87868 87868
84164 84164
84220 84220
82118 82118
83503 83503
82961 82961
83749 83749
86511 86511
87716 87716
82713 82713
82045 82045
75808 75808
75817 75817
78523 78523
82569 82569
84319 84319
84929 84929
83503 83503
80003 80003
81039 81039
84411 84411
83718 83718
85740 85740
85152 85152
83942 83942
86416 86416
86026 86026
87600 87600
89121 89121
88853 88853
86642 86642
87860 87860
86360 86360
87722 87722
84077 84077
86888 86888
88476 88476
85824 85824
82922 82922
82214 82214
82809 82809
83858 83858
83685 83685
85826 85826
88888 88888
86979 86979
89189 89189
89677 89677
86973 86973
86373 86373
83943 83943
81655 81655
75804 75804
80193 80193
85340 85340
88105 88105
89935 89935
89471 89471
85893 85893
84660 84660
85198 85198
82148 82148
81381 81381
80763 80763
83118 83118
85298 85298
87198 87198
84677 84677
83371 83371
82380 82380
83188 83188
84854 84854
88178 88178
91548 91548
92757 92757
89624 89624
89550 89550
91910 91910
90516 90516
91700 91700
90513 90513
91275 91275
93727 93727
95090 95090
94156 94156
92798 92798
95816 95816
95454 95454
94440 94440
95215 95215
93487 93487
90668 90668
93077 93077
95425 95425
91376 91376
89327 89327
88467 88467
87109 87109
89945 89945
89147 89147
89235 89235
87721 87721
89413 89413
86514 86514
86366 86366
86104 86104
87607 87607
90214 90214
90165 90165
88649 88649
85176 85176
90945 90945
88540 88540
88734 88734
92838 92838
92078 92078
90956 90956
93654 93654
90145 90145
85108 85108
84994 84994
85941 85941
83885 83885
85853 85853
86774 86774
86113 86113
86272 86272
84740 84740
86424 86424
86299 86299
83688 83688
83734 83734
84292 84292
84403 84403
84560 84560
82279 82279
83239 83239
81782 81782
81973 81973
83088 83088
79514 79514
79587 79587
80716 80716
79554 79554
81643 81643
80651 80651
82410 82410
82710 82710
85621 85621
84895 84895
85421 85421
89806 89806
89056 89056
91611 91611
93795 93795
93154 93154
91051 91051
92705 92705
89049 89049
90274 90274
85215 85215
83809 83809
88641 88641
90704 90704
89949 89949
86905 86905
88511 88511
85751 85751
87886 87886
91431 91431
88447 88447
88667 88667
86925 86925
87352 87352
81534 81534
85884 85884
86545 86545
83806 83806
88829 88829
85666 85666
85616 85616
90638 90638
87172 87172
86540 86540
88020 88020
86865 86865
85573 85573
86675 86675
88890 88890
89973 89973
89579 89579
87178 87178
85456 85456
84272 84272
86325 86325
79756 79756
80507 80507
83078 83078
80079 80079
77424 77424
80092 80092
81964 81964
84125 84125
87353 87353
88109 88109
86809 86809
86140 86140
87785 87785
88141 88141
85335 85335
87739 87739
87121 87121
92070 92070
93012 93012
92734 92734
92658 92658
91987 91987
93307 93307
92900 92900
89699 89699
86519 86519
84379 84379
83064 83064
81263 81263
81844 81844
83560 83560
82073 82073
83068 83068
82468 82468
83423 83423
84598 84598
82426 82426
81544 81544
83016 83016
83415 83415
84821 84821
86652 86652
90798 90798
86995 86995
86322 86322
88395 88395
87379 87379
89351 89351
91613 91613
86221 86221
86499 86499
88056 88056
87108 87108
84747 84747
83028 83028
86476 86476
87346 87346
85827 85827
83285 83285
78791 78791
84243 84243
84978 84978
86591 86591
86031 86031
83168 83168
85828 85828
82372 82372
81440 81440
82073 82073
81563 81563
83088 83088
80003 80003
80817 80817
78313 78313
81769 81769
81403 81403
82322 82322
82010 82010
84109 84109
82706 82706
82022 82022
83869 83869
80818 80818
82782 82782
86885 86885
88859 88859
83755 83755
81516 81516
79358 79358
80108 80108
80921 80921
83694 83694
85020 85020
82059 82059
85373 85373
85440 85440
88132 88132
86407 86407
88311 88311
91311 91311
88364 88364
85920 85920
85375 85375
84348 84348
84997 84997
84029 84029
84290 84290
81581 81581
82843 82843
83823 83823
84662 84662
87999 87999
89868 89868
87239 87239
88165 88165
85075 85075
89757 89757
87193 87193
83718 83718
84071 84071
85802 85802
83292 83292
84104 84104
84024 84024
83356 83356
81929 81929
81540 81540
82693 82693
83061 83061
86433 86433
89024 89024
87660 87660
90795 90795
88509 88509
87004 87004
84978 84978
87499 87499
85590 85590
86211 86211
81182 81182
77702 77702
75697 75697
81707 81707
80987 80987
86473 86473
85847 85847
86973 86973
87886 87886
87789 87789
89222 89222
94317 94317
94727 94727
89678 89678
84251 84251
80509 80509
83355 83355
86864 86864
86075 86075
86958 86958
83406 83406
84886 84886
86486 86486
90691 90691
92779 92779
98273 98273
92556 92556
90763 90763
94181 94181
91829 91829
90365 90365
89893 89893
90336 90336
92693 92693
94634 94634
95333 95333
91703 91703
90544 90544
87377 87377
87644 87644
87152 87152
89640 89640
89825 89825
90117 90117
87644 87644
87235 87235
85018 85018
86295 86295
84558 84558
85655 85655
85753 85753
83742 83742
82869 82869
86942 86942
87071 87071
86996 86996
88643 88643
90089 90089
87878 87878
86340 86340
88601 88601
88163 88163
83302 83302
84387 84387
84795 84795
84332 84332
82567 82567
80770 80770
80294 80294
83538 83538
84101 84101
82981 82981
85036 85036
83792 83792
83624 83624
81801 81801
87504 87504
85395 85395
86761 86761
87505 87505
86598 86598
88908 88908
87392 87392
87587 87587
85404 85404
87679 87679
84317 84317
86277 86277
80960 80960
80189 80189
77367 77367
82597 82597
83181 83181
85864 85864
84350 84350
89997 89997
86496 86496
88180 88180
86362 86362
84695 84695
89341 89341
91291 91291
94792 94792
92881 92881
94350 94350
90891 90891
93379 93379
91039 91039
96092 96092
96592 96592
95068 95068
91303 91303
86126 86126
82892 82892
84580 84580
86717 86717
89515 89515
86835 86835
88840 88840
87667 87667
86567 86567
89121 89121
91441 91441
88574 88574
86174 86174
86777 86777
88946 88946
90370 90370
89132 89132
89342 89342
87740 87740
92022 92022
91599 91599
91079 91079
89664 89664
89617 89617
89730 89730
89437 89437
84814 84814
85860 85860
91583 91583
91283 91283
92093 92093
90951 90951
92579 92579
94578 94578
95074 95074
95091 95091
90815 90815
89656 89656
89743 89743
89946 89946
90121 90121
89802 89802
85729 85729
88164 88164
84117 84117
85737 85737
85950 85950
89212 89212
87302 87302
88588 88588
88798 88798
88567 88567
93071 93071
94197 94197
92234 92234
88942 88942
86386 86386
85448 85448
85212 85212
84795 84795
87458 87458
82959 82959
85093 85093
78518 78518
77903 77903
79882 79882
84321 84321
88532 88532
86139 86139
85208 85208
85636 85636
85764 85764
85275 85275
89300 89300
86345 86345
89240 89240
89960 89960
86653 86653
87304 87304
88495 88495
86805 86805
83568 83568
85049 85049
84018 84018
83349 83349
79635 79635
79121 79121
82819 82819
80251 80251
81999 81999
77703 77703
80242 80242
79787 79787
84464 84464
84239 84239
84914 84914
86200 86200
85608 85608
87916 87916
85318 85318
85577 85577
86626 86626
85894 85894
86297 86297
86258 86258
85557 85557
89163 89163
88077 88077
83641 83641
86579 86579
91132 91132
89770 89770
88000 88000
85080 85080
82412 82412
83772 83772
89145 89145
88700 88700
90248 90248
85988 85988
87261 87261
83339 83339
87405 87405
88016 88016
87494 87494
89564 89564
89917 89917
91219 91219
89044 89044
87559 87559
86989 86989
89457 89457
89343 89343
89645 89645
88974 88974
88702 88702
88270 88270
84807 84807
86944 86944
81722 81722
82902 82902
81968 81968
83141 83141
85241 85241
86371 86371
82269 82269
84782 84782
82629 82629
80049 80049
81840 81840
81715 81715
81381 81381
83328 83328
85067 85067
87986 87986
90691 90691
87020 87020
89397 89397
88739 88739
89610 89610
88095 88095
86256 86256
84209 84209
83792 83792
85686 85686
85094 85094
86622 86622
83993 83993
85265 85265
83960 83960
87283 87283
87498 87498
87180 87180
83752 83752
82088 82088
87176 87176
86192 86192
86347 86347
83126 83126
83382 83382
82582 82582
81264 81264
80882 80882
79735 79735
80619 80619
82236 82236
82927 82927
84445 84445
82078 82078
77589 77589
81687 81687
83741 83741
84858 84858
87533 87533
86487 86487
88809 88809
88673 88673
91327 91327
91084 91084
87711 87711
87647 87647
87773 87773
84117 84117
86232 86232
88319 88319
92333 92333
89499 89499
93938 93938
94327 94327
96037 96037
97001 97001
94579 94579
89464 89464
84079 84079
83748 83748
83661 83661
88394 88394
88408 88408
87245 87245
87463 87463
84937 84937
81882 81882
86668 86668
90698 90698
88500 88500
87938 87938
88856 88856
86826 86826
82616 82616
86034 86034
86459 86459
88649 88649
83051 83051
86270 86270
88189 88189
86467 86467
86871 86871
86347 86347
85032 85032
83953 83953
83035 83035
87133 87133
83759 83759
88163 88163
86723 86723
83235 83235
84997 84997
86369 86369
86588 86588
87306 87306
87739 87739
83706 83706
84309 84309
83161 83161
83474 83474
86330 86330
83798 83798
82890 82890
81411 81411
82745 82745
86109 86109
88097 88097
90401 90401
89278 89278
91034 91034
88715 88715
86245 86245
85554 85554
84151 84151
83027 83027
86791 86791
83440 83440
83677 83677
86206 86206
85182 85182
86792 86792
84345 84345
81601 81601
77970 77970
75182 75182
81912 81912
83962 83962
84472 84472
84030 84030
86471 86471
84465 84465
82669 82669
84095 84095
79861 79861
79258 79258
76974 76974
78176 78176
77557 77557
82403 82403
86911 86911
90203 90203
93303 93303
93742 93742
91708 91708
87752 87752
82923 82923
83430 83430
84621 84621
83302 83302
81575 81575
82288 82288
83819 83819
84349 84349
82116 82116
82427 82427
84420 84420
83051 83051
82460 82460
83945 83945
80134 80134
77969 77969
79959 79959
79601 79601
84979 84979
85065 85065
82011 82011
84953 84953
83781 83781
83884 83884
82636 82636
84980 84980
83109 83109
80685 80685
83631 83631
87439 87439
87335 87335
87741 87741
83493 83493
86075 86075
85260 85260
81466 81466
85308 85308
83422 83422
83872 83872
83040 83040
83235 83235
87969 87969
86730 86730
93556 93556
93203 93203
93553 93553
87538 87538
86331 86331
86741 86741
88119 88119
94874 94874
94863 94863
91561 91561
90801 90801
91401 91401
88863 88863
87465 87465
84324 84324
81117 81117
83344 83344
81824 81824
80775 80775
85076 85076
84352 84352
81203 81203
78686 78686
78781 78781
80344 80344
87898 87898
84612 84612
83173 83173
78488 78488
81101 81101
81878 81878
82247 82247
82459 82459
80365 80365
82799 82799
84515 84515
83751 83751
82789 82789
84548 84548
84680 84680
83764 83764
82630 82630
86669 86669
85769 85769
85670 85670
82926 82926
84152 84152
82174 82174
81579 81579
82020 82020
86622 86622
85777 85777
82820 82820
79002 79002
79625 79625
80013 80013
82039 82039
83171 83171
83129 83129
81215 81215
83082 83082
83805 83805
86963 86963
86408 86408
82773 82773
84558 84558
87255 87255
90713 90713
90550 90550
90012 90012
87607 87607
87574 87574
90128 90128
93915 93915
97288 97288
93042 93042
90229 90229
89113 89113
85367 85367
83173 83173
83153 83153
84591 84591
86154 86154
85454 85454
86810 86810
85906 85906
90199 90199
90849 90849
90697 90697
90597 90597
90798 90798
88874 88874
89060 89060
90293 90293
89463 89463
87093 87093
87911 87911
87908 87908
87187 87187
86566 86566
85011 85011
85423 85423
83054 83054
83952 83952
83323 83323
84698 84698
83115 83115
79859 79859
80311 80311
82616 82616
81781 81781
80529 80529
80254 80254
78558 78558
82231 82231
86290 86290
81036 81036
79844 79844
80983 80983
81669 81669
82958 82958
83691 83691
80319 80319
84331 84331
85205 85205
86751 86751
84346 84346
88621 88621
85369 85369
86687 86687
81959 81959
83242 83242
86617 86617
85021 85021
78571 78571
80554 80554
81812 81812
85274 85274
89720 89720
89882 89882
90815 90815
90459 90459
88469 88469
91067 91067
89230 89230
85930 85930
83371 83371
84394 84394
83678 83678
84977 84977
81830 81830
81668 81668
83150 83150
83619 83619
81302 81302
82737 82737
83444 83444
87985 87985
88405 88405
86785 86785
83059 83059
83246 83246
83969 83969
83503 83503
83549 83549
84906 84906
85873 85873
84780 84780
88506 88506
86110 86110
83315 83315
86082 86082
85236 85236
86443 86443
89227 89227
90845 90845
85750 85750
87998 87998
91027 91027
87823 87823
90236 90236
88959 88959
86458 86458
88682 88682
94265 94265
94068 94068
94894 94894
90902 90902
90939 90939
90365 90365
91094 91094
87133 87133
85241 85241
83576 83576
84047 84047
85529 85529
83956 83956
85306 85306
86507 86507
90627 90627
89660 89660
93421 93421
90987 90987
88407 88407
87620 87620
87364 87364
85560 85560
87075 87075
86042 86042
84250 84250
84734 84734
82446 82446
81034 81034
82835 82835
80948 80948
82213 82213
82459 82459
81224 81224
84316 84316
86140 86140
88036 88036
86805 86805
87297 87297
81761 81761
81127 81127
83862 83862
83229 83229
86578 86578
88320 88320
88541 88541
91384 91384
87567 87567
85857 85857
85416 85416
85344 85344
86817 86817
85952 85952
86293 86293
89739 89739
87645 87645
88140 88140
85357 85357
85543 85543
84738 84738
85463 85463
84372 84372
88124 88124
88676 88676
88439 88439
88069 88069
88171 88171
89587 89587
88319 88319
84738 84738
85690 85690
83281 83281
87237 87237
87507 87507
85252 85252
84542 84542
86589 86589
84838 84838
80278 80278
82862 82862
82408 82408
83724 83724
84924 84924
85702 85702
85254 85254
83044 83044
82467 82467
83522 83522
82647 82647
81762 81762
82426 82426
84359 84359
85018 85018
83046 83046
85096 85096
83559 83559
82859 82859
87226 87226
87966 87966
84594 84594
84362 84362
91366 91366
89477 89477
86673 86673
86786 86786
86305 86305
84017 84017
82669 82669
80101 80101
77946 77946
83380 83380
85965 85965
84970 84970
83422 83422
85476 85476
83298 83298
88043 88043
86489 86489
89423 89423
91251 91251
89359 89359
89995 89995
89542 89542
88486 88486
88332 88332
91604 91604
89993 89993
87501 87501
90059 90059
88400 88400
84353 84353
82928 82928
85979 85979
81775 81775
84643 84643
83401 83401
84087 84087
83972 83972
82639 82639
80180 80180
79224 79224
75469 75469
76694 76694
77246 77246
76752 76752
76168 76168
80712 80712
85609 85609
87765 87765
88210 88210
90582 90582
93097 93097
90725 90725
89524 89524
92489 92489
90348 90348
88952 88952
87603 87603
87687 87687
86666 86666
88494 88494
88500 88500
89700 89700
86880 86880
86445 86445
89385 89385
90852 90852
91050 91050
91231 91231
93264 93264
91712 91712
91431 91431
90170 90170
89685 89685
89836 89836
88852 88852
89102 89102
87507 87507
89426 89426
91008 91008
92794 92794
87995 87995
87981 87981
89039 89039
91986 91986
88202 88202
81405 81405
81832 81832
84236 84236
85813 85813
90644 90644
86369 86369
86911 86911
84471 84471
83224 83224
83538 83538
80893 80893
81801 81801
82992 82992
85870 85870
82178 82178
85899 85899
87677 87677
86928 86928
82957 82957
86770 86770
85053 85053
86182 86182
86651 86651
84168 84168
81837 81837
81048 81048
78381 78381
81109 81109
79034 79034
78953 78953
81741 81741
84990 84990
82567 82567
83960 83960
80971 80971
83463 83463
82347 82347
84179 84179
83620 83620
82084 82084
82852 82852
80895 80895
86270 86270
83012 83012
83694 83694
86041 86041
79667 79667
77715 77715
81690 81690
85106 85106
85711 85711
84392 84392
86171 86171
85832 85832
83199 83199
83650 83650
82162 82162
83652 83652
86977 86977
85436 85436
87196 87196
88914 88914
86129 86129
84060 84060
79764 79764
79313 79313
80509 80509
80938 80938
86513 86513
82498 82498
82448 82448
84862 84862
83340 83340
79644 79644
79253 79253
76923 76923
78377 78377
80442 80442
80683 80683
80366 80366
79385 79385
84406 84406
82466 82466
85627 85627
86441 86441
86450 86450
88097 88097
87548 87548
87919 87919
88348 88348
90122 90122
86161 86161
84443 84443
86735 86735
88424 88424
86519 86519
86933 86933
84044 84044
83624 83624
86981 86981
89646 89646
92351 92351
89254 89254
89829 89829
86269 86269
89444 89444
88401 88401
89627 89627
94205 94205
94600 94600
94815 94815
94477 94477
97198 97198
94039 94039
90680 90680
93309 93309
90694 90694
92682 92682
93363 93363
90801 90801
88306 88306
89634 89634
88783 88783
87082 87082
88368 88368
89023 89023
84609 84609
84063 84063
82217 82217
78994 78994
80518 80518
82422 82422
84106 84106
86759 86759
86961 86961
87525 87525
86821 86821
84733 84733
84210 84210
83147 83147
84920 84920
88462 88462
85400 85400
78714 78714
75951 75951
76871 76871
81367 81367
82692 82692
84190 84190
83257 83257
80158 80158
80019 80019
81307 81307
78855 78855
84266 84266
81315 81315
84830 84830
83134 83134
82881 82881
84976 84976
85153 85153
81793 81793
82130 82130
87044 87044
88646 88646
90407 90407
86964 86964
86892 86892
85013 85013
82630 82630
86124 86124
86508 86508
86086 86086
83494 83494
85589 85589
85914 85914
87494 87494
84017 84017
82485 82485
79995 79995
80193 80193
80737 80737
84964 84964
82737 82737
85172 85172
87723 87723
90581 90581
87060 87060
83560 83560
85683 85683
86197 86197
86225 86225
84503 84503
85718 85718
83926 83926
85052 85052
89048 89048
90685 90685
89726 89726
89187 89187
89307 89307
83953 83953
85745 85745
85427 85427
85899 85899
86897 86897
83227 83227
84648 84648
87844 87844
88376 88376
90781 90781
92482 92482
89934 89934
89897 89897
83835 83835
80482 80482
80815 80815
81507 81507
81483 81483
83040 83040
86096 86096
84515 84515
82722 82722
81543 81543
84498 84498
86689 86689
88323 88323
90121 90121
90165 90165
88900 88900
88204 88204
85173 85173
81994 81994
82450 82450
85948 85948
83160 83160
84826 84826
87168 87168
87087 87087
85095 85095
85364 85364
87577 87577
86115 86115
84432 84432
82267 82267
85750 85750
83473 83473
87444 87444
86362 86362
87647 87647
89217 89217
87254 87254
89208 89208
90234 90234
87375 87375
81099 81099
79927 79927
80287 80287
79463 79463
84206 84206
84149 84149
87328 87328
88959 88959
87610 87610
87610 87610
81899 81899
81536 81536
82944 82944
83374 83374
84291 84291
89346 89346
83002 83002
83434 83434
82416 82416
82711 82711
85635 85635
85039 85039
86454 86454
87148 87148
86331 86331
85003 85003
86559 86559
88466 88466
90700 90700
88955 88955
89938 89938
91043 91043
92644 92644
91882 91882
90812 90812
92254 92254
88974 88974
83384 83384
86360 86360
84858 84858
83119 83119
85270 85270
86858 86858
85092 85092
82287 82287
78427 78427
76245 76245
76183 76183
77867 77867
80425 80425
80425 80425
83330 83330
82969 82969
78266 78266
74583 74583
80018 80018
77818 77818
82296 82296
80277 80277
83223 83223
83141 83141
85914 85914
84181 84181
87495 87495
85836 85836
83921 83921
86980 86980
86345 86345
84607 84607
87417 87417
86105 86105
90688 90688
89240 89240
86590 86590
85036 85036
88225 88225
89277 89277
89457 89457
88360 88360
88272 88272
87048 87048
89197 89197
88863 88863
85934 85934
85416 85416
85855 85855
86473 86473
83495 83495
86943 86943
87845 87845
84506 84506
82394 82394
78213 78213
81214 81214
83189 83189
84163 84163
83403 83403
85819 85819
89768 89768
88159 88159
86535 86535
84876 84876
86532 86532
87071 87071
88309 88309
85290 85290
84806 84806
82399 82399
85851 85851
86404 86404
83971 83971
81959 81959
82969 82969
84973 84973
83504 83504
84524 84524
84916 84916
81436 81436
82592 82592
81124 81124
82215 82215
83684 83684
87014 87014
88610 88610
89402 89402
90227 90227
90559 90559
89245 89245
88795 88795
92046 92046
95057 95057
92717 92717
91064 91064
90621 90621
92402 92402
93174 93174
91891 91891
88482 88482
88669 88669
93124 93124
91611 91611
92336 92336
91199 91199
88296 88296
86350 86350
87449 87449
88308 88308
89775 89775
90092 90092
90728 90728
88563 88563
87386 87386
86758 86758
87566 87566
88063 88063
85051 85051
83977 83977
83345 83345
84740 84740
84118 84118
78887 78887
78981 78981
78619 78619
78980 78980
82609 82609
83041 83041
85160 85160
82502 82502
84257 84257
86801 86801
85989 85989
85397 85397
85801 85801
87517 87517
90116 90116
88545 88545
88538 88538
90218 90218
88152 88152
81479 81479
80647 80647
82691 82691
82790 82790
82224 82224
81615 81615
82808 82808
80980 80980
84853 84853
81955 81955
81635 81635
77521 77521
78926 78926
79484 79484
82113 82113
80814 80814
85512 85512
87226 87226
90859 90859
92049 92049
90566 90566
88112 88112
88539 88539
93637 93637
94669 94669
92508 92508
91978 91978
93188 93188
90251 90251
88961 88961
87233 87233
86828 86828
86507 86507
90363 90363
89477 89477
89664 89664
87225 87225
87363 87363
85781 85781
84459 84459
87562 87562
86681 86681
82620 82620
82586 82586
85345 85345
86955 86955
83563 83563
83924 83924
86359 86359
85132 85132
90209 90209
91867 91867
88937 88937
87854 87854
87894 87894
85736 85736
85081 85081
84215 84215
85303 85303
85788 85788
81507 81507
80200 80200
81086 81086
82215 82215
81919 81919
82737 82737
81572 81572
80208 80208
81012 81012
77727 77727
79356 79356
77952 77952
78488 78488
80198 80198
80544 80544
83086 83086
82477 82477
82863 82863
86352 86352
87242 87242
84757 84757
84555 84555
87131 87131
88742 88742
88593 88593
88224 88224
88972 88972
86475 86475
87582 87582
85864 85864
87773 87773
83557 83557
84783 84783
84690 84690
84174 84174
85013 85013
87626 87626
86152 86152
86132 86132
87987 87987
88300 88300
87003 87003
86000 86000
83225 83225
84629 84629
88956 88956
88650 88650
86627 86627
84375 84375
84861 84861
85296 85296
88120 88120
92652 92652
89427 89427
87961 87961
90145 90145
90238 90238
89335 89335
88734 88734
89617 89617
85889 85889
83129 83129
88443 88443
87305 87305
88093 88093
85408 85408
88175 88175
86389 86389
88482 88482
90062 90062
89305 89305
91371 91371
90922 90922
89059 89059
84809 84809
85791 85791
88583 88583
87215 87215
87365 87365
87520 87520
88473 88473
83584 83584
83395 83395
84518 84518
84185 84185
85058 85058
87517 87517
85853 85853
85919 85919
86421 86421
89864 89864
86078 86078
84116 84116
83823 83823
84149 84149
80806 80806
81791 81791
81079 81079
82026 82026
82193 82193
82839 82839
84569 84569
81739 81739
76562 76562
81226 81226
82255 82255
86770 86770
84284 84284
87295 87295
86698 86698
89919 89919
88975 88975
87644 87644
86987 86987
85047 85047
83022 83022
83708 83708
84115 84115
88134 88134
84273 84273
82916 82916
81710 81710
84526 84526
79275 79275
78440 78440
78443 78443
77585 77585
84006 84006
82288 82288
83742 83742
87608 87608
87054 87054
88275 88275
94156 94156
94030 94030
91455 91455
94465 94465
89882 89882
88882 88882
85623 85623
84246 84246
86648 86648
90681 90681
88836 88836
91619 91619
89584 89584
88683 88683
90755 90755
89221 89221
91867 91867
94108 94108
90610 90610
89352 89352
88002 88002
90427 90427
92207 92207
91956 91956
87557 87557
86318 86318
87223 87223
82839 82839
83198 83198
86030 86030
86002 86002
83536 83536
83951 83951
83256 83256
78575 78575
82147 82147
81164 81164
80149 80149
80242 80242
83090 83090
85084 85084
83913 83913
83556 83556
84396 84396
86242 86242
84303 84303
83874 83874
81679 81679
82040 82040
81023 81023
80297 80297
79777 79777
83734 83734
83025 83025
85018 85018
83654 83654
81363 81363
79132 79132
83023 83023
82422 82422
85516 85516
84957 84957
81483 81483
82748 82748
80537 80537
85288 85288
87552 87552
86239 86239
83825 83825
81412 81412
84565 84565
83478 83478
84508 84508
85034 85034
85165 85165
86768 86768
84735 84735
88317 88317
88147 88147
87748 87748
84599 84599
84272 84272
81396 81396
81873 81873
80298 80298
76233 76233
75285 75285
74716 74716
77344 77344
77953 77953
83292 83292
82360 82360
83238 83238
84891 84891
82151 82151
85055 85055
85805 85805
84499 84499
88854 88854
84999 84999
85029 85029
89100 89100
88804 88804
89306 89306
86376 86376
91503 91503
93109 93109
91956 91956
89286 89286
92016 92016
89086 89086
88327 88327
88917 88917
88910 88910
80927 80927
84061 84061
81744 81744
82491 82491
85326 85326
86988 86988
83335 83335
83296 83296
83270 83270
79134 79134
79670 79670
83518 83518
86812 86812
85516 85516
86175 86175
86990 86990
90725 90725
94251 94251
94692 94692
94619 94619
88777 88777
86948 86948
87630 87630
88266 88266
88584 88584
89477 89477
90402 90402
89374 89374
91804 91804
89975 89975
87655 87655
88352 88352
87983 87983
86835 86835
87219 87219
85297 85297
84770 84770
83517 83517
81354 81354
76607 76607
79632 79632
76855 76855
78986 78986
79163 79163
77814 77814
78975 78975
81837 81837
81967 81967
83604 83604
81921 81921
81593 81593
82234 82234
78787 78787
79715 79715
85175 85175
83750 83750
83520 83520
83672 83672
82214 82214
80038 80038
81430 81430
87965 87965
84550 84550
84593 84593
90158 90158
88710 88710
86598 86598
88166 88166
86725 86725
84378 84378
80127 80127
79235 79235
82918 82918
82585 82585
84881 84881
84428 84428
83048 83048
85345 85345
88164 88164
89350 89350
89120 89120
86877 86877
88453 88453
84307 84307
87008 87008
89945 89945
87733 87733
83341 83341
83315 83315
82983 82983
84499 84499
84386 84386
87769 87769
87702 87702
87106 87106
85887 85887
89421 89421
90397 90397
89728 89728
93705 93705
91361 91361
91785 91785
87593 87593
88021 88021
83710 83710
83092 83092
84775 84775
85246 85246
88950 88950
91658 91658
88569 88569
88205 88205
90810 90810
89246 89246
88178 88178
85887 85887
86049 86049
86134 86134
86659 86659
84796 84796
87726 87726
88914 88914
91696 91696
93081 93081
94099 94099
89077 89077
87371 87371
87413 87413
86336 86336
82537 82537
83382 83382
86305 86305
88680 88680
87786 87786
91008 91008
90057 90057
85225 85225
85990 85990
87964 87964
87238 87238
87635 87635
90150 90150
89096 89096
85596 85596
85531 85531
87252 87252
84810 84810
86747 86747
88011 88011
87376 87376
88868 88868
88622 88622
87126 87126
83697 83697
84836 84836
86075 86075
88626 88626
86842 86842
82073 82073
76124 76124
78734 78734
80500 80500
82965 82965
82653 82653
84477 84477
86262 86262
85329 85329
84799 84799
84208 84208
80219 80219
82488 82488
83571 83571
80912 80912
83104 83104
86499 86499
85596 85596
82985 82985
88187 88187
91948 91948
87628 87628
82287 82287
83900 83900
87426 87426
85728 85728
85714 85714
86143 86143
88704 88704
85635 85635
85469 85469
85521 85521
84997 84997
89220 89220
90450 90450
91164 91164
86991 86991
87116 87116
91926 91926
89249 89249
87246 87246
87281 87281
84025 84025
85919 85919
85842 85842
90839 90839
90861 90861
86230 86230
89425 89425
88727 88727
87432 87432
90745 90745
87200 87200
83540 83540
84835 84835
83917 83917
83144 83144
83245 83245
82776 82776
82807 82807
81230 81230
77339 77339
79116 79116
80152 80152
78930 78930
83434 83434
86076 86076
88168 88168
87825 87825
90261 90261
90917 90917
90809 90809
87989 87989
88085 88085
90610 90610
87567 87567
86143 86143
85277 85277
86174 86174
86872 86872
87143 87143
86750 86750
85563 85563
83146 83146
79649 79649
80503 80503
82039 82039
84451 84451
85065 85065
86349 86349
88449 88449
84985 84985
86076 86076
85360 85360
85999 85999
88500 88500
87371 87371
87351 87351
87915 87915
87002 87002
92372 92372
92637 92637
91389 91389
89995 89995
92661 92661
92151 92151
86234 86234
85712 85712
87145 87145
88096 88096
88276 88276
92121 92121
89081 89081
86870 86870
83649 83649
87643 87643
84086 84086
83392 83392
83168 83168
82976 82976
81137 81137
85234 85234
85472 85472
86497 86497
87069 87069
87500 87500
88781 88781
88955 88955
92416 92416
88119 88119
90157 90157
91414 91414
93136 93136
88875 88875
88702 88702
87150 87150
84005 84005
86207 86207
87912 87912
85745 85745
86957 86957
88654 88654
86356 86356
85548 85548
85312 85312
81572 81572
83368 83368
84757 84757
85296 85296
85758 85758
82709 82709
85190 85190
84226 84226
86574 86574
91534 91534
89766 89766
90795 90795
92152 92152
87645 87645
92041 92041
91559 91559
90005 90005
88645 88645
86935 86935
90779 90779
89620 89620
91516 91516
89466 89466
86199 86199
88202 88202
89920 89920
88345 88345
88358 88358
87087 87087
85370 85370
86366 86366
88247 88247
88298 88298
87416 87416
84538 84538
86015 86015
90101 90101
89326 89326
89490 89490
91083 91083
89473 89473
87145 87145
83766 83766
82203 82203
81864 81864
81921 81921
81361 81361
85202 85202
86687 86687
88030 88030
86578 86578
87895 87895
86085 86085
89075 89075
88462 88462
89738 89738
88014 88014
86222 86222
84896 84896
85376 85376
87731 87731
85443 85443
86303 86303
83150 83150
83394 83394
82230 82230
83727 83727
79681 79681
76863 76863
78568 78568
81666 81666
86619 86619
85982 85982
85832 85832
86250 86250
89577 89577
90987 90987
93647 93647
93403 93403
89537 89537
88995 88995
90800 90800
88266 88266
86036 86036
86328 86328
90111 90111
91008 91008
90178 90178
91184 91184
89257 89257
87857 87857
88193 88193
88751 88751
86386 86386
86744 86744
86179 86179
81164 81164
84323 84323
85048 85048
86538 86538
87463 87463
87829 87829
90985 90985
88818 88818
86209 86209
86740 86740
84923 84923
86594 86594
88215 88215
88861 88861
85821 85821
88172 88172
90053 90053
87268 87268
85329 85329
83076 83076
88655 88655
88684 88684
89524 89524
87107 87107
85453 85453
86157 86157
88383 88383
88566 88566
81341 81341
83090 83090
82827 82827
87399 87399
85264 85264
89540 89540
89866 89866
92788 92788
89941 89941
85416 85416
89031 89031
84552 84552
85152 85152
83210 83210
83869 83869
81410 81410
86440 86440
85445 85445
85480 85480
84264 84264
82515 82515
80575 80575
82678 82678
84457 84457
85702 85702
82609 82609
84364 84364
82523 82523
85480 85480
82529 82529
79923 79923
83211 83211
81606 81606
83435 83435
85455 85455
84447 84447
87744 87744
86213 86213
88139 88139
88523 88523
88171 88171
89963 89963
88352 88352
89097 89097
87135 87135
86170 86170
88503 88503
90472 90472
92371 92371
92813 92813
92879 92879
87964 87964
84966 84966
84021 84021
85827 85827
85804 85804
85730 85730
89098 89098
86212 86212
86519 86519
85316 85316
88651 88651
84346 84346
85045 85045
88721 88721
87680 87680
87128 87128
85848 85848
87350 87350
85471 85471
87159 87159
87004 87004
86332 86332
83940 83940
86080 86080
88578 88578
84368 84368
88536 88536
87019 87019
86695 86695
86621 86621
89732 89732
91281 91281
90214 90214
90364 90364
87736 87736
87821 87821
89647 89647
92233 92233
92259 92259
91980 91980
90360 90360
88927 88927
88472 88472
87497 87497
88910 88910
88510 88510
89461 89461
88246 88246
88985 88985
88937 88937
87109 87109
85784 85784
85574 85574
83506 83506
85472 85472
83959 83959
83431 83431
88806 88806
88013 88013
89238 89238
91196 91196
89739 89739
87004 87004
82492 82492
84466 84466
87383 87383
90183 90183
88344 88344
85299 85299
85409 85409
88057 88057
83395 83395
84221 84221
83318 83318
86411 86411
87068 87068
88520 88520
86932 86932
86997 86997
87471 87471
83380 83380
83084 83084
86343 86343
81549 81549
85042 85042
85510 85510
84625 84625
83305 83305
86085 86085
84757 84757
85584 85584
86400 86400
82646 82646
82536 82536
84998 84998
84593 84593
84395 84395
85789 85789
85680 85680
83738 83738
82733 82733
80530 80530
79901 79901
80442 80442
79162 79162
82851 82851
82403 82403
86088 86088
86659 86659
85501 85501
87812 87812
82998 82998
81660 81660
83201 83201
82233 82233
84189 84189
82137 82137
83026 83026
82649 82649
81280 81280
84976 84976
86488 86488
89051 89051
90231 90231
91757 91757
88683 88683
88439 88439
87703 87703
86702 86702
86420 86420
89584 89584
87158 87158
86404 86404
90402 90402
90618 90618
88622 88622
82497 82497
81109 81109
81242 81242
79919 79919
83973 83973
87389 87389
86345 86345
86064 86064
88088 88088
87321 87321
85706 85706
85295 85295
83104 83104
86770 86770
87263 87263
85903 85903
83453 83453
81195 81195
79106 79106
81244 81244
79390 79390
84350 84350
85865 85865
84622 84622
82685 82685
80497 80497
81380 81380
81203 81203
81023 81023
82068 82068
80399 80399
83334 83334
85244 85244
86707 86707
86103 86103
87916 87916
87707 87707
86009 86009
89104 89104
90186 90186
87879 87879
87807 87807
84766 84766
82569 82569
85510 85510
84577 84577
83102 83102
85589 85589
87645 87645
85350 85350
84726 84726
83711 83711
81796 81796
82409 82409
77691 77691
79571 79571
79598 79598
80273 80273
81614 81614
83837 83837
83760 83760
83427 83427
84934 84934
83581 83581
89123 89123
89932 89932
89889 89889
88073 88073
86145 86145
82764 82764
82672 82672
84242 84242
83908 83908
87158 87158
84833 84833
85909 85909
88759 88759
88672 88672
86603 86603
86820 86820
86280 86280
83806 83806
90801 90801
90416 90416
90537 90537
87097 87097
88437 88437
90489 90489
88369 88369
89391 89391
88785 88785
88214 88214
86831 86831
88340 88340
89740 89740
87670 87670
86472 86472
86673 86673
86401 86401
89510 89510
88530 88530
86644 86644
86140 86140
84072 84072
80150 80150
78823 78823
80604 80604
78512 78512
78529 78529
80250 80250
82966 82966
83443 83443
86966 86966
85140 85140
89750 89750
91596 91596
89602 89602
88379 88379
87337 87337
84028 84028
82898 82898
85588 85588
82734 82734
84602 84602
82739 82739
85701 85701
90342 90342
93754 93754
93718 93718
93990 93990
90331 90331
90390 90390
89542 89542
87830 87830
86307 86307
90599 90599
89322 89322
90070 90070
87499 87499
89014 89014
82924 82924
82219 82219
81649 81649
84488 84488
83724 83724
83430 83430
85770 85770
85844 85844
85737 85737
86502 86502
88440 88440
88965 88965
91976 91976
90702 90702
88550 88550
86491 86491
88298 88298
88362 88362
84465 84465
82546 82546
84596 84596
77053 77053
81008 81008
78680 78680
81438 81438
81551 81551
81026 81026
82759 82759
87161 87161
84598 84598
84747 84747
83509 83509
84046 84046
82807 82807
83930 83930
83401 83401
87817 87817
87063 87063
86681 86681
87489 87489
87074 87074
85948 85948
87429 87429
88348 88348
89680 89680
85409 85409
85699 85699
87825 87825
88880 88880
92942 92942
93283 93283
91289 91289
89235 89235
90104 90104
90166 90166
90203 90203
88716 88716
88207 88207
91931 91931
91904 91904
89107 89107
91718 91718
88923 88923
87889 87889
86245 86245
85254 85254
87878 87878
87472 87472
86716 86716
85471 85471
88750 88750
87124 87124
89802 89802
86699 86699
84170 84170
86640 86640
85417 85417
85373 85373
80364 80364
82599 82599
79519 79519
84097 84097
83786 83786
82194 82194
84027 84027
82330 82330
82606 82606
83302 83302
85916 85916
80619 80619
81517 81517
85479 85479
85499 85499
87141 87141
86942 86942
89103 89103
89393 89393
86968 86968
87504 87504
83497 83497
88047 88047
84621 84621
83340 83340
84776 84776
86391 86391
87209 87209
86089 86089
87287 87287
89473 89473
86461 86461
82858 82858
83000 83000
82875 82875
82273 82273
86183 86183
83683 83683
87043 87043
85343 85343
86498 86498
88343 88343
88428 88428
85303 85303
86089 86089
87485 87485
81643 81643
86074 86074
86755 86755
89285 89285
86403 86403
84718 84718
84884 84884
86517 86517
88199 88199
86276 86276
89398 89398
89001 89001
83498 83498
85688 85688
84929 84929
89575 89575
89549 89549
87547 87547
81454 81454
82146 82146
80364 80364
83830 83830
82219 82219
87406 87406
86812 86812
86251 86251
84077 84077
85546 85546
81850 81850
81265 81265
82337 82337
85829 85829
88094 88094
89829 89829
92339 92339
91388 91388
93057 93057
89550 89550
92527 92527
92222 92222
90201 90201
83259 83259
81456 81456
76922 76922
79654 79654
81935 81935
83695 83695
85278 85278
84222 84222
84794 84794
89153 89153
88451 88451
85282 85282
86254 86254
88602 88602
88787 88787
87835 87835
85376 85376
82058 82058
85252 85252
85824 85824
85983 85983
87186 87186
88335 88335
86388 86388
88095 88095
85180 85180
85411 85411
84385 84385
83545 83545
82686 82686
82886 82886
85866 85866
80884 80884
82912 82912
83763 83763
87427 87427
86449 86449
84818 84818
83686 83686
82866 82866
80177 80177
80811 80811
82781 82781
85241 85241
85270 85270
83977 83977
86777 86777
89476 89476
88170 88170
88551 88551
87017 87017
90137 90137
87957 87957
85424 85424
81218 81218
85122 85122
88016 88016
86138 86138
85347 85347
85357 85357
84944 84944
88310 88310
86353 86353
88447 88447
89023 89023
86555 86555
79327 79327
79078 79078
76975 76975
76876 76876
80530 80530
80629 80629
84850 84850
83338 83338
79615 79615
80617 80617
80059 80059
85994 85994
84910 84910
80843 80843
80155 80155
80263 80263
78438 78438
78826 78826
78435 78435
84742 84742
84842 84842
84559 84559
84762 84762
83970 83970
81615 81615
80151 80151
82483 82483
82246 82246
82309 82309
84917 84917
89431 89431
86905 86905
86971 86971
84228 84228
85362 85362
86099 86099
84922 84922
85128 85128
82437 82437
81398 81398
84409 84409
87909 87909
89153 89153
90134 90134
86909 86909
85607 85607
84530 84530
85558 85558
85325 85325
85246 85246
88359 88359
91011 91011
89801 89801
90091 90091
88210 88210
85063 85063
92421 92421
90735 90735
91785 91785
92348 92348
88861 88861
88614 88614
85769 85769
87354 87354
83222 83222
82544 82544
86144 86144
87800 87800
84090 84090
85178 85178
87494 87494
86067 86067
83394 83394
86438 86438
87920 87920
88054 88054
86154 86154
87684 87684
89346 89346
91925 91925
90248 90248
88755 88755
89337 89337
88193 88193
86060 86060
87181 87181
86260 86260
87350 87350
85885 85885
85409 85409
88731 88731
90145 90145
90404 90404
89337 89337
90184 90184
89555 89555
91201 91201
89713 89713
90691 90691
90306 90306
88437 88437
87632 87632
92424 92424
89873 89873
90593 90593
89698 89698
89590 89590
90715 90715
88723 88723
89461 89461
88292 88292
90119 90119
93136 93136
91634 91634
90544 90544
82432 82432
82921 82921
82730 82730
85156 85156
85442 85442
84368 84368
85387 85387
88541 88541
91631 91631
90716 90716
88285 88285
85419 85419
86606 86606
84367 84367
80470 80470
80990 80990
81911 81911
83701 83701
87442 87442
83768 83768
85260 85260
84435 84435
84813 84813
85322 85322
83774 83774
85935 85935
86965 86965
88054 88054
88584 88584
87815 87815
91274 91274
91957 91957
89928 89928
88084 88084
87828 87828
88316 88316
88772 88772
87575 87575
93203 93203
92117 92117
92839 92839
94945 94945
90187 90187
90996 90996
93964 93964
93104 93104
90613 90613
92426 92426
87493 87493
89281 89281
88608 88608
84653 84653
83444 83444
88338 88338
85919 85919
87693 87693
85842 85842
87349 87349
85883 85883
84913 84913
83926 83926
80613 80613
83949 83949
88834 88834
90701 90701
88873 88873
89830 89830
86706 86706
85225 85225
85249 85249
86167 86167
87648 87648
85136 85136
87041 87041
90255 90255
89563 89563
93883 93883
93383 93383
92755 92755
91812 91812
90762 90762
91732 91732
90839 90839
90086 90086
89072 89072
86959 86959
89046 89046
88618 88618
87307 87307
85988 85988
85178 85178
88924 88924
90003 90003
88648 88648
88499 88499
87972 87972
84434 84434
85425 85425
84920 84920
83370 83370
84315 84315
85676 85676
84415 84415
85723 85723
84064 84064
84868 84868
87299 87299
85542 85542
83772 83772
80364 80364
79771 79771
81940 81940
82156 82156
81014 81014
84077 84077
87576 87576
88983 88983
87771 87771
86355 86355
86758 86758
84846 84846
82259 82259
84736 84736
83561 83561
86132 86132
80781 80781
78125 78125
81556 81556
85076 85076
86844 86844
82749 82749
82495 82495
80569 80569
84461 84461
84339 84339
84641 84641
85282 85282
88569 88569
89894 89894
86564 86564
84159 84159
87375 87375
87096 87096
90222 90222
86241 86241
85716 85716
85759 85759
84005 84005
83614 83614
82798 82798
83252 83252
86708 86708
89112 89112
89006 89006
89516 89516
87633 87633
83214 83214
80598 80598
85624 85624
84858 84858
84227 84227
86090 86090
80198 80198
80587 80587
82472 82472
83069 83069
82853 82853
83454 83454
82485 82485
86982 86982
86871 86871
84761 84761
83541 83541
83364 83364
84161 84161
86570 86570
85445 85445
87102 87102
89645 89645
89616 89616
87025 87025
82671 82671
82131 82131
82822 82822
82181 82181
86669 86669
84626 84626
78004 78004
81728 81728
82691 82691
84771 84771
83813 83813
81742 81742
82281 82281
82761 82761
79909 79909
79274 79274
78864 78864
81168 81168
86316 86316
87188 87188
87064 87064
85929 85929
85061 85061
86475 86475
84468 84468
84383 84383
81849 81849
84536 84536
81163 81163
86561 86561
83862 83862
86166 86166
86080 86080
85509 85509
86097 86097
88933 88933
90451 90451
90982 90982
92725 92725
93750 93750
89228 89228
89252 89252
92265 92265
91077 91077
92757 92757
91693 91693
88144 88144
88980 88980
85269 85269
83544 83544
83449 83449
83157 83157
87861 87861
86080 86080
87117 87117
89149 89149
92890 92890
93715 93715
94261 94261
90159 90159
91212 91212
91227 91227
90442 90442
88190 88190
88592 88592
91127 91127
87620 87620
83372 83372
84484 84484
87331 87331
88272 88272
87423 87423
91272 91272
88923 88923
88205 88205
86780 86780
89599 89599
88665 88665
89539 89539
88911 88911
89174 89174
85656 85656
85970 85970
86637 86637
84422 84422
86698 86698
84801 84801
84933 84933
84161 84161
84933 84933
84158 84158
79088 79088
79367 79367
80577 80577
80130 80130
81697 81697
84927 84927
89036 89036
86216 86216
84340 84340
83981 83981
83246 83246
84950 84950
82304 82304
85976 85976
87313 87313
85872 85872
86559 86559
87707 87707
88743 88743
88962 88962
87675 87675
85418 85418
83202 83202
79922 79922
85184 85184
83667 83667
85899 85899
82871 82871
83670 83670
82758 82758
85443 85443
84674 84674
82837 82837
81723 81723
83424 83424
84965 84965
85093 85093
86434 86434
87066 87066
87890 87890
87483 87483
90597 90597
88236 88236
85815 85815
85096 85096
88251 88251
86712 86712
87317 87317
86313 86313
84136 84136
83676 83676
82552 82552
80098 80098
84185 84185
81513 81513
86624 86624
84684 84684
84775 84775
86112 86112
85437 85437
85197 85197
84122 84122
82139 82139
85969 85969
87168 87168
86432 86432
85272 85272
83802 83802
87189 87189
90848 90848
88446 88446
85857 85857
84454 84454
81712 81712
85155 85155
84546 84546
82876 82876
82825 82825
82500 82500
81530 81530
83316 83316
85763 85763
88280 88280
86495 86495
83302 83302
84360 84360
87771 87771
87042 87042
85216 85216
84331 84331
85153 85153
84049 84049
80350 80350
81071 81071
84452 84452
83546 83546
82055 82055
84124 84124
85132 85132
84381 84381
84190 84190
82227 82227
84794 84794
89138 89138
88072 88072
85919 85919
85623 85623
88669 88669
88811 88811
86663 86663
87700 87700
81385 81385
82128 82128
87358 87358
88629 88629
88160 88160
89805 89805
86240 86240
89073 89073
89332 89332
87377 87377
82732 82732
80836 80836
79057 79057
81315 81315
79053 79053
82559 82559
85926 85926
85312 85312
86426 86426
87810 87810
85972 85972
82111 82111
84519 84519
82515 82515
83547 83547
85424 85424
85157 85157
83497 83497
83736 83736
81030 81030
80891 80891
83746 83746
82371 82371
86901 86901
85213 85213
87281 87281
86850 86850
85789 85789
83282 83282
80527 80527
85747 85747
81359 81359
86511 86511
85280 85280
85069 85069
86232 86232
83706 83706
87436 87436
87954 87954
87626 87626
88320 88320
89124 89124
89650 89650
90479 90479
83720 83720
88997 88997
89006 89006
82713 82713
84051 84051
83131 83131
85296 85296
87412 87412
86485 86485
85296 85296
84287 84287
82410 82410
84802 84802
86657 86657
86478 86478
88243 88243
87596 87596
84485 84485
88059 88059
86685 86685
85180 85180
86274 86274
83268 83268
84232 84232
84454 84454
82536 82536
86080 86080
86896 86896
84842 84842
84011 84011
84037 84037
84757 84757
89865 89865
85241 85241
82710 82710
82897 82897
83175 83175
88055 88055
89524 89524
89202 89202
88579 88579
91140 91140
90936 90936
93016 93016
91820 91820
91409 91409
90675 90675
91179 91179
89945 89945
84746 84746
83282 83282
85514 85514
85052 85052
87363 87363
89585 89585
86245 86245
85402 85402
83939 83939
83483 83483
81786 81786
87309 87309
85882 85882
83023 83023
85449 85449
85266 85266
88296 88296
87718 87718
85359 85359
87555 87555
84678 84678
87195 87195
82187 82187
85643 85643
84812 84812
80072 80072
76622 76622
77988 77988
76646 76646
74918 74918
77739 77739
83574 83574
82038 82038
83001 83001
88065 88065
86733 86733
87793 87793
86759 86759
87047 87047
85307 85307
89307 89307
88239 88239
88237 88237
88513 88513
89744 89744
91229 91229
92041 92041
94724 94724
93367 93367
90570 90570
92623 92623
92264 92264
89766 89766
86478 86478
87593 87593
90478 90478
93805 93805
90579 90579
90201 90201
91758 91758
89113 89113
86371 86371
88890 88890
86967 86967
85798 85798
89740 89740
88028 88028
87540 87540
84304 84304
86218 86218
79184 79184
82192 82192
81629 81629
82647 82647
81509 81509
81685 81685
83166 83166
79323 79323
80482 80482
77719 77719
81389 81389
78738 78738
82137 82137
81955 81955
83057 83057
87665 87665
87787 87787
87808 87808
88673 88673
86331 86331
83774 83774
84737 84737
84333 84333
85277 85277
85604 85604
86201 86201
83410 83410
81456 81456
83398 83398
77682 77682
78655 78655
83824 83824
83824 83824
81118 81118
83905 83905
85051 85051
85128 85128
83380 83380
82638 82638
82141 82141
85152 85152
83438 83438
79554 79554
83341 83341
88485 88485
90707 90707
89219 89219
84473 84473
83485 83485
82543 82543
84244 84244
85043 85043
90951 90951
90347 90347
84172 84172
83672 83672
84228 84228
85162 85162
83969 83969
85756 85756
88924 88924
88184 88184
87981 87981
86483 86483
88978 88978
90579 90579
89544 89544
87659 87659
90626 90626
93021 93021
91050 91050
87425 87425
87477 87477
89256 89256
86756 86756
86907 86907
86053 86053
85588 85588
87093 87093
86590 86590
84809 84809
86055 86055
82565 82565
87919 87919
85769 85769
84220 84220
81557 81557
83842 83842
87445 87445
87266 87266
88088 88088
87325 87325
84645 84645
83667 83667
79561 79561
80999 80999
85103 85103
81262 81262
83047 83047
83877 83877
81482 81482
81061 81061
84778 84778
85820 85820
81316 81316
83378 83378
81663 81663
84314 84314
86323 86323
85965 85965
84638 84638
85820 85820
85799 85799
83949 83949
84849 84849
82846 82846
79329 79329
86608 86608
85260 85260
83928 83928
85591 85591
86369 86369
87234 87234
87395 87395
84751 84751
89925 89925
88083 88083
89110 89110
90386 90386
89568 89568
89690 89690
90608 90608
92472 92472
93256 93256
92987 92987
90431 90431
87137 87137
86240 86240
84641 84641
85569 85569
83285 83285
82587 82587
80276 80276
81707 81707
77780 77780
78228 78228
84451 84451
88155 88155
84825 84825
80046 80046
80969 80969
80817 80817
82869 82869
82313 82313
83983 83983
82292 82292
83629 83629
83640 83640
85438 85438
88298 88298
87853 87853
88012 88012
87887 87887
89287 89287
91657 91657
90588 90588
89271 89271
92228 92228
88260 88260
88009 88009
86596 86596
88219 88219
88518 88518
87701 87701
87757 87757
85342 85342
87626 87626
85890 85890
87828 87828
85611 85611
83591 83591
85761 85761
86611 86611
83843 83843
87524 87524
86730 86730
89917 89917
91617 91617
92108 92108
90599 90599
84697 84697
81064 81064
81358 81358
82628 82628
79857 79857
82969 82969
83203 83203
85700 85700
88892 88892
88830 88830
87623 87623
87062 87062
89049 89049
89485 89485
88931 88931
88818 88818
87191 87191
86171 86171
84726 84726
84694 84694
84033 84033
85682 85682
82380 82380
84207 84207
83870 83870
83074 83074
85744 85744
85395 85395
89453 89453
89479 89479
89809 89809
88953 88953
85987 85987
83388 83388
79768 79768
81434 81434
81498 81498
82499 82499
85226 85226
84814 84814
87020 87020
88471 88471
88335 88335
87931 87931
88416 88416
89482 89482
90346 90346
88072 88072
85738 85738
84332 84332
83498 83498
82753 82753
85165 85165
83983 83983
84275 84275
86115 86115
86682 86682
85823 85823
85958 85958
82623 82623
86452 86452
85564 85564
85055 85055
83187 83187
81214 81214
83689 83689
87641 87641
86231 86231
87904 87904
85765 85765
88244 88244
85441 85441
86913 86913
87485 87485
84198 84198
88548 88548
91489 91489
91577 91577
90031 90031
85377 85377
85004 85004
85269 85269
89978 89978
89700 89700
87658 87658
83503 83503
85381 85381
83773 83773
86723 86723
84862 84862
85333 85333
88364 88364
83454 83454
83875 83875
85677 85677
83208 83208
84252 84252
85825 85825
86810 86810
85247 85247
85400 85400
86297 86297
83879 83879
82694 82694
80662 80662
80129 80129
82427 82427
83656 83656
83466 83466
85854 85854
87073 87073
88104 88104
85669 85669
88860 88860
89580 89580
87219 87219
85133 85133
82241 82241
84514 84514
85134 85134
84026 84026
88696 88696
87408 87408
91339 91339
89988 89988
85795 85795
86061 86061
83577 83577
84452 84452
82879 82879
81963 81963
80743 80743
81799 81799
79010 79010
81104 81104
84667 84667
85374 85374
86709 86709
88405 88405
89239 89239
87450 87450
85122 85122
88640 88640
92192 92192
90909 90909
88167 88167
88038 88038
84736 84736
85025 85025
82895 82895
82582 82582
82584 82584
86642 86642
87079 87079
85947 85947
86122 86122
86533 86533
87093 87093
83124 83124
83518 83518
85591 85591
87644 87644
88624 88624
88526 88526
87674 87674
91997 91997
87672 87672
93420 93420
91945 91945
92249 92249
94882 94882
96130 96130
94805 94805
93323 93323
93129 93129
89818 89818
90526 90526
87531 87531
88116 88116
87648 87648
85927 85927
85976 85976
85989 85989
85845 85845
84649 84649
86436 86436
85955 85955
86181 86181
89665 89665
89737 89737
89673 89673
88101 88101
84080 84080
87679 87679
84174 84174
87126 87126
86991 86991
85941 85941
84196 84196
81374 81374
81856 81856
84952 84952
85072 85072
84213 84213
89145 89145
91795 91795
90622 90622
92841 92841
93936 93936
94016 94016
93349 93349
93678 93678
95173 95173
93695 93695
91295 91295
90278 90278
88850 88850
89523 89523
85724 85724
84495 84495
86764 86764
84377 84377
87390 87390
89621 89621
90405 90405
90207 90207
88471 88471
89590 89590
89368 89368
91240 91240
93641 93641
89770 89770
91127 91127
88861 88861
86920 86920
88272 88272
90317 90317
88767 88767
92317 92317
92882 92882
91193 91193
93083 93083
89490 89490
88695 88695
92216 92216
90670 90670
89368 89368
90645 90645
93700 93700
92103 92103
89236 89236
86415 86415
86103 86103
85978 85978
85449 85449
87832 87832
88891 88891
91256 91256
89774 89774
85296 85296
84537 84537
81107 81107
86720 86720
86731 86731
83494 83494
84663 84663
86808 86808
84586 84586
86518 86518
88795 88795
86108 86108
84681 84681
90001 90001
88931 88931
89877 89877
90162 90162
92252 92252
87364 87364
86803 86803
88769 88769
91318 91318
90565 90565
86643 86643
86952 86952
87085 87085
85744 85744
85281 85281
85193 85193
85277 85277
84617 84617
84936 84936
88180 88180
86508 86508
88957 88957
90110 90110
90511 90511
91768 91768
90794 90794
87861 87861
89235 89235
87966 87966
87396 87396
88696 88696
88269 88269
85872 85872
86332 86332
86946 86946
84801 84801
86240 86240
82366 82366
81943 81943
81189 81189
79458 79458
83989 83989
81462 81462
82581 82581
83477 83477
83466 83466
84385 84385
89496 89496
88279 88279
84928 84928
85699 85699
84884 84884
81359 81359
81052 81052
85760 85760
87015 87015
83640 83640
84953 84953
80564 80564
82086 82086
80604 80604
77889 77889
76488 76488
77530 77530
80873 80873
79883 79883
79618 79618
78188 78188
83077 83077
80873 80873
80585 80585
82987 82987
83400 83400
84202 84202
84475 84475
83883 83883
87840 87840
82997 82997
86921 86921
89540 89540
80090 80090
83659 83659
88838 88838
89687 89687
88246 88246
88048 88048
90898 90898
94017 94017
91973 91973
88497 88497
87240 87240
85726 85726
84515 84515
77257 77257
79812 79812
81561 81561
82039 82039
80894 80894
80221 80221
83420 83420
81257 81257
84308 84308
83482 83482
82990 82990
82093 82093
83985 83985
84866 84866
87697 87697
86646 86646
86165 86165
90772 90772
89156 89156
90212 90212
89945 89945
87565 87565
84587 84587
83510 83510
85060 85060
83990 83990
85126 85126
82021 82021
85088 85088
89044 89044
86096 86096
84032 84032
83624 83624
85810 85810
86682 86682
88023 88023
84512 84512
87956 87956
84279 84279
81825 81825
78473 78473
83138 83138
87110 87110
88052 88052
90497 90497
89882 89882
88901 88901
89589 89589
89054 89054
84381 84381
88132 88132
83707 83707
83027 83027
81895 81895
82591 82591
79164 79164
79292 79292
81128 81128
80694 80694
84093 84093
85350 85350
82436 82436
84312 84312
84301 84301
83990 83990
86355 86355
86228 86228
85054 85054
87419 87419
86225 86225
87050 87050
86293 86293
90093 90093
88408 88408
89146 89146
88513 88513
89845 89845
90871 90871
90891 90891
92223 92223
88933 88933
89016 89016
86594 86594
85792 85792
86476 86476
85138 85138
88113 88113
86738 86738
86102 86102
83591 83591
82023 82023
82284 82284
81098 81098
82328 82328
84891 84891
85985 85985
80977 80977
81140 81140
80684 80684
88548 88548
87334 87334
86498 86498
85877 85877
83390 83390
83003 83003
81857 81857
82004 82004
79704 79704
85572 85572
87532 87532
86515 86515
86319 86319
83706 83706
85426 85426
81972 81972
85439 85439
86989 86989
87068 87068
90518 90518
90243 90243
90528 90528
90857 90857
94268 94268
94604 94604
94662 94662
85346 85346
87389 87389
85581 85581
83832 83832
83631 83631
84819 84819
83393 83393
80157 80157
79811 79811
80188 80188
81366 81366
79256 79256
83232 83232
85334 85334
82417 82417
83980 83980
85918 85918
89438 89438
85820 85820
86743 86743
88817 88817
88558 88558
87330 87330
85364 85364
83809 83809
85367 85367
86538 86538
87363 87363
88701 88701
85813 85813
84597 84597
86922 86922
90604 90604
87452 87452
87225 87225
89837 89837
87285 87285
86296 86296
82744 82744
84324 84324
85131 85131
85501 85501
85022 85022
87074 87074
85944 85944
83931 83931
83804 83804
85681 85681
82144 82144
84305 84305
85842 85842
86459 86459
89722 89722
88095 88095
87456 87456
88306 88306
91229 91229
88297 88297
86114 86114
89639 89639
87721 87721
86451 86451
86707 86707
86459 86459
85918 85918
85148 85148
82383 82383
86821 86821
83905 83905
84167 84167
84296 84296
83060 83060
85103 85103
84768 84768
86435 86435
84455 84455
86575 86575
81632 81632
80643 80643
81751 81751
84872 84872
86763 86763
85380 85380
86512 86512
87131 87131
82833 82833
82379 82379
83942 83942
86105 86105
86208 86208
85235 85235
84166 84166
84869 84869
83094 83094
80667 80667
77125 77125
78200 78200
76962 76962
72643 72643
75722 75722
79058 79058
80874 80874
86797 86797
86986 86986
88541 88541
86997 86997
89931 89931
83378 83378
82111 82111
81954 81954
81072 81072
79818 79818
82989 82989
85873 85873
83299 83299
82788 82788
83984 83984
87884 87884
85056 85056
83882 83882
82084 82084
84159 84159
85382 85382
84240 84240
82264 82264
83337 83337
83902 83902
85935 85935
85467 85467
85539 85539
85887 85887
88555 88555
88366 88366
85485 85485
86583 86583
86489 86489
85939 85939
87866 87866
91876 91876
91555 91555
92153 92153
95387 95387
88978 88978
92428 92428
90498 90498
88959 88959
86095 86095
85505 85505
85297 85297
87393 87393
84076 84076
79975 79975
84970 84970
84401 84401
85754 85754
87397 87397
88692 88692
88812 88812
86763 86763
86091 86091
88799 88799
87040 87040
82750 82750
85525 85525
85658 85658
85170 85170
82705 82705
84707 84707
84691 84691
86172 86172
84158 84158
80155 80155
80300 80300
82474 82474
84372 84372
81477 81477
83210 83210
84805 84805
85565 85565
88486 88486
89054 89054
85419 85419
85915 85915
85981 85981
86696 86696
85633 85633
89839 89839
89058 89058
90452 90452
87273 87273
87815 87815
86399 86399
87795 87795
86009 86009
87160 87160
87912 87912
87284 87284
89190 89190
88177 88177
88917 88917
90511 90511
89598 89598
87299 87299
86520 86520
83680 83680
82453 82453
83666 83666
84524 84524
81947 81947
82377 82377
87864 87864
89167 89167
91097 91097
93745 93745
95186 95186
94574 94574
92542 92542
92418 92418
89008 89008
87440 87440
88216 88216
90119 90119
85750 85750
84897 84897
81011 81011
81196 81196
84341 84341
87634 87634
89429 89429
84293 84293
82103 82103
82683 82683
84114 84114
87516 87516
86707 86707
85807 85807
81963 81963
90031 90031
93086 93086
90780 90780
90541 90541
87586 87586
83588 83588
82487 82487
87680 87680
91186 91186
90329 90329
86712 86712
90986 90986
87977 87977
91231 91231
93077 93077
89853 89853
85813 85813
84548 84548
85634 85634
87685 87685
85421 85421
88725 88725
89190 89190
88523 88523
87212 87212
85388 85388
87608 87608
85022 85022
88396 88396
89984 89984
91469 91469
90812 90812
94666 94666
92286 92286
93404 93404
88981 88981
89258 89258
88873 88873
89008 89008
88400 88400
80693 80693
78181 78181
78269 78269
78006 78006
78420 78420
79430 79430
79401 79401
78677 78677
77187 77187
77052 77052
81458 81458
84469 84469
84743 84743
84588 84588
82388 82388
83193 83193
84212 84212
83112 83112
85832 85832
87434 87434
85037 85037
84620 84620
86075 86075
83384 83384
86559 86559
89929 89929
90938 90938
92160 92160
88984 88984
85647 85647
85796 85796
81080 81080
80244 80244
79663 79663
82052 82052
76895 76895
81164 81164
78157 78157
80928 80928
81525 81525
85012 85012
83341 83341
89237 89237
89729 89729
88540 88540
90458 90458
90366 90366
86932 86932
87484 87484
84929 84929
81627 81627
85560 85560
88034 88034
86872 86872
84673 84673
85122 85122
85900 85900
88745 88745
89772 89772
90913 90913
92240 92240
95337 95337
98254 98254
94311 94311
90413 90413
92187 92187
96811 96811
94927 94927
92831 92831
89989 89989
90341 90341
91213 91213
87850 87850
88790 88790
87425 87425
87239 87239
87623 87623
88678 88678
85475 85475
85256 85256
85323 85323
86900 86900
87164 87164
85376 85376
89305 89305
91043 91043
92011 92011
92279 92279
90767 90767
91919 91919
91755 91755
91147 91147
85493 85493
87021 87021
87556 87556
87142 87142
87879 87879
87596 87596
86866 86866
84798 84798
86129 86129
82694 82694
84358 84358
87667 87667
85974 85974
85427 85427
83200 83200
86753 86753
86469 86469
82123 82123
85422 85422
86249 86249
87793 87793
87800 87800
88588 88588
86646 86646
89156 89156
89310 89310
88394 88394
86749 86749
86644 86644
88520 88520
89747 89747
89954 89954
88098 88098
86580 86580
89638 89638
87293 87293
86141 86141
86718 86718
86497 86497
82466 82466
85493 85493
86085 86085
85745 85745
86878 86878
84870 84870
86012 86012
88694 88694
85904 85904
88640 88640
85749 85749
86569 86569
86458 86458
84317 84317
88957 88957
88400 88400
86071 86071
83508 83508
85615 85615
83235 83235
83075 83075
84334 84334
78346 78346
78698 78698
81674 81674
81475 81475
79993 79993
80597 80597
83048 83048
83802 83802
83831 83831
81466 81466
83300 83300
82054 82054
84218 84218
80911 80911
82492 82492
86025 86025
88327 88327
85596 85596
86210 86210
86575 86575
86088 86088
85336 85336
84796 84796
87645 87645
90960 90960
88349 88349
88125 88125
90925 90925
92602 92602
94115 94115
89842 89842
91164 91164
90841 90841
87185 87185
85853 85853
79674 79674
79842 79842
80134 80134
80191 80191
84220 84220
84832 84832
90127 90127
87886 87886
86292 86292
85395 85395
86514 86514
88841 88841
89688 89688
93200 93200
92307 92307
89425 89425
86036 86036
89236 89236
88497 88497
89065 89065
90031 90031
89300 89300
89033 89033
90212 90212
89555 89555
86246 86246
83821 83821
84307 84307
81682 81682
81071 81071
80326 80326
81324 81324
87394 87394
92107 92107
86833 86833
84836 84836
79973 79973
81131 81131
83767 83767
84263 84263
84662 84662
80849 80849
78193 78193
80604 80604
84324 84324
78222 78222
81331 81331
79602 79602
79844 79844
80502 80502
79752 79752
81998 81998
81477 81477
84620 84620
85717 85717
84435 84435
85491 85491
82329 82329
82911 82911
86244 86244
88862 88862
85648 85648
83021 83021
83394 83394
81808 81808
81734 81734
78692 78692
80985 80985
81437 81437
81253 81253
82906 82906
83899 83899
83854 83854
80734 80734
81359 81359
83555 83555
84786 84786
85996 85996
84747 84747
83836 83836
87701 87701
87573 87573
83144 83144
86737 86737
87287 87287
83962 83962
83872 83872
84728 84728
86708 86708
87764 87764
86149 86149
84060 84060
83340 83340
79250 79250
79629 79629
86462 86462
86175 86175
87460 87460
88827 88827
88912 88912
90875 90875
89664 89664
86162 86162
85684 85684
85204 85204
82546 82546
89137 89137
89526 89526
89426 89426
89802 89802
88583 88583
88833 88833
85976 85976
88240 88240
84971 84971
88457 88457
87567 87567
90037 90037
88654 88654
86990 86990
84632 84632
88921 88921
85724 85724
87249 87249
86981 86981
86129 86129
83991 83991
88237 88237
85864 85864
88738 88738
86132 86132
86324 86324
87774 87774
88707 88707
84844 84844
89122 89122
85946 85946
87123 87123
85035 85035
84146 84146
84904 84904
88195 88195
87335 87335
85871 85871
82230 82230
80359 80359
83317 83317
82581 82581
80186 80186
79743 79743
79742 79742
79310 79310
84265 84265
82406 82406
83127 83127
83283 83283
85883 85883
86705 86705
90639 90639
90914 90914
90585 90585
91282 91282
91437 91437
91612 91612
90706 90706
90864 90864
91592 91592
88030 88030
88650 88650
84981 84981
85166 85166
84547 84547
88607 88607
91165 91165
94705 94705
94036 94036
89766 89766
88719 88719
85391 85391
87502 87502
90888 90888
87837 87837
85822 85822
85529 85529
81229 81229
83727 83727
82120 82120
81878 81878
83510 83510
84499 84499
85942 85942
84937 84937
84030 84030
81488 81488
79573 79573
77463 77463
80849 80849
81186 81186
81516 81516
85712 85712
84387 84387
84357 84357
82829 82829
85104 85104
84307 84307
83778 83778
83454 83454
86118 86118
87099 87099
86948 86948
88955 88955
90881 90881
85772 85772
88542 88542
90028 90028
87103 87103
85140 85140
84977 84977
84766 84766
83923 83923
84250 84250
86138 86138
82037 82037
82182 82182
81666 81666
85396 85396
89279 89279
89590 89590
87286 87286
86693 86693
86724 86724
83730 83730
80187 80187
79646 79646
85176 85176
89009 89009
90419 90419
86676 86676
84595 84595
88182 88182
92556 92556
93183 93183
93879 93879
90273 90273
90925 90925
85449 85449
87467 87467
88145 88145
91186 91186
92735 92735
90004 90004
86186 86186
85037 85037
87604 87604
91963 91963
89904 89904
85436 85436
88201 88201
88087 88087
86795 86795
85625 85625
86422 86422
85248 85248
86538 86538
87482 87482
90122 90122
91413 91413
86879 86879
87434 87434
88493 88493
89115 89115
85589 85589
86191 86191
86942 86942
87981 87981
86023 86023
82081 82081
84270 84270
83121 83121
84126 84126
88292 88292
90784 90784
88802 88802
88428 88428
89946 89946
90369 90369
88306 88306
92728 92728
89113 89113
93327 93327
90681 90681
93547 93547
98585 98585
96445 96445
92675 92675
91835 91835
88689 88689
88480 88480
89904 89904
86048 86048
87515 87515
90477 90477
87897 87897
92415 92415
90058 90058
89862 89862
86389 86389
86080 86080
84376 84376
82530 82530
83631 83631
87085 87085
84847 84847
83980 83980
87876 87876
88036 88036
85492 85492
86442 86442
90468 90468
86075 86075
87556 87556
90915 90915
86957 86957
86842 86842
90398 90398
86230 86230
86860 86860
85523 85523
86835 86835
87055 87055
83337 83337
82012 82012
81134 81134
85974 85974
84499 84499
84149 84149
84317 84317
86187 86187
87826 87826
84275 84275
88241 88241
85612 85612
83810 83810
82981 82981
84815 84815
90137 90137
91807 91807
92829 92829
90355 90355
90557 90557
88529 88529
86929 86929
85102 85102
85817 85817
89564 89564
89842 89842
91188 91188
92585 92585
93499 93499
90452 90452
86937 86937
85193 85193
88451 88451
85925 85925
86148 86148
85012 85012
88830 88830
89783 89783
90287 90287
88260 88260
90703 90703
91812 91812
91859 91859
89531 89531
89638 89638
88327 88327
88854 88854
89428 89428
89942 89942
86142 86142
89546 89546
88844 88844
90101 90101
91694 91694
87862 87862
87723 87723
86691 86691
88213 88213
83021 83021
84800 84800
82841 82841
84025 84025
86053 86053
85482 85482
87016 87016
84033 84033
85939 85939
89046 89046
84780 84780
86039 86039
87616 87616
88773 88773
86908 86908
81556 81556
83234 83234
85786 85786
85812 85812
86861 86861
85562 85562
87243 87243
86880 86880
88889 88889
85759 85759
85423 85423
85822 85822
86165 86165
92001 92001
93397 93397
91823 91823
91073 91073
88781 88781
90415 90415
91411 91411
90728 90728
89607 89607
89765 89765
88955 88955
86499 86499
82947 82947
82513 82513
82037 82037
84216 84216
84673 84673
84412 84412
82999 82999
81834 81834
83626 83626
79034 79034
78553 78553
78525 78525
80749 80749
80048 80048
83029 83029
83836 83836
84264 84264
85109 85109
90145 90145
86225 86225
87119 87119
88719 88719
88160 88160
88368 88368
87274 87274
85221 85221
84741 84741
85791 85791
89359 89359
89705 89705
90249 90249
92584 92584
88894 88894
87118 87118
89675 89675
86711 86711
85612 85612
85065 85065
82139 82139
83728 83728
81763 81763
87405 87405
88141 88141
88186 88186
85060 85060
84015 84015
84202 84202
83171 83171
82620 82620
85587 85587
86250 86250
87435 87435
88478 88478
88201 88201
83626 83626
83401 83401
84770 84770
89644 89644
89971 89971
87648 87648
88676 88676
83966 83966
84895 84895
82070 82070
85108 85108
85736 85736
89679 89679
90631 90631
88826 88826
87581 87581
85252 85252
85605 85605
86548 86548
87465 87465
87756 87756
89658 89658
89549 89549
87375 87375
84838 84838
87867 87867
88024 88024
89453 89453
90794 90794
88405 88405
88297 88297
86091 86091
89328 89328
87334 87334
85062 85062
88664 88664
86840 86840
83097 83097
83811 83811
86091 86091
83971 83971
87068 87068
88203 88203
88962 88962
85791 85791
85588 85588
85155 85155
84251 84251
82058 82058
81007 81007
83096 83096
81505 81505
81155 81155
82805 82805
88348 88348
86841 86841
89199 89199
88793 88793
86977 86977
88057 88057
91356 91356
90336 90336
91330 91330
92333 92333
92988 92988
94256 94256
93704 93704
92308 92308
88032 88032
83945 83945
89067 89067
91605 91605
87459 87459
85143 85143
83907 83907
83906 83906
77771 77771
79309 79309
82760 82760
84583 84583
86903 86903
84779 84779
81451 81451
81547 81547
76930 76930
76381 76381
76276 76276
74662 74662
75591 75591
79281 79281
82772 82772
84100 84100
83423 83423
87202 87202
86726 86726
88839 88839
89908 89908
86655 86655
89210 89210
89158 89158
89793 89793
90796 90796
92190 92190
92345 92345
90546 90546
91336 91336
92361 92361
94991 94991
91648 91648
90094 90094
95686 95686
93489 93489
91764 91764
91839 91839
86551 86551
89267 89267
88296 88296
90837 90837
87045 87045
84182 84182
84135 84135
83257 83257
81475 81475
82956 82956
81069 81069
79298 79298
83483 83483
84496 84496
87170 87170
87872 87872
85860 85860
86369 86369
87433 87433
87141 87141
88964 88964
91704 91704
90166 90166
89381 89381
88643 88643
88901 88901
86476 86476
85680 85680
90137 90137
88985 88985
89632 89632
89776 89776
88751 88751
86662 86662
90226 90226
89657 89657
90545 90545
91550 91550
92873 92873
89042 89042
89792 89792
90278 90278
87583 87583
90392 90392
90948 90948
89618 89618
89575 89575
87100 87100
85491 85491
85153 85153
84744 84744
86873 86873
88839 88839
87806 87806
86197 86197
90190 90190
89219 89219
88583 88583
87388 87388
87293 87293
84456 84456
83847 83847
84676 84676
85565 85565
84025 84025
87120 87120
89506 89506
88034 88034
87263 87263
87025 87025
84488 84488
88992 88992
89548 89548
89355 89355
89393 89393
91661 91661
90561 90561
88256 88256
89495 89495
88496 88496
87366 87366
85737 85737
82973 82973
82945 82945
82719 82719
83082 83082
84519 84519
85230 85230
84149 84149
81857 81857
83019 83019
83132 83132
84401 84401
87625 87625
88679 88679
87840 87840
89615 89615
89206 89206
83423 83423
82659 82659
83932 83932
80787 80787
81334 81334
78826 78826
79809 79809
78415 78415
81703 81703
82549 82549
85170 85170
86583 86583
88773 88773
87978 87978
88945 88945
85752 85752
86032 86032
87425 87425
86644 86644
90014 90014
92682 92682
96942 96942
92446 92446
90601 90601
94675 94675
95123 95123
92379 92379
91709 91709
88674 88674
91162 91162
91197 91197
87788 87788
92176 92176
90724 90724
90214 90214
85670 85670
84359 84359
85824 85824
83428 83428
82669 82669
81342 81342
82003 82003
84586 84586
85982 85982
85569 85569
84737 84737
84744 84744
85383 85383
84949 84949
85809 85809
84130 84130
83434 83434
84627 84627
85240 85240
83158 83158
86367 86367
89456 89456
89061 89061
84432 84432
83748 83748
77812 77812
77853 77853
79906 79906
83037 83037
84080 84080
85351 85351
85953 85953
89174 89174
89377 89377
84684 84684
85735 85735
82528 82528
81359 81359
85144 85144
85462 85462
86982 86982
86569 86569
92050 92050
89089 89089
88219 88219
88695 88695
85550 85550
83980 83980
84586 84586
77541 77541
80877 80877
79992 79992
81334 81334
82189 82189
84062 84062
87358 87358
82017 82017
84080 84080
83370 83370
80599 80599
85030 85030
83675 83675
85042 85042
87486 87486
86295 86295
88043 88043
88644 88644
85517 85517
85849 85849
86172 86172
86268 86268
82889 82889
82333 82333
78612 78612
84202 84202
85827 85827
83185 83185
82413 82413
81257 81257
80017 80017
79370 79370
81452 81452
82873 82873
83025 83025
82628 82628
86898 86898
85648 85648
86116 86116
82783 82783
85250 85250
86897 86897
84323 84323
82179 82179
85433 85433
87113 87113
89340 89340
89526 89526
91082 91082
87798 87798
90678 90678
84619 84619
84242 84242
84505 84505
89677 89677
86990 86990
85543 85543
88912 88912
90302 90302
90046 90046
90824 90824
91105 91105
91335 91335
88857 88857
91350 91350
89634 89634
88564 88564
90647 90647
89922 89922
91347 91347
86473 86473
87067 87067
91399 91399
85396 85396
85637 85637
84330 84330
83673 83673
80598 80598
85279 85279
85715 85715
84423 84423
89112 89112
87576 87576
87474 87474
89966 89966
89939 89939
89383 89383
90025 90025
90070 90070
90742 90742
88001 88001
90950 90950
94075 94075
92827 92827
94039 94039
88248 88248
86472 86472
85338 85338
88014 88014
89208 89208
90729 90729
87539 87539
88346 88346
85991 85991
85863 85863
89298 89298
89215 89215
90255 90255
91700 91700
89795 89795
85340 85340
88687 88687
86357 86357
89837 89837
90062 90062
88983 88983
86745 86745
88742 88742
89484 89484
89116 89116
88319 88319
83561 83561
83445 83445
83149 83149
83074 83074
84742 84742
83602 83602
82141 82141
83609 83609
90688 90688
93736 93736
94352 94352
91289 91289
90970 90970
89066 89066
85385 85385
86028 86028
85048 85048
82548 82548
86531 86531
88158 88158
86389 86389
84887 84887
85482 85482
83376 83376
86536 86536
88415 88415
90792 90792
92172 92172
91860 91860
88953 88953
89775 89775
88725 88725
82775 82775
83954 83954
84937 84937
85918 85918
91997 91997
91510 91510
89526 89526
88381 88381
84486 84486
85569 85569
83268 83268
81405 81405
83274 83274
84629 84629
84729 84729
85650 85650
85376 85376
89034 89034
91078 91078
89156 89156
85744 85744
87424 87424
86936 86936
87082 87082
86539 86539
83072 83072
85331 85331
88516 88516
85645 85645
88891 88891
90366 90366
90687 90687
86551 86551
87865 87865
88308 88308
85430 85430
87397 87397
87324 87324
89968 89968
87753 87753
87856 87856
86737 86737
87022 87022
88214 88214
87947 87947
87256 87256
85910 85910
84611 84611
87004 87004
89364 89364
91460 91460
93180 93180
88793 88793
88618 88618
89187 89187
88238 88238
88438 88438
86981 86981
89989 89989
91010 91010
85330 85330
84947 84947
87814 87814
84139 84139
83784 83784
84567 84567
81123 81123
81903 81903
77972 77972
78389 78389
82279 82279
86107 86107
88473 88473
92644 92644
93027 93027
90348 90348
88276 88276
83420 83420
83884 83884
85028 85028
84442 84442
84322 84322
82994 82994
80270 80270
81476 81476
79460 79460
80405 80405
81450 81450
88641 88641
89206 89206
88321 88321
85518 85518
83906 83906
87810 87810
84864 84864
85404 85404
86045 86045
84574 84574
84878 84878
85097 85097
84241 84241
82457 82457
81149 81149
83121 83121
86606 86606
87659 87659
89812 89812
89357 89357
89913 89913
84308 84308
81985 81985
80491 80491
84100 84100
88166 88166
85413 85413
81533 81533
83709 83709
80732 80732
80306 80306
79730 79730
75289 75289
79259 79259
83677 83677
83034 83034
83766 83766
84968 84968
92231 92231
90503 90503
88540 88540
90752 90752
91965 91965
90546 90546
90942 90942
90163 90163
94621 94621
96468 96468
92381 92381
92904 92904
94375 94375
91683 91683
87405 87405
82305 82305
83384 83384
84296 84296
90139 90139
87796 87796
85927 85927
89060 89060
87478 87478
91049 91049
87532 87532
85050 85050
82988 82988
85811 85811
88506 88506
86615 86615
83640 83640
80526 80526
83309 83309
85128 85128
83282 83282
84579 84579
86963 86963
84198 84198
85186 85186
83976 83976
83078 83078
85276 85276
86507 86507
85741 85741
86967 86967
87317 87317
85926 85926
85630 85630
85959 85959
90302 90302
91474 91474
94582 94582
95459 95459
91925 91925
92287 92287
90644 90644
90014 90014
89373 89373
88590 88590
88638 88638
87294 87294
86732 86732
83913 83913
88050 88050
87444 87444
88344 88344
86896 86896
86774 86774
87961 87961
89270 89270
87097 87097
85588 85588
86948 86948
89750 89750
88078 88078
87609 87609
84370 84370
85376 85376
81695 81695
81192 81192
81629 81629
81109 81109
83121 83121
83765 83765
86327 86327
86714 86714
85886 85886
86186 86186
87877 87877
86388 86388
83434 83434
85704 85704
85296 85296
89042 89042
89048 89048
86639 86639
83119 83119
86586 86586
80191 80191
82042 82042
83924 83924
84387 84387
87715 87715
90161 90161
90809 90809
86937 86937
87289 87289
84745 84745
83814 83814
81434 81434
79840 79840
81761 81761
81111 81111
85280 85280
85916 85916
86716 86716
82968 82968
86319 86319
85805 85805
86060 86060
91060 91060
88342 88342
86490 86490
84696 84696
87224 87224
86405 86405
87282 87282
87568 87568
85350 85350
82823 82823
79256 79256
80035 80035
84169 84169
83091 83091
84475 84475
87538 87538
90230 90230
89328 89328
90194 90194
89594 89594
86203 86203
85462 85462
85506 85506
85176 85176
91363 91363
90928 90928
87819 87819
87221 87221
87858 87858
85685 85685
85734 85734
85976 85976
86399 86399
85453 85453
86038 86038
87210 87210
85583 85583
85547 85547
84600 84600
82420 82420
82841 82841
83097 83097
83463 83463
85310 85310
82860 82860
82485 82485
83074 83074
84862 84862
83017 83017
86764 86764
84577 84577
87255 87255
88508 88508
88932 88932
86518 86518
89026 89026
89739 89739
88834 88834
86213 86213
86268 86268
86983 86983
86565 86565
85052 85052
86424 86424
88396 88396
91289 91289
91663 91663
91783 91783
89279 89279
89280 89280
88895 88895
87217 87217
87613 87613
88342 88342
88250 88250
86838 86838
84473 84473
89623 89623
87188 87188
83176 83176
85975 85975
87682 87682
86697 86697
85382 85382
89076 89076
89352 89352
84824 84824
84259 84259
83820 83820
81345 81345
83341 83341
85973 85973
86277 86277
85626 85626
88720 88720
84217 84217
83488 83488
85406 85406
83596 83596
83413 83413
83278 83278
82778 82778
88285 88285
85787 85787
85037 85037
83790 83790
85254 85254
84702 84702
84865 84865
87088 87088
90490 90490
93060 93060
97028 97028
93446 93446
91718 91718
86290 86290
86235 86235
86777 86777
84414 84414
86895 86895
91257 91257
91566 91566
89673 89673
88882 88882
87532 87532
83344 83344
88562 88562
88739 88739
86519 86519
87226 87226
85378 85378
86244 86244
84685 84685
87258 87258
85988 85988
86140 86140
85898 85898
85962 85962
83751 83751
81938 81938
78600 78600
79823 79823
82038 82038
79177 79177
80479 80479
82352 82352
85348 85348
85884 85884
87744 87744
85487 85487
84420 84420
83033 83033
85881 85881
91157 91157
90354 90354
90449 90449
88135 88135
89161 89161
87626 87626
89607 89607
90784 90784
88411 88411
88562 88562
88115 88115
89911 89911
87495 87495
88046 88046
85867 85867
86192 86192
88121 88121
89173 89173
87653 87653
86344 86344
85057 85057
89836 89836
89233 89233
90459 90459
91186 91186
92434 92434
92778 92778
93911 93911
94173 94173
89772 89772
85745 85745
81128 81128
86850 86850
86632 86632
85775 85775
85558 85558
83100 83100
83725 83725
87870 87870
90222 90222
91774 91774
91949 91949
91204 91204
93828 93828
93415 93415
92456 92456
93761 93761
91444 91444
89769 89769
88984 88984
89075 89075
85690 85690
88913 88913
86759 86759
89521 89521
90434 90434
91878 91878
91243 91243
92993 92993
91892 91892
90443 90443
91359 91359
90019 90019
91554 91554
94296 94296
93129 93129
93559 93559
93579 93579
89927 89927
90959 90959
90404 90404
86776 86776
90585 90585
90050 90050
88188 88188
88128 88128
89851 89851
90544 90544
87573 87573
86755 86755
88357 88357
88976 88976
89974 89974
89112 89112
88501 88501
84519 84519
87428 87428
85787 85787
87808 87808
89423 89423
88062 88062
82877 82877
81795 81795
80373 80373
82855 82855
82390 82390
86990 86990
85138 85138
84129 84129
81950 81950
83651 83651
81731 81731
84842 84842
84709 84709
87552 87552
85861 85861
83254 83254
83088 83088
82534 82534
85701 85701
86083 86083
85623 85623
87307 87307
86887 86887
89502 89502
88312 88312
88987 88987
87456 87456
83354 83354
81421 81421
84081 84081
85012 85012
85024 85024
83018 83018
83768 83768
86833 86833
81599 81599
84790 84790
86008 86008
87845 87845
91833 91833
89599 89599
90989 90989
94233 94233
94772 94772
89881 89881
85799 85799
81636 81636
86352 86352
89436 89436
89435 89435
87980 87980
86116 86116
87795 87795
86922 86922
88924 88924
86001 86001
83962 83962
86962 86962
87764 87764
88683 88683
89734 89734
89508 89508
83890 83890
81991 81991
85370 85370
87009 87009
87630 87630
89309 89309
84727 84727
87101 87101
86674 86674
89104 89104
86047 86047
84427 84427
81968 81968
80232 80232
81169 81169
76357 76357
79836 79836
80216 80216
80281 80281
79846 79846
83278 83278
87516 87516
86722 86722
87351 87351
87048 87048
85830 85830
86954 86954
88698 88698
90551 90551
90997 90997
91116 91116
95118 95118
89051 89051
90694 90694
89325 89325
89629 89629
86947 86947
88902 88902
87557 87557
85143 85143
87561 87561
86359 86359
83251 83251
83831 83831
82340 82340
82992 82992
84408 84408
86795 86795
84272 84272
82577 82577
87067 87067
86761 86761
86210 86210
86494 86494
85869 85869
85643 85643
88409 88409
88559 88559
86729 86729
87177 87177
88650 88650
83530 83530
83648 83648
85382 85382
83726 83726
88364 88364
88094 88094
88100 88100
91368 91368
88070 88070
88325 88325
90108 90108
88689 88689
83046 83046
81625 81625
85566 85566
84065 84065
82179 82179
82140 82140
84244 84244
85387 85387
84410 84410
88778 88778
89232 89232
87982 87982
93086 93086
92130 92130
92007 92007
85787 85787
85218 85218
87721 87721
87981 87981
90859 90859
88862 88862
87422 87422
89165 89165
90514 90514
89868 89868
93194 93194
91668 91668
86437 86437
88269 88269
88399 88399
87394 87394
88270 88270
86024 86024
84122 84122
85115 85115
86969 86969
86350 86350
85784 85784
87746 87746
90844 90844
86657 86657
88819 88819
88531 88531
89769 89769
89299 89299
87335 87335
85353 85353
86258 86258
89470 89470
89458 89458
86124 86124
81585 81585
83907 83907
86389 86389
87724 87724
82917 82917
84821 84821
80895 80895
82132 82132
86567 86567
87793 87793
93468 93468
90869 90869
86625 86625
85641 85641
84770 84770
85950 85950
87584 87584
84846 84846
88620 88620
89171 89171
93187 93187
89101 89101
89026 89026
88150 88150
86446 86446
85555 85555
86751 86751
86266 86266
81694 81694
81598 81598
83683 83683
78808 78808
82213 82213
78815 78815
79825 79825
80594 80594
83707 83707
83872 83872
83639 83639
86110 86110
86627 86627
87047 87047
89456 89456
89325 89325
91084 91084
92724 92724
89838 89838
90110 90110
88497 88497
85586 85586
84779 84779
85309 85309
86588 86588
82777 82777
80647 80647
77344 77344
78321 78321
77686 77686
77361 77361
77595 77595
80383 80383
81200 81200
82100 82100
83545 83545
83603 83603
82160 82160
83708 83708
84607 84607
84898 84898
83830 83830
82272 82272
84371 84371
82842 82842
80471 80471
79369 79369
84281 84281
84829 84829
84991 84991
83198 83198
80580 80580
79561 79561
79865 79865
81435 81435
79231 79231
78605 78605
82441 82441
81337 81337
80035 80035
79570 79570
80677 80677
74324 74324
77545 77545
78265 78265
81978 81978
84738 84738
81579 81579
86516 86516
86293 86293
89874 89874
92205 92205
92566 92566
88111 88111
86476 86476
88004 88004
89114 89114
91363 91363
92971 92971
92367 92367
93263 93263
94198 94198
90984 90984
90712 90712
89299 89299
87776 87776
87650 87650
92199 92199
92701 92701
89159 89159
92495 92495
95175 95175
93157 93157
88278 88278
87653 87653
84022 84022
86076 86076
84922 84922
85644 85644
87546 87546
86717 86717
86859 86859
83239 83239
80857 80857
82034 82034
85326 85326
85387 85387
85880 85880
82613 82613
83729 83729
84845 84845
87011 87011
87331 87331
85615 85615
84047 84047
82080 82080
83348 83348
82925 82925
81376 81376
85734 85734
84232 84232
79182 79182
81179 81179
83109 83109
82946 82946
81129 81129
83609 83609
81504 81504
83995 83995
79697 79697
83650 83650
85674 85674
83254 83254
84958 84958
86628 86628
85712 85712
84931 84931
82634 82634
84926 84926
85981 85981
82190 82190
82850 82850
88042 88042
89631 89631
86450 86450
84598 84598
83472 83472
81492 81492
83175 83175
86060 86060
84607 84607
88608 88608
90173 90173
88798 88798
87146 87146
84230 84230
86489 86489
83701 83701
85771 85771
85233 85233
84970 84970
83897 83897
88715 88715
86035 86035
86701 86701
86184 86184
88149 88149
87026 87026
85841 85841
84986 84986
84802 84802
83984 83984
80410 80410
83064 83064
80569 80569
85449 85449
85675 85675
83902 83902
83455 83455
84769 84769
84677 84677
81071 81071
86979 86979
87248 87248
87370 87370
88106 88106
87837 87837
85909 85909
83859 83859
85529 85529
85843 85843
85907 85907
87193 87193
86443 86443
85630 85630
82786 82786
82672 82672
82282 82282
82508 82508
81648 81648
78828 78828
81945 81945
81679 81679
82029 82029
81401 81401
78685 78685
79459 79459
76082 76082
76794 76794
78155 78155
79313 79313
79312 79312
79527 79527
81502 81502
80658 80658
84669 84669
83495 83495
82528 82528
81426 81426
85151 85151
87451 87451
86459 86459
84713 84713
86433 86433
83924 83924
86581 86581
85716 85716
83993 83993
78013 78013
75385 75385
84089 84089
84216 84216
86128 86128
82739 82739
84992 84992
86426 86426
84983 84983
85807 85807
86504 86504
87293 87293
86416 86416
84975 84975
82953 82953
82461 82461
83655 83655
86199 86199
87625 87625
86686 86686
87058 87058
84588 84588
80263 80263
81924 81924
80417 80417
85011 85011
85707 85707
89210 89210
88324 88324
85536 85536
88111 88111
87159 87159
90099 90099
90784 90784
90445 90445
88089 88089
85451 85451
86164 86164
86081 86081
83174 83174
78676 78676
81005 81005
83202 83202
81466 81466
83164 83164
85153 85153
86131 86131
84587 84587
83107 83107
84370 84370
83895 83895
85495 85495
88949 88949
89618 89618
87084 87084
85468 85468
85098 85098
82557 82557
83985 83985
82012 82012
86239 86239
85607 85607
83733 83733
80694 80694
83227 83227
84704 84704
79891 79891
78704 78704
80708 80708
79332 79332
81399 81399
84930 84930
87683 87683
88645 88645
86216 86216
82598 82598
80945 80945
82079 82079
86022 86022
86430 86430
87094 87094
84541 84541
82715 82715
84723 84723
85752 85752
85085 85085
84289 84289
79564 79564
83433 83433
79342 79342
81294 81294
80184 80184
82370 82370
83872 83872
82695 82695
80925 80925
84381 84381
88705 88705
88715 88715
90287 90287
89336 89336
89004 89004
85922 85922
88906 88906
94746 94746
94323 94323
93832 93832
92854 92854
90212 90212
92973 92973
92759 92759
93777 93777
90025 90025
89524 89524
88175 88175
87937 87937
88057 88057
84289 84289
83770 83770
84313 84313
87105 87105
83425 83425
85483 85483
87471 87471
87926 87926
89739 89739
89141 89141
87735 87735
92114 92114
89293 89293
89739 89739
86043 86043
81366 81366
86168 86168
85739 85739
88541 88541
89379 89379
86788 86788
86327 86327
87353 87353
84053 84053
88717 88717
86306 86306
80466 80466
83654 83654
81091 81091
81434 81434
81859 81859
84314 84314
84301 84301
83635 83635
86763 86763
87199 87199
81895 81895
81630 81630
80048 80048
81572 81572
80396 80396
80588 80588
80103 80103
80736 80736
81677 81677
80891 80891
82279 82279
85881 85881
86884 86884
83486 83486
81725 81725
84495 84495
81677 81677
81513 81513
84607 84607
82444 82444
83126 83126
81482 81482
81003 81003
80620 80620
87066 87066
91580 91580
91769 91769
88257 88257
88471 88471
88924 88924
87136 87136
89276 89276
86288 86288
86987 86987
86449 86449
85479 85479
88224 88224
86944 86944
89570 89570
88618 88618
86999 86999
86855 86855
88747 88747
88848 88848
91223 91223
91690 91690
92500 92500
88827 88827
91497 91497
88777 88777
85679 85679
87139 87139
88810 88810
90483 90483
89701 89701
87226 87226
84766 84766
83844 83844
85302 85302
86831 86831
85547 85547
85647 85647
85692 85692
83632 83632
85185 85185
87059 87059
88976 88976
89533 89533
86948 86948
83990 83990
84121 84121
85715 85715
86949 86949
86937 86937
86654 86654
88102 88102
88391 88391
89307 89307
88180 88180
85016 85016
86105 86105
83525 83525
80362 80362
77604 77604
81382 81382
78244 78244
78217 78217
80715 80715
81954 81954
87814 87814
87957 87957
84701 84701
81842 81842
85278 85278
88726 88726
92416 92416
89866 89866
86425 86425
87132 87132
87532 87532
85897 85897
87686 87686
83863 83863
80714 80714
77890 77890
76688 76688
76086 76086
82889 82889
84298 84298
81739 81739
84031 84031
89272 89272
91591 91591
90099 90099
89173 89173
87036 87036
87446 87446
88450 88450
89936 89936
88759 88759
87524 87524
84695 84695
84863 84863
85445 85445
86713 86713
85391 85391
82942 82942
82450 82450
85570 85570
87496 87496
87500 87500
89124 89124
89403 89403
90456 90456
87076 87076
88040 88040
88133 88133
84642 84642
85586 85586
84823 84823
86916 86916
85048 85048
83291 83291
87441 87441
88572 88572
89744 89744
88678 88678
85700 85700
85687 85687
87226 87226
86699 86699
82780 82780
82041 82041
82099 82099
83349 83349
82843 82843
82316 82316
82207 82207
83755 83755
82024 82024
78060 78060
80705 80705
79431 79431
77647 77647
78208 78208
81751 81751
82345 82345
80404 80404
80969 80969
79751 79751
84181 84181
78333 78333
79625 79625
80343 80343
82310 82310
82465 82465
84040 84040
85909 85909
87116 87116
86741 86741
86086 86086
86004 86004
89232 89232
89406 89406
87556 87556
90178 90178
88408 88408
88238 88238
87318 87318
89697 89697
85737 85737
83643 83643
84423 84423
83669 83669
82770 82770
82105 82105
85472 85472
84474 84474
82320 82320
82229 82229
82003 82003
81981 81981
84403 84403
86443 86443
85672 85672
83770 83770
81736 81736
83699 83699
84070 84070
83886 83886
82567 82567
82197 82197
81868 81868
80751 80751
79675 79675
79884 79884
81992 81992
84239 84239
88615 88615
87759 87759
88789 88789
89773 89773
86174 86174
87176 87176
84543 84543
88327 88327
87700 87700
87131 87131
84787 84787
86073 86073
86437 86437
84180 84180
82087 82087
85409 85409
89780 89780
89818 89818
85002 85002
88576 88576
92070 92070
94381 94381
92514 92514
91321 91321
88087 88087
85422 85422
83300 83300
83773 83773
84870 84870
85688 85688
86752 86752
89719 89719
91130 91130
91360 91360
91365 91365
91067 91067
92890 92890
87458 87458
86200 86200
90839 90839
89578 89578
87430 87430
86633 86633
87566 87566
86934 86934
87967 87967
84244 84244
86680 86680
86799 86799
84958 84958
88186 88186
85914 85914
84745 84745
85907 85907
86884 86884
88949 88949
86448 86448
85590 85590
82345 82345
79978 79978
82008 82008
79824 79824
80409 80409
82876 82876
81725 81725
80123 80123
78852 78852
83747 83747
83497 83497
80672 80672
77460 77460
78225 78225
82200 82200
79519 79519
79654 79654
84268 84268
82418 82418
79874 79874
85474 85474
80921 80921
74813 74813
76122 76122
77991 77991
82583 82583
84146 84146
85569 85569
85092 85092
87075 87075
84147 84147
82210 82210
81126 81126
84094 84094
80166 80166
79169 79169
79155 79155
82986 82986
86086 86086
83636 83636
84901 84901
85900 85900
84004 84004
85875 85875
84371 84371
85679 85679
84550 84550
85876 85876
85492 85492
82156 82156
82302 82302
84982 84982
88511 88511
87613 87613
86352 86352
86309 86309
88347 88347
87382 87382
93341 93341
90641 90641
88133 88133
89989 89989
93453 93453
92142 92142
88230 88230
89405 89405
90362 90362
91626 91626
91097 91097
90158 90158
90056 90056
91114 91114
91304 91304
83029 83029
81540 81540
86121 86121
87081 87081
86394 86394
83926 83926
86941 86941
83572 83572
84437 84437
80943 80943
87277 87277
90242 90242
90161 90161
88234 88234
87989 87989
86821 86821
89905 89905
89667 89667
87853 87853
87917 87917
87064 87064
90444 90444
87898 87898
85220 85220
82678 82678
80961 80961
82482 82482
81161 81161
87215 87215
85850 85850
84518 84518
83889 83889
82565 82565
82102 82102
85309 85309
83351 83351
83892 83892
87424 87424
89242 89242
88864 88864
88470 88470
89960 89960
93063 93063
87699 87699
82285 82285
86649 86649
87911 87911
84130 84130
83620 83620
86002 86002
89713 89713
87483 87483
87530 87530
86502 86502
88100 88100
86559 86559
84076 84076
88212 88212
86200 86200
83317 83317
82711 82711
80627 80627
86175 86175
84725 84725
86688 86688
85718 85718
85190 85190
82158 82158
83651 83651
88013 88013
90966 90966
87159 87159
85687 85687
83327 83327
81559 81559
81411 81411
84974 84974
82352 82352
81590 81590
84539 84539
83711 83711
79477 79477
83747 83747
81551 81551
85261 85261
82312 82312
82684 82684
81005 81005
82650 82650
80934 80934
82498 82498
83324 83324
82146 82146
85171 85171
81931 81931
82713 82713
86603 86603
86371 86371
86240 86240
86079 86079
86256 86256
83825 83825
83486 83486
82393 82393
80325 80325
83978 83978
83377 83377
83241 83241
81784 81784
82011 82011
84954 84954
83464 83464
82308 82308
83666 83666
82827 82827
82364 82364
86079 86079
83938 83938
81586 81586
83264 83264
83285 83285
81619 81619
83770 83770
84595 84595
86258 86258
83226 83226
87277 87277
89122 89122
93443 93443
90456 90456
88687 88687
88448 88448
89570 89570
88834 88834
91513 91513
91823 91823
87980 87980
86608 86608
85253 85253
84054 84054
85376 85376
85581 85581
86281 86281
86005 86005
85687 85687
86601 86601
85591 85591
90283 90283
90696 90696
89007 89007
90260 90260
91225 91225
92025 92025
91670 91670
93468 93468
93099 93099
88371 88371
91293 91293
92786 92786
91548 91548
92002 92002
92107 92107
90532 90532
86808 86808
85913 85913
84348 84348
79430 79430
83840 83840
84382 84382
86882 86882
89154 89154
85500 85500
84794 84794
84492 84492
84266 84266
87349 87349
86732 86732
83357 83357
85828 85828
89417 89417
90045 90045
90495 90495
90108 90108
91926 91926
93021 93021
92851 92851
91388 91388
92929 92929
91008 91008
89976 89976
91262 91262
88698 88698
89573 89573
91252 91252
91908 91908
92055 92055
86488 86488
87915 87915
87960 87960
87474 87474
90981 90981
94236 94236
93685 93685
92780 92780
91316 91316
90076 90076
93286 93286
92928 92928
94075 94075
92666 92666
92074 92074
92357 92357
95428 95428
93116 93116
92261 92261
92628 92628
93834 93834
89111 89111
85327 85327
84287 84287
83598 83598
85881 85881
83608 83608
88902 88902
86347 86347
85200 85200
84981 84981
88807 88807
89023 89023
87998 87998
85614 85614
81401 81401
84483 84483
85135 85135
84904 84904
85804 85804
83091 83091
87205 87205
85605 85605
85052 85052
80439 80439
81156 81156
81868 81868
86062 86062
79861 79861
84272 84272
82491 82491
82109 82109
85159 85159
87195 87195
82551 82551
81485 81485
80741 80741
80855 80855
85629 85629
84995 84995
81650 81650
81047 81047
81484 81484
83660 83660
83082 83082
83503 83503
83331 83331
85450 85450
82983 82983
84486 84486
85544 85544
88099 88099
87482 87482
91480 91480
91206 91206
88725 88725
87116 87116
86874 86874
86452 86452
87154 87154
86158 86158
87913 87913
88313 88313
88074 88074
89780 89780
84529 84529
86090 86090
87274 87274
81454 81454
81753 81753
81541 81541
79413 79413
84246 84246
85484 85484
88990 88990
87676 87676
86050 86050
86035 86035
84275 84275
82161 82161
79947 79947
78830 78830
76625 76625
80338 80338
79523 79523
83099 83099
81211 81211
84535 84535
88751 88751
88314 88314
86992 86992
84194 84194
85361 85361
85312 85312
83531 83531
83418 83418
86097 86097
85399 85399
86371 86371
83256 83256
86250 86250
85132 85132
85778 85778
86850 86850
85724 85724
85154 85154
87412 87412
