107705
75142 75142
76063 76063
78224 78224
80058 80058
83654 83654
85225 85225
88759 88759
89135 89135
90868 90868
91750 91750
93609 93609
94551 94551
95617 95617
96432 96432
96928 96928
97033 97033
99036 99036
99635 99635
99760 99760
102136 102136
103115 103115
103115 103115
103115 103115
103115 103115
103115 103115
103115 103115
103115 103115
103228 103228
103228 103228
103228 103228
103228 103228
103228 103228
103228 103228
103228 103228
103228 103228
103228 103228
103228 103228
103232 103232
103259 103259
103773 103773
104410 104410
104410 104410
104410 104410
104410 104410
104410 104410
104410 104410
104414 104414
104414 104414
104414 104414
104414 104414
104414 104414
104414 104414
104414 104414
104414 104414
104414 104414
104414 104414
104414 104414
104414 104414
104414 104414
104414 104414
104414 104414
104557 104557
104557 104557
104622 104622
104622 104622
104622 104622
104622 104622
104622 104622
104622 104622
104622 104622
104622 104622
104622 104622
104622 104622
104622 104622
104622 104622
104622 104622
104622 104622
104622 104622
104622 104622
104622 104622
104622 104622
104622 104622
104635 104635
104635 104635
104654 104654
104712 104712
104795 104795
104795 104795
104795 104795
104795 104795
104795 104795
104795 104795
104795 104795
104795 104795
104795 104795
104795 104795
104795 104795
104795 104795
104795 104795
104795 104795
104795 104795
104795 104795
104795 104795
104795 104795
104991 104991
104991 104991
104991 104991
104991 104991
105050 105050
105050 105050
105050 105050
105050 105050
105050 105050
105050 105050
105050 105050
105050 105050
105050 105050
105050 105050
105230 105230
105230 105230
105230 105230
105230 105230
105230 105230
105230 105230
105230 105230
105230 105230
105230 105230
105540 105540
105541 105541
105541 105541
105541 105541
105541 105541
105541 105541
105541 105541
105541 105541
105541 105541
105541 105541
105541 105541
105541 105541
105541 105541
105541 105541
105541 105541
105541 105541
105541 105541
105541 105541
105541 105541
105541 105541
105541 105541
105541 105541
105541 105541
105881 105881
105881 105881
105959 105959
105959 105959
105959 105959
105959 105959
105959 105959
105959 105959
105959 105959
105959 105959
105959 105959
105959 105959
105959 105959
105959 105959
105959 105959
105959 105959
105959 105959
105959 105959
105959 105959
105959 105959
105959 105959
105961 105961
105961 105961
105961 105961
106361 106361
106361 106361
106361 106361
106361 106361
106361 106361
106361 106361
106361 106361
106361 106361
106361 106361
106361 106361
106361 106361
106361 106361
106361 106361
106361 106361
106361 106361
106361 106361
106361 106361
106361 106361
106361 106361
106361 106361
106361 106361
106361 106361
106361 106361
106361 106361
106361 106361
106361 106361
106361 106361
106361 106361
106361 106361
106361 106361
106361 106361
106361 106361
106375 106375
106375 106375
106375 106375
106375 106375
106375 106375
106375 106375
106375 106375
106375 106375
106375 106375
106375 106375
106522 106522
106522 106522
106522 106522
106522 106522
106522 106522
106522 106522
106522 106522
106522 106522
106522 106522
106522 106522
106522 106522
106522 106522
106522 106522
106522 106522
106522 106522
106522 106522
106522 106522
106522 106522
106522 106522
106522 106522
106532 106532
106556 106556
106799 106799
106799 106799
107101 107101
107101 107101
107101 107101
107101 107101
107101 107101
107101 107101
107101 107101
107101 107101
107101 107101
107101 107101
107101 107101
107101 107101
107101 107101
107101 107101
107101 107101
107101 107101
107101 107101
107101 107101
107101 107101
107101 107101
107101 107101
107101 107101
107101 107101
107101 107101
107101 107101
107101 107101
107101 107101
107101 107101
107101 107101
107101 107101
107101 107101
107101 107101
107101 107101
107101 107101
107101 107101
107101 107101
107101 107101
107101 107101
107101 107101
107101 107101
107101 107101
107101 107101
107101 107101
107101 107101
107101 107101
107101 107101
107101 107101
107101 107101
107101 107101
107101 107101
107101 107101
107101 107101
107101 107101
107101 107101
107101 107101
107101 107101
107101 107101
107101 107101
107101 107101
107101 107101
107101 107101
107101 107101
107101 107101
107101 107101
107101 107101
107101 107101
107408 107408
107408 107408
107408 107408
107408 107408
107408 107408
107408 107408
107408 107408
107408 107408
107408 107408
107408 107408
107408 107408
107408 107408
107556 107556
107556 107556
107556 107556
107556 107556
107556 107556
107556 107556
107556 107556
107556 107556
107556 107556
107556 107556
107556 107556
107556 107556
107556 107556
107556 107556
107556 107556
107556 107556
107556 107556
107556 107556
107556 107556
107556 107556
107556 107556
107556 107556
107556 107556
107556 107556
107556 107556
107556 107556
107556 107556
107556 107556
107556 107556
107556 107556
107556 107556
107556 107556
107556 107556
107556 107556
107556 107556
107556 107556
107556 107556
107556 107556
107556 107556
107556 107556
107556 107556
107556 107556
107556 107556
107556 107556
107556 107556
107556 107556
107556 107556
107556 107556
107556 107556
107556 107556
107556 107556
107556 107556
107556 107556
107556 107556
107556 107556
107556 107556
107556 107556
107556 107556
107556 107556
107556 107556
107556 107556
107556 107556
107556 107556
107556 107556
107556 107556
107556 107556
107556 107556
107556 107556
107556 107556
107556 107556
107556 107556
107556 107556
107556 107556
107556 107556
107556 107556
107556 107556
107556 107556
107556 107556
107556 107556
107556 107556
107556 107556
107556 107556
107556 107556
107556 107556
107556 107556
107556 107556
107556 107556
107556 107556
107556 107556
107556 107556
107556 107556
107556 107556
107556 107556
107556 107556
107556 107556
107556 107556
107556 107556
107556 107556
107556 107556
107556 107556
107556 107556
107556 107556
107556 107556
107556 107556
107556 107556
107556 107556
107556 107556
107556 107556
107556 107556
107556 107556
107556 107556
107556 107556
107556 107556
107556 107556
107556 107556
107556 107556
107556 107556
107556 107556
107556 107556
107556 107556
107556 107556
107556 107556
107556 107556
107556 107556
107556 107556
107556 107556
107556 107556
107556 107556
107556 107556
107556 107556
107556 107556
107556 107556
107556 107556
107556 107556
107556 107556
107556 107556
107556 107556
107556 107556
107556 107556
107556 107556
107556 107556
107556 107556
107556 107556
107556 107556
107556 107556
107556 107556
107556 107556
107556 107556
107556 107556
107556 107556
107556 107556
107556 107556
107556 107556
107556 107556
107556 107556
107556 107556
107556 107556
107556 107556
107556 107556
107556 107556
107556 107556
107556 107556
107556 107556
107556 107556
107556 107556
107556 107556
107556 107556
107556 107556
107556 107556
107556 107556
107556 107556
107556 107556
107556 107556
107556 107556
107556 107556
107556 107556
107556 107556
107556 107556
107556 107556
107556 107556
107556 107556
107556 107556
107556 107556
107556 107556
107556 107556
107556 107556
107556 107556
107556 107556
107556 107556
107556 107556
107556 107556
107556 107556
107556 107556
107556 107556
107556 107556
107556 107556
107556 107556
107556 107556
107556 107556
107556 107556
107556 107556
107556 107556
107556 107556
107556 107556
107556 107556
107556 107556
107556 107556
107556 107556
107556 107556
107556 107556
107556 107556
107556 107556
107556 107556
107556 107556
107556 107556
107556 107556
107556 107556
107556 107556
107556 107556
107556 107556
107556 107556
107556 107556
107556 107556
107556 107556
107556 107556
107556 107556
107556 107556
107556 107556
107556 107556
107556 107556
107556 107556
107556 107556
107556 107556
107556 107556
107556 107556
107556 107556
107556 107556
107556 107556
107556 107556
107556 107556
107556 107556
107556 107556
107556 107556
107556 107556
107556 107556
107556 107556
107556 107556
107556 107556
107556 107556
107556 107556
107556 107556
107556 107556
107556 107556
107556 107556
107556 107556
107556 107556
107556 107556
107556 107556
107556 107556
107556 107556
107556 107556
107556 107556
107556 107556
107556 107556
107556 107556
107556 107556
107556 107556
107556 107556
107556 107556
107556 107556
107556 107556
107556 107556
107556 107556
107556 107556
107556 107556
107556 107556
107556 107556
107556 107556
107556 107556
107556 107556
107556 107556
107556 107556
107556 107556
107556 107556
107556 107556
107556 107556
107556 107556
107556 107556
107556 107556
107556 107556
107556 107556
107556 107556
107556 107556
107556 107556
107556 107556
107556 107556
107556 107556
107556 107556
107556 107556
107556 107556
107556 107556
107556 107556
107556 107556
107556 107556
107556 107556
107556 107556
107556 107556
107556 107556
107556 107556
107556 107556
107556 107556
107556 107556
107556 107556
107556 107556
107556 107556
107556 107556
107556 107556
107556 107556
107556 107556
107556 107556
107556 107556
107556 107556
107556 107556
107556 107556
107556 107556
107556 107556
107556 107556
107556 107556
107556 107556
107556 107556
107556 107556
107556 107556
107556 107556
107556 107556
107556 107556
107556 107556
107556 107556
107556 107556
107556 107556
107556 107556
107556 107556
107556 107556
107556 107556
107556 107556
107556 107556
107556 107556
107556 107556
107556 107556
107556 107556
107556 107556
107556 107556
107556 107556
107556 107556
107556 107556
107556 107556
107556 107556
107556 107556
107556 107556
107556 107556
107556 107556
107556 107556
107556 107556
107556 107556
107556 107556
107556 107556
107556 107556
107556 107556
107556 107556
107556 107556
107556 107556
107556 107556
107556 107556
107556 107556
107556 107556
107556 107556
107556 107556
107556 107556
107556 107556
107556 107556
107556 107556
107556 107556
107556 107556
107556 107556
107556 107556
107556 107556
107556 107556
107556 107556
107556 107556
107556 107556
107556 107556
107556 107556
107556 107556
107662 107662
107662 107662
107662 107662
107662 107662
107662 107662
107662 107662
107662 107662
107662 107662
107662 107662
107662 107662
107662 107662
107662 107662
107662 107662
107662 107662
107662 107662
107662 107662
107662 107662
107662 107662
107662 107662
107662 107662
107662 107662
107662 107662
107662 107662
107662 107662
107662 107662
107662 107662
107662 107662
107662 107662
107662 107662
107662 107662
107662 107662
107662 107662
107662 107662
107662 107662
107662 107662
107662 107662
107662 107662
107662 107662
107662 107662
107662 107662
107662 107662
107662 107662
107662 107662
107662 107662
107662 107662
107662 107662
107662 107662
107662 107662
107662 107662
107662 107662
107662 107662
107662 107662
107662 107662
107662 107662
107662 107662
107662 107662
107662 107662
107662 107662
107662 107662
107662 107662
107662 107662
107662 107662
107662 107662
107662 107662
107662 107662
107662 107662
107662 107662
107662 107662
107662 107662
107662 107662
107662 107662
107662 107662
107662 107662
107662 107662
107662 107662
107662 107662
107662 107662
107662 107662
107662 107662
107662 107662
107662 107662
107662 107662
107662 107662
107662 107662
107662 107662
107662 107662
107662 107662
107662 107662
107662 107662
107662 107662
107662 107662
107662 107662
107662 107662
107662 107662
107662 107662
107662 107662
107662 107662
107662 107662
107662 107662
107662 107662
107662 107662
107662 107662
107662 107662
107662 107662
107662 107662
107662 107662
107662 107662
107662 107662
107662 107662
107662 107662
107662 107662
107662 107662
107662 107662
107662 107662
107662 107662
107662 107662
107662 107662
107662 107662
107662 107662
107662 107662
107662 107662
107662 107662
107662 107662
107662 107662
107662 107662
107662 107662
107662 107662
107662 107662
107662 107662
107662 107662
107662 107662
107662 107662
107662 107662
107662 107662
107662 107662
107662 107662
107662 107662
107662 107662
107662 107662
107662 107662
107662 107662
107662 107662
107662 107662
107662 107662
107662 107662
107662 107662
107662 107662
107662 107662
107662 107662
107662 107662
107662 107662
107662 107662
107662 107662
107662 107662
107662 107662
107662 107662
107662 107662
107662 107662
107662 107662
107662 107662
107662 107662
107662 107662
107662 107662
107662 107662
107662 107662
107662 107662
107662 107662
107662 107662
107662 107662
107662 107662
107662 107662
107662 107662
107662 107662
107662 107662
107662 107662
107662 107662
107662 107662
107662 107662
107662 107662
107662 107662
107662 107662
107662 107662
107662 107662
107662 107662
107662 107662
107662 107662
107662 107662
107662 107662
107662 107662
107662 107662
107662 107662
107662 107662
107662 107662
107662 107662
107662 107662
107662 107662
107662 107662
107662 107662
107662 107662
107662 107662
107662 107662
107662 107662
107662 107662
107662 107662
107662 107662
107662 107662
107662 107662
107662 107662
107662 107662
107662 107662
107662 107662
107662 107662
107662 107662
107662 107662
107662 107662
107662 107662
107662 107662
107662 107662
107662 107662
107662 107662
107662 107662
107662 107662
107662 107662
107662 107662
107662 107662
107662 107662
107662 107662
107662 107662
107662 107662
107662 107662
107662 107662
107662 107662
107662 107662
107662 107662
107662 107662
107662 107662
107662 107662
107662 107662
107662 107662
107662 107662
107662 107662
107662 107662
107662 107662
107662 107662
107662 107662
107662 107662
107662 107662
107662 107662
107662 107662
107662 107662
107662 107662
107662 107662
107662 107662
107662 107662
107662 107662
107662 107662
107662 107662
107662 107662
107662 107662
107662 107662
107662 107662
107662 107662
107662 107662
107662 107662
107662 107662
107662 107662
107662 107662
107662 107662
107662 107662
107662 107662
107662 107662
107662 107662
107662 107662
107662 107662
107662 107662
107662 107662
107662 107662
107662 107662
107662 107662
107662 107662
107662 107662
107662 107662
107662 107662
107662 107662
107662 107662
107662 107662
107662 107662
107662 107662
107662 107662
107662 107662
107662 107662
107662 107662
107662 107662
107662 107662
107662 107662
107662 107662
107702 107702
107702 107702
107702 107702
107702 107702
107702 107702
107702 107702
107702 107702
107702 107702
107702 107702
107702 107702
107702 107702
107702 107702
107702 107702
107705 107705
107705 107705
107705 107705
107705 107705
107705 107705
107705 107705
107705 107705
107705 107705
107705 107705
107705 107705
107705 107705
107705 107705
107705 107705
107705 107705
107705 107705
107705 107705
107705 107705
107705 107705
107705 107705
107705 107705
107705 107705
107705 107705
107705 107705
107705 107705
107705 107705
107705 107705
107705 107705
107705 107705
107705 107705
107705 107705
107705 107705
107705 107705
107705 107705
107705 107705
107705 107705
107705 107705
107705 107705
107705 107705
107705 107705
107705 107705
107705 107705
107705 107705
107705 107705
107705 107705
107705 107705
107705 107705
107705 107705
107705 107705
107705 107705
107705 107705
107705 107705
107705 107705
107705 107705
107705 107705
107705 107705
107705 107705
107705 107705
107705 107705
107705 107705
107705 107705
107705 107705
107705 107705
107705 107705
107705 107705
107705 107705
107705 107705
107705 107705
107705 107705
107705 107705
107705 107705
107705 107705
107705 107705
107705 107705
107705 107705
107705 107705
107705 107705
107705 107705
107705 107705
107705 107705
107705 107705
107705 107705
107705 107705
