135195
85840 85840
89139 89139
95699 95699
97468 97468
104124 104124
108355 108355
108506 108506
112158 112158
113062 113062
115396 115396
115967 115967
116335 116335
118263 118263
120861 120861
121964 121964
122634 122634
123846 123846
124153 124153
124272 124272
124751 124751
127164 127164
127164 127164
127164 127164
127164 127164
127219 127219
127219 127219
127219 127219
127219 127219
127855 127855
127855 127855
127891 127891
128370 128370
128439 128439
128696 128696
129141 129141
129974 129974
130017 130017
130072 130072
130274 130274
130960 130960
130997 130997
131221 131221
131226 131226
131226 131226
131226 131226
131226 131226
131226 131226
131226 131226
131226 131226
131226 131226
131226 131226
131226 131226
131226 131226
131226 131226
131226 131226
131226 131226
131226 131226
131226 131226
131226 131226
131226 131226
131226 131226
131226 131226
131226 131226
131325 131325
132015 132015
132015 132015
132015 132015
132015 132015
132015 132015
132015 132015
132015 132015
132015 132015
132015 132015
132015 132015
132015 132015
132015 132015
132015 132015
132015 132015
132015 132015
132015 132015
132015 132015
132015 132015
132015 132015
132015 132015
132269 132269
132339 132339
132378 132378
132378 132378
132378 132378
132378 132378
132378 132378
132378 132378
132378 132378
132378 132378
132378 132378
132378 132378
132378 132378
132378 132378
132378 132378
132378 132378
132378 132378
132378 132378
132378 132378
132378 132378
132378 132378
132378 132378
132717 132717
132851 132851
133108 133108
133108 133108
133108 133108
133108 133108
133108 133108
133108 133108
133108 133108
133108 133108
133108 133108
133108 133108
133108 133108
133108 133108
133108 133108
133108 133108
133108 133108
133108 133108
133108 133108
133108 133108
133190 133190
133190 133190
133190 133190
133240 133240
133240 133240
133240 133240
133240 133240
133240 133240
133240 133240
133240 133240
133240 133240
133240 133240
133240 133240
133240 133240
133240 133240
133240 133240
133240 133240
133240 133240
133240 133240
133240 133240
133240 133240
133240 133240
133240 133240
133240 133240
133240 133240
133240 133240
133240 133240
133240 133240
133240 133240
133240 133240
133240 133240
133240 133240
133240 133240
133240 133240
133240 133240
133240 133240
133240 133240
133240 133240
133240 133240
133240 133240
133240 133240
133240 133240
133240 133240
133240 133240
133240 133240
133240 133240
133240 133240
133240 133240
133316 133316
133316 133316
133316 133316
133316 133316
133316 133316
133316 133316
133316 133316
133316 133316
133316 133316
133316 133316
133455 133455
133455 133455
133455 133455
133455 133455
133455 133455
133455 133455
133455 133455
133455 133455
133455 133455
133455 133455
133455 133455
133455 133455
133455 133455
133455 133455
133455 133455
133455 133455
133455 133455
133455 133455
133455 133455
133455 133455
133455 133455
133455 133455
133455 133455
133455 133455
133455 133455
133521 133521
133521 133521
133521 133521
133521 133521
133521 133521
133521 133521
133521 133521
133521 133521
134085 134085
134085 134085
134085 134085
134085 134085
134085 134085
134085 134085
134085 134085
134085 134085
134085 134085
134085 134085
134085 134085
134085 134085
134085 134085
134085 134085
134085 134085
134085 134085
134085 134085
134085 134085
134085 134085
134085 134085
134085 134085
134085 134085
134085 134085
134211 134211
134211 134211
134211 134211
134211 134211
134211 134211
134211 134211
134211 134211
134211 134211
134211 134211
134211 134211
134211 134211
134211 134211
134211 134211
134211 134211
134211 134211
134211 134211
134211 134211
134211 134211
134211 134211
134211 134211
134310 134310
134310 134310
134310 134310
134310 134310
134310 134310
134310 134310
134310 134310
134310 134310
134310 134310
134310 134310
134310 134310
134310 134310
134310 134310
134310 134310
134310 134310
134310 134310
134324 134324
134324 134324
134324 134324
134324 134324
134324 134324
134324 134324
134324 134324
134324 134324
134324 134324
134324 134324
134324 134324
134324 134324
134324 134324
134324 134324
134324 134324
134324 134324
134324 134324
134324 134324
134324 134324
134324 134324
134324 134324
134324 134324
134324 134324
134324 134324
134324 134324
134324 134324
134324 134324
134324 134324
134324 134324
134324 134324
134324 134324
134324 134324
134324 134324
134324 134324
134324 134324
134324 134324
134324 134324
134324 134324
134324 134324
134324 134324
134324 134324
134324 134324
134324 134324
134324 134324
134324 134324
134324 134324
134324 134324
134324 134324
134324 134324
134324 134324
134324 134324
134324 134324
134324 134324
134324 134324
134324 134324
134324 134324
134324 134324
134324 134324
134324 134324
134324 134324
134324 134324
134324 134324
134324 134324
134324 134324
134324 134324
134324 134324
134324 134324
134324 134324
134324 134324
134324 134324
134324 134324
134324 134324
134324 134324
134324 134324
134324 134324
134324 134324
134324 134324
134324 134324
134324 134324
134324 134324
134324 134324
134324 134324
134324 134324
134324 134324
134324 134324
134324 134324
134324 134324
134324 134324
134324 134324
134324 134324
134324 134324
134324 134324
134324 134324
134324 134324
134324 134324
134324 134324
134341 134341
134341 134341
134341 134341
134341 134341
134341 134341
134341 134341
134341 134341
134491 134491
134491 134491
134491 134491
134491 134491
134491 134491
134491 134491
134491 134491
134491 134491
134491 134491
134491 134491
134491 134491
134491 134491
134491 134491
134491 134491
134941 134941
134941 134941
134941 134941
134941 134941
134941 134941
134941 134941
134941 134941
134941 134941
134941 134941
134941 134941
134941 134941
134941 134941
134941 134941
134941 134941
134941 134941
134941 134941
134941 134941
134941 134941
134941 134941
134941 134941
134941 134941
134941 134941
134941 134941
134941 134941
134941 134941
134941 134941
134941 134941
134941 134941
134941 134941
134941 134941
134941 134941
134941 134941
134941 134941
134941 134941
134941 134941
134941 134941
134941 134941
134941 134941
134941 134941
134941 134941
134941 134941
134941 134941
134941 134941
134941 134941
134941 134941
134941 134941
134941 134941
134941 134941
134941 134941
134941 134941
134941 134941
134941 134941
134941 134941
134941 134941
134941 134941
134941 134941
134941 134941
134941 134941
134941 134941
134941 134941
134941 134941
134941 134941
134963 134963
134963 134963
134963 134963
134963 134963
134963 134963
134963 134963
134963 134963
134963 134963
134963 134963
134963 134963
134963 134963
134963 134963
134963 134963
134963 134963
134963 134963
134963 134963
134963 134963
134963 134963
134963 134963
134963 134963
134963 134963
134963 134963
134963 134963
134963 134963
134963 134963
134996 134996
135080 135080
135080 135080
135080 135080
135080 135080
135080 135080
135080 135080
135080 135080
135080 135080
135080 135080
135080 135080
135080 135080
135080 135080
135080 135080
135080 135080
135080 135080
135080 135080
135080 135080
135195 135195
135195 135195
135195 135195
135195 135195
135195 135195
135195 135195
135195 135195
135195 135195
135195 135195
135195 135195
135195 135195
135195 135195
135195 135195
135195 135195
135195 135195
135195 135195
135195 135195
135195 135195
135195 135195
135195 135195
135195 135195
135195 135195
135195 135195
135195 135195
135195 135195
135195 135195
135195 135195
135195 135195
135195 135195
135195 135195
135195 135195
135195 135195
135195 135195
135195 135195
135195 135195
135195 135195
135195 135195
135195 135195
135195 135195
135195 135195
135195 135195
135195 135195
135195 135195
135195 135195
135195 135195
135195 135195
135195 135195
135195 135195
135195 135195
135195 135195
135195 135195
135195 135195
135195 135195
135195 135195
135195 135195
135195 135195
135195 135195
135195 135195
135195 135195
135195 135195
135195 135195
135195 135195
135195 135195
135195 135195
135195 135195
135195 135195
135195 135195
135195 135195
135195 135195
135195 135195
135195 135195
135195 135195
135195 135195
135195 135195
135195 135195
135195 135195
135195 135195
135195 135195
135195 135195
135195 135195
135195 135195
135195 135195
135195 135195
135195 135195
135195 135195
135195 135195
135195 135195
135195 135195
135195 135195
135195 135195
135195 135195
135195 135195
135195 135195
135195 135195
135195 135195
135195 135195
135195 135195
