135086
84069 84069
90935 90935
98528 98528
99438 99438
105531 105531
107948 107948
108109 108109
108719 108719
109910 109910
110339 110339
117063 117063
120397 120397
120773 120773
121304 121304
121585 121585
122008 122008
122070 122070
122105 122105
123273 123273
125197 125197
126169 126169
126169 126169
126169 126169
126169 126169
126169 126169
126169 126169
126169 126169
126899 126899
126899 126899
127341 127341
128000 128000
128000 128000
128328 128328
128360 128360
129491 129491
129995 129995
129995 129995
129995 129995
130240 130240
131357 131357
131529 131529
131529 131529
131771 131771
131771 131771
131771 131771
131771 131771
131771 131771
131771 131771
131771 131771
131771 131771
131771 131771
131771 131771
131771 131771
131771 131771
131964 131964
131964 131964
131964 131964
131964 131964
131964 131964
131964 131964
131964 131964
131964 131964
131964 131964
132063 132063
132063 132063
132063 132063
132063 132063
132063 132063
132063 132063
132063 132063
132063 132063
132063 132063
132063 132063
132063 132063
132063 132063
132063 132063
132063 132063
132063 132063
132063 132063
132063 132063
132063 132063
132063 132063
132063 132063
132084 132084
132084 132084
132639 132639
132639 132639
132639 132639
132639 132639
132639 132639
132750 132750
132750 132750
132750 132750
132750 132750
132750 132750
132750 132750
132750 132750
132750 132750
132750 132750
132750 132750
132750 132750
132750 132750
132750 132750
132750 132750
132750 132750
132789 132789
132850 132850
132850 132850
132974 132974
132974 132974
132974 132974
132974 132974
132974 132974
132974 132974
133262 133262
133262 133262
133262 133262
133262 133262
133262 133262
133262 133262
133262 133262
133262 133262
133262 133262
133363 133363
133363 133363
133363 133363
133363 133363
133363 133363
133363 133363
133363 133363
133363 133363
133363 133363
133363 133363
133363 133363
133363 133363
133363 133363
133363 133363
133363 133363
133363 133363
133363 133363
133363 133363
133363 133363
133363 133363
133363 133363
133363 133363
133363 133363
133363 133363
133363 133363
133363 133363
133363 133363
133363 133363
133551 133551
133551 133551
133551 133551
133551 133551
133551 133551
133551 133551
133551 133551
133551 133551
133551 133551
133551 133551
133551 133551
133551 133551
133551 133551
133551 133551
133551 133551
133551 133551
133551 133551
133551 133551
133551 133551
133551 133551
133551 133551
133551 133551
133551 133551
133551 133551
133551 133551
133551 133551
133551 133551
133551 133551
133551 133551
133551 133551
133551 133551
133551 133551
133551 133551
133551 133551
133551 133551
133551 133551
133551 133551
133551 133551
133551 133551
133551 133551
133551 133551
133551 133551
133551 133551
133551 133551
133551 133551
133551 133551
133551 133551
133551 133551
133551 133551
133551 133551
133551 133551
133551 133551
133551 133551
133551 133551
133551 133551
133551 133551
133551 133551
133551 133551
133551 133551
133551 133551
133551 133551
133551 133551
133551 133551
133551 133551
133551 133551
133551 133551
133551 133551
133551 133551
133551 133551
133551 133551
133551 133551
133551 133551
133551 133551
133551 133551
133551 133551
133551 133551
133551 133551
133551 133551
133551 133551
133551 133551
133551 133551
133551 133551
133551 133551
133551 133551
133551 133551
133551 133551
133551 133551
133551 133551
133551 133551
133551 133551
133551 133551
133551 133551
133610 133610
133610 133610
133610 133610
133610 133610
133610 133610
133610 133610
133610 133610
133610 133610
133610 133610
133610 133610
133610 133610
133610 133610
133610 133610
133610 133610
133610 133610
133610 133610
133610 133610
133610 133610
133610 133610
133610 133610
133610 133610
133610 133610
133610 133610
133610 133610
133610 133610
133610 133610
133610 133610
133610 133610
133610 133610
133610 133610
133610 133610
133610 133610
133610 133610
133610 133610
133610 133610
133610 133610
133610 133610
133610 133610
133610 133610
133610 133610
133610 133610
133610 133610
133610 133610
133610 133610
133610 133610
133610 133610
133610 133610
133610 133610
133610 133610
133610 133610
133610 133610
133610 133610
133610 133610
133610 133610
133610 133610
133610 133610
133610 133610
133610 133610
133610 133610
133610 133610
133610 133610
133610 133610
133610 133610
133610 133610
133610 133610
133610 133610
133610 133610
133610 133610
133610 133610
133610 133610
133610 133610
133610 133610
133610 133610
133610 133610
133610 133610
133610 133610
133610 133610
133610 133610
133610 133610
133610 133610
133610 133610
133610 133610
133610 133610
133615 133615
133709 133709
133709 133709
133709 133709
133709 133709
133767 133767
133767 133767
133767 133767
133767 133767
133767 133767
133767 133767
133767 133767
133767 133767
133767 133767
133767 133767
133767 133767
133767 133767
133868 133868
133868 133868
133868 133868
133868 133868
133868 133868
133868 133868
133979 133979
134109 134109
134109 134109
134109 134109
134109 134109
134109 134109
134109 134109
134109 134109
134109 134109
134109 134109
134109 134109
134109 134109
134109 134109
134109 134109
134109 134109
134109 134109
134109 134109
134109 134109
134109 134109
134109 134109
134109 134109
134109 134109
134109 134109
134109 134109
134109 134109
134109 134109
134109 134109
134109 134109
134109 134109
134109 134109
134109 134109
134109 134109
134109 134109
134109 134109
134109 134109
134109 134109
134109 134109
134109 134109
134109 134109
134109 134109
134109 134109
134109 134109
134109 134109
134109 134109
134109 134109
134109 134109
134109 134109
134109 134109
134109 134109
134109 134109
134109 134109
134109 134109
134109 134109
134109 134109
134132 134132
134132 134132
134132 134132
134132 134132
134132 134132
134132 134132
134132 134132
134132 134132
134132 134132
134132 134132
134132 134132
134132 134132
134132 134132
134132 134132
134132 134132
134132 134132
134132 134132
134132 134132
134132 134132
134132 134132
134132 134132
134132 134132
134132 134132
134443 134443
134443 134443
134443 134443
134443 134443
134443 134443
134443 134443
134443 134443
134443 134443
134443 134443
134443 134443
134443 134443
134443 134443
134647 134647
134647 134647
134647 134647
134647 134647
134647 134647
134647 134647
134647 134647
134647 134647
134647 134647
134647 134647
134647 134647
134647 134647
134647 134647
134647 134647
134647 134647
134647 134647
134647 134647
134647 134647
134647 134647
134647 134647
134647 134647
134647 134647
134647 134647
134647 134647
134647 134647
134647 134647
134647 134647
134647 134647
134647 134647
134647 134647
134647 134647
134647 134647
134647 134647
134647 134647
134647 134647
134647 134647
134647 134647
134647 134647
134647 134647
134647 134647
134647 134647
134647 134647
134647 134647
134647 134647
134647 134647
134647 134647
134647 134647
134647 134647
134647 134647
134647 134647
134647 134647
134647 134647
134647 134647
134647 134647
134647 134647
134647 134647
134647 134647
134647 134647
134647 134647
134647 134647
134647 134647
134647 134647
134647 134647
134647 134647
134647 134647
134647 134647
134662 134662
134662 134662
134662 134662
134662 134662
134662 134662
134662 134662
134662 134662
134662 134662
134662 134662
134662 134662
134662 134662
134662 134662
134662 134662
134662 134662
134662 134662
134662 134662
134662 134662
134773 134773
134773 134773
134783 134783
134783 134783
134783 134783
134874 134874
134874 134874
134874 134874
134874 134874
134874 134874
134874 134874
134874 134874
134874 134874
134874 134874
134874 134874
134874 134874
134874 134874
134874 134874
134874 134874
134874 134874
134874 134874
134874 134874
134874 134874
134874 134874
134874 134874
134874 134874
135061 135061
135061 135061
135061 135061
135061 135061
135061 135061
135061 135061
135061 135061
135061 135061
135061 135061
135061 135061
135061 135061
135061 135061
135061 135061
135061 135061
135061 135061
135061 135061
135061 135061
135061 135061
135061 135061
135061 135061
135061 135061
135061 135061
135061 135061
135061 135061
135061 135061
135061 135061
135061 135061
135061 135061
135061 135061
135061 135061
135061 135061
135061 135061
135086 135086
135086 135086
135086 135086
135086 135086
135086 135086
135086 135086
135086 135086
135086 135086
135086 135086
135086 135086
135086 135086
135086 135086
135086 135086
135086 135086
135086 135086
135086 135086
