154895
0 155556
0 156652
0 153144
151012 151012
147496 147496
147175 147175
146140 146140
148565 148565
148044 148044
142547 142547
146189 146189
141513 141513
139763 139763
132822 132822
138002 138002
136305 136305
141214 141214
137333 137333
141711 141711
142395 142395
139370 139370
135225 135225
132664 132664
126668 126668
124828 124828
127685 127685
131517 131517
133183 133183
134705 134705
135510 135510
132898 132898
136491 136491
132449 132449
133487 133487
124547 124547
128427 128427
132099 132099
131254 131254
130003 130003
134727 134727
136671 136671
136504 136504
132126 132126
123530 123530
120549 120549
125784 125784
122372 122372
123850 123850
129472 129472
136801 136801
131645 131645
133371 133371
132376 132376
127025 127025
126622 126622
129854 129854
135007 135007
132909 132909
133120 133120
133059 133059
130394 130394
128972 128972
129737 129737
133648 133648
133880 133880
136763 136763
137024 137024
139844 139844
137880 137880
136367 136367
129584 129584
134679 134679
135179 135179
131405 131405
126938 126938
126681 126681
131110 131110
131719 131719
134237 134237
134464 134464
134282 134282
133325 133325
130413 130413
135111 135111
137879 137879
144414 144414
144849 144849
144549 144549
141882 141882
142914 142914
136434 136434
135782 135782
134552 134552
132427 132427
133187 133187
129351 129351
131441 131441
132128 132128
134378 134378
133020 133020
132971 132971
132665 132665
136976 136976
131837 131837
133417 133417
137302 137302
136781 136781
137937 137937
140719 140719
141224 141224
140051 140051
139122 139122
142107 142107
141935 141935
140307 140307
137047 137047
135109 135109
135258 135258
133696 133696
135398 135398
131658 131658
134583 134583
134270 134270
133831 133831
136212 136212
138263 138263
140746 140746
141986 141986
143633 143633
141304 141304
144630 144630
143320 143320
143108 143108
138998 138998
135673 135673
134655 134655
137660 137660
133461 133461
137430 137430
135112 135112
137794 137794
143607 143607
138278 138278
136045 136045
133166 133166
136995 136995
132463 132463
137224 137224
138123 138123
136593 136593
139341 139341
139340 139340
139393 139393
137824 137824
134173 134173
138756 138756
137244 137244
134404 134404
134867 134867
132176 132176
130020 130020
127451 127451
128973 128973
128734 128734
128389 128389
126785 126785
130868 130868
125927 125927
124541 124541
125669 125669
126724 126724
123708 123708
130325 130325
132356 132356
129651 129651
129662 129662
133846 133846
130692 130692
127296 127296
128292 128292
132412 132412
130294 130294
132821 132821
130553 130553
132251 132251
128323 128323
125674 125674
128670 128670
128310 128310
135557 135557
136038 136038
136645 136645
136799 136799
134799 134799
132810 132810
132442 132442
130654 130654
130634 130634
127038 127038
126331 126331
126339 126339
127524 127524
131396 131396
128552 128552
128919 128919
129791 129791
132546 132546
133858 133858
134449 134449
138074 138074
136144 136144
130917 130917
126825 126825
126488 126488
131384 131384
133846 133846
133880 133880
136219 136219
135226 135226
133274 133274
130643 130643
128469 128469
130998 130998
133377 133377
130007 130007
132024 132024
130859 130859
132176 132176
133845 133845
128666 128666
131026 131026
132224 132224
132333 132333
130341 130341
126485 126485
125668 125668
126684 126684
128109 128109
131555 131555
129826 129826
135163 135163
133788 133788
136311 136311
136133 136133
136515 136515
137947 137947
132153 132153
130828 130828
137577 137577
136041 136041
132578 132578
133641 133641
140233 140233
141194 141194
144407 144407
140001 140001
137812 137812
138282 138282
133216 133216
130367 130367
130219 130219
133179 133179
136412 136412
134788 134788
134184 134184
135807 135807
131446 131446
129695 129695
129059 129059
127316 127316
126798 126798
129083 129083
131404 131404
132792 132792
131127 131127
130455 130455
129059 129059
133674 133674
134431 134431
136132 136132
132799 132799
132633 132633
136384 136384
131060 131060
132265 132265
136322 136322
134555 134555
132656 132656
133980 133980
129378 129378
130491 130491
132074 132074
131385 131385
133972 133972
135584 135584
135291 135291
135010 135010
129694 129694
129748 129748
131544 131544
134339 134339
131466 131466
134842 134842
138464 138464
135585 135585
134905 134905
132093 132093
133282 133282
133869 133869
132780 132780
132598 132598
130273 130273
128694 128694
128500 128500
128310 128310
129265 129265
127436 127436
128803 128803
132484 132484
132841 132841
130981 130981
130825 130825
130304 130304
135391 135391
141975 141975
139130 139130
138166 138166
139521 139521
135616 135616
137598 137598
133331 133331
133525 133525
134142 134142
142227 142227
141112 141112
138441 138441
142156 142156
142822 142822
141399 141399
143735 143735
144870 144870
145907 145907
140837 140837
142013 142013
144667 144667
148822 148822
139141 139141
136751 136751
134057 134057
135859 135859
134761 134761
136159 136159
133370 133370
135733 135733
136543 136543
131580 131580
132927 132927
131252 131252
125390 125390
130045 130045
131957 131957
134551 134551
135212 135212
132169 132169
133287 133287
131985 131985
134863 134863
133074 133074
132221 132221
133761 133761
132814 132814
138960 138960
140932 140932
137150 137150
136202 136202
132337 132337
132596 132596
132489 132489
133166 133166
132903 132903
133781 133781
136519 136519
136336 136336
128950 128950
132685 132685
134033 134033
130271 130271
132864 132864
129337 129337
132017 132017
128760 128760
127793 127793
126335 126335
126011 126011
126143 126143
128911 128911
128476 128476
133672 133672
130553 130553
125342 125342
131276 131276
132628 132628
132311 132311
131222 131222
130948 130948
127776 127776
127822 127822
130585 130585
133229 133229
129989 129989
132590 132590
133595 133595
135827 135827
138002 138002
137800 137800
139703 139703
140779 140779
134301 134301
135740 135740
130579 130579
127403 127403
130689 130689
132168 132168
131029 131029
128490 128490
131480 131480
132828 132828
132098 132098
132221 132221
131923 131923
134337 134337
132732 132732
132838 132838
135200 135200
134489 134489
133819 133819
134208 134208
134621 134621
135069 135069
130558 130558
137692 137692
134939 134939
131831 131831
135980 135980
135883 135883
133047 133047
134772 134772
133215 133215
128392 128392
128428 128428
130214 130214
125610 125610
131220 131220
135466 135466
133275 133275
138485 138485
135253 135253
138972 138972
137663 137663
136726 136726
133761 133761
134144 134144
129302 129302
129775 129775
129608 129608
128985 128985
127117 127117
128230 128230
124533 124533
124110 124110
125106 125106
125125 125125
126301 126301
127049 127049
119632 119632
125002 125002
125919 125919
126927 126927
129212 129212
135041 135041
139169 139169
137775 137775
139277 139277
140049 140049
141425 141425
139592 139592
138807 138807
138668 138668
141758 141758
141046 141046
143306 143306
140891 140891
132903 132903
136818 136818
136206 136206
133046 133046
132257 132257
133222 133222
131443 131443
126965 126965
129105 129105
122750 122750
125997 125997
125141 125141
125685 125685
125196 125196
128797 128797
126196 126196
131181 131181
132192 132192
133174 133174
133826 133826
135596 135596
133990 133990
136933 136933
135274 135274
135421 135421
137359 137359
140254 140254
138783 138783
136873 136873
139942 139942
137159 137159
141860 141860
139579 139579
139348 139348
142963 142963
140464 140464
141449 141449
136661 136661
142645 142645
139672 139672
138622 138622
133398 133398
135045 135045
135138 135138
134904 134904
136114 136114
135013 135013
133297 133297
134812 134812
133200 133200
133552 133552
136470 136470
133376 133376
131607 131607
130671 130671
125664 125664
127001 127001
131888 131888
130142 130142
127692 127692
126676 126676
122210 122210
125657 125657
121650 121650
121864 121864
127800 127800
130654 130654
132518 132518
132342 132342
130305 130305
129651 129651
126586 126586
126777 126777
125850 125850
130875 130875
135601 135601
135687 135687
132430 132430
129904 129904
132217 132217
133876 133876
129679 129679
135683 135683
137357 137357
142180 142180
137555 137555
138431 138431
142104 142104
138939 138939
138253 138253
139667 139667
137678 137678
135379 135379
136184 136184
136485 136485
134779 134779
135972 135972
138284 138284
137451 137451
137473 137473
133904 133904
135669 135669
135248 135248
136067 136067
139974 139974
140593 140593
142233 142233
138894 138894
133711 133711
134415 134415
129767 129767
128458 128458
132642 132642
134502 134502
134171 134171
137776 137776
135961 135961
135578 135578
135200 135200
132419 132419
123446 123446
120427 120427
128681 128681
128635 128635
121826 121826
120674 120674
126793 126793
124203 124203
127834 127834
126036 126036
129432 129432
129273 129273
135210 135210
132191 132191
128324 128324
131949 131949
130059 130059
130373 130373
134111 134111
130367 130367
132653 132653
132898 132898
132992 132992
130820 130820
129855 129855
129098 129098
128242 128242
125242 125242
126897 126897
133229 133229
134698 134698
139486 139486
139189 139189
139690 139690
132034 132034
134330 134330
135549 135549
136280 136280
137101 137101
133173 133173
133393 133393
139043 139043
134711 134711
127515 127515
132463 132463
131545 131545
135057 135057
133665 133665
133710 133710
131673 131673
129556 129556
131798 131798
131128 131128
127504 127504
127686 127686
126572 126572
127818 127818
126797 126797
129567 129567
130271 130271
133118 133118
134798 134798
129621 129621
132986 132986
127631 127631
132187 132187
133382 133382
132881 132881
127536 127536
125390 125390
121412 121412
128559 128559
126600 126600
129291 129291
130112 130112
131192 131192
131244 131244
129967 129967
127968 127968
127666 127666
131273 131273
134232 134232
139246 139246
139934 139934
132643 132643
132237 132237
136197 136197
136292 136292
137950 137950
138906 138906
136526 136526
136274 136274
135000 135000
129776 129776
127131 127131
126267 126267
131139 131139
131957 131957
132837 132837
138503 138503
134310 134310
137284 137284
133566 133566
131872 131872
130695 130695
133050 133050
130063 130063
126010 126010
125520 125520
131405 131405
137487 137487
141861 141861
139515 139515
143789 143789
145838 145838
148142 148142
145542 145542
142082 142082
140786 140786
138190 138190
139156 139156
138449 138449
141364 141364
137417 137417
132435 132435
134167 134167
132327 132327
137224 137224
134809 134809
134966 134966
135850 135850
137295 137295
133532 133532
132429 132429
127264 127264
126050 126050
129948 129948
131209 131209
137503 137503
132180 132180
132284 132284
132154 132154
136895 136895
138364 138364
138475 138475
135215 135215
136394 136394
131110 131110
126303 126303
126411 126411
125485 125485
128744 128744
123286 123286
126276 126276
124585 124585
127113 127113
131066 131066
131965 131965
130315 130315
133281 133281
126255 126255
131285 131285
135529 135529
138525 138525
138334 138334
138357 138357
141961 141961
136767 136767
133036 133036
136476 136476
139292 139292
138980 138980
136815 136815
139100 139100
136623 136623
133387 133387
131551 131551
128413 128413
123920 123920
127682 127682
125038 125038
124902 124902
129790 129790
132008 132008
136516 136516
130770 130770
131460 131460
133941 133941
136461 136461
136746 136746
130340 130340
134198 134198
131252 131252
131587 131587
132824 132824
134732 134732
134413 134413
133591 133591
134432 134432
129985 129985
130797 130797
135203 135203
133781 133781
130690 130690
128638 128638
129034 129034
132095 132095
130919 130919
133534 133534
133891 133891
136176 136176
135945 135945
142882 142882
145566 145566
142987 142987
144090 144090
140872 140872
140055 140055
138467 138467
134664 134664
133143 133143
132743 132743
131107 131107
132639 132639
132514 132514
130633 130633
130231 130231
129674 129674
130824 130824
132084 132084
126461 126461
132946 132946
134355 134355
134955 134955
136066 136066
132974 132974
132680 132680
131078 131078
132272 132272
129079 129079
124564 124564
128886 128886
132414 132414
134637 134637
134419 134419
135019 135019
133899 133899
136309 136309
136543 136543
140061 140061
137182 137182
138495 138495
136487 136487
132414 132414
131846 131846
136431 136431
131556 131556
130809 130809
129615 129615
127032 127032
130113 130113
132212 132212
138127 138127
135362 135362
134583 134583
129210 129210
130827 130827
131382 131382
128247 128247
128074 128074
128149 128149
129961 129961
126878 126878
128789 128789
129105 129105
131915 131915
131394 131394
134269 134269
130764 130764
139579 139579
144152 144152
141122 141122
141291 141291
138044 138044
134047 134047
133713 133713
133656 133656
137660 137660
137572 137572
131358 131358
130923 130923
128926 128926
128197 128197
127913 127913
126311 126311
131306 131306
130228 130228
130770 130770
133068 133068
137289 137289
138837 138837
135467 135467
141022 141022
141469 141469
140629 140629
133111 133111
131295 131295
126464 126464
123679 123679
127850 127850
133618 133618
137824 137824
139339 139339
135247 135247
136754 136754
139040 139040
133179 133179
134598 134598
132969 132969
138584 138584
138819 138819
140320 140320
137738 137738
134955 134955
136502 136502
137559 137559
137379 137379
137005 137005
137645 137645
137542 137542
134384 134384
133207 133207
134790 134790
135309 135309
136347 136347
137738 137738
139799 139799
137523 137523
136983 136983
138302 138302
134003 134003
133689 133689
130251 130251
129702 129702
131774 131774
134846 134846
130853 130853
131294 131294
133009 133009
135307 135307
134040 134040
137331 137331
135405 135405
134647 134647
136999 136999
138820 138820
137602 137602
138294 138294
138898 138898
137783 137783
137883 137883
137920 137920
138945 138945
136374 136374
134254 134254
131790 131790
132216 132216
132279 132279
133903 133903
130940 130940
129791 129791
130220 130220
132171 132171
136258 136258
137913 137913
139414 139414
137942 137942
138698 138698
138115 138115
135963 135963
126996 126996
127641 127641
127227 127227
131869 131869
126339 126339
129476 129476
130348 130348
0 151115
154895 154895
148868 148868
145609 145609
138906 138906
137004 137004
139320 139320
138399 138399
142500 142500
139165 139165
133896 133896
142773 142773
140055 140055
140784 140784
140160 140160
141302 141302
139253 139253
137732 137732
133941 133941
134824 134824
133751 133751
132462 132462
133219 133219
134919 134919
142167 142167
139895 139895
138576 138576
138665 138665
134514 134514
137288 137288
137690 137690
138514 138514
141831 141831
138569 138569
138447 138447
134401 134401
134159 134159
129141 129141
134094 134094
135332 135332
134616 134616
131101 131101
126481 126481
127403 127403
129807 129807
126811 126811
123232 123232
132526 132526
136381 136381
132435 132435
129491 129491
134011 134011
139075 139075
143244 143244
144003 144003
137266 137266
131289 131289
134169 134169
127900 127900
129446 129446
127857 127857
127802 127802
135073 135073
132779 132779
135290 135290
129411 129411
131902 131902
132618 132618
131468 131468
132995 132995
136047 136047
134912 134912
132687 132687
133940 133940
134802 134802
136218 136218
140542 140542
147318 147318
141886 141886
140933 140933
139029 139029
140433 140433
138871 138871
140888 140888
135961 135961
138432 138432
134172 134172
130546 130546
126124 126124
129502 129502
132801 132801
132052 132052
137373 137373
134271 134271
130190 130190
129654 129654
129103 129103
129647 129647
129806 129806
128944 128944
125765 125765
128346 128346
134166 134166
130615 130615
131148 131148
132695 132695
132465 132465
132764 132764
135461 135461
139215 139215
140635 140635
142911 142911
141134 141134
142077 142077
138878 138878
139447 139447
140634 140634
139227 139227
136967 136967
135555 135555
134978 134978
134872 134872
138162 138162
136539 136539
136179 136179
136309 136309
134032 134032
135030 135030
135866 135866
133083 133083
135876 135876
138240 138240
138303 138303
134695 134695
135088 135088
130257 130257
130122 130122
130706 130706
128671 128671
129588 129588
130338 130338
130271 130271
135714 135714
131046 131046
134822 134822
138828 138828
139416 139416
135316 135316
132882 132882
134561 134561
135753 135753
132951 132951
134579 134579
134871 134871
134761 134761
134164 134164
134358 134358
136166 136166
134160 134160
133323 133323
131653 131653
130327 130327
130638 130638
131384 131384
128894 128894
129912 129912
128768 128768
122450 122450
122236 122236
124761 124761
127354 127354
127143 127143
134233 134233
