181076
178514 178514
180205 180205
175599 175599
172725 172725
168925 168925
166226 166226
167905 167905
176636 176636
175254 175254
0 177219
173699 173699
170163 170163
171324 171324
173917 173917
176931 176931
175760 175760
174283 174283
172456 172456
174353 174353
175267 175267
176119 176119
176491 176491
181076 181076
178725 178725
171963 171963
172954 172954
167509 167509
165070 165070
167650 167650
168597 168597
170633 170633
174996 174996
170668 170668
170502 170502
167560 167560
165806 165806
175321 175321
167633 167633
166740 166740
166727 166727
164744 164744
169317 169317
166518 166518
166230 166230
166068 166068
164669 164669
160428 160428
164733 164733
167141 167141
168757 168757
170003 170003
172878 172878
174286 174286
171931 171931
172965 172965
174489 174489
172918 172918
169180 169180
166344 166344
164826 164826
160584 160584
159780 159780
163720 163720
161939 161939
156376 156376
161438 161438
166381 166381
161886 161886
162905 162905
157144 157144
153586 153586
152248 152248
148744 148744
153074 153074
157677 157677
161136 161136
160969 160969
160155 160155
159185 159185
159422 159422
155876 155876
155935 155935
156975 156975
159795 159795
161880 161880
160362 160362
155592 155592
155920 155920
162983 162983
165769 165769
159410 159410
165810 165810
170692 170692
168875 168875
168382 168382
168391 168391
165162 165162
165469 165469
165566 165566
166710 166710
164660 164660
164197 164197
170950 170950
175625 175625
172296 172296
169311 169311
166089 166089
169323 169323
169034 169034
165045 165045
160166 160166
164361 164361
170500 170500
165295 165295
172427 172427
172654 172654
170098 170098
168872 168872
166283 166283
166672 166672
170726 170726
169959 169959
167848 167848
163387 163387
166395 166395
159074 159074
157370 157370
159406 159406
160332 160332
158985 158985
156564 156564
161962 161962
161845 161845
160397 160397
163723 163723
162144 162144
165072 165072
164610 164610
160602 160602
155771 155771
154041 154041
154066 154066
154534 154534
158497 158497
156312 156312
154485 154485
160659 160659
157523 157523
154367 154367
157844 157844
155071 155071
155392 155392
153533 153533
158517 158517
162326 162326
159168 159168
161957 161957
165707 165707
164987 164987
161353 161353
168367 168367
165257 165257
166471 166471
170565 170565
169448 169448
166057 166057
165695 165695
161862 161862
170982 170982
173989 173989
170247 170247
163173 163173
164847 164847
165161 165161
160224 160224
165017 165017
160807 160807
161403 161403
162860 162860
166547 166547
166931 166931
165814 165814
163973 163973
164565 164565
161861 161861
166809 166809
159565 159565
159691 159691
155889 155889
157158 157158
160566 160566
161978 161978
159454 159454
163062 163062
163593 163593
166101 166101
162336 162336
161416 161416
169028 169028
168196 168196
165409 165409
164817 164817
158489 158489
161223 161223
162180 162180
161450 161450
157664 157664
155774 155774
155793 155793
158763 158763
155162 155162
155627 155627
153711 153711
156385 156385
155450 155450
154791 154791
159380 159380
162336 162336
159723 159723
162124 162124
162571 162571
155962 155962
157390 157390
155402 155402
158935 158935
162608 162608
158048 158048
158093 158093
162860 162860
164162 164162
165253 165253
160823 160823
161632 161632
167243 167243
168604 168604
161250 161250
163571 163571
167185 167185
159411 159411
157919 157919
155076 155076
160499 160499
161948 161948
171692 171692
173082 173082
171205 171205
173181 173181
167613 167613
168788 168788
164156 164156
164623 164623
161315 161315
156271 156271
157432 157432
157732 157732
159065 159065
155709 155709
159458 159458
161910 161910
157932 157932
158666 158666
161966 161966
164865 164865
161969 161969
158355 158355
160249 160249
165353 165353
161003 161003
162006 162006
165946 165946
170148 170148
170238 170238
166734 166734
172239 172239
167111 167111
165494 165494
166564 166564
166061 166061
162836 162836
171594 171594
172536 172536
173956 173956
167426 167426
171841 171841
173109 173109
176349 176349
173315 173315
172550 172550
165394 165394
159418 159418
161108 161108
163223 163223
168690 168690
161158 161158
164226 164226
168290 168290
165354 165354
161918 161918
162350 162350
160178 160178
156075 156075
155792 155792
160172 160172
160351 160351
160053 160053
160380 160380
160374 160374
169547 169547
164947 164947
161891 161891
159752 159752
159256 159256
159280 159280
158558 158558
158350 158350
155048 155048
156620 156620
152135 152135
153157 153157
152328 152328
151956 151956
154667 154667
154271 154271
156979 156979
161737 161737
166706 166706
167747 167747
168632 168632
169288 169288
165132 165132
161043 161043
156404 156404
155524 155524
156109 156109
159692 159692
160908 160908
165171 165171
158619 158619
161598 161598
165817 165817
161121 161121
157886 157886
164657 164657
167326 167326
164757 164757
166224 166224
162366 162366
162698 162698
162586 162586
167670 167670
165195 165195
162071 162071
164498 164498
160019 160019
159331 159331
163596 163596
165594 165594
167713 167713
164994 164994
164344 164344
162466 162466
166070 166070
164277 164277
161009 161009
157196 157196
161123 161123
160626 160626
163268 163268
158358 158358
154321 154321
161076 161076
163264 163264
165146 165146
164738 164738
163547 163547
158662 158662
157838 157838
161632 161632
163268 163268
158738 158738
159645 159645
154708 154708
155033 155033
152352 152352
157064 157064
161522 161522
163996 163996
165814 165814
166195 166195
164602 164602
167594 167594
164959 164959
163362 163362
159501 159501
160628 160628
165765 165765
167595 167595
167684 167684
164823 164823
165913 165913
160063 160063
158189 158189
160342 160342
162966 162966
161849 161849
158923 158923
158270 158270
160176 160176
161547 161547
164169 164169
162240 162240
166504 166504
169220 169220
163363 163363
159419 159419
162050 162050
168090 168090
168772 168772
171917 171917
170617 170617
166923 166923
169618 169618
162371 162371
157197 157197
154846 154846
154085 154085
157322 157322
157441 157441
154624 154624
158539 158539
160566 160566
159009 159009
164543 164543
157462 157462
157776 157776
159010 159010
161621 161621
159582 159582
168162 168162
166047 166047
167149 167149
169145 169145
162904 162904
160471 160471
160371 160371
166133 166133
159542 159542
161970 161970
158349 158349
155512 155512
156134 156134
158971 158971
157183 157183
161647 161647
158034 158034
158812 158812
158629 158629
157139 157139
157054 157054
150860 150860
152339 152339
153414 153414
153176 153176
156324 156324
157987 157987
150989 150989
150834 150834
155616 155616
156535 156535
160898 160898
160936 160936
160165 160165
161122 161122
164132 164132
169320 169320
166926 166926
169537 169537
169292 169292
168254 168254
169982 169982
168022 168022
161461 161461
160452 160452
159317 159317
162365 162365
160917 160917
160542 160542
161293 161293
163207 163207
164196 164196
166482 166482
167978 167978
162745 162745
159260 159260
167762 167762
165754 165754
158519 158519
158063 158063
165012 165012
163476 163476
168287 168287
168629 168629
165690 165690
167112 167112
164892 164892
171035 171035
170751 170751
170843 170843
166761 166761
162466 162466
168918 168918
166961 166961
168161 168161
169724 169724
165839 165839
171476 171476
168383 168383
166970 166970
165564 165564
165633 165633
164472 164472
168357 168357
169289 169289
167362 167362
163334 163334
162811 162811
167872 167872
165773 165773
166382 166382
165686 165686
159927 159927
159473 159473
160406 160406
161140 161140
162203 162203
163548 163548
162013 162013
165193 165193
160381 160381
154996 154996
156942 156942
154728 154728
157734 157734
159372 159372
159673 159673
160828 160828
157182 157182
159324 159324
156527 156527
159150 159150
161159 161159
162302 162302
164925 164925
163678 163678
165426 165426
165128 165128
