242621
-659055 189423
-659020 196093
198575 198575
202229 202229
202593 202593
204560 204560
205740 205740
207031 207031
207667 207667
210284 210284
211127 211127
212422 212422
213091 213091
214679 214679
216123 216123
216685 216685
217057 217057
219777 219777
219975 219975
220658 220658
221110 221110
225047 225047
225233 225233
226480 226480
228337 228337
229067 229067
229179 229179
229311 229311
229545 229545
229651 229651
231117 231117
232291 232291
232383 232383
232451 232451
232628 232628
232793 232793
233183 233183
233692 233692
233993 233993
234351 234351
234372 234372
235156 235156
235188 235188
235510 235510
235657 235657
236144 236144
236708 236708
237420 237420
237614 237614
237705 237705
237900 237900
237979 237979
238153 238153
238211 238211
238243 238243
238354 238354
238440 238440
238720 238720
238883 238883
239293 239293
239293 239293
239365 239365
239588 239588
239644 239644
239737 239737
239744 239744
239757 239757
240070 240070
240082 240082
240399 240399
240663 240663
240822 240822
240822 240822
240822 240822
240894 240894
240894 240894
240894 240894
241040 241040
241040 241040
241204 241204
241204 241204
241275 241275
241298 241298
241318 241318
241351 241351
241506 241506
241506 241506
241506 241506
241506 241506
241506 241506
241532 241532
241544 241544
241585 241585
241585 241585
241603 241603
241606 241606
241606 241606
241624 241624
241639 241639
241656 241656
241689 241689
241689 241689
241834 241834
241834 241834
241834 241834
241873 241873
241873 241873
241873 241873
241873 241873
241899 241899
241957 241957
241968 241968
241981 241981
241981 241981
241981 241981
241982 241982
241982 241982
241983 241983
242008 242008
242008 242008
242091 242091
242091 242091
242097 242097
242115 242115
242115 242115
242160 242160
242160 242160
242186 242186
242209 242209
242209 242209
242209 242209
242279 242279
242279 242279
242279 242279
242283 242283
242283 242283
242283 242283
242283 242283
242283 242283
242303 242303
242303 242303
242310 242310
242310 242310
242310 242310
242359 242359
242359 242359
242359 242359
242359 242359
242359 242359
242359 242359
242359 242359
242359 242359
242359 242359
242359 242359
242359 242359
242359 242359
242359 242359
242359 242359
242359 242359
242359 242359
242359 242359
242359 242359
242367 242367
242367 242367
242367 242367
242367 242367
242367 242367
242367 242367
242367 242367
242367 242367
242367 242367
242367 242367
242382 242382
242382 242382
242382 242382
242382 242382
242382 242382
242382 242382
242382 242382
242382 242382
242382 242382
242382 242382
242382 242382
242382 242382
242407 242407
242407 242407
242443 242443
242443 242443
242443 242443
242455 242455
242455 242455
242455 242455
242455 242455
242458 242458
242458 242458
242458 242458
242458 242458
242458 242458
242458 242458
242458 242458
242458 242458
242458 242458
242458 242458
242458 242458
242461 242461
242461 242461
242461 242461
242461 242461
242467 242467
242467 242467
242467 242467
242467 242467
242491 242491
242491 242491
242491 242491
242491 242491
242491 242491
242491 242491
242493 242493
242493 242493
242493 242493
242517 242517
242517 242517
242517 242517
242517 242517
242517 242517
242517 242517
242517 242517
242517 242517
242520 242520
242520 242520
242520 242520
242520 242520
242570 242570
242570 242570
242570 242570
242570 242570
242570 242570
242573 242573
242573 242573
242573 242573
242573 242573
242573 242573
242573 242573
242573 242573
242573 242573
242573 242573
242573 242573
242573 242573
242573 242573
242573 242573
242573 242573
242573 242573
242573 242573
242573 242573
242573 242573
242573 242573
242573 242573
242573 242573
242573 242573
242573 242573
242573 242573
242573 242573
242573 242573
242573 242573
242573 242573
242573 242573
242573 242573
242573 242573
242573 242573
242573 242573
242573 242573
242573 242573
242573 242573
242573 242573
242573 242573
242573 242573
242573 242573
242573 242573
242573 242573
242573 242573
242573 242573
242573 242573
242573 242573
242573 242573
242573 242573
242573 242573
242573 242573
242573 242573
242573 242573
242573 242573
242573 242573
242573 242573
242573 242573
242573 242573
242573 242573
242573 242573
242573 242573
242573 242573
242573 242573
242573 242573
242573 242573
242573 242573
242573 242573
242573 242573
242573 242573
242573 242573
242573 242573
242573 242573
242573 242573
242573 242573
242573 242573
242573 242573
242573 242573
242573 242573
242573 242573
242573 242573
242573 242573
242573 242573
242573 242573
242573 242573
242573 242573
242575 242575
242575 242575
242575 242575
242575 242575
242575 242575
242575 242575
242575 242575
242575 242575
242575 242575
242575 242575
242575 242575
242575 242575
242575 242575
242575 242575
242575 242575
242575 242575
242575 242575
242575 242575
242575 242575
242575 242575
242575 242575
242575 242575
242580 242580
242580 242580
242580 242580
242580 242580
242580 242580
242580 242580
242580 242580
242580 242580
242580 242580
242580 242580
242580 242580
242585 242585
242588 242588
242588 242588
242588 242588
242588 242588
242608 242608
242608 242608
242608 242608
242608 242608
242608 242608
242608 242608
242608 242608
242608 242608
242608 242608
242608 242608
242608 242608
242608 242608
242608 242608
242608 242608
242608 242608
242608 242608
242608 242608
242608 242608
242608 242608
242608 242608
242608 242608
242608 242608
242608 242608
242608 242608
242608 242608
242608 242608
242608 242608
242608 242608
242608 242608
242608 242608
242608 242608
242608 242608
242608 242608
242608 242608
242608 242608
242608 242608
242608 242608
242608 242608
242608 242608
242608 242608
242608 242608
242608 242608
242608 242608
242608 242608
242608 242608
242608 242608
242608 242608
242608 242608
242608 242608
242608 242608
242608 242608
242608 242608
242608 242608
242608 242608
242608 242608
242608 242608
242608 242608
242608 242608
242608 242608
242608 242608
242608 242608
242608 242608
242608 242608
242615 242615
242615 242615
242615 242615
242615 242615
242615 242615
242615 242615
242615 242615
242615 242615
242615 242615
242615 242615
242615 242615
242615 242615
242615 242615
242615 242615
242615 242615
242615 242615
242615 242615
242615 242615
242615 242615
242615 242615
242615 242615
242615 242615
242615 242615
242615 242615
242615 242615
242615 242615
242615 242615
242615 242615
242615 242615
242615 242615
242615 242615
242615 242615
242615 242615
242615 242615
242615 242615
242615 242615
242615 242615
242615 242615
242615 242615
242615 242615
242615 242615
242615 242615
242615 242615
242615 242615
242615 242615
242615 242615
242615 242615
242615 242615
242615 242615
242615 242615
242615 242615
242615 242615
242615 242615
242615 242615
242615 242615
242615 242615
242615 242615
242615 242615
242615 242615
242615 242615
242615 242615
242615 242615
242615 242615
242615 242615
242615 242615
242615 242615
242615 242615
242615 242615
242621 242621
242621 242621
242621 242621
242621 242621
242621 242621
242621 242621
242621 242621
242621 242621
242621 242621
242621 242621
242621 242621
242621 242621
242621 242621
242621 242621
242621 242621
242621 242621
242621 242621
242621 242621
