202336
134749 134749
136882 136882
143966 143966
147901 147901
151988 151988
153885 153885
155175 155175
155757 155757
155955 155955
163500 163500
168465 168465
169289 169289
169383 169383
170497 170497
171977 171977
172963 172963
173374 173374
175807 175807
176380 176380
176404 176404
177708 177708
177744 177744
180243 180243
182823 182823
184866 184866
185265 185265
185317 185317
185845 185845
186355 186355
187486 187486
187557 187557
188106 188106
188706 188706
189161 189161
189941 189941
190987 190987
193013 193013
193142 193142
193362 193362
193408 193408
193783 193783
193836 193836
193849 193849
194157 194157
194279 194279
194388 194388
194392 194392
194725 194725
194942 194942
195346 195346
195358 195358
195788 195788
196118 196118
196133 196133
196182 196182
196338 196338
196615 196615
197056 197056
197129 197129
197178 197178
197191 197191
197714 197714
197740 197740
197890 197890
198068 198068
198733 198733
198733 198733
198779 198779
198779 198779
198871 198871
198921 198921
198933 198933
199004 199004
199093 199093
199110 199110
199298 199298
199342 199342
199370 199370
199498 199498
199620 199620
199666 199666
199666 199666
199747 199747
199747 199747
199776 199776
199918 199918
199942 199942
200171 200171
200171 200171
200171 200171
200236 200236
200238 200238
200238 200238
200349 200349
200500 200500
200506 200506
200506 200506
200506 200506
200612 200612
200639 200639
200639 200639
200688 200688
200719 200719
200719 200719
200719 200719
200767 200767
200826 200826
200826 200826
200826 200826
201057 201057
201057 201057
201059 201059
201111 201111
201133 201133
201133 201133
201133 201133
201285 201285
201285 201285
201285 201285
201569 201569
201569 201569
201569 201569
201619 201619
201619 201619
201619 201619
201619 201619
201619 201619
201619 201619
201619 201619
201619 201619
201619 201619
201619 201619
201673 201673
201673 201673
201673 201673
201673 201673
201769 201769
201769 201769
201769 201769
201769 201769
201769 201769
201841 201841
201841 201841
201841 201841
201841 201841
201845 201845
201845 201845
201845 201845
201845 201845
201845 201845
201845 201845
201845 201845
201845 201845
201858 201858
201858 201858
201858 201858
201888 201888
201918 201918
201918 201918
201918 201918
201918 201918
201918 201918
201918 201918
201928 201928
201928 201928
201954 201954
201954 201954
201954 201954
201992 201992
201992 201992
201992 201992
201992 201992
202068 202068
202068 202068
202068 202068
202068 202068
202068 202068
202068 202068
202068 202068
202068 202068
202068 202068
202068 202068
202068 202068
202068 202068
202068 202068
202068 202068
202068 202068
202068 202068
202068 202068
202068 202068
202068 202068
202068 202068
202068 202068
202068 202068
202068 202068
202068 202068
202068 202068
202068 202068
202068 202068
202068 202068
202068 202068
202068 202068
202068 202068
202068 202068
202068 202068
202068 202068
202068 202068
202068 202068
202068 202068
202068 202068
202068 202068
202068 202068
202068 202068
202068 202068
202068 202068
202068 202068
202068 202068
202068 202068
202068 202068
202068 202068
202068 202068
202102 202102
202102 202102
202105 202105
202105 202105
202105 202105
202105 202105
202128 202128
202128 202128
202128 202128
202128 202128
202128 202128
202128 202128
202128 202128
202128 202128
202128 202128
202128 202128
202128 202128
202175 202175
202175 202175
202175 202175
202175 202175
202175 202175
202175 202175
202175 202175
202175 202175
202175 202175
202175 202175
202175 202175
202175 202175
202175 202175
202175 202175
202175 202175
202175 202175
202190 202190
202190 202190
202190 202190
202190 202190
202190 202190
202190 202190
202190 202190
202190 202190
202190 202190
202190 202190
202190 202190
202190 202190
202190 202190
202190 202190
202190 202190
202190 202190
202190 202190
202190 202190
202199 202199
202199 202199
202199 202199
202199 202199
202199 202199
202199 202199
202199 202199
202199 202199
202199 202199
202199 202199
202199 202199
202199 202199
202199 202199
202199 202199
202199 202199
202201 202201
202201 202201
202201 202201
202201 202201
202201 202201
202201 202201
202201 202201
202201 202201
202201 202201
202201 202201
202201 202201
202201 202201
202201 202201
202201 202201
202201 202201
202201 202201
202201 202201
202201 202201
202201 202201
202201 202201
202201 202201
202201 202201
202201 202201
202201 202201
202201 202201
202201 202201
202201 202201
202201 202201
202201 202201
202201 202201
202201 202201
202201 202201
202213 202213
202213 202213
202213 202213
202213 202213
202213 202213
202213 202213
202213 202213
202213 202213
202213 202213
202213 202213
202213 202213
202213 202213
202213 202213
202213 202213
202250 202250
202250 202250
202250 202250
202250 202250
202250 202250
202250 202250
202250 202250
202250 202250
202250 202250
202250 202250
202250 202250
202250 202250
202252 202252
202252 202252
202252 202252
202260 202260
202260 202260
202260 202260
202260 202260
202260 202260
202260 202260
202260 202260
202260 202260
202260 202260
202260 202260
202260 202260
202260 202260
202260 202260
202260 202260
202260 202260
202260 202260
202260 202260
202260 202260
202260 202260
202260 202260
202260 202260
202260 202260
202260 202260
202260 202260
202260 202260
202260 202260
202260 202260
202260 202260
202260 202260
202260 202260
202260 202260
202260 202260
202260 202260
202260 202260
202260 202260
202260 202260
202260 202260
202260 202260
202260 202260
202260 202260
202266 202266
202266 202266
202266 202266
202266 202266
202266 202266
202266 202266
202266 202266
202266 202266
202266 202266
202266 202266
202266 202266
202266 202266
202266 202266
202266 202266
202266 202266
202266 202266
202275 202275
202275 202275
202275 202275
202275 202275
202275 202275
202275 202275
202275 202275
202275 202275
202295 202295
202295 202295
202295 202295
202295 202295
202305 202305
202305 202305
202305 202305
202305 202305
202305 202305
202305 202305
202305 202305
202305 202305
202305 202305
202305 202305
202305 202305
202305 202305
202305 202305
202305 202305
202305 202305
202305 202305
202305 202305
202305 202305
202305 202305
202305 202305
202305 202305
202305 202305
202305 202305
202305 202305
202305 202305
202305 202305
202305 202305
202305 202305
202305 202305
202305 202305
202305 202305
202305 202305
202305 202305
202305 202305
202305 202305
202305 202305
202305 202305
202305 202305
202305 202305
202305 202305
202305 202305
202305 202305
202305 202305
202305 202305
202305 202305
202305 202305
202305 202305
202305 202305
202305 202305
202305 202305
202305 202305
202305 202305
202305 202305
202305 202305
202305 202305
202305 202305
202305 202305
202305 202305
202305 202305
202305 202305
202305 202305
202305 202305
202305 202305
202305 202305
202305 202305
202305 202305
202305 202305
202305 202305
202305 202305
202305 202305
202305 202305
202305 202305
202305 202305
202305 202305
202305 202305
202305 202305
202305 202305
202305 202305
202305 202305
202305 202305
202305 202305
202305 202305
202305 202305
202305 202305
202305 202305
202305 202305
202305 202305
202305 202305
202305 202305
202305 202305
202305 202305
202305 202305
202305 202305
202305 202305
202305 202305
202305 202305
202305 202305
202305 202305
202305 202305
202305 202305
202305 202305
202305 202305
202305 202305
202305 202305
202305 202305
202336 202336
202336 202336
202336 202336
202336 202336
202336 202336
202336 202336
202336 202336
202336 202336
202336 202336
202336 202336
202336 202336
202336 202336
202336 202336
202336 202336
202336 202336
202336 202336
202336 202336
202336 202336
202336 202336
202336 202336
202336 202336
202336 202336
202336 202336
202336 202336
202336 202336
202336 202336
202336 202336
202336 202336
202336 202336
202336 202336
202336 202336
202336 202336
202336 202336
202336 202336
202336 202336
202336 202336
202336 202336
202336 202336
202336 202336
202336 202336
202336 202336
202336 202336
202336 202336
202336 202336
202336 202336
202336 202336
202336 202336
202336 202336
202336 202336
202336 202336
202336 202336
202336 202336
202336 202336
202336 202336
202336 202336
202336 202336
202336 202336
202336 202336
202336 202336
202336 202336
202336 202336
202336 202336
202336 202336
202336 202336
202336 202336
202336 202336
202336 202336
202336 202336
202336 202336
202336 202336
202336 202336
202336 202336
202336 202336
202336 202336
202336 202336
202336 202336
202336 202336
202336 202336
202336 202336
202336 202336
202336 202336
202336 202336
202336 202336
202336 202336
202336 202336
202336 202336
202336 202336
202336 202336
202336 202336
202336 202336
202336 202336
202336 202336
202336 202336
202336 202336
202336 202336
202336 202336
202336 202336
202336 202336
202336 202336
202336 202336
202336 202336
202336 202336
202336 202336
202336 202336
202336 202336
202336 202336
202336 202336
202336 202336
202336 202336
202336 202336
202336 202336
202336 202336
202336 202336
202336 202336
202336 202336
202336 202336
202336 202336
202336 202336
202336 202336
202336 202336
202336 202336
202336 202336
202336 202336
202336 202336
202336 202336
202336 202336
202336 202336
202336 202336
202336 202336
202336 202336
202336 202336
202336 202336
202336 202336
202336 202336
202336 202336
202336 202336
202336 202336
202336 202336
202336 202336
202336 202336
202336 202336
202336 202336
202336 202336
202336 202336
202336 202336
202336 202336
202336 202336
202336 202336
202336 202336
202336 202336
202336 202336
202336 202336
202336 202336
202336 202336
202336 202336
202336 202336
202336 202336
202336 202336
202336 202336
202336 202336
202336 202336
202336 202336
202336 202336
202336 202336
202336 202336
202336 202336
202336 202336
202336 202336
202336 202336
202336 202336
202336 202336
202336 202336
202336 202336
202336 202336
202336 202336
202336 202336
202336 202336
202336 202336
202336 202336
202336 202336
202336 202336
202336 202336
202336 202336
202336 202336
202336 202336
202336 202336
202336 202336
202336 202336
202336 202336
202336 202336
202336 202336
202336 202336
202336 202336
202336 202336
202336 202336
202336 202336
202336 202336
202336 202336
202336 202336
202336 202336
202336 202336
202336 202336
202336 202336
202336 202336
202336 202336
202336 202336
202336 202336
202336 202336
202336 202336
202336 202336
202336 202336
202336 202336
202336 202336
202336 202336
202336 202336
202336 202336
202336 202336
202336 202336
202336 202336
202336 202336
202336 202336
202336 202336
202336 202336
202336 202336
202336 202336
202336 202336
202336 202336
202336 202336
202336 202336
202336 202336
202336 202336
202336 202336
202336 202336
202336 202336
202336 202336
202336 202336
202336 202336
202336 202336
202336 202336
202336 202336
202336 202336
202336 202336
202336 202336
202336 202336
202336 202336
202336 202336
202336 202336
202336 202336
202336 202336
202336 202336
202336 202336
202336 202336
202336 202336
202336 202336
202336 202336
202336 202336
202336 202336
202336 202336
202336 202336
202336 202336
202336 202336
202336 202336
202336 202336
202336 202336
202336 202336
202336 202336
202336 202336
202336 202336
202336 202336
202336 202336
202336 202336
202336 202336
202336 202336
202336 202336
202336 202336
202336 202336
202336 202336
202336 202336
202336 202336
202336 202336
202336 202336
202336 202336
202336 202336
202336 202336
202336 202336
202336 202336
202336 202336
202336 202336
202336 202336
202336 202336
202336 202336
202336 202336
202336 202336
202336 202336
202336 202336
202336 202336
202336 202336
202336 202336
202336 202336
202336 202336
202336 202336
202336 202336
202336 202336
202336 202336
202336 202336
202336 202336
202336 202336
202336 202336
202336 202336
202336 202336
202336 202336
202336 202336
202336 202336
202336 202336
202336 202336
202336 202336
202336 202336
202336 202336
202336 202336
202336 202336
202336 202336
202336 202336
202336 202336
202336 202336
202336 202336
202336 202336
202336 202336
202336 202336
202336 202336
202336 202336
202336 202336
202336 202336
202336 202336
202336 202336
202336 202336
202336 202336
202336 202336
202336 202336
202336 202336
202336 202336
202336 202336
202336 202336
202336 202336
202336 202336
202336 202336
202336 202336
202336 202336
202336 202336
202336 202336
202336 202336
202336 202336
202336 202336
202336 202336
202336 202336
202336 202336
202336 202336
202336 202336
202336 202336
202336 202336
202336 202336
202336 202336
202336 202336
202336 202336
202336 202336
202336 202336
202336 202336
202336 202336
202336 202336
202336 202336
202336 202336
202336 202336
202336 202336
202336 202336
202336 202336
202336 202336
202336 202336
202336 202336
202336 202336
202336 202336
202336 202336
202336 202336
202336 202336
202336 202336
202336 202336
202336 202336
202336 202336
202336 202336
202336 202336
202336 202336
202336 202336
202336 202336
202336 202336
202336 202336
202336 202336
202336 202336
202336 202336
202336 202336
202336 202336
202336 202336
202336 202336
202336 202336
202336 202336
202336 202336
202336 202336
202336 202336
202336 202336
202336 202336
202336 202336
202336 202336
202336 202336
202336 202336
202336 202336
202336 202336
202336 202336
202336 202336
202336 202336
202336 202336
202336 202336
202336 202336
202336 202336
202336 202336
202336 202336
202336 202336
202336 202336
202336 202336
202336 202336
202336 202336
202336 202336
202336 202336
202336 202336
202336 202336
202336 202336
202336 202336
202336 202336
202336 202336
202336 202336
202336 202336
202336 202336
202336 202336
202336 202336
202336 202336
202336 202336
202336 202336
202336 202336
202336 202336
202336 202336
202336 202336
202336 202336
202336 202336
202336 202336
202336 202336
202336 202336
202336 202336
202336 202336
202336 202336
202336 202336
202336 202336
202336 202336
202336 202336
202336 202336
202336 202336
202336 202336
202336 202336
202336 202336
202336 202336
202336 202336
202336 202336
202336 202336
202336 202336
202336 202336
202336 202336
202336 202336
202336 202336
202336 202336
202336 202336
202336 202336
202336 202336
202336 202336
202336 202336
202336 202336
202336 202336
202336 202336
202336 202336
202336 202336
202336 202336
202336 202336
202336 202336
202336 202336
202336 202336
202336 202336
202336 202336
202336 202336
202336 202336
202336 202336
202336 202336
202336 202336
202336 202336
202336 202336
202336 202336
202336 202336
202336 202336
202336 202336
202336 202336
202336 202336
202336 202336
202336 202336
202336 202336
202336 202336
202336 202336
202336 202336
202336 202336
202336 202336
202336 202336
202336 202336
202336 202336
202336 202336
202336 202336
202336 202336
202336 202336
202336 202336
202336 202336
202336 202336
202336 202336
202336 202336
202336 202336
202336 202336
202336 202336
202336 202336
202336 202336
202336 202336
202336 202336
202336 202336
202336 202336
202336 202336
202336 202336
202336 202336
202336 202336
202336 202336
202336 202336
202336 202336
202336 202336
202336 202336
202336 202336
202336 202336
202336 202336
202336 202336
202336 202336
202336 202336
202336 202336
202336 202336
202336 202336
202336 202336
202336 202336
202336 202336
202336 202336
202336 202336
202336 202336
202336 202336
202336 202336
202336 202336
202336 202336
202336 202336
202336 202336
202336 202336
202336 202336
202336 202336
202336 202336
202336 202336
202336 202336
202336 202336
202336 202336
202336 202336
202336 202336
202336 202336
202336 202336
202336 202336
202336 202336
202336 202336
202336 202336
202336 202336
202336 202336
202336 202336
202336 202336
202336 202336
202336 202336
202336 202336
202336 202336
202336 202336
202336 202336
202336 202336
202336 202336
202336 202336
202336 202336
202336 202336
202336 202336
202336 202336
202336 202336
202336 202336
202336 202336
202336 202336
202336 202336
202336 202336
202336 202336
202336 202336
202336 202336
202336 202336
202336 202336
202336 202336
202336 202336
202336 202336
202336 202336
202336 202336
202336 202336
202336 202336
202336 202336
202336 202336
202336 202336
202336 202336
202336 202336
202336 202336
202336 202336
202336 202336
202336 202336
202336 202336
202336 202336
202336 202336
202336 202336
202336 202336
202336 202336
202336 202336
202336 202336
202336 202336
202336 202336
202336 202336
202336 202336
202336 202336
202336 202336
202336 202336
202336 202336
202336 202336
202336 202336
202336 202336
202336 202336
202336 202336
202336 202336
202336 202336
202336 202336
202336 202336
202336 202336
202336 202336
202336 202336
202336 202336
202336 202336
202336 202336
202336 202336
202336 202336
202336 202336
202336 202336
202336 202336
202336 202336
202336 202336
202336 202336
202336 202336
202336 202336
202336 202336
202336 202336
202336 202336
202336 202336
202336 202336
202336 202336
202336 202336
202336 202336
202336 202336
202336 202336
202336 202336
202336 202336
202336 202336
202336 202336
202336 202336
202336 202336
202336 202336
202336 202336
202336 202336
202336 202336
202336 202336
202336 202336
202336 202336
202336 202336
202336 202336
202336 202336
202336 202336
202336 202336
202336 202336
202336 202336
202336 202336
202336 202336
202336 202336
202336 202336
202336 202336
202336 202336
202336 202336
202336 202336
202336 202336
202336 202336
202336 202336
202336 202336
202336 202336
202336 202336
202336 202336
202336 202336
202336 202336
202336 202336
202336 202336
202336 202336
202336 202336
202336 202336
202336 202336
202336 202336
202336 202336
202336 202336
202336 202336
202336 202336
202336 202336
202336 202336
202336 202336
202336 202336
202336 202336
202336 202336
202336 202336
202336 202336
202336 202336
202336 202336
202336 202336
202336 202336
202336 202336
202336 202336
202336 202336
202336 202336
202336 202336
202336 202336
202336 202336
202336 202336
202336 202336
202336 202336
202336 202336
202336 202336
202336 202336
202336 202336
202336 202336
202336 202336
202336 202336
202336 202336
202336 202336
202336 202336
202336 202336
202336 202336
202336 202336
202336 202336
202336 202336
202336 202336
202336 202336
202336 202336
202336 202336
202336 202336
202336 202336
202336 202336
202336 202336
202336 202336
202336 202336
202336 202336
202336 202336
202336 202336
202336 202336
202336 202336
202336 202336
202336 202336
202336 202336
202336 202336
202336 202336
202336 202336
202336 202336
202336 202336
202336 202336
202336 202336
202336 202336
202336 202336
202336 202336
202336 202336
202336 202336
202336 202336
202336 202336
202336 202336
202336 202336
202336 202336
202336 202336
202336 202336
202336 202336
202336 202336
202336 202336
202336 202336
202336 202336
202336 202336
202336 202336
202336 202336
202336 202336
202336 202336
202336 202336
202336 202336
202336 202336
202336 202336
202336 202336
202336 202336
202336 202336
202336 202336
202336 202336
202336 202336
202336 202336
202336 202336
202336 202336
202336 202336
202336 202336
202336 202336
202336 202336
202336 202336
202336 202336
202336 202336
202336 202336
202336 202336
202336 202336
202336 202336
202336 202336
202336 202336
202336 202336
202336 202336
202336 202336
202336 202336
202336 202336
202336 202336
202336 202336
202336 202336
202336 202336
202336 202336
202336 202336
202336 202336
202336 202336
202336 202336
202336 202336
202336 202336
202336 202336
202336 202336
202336 202336
202336 202336
202336 202336
202336 202336
202336 202336
202336 202336
202336 202336
202336 202336
202336 202336
202336 202336
202336 202336
202336 202336
202336 202336
202336 202336
202336 202336
202336 202336
202336 202336
202336 202336
202336 202336
202336 202336
202336 202336
202336 202336
202336 202336
202336 202336
202336 202336
202336 202336
202336 202336
202336 202336
202336 202336
202336 202336
202336 202336
202336 202336
202336 202336
202336 202336
202336 202336
202336 202336
202336 202336
202336 202336
202336 202336
202336 202336
202336 202336
202336 202336
202336 202336
202336 202336
202336 202336
202336 202336
202336 202336
202336 202336
202336 202336
202336 202336
202336 202336
202336 202336
202336 202336
202336 202336
202336 202336
202336 202336
202336 202336
202336 202336
202336 202336
202336 202336
202336 202336
202336 202336
202336 202336
202336 202336
202336 202336
202336 202336
202336 202336
202336 202336
202336 202336
202336 202336
202336 202336
202336 202336
202336 202336
202336 202336
202336 202336
202336 202336
202336 202336
202336 202336
202336 202336
202336 202336
202336 202336
202336 202336
202336 202336
202336 202336
202336 202336
202336 202336
202336 202336
202336 202336
202336 202336
202336 202336
202336 202336
202336 202336
202336 202336
202336 202336
202336 202336
202336 202336
202336 202336
202336 202336
202336 202336
202336 202336
202336 202336
202336 202336
202336 202336
202336 202336
202336 202336
202336 202336
202336 202336
202336 202336
202336 202336
202336 202336
202336 202336
202336 202336
202336 202336
202336 202336
202336 202336
202336 202336
202336 202336
202336 202336
202336 202336
202336 202336
202336 202336
202336 202336
202336 202336
202336 202336
202336 202336
202336 202336
202336 202336
202336 202336
202336 202336
202336 202336
202336 202336
202336 202336
202336 202336
202336 202336
202336 202336
202336 202336
202336 202336
202336 202336
202336 202336
202336 202336
202336 202336
202336 202336
202336 202336
202336 202336
202336 202336
202336 202336
202336 202336
202336 202336
202336 202336
202336 202336
202336 202336
202336 202336
202336 202336
202336 202336
202336 202336
202336 202336
202336 202336
202336 202336
202336 202336
202336 202336
202336 202336
202336 202336
202336 202336
202336 202336
202336 202336
202336 202336
202336 202336
202336 202336
202336 202336
202336 202336
202336 202336
202336 202336
202336 202336
202336 202336
202336 202336
202336 202336
202336 202336
202336 202336
202336 202336
202336 202336
202336 202336
202336 202336
202336 202336
202336 202336
202336 202336
202336 202336
202336 202336
202336 202336
202336 202336
202336 202336
202336 202336
202336 202336
202336 202336
202336 202336
202336 202336
202336 202336
202336 202336
202336 202336
202336 202336
202336 202336
202336 202336
202336 202336
202336 202336
202336 202336
202336 202336
202336 202336
202336 202336
202336 202336
202336 202336
202336 202336
202336 202336
202336 202336
202336 202336
202336 202336
202336 202336
202336 202336
202336 202336
202336 202336
202336 202336
202336 202336
202336 202336
202336 202336
202336 202336
202336 202336
202336 202336
202336 202336
202336 202336
202336 202336
202336 202336
202336 202336
202336 202336
202336 202336
202336 202336
202336 202336
202336 202336
202336 202336
202336 202336
202336 202336
202336 202336
202336 202336
202336 202336
202336 202336
202336 202336
202336 202336
202336 202336
202336 202336
202336 202336
202336 202336
202336 202336
202336 202336
202336 202336
202336 202336
202336 202336
202336 202336
202336 202336
202336 202336
202336 202336
202336 202336
202336 202336
202336 202336
202336 202336
202336 202336
202336 202336
202336 202336
202336 202336
202336 202336
202336 202336
202336 202336
202336 202336
202336 202336
202336 202336
202336 202336
202336 202336
202336 202336
202336 202336
202336 202336
202336 202336
202336 202336
202336 202336
202336 202336
202336 202336
202336 202336
202336 202336
202336 202336
202336 202336
202336 202336
202336 202336
202336 202336
202336 202336
202336 202336
202336 202336
202336 202336
202336 202336
202336 202336
202336 202336
202336 202336
202336 202336
202336 202336
202336 202336
202336 202336
202336 202336
202336 202336
202336 202336
202336 202336
202336 202336
202336 202336
202336 202336
202336 202336
202336 202336
202336 202336
202336 202336
202336 202336
202336 202336
202336 202336
202336 202336
202336 202336
202336 202336
202336 202336
202336 202336
202336 202336
202336 202336
202336 202336
202336 202336
202336 202336
202336 202336
202336 202336
202336 202336
202336 202336
202336 202336
202336 202336
202336 202336
202336 202336
202336 202336
202336 202336
202336 202336
202336 202336
202336 202336
202336 202336
202336 202336
202336 202336
202336 202336
202336 202336
202336 202336
202336 202336
202336 202336
202336 202336
202336 202336
202336 202336
202336 202336
202336 202336
202336 202336
202336 202336
202336 202336
202336 202336
202336 202336
202336 202336
202336 202336
202336 202336
202336 202336
202336 202336
202336 202336
202336 202336
202336 202336
202336 202336
202336 202336
202336 202336
202336 202336
202336 202336
202336 202336
202336 202336
202336 202336
202336 202336
202336 202336
202336 202336
202336 202336
202336 202336
202336 202336
202336 202336
202336 202336
202336 202336
202336 202336
202336 202336
202336 202336
202336 202336
202336 202336
202336 202336
202336 202336
202336 202336
202336 202336
202336 202336
202336 202336
202336 202336
202336 202336
202336 202336
202336 202336
202336 202336
202336 202336
202336 202336
202336 202336
202336 202336
202336 202336
202336 202336
202336 202336
202336 202336
202336 202336
202336 202336
202336 202336
202336 202336
202336 202336
202336 202336
202336 202336
202336 202336
202336 202336
202336 202336
202336 202336
202336 202336
202336 202336
202336 202336
202336 202336
202336 202336
202336 202336
202336 202336
202336 202336
202336 202336
202336 202336
202336 202336
202336 202336
202336 202336
202336 202336
202336 202336
202336 202336
202336 202336
202336 202336
202336 202336
202336 202336
202336 202336
202336 202336
202336 202336
202336 202336
202336 202336
202336 202336
202336 202336
202336 202336
202336 202336
202336 202336
202336 202336
202336 202336
202336 202336
202336 202336
202336 202336
202336 202336
202336 202336
202336 202336
202336 202336
202336 202336
202336 202336
202336 202336
202336 202336
202336 202336
202336 202336
202336 202336
202336 202336
202336 202336
202336 202336
202336 202336
202336 202336
202336 202336
202336 202336
202336 202336
202336 202336
202336 202336
202336 202336
202336 202336
202336 202336
202336 202336
202336 202336
202336 202336
202336 202336
202336 202336
202336 202336
202336 202336
202336 202336
202336 202336
202336 202336
202336 202336
202336 202336
202336 202336
202336 202336
202336 202336
202336 202336
202336 202336
202336 202336
202336 202336
202336 202336
202336 202336
202336 202336
202336 202336
202336 202336
202336 202336
202336 202336
202336 202336
202336 202336
202336 202336
202336 202336
202336 202336
202336 202336
202336 202336
202336 202336
202336 202336
202336 202336
202336 202336
202336 202336
202336 202336
202336 202336
202336 202336
202336 202336
202336 202336
202336 202336
202336 202336
202336 202336
202336 202336
202336 202336
202336 202336
202336 202336
202336 202336
202336 202336
202336 202336
202336 202336
202336 202336
202336 202336
202336 202336
202336 202336
202336 202336
202336 202336
202336 202336
202336 202336
202336 202336
202336 202336
202336 202336
202336 202336
202336 202336
202336 202336
202336 202336
202336 202336
202336 202336
202336 202336
202336 202336
202336 202336
202336 202336
202336 202336
202336 202336
202336 202336
202336 202336
202336 202336
202336 202336
202336 202336
202336 202336
202336 202336
202336 202336
202336 202336
202336 202336
202336 202336
202336 202336
202336 202336
202336 202336
202336 202336
202336 202336
202336 202336
202336 202336
202336 202336
202336 202336
202336 202336
202336 202336
202336 202336
202336 202336
202336 202336
202336 202336
202336 202336
202336 202336
202336 202336
202336 202336
202336 202336
202336 202336
202336 202336
202336 202336
202336 202336
202336 202336
202336 202336
202336 202336
202336 202336
202336 202336
202336 202336
202336 202336
202336 202336
202336 202336
202336 202336
202336 202336
202336 202336
202336 202336
202336 202336
202336 202336
202336 202336
202336 202336
202336 202336
202336 202336
202336 202336
202336 202336
202336 202336
202336 202336
202336 202336
202336 202336
202336 202336
202336 202336
202336 202336
202336 202336
202336 202336
202336 202336
202336 202336
202336 202336
202336 202336
202336 202336
202336 202336
202336 202336
202336 202336
202336 202336
202336 202336
202336 202336
202336 202336
202336 202336
202336 202336
202336 202336
202336 202336
202336 202336
202336 202336
202336 202336
202336 202336
202336 202336
202336 202336
202336 202336
202336 202336
202336 202336
202336 202336
202336 202336
202336 202336
202336 202336
202336 202336
202336 202336
202336 202336
202336 202336
202336 202336
202336 202336
202336 202336
202336 202336
202336 202336
202336 202336
202336 202336
202336 202336
202336 202336
202336 202336
202336 202336
202336 202336
202336 202336
202336 202336
202336 202336
202336 202336
202336 202336
202336 202336
202336 202336
202336 202336
202336 202336
202336 202336
202336 202336
202336 202336
202336 202336
202336 202336
202336 202336
202336 202336
202336 202336
202336 202336
202336 202336
202336 202336
202336 202336
202336 202336
202336 202336
202336 202336
202336 202336
202336 202336
202336 202336
202336 202336
202336 202336
202336 202336
202336 202336
202336 202336
202336 202336
202336 202336
202336 202336
202336 202336
202336 202336
202336 202336
202336 202336
202336 202336
202336 202336
202336 202336
202336 202336
202336 202336
202336 202336
202336 202336
202336 202336
202336 202336
202336 202336
202336 202336
202336 202336
202336 202336
202336 202336
202336 202336
202336 202336
202336 202336
202336 202336
202336 202336
202336 202336
202336 202336
202336 202336
202336 202336
202336 202336
202336 202336
202336 202336
202336 202336
202336 202336
202336 202336
202336 202336
202336 202336
202336 202336
202336 202336
202336 202336
202336 202336
202336 202336
202336 202336
202336 202336
202336 202336
202336 202336
202336 202336
202336 202336
202336 202336
202336 202336
202336 202336
202336 202336
202336 202336
202336 202336
202336 202336
202336 202336
202336 202336
202336 202336
202336 202336
202336 202336
202336 202336
202336 202336
202336 202336
202336 202336
202336 202336
202336 202336
202336 202336
202336 202336
202336 202336
202336 202336
202336 202336
202336 202336
202336 202336
202336 202336
202336 202336
202336 202336
202336 202336
202336 202336
202336 202336
202336 202336
202336 202336
202336 202336
202336 202336
202336 202336
202336 202336
202336 202336
202336 202336
202336 202336
202336 202336
202336 202336
202336 202336
202336 202336
202336 202336
202336 202336
202336 202336
202336 202336
202336 202336
202336 202336
202336 202336
202336 202336
202336 202336
202336 202336
202336 202336
202336 202336
202336 202336
202336 202336
202336 202336
202336 202336
202336 202336
202336 202336
202336 202336
202336 202336
202336 202336
202336 202336
202336 202336
202336 202336
202336 202336
202336 202336
202336 202336
202336 202336
202336 202336
202336 202336
202336 202336
202336 202336
202336 202336
202336 202336
202336 202336
202336 202336
202336 202336
202336 202336
202336 202336
202336 202336
202336 202336
202336 202336
202336 202336
202336 202336
202336 202336
202336 202336
202336 202336
202336 202336
202336 202336
202336 202336
202336 202336
202336 202336
202336 202336
202336 202336
202336 202336
202336 202336
202336 202336
202336 202336
202336 202336
202336 202336
202336 202336
202336 202336
202336 202336
202336 202336
202336 202336
202336 202336
202336 202336
202336 202336
202336 202336
202336 202336
202336 202336
202336 202336
202336 202336
202336 202336
202336 202336
202336 202336
202336 202336
202336 202336
202336 202336
202336 202336
202336 202336
202336 202336
202336 202336
202336 202336
202336 202336
202336 202336
202336 202336
202336 202336
202336 202336
202336 202336
202336 202336
202336 202336
202336 202336
202336 202336
202336 202336
202336 202336
202336 202336
202336 202336
202336 202336
202336 202336
202336 202336
202336 202336
202336 202336
202336 202336
202336 202336
202336 202336
202336 202336
202336 202336
202336 202336
202336 202336
202336 202336
202336 202336
202336 202336
202336 202336
202336 202336
202336 202336
202336 202336
202336 202336
202336 202336
202336 202336
202336 202336
202336 202336
202336 202336
202336 202336
202336 202336
202336 202336
202336 202336
202336 202336
202336 202336
202336 202336
202336 202336
202336 202336
202336 202336
202336 202336
202336 202336
202336 202336
202336 202336
202336 202336
202336 202336
202336 202336
202336 202336
202336 202336
202336 202336
202336 202336
202336 202336
202336 202336
202336 202336
202336 202336
202336 202336
202336 202336
202336 202336
202336 202336
202336 202336
202336 202336
202336 202336
202336 202336
202336 202336
202336 202336
202336 202336
202336 202336
202336 202336
202336 202336
202336 202336
202336 202336
202336 202336
202336 202336
202336 202336
202336 202336
202336 202336
202336 202336
202336 202336
202336 202336
202336 202336
202336 202336
202336 202336
202336 202336
202336 202336
202336 202336
202336 202336
202336 202336
202336 202336
202336 202336
202336 202336
202336 202336
202336 202336
202336 202336
202336 202336
202336 202336
202336 202336
202336 202336
202336 202336
202336 202336
202336 202336
202336 202336
202336 202336
202336 202336
202336 202336
202336 202336
202336 202336
202336 202336
202336 202336
202336 202336
202336 202336
202336 202336
202336 202336
202336 202336
202336 202336
202336 202336
202336 202336
202336 202336
202336 202336
202336 202336
202336 202336
202336 202336
202336 202336
202336 202336
202336 202336
202336 202336
202336 202336
202336 202336
202336 202336
202336 202336
202336 202336
202336 202336
202336 202336
202336 202336
202336 202336
202336 202336
202336 202336
202336 202336
202336 202336
202336 202336
202336 202336
202336 202336
202336 202336
202336 202336
202336 202336
202336 202336
202336 202336
202336 202336
202336 202336
202336 202336
202336 202336
202336 202336
202336 202336
202336 202336
202336 202336
202336 202336
202336 202336
202336 202336
202336 202336
202336 202336
202336 202336
202336 202336
202336 202336
202336 202336
202336 202336
202336 202336
202336 202336
202336 202336
202336 202336
202336 202336
202336 202336
202336 202336
202336 202336
202336 202336
202336 202336
202336 202336
202336 202336
202336 202336
202336 202336
202336 202336
202336 202336
202336 202336
202336 202336
202336 202336
202336 202336
202336 202336
202336 202336
202336 202336
202336 202336
202336 202336
202336 202336
202336 202336
202336 202336
202336 202336
202336 202336
202336 202336
202336 202336
202336 202336
202336 202336
202336 202336
202336 202336
202336 202336
202336 202336
202336 202336
202336 202336
202336 202336
202336 202336
202336 202336
202336 202336
202336 202336
202336 202336
202336 202336
202336 202336
202336 202336
202336 202336
202336 202336
202336 202336
202336 202336
202336 202336
202336 202336
202336 202336
202336 202336
202336 202336
202336 202336
202336 202336
202336 202336
202336 202336
202336 202336
202336 202336
202336 202336
202336 202336
202336 202336
202336 202336
202336 202336
202336 202336
202336 202336
202336 202336
202336 202336
202336 202336
202336 202336
202336 202336
202336 202336
202336 202336
202336 202336
202336 202336
202336 202336
202336 202336
202336 202336
202336 202336
202336 202336
202336 202336
202336 202336
202336 202336
202336 202336
202336 202336
202336 202336
202336 202336
202336 202336
202336 202336
202336 202336
202336 202336
202336 202336
202336 202336
202336 202336
202336 202336
202336 202336
202336 202336
202336 202336
202336 202336
202336 202336
202336 202336
202336 202336
202336 202336
202336 202336
202336 202336
202336 202336
202336 202336
202336 202336
202336 202336
202336 202336
202336 202336
202336 202336
202336 202336
202336 202336
202336 202336
202336 202336
202336 202336
202336 202336
202336 202336
202336 202336
202336 202336
202336 202336
202336 202336
202336 202336
202336 202336
202336 202336
202336 202336
202336 202336
202336 202336
202336 202336
202336 202336
202336 202336
202336 202336
202336 202336
202336 202336
202336 202336
202336 202336
202336 202336
202336 202336
202336 202336
202336 202336
202336 202336
202336 202336
202336 202336
202336 202336
202336 202336
202336 202336
202336 202336
202336 202336
202336 202336
202336 202336
202336 202336
202336 202336
202336 202336
202336 202336
202336 202336
202336 202336
202336 202336
202336 202336
202336 202336
202336 202336
202336 202336
202336 202336
202336 202336
202336 202336
202336 202336
202336 202336
202336 202336
202336 202336
202336 202336
202336 202336
202336 202336
202336 202336
202336 202336
202336 202336
202336 202336
202336 202336
202336 202336
202336 202336
202336 202336
202336 202336
202336 202336
202336 202336
202336 202336
202336 202336
202336 202336
202336 202336
202336 202336
202336 202336
202336 202336
202336 202336
202336 202336
202336 202336
202336 202336
202336 202336
202336 202336
202336 202336
202336 202336
202336 202336
202336 202336
202336 202336
202336 202336
202336 202336
202336 202336
202336 202336
202336 202336
202336 202336
202336 202336
202336 202336
202336 202336
202336 202336
202336 202336
202336 202336
202336 202336
202336 202336
202336 202336
202336 202336
202336 202336
202336 202336
202336 202336
202336 202336
202336 202336
202336 202336
202336 202336
202336 202336
202336 202336
202336 202336
202336 202336
202336 202336
202336 202336
202336 202336
202336 202336
202336 202336
202336 202336
202336 202336
202336 202336
202336 202336
202336 202336
202336 202336
202336 202336
202336 202336
202336 202336
202336 202336
202336 202336
202336 202336
202336 202336
202336 202336
202336 202336
202336 202336
202336 202336
202336 202336
202336 202336
202336 202336
202336 202336
202336 202336
202336 202336
202336 202336
202336 202336
202336 202336
202336 202336
202336 202336
202336 202336
202336 202336
202336 202336
202336 202336
202336 202336
202336 202336
202336 202336
202336 202336
202336 202336
202336 202336
202336 202336
202336 202336
202336 202336
202336 202336
202336 202336
202336 202336
202336 202336
202336 202336
202336 202336
202336 202336
202336 202336
202336 202336
202336 202336
202336 202336
202336 202336
202336 202336
202336 202336
202336 202336
202336 202336
202336 202336
202336 202336
202336 202336
202336 202336
202336 202336
202336 202336
202336 202336
202336 202336
202336 202336
202336 202336
202336 202336
202336 202336
202336 202336
202336 202336
202336 202336
202336 202336
202336 202336
202336 202336
202336 202336
202336 202336
202336 202336
202336 202336
202336 202336
202336 202336
202336 202336
202336 202336
202336 202336
202336 202336
202336 202336
202336 202336
202336 202336
202336 202336
202336 202336
202336 202336
202336 202336
202336 202336
202336 202336
202336 202336
202336 202336
202336 202336
202336 202336
202336 202336
202336 202336
202336 202336
202336 202336
202336 202336
202336 202336
202336 202336
202336 202336
202336 202336
202336 202336
202336 202336
202336 202336
202336 202336
202336 202336
202336 202336
202336 202336
202336 202336
202336 202336
202336 202336
202336 202336
202336 202336
202336 202336
202336 202336
202336 202336
202336 202336
202336 202336
202336 202336
202336 202336
202336 202336
202336 202336
202336 202336
202336 202336
202336 202336
202336 202336
202336 202336
202336 202336
202336 202336
202336 202336
202336 202336
202336 202336
202336 202336
202336 202336
202336 202336
202336 202336
202336 202336
202336 202336
202336 202336
202336 202336
202336 202336
202336 202336
202336 202336
202336 202336
202336 202336
202336 202336
202336 202336
202336 202336
202336 202336
202336 202336
202336 202336
202336 202336
202336 202336
202336 202336
202336 202336
202336 202336
202336 202336
202336 202336
202336 202336
202336 202336
202336 202336
202336 202336
202336 202336
202336 202336
202336 202336
202336 202336
202336 202336
202336 202336
202336 202336
202336 202336
202336 202336
202336 202336
202336 202336
202336 202336
202336 202336
202336 202336
202336 202336
202336 202336
202336 202336
202336 202336
202336 202336
202336 202336
202336 202336
202336 202336
202336 202336
202336 202336
202336 202336
202336 202336
202336 202336
202336 202336
202336 202336
202336 202336
202336 202336
202336 202336
202336 202336
202336 202336
202336 202336
202336 202336
202336 202336
202336 202336
202336 202336
202336 202336
202336 202336
202336 202336
202336 202336
202336 202336
202336 202336
202336 202336
202336 202336
202336 202336
202336 202336
202336 202336
202336 202336
202336 202336
202336 202336
202336 202336
202336 202336
202336 202336
202336 202336
202336 202336
202336 202336
202336 202336
202336 202336
202336 202336
202336 202336
202336 202336
202336 202336
202336 202336
202336 202336
202336 202336
202336 202336
202336 202336
202336 202336
202336 202336
202336 202336
202336 202336
202336 202336
202336 202336
202336 202336
202336 202336
202336 202336
202336 202336
202336 202336
202336 202336
202336 202336
202336 202336
202336 202336
202336 202336
202336 202336
202336 202336
202336 202336
202336 202336
202336 202336
202336 202336
202336 202336
202336 202336
202336 202336
202336 202336
202336 202336
202336 202336
202336 202336
202336 202336
202336 202336
202336 202336
202336 202336
202336 202336
202336 202336
202336 202336
202336 202336
202336 202336
202336 202336
202336 202336
202336 202336
202336 202336
202336 202336
202336 202336
202336 202336
202336 202336
202336 202336
202336 202336
202336 202336
202336 202336
202336 202336
202336 202336
202336 202336
202336 202336
202336 202336
202336 202336
202336 202336
202336 202336
202336 202336
202336 202336
202336 202336
202336 202336
202336 202336
202336 202336
202336 202336
202336 202336
202336 202336
202336 202336
202336 202336
202336 202336
202336 202336
202336 202336
202336 202336
202336 202336
202336 202336
202336 202336
202336 202336
202336 202336
202336 202336
202336 202336
202336 202336
202336 202336
202336 202336
202336 202336
202336 202336
202336 202336
202336 202336
202336 202336
202336 202336
202336 202336
202336 202336
202336 202336
202336 202336
202336 202336
202336 202336
202336 202336
202336 202336
202336 202336
202336 202336
202336 202336
202336 202336
202336 202336
202336 202336
202336 202336
202336 202336
202336 202336
202336 202336
202336 202336
202336 202336
202336 202336
202336 202336
202336 202336
202336 202336
202336 202336
202336 202336
202336 202336
202336 202336
202336 202336
202336 202336
202336 202336
202336 202336
202336 202336
202336 202336
202336 202336
202336 202336
202336 202336
202336 202336
202336 202336
202336 202336
202336 202336
202336 202336
202336 202336
202336 202336
202336 202336
202336 202336
202336 202336
202336 202336
202336 202336
202336 202336
202336 202336
202336 202336
202336 202336
202336 202336
202336 202336
202336 202336
202336 202336
202336 202336
202336 202336
202336 202336
202336 202336
202336 202336
202336 202336
202336 202336
202336 202336
202336 202336
202336 202336
202336 202336
202336 202336
202336 202336
202336 202336
202336 202336
202336 202336
202336 202336
202336 202336
202336 202336
202336 202336
202336 202336
202336 202336
202336 202336
202336 202336
202336 202336
202336 202336
202336 202336
202336 202336
202336 202336
202336 202336
202336 202336
202336 202336
202336 202336
202336 202336
202336 202336
202336 202336
202336 202336
202336 202336
202336 202336
202336 202336
202336 202336
202336 202336
202336 202336
202336 202336
202336 202336
202336 202336
202336 202336
202336 202336
202336 202336
202336 202336
202336 202336
202336 202336
202336 202336
202336 202336
202336 202336
202336 202336
202336 202336
202336 202336
202336 202336
202336 202336
202336 202336
202336 202336
202336 202336
202336 202336
202336 202336
202336 202336
202336 202336
202336 202336
202336 202336
202336 202336
202336 202336
202336 202336
202336 202336
202336 202336
202336 202336
202336 202336
202336 202336
202336 202336
202336 202336
202336 202336
202336 202336
202336 202336
202336 202336
202336 202336
202336 202336
202336 202336
202336 202336
202336 202336
202336 202336
202336 202336
202336 202336
202336 202336
202336 202336
202336 202336
202336 202336
202336 202336
202336 202336
202336 202336
202336 202336
202336 202336
202336 202336
202336 202336
202336 202336
202336 202336
202336 202336
202336 202336
202336 202336
202336 202336
202336 202336
202336 202336
202336 202336
202336 202336
202336 202336
202336 202336
202336 202336
202336 202336
202336 202336
202336 202336
202336 202336
202336 202336
202336 202336
202336 202336
202336 202336
202336 202336
202336 202336
202336 202336
202336 202336
202336 202336
202336 202336
202336 202336
202336 202336
202336 202336
202336 202336
202336 202336
202336 202336
202336 202336
202336 202336
202336 202336
202336 202336
202336 202336
202336 202336
202336 202336
202336 202336
202336 202336
202336 202336
202336 202336
202336 202336
202336 202336
202336 202336
202336 202336
202336 202336
202336 202336
202336 202336
202336 202336
202336 202336
202336 202336
202336 202336
202336 202336
202336 202336
202336 202336
202336 202336
202336 202336
202336 202336
202336 202336
202336 202336
202336 202336
202336 202336
202336 202336
202336 202336
202336 202336
202336 202336
202336 202336
202336 202336
202336 202336
202336 202336
202336 202336
202336 202336
202336 202336
202336 202336
202336 202336
202336 202336
202336 202336
202336 202336
202336 202336
202336 202336
202336 202336
202336 202336
202336 202336
202336 202336
202336 202336
202336 202336
202336 202336
202336 202336
202336 202336
202336 202336
202336 202336
202336 202336
202336 202336
202336 202336
202336 202336
202336 202336
202336 202336
202336 202336
202336 202336
202336 202336
202336 202336
202336 202336
202336 202336
202336 202336
202336 202336
202336 202336
202336 202336
202336 202336
202336 202336
202336 202336
202336 202336
202336 202336
202336 202336
202336 202336
202336 202336
202336 202336
202336 202336
202336 202336
202336 202336
202336 202336
202336 202336
202336 202336
202336 202336
202336 202336
202336 202336
202336 202336
202336 202336
202336 202336
202336 202336
202336 202336
202336 202336
202336 202336
202336 202336
202336 202336
202336 202336
202336 202336
202336 202336
202336 202336
202336 202336
202336 202336
202336 202336
202336 202336
202336 202336
202336 202336
202336 202336
202336 202336
202336 202336
202336 202336
202336 202336
202336 202336
202336 202336
202336 202336
202336 202336
202336 202336
202336 202336
202336 202336
202336 202336
202336 202336
202336 202336
202336 202336
202336 202336
202336 202336
202336 202336
202336 202336
202336 202336
202336 202336
202336 202336
202336 202336
202336 202336
202336 202336
202336 202336
202336 202336
202336 202336
202336 202336
202336 202336
202336 202336
202336 202336
202336 202336
202336 202336
202336 202336
202336 202336
202336 202336
202336 202336
202336 202336
202336 202336
202336 202336
202336 202336
202336 202336
202336 202336
202336 202336
202336 202336
202336 202336
202336 202336
202336 202336
202336 202336
202336 202336
202336 202336
202336 202336
202336 202336
202336 202336
202336 202336
202336 202336
202336 202336
202336 202336
202336 202336
202336 202336
202336 202336
202336 202336
202336 202336
202336 202336
202336 202336
202336 202336
202336 202336
202336 202336
202336 202336
202336 202336
202336 202336
202336 202336
202336 202336
202336 202336
202336 202336
202336 202336
202336 202336
202336 202336
202336 202336
202336 202336
202336 202336
202336 202336
202336 202336
202336 202336
202336 202336
202336 202336
202336 202336
202336 202336
202336 202336
202336 202336
202336 202336
202336 202336
202336 202336
202336 202336
202336 202336
202336 202336
202336 202336
202336 202336
202336 202336
202336 202336
202336 202336
202336 202336
202336 202336
202336 202336
202336 202336
202336 202336
202336 202336
202336 202336
202336 202336
202336 202336
202336 202336
202336 202336
202336 202336
202336 202336
202336 202336
202336 202336
202336 202336
202336 202336
202336 202336
202336 202336
202336 202336
202336 202336
202336 202336
202336 202336
202336 202336
202336 202336
202336 202336
202336 202336
202336 202336
202336 202336
202336 202336
202336 202336
202336 202336
202336 202336
202336 202336
202336 202336
202336 202336
202336 202336
202336 202336
202336 202336
202336 202336
202336 202336
202336 202336
202336 202336
202336 202336
202336 202336
202336 202336
202336 202336
202336 202336
202336 202336
202336 202336
202336 202336
202336 202336
202336 202336
202336 202336
202336 202336
202336 202336
202336 202336
202336 202336
202336 202336
202336 202336
202336 202336
202336 202336
202336 202336
202336 202336
202336 202336
202336 202336
202336 202336
202336 202336
202336 202336
202336 202336
202336 202336
202336 202336
202336 202336
202336 202336
202336 202336
202336 202336
202336 202336
202336 202336
202336 202336
202336 202336
202336 202336
202336 202336
202336 202336
202336 202336
202336 202336
202336 202336
202336 202336
202336 202336
202336 202336
202336 202336
202336 202336
202336 202336
202336 202336
202336 202336
202336 202336
202336 202336
202336 202336
202336 202336
202336 202336
202336 202336
202336 202336
202336 202336
202336 202336
202336 202336
202336 202336
202336 202336
202336 202336
202336 202336
202336 202336
202336 202336
202336 202336
202336 202336
202336 202336
