202252
163105 163105
166433 166433
169680 169680
169680 169680
170163 170163
171088 171088
174129 174129
174658 174658
175724 175724
177515 177515
178080 178080
178157 178157
180065 180065
180261 180261
181258 181258
182676 182676
183009 183009
183397 183397
183848 183848
184426 184426
185726 185726
186625 186625
187428 187428
187481 187481
190670 190670
190919 190919
191918 191918
192144 192144
192144 192144
192328 192328
192349 192349
192793 192793
193139 193139
193630 193630
193716 193716
194516 194516
195128 195128
195618 195618
195618 195618
195732 195732
195762 195762
195839 195839
196190 196190
196672 196672
197058 197058
197463 197463
197519 197519
197696 197696
197811 197811
197829 197829
198376 198376
198396 198396
198495 198495
198877 198877
198925 198925
198996 198996
199047 199047
199572 199572
199601 199601
199601 199601
199825 199825
200010 200010
200010 200010
200010 200010
200063 200063
200113 200113
200113 200113
200650 200650
200650 200650
200650 200650
200650 200650
200650 200650
200650 200650
200926 200926
200926 200926
200926 200926
200926 200926
200926 200926
201123 201123
201123 201123
201123 201123
201123 201123
201123 201123
201200 201200
201200 201200
201200 201200
201200 201200
201304 201304
201304 201304
201304 201304
201304 201304
201304 201304
201304 201304
201360 201360
201405 201405
201405 201405
201405 201405
201405 201405
201405 201405
201405 201405
201405 201405
201405 201405
201405 201405
201405 201405
201405 201405
201405 201405
201405 201405
201405 201405
201405 201405
201405 201405
201405 201405
201405 201405
201405 201405
201405 201405
201405 201405
201405 201405
201405 201405
201405 201405
201405 201405
201405 201405
201405 201405
201405 201405
201405 201405
201405 201405
201405 201405
201405 201405
201405 201405
201405 201405
201405 201405
201405 201405
201405 201405
201405 201405
201405 201405
201405 201405
201405 201405
201405 201405
201405 201405
201405 201405
201405 201405
201405 201405
201405 201405
201409 201409
201449 201449
201449 201449
201483 201483
201513 201513
201596 201596
201596 201596
201596 201596
201596 201596
201596 201596
201602 201602
201602 201602
201602 201602
201607 201607
201607 201607
201619 201619
201619 201619
201619 201619
201619 201619
201619 201619
201801 201801
201801 201801
201801 201801
201801 201801
201810 201810
201810 201810
201873 201873
201873 201873
201873 201873
201873 201873
201873 201873
201873 201873
201873 201873
201896 201896
201896 201896
201896 201896
201896 201896
201896 201896
201896 201896
201896 201896
201896 201896
201896 201896
202007 202007
202007 202007
202007 202007
202016 202016
202016 202016
202016 202016
202016 202016
202016 202016
202016 202016
202016 202016
202016 202016
202016 202016
202016 202016
202016 202016
202016 202016
202016 202016
202016 202016
202016 202016
202016 202016
202016 202016
202016 202016
202016 202016
202016 202016
202016 202016
202016 202016
202016 202016
202016 202016
202016 202016
202016 202016
202016 202016
202016 202016
202016 202016
202016 202016
202016 202016
202016 202016
202016 202016
202016 202016
202016 202016
202016 202016
202016 202016
202016 202016
202016 202016
202016 202016
202016 202016
202016 202016
202016 202016
202016 202016
202016 202016
202016 202016
202016 202016
202016 202016
202016 202016
202016 202016
202016 202016
202016 202016
202016 202016
202016 202016
202016 202016
202016 202016
202016 202016
202016 202016
202016 202016
202016 202016
202062 202062
202085 202085
202085 202085
202085 202085
202085 202085
202085 202085
202085 202085
202085 202085
202085 202085
202085 202085
202085 202085
202085 202085
202085 202085
202085 202085
202085 202085
202085 202085
202085 202085
202085 202085
202085 202085
202085 202085
202085 202085
202085 202085
202085 202085
202085 202085
202085 202085
202085 202085
202085 202085
202085 202085
202085 202085
202085 202085
202085 202085
202085 202085
202085 202085
202108 202108
202108 202108
202108 202108
202108 202108
202182 202182
202182 202182
202182 202182
202182 202182
202182 202182
202182 202182
202182 202182
202182 202182
202182 202182
202182 202182
202182 202182
202182 202182
202182 202182
202182 202182
202182 202182
202182 202182
202182 202182
202182 202182
202182 202182
202182 202182
202182 202182
202182 202182
202182 202182
202182 202182
202182 202182
202182 202182
202182 202182
202182 202182
202182 202182
202182 202182
202182 202182
202182 202182
202182 202182
202182 202182
202182 202182
202182 202182
202182 202182
202182 202182
202182 202182
202182 202182
202182 202182
202182 202182
202182 202182
202182 202182
202182 202182
202182 202182
202182 202182
202182 202182
202182 202182
202182 202182
202182 202182
202182 202182
202182 202182
202182 202182
202182 202182
202182 202182
202182 202182
202182 202182
202182 202182
202182 202182
202182 202182
202182 202182
202182 202182
202182 202182
202182 202182
202182 202182
202182 202182
202182 202182
202182 202182
202182 202182
202182 202182
202182 202182
202182 202182
202182 202182
202182 202182
202182 202182
202182 202182
202182 202182
202182 202182
202182 202182
202182 202182
202182 202182
202182 202182
202182 202182
202211 202211
202211 202211
202211 202211
202211 202211
202252 202252
202252 202252
202252 202252
202252 202252
202252 202252
202252 202252
202252 202252
202252 202252
202252 202252
202252 202252
202252 202252
202252 202252
202252 202252
202252 202252
202252 202252
202252 202252
202252 202252
202252 202252
202252 202252
202252 202252
202252 202252
202252 202252
202252 202252
202252 202252
202252 202252
202252 202252
202252 202252
202252 202252
202252 202252
202252 202252
202252 202252
202252 202252
202252 202252
202252 202252
202252 202252
202252 202252
202252 202252
202252 202252
202252 202252
202252 202252
202252 202252
202252 202252
202252 202252
202252 202252
202252 202252
202252 202252
202252 202252
202252 202252
202252 202252
202252 202252
202252 202252
202252 202252
202252 202252
202252 202252
202252 202252
202252 202252
202252 202252
202252 202252
202252 202252
202252 202252
202252 202252
202252 202252
