168188
102393 102393
108180 108180
117097 117097
120480 120480
121592 121592
129047 129047
129782 129782
129835 129835
131571 131571
134355 134355
135925 135925
137121 137121
138665 138665
140544 140544
141258 141258
141289 141289
144914 144914
145968 145968
146346 146346
148678 148678
148694 148694
149430 149430
150979 150979
150987 150987
155162 155162
155228 155228
155318 155318
155451 155451
156004 156004
157169 157169
157265 157265
157596 157596
159092 159092
160002 160002
160157 160157
160210 160210
160476 160476
160810 160810
161170 161170
161581 161581
161653 161653
161734 161734
162113 162113
162265 162265
162555 162555
162887 162887
164023 164023
164023 164023
164023 164023
164023 164023
164023 164023
164023 164023
164035 164035
164121 164121
164173 164173
164274 164274
164334 164334
164397 164397
164580 164580
164633 164633
164801 164801
165075 165075
165345 165345
165345 165345
165391 165391
165859 165859
165859 165859
165859 165859
165859 165859
165859 165859
165859 165859
165859 165859
165915 165915
166079 166079
166079 166079
166079 166079
166079 166079
166079 166079
166084 166084
166084 166084
166160 166160
166306 166306
166429 166429
166429 166429
166429 166429
166429 166429
166429 166429
166478 166478
166483 166483
166646 166646
166646 166646
166646 166646
166646 166646
166840 166840
166909 166909
166909 166909
166909 166909
166909 166909
166932 166932
166932 166932
166932 166932
166973 166973
167042 167042
167042 167042
167042 167042
167042 167042
167065 167065
167105 167105
167105 167105
167105 167105
167134 167134
167165 167165
167221 167221
167227 167227
167234 167234
167234 167234
167258 167258
167270 167270
167270 167270
167371 167371
167371 167371
167371 167371
167396 167396
167396 167396
167415 167415
167428 167428
167471 167471
167471 167471
167495 167495
167530 167530
167542 167542
167704 167704
167704 167704
167704 167704
167704 167704
167704 167704
167704 167704
167704 167704
167704 167704
167704 167704
167704 167704
167704 167704
167704 167704
167704 167704
167732 167732
167732 167732
167732 167732
167732 167732
167732 167732
167754 167754
167799 167799
167846 167846
167867 167867
167867 167867
167867 167867
167913 167913
167913 167913
167913 167913
167913 167913
167913 167913
167928 167928
167928 167928
167928 167928
167928 167928
167928 167928
167928 167928
167951 167951
167951 167951
167951 167951
167955 167955
167955 167955
167955 167955
167955 167955
167955 167955
167955 167955
167955 167955
167955 167955
167955 167955
167955 167955
167955 167955
167955 167955
167955 167955
167955 167955
167955 167955
167955 167955
167968 167968
167978 167978
168002 168002
168002 168002
168002 168002
168002 168002
168002 168002
168002 168002
168002 168002
168002 168002
168002 168002
168002 168002
168002 168002
168002 168002
168002 168002
168002 168002
168002 168002
168002 168002
168002 168002
168002 168002
168013 168013
168013 168013
168013 168013
168013 168013
168013 168013
168013 168013
168013 168013
168068 168068
168068 168068
168068 168068
168068 168068
168068 168068
168068 168068
168068 168068
168068 168068
168068 168068
168068 168068
168068 168068
168068 168068
168068 168068
168068 168068
168068 168068
168068 168068
168068 168068
168068 168068
168068 168068
168068 168068
168068 168068
168068 168068
168068 168068
168068 168068
168068 168068
168068 168068
168068 168068
168068 168068
168068 168068
168068 168068
168068 168068
168068 168068
168068 168068
168068 168068
168068 168068
168068 168068
168068 168068
168068 168068
168068 168068
168068 168068
168068 168068
168068 168068
168068 168068
168070 168070
168070 168070
168070 168070
168079 168079
168079 168079
168079 168079
168079 168079
168079 168079
168079 168079
168079 168079
168079 168079
168082 168082
168082 168082
168082 168082
168082 168082
168082 168082
168082 168082
168082 168082
168082 168082
168082 168082
168082 168082
168082 168082
168082 168082
168083 168083
168083 168083
168083 168083
168083 168083
168083 168083
168083 168083
168083 168083
168083 168083
168083 168083
168083 168083
168083 168083
168083 168083
168083 168083
168083 168083
168083 168083
168117 168117
168117 168117
168117 168117
168117 168117
168117 168117
168117 168117
168117 168117
168117 168117
168117 168117
168117 168117
168117 168117
168117 168117
168117 168117
168117 168117
168117 168117
168117 168117
168117 168117
168117 168117
168117 168117
168117 168117
168117 168117
168117 168117
168117 168117
168117 168117
168117 168117
168117 168117
168117 168117
168117 168117
168117 168117
168117 168117
168117 168117
168117 168117
168117 168117
168117 168117
168117 168117
168117 168117
168117 168117
168117 168117
168117 168117
168117 168117
168117 168117
168117 168117
168117 168117
168117 168117
168117 168117
168117 168117
168117 168117
168117 168117
168117 168117
168117 168117
168117 168117
168117 168117
168117 168117
168117 168117
168117 168117
168117 168117
168117 168117
168117 168117
168117 168117
168117 168117
168117 168117
168117 168117
168117 168117
168117 168117
168117 168117
168117 168117
168117 168117
168120 168120
168120 168120
168120 168120
168129 168129
168161 168161
168161 168161
168161 168161
168161 168161
168161 168161
168161 168161
168161 168161
168161 168161
168161 168161
168161 168161
168161 168161
168161 168161
168161 168161
168161 168161
168161 168161
168161 168161
168161 168161
168161 168161
168188 168188
168188 168188
168188 168188
168188 168188
168188 168188
168188 168188
168188 168188
168188 168188
168188 168188
168188 168188
168188 168188
168188 168188
168188 168188
168188 168188
168188 168188
168188 168188
168188 168188
168188 168188
168188 168188
168188 168188
168188 168188
168188 168188
168188 168188
168188 168188
168188 168188
168188 168188
168188 168188
168188 168188
168188 168188
168188 168188
168188 168188
168188 168188
168188 168188
168188 168188
168188 168188
168188 168188
168188 168188
168188 168188
168188 168188
168188 168188
168188 168188
168188 168188
168188 168188
168188 168188
168188 168188
168188 168188
168188 168188
168188 168188
168188 168188
168188 168188
168188 168188
168188 168188
168188 168188
168188 168188
168188 168188
168188 168188
168188 168188
168188 168188
168188 168188
168188 168188
168188 168188
168188 168188
168188 168188
168188 168188
168188 168188
168188 168188
168188 168188
168188 168188
168188 168188
168188 168188
168188 168188
168188 168188
168188 168188
168188 168188
168188 168188
168188 168188
168188 168188
168188 168188
168188 168188
168188 168188
168188 168188
168188 168188
168188 168188
168188 168188
168188 168188
168188 168188
168188 168188
168188 168188
168188 168188
168188 168188
168188 168188
168188 168188
168188 168188
168188 168188
168188 168188
168188 168188
168188 168188
168188 168188
168188 168188
168188 168188
168188 168188
168188 168188
168188 168188
168188 168188
168188 168188
168188 168188
168188 168188
168188 168188
168188 168188
168188 168188
168188 168188
168188 168188
168188 168188
168188 168188
168188 168188
168188 168188
168188 168188
168188 168188
168188 168188
168188 168188
168188 168188
168188 168188
168188 168188
168188 168188
168188 168188
168188 168188
168188 168188
168188 168188
168188 168188
168188 168188
168188 168188
168188 168188
168188 168188
168188 168188
168188 168188
168188 168188
168188 168188
168188 168188
168188 168188
168188 168188
168188 168188
168188 168188
168188 168188
168188 168188
168188 168188
168188 168188
168188 168188
168188 168188
168188 168188
168188 168188
168188 168188
168188 168188
168188 168188
168188 168188
168188 168188
168188 168188
168188 168188
168188 168188
168188 168188
168188 168188
168188 168188
168188 168188
168188 168188
168188 168188
168188 168188
168188 168188
168188 168188
168188 168188
168188 168188
168188 168188
168188 168188
168188 168188
168188 168188
168188 168188
168188 168188
168188 168188
168188 168188
168188 168188
168188 168188
168188 168188
168188 168188
168188 168188
168188 168188
168188 168188
168188 168188
168188 168188
168188 168188
168188 168188
168188 168188
168188 168188
168188 168188
168188 168188
168188 168188
168188 168188
168188 168188
168188 168188
168188 168188
168188 168188
168188 168188
168188 168188
168188 168188
168188 168188
168188 168188
168188 168188
168188 168188
168188 168188
168188 168188
168188 168188
168188 168188
168188 168188
168188 168188
168188 168188
168188 168188
168188 168188
168188 168188
168188 168188
168188 168188
168188 168188
168188 168188
168188 168188
168188 168188
168188 168188
168188 168188
168188 168188
168188 168188
168188 168188
168188 168188
168188 168188
168188 168188
168188 168188
168188 168188
168188 168188
168188 168188
168188 168188
168188 168188
168188 168188
168188 168188
168188 168188
168188 168188
168188 168188
168188 168188
168188 168188
168188 168188
168188 168188
168188 168188
168188 168188
168188 168188
168188 168188
168188 168188
168188 168188
168188 168188
168188 168188
168188 168188
168188 168188
168188 168188
168188 168188
168188 168188
168188 168188
168188 168188
168188 168188
168188 168188
168188 168188
168188 168188
168188 168188
168188 168188
168188 168188
168188 168188
168188 168188
168188 168188
168188 168188
168188 168188
168188 168188
168188 168188
168188 168188
168188 168188
168188 168188
168188 168188
168188 168188
168188 168188
168188 168188
168188 168188
168188 168188
168188 168188
168188 168188
168188 168188
168188 168188
168188 168188
168188 168188
168188 168188
168188 168188
168188 168188
168188 168188
168188 168188
168188 168188
168188 168188
168188 168188
168188 168188
168188 168188
168188 168188
168188 168188
168188 168188
168188 168188
168188 168188
168188 168188
168188 168188
168188 168188
168188 168188
168188 168188
168188 168188
168188 168188
168188 168188
168188 168188
168188 168188
168188 168188
168188 168188
168188 168188
168188 168188
168188 168188
168188 168188
168188 168188
168188 168188
168188 168188
168188 168188
168188 168188
168188 168188
168188 168188
168188 168188
168188 168188
168188 168188
168188 168188
168188 168188
168188 168188
168188 168188
168188 168188
168188 168188
168188 168188
168188 168188
168188 168188
168188 168188
168188 168188
168188 168188
168188 168188
168188 168188
168188 168188
168188 168188
168188 168188
168188 168188
168188 168188
168188 168188
168188 168188
168188 168188
168188 168188
168188 168188
168188 168188
168188 168188
168188 168188
168188 168188
168188 168188
168188 168188
168188 168188
168188 168188
168188 168188
168188 168188
168188 168188
168188 168188
168188 168188
168188 168188
168188 168188
168188 168188
168188 168188
168188 168188
168188 168188
168188 168188
168188 168188
168188 168188
168188 168188
168188 168188
168188 168188
168188 168188
168188 168188
168188 168188
168188 168188
168188 168188
168188 168188
168188 168188
168188 168188
168188 168188
168188 168188
168188 168188
168188 168188
168188 168188
168188 168188
168188 168188
168188 168188
168188 168188
168188 168188
168188 168188
168188 168188
168188 168188
168188 168188
168188 168188
168188 168188
168188 168188
168188 168188
168188 168188
168188 168188
168188 168188
168188 168188
168188 168188
168188 168188
168188 168188
168188 168188
168188 168188
168188 168188
168188 168188
168188 168188
168188 168188
168188 168188
168188 168188
168188 168188
168188 168188
168188 168188
168188 168188
168188 168188
168188 168188
168188 168188
168188 168188
168188 168188
168188 168188
168188 168188
168188 168188
168188 168188
168188 168188
168188 168188
168188 168188
168188 168188
168188 168188
168188 168188
168188 168188
168188 168188
168188 168188
168188 168188
168188 168188
168188 168188
168188 168188
168188 168188
168188 168188
168188 168188
168188 168188
168188 168188
168188 168188
168188 168188
168188 168188
168188 168188
168188 168188
168188 168188
168188 168188
168188 168188
168188 168188
168188 168188
168188 168188
168188 168188
168188 168188
168188 168188
168188 168188
168188 168188
168188 168188
168188 168188
168188 168188
168188 168188
168188 168188
168188 168188
168188 168188
168188 168188
168188 168188
168188 168188
168188 168188
168188 168188
168188 168188
168188 168188
168188 168188
168188 168188
168188 168188
168188 168188
168188 168188
168188 168188
168188 168188
168188 168188
168188 168188
168188 168188
168188 168188
168188 168188
168188 168188
168188 168188
168188 168188
168188 168188
168188 168188
168188 168188
168188 168188
168188 168188
168188 168188
168188 168188
168188 168188
168188 168188
168188 168188
168188 168188
168188 168188
168188 168188
168188 168188
168188 168188
168188 168188
168188 168188
168188 168188
168188 168188
168188 168188
168188 168188
168188 168188
168188 168188
168188 168188
168188 168188
168188 168188
168188 168188
168188 168188
168188 168188
168188 168188
168188 168188
168188 168188
168188 168188
168188 168188
168188 168188
168188 168188
168188 168188
168188 168188
168188 168188
168188 168188
168188 168188
168188 168188
168188 168188
168188 168188
168188 168188
168188 168188
168188 168188
168188 168188
168188 168188
168188 168188
168188 168188
168188 168188
168188 168188
168188 168188
168188 168188
168188 168188
168188 168188
168188 168188
168188 168188
168188 168188
168188 168188
168188 168188
168188 168188
168188 168188
168188 168188
168188 168188
168188 168188
168188 168188
168188 168188
168188 168188
168188 168188
168188 168188
168188 168188
168188 168188
168188 168188
168188 168188
168188 168188
168188 168188
168188 168188
168188 168188
168188 168188
168188 168188
168188 168188
168188 168188
168188 168188
168188 168188
168188 168188
168188 168188
168188 168188
168188 168188
168188 168188
168188 168188
168188 168188
168188 168188
168188 168188
168188 168188
168188 168188
168188 168188
168188 168188
168188 168188
168188 168188
168188 168188
168188 168188
168188 168188
168188 168188
168188 168188
168188 168188
168188 168188
168188 168188
168188 168188
168188 168188
168188 168188
168188 168188
168188 168188
168188 168188
168188 168188
168188 168188
168188 168188
168188 168188
168188 168188
168188 168188
168188 168188
168188 168188
168188 168188
168188 168188
168188 168188
168188 168188
168188 168188
168188 168188
168188 168188
168188 168188
168188 168188
168188 168188
168188 168188
168188 168188
168188 168188
168188 168188
168188 168188
168188 168188
168188 168188
168188 168188
168188 168188
168188 168188
168188 168188
168188 168188
168188 168188
168188 168188
168188 168188
168188 168188
168188 168188
168188 168188
168188 168188
168188 168188
168188 168188
168188 168188
168188 168188
168188 168188
168188 168188
168188 168188
168188 168188
168188 168188
168188 168188
168188 168188
168188 168188
168188 168188
168188 168188
168188 168188
168188 168188
168188 168188
168188 168188
168188 168188
168188 168188
168188 168188
168188 168188
168188 168188
168188 168188
168188 168188
168188 168188
168188 168188
168188 168188
168188 168188
168188 168188
168188 168188
168188 168188
168188 168188
168188 168188
168188 168188
168188 168188
168188 168188
168188 168188
168188 168188
168188 168188
168188 168188
168188 168188
168188 168188
168188 168188
168188 168188
168188 168188
168188 168188
168188 168188
168188 168188
168188 168188
168188 168188
168188 168188
168188 168188
168188 168188
168188 168188
168188 168188
168188 168188
168188 168188
168188 168188
168188 168188
168188 168188
168188 168188
168188 168188
168188 168188
168188 168188
168188 168188
168188 168188
168188 168188
168188 168188
168188 168188
168188 168188
168188 168188
168188 168188
168188 168188
168188 168188
168188 168188
168188 168188
168188 168188
168188 168188
168188 168188
168188 168188
168188 168188
168188 168188
168188 168188
168188 168188
168188 168188
168188 168188
168188 168188
168188 168188
168188 168188
168188 168188
168188 168188
168188 168188
168188 168188
168188 168188
168188 168188
168188 168188
168188 168188
168188 168188
168188 168188
168188 168188
168188 168188
168188 168188
168188 168188
168188 168188
168188 168188
168188 168188
168188 168188
168188 168188
168188 168188
168188 168188
168188 168188
168188 168188
168188 168188
168188 168188
168188 168188
168188 168188
168188 168188
168188 168188
168188 168188
168188 168188
168188 168188
168188 168188
168188 168188
168188 168188
168188 168188
168188 168188
168188 168188
168188 168188
168188 168188
168188 168188
168188 168188
168188 168188
168188 168188
168188 168188
168188 168188
168188 168188
168188 168188
168188 168188
168188 168188
168188 168188
168188 168188
168188 168188
168188 168188
168188 168188
168188 168188
168188 168188
168188 168188
168188 168188
168188 168188
168188 168188
168188 168188
168188 168188
168188 168188
168188 168188
168188 168188
168188 168188
168188 168188
168188 168188
168188 168188
168188 168188
168188 168188
168188 168188
168188 168188
168188 168188
168188 168188
168188 168188
168188 168188
168188 168188
168188 168188
168188 168188
168188 168188
168188 168188
168188 168188
168188 168188
168188 168188
168188 168188
168188 168188
168188 168188
168188 168188
168188 168188
168188 168188
168188 168188
168188 168188
168188 168188
168188 168188
168188 168188
168188 168188
168188 168188
168188 168188
168188 168188
168188 168188
168188 168188
168188 168188
168188 168188
168188 168188
168188 168188
168188 168188
168188 168188
168188 168188
168188 168188
168188 168188
168188 168188
168188 168188
168188 168188
168188 168188
168188 168188
168188 168188
168188 168188
168188 168188
168188 168188
168188 168188
168188 168188
168188 168188
168188 168188
168188 168188
168188 168188
168188 168188
168188 168188
168188 168188
168188 168188
168188 168188
168188 168188
168188 168188
168188 168188
168188 168188
168188 168188
168188 168188
168188 168188
168188 168188
168188 168188
168188 168188
168188 168188
168188 168188
168188 168188
168188 168188
168188 168188
168188 168188
168188 168188
168188 168188
168188 168188
168188 168188
168188 168188
168188 168188
168188 168188
168188 168188
168188 168188
168188 168188
168188 168188
168188 168188
168188 168188
168188 168188
168188 168188
168188 168188
168188 168188
168188 168188
168188 168188
168188 168188
168188 168188
168188 168188
168188 168188
168188 168188
168188 168188
168188 168188
168188 168188
168188 168188
168188 168188
168188 168188
168188 168188
168188 168188
168188 168188
168188 168188
168188 168188
168188 168188
168188 168188
168188 168188
168188 168188
168188 168188
168188 168188
168188 168188
168188 168188
168188 168188
168188 168188
168188 168188
168188 168188
168188 168188
168188 168188
168188 168188
168188 168188
168188 168188
168188 168188
168188 168188
168188 168188
168188 168188
168188 168188
168188 168188
168188 168188
168188 168188
168188 168188
168188 168188
168188 168188
168188 168188
168188 168188
168188 168188
168188 168188
168188 168188
168188 168188
168188 168188
168188 168188
168188 168188
168188 168188
168188 168188
168188 168188
168188 168188
168188 168188
168188 168188
168188 168188
168188 168188
168188 168188
168188 168188
168188 168188
168188 168188
168188 168188
168188 168188
168188 168188
168188 168188
168188 168188
168188 168188
168188 168188
168188 168188
168188 168188
168188 168188
168188 168188
168188 168188
168188 168188
168188 168188
168188 168188
168188 168188
168188 168188
168188 168188
168188 168188
168188 168188
168188 168188
168188 168188
168188 168188
168188 168188
168188 168188
168188 168188
168188 168188
168188 168188
168188 168188
168188 168188
168188 168188
168188 168188
168188 168188
168188 168188
168188 168188
168188 168188
168188 168188
168188 168188
168188 168188
168188 168188
168188 168188
168188 168188
168188 168188
168188 168188
168188 168188
168188 168188
168188 168188
168188 168188
168188 168188
168188 168188
168188 168188
168188 168188
168188 168188
168188 168188
168188 168188
168188 168188
168188 168188
168188 168188
168188 168188
168188 168188
168188 168188
168188 168188
168188 168188
168188 168188
168188 168188
168188 168188
168188 168188
168188 168188
168188 168188
168188 168188
168188 168188
168188 168188
168188 168188
168188 168188
168188 168188
168188 168188
168188 168188
168188 168188
168188 168188
168188 168188
168188 168188
168188 168188
168188 168188
168188 168188
168188 168188
168188 168188
168188 168188
168188 168188
168188 168188
168188 168188
168188 168188
168188 168188
168188 168188
168188 168188
168188 168188
168188 168188
168188 168188
168188 168188
168188 168188
168188 168188
168188 168188
168188 168188
168188 168188
168188 168188
168188 168188
168188 168188
168188 168188
168188 168188
168188 168188
168188 168188
168188 168188
168188 168188
168188 168188
168188 168188
168188 168188
168188 168188
168188 168188
168188 168188
168188 168188
168188 168188
168188 168188
168188 168188
168188 168188
168188 168188
168188 168188
168188 168188
168188 168188
168188 168188
168188 168188
168188 168188
168188 168188
168188 168188
168188 168188
168188 168188
168188 168188
168188 168188
168188 168188
168188 168188
168188 168188
168188 168188
168188 168188
168188 168188
168188 168188
168188 168188
168188 168188
168188 168188
168188 168188
168188 168188
168188 168188
168188 168188
168188 168188
168188 168188
168188 168188
168188 168188
168188 168188
168188 168188
168188 168188
168188 168188
168188 168188
168188 168188
168188 168188
168188 168188
168188 168188
168188 168188
168188 168188
168188 168188
168188 168188
168188 168188
168188 168188
168188 168188
168188 168188
168188 168188
168188 168188
168188 168188
168188 168188
168188 168188
168188 168188
168188 168188
168188 168188
168188 168188
168188 168188
168188 168188
168188 168188
168188 168188
168188 168188
168188 168188
168188 168188
168188 168188
168188 168188
168188 168188
168188 168188
168188 168188
168188 168188
168188 168188
168188 168188
168188 168188
168188 168188
168188 168188
168188 168188
168188 168188
168188 168188
168188 168188
168188 168188
168188 168188
168188 168188
168188 168188
168188 168188
168188 168188
168188 168188
168188 168188
168188 168188
168188 168188
168188 168188
168188 168188
168188 168188
168188 168188
168188 168188
168188 168188
168188 168188
168188 168188
168188 168188
168188 168188
168188 168188
168188 168188
168188 168188
168188 168188
168188 168188
168188 168188
168188 168188
168188 168188
168188 168188
168188 168188
168188 168188
168188 168188
168188 168188
168188 168188
168188 168188
168188 168188
168188 168188
168188 168188
168188 168188
168188 168188
168188 168188
168188 168188
168188 168188
168188 168188
168188 168188
168188 168188
168188 168188
168188 168188
168188 168188
168188 168188
168188 168188
168188 168188
168188 168188
168188 168188
168188 168188
168188 168188
168188 168188
168188 168188
168188 168188
168188 168188
168188 168188
168188 168188
168188 168188
168188 168188
168188 168188
168188 168188
168188 168188
168188 168188
168188 168188
168188 168188
168188 168188
168188 168188
168188 168188
168188 168188
168188 168188
168188 168188
168188 168188
168188 168188
168188 168188
168188 168188
168188 168188
168188 168188
168188 168188
168188 168188
168188 168188
168188 168188
168188 168188
168188 168188
168188 168188
168188 168188
168188 168188
168188 168188
168188 168188
168188 168188
168188 168188
168188 168188
168188 168188
168188 168188
168188 168188
168188 168188
168188 168188
168188 168188
168188 168188
168188 168188
168188 168188
168188 168188
168188 168188
168188 168188
168188 168188
168188 168188
168188 168188
168188 168188
168188 168188
168188 168188
168188 168188
168188 168188
168188 168188
168188 168188
168188 168188
168188 168188
168188 168188
168188 168188
168188 168188
168188 168188
168188 168188
168188 168188
168188 168188
168188 168188
168188 168188
168188 168188
168188 168188
168188 168188
168188 168188
168188 168188
168188 168188
168188 168188
168188 168188
168188 168188
168188 168188
168188 168188
168188 168188
168188 168188
168188 168188
168188 168188
168188 168188
168188 168188
168188 168188
168188 168188
168188 168188
168188 168188
168188 168188
168188 168188
168188 168188
168188 168188
168188 168188
168188 168188
168188 168188
168188 168188
168188 168188
168188 168188
168188 168188
168188 168188
168188 168188
168188 168188
168188 168188
168188 168188
168188 168188
168188 168188
168188 168188
168188 168188
168188 168188
168188 168188
168188 168188
168188 168188
168188 168188
168188 168188
168188 168188
168188 168188
168188 168188
168188 168188
168188 168188
168188 168188
168188 168188
168188 168188
168188 168188
168188 168188
168188 168188
168188 168188
168188 168188
168188 168188
168188 168188
168188 168188
168188 168188
168188 168188
168188 168188
168188 168188
168188 168188
168188 168188
168188 168188
168188 168188
168188 168188
168188 168188
168188 168188
168188 168188
168188 168188
168188 168188
168188 168188
168188 168188
168188 168188
168188 168188
168188 168188
168188 168188
168188 168188
168188 168188
168188 168188
168188 168188
168188 168188
168188 168188
168188 168188
168188 168188
168188 168188
168188 168188
168188 168188
168188 168188
168188 168188
168188 168188
168188 168188
168188 168188
168188 168188
168188 168188
168188 168188
168188 168188
168188 168188
168188 168188
168188 168188
168188 168188
168188 168188
168188 168188
168188 168188
168188 168188
168188 168188
168188 168188
168188 168188
168188 168188
168188 168188
168188 168188
168188 168188
168188 168188
168188 168188
168188 168188
168188 168188
168188 168188
168188 168188
168188 168188
168188 168188
168188 168188
168188 168188
168188 168188
168188 168188
168188 168188
168188 168188
168188 168188
168188 168188
168188 168188
168188 168188
168188 168188
168188 168188
168188 168188
168188 168188
168188 168188
168188 168188
168188 168188
168188 168188
168188 168188
168188 168188
168188 168188
168188 168188
168188 168188
168188 168188
168188 168188
168188 168188
168188 168188
168188 168188
168188 168188
168188 168188
168188 168188
168188 168188
168188 168188
168188 168188
168188 168188
168188 168188
168188 168188
168188 168188
168188 168188
168188 168188
168188 168188
168188 168188
168188 168188
168188 168188
168188 168188
168188 168188
168188 168188
168188 168188
168188 168188
168188 168188
168188 168188
168188 168188
168188 168188
168188 168188
168188 168188
168188 168188
168188 168188
168188 168188
168188 168188
168188 168188
168188 168188
168188 168188
168188 168188
168188 168188
168188 168188
168188 168188
168188 168188
168188 168188
168188 168188
168188 168188
168188 168188
168188 168188
168188 168188
168188 168188
168188 168188
168188 168188
168188 168188
168188 168188
168188 168188
168188 168188
168188 168188
168188 168188
168188 168188
168188 168188
168188 168188
168188 168188
168188 168188
168188 168188
168188 168188
168188 168188
168188 168188
168188 168188
168188 168188
168188 168188
168188 168188
168188 168188
168188 168188
168188 168188
168188 168188
168188 168188
168188 168188
168188 168188
168188 168188
168188 168188
168188 168188
168188 168188
168188 168188
168188 168188
168188 168188
168188 168188
168188 168188
168188 168188
168188 168188
168188 168188
168188 168188
168188 168188
168188 168188
168188 168188
168188 168188
168188 168188
168188 168188
168188 168188
168188 168188
168188 168188
168188 168188
168188 168188
168188 168188
168188 168188
168188 168188
168188 168188
168188 168188
168188 168188
168188 168188
168188 168188
168188 168188
168188 168188
168188 168188
168188 168188
168188 168188
168188 168188
168188 168188
168188 168188
168188 168188
168188 168188
168188 168188
168188 168188
168188 168188
168188 168188
168188 168188
168188 168188
168188 168188
168188 168188
168188 168188
168188 168188
168188 168188
168188 168188
168188 168188
168188 168188
168188 168188
168188 168188
168188 168188
168188 168188
168188 168188
168188 168188
168188 168188
168188 168188
168188 168188
168188 168188
168188 168188
168188 168188
168188 168188
168188 168188
168188 168188
168188 168188
168188 168188
168188 168188
168188 168188
168188 168188
168188 168188
168188 168188
168188 168188
168188 168188
168188 168188
168188 168188
168188 168188
168188 168188
168188 168188
168188 168188
168188 168188
168188 168188
168188 168188
168188 168188
168188 168188
168188 168188
168188 168188
168188 168188
168188 168188
168188 168188
168188 168188
168188 168188
168188 168188
168188 168188
168188 168188
168188 168188
168188 168188
168188 168188
168188 168188
168188 168188
168188 168188
168188 168188
168188 168188
168188 168188
168188 168188
168188 168188
168188 168188
168188 168188
168188 168188
168188 168188
168188 168188
168188 168188
168188 168188
168188 168188
168188 168188
168188 168188
168188 168188
168188 168188
168188 168188
168188 168188
168188 168188
168188 168188
168188 168188
168188 168188
168188 168188
168188 168188
168188 168188
168188 168188
168188 168188
168188 168188
168188 168188
168188 168188
168188 168188
168188 168188
168188 168188
168188 168188
168188 168188
168188 168188
168188 168188
168188 168188
168188 168188
168188 168188
168188 168188
168188 168188
168188 168188
168188 168188
168188 168188
168188 168188
168188 168188
168188 168188
168188 168188
168188 168188
168188 168188
168188 168188
168188 168188
168188 168188
168188 168188
168188 168188
168188 168188
168188 168188
168188 168188
168188 168188
168188 168188
168188 168188
168188 168188
168188 168188
168188 168188
168188 168188
168188 168188
168188 168188
168188 168188
168188 168188
168188 168188
168188 168188
168188 168188
168188 168188
168188 168188
168188 168188
168188 168188
168188 168188
168188 168188
168188 168188
168188 168188
168188 168188
168188 168188
168188 168188
168188 168188
168188 168188
168188 168188
168188 168188
168188 168188
168188 168188
168188 168188
168188 168188
168188 168188
168188 168188
168188 168188
168188 168188
168188 168188
168188 168188
168188 168188
168188 168188
168188 168188
168188 168188
168188 168188
168188 168188
168188 168188
168188 168188
168188 168188
168188 168188
168188 168188
168188 168188
168188 168188
168188 168188
168188 168188
168188 168188
168188 168188
168188 168188
168188 168188
168188 168188
168188 168188
168188 168188
168188 168188
168188 168188
168188 168188
168188 168188
168188 168188
168188 168188
168188 168188
168188 168188
168188 168188
168188 168188
168188 168188
168188 168188
168188 168188
168188 168188
168188 168188
168188 168188
168188 168188
168188 168188
168188 168188
168188 168188
168188 168188
168188 168188
168188 168188
168188 168188
168188 168188
168188 168188
168188 168188
168188 168188
168188 168188
168188 168188
168188 168188
168188 168188
168188 168188
168188 168188
168188 168188
168188 168188
168188 168188
168188 168188
168188 168188
168188 168188
168188 168188
168188 168188
168188 168188
168188 168188
168188 168188
168188 168188
168188 168188
168188 168188
168188 168188
168188 168188
168188 168188
168188 168188
168188 168188
168188 168188
168188 168188
168188 168188
168188 168188
168188 168188
168188 168188
168188 168188
168188 168188
168188 168188
168188 168188
168188 168188
168188 168188
168188 168188
168188 168188
168188 168188
168188 168188
168188 168188
168188 168188
168188 168188
168188 168188
168188 168188
168188 168188
168188 168188
168188 168188
168188 168188
168188 168188
168188 168188
168188 168188
168188 168188
168188 168188
168188 168188
168188 168188
168188 168188
168188 168188
168188 168188
168188 168188
168188 168188
168188 168188
168188 168188
168188 168188
168188 168188
168188 168188
168188 168188
168188 168188
168188 168188
168188 168188
168188 168188
168188 168188
168188 168188
168188 168188
168188 168188
168188 168188
168188 168188
168188 168188
168188 168188
168188 168188
168188 168188
168188 168188
168188 168188
168188 168188
168188 168188
168188 168188
168188 168188
168188 168188
168188 168188
168188 168188
168188 168188
168188 168188
168188 168188
168188 168188
168188 168188
168188 168188
168188 168188
168188 168188
168188 168188
168188 168188
168188 168188
168188 168188
168188 168188
168188 168188
168188 168188
168188 168188
168188 168188
168188 168188
168188 168188
168188 168188
168188 168188
168188 168188
168188 168188
168188 168188
168188 168188
168188 168188
168188 168188
168188 168188
168188 168188
168188 168188
168188 168188
168188 168188
168188 168188
168188 168188
168188 168188
168188 168188
168188 168188
168188 168188
168188 168188
168188 168188
168188 168188
168188 168188
168188 168188
168188 168188
168188 168188
168188 168188
168188 168188
168188 168188
168188 168188
168188 168188
168188 168188
168188 168188
168188 168188
168188 168188
168188 168188
168188 168188
168188 168188
168188 168188
168188 168188
168188 168188
168188 168188
168188 168188
168188 168188
168188 168188
168188 168188
168188 168188
168188 168188
168188 168188
168188 168188
168188 168188
168188 168188
168188 168188
168188 168188
168188 168188
168188 168188
168188 168188
168188 168188
168188 168188
168188 168188
168188 168188
168188 168188
168188 168188
168188 168188
168188 168188
168188 168188
168188 168188
168188 168188
168188 168188
168188 168188
168188 168188
168188 168188
168188 168188
168188 168188
168188 168188
168188 168188
168188 168188
168188 168188
168188 168188
168188 168188
168188 168188
168188 168188
168188 168188
168188 168188
168188 168188
168188 168188
168188 168188
168188 168188
168188 168188
168188 168188
168188 168188
168188 168188
168188 168188
168188 168188
168188 168188
168188 168188
168188 168188
168188 168188
168188 168188
168188 168188
168188 168188
168188 168188
168188 168188
168188 168188
168188 168188
168188 168188
168188 168188
168188 168188
168188 168188
168188 168188
168188 168188
168188 168188
168188 168188
168188 168188
168188 168188
168188 168188
168188 168188
168188 168188
168188 168188
168188 168188
168188 168188
168188 168188
168188 168188
168188 168188
168188 168188
168188 168188
168188 168188
168188 168188
168188 168188
168188 168188
168188 168188
168188 168188
168188 168188
168188 168188
168188 168188
168188 168188
168188 168188
168188 168188
168188 168188
168188 168188
168188 168188
168188 168188
168188 168188
168188 168188
168188 168188
168188 168188
168188 168188
168188 168188
168188 168188
168188 168188
168188 168188
168188 168188
168188 168188
168188 168188
168188 168188
168188 168188
168188 168188
168188 168188
168188 168188
168188 168188
168188 168188
168188 168188
168188 168188
168188 168188
168188 168188
168188 168188
168188 168188
168188 168188
168188 168188
168188 168188
168188 168188
168188 168188
168188 168188
168188 168188
168188 168188
168188 168188
168188 168188
168188 168188
168188 168188
168188 168188
168188 168188
168188 168188
168188 168188
168188 168188
168188 168188
168188 168188
168188 168188
168188 168188
168188 168188
168188 168188
168188 168188
168188 168188
168188 168188
168188 168188
168188 168188
168188 168188
168188 168188
168188 168188
168188 168188
168188 168188
168188 168188
168188 168188
168188 168188
168188 168188
168188 168188
168188 168188
168188 168188
168188 168188
168188 168188
168188 168188
168188 168188
168188 168188
168188 168188
168188 168188
168188 168188
168188 168188
168188 168188
168188 168188
168188 168188
168188 168188
168188 168188
168188 168188
168188 168188
168188 168188
168188 168188
168188 168188
168188 168188
168188 168188
168188 168188
168188 168188
168188 168188
168188 168188
168188 168188
168188 168188
168188 168188
168188 168188
168188 168188
168188 168188
168188 168188
168188 168188
168188 168188
168188 168188
168188 168188
168188 168188
168188 168188
168188 168188
168188 168188
168188 168188
168188 168188
168188 168188
168188 168188
168188 168188
168188 168188
168188 168188
168188 168188
168188 168188
168188 168188
168188 168188
168188 168188
168188 168188
168188 168188
168188 168188
168188 168188
168188 168188
168188 168188
168188 168188
168188 168188
168188 168188
168188 168188
168188 168188
168188 168188
168188 168188
168188 168188
168188 168188
168188 168188
168188 168188
168188 168188
168188 168188
168188 168188
168188 168188
168188 168188
168188 168188
168188 168188
168188 168188
168188 168188
168188 168188
168188 168188
168188 168188
168188 168188
168188 168188
168188 168188
168188 168188
168188 168188
168188 168188
168188 168188
168188 168188
168188 168188
168188 168188
168188 168188
168188 168188
168188 168188
168188 168188
168188 168188
168188 168188
168188 168188
168188 168188
168188 168188
168188 168188
168188 168188
168188 168188
168188 168188
168188 168188
168188 168188
168188 168188
168188 168188
168188 168188
168188 168188
168188 168188
168188 168188
168188 168188
168188 168188
168188 168188
168188 168188
168188 168188
168188 168188
168188 168188
168188 168188
168188 168188
168188 168188
168188 168188
168188 168188
168188 168188
168188 168188
168188 168188
168188 168188
168188 168188
168188 168188
168188 168188
168188 168188
168188 168188
168188 168188
168188 168188
168188 168188
168188 168188
168188 168188
168188 168188
168188 168188
168188 168188
168188 168188
168188 168188
168188 168188
168188 168188
168188 168188
168188 168188
168188 168188
168188 168188
168188 168188
168188 168188
168188 168188
168188 168188
168188 168188
168188 168188
168188 168188
168188 168188
168188 168188
168188 168188
168188 168188
168188 168188
168188 168188
168188 168188
168188 168188
168188 168188
168188 168188
168188 168188
168188 168188
168188 168188
168188 168188
168188 168188
168188 168188
168188 168188
168188 168188
168188 168188
168188 168188
168188 168188
168188 168188
168188 168188
168188 168188
168188 168188
168188 168188
168188 168188
168188 168188
168188 168188
168188 168188
168188 168188
168188 168188
168188 168188
168188 168188
168188 168188
168188 168188
168188 168188
168188 168188
168188 168188
168188 168188
168188 168188
168188 168188
168188 168188
168188 168188
168188 168188
168188 168188
168188 168188
168188 168188
168188 168188
168188 168188
168188 168188
168188 168188
168188 168188
168188 168188
168188 168188
168188 168188
168188 168188
168188 168188
168188 168188
168188 168188
168188 168188
168188 168188
168188 168188
168188 168188
168188 168188
168188 168188
168188 168188
168188 168188
168188 168188
168188 168188
168188 168188
168188 168188
168188 168188
168188 168188
168188 168188
168188 168188
168188 168188
168188 168188
168188 168188
168188 168188
168188 168188
168188 168188
168188 168188
168188 168188
168188 168188
168188 168188
168188 168188
168188 168188
168188 168188
168188 168188
168188 168188
168188 168188
168188 168188
168188 168188
168188 168188
168188 168188
168188 168188
168188 168188
168188 168188
168188 168188
168188 168188
168188 168188
168188 168188
168188 168188
168188 168188
168188 168188
168188 168188
168188 168188
168188 168188
168188 168188
168188 168188
168188 168188
168188 168188
168188 168188
168188 168188
168188 168188
168188 168188
168188 168188
168188 168188
168188 168188
168188 168188
168188 168188
168188 168188
168188 168188
168188 168188
168188 168188
168188 168188
168188 168188
168188 168188
168188 168188
168188 168188
168188 168188
168188 168188
168188 168188
168188 168188
168188 168188
168188 168188
168188 168188
168188 168188
168188 168188
168188 168188
168188 168188
168188 168188
168188 168188
168188 168188
168188 168188
168188 168188
168188 168188
168188 168188
168188 168188
168188 168188
168188 168188
168188 168188
168188 168188
168188 168188
168188 168188
168188 168188
168188 168188
168188 168188
168188 168188
168188 168188
168188 168188
168188 168188
168188 168188
168188 168188
168188 168188
168188 168188
168188 168188
168188 168188
168188 168188
168188 168188
168188 168188
168188 168188
168188 168188
168188 168188
168188 168188
168188 168188
168188 168188
168188 168188
168188 168188
168188 168188
168188 168188
168188 168188
168188 168188
168188 168188
168188 168188
168188 168188
168188 168188
168188 168188
168188 168188
168188 168188
168188 168188
168188 168188
168188 168188
168188 168188
168188 168188
168188 168188
168188 168188
168188 168188
168188 168188
168188 168188
168188 168188
168188 168188
168188 168188
168188 168188
168188 168188
168188 168188
168188 168188
168188 168188
168188 168188
168188 168188
168188 168188
168188 168188
168188 168188
168188 168188
168188 168188
168188 168188
168188 168188
168188 168188
168188 168188
168188 168188
168188 168188
168188 168188
168188 168188
168188 168188
168188 168188
168188 168188
168188 168188
168188 168188
168188 168188
168188 168188
168188 168188
168188 168188
168188 168188
168188 168188
168188 168188
168188 168188
168188 168188
168188 168188
168188 168188
168188 168188
168188 168188
168188 168188
168188 168188
168188 168188
168188 168188
168188 168188
168188 168188
168188 168188
168188 168188
168188 168188
168188 168188
168188 168188
168188 168188
168188 168188
168188 168188
168188 168188
168188 168188
168188 168188
168188 168188
168188 168188
168188 168188
168188 168188
168188 168188
168188 168188
168188 168188
168188 168188
168188 168188
168188 168188
168188 168188
168188 168188
168188 168188
168188 168188
168188 168188
168188 168188
168188 168188
168188 168188
168188 168188
168188 168188
168188 168188
168188 168188
168188 168188
168188 168188
168188 168188
168188 168188
168188 168188
168188 168188
168188 168188
168188 168188
168188 168188
168188 168188
168188 168188
168188 168188
168188 168188
168188 168188
168188 168188
168188 168188
168188 168188
168188 168188
168188 168188
168188 168188
168188 168188
168188 168188
168188 168188
168188 168188
168188 168188
168188 168188
168188 168188
168188 168188
168188 168188
168188 168188
168188 168188
168188 168188
168188 168188
168188 168188
168188 168188
168188 168188
168188 168188
168188 168188
168188 168188
168188 168188
168188 168188
168188 168188
168188 168188
168188 168188
168188 168188
168188 168188
168188 168188
168188 168188
168188 168188
168188 168188
168188 168188
168188 168188
168188 168188
168188 168188
168188 168188
168188 168188
168188 168188
168188 168188
168188 168188
168188 168188
168188 168188
168188 168188
168188 168188
168188 168188
168188 168188
168188 168188
168188 168188
168188 168188
168188 168188
168188 168188
168188 168188
168188 168188
168188 168188
168188 168188
168188 168188
168188 168188
168188 168188
168188 168188
168188 168188
168188 168188
168188 168188
168188 168188
168188 168188
168188 168188
168188 168188
168188 168188
168188 168188
168188 168188
168188 168188
168188 168188
168188 168188
168188 168188
168188 168188
168188 168188
168188 168188
168188 168188
168188 168188
168188 168188
168188 168188
168188 168188
168188 168188
168188 168188
168188 168188
168188 168188
168188 168188
168188 168188
168188 168188
168188 168188
168188 168188
168188 168188
168188 168188
168188 168188
168188 168188
168188 168188
168188 168188
168188 168188
168188 168188
168188 168188
168188 168188
168188 168188
168188 168188
168188 168188
168188 168188
168188 168188
168188 168188
168188 168188
168188 168188
168188 168188
168188 168188
168188 168188
168188 168188
168188 168188
168188 168188
168188 168188
168188 168188
168188 168188
168188 168188
168188 168188
168188 168188
168188 168188
168188 168188
168188 168188
168188 168188
168188 168188
168188 168188
168188 168188
168188 168188
168188 168188
168188 168188
168188 168188
168188 168188
168188 168188
168188 168188
168188 168188
168188 168188
168188 168188
168188 168188
168188 168188
168188 168188
168188 168188
168188 168188
168188 168188
168188 168188
168188 168188
168188 168188
168188 168188
168188 168188
168188 168188
168188 168188
168188 168188
168188 168188
168188 168188
168188 168188
168188 168188
168188 168188
168188 168188
168188 168188
168188 168188
168188 168188
168188 168188
168188 168188
168188 168188
168188 168188
168188 168188
168188 168188
168188 168188
168188 168188
168188 168188
168188 168188
168188 168188
168188 168188
168188 168188
168188 168188
168188 168188
168188 168188
168188 168188
168188 168188
168188 168188
168188 168188
168188 168188
168188 168188
168188 168188
168188 168188
168188 168188
168188 168188
168188 168188
168188 168188
168188 168188
168188 168188
168188 168188
168188 168188
168188 168188
168188 168188
168188 168188
168188 168188
168188 168188
168188 168188
168188 168188
168188 168188
168188 168188
168188 168188
168188 168188
168188 168188
168188 168188
168188 168188
168188 168188
168188 168188
168188 168188
168188 168188
168188 168188
168188 168188
168188 168188
168188 168188
168188 168188
168188 168188
168188 168188
168188 168188
168188 168188
168188 168188
168188 168188
168188 168188
168188 168188
168188 168188
168188 168188
168188 168188
168188 168188
168188 168188
168188 168188
168188 168188
168188 168188
168188 168188
168188 168188
168188 168188
168188 168188
168188 168188
168188 168188
168188 168188
168188 168188
168188 168188
168188 168188
168188 168188
168188 168188
168188 168188
168188 168188
168188 168188
168188 168188
168188 168188
168188 168188
168188 168188
168188 168188
168188 168188
168188 168188
168188 168188
168188 168188
168188 168188
168188 168188
168188 168188
168188 168188
168188 168188
168188 168188
168188 168188
168188 168188
168188 168188
168188 168188
168188 168188
168188 168188
168188 168188
168188 168188
168188 168188
168188 168188
168188 168188
168188 168188
168188 168188
168188 168188
168188 168188
168188 168188
168188 168188
168188 168188
168188 168188
168188 168188
168188 168188
168188 168188
168188 168188
168188 168188
168188 168188
168188 168188
168188 168188
168188 168188
168188 168188
168188 168188
168188 168188
168188 168188
168188 168188
168188 168188
168188 168188
168188 168188
168188 168188
168188 168188
168188 168188
168188 168188
168188 168188
168188 168188
168188 168188
168188 168188
168188 168188
168188 168188
168188 168188
168188 168188
168188 168188
168188 168188
168188 168188
168188 168188
168188 168188
168188 168188
168188 168188
168188 168188
168188 168188
168188 168188
168188 168188
168188 168188
168188 168188
168188 168188
168188 168188
168188 168188
168188 168188
168188 168188
168188 168188
168188 168188
168188 168188
168188 168188
168188 168188
168188 168188
168188 168188
168188 168188
168188 168188
168188 168188
168188 168188
168188 168188
168188 168188
168188 168188
168188 168188
168188 168188
168188 168188
168188 168188
168188 168188
168188 168188
168188 168188
168188 168188
168188 168188
168188 168188
168188 168188
168188 168188
168188 168188
168188 168188
168188 168188
168188 168188
168188 168188
168188 168188
168188 168188
168188 168188
168188 168188
168188 168188
168188 168188
168188 168188
168188 168188
168188 168188
168188 168188
168188 168188
168188 168188
168188 168188
168188 168188
168188 168188
168188 168188
168188 168188
168188 168188
168188 168188
168188 168188
168188 168188
168188 168188
168188 168188
168188 168188
168188 168188
168188 168188
168188 168188
168188 168188
168188 168188
168188 168188
168188 168188
168188 168188
168188 168188
168188 168188
168188 168188
168188 168188
168188 168188
168188 168188
168188 168188
168188 168188
168188 168188
168188 168188
168188 168188
168188 168188
168188 168188
168188 168188
168188 168188
168188 168188
168188 168188
168188 168188
168188 168188
168188 168188
168188 168188
168188 168188
168188 168188
168188 168188
168188 168188
168188 168188
168188 168188
168188 168188
168188 168188
168188 168188
168188 168188
168188 168188
168188 168188
168188 168188
168188 168188
168188 168188
168188 168188
168188 168188
168188 168188
168188 168188
168188 168188
168188 168188
168188 168188
168188 168188
168188 168188
168188 168188
168188 168188
168188 168188
168188 168188
168188 168188
168188 168188
168188 168188
168188 168188
168188 168188
168188 168188
168188 168188
168188 168188
168188 168188
168188 168188
168188 168188
168188 168188
168188 168188
168188 168188
168188 168188
168188 168188
168188 168188
168188 168188
168188 168188
168188 168188
168188 168188
168188 168188
168188 168188
168188 168188
168188 168188
168188 168188
168188 168188
168188 168188
168188 168188
168188 168188
168188 168188
168188 168188
168188 168188
168188 168188
168188 168188
168188 168188
168188 168188
168188 168188
168188 168188
168188 168188
168188 168188
168188 168188
168188 168188
168188 168188
168188 168188
168188 168188
168188 168188
168188 168188
168188 168188
168188 168188
168188 168188
168188 168188
168188 168188
168188 168188
168188 168188
168188 168188
168188 168188
168188 168188
168188 168188
168188 168188
168188 168188
168188 168188
168188 168188
168188 168188
168188 168188
168188 168188
168188 168188
168188 168188
168188 168188
168188 168188
168188 168188
168188 168188
168188 168188
168188 168188
168188 168188
168188 168188
168188 168188
168188 168188
168188 168188
168188 168188
168188 168188
168188 168188
168188 168188
168188 168188
168188 168188
168188 168188
168188 168188
168188 168188
168188 168188
168188 168188
168188 168188
168188 168188
168188 168188
168188 168188
168188 168188
168188 168188
168188 168188
168188 168188
168188 168188
168188 168188
168188 168188
168188 168188
168188 168188
168188 168188
168188 168188
168188 168188
168188 168188
168188 168188
168188 168188
168188 168188
168188 168188
168188 168188
168188 168188
168188 168188
168188 168188
168188 168188
168188 168188
168188 168188
168188 168188
168188 168188
168188 168188
168188 168188
168188 168188
168188 168188
168188 168188
168188 168188
168188 168188
168188 168188
168188 168188
168188 168188
168188 168188
168188 168188
168188 168188
168188 168188
168188 168188
168188 168188
168188 168188
168188 168188
168188 168188
168188 168188
168188 168188
168188 168188
168188 168188
168188 168188
168188 168188
168188 168188
168188 168188
168188 168188
168188 168188
168188 168188
168188 168188
168188 168188
168188 168188
168188 168188
168188 168188
168188 168188
168188 168188
168188 168188
168188 168188
168188 168188
168188 168188
168188 168188
168188 168188
168188 168188
168188 168188
168188 168188
168188 168188
168188 168188
168188 168188
168188 168188
168188 168188
168188 168188
168188 168188
168188 168188
168188 168188
168188 168188
168188 168188
168188 168188
168188 168188
168188 168188
168188 168188
168188 168188
168188 168188
168188 168188
168188 168188
168188 168188
168188 168188
168188 168188
168188 168188
168188 168188
168188 168188
168188 168188
168188 168188
168188 168188
168188 168188
168188 168188
168188 168188
168188 168188
168188 168188
168188 168188
168188 168188
168188 168188
168188 168188
168188 168188
168188 168188
168188 168188
168188 168188
168188 168188
168188 168188
168188 168188
168188 168188
168188 168188
168188 168188
168188 168188
168188 168188
168188 168188
168188 168188
168188 168188
168188 168188
168188 168188
168188 168188
168188 168188
168188 168188
168188 168188
168188 168188
168188 168188
168188 168188
168188 168188
168188 168188
168188 168188
168188 168188
168188 168188
168188 168188
168188 168188
168188 168188
168188 168188
168188 168188
168188 168188
168188 168188
168188 168188
168188 168188
168188 168188
168188 168188
168188 168188
168188 168188
168188 168188
168188 168188
168188 168188
168188 168188
168188 168188
168188 168188
168188 168188
168188 168188
168188 168188
168188 168188
168188 168188
168188 168188
168188 168188
168188 168188
168188 168188
168188 168188
168188 168188
168188 168188
168188 168188
168188 168188
168188 168188
168188 168188
168188 168188
168188 168188
168188 168188
168188 168188
168188 168188
168188 168188
168188 168188
168188 168188
168188 168188
168188 168188
168188 168188
168188 168188
168188 168188
168188 168188
168188 168188
168188 168188
168188 168188
168188 168188
168188 168188
168188 168188
168188 168188
168188 168188
168188 168188
168188 168188
168188 168188
168188 168188
168188 168188
168188 168188
168188 168188
168188 168188
168188 168188
168188 168188
168188 168188
168188 168188
168188 168188
168188 168188
168188 168188
168188 168188
168188 168188
168188 168188
168188 168188
168188 168188
168188 168188
168188 168188
168188 168188
168188 168188
168188 168188
168188 168188
168188 168188
168188 168188
168188 168188
168188 168188
168188 168188
168188 168188
168188 168188
168188 168188
168188 168188
168188 168188
168188 168188
168188 168188
168188 168188
168188 168188
168188 168188
168188 168188
168188 168188
168188 168188
168188 168188
168188 168188
168188 168188
168188 168188
168188 168188
168188 168188
168188 168188
168188 168188
168188 168188
168188 168188
168188 168188
168188 168188
168188 168188
168188 168188
168188 168188
168188 168188
168188 168188
168188 168188
168188 168188
168188 168188
168188 168188
168188 168188
168188 168188
168188 168188
168188 168188
168188 168188
168188 168188
168188 168188
168188 168188
168188 168188
168188 168188
168188 168188
168188 168188
168188 168188
168188 168188
168188 168188
168188 168188
168188 168188
168188 168188
168188 168188
168188 168188
168188 168188
168188 168188
168188 168188
168188 168188
168188 168188
168188 168188
168188 168188
168188 168188
168188 168188
168188 168188
168188 168188
168188 168188
168188 168188
168188 168188
168188 168188
168188 168188
168188 168188
168188 168188
168188 168188
168188 168188
168188 168188
168188 168188
168188 168188
168188 168188
168188 168188
168188 168188
168188 168188
168188 168188
168188 168188
168188 168188
168188 168188
168188 168188
168188 168188
168188 168188
168188 168188
168188 168188
168188 168188
168188 168188
168188 168188
168188 168188
168188 168188
168188 168188
168188 168188
168188 168188
168188 168188
168188 168188
168188 168188
168188 168188
168188 168188
168188 168188
168188 168188
168188 168188
168188 168188
168188 168188
168188 168188
168188 168188
168188 168188
168188 168188
168188 168188
168188 168188
168188 168188
168188 168188
168188 168188
168188 168188
168188 168188
168188 168188
168188 168188
168188 168188
168188 168188
168188 168188
168188 168188
168188 168188
168188 168188
168188 168188
168188 168188
168188 168188
168188 168188
168188 168188
168188 168188
168188 168188
168188 168188
168188 168188
168188 168188
168188 168188
168188 168188
168188 168188
168188 168188
168188 168188
168188 168188
168188 168188
168188 168188
168188 168188
168188 168188
168188 168188
168188 168188
168188 168188
168188 168188
168188 168188
168188 168188
168188 168188
168188 168188
168188 168188
168188 168188
168188 168188
168188 168188
168188 168188
168188 168188
168188 168188
168188 168188
168188 168188
168188 168188
168188 168188
168188 168188
168188 168188
168188 168188
168188 168188
168188 168188
168188 168188
168188 168188
168188 168188
168188 168188
168188 168188
168188 168188
168188 168188
168188 168188
168188 168188
168188 168188
168188 168188
168188 168188
168188 168188
168188 168188
168188 168188
168188 168188
168188 168188
168188 168188
168188 168188
168188 168188
168188 168188
168188 168188
168188 168188
168188 168188
168188 168188
168188 168188
168188 168188
168188 168188
168188 168188
168188 168188
168188 168188
168188 168188
168188 168188
168188 168188
168188 168188
168188 168188
168188 168188
168188 168188
168188 168188
168188 168188
168188 168188
168188 168188
168188 168188
168188 168188
168188 168188
168188 168188
168188 168188
168188 168188
168188 168188
168188 168188
168188 168188
168188 168188
168188 168188
168188 168188
168188 168188
168188 168188
168188 168188
168188 168188
168188 168188
168188 168188
168188 168188
168188 168188
168188 168188
168188 168188
168188 168188
168188 168188
168188 168188
168188 168188
168188 168188
168188 168188
168188 168188
168188 168188
168188 168188
168188 168188
168188 168188
168188 168188
168188 168188
168188 168188
168188 168188
168188 168188
168188 168188
168188 168188
168188 168188
168188 168188
168188 168188
168188 168188
168188 168188
168188 168188
168188 168188
168188 168188
168188 168188
168188 168188
168188 168188
168188 168188
168188 168188
168188 168188
168188 168188
168188 168188
168188 168188
168188 168188
168188 168188
168188 168188
168188 168188
168188 168188
168188 168188
168188 168188
168188 168188
168188 168188
168188 168188
168188 168188
168188 168188
168188 168188
168188 168188
168188 168188
168188 168188
168188 168188
168188 168188
168188 168188
168188 168188
168188 168188
168188 168188
168188 168188
168188 168188
168188 168188
168188 168188
168188 168188
168188 168188
168188 168188
168188 168188
168188 168188
168188 168188
168188 168188
168188 168188
168188 168188
168188 168188
168188 168188
168188 168188
168188 168188
168188 168188
168188 168188
168188 168188
168188 168188
168188 168188
168188 168188
168188 168188
168188 168188
168188 168188
168188 168188
168188 168188
168188 168188
168188 168188
168188 168188
168188 168188
168188 168188
168188 168188
168188 168188
168188 168188
168188 168188
168188 168188
168188 168188
168188 168188
168188 168188
168188 168188
168188 168188
168188 168188
168188 168188
168188 168188
168188 168188
168188 168188
168188 168188
168188 168188
168188 168188
168188 168188
168188 168188
168188 168188
168188 168188
168188 168188
168188 168188
168188 168188
168188 168188
168188 168188
168188 168188
168188 168188
168188 168188
168188 168188
168188 168188
168188 168188
168188 168188
168188 168188
168188 168188
168188 168188
168188 168188
168188 168188
168188 168188
168188 168188
168188 168188
168188 168188
168188 168188
168188 168188
168188 168188
168188 168188
168188 168188
168188 168188
168188 168188
168188 168188
168188 168188
168188 168188
168188 168188
168188 168188
168188 168188
168188 168188
168188 168188
168188 168188
168188 168188
168188 168188
168188 168188
168188 168188
168188 168188
168188 168188
168188 168188
168188 168188
168188 168188
168188 168188
168188 168188
168188 168188
168188 168188
168188 168188
168188 168188
168188 168188
168188 168188
168188 168188
168188 168188
168188 168188
168188 168188
168188 168188
168188 168188
168188 168188
168188 168188
168188 168188
168188 168188
168188 168188
168188 168188
168188 168188
168188 168188
168188 168188
168188 168188
168188 168188
168188 168188
168188 168188
168188 168188
168188 168188
168188 168188
168188 168188
168188 168188
168188 168188
168188 168188
168188 168188
168188 168188
168188 168188
168188 168188
168188 168188
168188 168188
168188 168188
168188 168188
168188 168188
168188 168188
168188 168188
168188 168188
168188 168188
168188 168188
168188 168188
168188 168188
168188 168188
168188 168188
168188 168188
168188 168188
168188 168188
168188 168188
168188 168188
168188 168188
168188 168188
168188 168188
168188 168188
168188 168188
168188 168188
168188 168188
168188 168188
168188 168188
168188 168188
168188 168188
168188 168188
168188 168188
168188 168188
168188 168188
168188 168188
168188 168188
168188 168188
168188 168188
168188 168188
168188 168188
168188 168188
168188 168188
168188 168188
168188 168188
168188 168188
168188 168188
168188 168188
168188 168188
168188 168188
168188 168188
168188 168188
168188 168188
168188 168188
168188 168188
168188 168188
168188 168188
168188 168188
168188 168188
168188 168188
168188 168188
168188 168188
168188 168188
168188 168188
168188 168188
168188 168188
168188 168188
168188 168188
168188 168188
168188 168188
168188 168188
168188 168188
168188 168188
168188 168188
168188 168188
168188 168188
168188 168188
168188 168188
168188 168188
168188 168188
168188 168188
168188 168188
168188 168188
168188 168188
168188 168188
168188 168188
168188 168188
168188 168188
168188 168188
168188 168188
168188 168188
168188 168188
168188 168188
168188 168188
168188 168188
168188 168188
168188 168188
168188 168188
168188 168188
168188 168188
168188 168188
168188 168188
168188 168188
168188 168188
168188 168188
168188 168188
168188 168188
168188 168188
168188 168188
168188 168188
168188 168188
168188 168188
168188 168188
168188 168188
168188 168188
168188 168188
168188 168188
168188 168188
168188 168188
168188 168188
168188 168188
168188 168188
168188 168188
168188 168188
168188 168188
168188 168188
168188 168188
168188 168188
168188 168188
168188 168188
168188 168188
168188 168188
168188 168188
168188 168188
168188 168188
168188 168188
168188 168188
168188 168188
168188 168188
168188 168188
168188 168188
168188 168188
168188 168188
168188 168188
168188 168188
168188 168188
168188 168188
168188 168188
168188 168188
168188 168188
168188 168188
168188 168188
168188 168188
168188 168188
168188 168188
168188 168188
168188 168188
168188 168188
168188 168188
168188 168188
168188 168188
168188 168188
168188 168188
168188 168188
168188 168188
168188 168188
168188 168188
168188 168188
168188 168188
168188 168188
168188 168188
168188 168188
168188 168188
168188 168188
168188 168188
168188 168188
168188 168188
168188 168188
168188 168188
168188 168188
168188 168188
168188 168188
168188 168188
168188 168188
168188 168188
168188 168188
168188 168188
168188 168188
168188 168188
168188 168188
168188 168188
168188 168188
168188 168188
168188 168188
168188 168188
168188 168188
168188 168188
168188 168188
168188 168188
168188 168188
168188 168188
168188 168188
168188 168188
168188 168188
168188 168188
168188 168188
168188 168188
168188 168188
168188 168188
168188 168188
168188 168188
168188 168188
168188 168188
168188 168188
168188 168188
168188 168188
168188 168188
168188 168188
168188 168188
168188 168188
168188 168188
168188 168188
168188 168188
168188 168188
168188 168188
168188 168188
168188 168188
168188 168188
168188 168188
168188 168188
168188 168188
168188 168188
168188 168188
168188 168188
168188 168188
168188 168188
168188 168188
168188 168188
168188 168188
168188 168188
168188 168188
168188 168188
168188 168188
168188 168188
168188 168188
168188 168188
168188 168188
168188 168188
168188 168188
168188 168188
168188 168188
168188 168188
168188 168188
168188 168188
168188 168188
168188 168188
168188 168188
168188 168188
168188 168188
168188 168188
168188 168188
168188 168188
168188 168188
168188 168188
168188 168188
168188 168188
168188 168188
168188 168188
168188 168188
168188 168188
168188 168188
168188 168188
168188 168188
168188 168188
168188 168188
168188 168188
168188 168188
168188 168188
168188 168188
168188 168188
168188 168188
168188 168188
168188 168188
168188 168188
168188 168188
168188 168188
168188 168188
168188 168188
168188 168188
168188 168188
168188 168188
168188 168188
168188 168188
168188 168188
168188 168188
168188 168188
168188 168188
168188 168188
168188 168188
168188 168188
168188 168188
168188 168188
168188 168188
168188 168188
168188 168188
168188 168188
168188 168188
168188 168188
168188 168188
168188 168188
168188 168188
168188 168188
168188 168188
168188 168188
168188 168188
168188 168188
168188 168188
168188 168188
168188 168188
168188 168188
168188 168188
168188 168188
168188 168188
168188 168188
168188 168188
168188 168188
168188 168188
168188 168188
168188 168188
168188 168188
168188 168188
168188 168188
168188 168188
168188 168188
168188 168188
168188 168188
168188 168188
168188 168188
168188 168188
168188 168188
168188 168188
168188 168188
168188 168188
168188 168188
168188 168188
168188 168188
168188 168188
168188 168188
168188 168188
168188 168188
168188 168188
168188 168188
168188 168188
168188 168188
168188 168188
168188 168188
168188 168188
168188 168188
168188 168188
168188 168188
168188 168188
168188 168188
168188 168188
168188 168188
168188 168188
168188 168188
168188 168188
168188 168188
168188 168188
168188 168188
168188 168188
168188 168188
168188 168188
168188 168188
168188 168188
168188 168188
168188 168188
168188 168188
168188 168188
168188 168188
168188 168188
168188 168188
168188 168188
168188 168188
168188 168188
168188 168188
168188 168188
168188 168188
168188 168188
168188 168188
168188 168188
168188 168188
168188 168188
168188 168188
168188 168188
168188 168188
168188 168188
168188 168188
168188 168188
168188 168188
168188 168188
168188 168188
168188 168188
168188 168188
168188 168188
168188 168188
168188 168188
168188 168188
168188 168188
168188 168188
168188 168188
168188 168188
168188 168188
168188 168188
168188 168188
168188 168188
168188 168188
168188 168188
168188 168188
168188 168188
168188 168188
168188 168188
168188 168188
168188 168188
168188 168188
168188 168188
168188 168188
168188 168188
168188 168188
168188 168188
168188 168188
168188 168188
168188 168188
168188 168188
168188 168188
168188 168188
168188 168188
168188 168188
168188 168188
168188 168188
168188 168188
168188 168188
168188 168188
168188 168188
168188 168188
168188 168188
168188 168188
168188 168188
168188 168188
168188 168188
168188 168188
168188 168188
168188 168188
168188 168188
168188 168188
168188 168188
168188 168188
168188 168188
168188 168188
168188 168188
168188 168188
168188 168188
168188 168188
168188 168188
168188 168188
168188 168188
168188 168188
168188 168188
168188 168188
168188 168188
168188 168188
168188 168188
168188 168188
168188 168188
168188 168188
168188 168188
168188 168188
168188 168188
168188 168188
168188 168188
168188 168188
168188 168188
168188 168188
168188 168188
168188 168188
168188 168188
168188 168188
168188 168188
168188 168188
168188 168188
168188 168188
168188 168188
168188 168188
168188 168188
168188 168188
168188 168188
168188 168188
168188 168188
168188 168188
168188 168188
168188 168188
168188 168188
168188 168188
168188 168188
168188 168188
168188 168188
168188 168188
168188 168188
168188 168188
168188 168188
168188 168188
168188 168188
168188 168188
168188 168188
168188 168188
168188 168188
168188 168188
168188 168188
168188 168188
168188 168188
168188 168188
168188 168188
168188 168188
168188 168188
168188 168188
168188 168188
168188 168188
168188 168188
168188 168188
168188 168188
168188 168188
168188 168188
168188 168188
168188 168188
168188 168188
168188 168188
168188 168188
168188 168188
168188 168188
168188 168188
168188 168188
168188 168188
168188 168188
168188 168188
168188 168188
168188 168188
168188 168188
168188 168188
168188 168188
168188 168188
168188 168188
168188 168188
168188 168188
168188 168188
168188 168188
168188 168188
168188 168188
168188 168188
168188 168188
168188 168188
168188 168188
168188 168188
168188 168188
168188 168188
168188 168188
168188 168188
168188 168188
168188 168188
168188 168188
168188 168188
168188 168188
168188 168188
168188 168188
168188 168188
168188 168188
168188 168188
168188 168188
168188 168188
168188 168188
168188 168188
168188 168188
168188 168188
168188 168188
168188 168188
168188 168188
168188 168188
168188 168188
168188 168188
168188 168188
168188 168188
168188 168188
168188 168188
168188 168188
168188 168188
168188 168188
168188 168188
168188 168188
168188 168188
168188 168188
168188 168188
168188 168188
168188 168188
168188 168188
168188 168188
168188 168188
168188 168188
168188 168188
168188 168188
168188 168188
168188 168188
168188 168188
168188 168188
168188 168188
168188 168188
168188 168188
168188 168188
168188 168188
168188 168188
168188 168188
168188 168188
168188 168188
168188 168188
168188 168188
168188 168188
168188 168188
168188 168188
168188 168188
168188 168188
168188 168188
168188 168188
168188 168188
168188 168188
168188 168188
168188 168188
168188 168188
168188 168188
168188 168188
168188 168188
168188 168188
168188 168188
168188 168188
168188 168188
168188 168188
168188 168188
168188 168188
168188 168188
168188 168188
168188 168188
168188 168188
168188 168188
168188 168188
168188 168188
168188 168188
168188 168188
168188 168188
168188 168188
168188 168188
168188 168188
168188 168188
168188 168188
168188 168188
168188 168188
168188 168188
168188 168188
168188 168188
168188 168188
168188 168188
168188 168188
168188 168188
168188 168188
168188 168188
168188 168188
168188 168188
168188 168188
168188 168188
168188 168188
168188 168188
168188 168188
168188 168188
168188 168188
168188 168188
168188 168188
168188 168188
168188 168188
168188 168188
168188 168188
168188 168188
168188 168188
168188 168188
168188 168188
168188 168188
168188 168188
168188 168188
168188 168188
168188 168188
168188 168188
168188 168188
168188 168188
168188 168188
168188 168188
168188 168188
168188 168188
168188 168188
168188 168188
168188 168188
168188 168188
168188 168188
168188 168188
168188 168188
168188 168188
168188 168188
168188 168188
168188 168188
168188 168188
168188 168188
168188 168188
168188 168188
168188 168188
168188 168188
168188 168188
168188 168188
168188 168188
168188 168188
168188 168188
168188 168188
168188 168188
168188 168188
168188 168188
168188 168188
168188 168188
168188 168188
168188 168188
168188 168188
168188 168188
168188 168188
168188 168188
168188 168188
168188 168188
168188 168188
168188 168188
168188 168188
168188 168188
168188 168188
168188 168188
168188 168188
168188 168188
168188 168188
168188 168188
168188 168188
168188 168188
168188 168188
168188 168188
168188 168188
168188 168188
168188 168188
168188 168188
168188 168188
168188 168188
168188 168188
168188 168188
168188 168188
168188 168188
168188 168188
168188 168188
168188 168188
168188 168188
168188 168188
168188 168188
168188 168188
168188 168188
168188 168188
168188 168188
168188 168188
168188 168188
168188 168188
168188 168188
168188 168188
168188 168188
168188 168188
168188 168188
168188 168188
168188 168188
168188 168188
168188 168188
168188 168188
168188 168188
168188 168188
168188 168188
168188 168188
168188 168188
168188 168188
168188 168188
168188 168188
168188 168188
168188 168188
168188 168188
168188 168188
168188 168188
168188 168188
168188 168188
168188 168188
168188 168188
168188 168188
168188 168188
168188 168188
168188 168188
168188 168188
168188 168188
168188 168188
168188 168188
168188 168188
168188 168188
168188 168188
168188 168188
168188 168188
168188 168188
168188 168188
168188 168188
168188 168188
168188 168188
168188 168188
168188 168188
168188 168188
168188 168188
168188 168188
168188 168188
168188 168188
168188 168188
168188 168188
168188 168188
168188 168188
168188 168188
168188 168188
168188 168188
168188 168188
168188 168188
168188 168188
168188 168188
168188 168188
168188 168188
168188 168188
168188 168188
168188 168188
168188 168188
168188 168188
168188 168188
168188 168188
168188 168188
168188 168188
168188 168188
168188 168188
168188 168188
168188 168188
168188 168188
168188 168188
168188 168188
168188 168188
168188 168188
168188 168188
168188 168188
168188 168188
168188 168188
168188 168188
168188 168188
168188 168188
168188 168188
168188 168188
168188 168188
168188 168188
168188 168188
168188 168188
168188 168188
168188 168188
168188 168188
168188 168188
168188 168188
168188 168188
168188 168188
168188 168188
168188 168188
168188 168188
168188 168188
168188 168188
168188 168188
168188 168188
168188 168188
168188 168188
168188 168188
168188 168188
168188 168188
168188 168188
168188 168188
168188 168188
168188 168188
168188 168188
168188 168188
168188 168188
168188 168188
168188 168188
168188 168188
168188 168188
168188 168188
168188 168188
168188 168188
168188 168188
168188 168188
168188 168188
168188 168188
168188 168188
168188 168188
168188 168188
168188 168188
168188 168188
168188 168188
168188 168188
168188 168188
168188 168188
168188 168188
168188 168188
168188 168188
168188 168188
168188 168188
168188 168188
168188 168188
168188 168188
168188 168188
168188 168188
168188 168188
168188 168188
168188 168188
168188 168188
168188 168188
168188 168188
168188 168188
168188 168188
168188 168188
168188 168188
168188 168188
168188 168188
168188 168188
168188 168188
168188 168188
168188 168188
168188 168188
168188 168188
168188 168188
168188 168188
168188 168188
168188 168188
168188 168188
168188 168188
168188 168188
168188 168188
168188 168188
168188 168188
168188 168188
168188 168188
168188 168188
168188 168188
168188 168188
168188 168188
168188 168188
168188 168188
168188 168188
168188 168188
168188 168188
168188 168188
168188 168188
168188 168188
168188 168188
168188 168188
168188 168188
168188 168188
168188 168188
168188 168188
168188 168188
168188 168188
168188 168188
168188 168188
168188 168188
168188 168188
168188 168188
168188 168188
168188 168188
168188 168188
168188 168188
168188 168188
168188 168188
168188 168188
168188 168188
168188 168188
168188 168188
168188 168188
168188 168188
168188 168188
168188 168188
168188 168188
168188 168188
168188 168188
168188 168188
168188 168188
168188 168188
168188 168188
168188 168188
168188 168188
168188 168188
168188 168188
168188 168188
168188 168188
168188 168188
168188 168188
168188 168188
168188 168188
168188 168188
168188 168188
168188 168188
168188 168188
168188 168188
168188 168188
168188 168188
168188 168188
168188 168188
168188 168188
168188 168188
168188 168188
168188 168188
168188 168188
168188 168188
168188 168188
168188 168188
168188 168188
168188 168188
168188 168188
168188 168188
168188 168188
168188 168188
168188 168188
168188 168188
168188 168188
168188 168188
168188 168188
168188 168188
168188 168188
168188 168188
168188 168188
168188 168188
168188 168188
168188 168188
168188 168188
168188 168188
168188 168188
168188 168188
168188 168188
168188 168188
168188 168188
168188 168188
168188 168188
168188 168188
168188 168188
168188 168188
168188 168188
168188 168188
168188 168188
168188 168188
168188 168188
168188 168188
168188 168188
168188 168188
168188 168188
168188 168188
168188 168188
168188 168188
168188 168188
168188 168188
168188 168188
168188 168188
168188 168188
168188 168188
168188 168188
168188 168188
168188 168188
168188 168188
168188 168188
168188 168188
168188 168188
168188 168188
168188 168188
168188 168188
168188 168188
168188 168188
168188 168188
168188 168188
168188 168188
168188 168188
168188 168188
168188 168188
168188 168188
168188 168188
168188 168188
168188 168188
168188 168188
168188 168188
168188 168188
168188 168188
168188 168188
168188 168188
168188 168188
168188 168188
168188 168188
168188 168188
168188 168188
168188 168188
168188 168188
168188 168188
168188 168188
168188 168188
168188 168188
168188 168188
168188 168188
168188 168188
168188 168188
168188 168188
168188 168188
168188 168188
168188 168188
168188 168188
168188 168188
168188 168188
168188 168188
168188 168188
168188 168188
168188 168188
168188 168188
168188 168188
168188 168188
168188 168188
168188 168188
168188 168188
168188 168188
168188 168188
168188 168188
168188 168188
168188 168188
168188 168188
168188 168188
168188 168188
168188 168188
168188 168188
168188 168188
168188 168188
168188 168188
168188 168188
168188 168188
168188 168188
168188 168188
168188 168188
168188 168188
168188 168188
168188 168188
168188 168188
168188 168188
168188 168188
168188 168188
168188 168188
168188 168188
168188 168188
168188 168188
168188 168188
168188 168188
168188 168188
168188 168188
168188 168188
168188 168188
168188 168188
168188 168188
168188 168188
168188 168188
168188 168188
168188 168188
168188 168188
168188 168188
168188 168188
168188 168188
168188 168188
168188 168188
168188 168188
168188 168188
168188 168188
168188 168188
168188 168188
168188 168188
168188 168188
168188 168188
168188 168188
168188 168188
168188 168188
168188 168188
168188 168188
168188 168188
168188 168188
168188 168188
168188 168188
168188 168188
168188 168188
168188 168188
168188 168188
168188 168188
168188 168188
168188 168188
168188 168188
168188 168188
168188 168188
168188 168188
168188 168188
168188 168188
168188 168188
168188 168188
168188 168188
168188 168188
168188 168188
168188 168188
168188 168188
168188 168188
168188 168188
168188 168188
168188 168188
168188 168188
168188 168188
168188 168188
168188 168188
168188 168188
168188 168188
168188 168188
168188 168188
168188 168188
168188 168188
168188 168188
168188 168188
168188 168188
168188 168188
168188 168188
168188 168188
168188 168188
168188 168188
168188 168188
168188 168188
168188 168188
168188 168188
168188 168188
168188 168188
168188 168188
168188 168188
168188 168188
168188 168188
168188 168188
168188 168188
168188 168188
168188 168188
168188 168188
168188 168188
168188 168188
168188 168188
168188 168188
168188 168188
168188 168188
168188 168188
168188 168188
168188 168188
168188 168188
168188 168188
168188 168188
168188 168188
168188 168188
168188 168188
168188 168188
168188 168188
168188 168188
168188 168188
168188 168188
168188 168188
168188 168188
168188 168188
168188 168188
168188 168188
168188 168188
168188 168188
168188 168188
168188 168188
168188 168188
168188 168188
168188 168188
168188 168188
168188 168188
168188 168188
168188 168188
168188 168188
168188 168188
168188 168188
168188 168188
168188 168188
168188 168188
168188 168188
168188 168188
168188 168188
168188 168188
168188 168188
168188 168188
168188 168188
168188 168188
168188 168188
168188 168188
168188 168188
168188 168188
168188 168188
168188 168188
168188 168188
168188 168188
168188 168188
168188 168188
168188 168188
168188 168188
168188 168188
168188 168188
168188 168188
168188 168188
168188 168188
168188 168188
168188 168188
168188 168188
168188 168188
168188 168188
168188 168188
168188 168188
168188 168188
168188 168188
168188 168188
168188 168188
168188 168188
168188 168188
168188 168188
168188 168188
168188 168188
168188 168188
168188 168188
168188 168188
168188 168188
168188 168188
168188 168188
168188 168188
168188 168188
168188 168188
168188 168188
168188 168188
168188 168188
168188 168188
168188 168188
168188 168188
168188 168188
168188 168188
168188 168188
168188 168188
168188 168188
168188 168188
168188 168188
168188 168188
168188 168188
168188 168188
168188 168188
168188 168188
168188 168188
168188 168188
168188 168188
168188 168188
168188 168188
168188 168188
168188 168188
168188 168188
168188 168188
168188 168188
168188 168188
168188 168188
168188 168188
168188 168188
168188 168188
168188 168188
168188 168188
168188 168188
168188 168188
168188 168188
168188 168188
168188 168188
168188 168188
168188 168188
168188 168188
168188 168188
168188 168188
168188 168188
168188 168188
168188 168188
168188 168188
168188 168188
168188 168188
168188 168188
168188 168188
168188 168188
168188 168188
168188 168188
168188 168188
168188 168188
168188 168188
168188 168188
168188 168188
168188 168188
168188 168188
168188 168188
168188 168188
168188 168188
168188 168188
168188 168188
168188 168188
168188 168188
168188 168188
168188 168188
168188 168188
168188 168188
168188 168188
168188 168188
168188 168188
168188 168188
168188 168188
168188 168188
168188 168188
168188 168188
168188 168188
168188 168188
168188 168188
168188 168188
168188 168188
168188 168188
168188 168188
168188 168188
168188 168188
168188 168188
168188 168188
168188 168188
168188 168188
168188 168188
168188 168188
168188 168188
168188 168188
168188 168188
168188 168188
168188 168188
168188 168188
168188 168188
168188 168188
168188 168188
168188 168188
168188 168188
168188 168188
168188 168188
168188 168188
168188 168188
168188 168188
168188 168188
168188 168188
168188 168188
168188 168188
168188 168188
168188 168188
168188 168188
168188 168188
168188 168188
168188 168188
168188 168188
168188 168188
168188 168188
