160290
0 164207
0 162125
159222 159222
155038 155038
151175 151175
143445 143445
139812 139812
139214 139214
0 135912
135394 135394
131475 131475
126506 126506
0 122961
122769 122769
119639 119639
119012 119012
115478 115478
112857 112857
115942 115942
0 118799
115743 115743
121557 121557
124369 124369
121284 121284
120298 120298
123125 123125
118966 118966
121185 121185
121939 121939
121766 121766
122972 122972
120589 120589
119741 119741
122746 122746
121995 121995
120518 120518
120192 120192
119218 119218
118280 118280
116155 116155
117373 117373
117450 117450
118636 118636
121638 121638
123207 123207
122141 122141
117864 117864
117424 117424
115857 115857
115091 115091
114192 114192
115321 115321
117870 117870
113974 113974
112758 112758
115615 115615
116303 116303
117881 117881
121514 121514
120264 120264
120575 120575
120205 120205
115687 115687
114454 114454
115460 115460
115281 115281
112819 112819
112041 112041
107616 107616
110780 110780
112067 112067
111104 111104
114321 114321
113597 113597
114134 114134
115682 115682
112067 112067
112256 112256
108899 108899
108316 108316
104449 104449
102742 102742
106990 106990
109288 109288
110108 110108
106657 106657
109217 109217
109980 109980
107862 107862
107118 107118
110656 110656
108604 108604
106731 106731
113485 113485
116177 116177
116702 116702
119523 119523
113710 113710
110516 110516
109638 109638
110537 110537
109841 109841
110618 110618
108702 108702
105588 105588
104449 104449
106907 106907
104939 104939
106074 106074
109753 109753
109764 109764
112621 112621
115421 115421
114797 114797
118669 118669
121525 121525
119128 119128
120562 120562
122956 122956
119082 119082
116070 116070
117178 117178
116015 116015
116240 116240
113195 113195
117147 117147
120429 120429
117743 117743
117569 117569
113546 113546
118766 118766
118291 118291
116303 116303
115168 115168
118114 118114
117857 117857
117663 117663
115459 115459
112600 112600
113106 113106
113792 113792
115989 115989
113890 113890
116209 116209
117970 117970
113432 113432
111263 111263
107605 107605
112914 112914
119205 119205
117291 117291
112591 112591
116772 116772
113445 113445
114264 114264
112583 112583
113380 113380
113642 113642
118148 118148
117663 117663
121674 121674
117071 117071
118445 118445
116101 116101
114584 114584
111930 111930
112936 112936
115488 115488
118770 118770
118532 118532
116899 116899
111810 111810
110438 110438
115713 115713
114618 114618
112547 112547
112027 112027
117079 117079
118233 118233
115906 115906
116231 116231
115099 115099
107833 107833
108257 108257
107127 107127
110763 110763
108484 108484
107539 107539
106053 106053
109340 109340
111178 111178
115893 115893
117589 117589
122828 122828
120851 120851
115161 115161
114410 114410
111061 111061
110497 110497
107974 107974
111272 111272
115673 115673
112881 112881
112138 112138
116309 116309
118636 118636
116136 116136
107983 107983
112276 112276
110431 110431
112504 112504
113356 113356
109126 109126
109361 109361
110814 110814
109219 109219
112759 112759
110719 110719
109506 109506
109244 109244
109835 109835
111023 111023
112922 112922
116570 116570
114041 114041
111749 111749
108196 108196
108429 108429
108703 108703
113127 113127
115832 115832
114095 114095
114707 114707
109421 109421
109004 109004
115045 115045
114315 114315
112375 112375
112259 112259
118071 118071
118315 118315
118252 118252
117198 117198
112726 112726
110346 110346
104381 104381
105048 105048
106543 106543
109216 109216
110525 110525
111521 111521
106768 106768
107776 107776
106015 106015
107185 107185
104581 104581
105151 105151
108867 108867
107619 107619
108212 108212
110882 110882
109355 109355
109754 109754
111439 111439
117987 117987
116444 116444
116776 116776
121989 121989
120834 120834
119573 119573
113321 113321
112136 112136
112974 112974
116499 116499
119345 119345
119847 119847
119133 119133
114989 114989
115853 115853
118961 118961
116054 116054
115121 115121
116753 116753
115917 115917
115923 115923
112821 112821
113421 113421
116800 116800
114094 114094
115737 115737
112470 112470
108541 108541
111368 111368
113259 113259
112300 112300
114844 114844
113632 113632
113550 113550
112403 112403
109481 109481
105221 105221
107073 107073
110225 110225
112585 112585
115088 115088
117621 117621
114062 114062
114224 114224
114607 114607
115519 115519
114041 114041
113152 113152
116613 116613
115749 115749
117766 117766
122933 122933
116589 116589
117019 117019
115903 115903
118529 118529
115149 115149
113776 113776
114003 114003
116974 116974
113314 113314
114884 114884
115916 115916
113149 113149
113819 113819
115171 115171
107194 107194
111688 111688
113379 113379
109997 109997
110764 110764
109084 109084
104419 104419
106501 106501
106087 106087
113009 113009
112631 112631
114753 114753
116118 116118
120182 120182
118489 118489
120041 120041
119786 119786
114400 114400
113733 113733
113497 113497
114067 114067
112902 112902
115441 115441
111980 111980
110251 110251
114922 114922
110850 110850
112028 112028
118360 118360
118296 118296
115312 115312
111358 111358
110485 110485
111833 111833
113907 113907
118578 118578
117656 117656
112889 112889
105833 105833
108472 108472
109482 109482
109750 109750
110524 110524
110719 110719
110948 110948
108688 108688
102243 102243
103431 103431
107666 107666
109100 109100
110868 110868
111429 111429
109875 109875
110163 110163
112172 112172
109759 109759
111578 111578
112860 112860
110853 110853
111036 111036
113369 113369
112457 112457
112030 112030
107882 107882
111207 111207
109929 109929
110739 110739
113988 113988
118112 118112
117995 117995
117083 117083
115359 115359
118507 118507
119483 119483
119827 119827
115064 115064
118111 118111
115057 115057
117847 117847
118507 118507
118628 118628
113470 113470
117922 117922
119118 119118
115582 115582
114809 114809
114487 114487
111371 111371
112011 112011
113272 113272
112899 112899
116148 116148
111516 111516
110185 110185
109013 109013
113727 113727
111231 111231
111080 111080
112408 112408
113179 113179
115707 115707
117923 117923
120251 120251
122081 122081
119573 119573
117686 117686
118444 118444
121177 121177
118661 118661
121836 121836
117571 117571
114656 114656
114546 114546
111740 111740
110429 110429
107933 107933
105904 105904
104033 104033
107711 107711
112554 112554
114592 114592
112689 112689
113296 113296
115842 115842
115786 115786
113238 113238
115660 115660
113532 113532
111148 111148
114732 114732
114536 114536
115740 115740
114845 114845
113547 113547
113024 113024
113001 113001
113656 113656
114000 114000
114362 114362
110833 110833
110566 110566
114017 114017
116513 116513
120051 120051
124622 124622
120461 120461
117359 117359
114975 114975
115901 115901
119012 119012
116052 116052
116301 116301
121000 121000
120393 120393
117478 117478
115543 115543
113651 113651
114853 114853
113889 113889
112929 112929
115025 115025
114567 114567
113870 113870
115347 115347
118210 118210
115731 115731
113916 113916
115544 115544
116510 116510
114090 114090
108982 108982
109545 109545
106954 106954
109608 109608
107762 107762
108535 108535
104224 104224
109444 109444
109712 109712
111074 111074
110868 110868
112023 112023
108088 108088
107685 107685
108104 108104
109080 109080
111391 111391
114267 114267
108543 108543
108581 108581
111238 111238
114979 114979
113507 113507
111739 111739
110698 110698
112217 112217
113431 113431
111050 111050
113869 113869
112627 112627
109127 109127
107485 107485
108295 108295
108392 108392
107827 107827
110378 110378
110356 110356
104045 104045
110353 110353
112683 112683
112447 112447
111210 111210
109905 109905
108572 108572
110235 110235
109616 109616
107537 107537
110957 110957
113799 113799
112315 112315
115792 115792
116133 116133
114364 114364
110343 110343
114413 114413
112573 112573
112290 112290
108870 108870
113121 113121
113753 113753
116768 116768
119094 119094
117602 117602
115683 115683
113947 113947
110582 110582
107436 107436
111674 111674
108388 108388
110467 110467
113090 113090
113853 113853
112910 112910
113249 113249
113165 113165
115714 115714
112589 112589
111633 111633
110758 110758
109136 109136
116875 116875
115607 115607
119257 119257
121295 121295
117684 117684
115663 115663
114212 114212
119863 119863
117215 117215
117290 117290
114496 114496
114569 114569
112595 112595
105719 105719
107775 107775
105610 105610
107066 107066
109678 109678
108836 108836
108636 108636
110923 110923
110444 110444
109118 109118
114253 114253
114181 114181
113253 113253
112595 112595
110015 110015
116907 116907
119182 119182
116380 116380
117923 117923
111372 111372
107615 107615
105051 105051
107567 107567
109822 109822
110906 110906
112068 112068
115423 115423
117282 117282
121063 121063
111777 111777
110843 110843
108750 108750
106106 106106
109494 109494
115863 115863
112140 112140
114752 114752
116956 116956
117202 117202
114771 114771
118549 118549
118539 118539
118229 118229
114587 114587
111920 111920
112341 112341
110977 110977
109294 109294
103494 103494
107440 107440
105697 105697
107972 107972
110900 110900
112538 112538
116002 116002
117839 117839
117413 117413
113302 113302
113554 113554
114167 114167
114186 114186
110691 110691
111248 111248
112044 112044
111317 111317
113586 113586
110251 110251
109073 109073
110296 110296
106301 106301
105670 105670
109366 109366
115026 115026
115774 115774
113010 113010
113640 113640
113758 113758
113137 113137
112875 112875
115486 115486
113524 113524
119848 119848
120269 120269
116539 116539
114657 114657
113457 113457
115311 115311
114080 114080
110934 110934
109591 109591
110755 110755
111579 111579
113681 113681
112102 112102
114575 114575
117512 117512
120615 120615
118197 118197
119875 119875
118540 118540
110216 110216
110918 110918
113430 113430
117582 117582
114350 114350
111631 111631
109330 109330
108845 108845
105154 105154
102872 102872
107432 107432
107148 107148
109869 109869
111310 111310
110432 110432
109363 109363
111866 111866
104946 104946
106799 106799
106329 106329
106154 106154
111802 111802
113204 113204
110603 110603
112717 112717
109594 109594
111404 111404
112947 112947
110934 110934
114933 114933
115222 115222
115601 115601
111731 111731
113201 113201
112754 112754
109857 109857
108027 108027
104590 104590
106989 106989
109277 109277
107105 107105
109259 109259
110049 110049
112280 112280
111877 111877
111117 111117
117520 117520
112660 112660
111005 111005
107511 107511
108226 108226
115481 115481
117645 117645
119321 119321
114918 114918
115499 115499
114312 114312
113811 113811
111774 111774
112023 112023
112595 112595
111796 111796
106189 106189
100765 100765
106781 106781
108791 108791
114897 114897
112799 112799
116322 116322
115927 115927
113656 113656
109092 109092
111479 111479
114629 114629
113702 113702
111925 111925
114779 114779
116025 116025
112938 112938
115024 115024
111338 111338
112420 112420
115095 115095
116307 116307
116063 116063
120658 120658
116522 116522
118099 118099
114414 114414
111259 111259
109634 109634
108511 108511
110620 110620
107762 107762
103915 103915
106231 106231
111232 111232
111731 111731
112384 112384
115444 115444
117306 117306
116694 116694
115073 115073
114238 114238
114190 114190
113921 113921
116338 116338
110975 110975
113495 113495
113986 113986
115196 115196
112657 112657
112605 112605
110385 110385
105308 105308
104426 104426
105013 105013
97143 97143
104177 104177
102823 102823
110569 110569
108155 108155
106604 106604
108308 108308
115228 115228
111948 111948
114263 114263
115727 115727
110542 110542
113131 113131
112468 112468
111807 111807
109190 109190
114543 114543
116250 116250
114594 114594
116346 116346
112349 112349
113096 113096
115461 115461
114068 114068
113883 113883
115566 115566
113919 113919
114305 114305
112191 112191
113448 113448
112590 112590
114209 114209
115545 115545
116241 116241
111352 111352
104690 104690
108613 108613
114174 114174
117466 117466
114866 114866
121456 121456
121852 121852
117117 117117
117806 117806
114835 114835
117981 117981
117717 117717
120184 120184
120454 120454
119038 119038
115995 115995
116205 116205
115039 115039
112715 112715
114673 114673
116409 116409
117306 117306
113352 113352
112315 112315
115733 115733
117570 117570
115305 115305
112406 112406
117533 117533
111716 111716
110084 110084
109985 109985
116300 116300
108713 108713
111122 111122
110367 110367
114098 114098
108877 108877
109544 109544
113544 113544
109329 109329
107645 107645
111151 111151
110092 110092
112514 112514
118226 118226
114063 114063
112018 112018
107214 107214
104032 104032
106708 106708
109787 109787
106616 106616
111203 111203
108599 108599
111546 111546
110077 110077
108204 108204
107402 107402
109299 109299
103500 103500
105557 105557
105357 105357
107966 107966
109878 109878
115237 115237
116136 116136
113236 113236
111015 111015
111957 111957
113581 113581
113757 113757
112916 112916
113544 113544
114884 114884
112794 112794
114930 114930
115030 115030
114915 114915
116710 116710
114672 114672
113188 113188
115098 115098
113110 113110
109509 109509
110072 110072
107326 107326
104015 104015
105494 105494
101942 101942
109267 109267
112830 112830
113550 113550
114949 114949
109357 109357
112913 112913
118601 118601
115690 115690
118138 118138
118511 118511
121632 121632
122999 122999
125670 125670
127864 127864
125000 125000
123660 123660
122367 122367
125195 125195
126486 126486
122343 122343
123262 123262
115464 115464
116244 116244
119709 119709
117112 117112
116984 116984
116288 116288
116962 116962
116219 116219
114315 114315
113213 113213
114676 114676
115586 115586
112767 112767
117068 117068
119040 119040
112552 112552
107736 107736
110209 110209
112079 112079
112501 112501
113905 113905
113968 113968
112841 112841
108643 108643
110108 110108
109285 109285
110792 110792
111549 111549
109530 109530
106813 106813
113766 113766
114322 114322
114027 114027
109852 109852
112195 112195
113220 113220
111062 111062
110033 110033
102351 102351
107891 107891
111256 111256
109910 109910
112369 112369
0 162525
160290 160290
156571 156571
150884 150884
145758 145758
0 141739
138904 138904
132965 132965
0 133981
129172 129172
129470 129470
128512 128512
128293 128293
123689 123689
0 125598
122082 122082
117272 117272
114112 114112
117004 117004
115067 115067
114201 114201
116909 116909
114502 114502
119015 119015
119588 119588
122931 122931
122031 122031
119580 119580
118291 118291
116823 116823
113741 113741
113879 113879
111070 111070
112042 112042
114140 114140
110391 110391
115000 115000
112790 112790
115367 115367
120881 120881
121419 121419
122744 122744
119304 119304
118539 118539
118210 118210
117307 117307
115177 115177
114568 114568
113623 113623
115529 115529
116353 116353
117410 117410
121576 121576
119882 119882
118576 118576
118923 118923
118090 118090
122463 122463
120766 120766
122133 122133
123295 123295
124061 124061
121863 121863
123374 123374
122367 122367
120149 120149
117684 117684
118817 118817
117630 117630
117814 117814
110094 110094
110356 110356
113178 113178
119210 119210
118034 118034
119216 119216
119820 119820
112907 112907
109887 109887
113602 113602
115099 115099
112816 112816
113855 113855
113471 113471
109855 109855
114808 114808
116020 116020
118091 118091
119037 119037
117682 117682
116619 116619
116003 116003
112730 112730
111564 111564
109502 109502
110542 110542
110294 110294
114507 114507
118917 118917
116614 116614
117073 117073
116017 116017
117395 117395
118314 118314
117360 117360
109128 109128
110012 110012
107512 107512
109477 109477
108739 108739
110658 110658
112550 112550
114596 114596
114964 114964
114217 114217
118024 118024
117040 117040
114419 114419
118009 118009
120386 120386
120980 120980
123109 123109
126122 126122
126361 126361
123819 123819
120568 120568
120505 120505
116189 116189
120753 120753
118869 118869
116394 116394
112084 112084
112224 112224
107075 107075
108054 108054
109949 109949
107473 107473
107255 107255
107246 107246
109974 109974
107728 107728
110950 110950
108794 108794
112701 112701
115298 115298
118420 118420
116277 116277
119525 119525
121379 121379
124138 124138
119742 119742
119449 119449
116922 116922
115298 115298
112029 112029
115549 115549
113735 113735
110559 110559
110606 110606
109685 109685
111999 111999
107218 107218
108442 108442
110507 110507
112777 112777
112414 112414
112049 112049
112022 112022
112685 112685
112228 112228
113158 113158
112323 112323
113443 113443
111663 111663
111104 111104
110708 110708
111750 111750
111394 111394
107224 107224
104261 104261
107583 107583
112060 112060
106574 106574
109567 109567
112831 112831
111395 111395
108865 108865
107161 107161
107063 107063
111042 111042
109139 109139
108284 108284
106967 106967
111906 111906
117240 117240
116601 116601
118611 118611
119098 119098
117294 117294
116391 116391
114110 114110
114251 114251
111270 111270
109735 109735
114695 114695
117939 117939
112753 112753
111261 111261
113565 113565
115297 115297
113459 113459
112095 112095
111162 111162
111448 111448
111233 111233
109273 109273
110307 110307
110677 110677
113468 113468
113407 113407
113771 113771
114593 114593
115865 115865
115725 115725
114229 114229
114968 114968
113143 113143
113542 113542
114870 114870
115326 115326
117508 117508
115928 115928
113881 113881
113129 113129
112954 112954
116892 116892
115489 115489
115242 115242
116102 116102
115198 115198
112980 112980
115525 115525
113311 113311
112386 112386
111663 111663
108971 108971
104056 104056
106204 106204
108889 108889
113208 113208
111897 111897
111127 111127
112710 112710
110473 110473
114197 114197
113854 113854
114154 114154
114452 114452
116969 116969
110508 110508
109216 109216
107154 107154
105654 105654
105078 105078
105057 105057
107278 107278
109522 109522
110103 110103
110453 110453
111868 111868
115152 115152
113736 113736
110225 110225
109968 109968
108789 108789
112758 112758
112779 112779
112065 112065
107338 107338
111234 111234
111193 111193
108835 108835
111951 111951
110899 110899
116241 116241
114528 114528
112570 112570
109703 109703
108879 108879
106373 106373
105248 105248
106915 106915
112385 112385
111366 111366
113394 113394
113838 113838
113874 113874
115411 115411
116896 116896
115703 115703
111399 111399
113962 113962
110320 110320
111722 111722
111357 111357
110912 110912
113348 113348
111106 111106
111288 111288
108152 108152
111723 111723
108156 108156
112074 112074
115521 115521
112093 112093
114491 114491
114201 114201
113871 113871
112398 112398
111786 111786
114039 114039
117451 117451
115972 115972
114112 114112
114469 114469
119214 119214
111276 111276
110791 110791
106404 106404
108103 108103
108615 108615
108825 108825
111471 111471
111623 111623
116622 116622
113899 113899
117722 117722
114870 114870
118421 118421
121310 121310
119999 119999
121963 121963
121819 121819
120028 120028
117874 117874
117868 117868
111318 111318
112191 112191
112750 112750
105934 105934
108732 108732
111595 111595
110607 110607
107781 107781
104374 104374
106405 106405
108907 108907
107969 107969
111988 111988
109198 109198
107613 107613
105244 105244
103069 103069
107930 107930
106866 106866
110850 110850
109925 109925
113218 113218
107741 107741
110827 110827
112657 112657
108849 108849
113776 113776
114184 114184
113687 113687
110587 110587
107259 107259
112612 112612
112557 112557
107998 107998
108523 108523
114181 114181
111666 111666
112049 112049
116343 116343
114652 114652
113576 113576
114453 114453
112567 112567
112155 112155
112155 112155
112963 112963
113814 113814
114206 114206
118083 118083
119337 119337
117382 117382
117811 117811
118248 118248
116022 116022
117904 117904
114780 114780
113480 113480
110203 110203
115290 115290
115105 115105
114661 114661
113708 113708
115092 115092
114839 114839
111713 111713
112981 112981
110369 110369
112114 112114
110137 110137
108578 108578
111409 111409
111519 111519
112377 112377
109741 109741
106226 106226
110073 110073
108011 108011
105797 105797
107714 107714
107623 107623
110384 110384
113888 113888
111239 111239
112079 112079
116079 116079
115629 115629
113498 113498
111372 111372
111665 111665
117720 117720
114311 114311
117580 117580
117342 117342
118126 118126
118093 118093
114290 114290
113579 113579
114453 114453
108646 108646
109170 109170
108086 108086
104875 104875
103218 103218
103177 103177
104771 104771
109154 109154
106354 106354
105653 105653
110090 110090
112016 112016
112755 112755
109796 109796
107077 107077
105957 105957
106496 106496
110844 110844
109768 109768
109302 109302
110974 110974
110057 110057
115431 115431
115848 115848
120748 120748
121170 121170
119514 119514
116787 116787
117843 117843
117268 117268
117046 117046
118763 118763
117555 117555
116900 116900
116907 116907
116501 116501
113846 113846
114112 114112
116665 116665
115796 115796
114953 114953
114360 114360
111547 111547
114135 114135
110235 110235
113470 113470
109171 109171
106992 106992
108466 108466
109157 109157
105700 105700
107372 107372
110556 110556
117842 117842
114204 114204
112577 112577
117043 117043
115301 115301
115476 115476
114009 114009
117616 117616
112090 112090
113097 113097
110622 110622
113587 113587
109977 109977
106946 106946
107407 107407
106690 106690
107657 107657
107489 107489
106849 106849
106378 106378
103142 103142
105937 105937
108468 108468
114530 114530
111198 111198
108811 108811
106116 106116
105125 105125
107509 107509
112857 112857
110888 110888
110924 110924
109954 109954
109121 109121
112841 112841
113828 113828
112272 112272
111221 111221
112764 112764
109560 109560
107216 107216
108925 108925
107659 107659
108937 108937
106716 106716
105618 105618
109621 109621
110953 110953
110085 110085
112540 112540
113743 113743
110241 110241
106987 106987
110069 110069
108514 108514
110766 110766
109865 109865
106315 106315
102968 102968
113757 113757
113681 113681
111333 111333
111977 111977
110810 110810
113121 113121
108977 108977
111305 111305
109545 109545
109637 109637
110926 110926
113218 113218
114282 114282
112596 112596
115954 115954
116299 116299
113838 113838
109013 109013
108462 108462
111583 111583
111758 111758
108496 108496
110686 110686
115323 115323
113008 113008
114036 114036
115842 115842
111378 111378
109823 109823
113149 113149
109342 109342
107769 107769
115175 115175
115744 115744
115622 115622
118777 118777
115496 115496
111511 111511
110604 110604
108621 108621
107350 107350
106087 106087
105821 105821
108277 108277
112331 112331
113772 113772
118192 118192
116466 116466
111098 111098
110224 110224
110285 110285
108780 108780
108014 108014
109213 109213
107914 107914
106318 106318
104476 104476
105713 105713
107063 107063
104226 104226
103139 103139
99654 99654
101846 101846
107468 107468
108407 108407
108384 108384
109436 109436
114292 114292
114567 114567
114937 114937
113216 113216
110527 110527
112195 112195
113495 113495
115778 115778
116977 116977
114976 114976
115833 115833
114867 114867
118907 118907
117198 117198
115552 115552
116243 116243
113313 113313
110719 110719
113518 113518
114192 114192
115878 115878
113632 113632
114148 114148
111894 111894
109214 109214
106722 106722
107976 107976
107936 107936
105796 105796
108750 108750
112108 112108
112148 112148
110370 110370
109888 109888
105184 105184
113053 113053
109242 109242
108929 108929
110319 110319
103939 103939
109227 109227
106416 106416
108637 108637
105737 105737
100976 100976
105203 105203
114325 114325
113946 113946
112243 112243
111963 111963
110443 110443
113343 113343
112844 112844
110861 110861
109133 109133
110400 110400
110913 110913
111565 111565
109174 109174
112191 112191
111126 111126
115666 115666
113545 113545
114024 114024
112248 112248
116073 116073
114765 114765
114294 114294
111868 111868
111348 111348
110781 110781
106380 106380
110563 110563
115431 115431
113989 113989
111275 111275
114589 114589
110149 110149
107955 107955
110208 110208
112312 112312
110964 110964
112282 112282
108395 108395
106804 106804
109688 109688
108186 108186
110476 110476
112417 112417
115197 115197
116568 116568
114470 114470
115011 115011
110544 110544
111167 111167
113621 113621
114648 114648
119481 119481
118613 118613
119543 119543
116027 116027
115951 115951
111394 111394
114231 114231
119822 119822
111095 111095
109768 109768
108262 108262
110910 110910
110520 110520
117908 117908
116465 116465
113397 113397
114895 114895
115626 115626
117319 117319
117764 117764
114204 114204
111481 111481
113631 113631
115420 115420
117117 117117
117221 117221
113870 113870
112789 112789
111971 111971
110595 110595
109640 109640
113818 113818
112663 112663
112319 112319
115592 115592
110589 110589
110332 110332
113749 113749
119388 119388
117460 117460
118018 118018
118253 118253
116730 116730
113943 113943
108958 108958
109158 109158
107038 107038
106826 106826
108596 108596
108023 108023
110715 110715
110291 110291
109352 109352
108727 108727
109049 109049
108193 108193
111143 111143
114947 114947
108738 108738
115423 115423
116756 116756
117897 117897
116131 116131
112815 112815
107126 107126
107184 107184
101840 101840
105441 105441
105504 105504
106786 106786
108091 108091
107988 107988
107628 107628
107562 107562
113556 113556
116231 116231
117904 117904
120628 120628
120864 120864
121514 121514
123074 123074
118903 118903
114904 114904
115099 115099
113608 113608
109526 109526
108513 108513
106514 106514
110572 110572
114494 114494
114285 114285
109732 109732
113062 113062
110517 110517
113125 113125
112140 112140
113617 113617
118950 118950
118822 118822
121999 121999
118694 118694
115599 115599
111933 111933
109363 109363
111766 111766
111610 111610
113934 113934
113072 113072
111223 111223
111596 111596
108134 108134
106172 106172
105205 105205
108405 108405
110124 110124
109753 109753
108444 108444
107631 107631
105514 105514
106657 106657
113211 113211
109610 109610
113617 113617
113110 113110
113712 113712
113540 113540
112543 112543
110594 110594
110372 110372
110477 110477
111293 111293
110581 110581
108535 108535
112728 112728
111554 111554
109261 109261
109797 109797
107540 107540
107803 107803
111853 111853
110779 110779
107865 107865
111749 111749
111231 111231
111296 111296
110331 110331
110888 110888
113478 113478
115979 115979
112427 112427
112835 112835
115596 115596
113154 113154
115127 115127
115409 115409
114246 114246
111746 111746
114873 114873
112615 112615
106506 106506
104557 104557
103699 103699
106169 106169
105986 105986
103716 103716
105555 105555
105817 105817
106425 106425
110807 110807
111026 111026
111838 111838
112838 112838
111821 111821
113668 113668
112024 112024
108359 108359
105995 105995
112169 112169
109368 109368
104944 104944
104921 104921
108778 108778
108645 108645
107493 107493
107917 107917
112043 112043
113780 113780
114620 114620
112705 112705
114537 114537
111910 111910
107877 107877
114309 114309
116694 116694
112125 112125
111974 111974
108281 108281
110400 110400
108667 108667
107745 107745
108888 108888
111166 111166
110696 110696
113784 113784
104312 104312
105481 105481
109882 109882
112017 112017
113777 113777
113016 113016
115198 115198
114205 114205
115935 115935
116723 116723
113192 113192
110991 110991
111714 111714
114790 114790
112932 112932
110063 110063
111307 111307
107752 107752
110556 110556
106581 106581
108806 108806
109606 109606
107137 107137
110149 110149
108686 108686
110502 110502
108983 108983
113378 113378
115492 115492
112986 112986
110013 110013
109473 109473
111136 111136
107593 107593
107656 107656
106204 106204
109842 109842
109769 109769
111635 111635
114713 114713
114136 114136
116623 116623
115002 115002
111366 111366
112999 112999
113857 113857
117259 117259
118244 118244
118306 118306
120605 120605
115983 115983
117577 117577
118670 118670
117577 117577
115257 115257
114736 114736
114793 114793
114288 114288
111964 111964
112024 112024
113082 113082
115014 115014
116165 116165
116444 116444
119314 119314
115727 115727
113792 113792
115824 115824
113427 113427
110282 110282
113795 113795
115052 115052
113356 113356
108702 108702
110450 110450
0 162272
151827 151827
148104 148104
0 143166
144578 144578
139916 139916
134001 134001
131429 131429
130805 130805
130824 130824
128989 128989
131313 131313
127507 127507
0 121746
125044 125044
127496 127496
124768 124768
120241 120241
124165 124165
120281 120281
118483 118483
118128 118128
118401 118401
121080 121080
114107 114107
118857 118857
120377 120377
119938 119938
114486 114486
113395 113395
112709 112709
114553 114553
109894 109894
108903 108903
111363 111363
113774 113774
116644 116644
114808 114808
115141 115141
113476 113476
117541 117541
116886 116886
117056 117056
116522 116522
116538 116538
113328 113328
113390 113390
112261 112261
108248 108248
109711 109711
107713 107713
108925 108925
107750 107750
108772 108772
107047 107047
109822 109822
108174 108174
111810 111810
118296 118296
118787 118787
116371 116371
116380 116380
118523 118523
114431 114431
114760 114760
114405 114405
119843 119843
118078 118078
117081 117081
119294 119294
117488 117488
116464 116464
117825 117825
114504 114504
113055 113055
118841 118841
120921 120921
123014 123014
123836 123836
120855 120855
117067 117067
114945 114945
113275 113275
114253 114253
113022 113022
115464 115464
117699 117699
115341 115341
113213 113213
113012 113012
113001 113001
104952 104952
106182 106182
104908 104908
100964 100964
105705 105705
110432 110432
109916 109916
109562 109562
113078 113078
112161 112161
112625 112625
115203 115203
119450 119450
114751 114751
108854 108854
110381 110381
108963 108963
108740 108740
101741 101741
105144 105144
107319 107319
108933 108933
111183 111183
111079 111079
109248 109248
108731 108731
115540 115540
110024 110024
118767 118767
118553 118553
116686 116686
116069 116069
113476 113476
116097 116097
116104 116104
116240 116240
112979 112979
113639 113639
111705 111705
110367 110367
116735 116735
121453 121453
122540 122540
122820 122820
118313 118313
117018 117018
117861 117861
120157 120157
117027 117027
116453 116453
116336 116336
113230 113230
113518 113518
118763 118763
118732 118732
120046 120046
120093 120093
121764 121764
125010 125010
122014 122014
117943 117943
119148 119148
120430 120430
121616 121616
121387 121387
117997 117997
111578 111578
116743 116743
119180 119180
114538 114538
112164 112164
113416 113416
114052 114052
113882 113882
115074 115074
112476 112476
110858 110858
112496 112496
116295 116295
116605 116605
113686 113686
111270 111270
110916 110916
111607 111607
112805 112805
114160 114160
114835 114835
112640 112640
111554 111554
114007 114007
116638 116638
122517 122517
114434 114434
114421 114421
112146 112146
115143 115143
114112 114112
115511 115511
115802 115802
114564 114564
113277 113277
111954 111954
111690 111690
112120 112120
112913 112913
113534 113534
113880 113880
114124 114124
117436 117436
117697 117697
119133 119133
118884 118884
117374 117374
112548 112548
112788 112788
113938 113938
109847 109847
114519 114519
116918 116918
114268 114268
112921 112921
114506 114506
111320 111320
116039 116039
115187 115187
114596 114596
115769 115769
117585 117585
121034 121034
114543 114543
107583 107583
103864 103864
108352 108352
107354 107354
110444 110444
110904 110904
109982 109982
109372 109372
103767 103767
104852 104852
107971 107971
109574 109574
107118 107118
107382 107382
108160 108160
111895 111895
114804 114804
114379 114379
113253 113253
113981 113981
114774 114774
115550 115550
113892 113892
112230 112230
110692 110692
112755 112755
113014 113014
117795 117795
115262 115262
116010 116010
113028 113028
115108 115108
113758 113758
115717 115717
112148 112148
113898 113898
109812 109812
106730 106730
107773 107773
107483 107483
109693 109693
109956 109956
109111 109111
110303 110303
110254 110254
112492 112492
111343 111343
113597 113597
114306 114306
115287 115287
112371 112371
113658 113658
109946 109946
108187 108187
107900 107900
107379 107379
113424 113424
116427 116427
116402 116402
119408 119408
122402 122402
124973 124973
122283 122283
121870 121870
116515 116515
117179 117179
112925 112925
114188 114188
108740 108740
109523 109523
112960 112960
116888 116888
116021 116021
118095 118095
116837 116837
115398 115398
116027 116027
115591 115591
111850 111850
115100 115100
117053 117053
116457 116457
114366 114366
110687 110687
104551 104551
108737 108737
111090 111090
110396 110396
106806 106806
106771 106771
106991 106991
105863 105863
105956 105956
107428 107428
110119 110119
106918 106918
108493 108493
111375 111375
110543 110543
112384 112384
115291 115291
112503 112503
112812 112812
112351 112351
114691 114691
116704 116704
119646 119646
111381 111381
108707 108707
103493 103493
105049 105049
108345 108345
107950 107950
106533 106533
105758 105758
106714 106714
108002 108002
112613 112613
113176 113176
116303 116303
112969 112969
113200 113200
111090 111090
109820 109820
110302 110302
110338 110338
111622 111622
114932 114932
115743 115743
114185 114185
112734 112734
114515 114515
112205 112205
106834 106834
115127 115127
112795 112795
114699 114699
114308 114308
118735 118735
121817 121817
119096 119096
123212 123212
122639 122639
118383 118383
117130 117130
114891 114891
118446 118446
116986 116986
114269 114269
117272 117272
115368 115368
113374 113374
116398 116398
117231 117231
113088 113088
113217 113217
116753 116753
113197 113197
113427 113427
113121 113121
113603 113603
114532 114532
114850 114850
114060 114060
115806 115806
110359 110359
110573 110573
111198 111198
108875 108875
109525 109525
108697 108697
113959 113959
111906 111906
110987 110987
111799 111799
111505 111505
109424 109424
112293 112293
111690 111690
109369 109369
106412 106412
103953 103953
106902 106902
110132 110132
110644 110644
110819 110819
111167 111167
108702 108702
108959 108959
112087 112087
114205 114205
114282 114282
119862 119862
115079 115079
111452 111452
107525 107525
113545 113545
109240 109240
107850 107850
111402 111402
111444 111444
109622 109622
110468 110468
111594 111594
114998 114998
116385 116385
113218 113218
112057 112057
111338 111338
110703 110703
110480 110480
110390 110390
109726 109726
113476 113476
117890 117890
117945 117945
112943 112943
111244 111244
112068 112068
112489 112489
109312 109312
111607 111607
107129 107129
106489 106489
105605 105605
111958 111958
108282 108282
103264 103264
107318 107318
111498 111498
113436 113436
114057 114057
118027 118027
118983 118983
116315 116315
118440 118440
116296 116296
115047 115047
113174 113174
113405 113405
113872 113872
107291 107291
111849 111849
112065 112065
112648 112648
107484 107484
108023 108023
110703 110703
114208 114208
110980 110980
111699 111699
113622 113622
111387 111387
112739 112739
112302 112302
109251 109251
109397 109397
113711 113711
111490 111490
104604 104604
103212 103212
106054 106054
102885 102885
102807 102807
107435 107435
109793 109793
110511 110511
109951 109951
107970 107970
111129 111129
109164 109164
110168 110168
111980 111980
109933 109933
108398 108398
103397 103397
106291 106291
109004 109004
108219 108219
109624 109624
108467 108467
105371 105371
107055 107055
112800 112800
111689 111689
109377 109377
109504 109504
111108 111108
113050 113050
111695 111695
108914 108914
106589 106589
104691 104691
101545 101545
106908 106908
106604 106604
113484 113484
112803 112803
112543 112543
111388 111388
114272 114272
119376 119376
117443 117443
115416 115416
112434 112434
109949 109949
111008 111008
110447 110447
110125 110125
109331 109331
111279 111279
116650 116650
116003 116003
117573 117573
117826 117826
118085 118085
114083 114083
117499 117499
117708 117708
117939 117939
114918 114918
115710 115710
114670 114670
107577 107577
104206 104206
108653 108653
111739 111739
116749 116749
114504 114504
114445 114445
115922 115922
117673 117673
116815 116815
111659 111659
108908 108908
111665 111665
105468 105468
112163 112163
113676 113676
118278 118278
117492 117492
114840 114840
115541 115541
113899 113899
116236 116236
110030 110030
108348 108348
109749 109749
105906 105906
105434 105434
114169 114169
117207 117207
114287 114287
116256 116256
116632 116632
118293 118293
115258 115258
115440 115440
114054 114054
121085 121085
118297 118297
119087 119087
116460 116460
114691 114691
111534 111534
114655 114655
112746 112746
109343 109343
111352 111352
109729 109729
110780 110780
112070 112070
111638 111638
113053 113053
109918 109918
115153 115153
117015 117015
113390 113390
112269 112269
111233 111233
111657 111657
109821 109821
109417 109417
108171 108171
106298 106298
104913 104913
106110 106110
107940 107940
112578 112578
110738 110738
110397 110397
106797 106797
106536 106536
110463 110463
114298 114298
116541 116541
114228 114228
113782 113782
119056 119056
120895 120895
116511 116511
119651 119651
120615 120615
116558 116558
121600 121600
122073 122073
119692 119692
120987 120987
112435 112435
111683 111683
114573 114573
114883 114883
109101 109101
112463 112463
115705 115705
116426 116426
115264 115264
115809 115809
115905 115905
114732 114732
117431 117431
118052 118052
119809 119809
120136 120136
117666 117666
113373 113373
110262 110262
116895 116895
114374 114374
117083 117083
117387 117387
118213 118213
115392 115392
116867 116867
116921 116921
112792 112792
112217 112217
116528 116528
113951 113951
116472 116472
115318 115318
112780 112780
112356 112356
112838 112838
111108 111108
111488 111488
112036 112036
113950 113950
113546 113546
117799 117799
113352 113352
109487 109487
107987 107987
104529 104529
102734 102734
104056 104056
103414 103414
110539 110539
108600 108600
108446 108446
108962 108962
108506 108506
107854 107854
106448 106448
106370 106370
107110 107110
108739 108739
108369 108369
108253 108253
111332 111332
110918 110918
115308 115308
111554 111554
109012 109012
107215 107215
107847 107847
101862 101862
99471 99471
101977 101977
97566 97566
98594 98594
97206 97206
106512 106512
105187 105187
105439 105439
105975 105975
103983 103983
107556 107556
109104 109104
110476 110476
106847 106847
110189 110189
110524 110524
109624 109624
112711 112711
114989 114989
104888 104888
109370 109370
111640 111640
113439 113439
114012 114012
113611 113611
112862 112862
111603 111603
111586 111586
106233 106233
111702 111702
113630 113630
111133 111133
107716 107716
109460 109460
110822 110822
109605 109605
115491 115491
121190 121190
118211 118211
115600 115600
116490 116490
115911 115911
109321 109321
114345 114345
112845 112845
113215 113215
116429 116429
113154 113154
113579 113579
110562 110562
110924 110924
112433 112433
110162 110162
111523 111523
109162 109162
113070 113070
113644 113644
113324 113324
110189 110189
114447 114447
115722 115722
114377 114377
109007 109007
110094 110094
108507 108507
110273 110273
105119 105119
107114 107114
103914 103914
106159 106159
106893 106893
106171 106171
104738 104738
101141 101141
106479 106479
108318 108318
113330 113330
112297 112297
112270 112270
116010 116010
113591 113591
117857 117857
115311 115311
116963 116963
118799 118799
115380 115380
116411 116411
110615 110615
112725 112725
115601 115601
112681 112681
109531 109531
109888 109888
114568 114568
113694 113694
112418 112418
111030 111030
111547 111547
113114 113114
113959 113959
119144 119144
119602 119602
115483 115483
113454 113454
116522 116522
113763 113763
114205 114205
119132 119132
117087 117087
114491 114491
113650 113650
113974 113974
111528 111528
110790 110790
111163 111163
111038 111038
115788 115788
112126 112126
115846 115846
111863 111863
111953 111953
112228 112228
114350 114350
113291 113291
114830 114830
112434 112434
