242650
-659040 197621
190342 190342
200942 200942
200962 200962
201634 201634
202653 202653
203640 203640
204985 204985
205412 205412
206415 206415
209097 209097
212156 212156
215291 215291
217045 217045
218387 218387
219939 219939
221946 221946
221946 221946
222205 222205
224160 224160
224852 224852
225003 225003
225848 225848
225876 225876
226843 226843
228102 228102
229235 229235
229235 229235
229680 229680
229684 229684
229731 229731
229839 229839
229998 229998
230654 230654
232127 232127
232462 232462
233691 233691
233707 233707
234025 234025
234211 234211
234996 234996
235271 235271
235727 235727
235995 235995
236388 236388
237126 237126
237126 237126
237174 237174
237217 237217
237917 237917
237995 237995
238149 238149
238207 238207
238397 238397
238594 238594
238600 238600
238734 238734
239073 239073
239417 239417
239417 239417
239528 239528
239528 239528
239528 239528
239576 239576
239673 239673
239824 239824
239907 239907
239912 239912
239922 239922
240142 240142
240198 240198
240501 240501
240650 240650
240860 240860
240860 240860
240860 240860
240860 240860
240938 240938
240938 240938
240938 240938
240999 240999
241005 241005
241164 241164
241177 241177
241359 241359
241405 241405
241458 241458
241458 241458
241458 241458
241458 241458
241458 241458
241458 241458
241458 241458
241492 241492
241492 241492
241656 241656
241656 241656
241656 241656
241656 241656
241689 241689
241689 241689
241727 241727
241727 241727
241727 241727
241746 241746
241841 241841
241847 241847
241847 241847
241847 241847
241941 241941
241941 241941
241941 241941
241994 241994
241994 241994
241994 241994
242000 242000
242095 242095
242095 242095
242095 242095
242095 242095
242095 242095
242095 242095
242095 242095
242119 242119
242119 242119
242177 242177
242177 242177
242177 242177
242177 242177
242177 242177
242177 242177
242177 242177
242177 242177
242202 242202
242254 242254
242254 242254
242254 242254
242254 242254
242254 242254
242254 242254
242254 242254
242261 242261
242261 242261
242261 242261
242261 242261
242261 242261
242261 242261
242261 242261
242299 242299
242299 242299
242334 242334
242388 242388
242388 242388
242388 242388
242388 242388
242388 242388
242410 242410
242410 242410
242410 242410
242410 242410
242410 242410
242410 242410
242410 242410
242410 242410
242410 242410
242410 242410
242410 242410
242410 242410
242410 242410
242421 242421
242421 242421
242421 242421
242421 242421
242421 242421
242421 242421
242442 242442
242442 242442
242442 242442
242442 242442
242442 242442
242442 242442
242442 242442
242442 242442
242442 242442
242457 242457
242457 242457
242457 242457
242457 242457
242457 242457
242457 242457
242457 242457
242457 242457
242484 242484
242484 242484
242484 242484
242484 242484
242484 242484
242484 242484
242484 242484
242484 242484
242484 242484
242484 242484
242484 242484
242484 242484
242484 242484
242484 242484
242484 242484
242484 242484
242484 242484
242487 242487
242487 242487
242487 242487
242487 242487
242487 242487
242487 242487
242487 242487
242487 242487
242487 242487
242487 242487
242487 242487
242487 242487
242487 242487
242487 242487
242487 242487
242487 242487
242489 242489
242489 242489
242489 242489
242489 242489
242489 242489
242489 242489
242489 242489
242489 242489
242489 242489
242501 242501
242501 242501
242502 242502
242502 242502
242502 242502
242502 242502
242502 242502
242514 242514
242514 242514
242514 242514
242514 242514
242514 242514
242514 242514
242514 242514
242514 242514
242514 242514
242514 242514
242514 242514
242514 242514
242514 242514
242514 242514
242514 242514
242514 242514
242514 242514
242514 242514
242514 242514
242514 242514
242514 242514
242514 242514
242514 242514
242514 242514
242514 242514
242514 242514
242514 242514
242514 242514
242514 242514
242514 242514
242514 242514
242514 242514
242514 242514
242514 242514
242514 242514
242514 242514
242514 242514
242514 242514
242514 242514
242514 242514
242514 242514
242514 242514
242514 242514
242514 242514
242514 242514
242514 242514
242514 242514
242514 242514
242514 242514
242514 242514
242514 242514
242514 242514
242514 242514
242514 242514
242514 242514
242514 242514
242514 242514
242514 242514
242514 242514
242514 242514
242514 242514
242514 242514
242514 242514
242514 242514
242514 242514
242528 242528
242528 242528
242528 242528
242528 242528
242528 242528
242528 242528
242528 242528
242528 242528
242528 242528
242528 242528
242528 242528
242528 242528
242528 242528
242528 242528
242528 242528
242528 242528
242528 242528
242550 242550
242550 242550
242550 242550
242550 242550
242550 242550
242550 242550
242550 242550
242550 242550
242550 242550
242550 242550
242550 242550
242550 242550
242550 242550
242550 242550
242550 242550
242550 242550
242550 242550
242550 242550
242550 242550
242550 242550
242555 242555
242555 242555
242555 242555
242555 242555
242555 242555
242555 242555
242555 242555
242555 242555
242555 242555
242555 242555
242555 242555
242555 242555
242555 242555
242555 242555
242555 242555
242555 242555
242555 242555
242555 242555
242555 242555
242555 242555
242555 242555
242555 242555
242555 242555
242555 242555
242555 242555
242555 242555
242555 242555
242555 242555
242555 242555
242555 242555
242555 242555
242555 242555
242555 242555
242555 242555
242555 242555
242563 242563
242563 242563
242563 242563
242563 242563
242563 242563
242563 242563
242563 242563
242563 242563
242563 242563
242563 242563
242563 242563
242563 242563
242563 242563
242563 242563
242563 242563
242563 242563
242563 242563
242563 242563
242563 242563
242563 242563
242563 242563
242563 242563
242563 242563
242563 242563
242563 242563
242563 242563
242563 242563
242563 242563
242563 242563
242563 242563
242563 242563
242563 242563
242599 242599
242599 242599
242599 242599
242599 242599
242599 242599
242604 242604
242604 242604
242604 242604
242604 242604
242604 242604
242604 242604
242604 242604
242604 242604
242604 242604
242604 242604
242645 242645
242645 242645
242645 242645
242645 242645
242645 242645
242645 242645
242645 242645
242645 242645
242645 242645
242645 242645
242645 242645
242645 242645
242645 242645
242645 242645
242645 242645
242645 242645
242645 242645
242645 242645
242645 242645
242645 242645
242645 242645
242645 242645
242645 242645
242645 242645
242645 242645
242645 242645
242645 242645
242645 242645
242645 242645
242645 242645
242645 242645
242645 242645
242645 242645
242645 242645
242645 242645
242645 242645
242645 242645
242645 242645
242645 242645
242645 242645
242645 242645
242645 242645
242645 242645
242645 242645
242645 242645
242645 242645
242645 242645
242645 242645
242645 242645
242645 242645
242645 242645
242645 242645
242645 242645
242645 242645
242645 242645
242645 242645
242645 242645
242645 242645
242645 242645
242645 242645
242645 242645
242645 242645
242645 242645
242650 242650
242650 242650
242650 242650
242650 242650
242650 242650
242650 242650
242650 242650
242650 242650
242650 242650
242650 242650
242650 242650
242650 242650
242650 242650
242650 242650
242650 242650
242650 242650
242650 242650
242650 242650
242650 242650
242650 242650
242650 242650
