188986
188986 188986
179978 179978
181058 181058
183451 183451
181633 181633
178718 178718
177404 177404
173638 173638
167532 167532
168555 168555
166474 166474
164558 164558
165447 165447
164901 164901
162623 162623
165404 165404
164085 164085
163018 163018
159801 159801
152867 152867
157966 157966
163801 163801
168930 168930
172437 172437
170374 170374
171060 171060
169256 169256
174022 174022
172425 172425
170970 170970
171355 171355
169993 169993
175092 175092
177780 177780
173964 173964
169540 169540
166701 166701
166911 166911
165896 165896
161718 161718
160987 160987
162957 162957
159075 159075
159627 159627
156585 156585
160339 160339
162052 162052
163637 163637
164711 164711
165067 165067
162834 162834
162163 162163
164013 164013
165054 165054
166026 166026
161513 161513
160571 160571
161079 161079
162447 162447
165285 165285
164160 164160
165350 165350
163372 163372
165839 165839
162109 162109
160072 160072
160870 160870
159934 159934
170401 170401
164699 164699
163530 163530
164667 164667
166607 166607
162309 162309
164811 164811
164379 164379
165705 165705
166783 166783
166721 166721
166851 166851
170128 170128
168150 168150
163709 163709
165465 165465
161200 161200
163898 163898
165478 165478
164871 164871
167241 167241
167297 167297
162968 162968
162638 162638
166472 166472
167100 167100
161542 161542
157133 157133
163715 163715
162750 162750
163077 163077
165398 165398
164904 164904
158891 158891
163643 163643
160223 160223
166259 166259
169631 169631
171545 171545
171208 171208
169084 169084
166005 166005
163199 163199
165770 165770
160620 160620
164581 164581
171799 171799
166269 166269
170121 170121
169769 169769
171123 171123
171520 171520
170925 170925
167311 167311
165688 165688
165585 165585
167609 167609
163287 163287
161057 161057
160422 160422
164461 164461
164677 164677
168569 168569
164812 164812
160753 160753
159853 159853
162762 162762
164160 164160
166765 166765
166673 166673
167694 167694
166186 166186
163121 163121
163714 163714
159079 159079
159423 159423
156568 156568
158583 158583
159874 159874
162852 162852
168039 168039
164959 164959
161417 161417
161032 161032
166233 166233
163265 163265
167434 167434
166321 166321
164880 164880
162139 162139
167185 167185
167363 167363
171198 171198
169292 169292
166218 166218
169463 169463
169276 169276
169308 169308
167193 167193
167944 167944
166901 166901
169205 169205
168083 168083
173295 173295
170620 170620
167539 167539
165024 165024
165209 165209
163045 163045
164806 164806
163197 163197
168591 168591
170386 170386
167915 167915
170848 170848
164115 164115
161446 161446
160733 160733
169444 169444
169166 169166
164755 164755
163546 163546
163883 163883
160973 160973
156975 156975
156990 156990
159504 159504
157290 157290
160684 160684
155491 155491
159155 159155
160505 160505
163680 163680
160701 160701
163000 163000
164443 164443
163119 163119
162138 162138
164027 164027
166431 166431
167084 167084
164271 164271
168015 168015
164661 164661
170962 170962
170350 170350
175830 175830
167991 167991
167809 167809
168284 168284
163754 163754
162365 162365
162071 162071
164421 164421
168142 168142
167397 167397
170099 170099
168372 168372
165167 165167
168288 168288
168910 168910
168318 168318
163400 163400
165038 165038
165149 165149
162069 162069
161041 161041
156490 156490
162984 162984
154847 154847
157501 157501
155878 155878
158953 158953
161314 161314
161026 161026
164996 164996
158771 158771
161342 161342
164489 164489
164189 164189
164172 164172
163091 163091
158953 158953
157589 157589
167497 167497
168505 168505
167262 167262
166140 166140
171838 171838
168501 168501
161195 161195
159834 159834
153727 153727
154214 154214
158697 158697
165034 165034
163123 163123
159664 159664
164529 164529
167022 167022
161060 161060
166820 166820
163983 163983
160669 160669
157349 157349
158403 158403
163734 163734
164185 164185
166128 166128
168455 168455
162078 162078
162349 162349
158736 158736
154869 154869
156142 156142
151101 151101
157553 157553
160311 160311
157963 157963
162391 162391
161167 161167
161700 161700
153252 153252
155581 155581
159442 159442
161247 161247
156689 156689
164469 164469
167277 167277
165995 165995
166826 166826
164343 164343
162479 162479
164295 164295
167753 167753
166560 166560
166565 166565
162183 162183
164284 164284
168649 168649
166327 166327
165876 165876
165504 165504
166687 166687
165158 165158
167552 167552
171410 171410
172127 172127
173102 173102
176935 176935
173216 173216
165650 165650
163998 163998
166830 166830
161435 161435
156326 156326
160941 160941
165495 165495
161704 161704
165941 165941
166235 166235
164501 164501
164719 164719
156860 156860
155929 155929
159849 159849
158901 158901
157586 157586
160050 160050
160632 160632
157608 157608
157804 157804
158503 158503
160496 160496
159055 159055
156950 156950
160101 160101
165141 165141
161357 161357
161414 161414
159113 159113
159131 159131
161581 161581
162830 162830
161072 161072
162500 162500
155118 155118
158111 158111
160085 160085
159588 159588
155577 155577
152689 152689
160196 160196
159240 159240
162254 162254
161101 161101
159870 159870
167571 167571
161881 161881
164477 164477
162676 162676
157811 157811
161848 161848
157608 157608
161175 161175
164443 164443
162920 162920
164694 164694
162028 162028
164607 164607
172761 172761
173656 173656
163971 163971
167798 167798
165216 165216
164853 164853
166255 166255
164251 164251
164741 164741
166157 166157
162970 162970
159698 159698
155027 155027
156568 156568
158471 158471
157698 157698
158460 158460
157339 157339
153490 153490
156763 156763
151979 151979
149710 149710
155849 155849
159851 159851
158688 158688
157793 157793
158206 158206
164354 164354
163703 163703
165041 165041
167011 167011
164678 164678
170757 170757
167941 167941
172276 172276
174329 174329
176289 176289
174798 174798
175329 175329
173447 173447
175927 175927
172092 172092
171938 171938
168106 168106
164279 164279
161113 161113
162289 162289
161777 161777
156787 156787
154797 154797
154233 154233
158850 158850
160936 160936
159247 159247
162193 162193
168435 168435
166904 166904
167926 167926
162123 162123
163531 163531
163489 163489
164291 164291
160878 160878
165127 165127
160693 160693
160509 160509
167437 167437
157392 157392
162101 162101
158962 158962
161694 161694
163135 163135
160342 160342
160080 160080
160174 160174
162064 162064
163623 163623
156963 156963
161427 161427
162951 162951
161864 161864
164755 164755
167074 167074
166746 166746
162750 162750
161763 161763
158223 158223
161591 161591
157090 157090
157836 157836
160518 160518
152865 152865
154964 154964
147045 147045
153632 153632
149349 149349
158991 158991
160540 160540
161351 161351
156276 156276
153269 153269
155628 155628
165263 165263
163756 163756
158942 158942
154095 154095
157184 157184
163281 163281
165677 165677
165677 165677
165892 165892
159605 159605
156880 156880
161884 161884
166551 166551
161696 161696
165156 165156
166901 166901
164402 164402
158608 158608
160100 160100
163211 163211
159600 159600
164023 164023
166265 166265
168323 168323
161286 161286
162444 162444
166401 166401
164261 164261
170390 170390
164539 164539
161550 161550
158382 158382
160921 160921
161719 161719
162564 162564
160179 160179
164882 164882
164671 164671
159116 159116
158721 158721
156990 156990
159994 159994
158295 158295
162650 162650
160715 160715
161264 161264
154818 154818
153656 153656
155974 155974
160690 160690
163004 163004
161641 161641
158532 158532
160341 160341
165312 165312
161451 161451
157247 157247
164313 164313
165345 165345
159995 159995
160528 160528
161333 161333
160125 160125
162276 162276
160236 160236
162348 162348
162503 162503
163172 163172
165637 165637
161301 161301
162711 162711
160177 160177
159459 159459
164731 164731
163920 163920
