202227
163442 163442
164624 164624
165563 165563
165803 165803
167492 167492
170852 170852
171435 171435
172502 172502
173244 173244
175282 175282
175901 175901
177080 177080
178173 178173
178466 178466
179417 179417
180269 180269
181459 181459
181709 181709
182037 182037
182110 182110
182437 182437
185701 185701
185965 185965
188387 188387
189616 189616
190022 190022
190129 190129
190561 190561
191207 191207
191268 191268
191537 191537
192291 192291
193737 193737
193825 193825
193866 193866
194279 194279
194477 194477
194570 194570
194624 194624
195860 195860
196006 196006
196501 196501
196501 196501
196748 196748
196748 196748
196773 196773
196950 196950
197372 197372
197788 197788
197949 197949
198296 198296
198296 198296
198365 198365
198488 198488
198719 198719
198719 198719
198719 198719
198909 198909
198909 198909
199037 199037
199088 199088
199200 199200
199254 199254
199254 199254
199338 199338
199382 199382
199397 199397
199516 199516
199539 199539
199556 199556
199620 199620
199657 199657
199666 199666
199821 199821
199846 199846
199848 199848
199953 199953
199953 199953
199971 199971
199996 199996
200014 200014
200247 200247
200303 200303
200479 200479
200479 200479
200494 200494
200540 200540
200540 200540
200971 200971
200971 200971
200971 200971
200971 200971
200971 200971
200971 200971
200971 200971
200971 200971
200971 200971
200971 200971
200971 200971
200971 200971
200971 200971
200971 200971
200971 200971
200971 200971
200971 200971
200971 200971
200971 200971
200971 200971
200971 200971
200971 200971
200971 200971
200971 200971
200971 200971
200971 200971
200971 200971
200971 200971
200971 200971
200971 200971
200971 200971
200971 200971
200971 200971
200971 200971
200971 200971
200971 200971
200971 200971
200971 200971
200971 200971
201026 201026
201026 201026
201026 201026
201026 201026
201026 201026
201035 201035
201058 201058
201262 201262
201262 201262
201262 201262
201262 201262
201262 201262
201361 201361
201401 201401
201401 201401
201424 201424
201454 201454
201454 201454
201461 201461
201468 201468
201468 201468
201500 201500
201500 201500
201500 201500
201500 201500
201500 201500
201500 201500
201500 201500
201500 201500
201500 201500
201505 201505
201505 201505
201505 201505
201597 201597
201597 201597
201597 201597
201597 201597
201695 201695
201748 201748
201748 201748
201748 201748
201748 201748
201748 201748
201748 201748
201797 201797
201797 201797
201797 201797
201847 201847
201847 201847
201948 201948
201948 201948
201948 201948
201948 201948
202037 202037
202037 202037
202037 202037
202037 202037
202037 202037
202037 202037
202037 202037
202037 202037
202037 202037
202037 202037
202037 202037
202037 202037
202037 202037
202037 202037
202037 202037
202037 202037
202037 202037
202037 202037
202037 202037
202037 202037
202037 202037
202037 202037
202037 202037
202037 202037
202037 202037
202037 202037
202037 202037
202037 202037
202037 202037
202037 202037
202037 202037
202037 202037
202037 202037
202037 202037
202037 202037
202037 202037
202037 202037
202037 202037
202037 202037
202037 202037
202037 202037
202037 202037
202037 202037
202037 202037
202037 202037
202037 202037
202037 202037
202037 202037
202037 202037
202037 202037
202037 202037
202037 202037
202037 202037
202037 202037
202037 202037
202037 202037
202037 202037
202037 202037
202037 202037
202037 202037
202098 202098
202098 202098
202098 202098
202098 202098
202098 202098
202098 202098
202098 202098
202098 202098
202098 202098
202098 202098
202098 202098
202098 202098
202098 202098
202098 202098
202098 202098
202098 202098
202098 202098
202098 202098
202098 202098
202098 202098
202098 202098
202098 202098
202098 202098
202098 202098
202111 202111
202111 202111
202111 202111
202111 202111
202111 202111
202111 202111
202111 202111
202111 202111
202111 202111
202159 202159
202159 202159
202159 202159
202159 202159
202159 202159
202159 202159
202159 202159
202159 202159
202159 202159
202159 202159
202159 202159
202159 202159
202159 202159
202165 202165
202165 202165
202165 202165
202165 202165
202165 202165
202165 202165
202165 202165
202165 202165
202165 202165
202165 202165
202165 202165
202165 202165
202165 202165
202165 202165
202165 202165
202165 202165
202165 202165
202165 202165
202165 202165
202165 202165
202165 202165
202165 202165
202165 202165
202165 202165
202165 202165
202165 202165
202165 202165
202165 202165
202165 202165
202165 202165
202165 202165
202165 202165
202165 202165
202165 202165
202165 202165
202165 202165
202165 202165
202165 202165
202165 202165
202165 202165
202165 202165
202165 202165
202165 202165
202165 202165
202165 202165
202165 202165
202165 202165
202165 202165
202165 202165
202165 202165
202165 202165
202165 202165
202165 202165
202165 202165
202165 202165
202165 202165
202165 202165
202165 202165
202165 202165
202165 202165
202165 202165
202165 202165
202165 202165
202165 202165
202165 202165
202165 202165
202165 202165
202165 202165
202165 202165
202165 202165
202165 202165
202165 202165
202165 202165
202165 202165
202165 202165
202165 202165
202203 202203
202203 202203
202203 202203
202203 202203
202203 202203
202203 202203
202227 202227
202227 202227
202227 202227
202227 202227
202227 202227
202227 202227
202227 202227
202227 202227
202227 202227
202227 202227
202227 202227
202227 202227
202227 202227
202227 202227
202227 202227
202227 202227
202227 202227
202227 202227
202227 202227
202227 202227
202227 202227
202227 202227
202227 202227
202227 202227
202227 202227
202227 202227
202227 202227
202227 202227
202227 202227
202227 202227
202227 202227
202227 202227
202227 202227
202227 202227
202227 202227
202227 202227
202227 202227
202227 202227
202227 202227
202227 202227
202227 202227
202227 202227
202227 202227
202227 202227
202227 202227
202227 202227
202227 202227
202227 202227
202227 202227
202227 202227
202227 202227
202227 202227
202227 202227
202227 202227
202227 202227
202227 202227
202227 202227
202227 202227
202227 202227
202227 202227
202227 202227
202227 202227
202227 202227
202227 202227
202227 202227
202227 202227
202227 202227
202227 202227
202227 202227
202227 202227
202227 202227
202227 202227
202227 202227
202227 202227
202227 202227
202227 202227
202227 202227
202227 202227
202227 202227
202227 202227
202227 202227
202227 202227
202227 202227
202227 202227
202227 202227
202227 202227
202227 202227
202227 202227
202227 202227
202227 202227
202227 202227
202227 202227
202227 202227
202227 202227
202227 202227
202227 202227
202227 202227
