242646
-659035 185342
188664 188664
196243 196243
197561 197561
199107 199107
201511 201511
201686 201686
204762 204762
205487 205487
213007 213007
215150 215150
217835 217835
217835 217835
218288 218288
219819 219819
220303 220303
220987 220987
221196 221196
222480 222480
223095 223095
223912 223912
224361 224361
224423 224423
224697 224697
226171 226171
226956 226956
229778 229778
229937 229937
230025 230025
230165 230165
230585 230585
231733 231733
232272 232272
232732 232732
232832 232832
233110 233110
233131 233131
234283 234283
234870 234870
235017 235017
235032 235032
235292 235292
235856 235856
236369 236369
236369 236369
236445 236445
236602 236602
236629 236629
237103 237103
237171 237171
237655 237655
237776 237776
238224 238224
238291 238291
238291 238291
238440 238440
238471 238471
238545 238545
238722 238722
238934 238934
238969 238969
239187 239187
239189 239189
239230 239230
239286 239286
239555 239555
239566 239566
239745 239745
239826 239826
239826 239826
239952 239952
240060 240060
240170 240170
240193 240193
240249 240249
240300 240300
240393 240393
240763 240763
240763 240763
240763 240763
240763 240763
240793 240793
240829 240829
240887 240887
240887 240887
240887 240887
240902 240902
240922 240922
240943 240943
240958 240958
241057 241057
241091 241091
241174 241174
241362 241362
241362 241362
241432 241432
241432 241432
241565 241565
241565 241565
241599 241599
241599 241599
241599 241599
241599 241599
241609 241609
241609 241609
241617 241617
241679 241679
241679 241679
241679 241679
241679 241679
241679 241679
241680 241680
241741 241741
241817 241817
241817 241817
241817 241817
241825 241825
241825 241825
241825 241825
241845 241845
241845 241845
241851 241851
241875 241875
241914 241914
241955 241955
241955 241955
242048 242048
242048 242048
242076 242076
242093 242093
242198 242198
242198 242198
242198 242198
242198 242198
242198 242198
242198 242198
242198 242198
242198 242198
242220 242220
242220 242220
242220 242220
242220 242220
242226 242226
242226 242226
242255 242255
242255 242255
242260 242260
242260 242260
242260 242260
242268 242268
242334 242334
242334 242334
242334 242334
242334 242334
242334 242334
242334 242334
242334 242334
242334 242334
242334 242334
242334 242334
242334 242334
242334 242334
242334 242334
242353 242353
242353 242353
242369 242369
242369 242369
242380 242380
242380 242380
242380 242380
242390 242390
242390 242390
242390 242390
242390 242390
242390 242390
242390 242390
242390 242390
242390 242390
242390 242390
242390 242390
242390 242390
242390 242390
242390 242390
242391 242391
242406 242406
242406 242406
242406 242406
242406 242406
242406 242406
242406 242406
242406 242406
242406 242406
242406 242406
242414 242414
242414 242414
242414 242414
242414 242414
242446 242446
242446 242446
242446 242446
242446 242446
242471 242471
242471 242471
242471 242471
242471 242471
242471 242471
242471 242471
242471 242471
242471 242471
242471 242471
242485 242485
242510 242510
242519 242519
242519 242519
242519 242519
242519 242519
242519 242519
242519 242519
242519 242519
242519 242519
242519 242519
242519 242519
242519 242519
242519 242519
242519 242519
242521 242521
242521 242521
242521 242521
242521 242521
242521 242521
242521 242521
242521 242521
242521 242521
242521 242521
242524 242524
242524 242524
242524 242524
242524 242524
242524 242524
242524 242524
242531 242531
242534 242534
242534 242534
242595 242595
242595 242595
242595 242595
242595 242595
242595 242595
242595 242595
242595 242595
242595 242595
242595 242595
242595 242595
242595 242595
242595 242595
242595 242595
242595 242595
242595 242595
242595 242595
242595 242595
242595 242595
242595 242595
242595 242595
242595 242595
242595 242595
242595 242595
242595 242595
242595 242595
242595 242595
242595 242595
242595 242595
242595 242595
242595 242595
242595 242595
242595 242595
242595 242595
242595 242595
242595 242595
242595 242595
242595 242595
242595 242595
242595 242595
242595 242595
242595 242595
242595 242595
242595 242595
242595 242595
242595 242595
242595 242595
242595 242595
242595 242595
242595 242595
242595 242595
242595 242595
242595 242595
242595 242595
242595 242595
242595 242595
242595 242595
242595 242595
242595 242595
242595 242595
242595 242595
242595 242595
242595 242595
242595 242595
242595 242595
242595 242595
242595 242595
242595 242595
242595 242595
242595 242595
242595 242595
242595 242595
242595 242595
242595 242595
242595 242595
242595 242595
242595 242595
242595 242595
242595 242595
242595 242595
242595 242595
242595 242595
242595 242595
242595 242595
242595 242595
242595 242595
242595 242595
242595 242595
242595 242595
242595 242595
242595 242595
242595 242595
242595 242595
242595 242595
242595 242595
242595 242595
242595 242595
242595 242595
242595 242595
242595 242595
242595 242595
242595 242595
242595 242595
242595 242595
242595 242595
242595 242595
242595 242595
242595 242595
242595 242595
242599 242599
242599 242599
242599 242599
242599 242599
242599 242599
242599 242599
242599 242599
242601 242601
242601 242601
242601 242601
242601 242601
242601 242601
242601 242601
242601 242601
242601 242601
242601 242601
242601 242601
242601 242601
242610 242610
242610 242610
242610 242610
242610 242610
242610 242610
242610 242610
242610 242610
242610 242610
242610 242610
242610 242610
242610 242610
242610 242610
242645 242645
242645 242645
242645 242645
242645 242645
242645 242645
242645 242645
242645 242645
242645 242645
242645 242645
242645 242645
242645 242645
242645 242645
242645 242645
242645 242645
242645 242645
242645 242645
242645 242645
242645 242645
242645 242645
242645 242645
242645 242645
242645 242645
242645 242645
242645 242645
242645 242645
242645 242645
242645 242645
242645 242645
242645 242645
242645 242645
242645 242645
242645 242645
242645 242645
242645 242645
242645 242645
242645 242645
242645 242645
242645 242645
242645 242645
242645 242645
242645 242645
242645 242645
242645 242645
242645 242645
242645 242645
242645 242645
242645 242645
242645 242645
242645 242645
242645 242645
242645 242645
242645 242645
242645 242645
242645 242645
242645 242645
242645 242645
242645 242645
242645 242645
242645 242645
242645 242645
242645 242645
242645 242645
242645 242645
242645 242645
242645 242645
242645 242645
242645 242645
242645 242645
242645 242645
242645 242645
242645 242645
242645 242645
242645 242645
242645 242645
242645 242645
242645 242645
242645 242645
242645 242645
242645 242645
242645 242645
242645 242645
242645 242645
242645 242645
242645 242645
242645 242645
242645 242645
242645 242645
242645 242645
242645 242645
242645 242645
242645 242645
242645 242645
242645 242645
242645 242645
242645 242645
242645 242645
242645 242645
242645 242645
242645 242645
242645 242645
242645 242645
242645 242645
242645 242645
242645 242645
242645 242645
242645 242645
242645 242645
242645 242645
242645 242645
242645 242645
242646 242646
242646 242646
242646 242646
242646 242646
242646 242646
242646 242646
242646 242646
242646 242646
242646 242646
242646 242646
242646 242646
242646 242646
242646 242646
242646 242646
242646 242646
242646 242646
242646 242646
242646 242646
