242626
-659055 189423
-659012 199363
198575 198575
198896 198896
199858 199858
200585 200585
205803 205803
207869 207869
210529 210529
211640 211640
211942 211942
212722 212722
214416 214416
215079 215079
215883 215883
217664 217664
219116 219116
220029 220029
220938 220938
221462 221462
222063 222063
223356 223356
223663 223663
226001 226001
226737 226737
227262 227262
227407 227407
227879 227879
229353 229353
229817 229817
230315 230315
230460 230460
230557 230557
231070 231070
232082 232082
232463 232463
233124 233124
233659 233659
233703 233703
233903 233903
235435 235435
235784 235784
235866 235866
236194 236194
236791 236791
236899 236899
236914 236914
237882 237882
237882 237882
237887 237887
238035 238035
238153 238153
238359 238359
238473 238473
238533 238533
238591 238591
238719 238719
238810 238810
238958 238958
239168 239168
239275 239275
239607 239607
239607 239607
239608 239608
239731 239731
239768 239768
239847 239847
240001 240001
240098 240098
240171 240171
240222 240222
240227 240227
240263 240263
240330 240330
240609 240609
240718 240718
241117 241117
241117 241117
241117 241117
241117 241117
241219 241219
241219 241219
241240 241240
241254 241254
241457 241457
241501 241501
241532 241532
241784 241784
241784 241784
241784 241784
241784 241784
241784 241784
241784 241784
241784 241784
241813 241813
241813 241813
241977 241977
241977 241977
242035 242035
242035 242035
242035 242035
242035 242035
242035 242035
242066 242066
242066 242066
242066 242066
242085 242085
242102 242102
242111 242111
242124 242124
242233 242233
242233 242233
242233 242233
242233 242233
242233 242233
242233 242233
242233 242233
242233 242233
242233 242233
242233 242233
242262 242262
242262 242262
242313 242313
242329 242329
242329 242329
242329 242329
242349 242349
242349 242349
242397 242397
242413 242413
242413 242413
242413 242413
242413 242413
242413 242413
242413 242413
242413 242413
242420 242420
242420 242420
242420 242420
242420 242420
242420 242420
242420 242420
242420 242420
242420 242420
242420 242420
242420 242420
242420 242420
242420 242420
242420 242420
242420 242420
242420 242420
242420 242420
242420 242420
242420 242420
242420 242420
242420 242420
242420 242420
242420 242420
242425 242425
242430 242430
242449 242449
242449 242449
242449 242449
242449 242449
242449 242449
242449 242449
242463 242463
242463 242463
242463 242463
242463 242463
242463 242463
242463 242463
242463 242463
242467 242467
242467 242467
242467 242467
242467 242467
242469 242469
242469 242469
242469 242469
242469 242469
242474 242474
242476 242476
242476 242476
242476 242476
242476 242476
242476 242476
242491 242491
242528 242528
242528 242528
242528 242528
242528 242528
242528 242528
242528 242528
242528 242528
242528 242528
242528 242528
242528 242528
242528 242528
242590 242590
242590 242590
242590 242590
242590 242590
242590 242590
242590 242590
242590 242590
242590 242590
242590 242590
242590 242590
242590 242590
242590 242590
242590 242590
242590 242590
242590 242590
242590 242590
242590 242590
242590 242590
242590 242590
242590 242590
242590 242590
242590 242590
242590 242590
242590 242590
242590 242590
242590 242590
242590 242590
242590 242590
242590 242590
242590 242590
242590 242590
242590 242590
242590 242590
242590 242590
242590 242590
242590 242590
242590 242590
242590 242590
242590 242590
242590 242590
242590 242590
242590 242590
242590 242590
242590 242590
242590 242590
242590 242590
242590 242590
242590 242590
242590 242590
242590 242590
242590 242590
242590 242590
242590 242590
242590 242590
242590 242590
242590 242590
242590 242590
242590 242590
242590 242590
242590 242590
242590 242590
242590 242590
242590 242590
242590 242590
242590 242590
242590 242590
242590 242590
242590 242590
242590 242590
242590 242590
242590 242590
242590 242590
242590 242590
242590 242590
242590 242590
242590 242590
242590 242590
242590 242590
242590 242590
242590 242590
242590 242590
242590 242590
242590 242590
242590 242590
242590 242590
242590 242590
242590 242590
242590 242590
242590 242590
242590 242590
242590 242590
242590 242590
242590 242590
242590 242590
242590 242590
242590 242590
242590 242590
242590 242590
242590 242590
242590 242590
242590 242590
242590 242590
242590 242590
242590 242590
242590 242590
242590 242590
242590 242590
242590 242590
242590 242590
242590 242590
242590 242590
242590 242590
242590 242590
242590 242590
242590 242590
242590 242590
242590 242590
242590 242590
242590 242590
242590 242590
242590 242590
242590 242590
242590 242590
242590 242590
242590 242590
242590 242590
242590 242590
242590 242590
242590 242590
242590 242590
242590 242590
242590 242590
242590 242590
242590 242590
242590 242590
242590 242590
242590 242590
242590 242590
242590 242590
242590 242590
242590 242590
242590 242590
242590 242590
242590 242590
242590 242590
242590 242590
242590 242590
242590 242590
242590 242590
242590 242590
242590 242590
242590 242590
242590 242590
242590 242590
242590 242590
242590 242590
242590 242590
242590 242590
242590 242590
242590 242590
242590 242590
242590 242590
242590 242590
242590 242590
242590 242590
242590 242590
242590 242590
242590 242590
242590 242590
242590 242590
242590 242590
242590 242590
242590 242590
242590 242590
242590 242590
242590 242590
242590 242590
242590 242590
242590 242590
242590 242590
242590 242590
242590 242590
242590 242590
242590 242590
242590 242590
242590 242590
242590 242590
242590 242590
242590 242590
242590 242590
242590 242590
242590 242590
242590 242590
242590 242590
242603 242603
242603 242603
242603 242603
242603 242603
242603 242603
242603 242603
242603 242603
242603 242603
242603 242603
242603 242603
242603 242603
242603 242603
242603 242603
242603 242603
242603 242603
242603 242603
242603 242603
242603 242603
242603 242603
242603 242603
242603 242603
242603 242603
242603 242603
242603 242603
242603 242603
242603 242603
242603 242603
242603 242603
242603 242603
242603 242603
242603 242603
242603 242603
242603 242603
242603 242603
242603 242603
242603 242603
242603 242603
242603 242603
242603 242603
242603 242603
242603 242603
242603 242603
242603 242603
242603 242603
242603 242603
242603 242603
242626 242626
242626 242626
242626 242626
242626 242626
242626 242626
242626 242626
242626 242626
242626 242626
242626 242626
242626 242626
242626 242626
242626 242626
242626 242626
242626 242626
242626 242626
242626 242626
242626 242626
242626 242626
242626 242626
242626 242626
242626 242626
242626 242626
242626 242626
242626 242626
242626 242626
242626 242626
242626 242626
242626 242626
242626 242626
242626 242626
242626 242626
242626 242626
242626 242626
242626 242626
242626 242626
242626 242626
242626 242626
242626 242626
242626 242626
242626 242626
242626 242626
242626 242626
242626 242626
242626 242626
242626 242626
242626 242626
242626 242626
242626 242626
242626 242626
242626 242626
242626 242626
242626 242626
242626 242626
242626 242626
242626 242626
242626 242626
242626 242626
242626 242626
242626 242626
242626 242626
242626 242626
242626 242626
242626 242626
242626 242626
242626 242626
242626 242626
242626 242626
242626 242626
242626 242626
242626 242626
