202340
121778 121778
129141 129141
135708 135708
138664 138664
139155 139155
148987 148987
149921 149921
152946 152946
153037 153037
161807 161807
163146 163146
163807 163807
165680 165680
166586 166586
170107 170107
170367 170367
172218 172218
174593 174593
174939 174939
176538 176538
177816 177816
178370 178370
178607 178607
182013 182013
182251 182251
185697 185697
186487 186487
186742 186742
186830 186830
187927 187927
188944 188944
190323 190323
190736 190736
191171 191171
191416 191416
191879 191879
192244 192244
192349 192349
192414 192414
193465 193465
193714 193714
193810 193810
194607 194607
194722 194722
194968 194968
195106 195106
195218 195218
195856 195856
195992 195992
196112 196112
196175 196175
196230 196230
197066 197066
197066 197066
197066 197066
197100 197100
197132 197132
197148 197148
197298 197298
197330 197330
197563 197563
197629 197629
197842 197842
198019 198019
198082 198082
198105 198105
198159 198159
198566 198566
198670 198670
198823 198823
198823 198823
198823 198823
198838 198838
198972 198972
198972 198972
199222 199222
199242 199242
199242 199242
199306 199306
199306 199306
199322 199322
199348 199348
199665 199665
199732 199732
199732 199732
199732 199732
199938 199938
200089 200089
200089 200089
200089 200089
200120 200120
200193 200193
200256 200256
200256 200256
200256 200256
200718 200718
200718 200718
200718 200718
200735 200735
200735 200735
200784 200784
200784 200784
200816 200816
200816 200816
200884 200884
200968 200968
200968 200968
200995 200995
200995 200995
201033 201033
201033 201033
201047 201047
201212 201212
201212 201212
201212 201212
201212 201212
201212 201212
201271 201271
201271 201271
201271 201271
201271 201271
201323 201323
201323 201323
201358 201358
201458 201458
201458 201458
201458 201458
201475 201475
201475 201475
201516 201516
201558 201558
201558 201558
201558 201558
201558 201558
201558 201558
201558 201558
201558 201558
201558 201558
201558 201558
201558 201558
201558 201558
201577 201577
201577 201577
201577 201577
201643 201643
201643 201643
201643 201643
201643 201643
201643 201643
201643 201643
201643 201643
201643 201643
201647 201647
201647 201647
201730 201730
201730 201730
201783 201783
201783 201783
201783 201783
201783 201783
201783 201783
201791 201791
201791 201791
201791 201791
201791 201791
201791 201791
201807 201807
201807 201807
201839 201839
201862 201862
201862 201862
201862 201862
201862 201862
201862 201862
201891 201891
201894 201894
201894 201894
201909 201909
201969 201969
201969 201969
201969 201969
202017 202017
202017 202017
202017 202017
202017 202017
202017 202017
202017 202017
202017 202017
202021 202021
202021 202021
202021 202021
202021 202021
202060 202060
202060 202060
202070 202070
202070 202070
202070 202070
202070 202070
202070 202070
202070 202070
202070 202070
202070 202070
202070 202070
202070 202070
202070 202070
202070 202070
202070 202070
202130 202130
202130 202130
202130 202130
202144 202144
202167 202167
202167 202167
202211 202211
202211 202211
202211 202211
202211 202211
202211 202211
202211 202211
202211 202211
202211 202211
202211 202211
202211 202211
202211 202211
202211 202211
202211 202211
202211 202211
202211 202211
202211 202211
202211 202211
202211 202211
202211 202211
202211 202211
202211 202211
202211 202211
202211 202211
202211 202211
202211 202211
202211 202211
202211 202211
202211 202211
202211 202211
202211 202211
202211 202211
202241 202241
202241 202241
202241 202241
202241 202241
202241 202241
202241 202241
202241 202241
202241 202241
202241 202241
202241 202241
202241 202241
202241 202241
202241 202241
202241 202241
202241 202241
202241 202241
202241 202241
202241 202241
202241 202241
202241 202241
202241 202241
202241 202241
202245 202245
202245 202245
202245 202245
202245 202245
202245 202245
202245 202245
202245 202245
202245 202245
202245 202245
202245 202245
202245 202245
202245 202245
202245 202245
202245 202245
202245 202245
202245 202245
202245 202245
202245 202245
202245 202245
202245 202245
202245 202245
202245 202245
202245 202245
202245 202245
202245 202245
202245 202245
202245 202245
202245 202245
202245 202245
202245 202245
202245 202245
202245 202245
202245 202245
202245 202245
202245 202245
202245 202245
202245 202245
202245 202245
202245 202245
202245 202245
202245 202245
202245 202245
202245 202245
202262 202262
202262 202262
202262 202262
202262 202262
202262 202262
202262 202262
202262 202262
202262 202262
202262 202262
202262 202262
202262 202262
202262 202262
202262 202262
202262 202262
202274 202274
202274 202274
202274 202274
202274 202274
202274 202274
202274 202274
202274 202274
202274 202274
202274 202274
202274 202274
202274 202274
202274 202274
202274 202274
202274 202274
202274 202274
202274 202274
202274 202274
202274 202274
202274 202274
202274 202274
202274 202274
202305 202305
202305 202305
202305 202305
202305 202305
202305 202305
202305 202305
202305 202305
202305 202305
202305 202305
202305 202305
202305 202305
202305 202305
202305 202305
202305 202305
202305 202305
202305 202305
202305 202305
202305 202305
202305 202305
202305 202305
202305 202305
202305 202305
202305 202305
202305 202305
202305 202305
202305 202305
202305 202305
202305 202305
202305 202305
202305 202305
202305 202305
202305 202305
202335 202335
202335 202335
202335 202335
202335 202335
202335 202335
202335 202335
202335 202335
202335 202335
202335 202335
202335 202335
202335 202335
202335 202335
202335 202335
202335 202335
202335 202335
202335 202335
202335 202335
202335 202335
202335 202335
202335 202335
202335 202335
202335 202335
202335 202335
202335 202335
202335 202335
202335 202335
202335 202335
202335 202335
202335 202335
202335 202335
202335 202335
202335 202335
202335 202335
202335 202335
202335 202335
202335 202335
202335 202335
202335 202335
202335 202335
202335 202335
202335 202335
202335 202335
202335 202335
202335 202335
202335 202335
202335 202335
202335 202335
202335 202335
202335 202335
202335 202335
202335 202335
202335 202335
202335 202335
202335 202335
202335 202335
202335 202335
202335 202335
202335 202335
202335 202335
202335 202335
202335 202335
202335 202335
202335 202335
202335 202335
202335 202335
202335 202335
202335 202335
202335 202335
202335 202335
202335 202335
202335 202335
202335 202335
202335 202335
202335 202335
202335 202335
202335 202335
202335 202335
202335 202335
202335 202335
202335 202335
202335 202335
202335 202335
202335 202335
202335 202335
202335 202335
202335 202335
202335 202335
202335 202335
202335 202335
202335 202335
202335 202335
202335 202335
202335 202335
202335 202335
202335 202335
202335 202335
202335 202335
202335 202335
202335 202335
202335 202335
202335 202335
202335 202335
202335 202335
202335 202335
202335 202335
202335 202335
202335 202335
202335 202335
202335 202335
202335 202335
202335 202335
202335 202335
202335 202335
202335 202335
202335 202335
202335 202335
202335 202335
202335 202335
202335 202335
202335 202335
202335 202335
202335 202335
202335 202335
202335 202335
202335 202335
202335 202335
202335 202335
202335 202335
202335 202335
202335 202335
202335 202335
202335 202335
202335 202335
202335 202335
202335 202335
202335 202335
202335 202335
202335 202335
202335 202335
202335 202335
202335 202335
202335 202335
202335 202335
202335 202335
202335 202335
202335 202335
202335 202335
202335 202335
202335 202335
202335 202335
202335 202335
202335 202335
202335 202335
202335 202335
202335 202335
202335 202335
202335 202335
202335 202335
202335 202335
202335 202335
202335 202335
202335 202335
202335 202335
202335 202335
202335 202335
202335 202335
202335 202335
202335 202335
202335 202335
202335 202335
202335 202335
202335 202335
202335 202335
202335 202335
202335 202335
202335 202335
202335 202335
202335 202335
202335 202335
202335 202335
202335 202335
202335 202335
202335 202335
202335 202335
202335 202335
202335 202335
202335 202335
202335 202335
202335 202335
202335 202335
202335 202335
202335 202335
202335 202335
202335 202335
202335 202335
202335 202335
202335 202335
202335 202335
202335 202335
202335 202335
202335 202335
202335 202335
202335 202335
202335 202335
202335 202335
202335 202335
202335 202335
202335 202335
202335 202335
202335 202335
202335 202335
202335 202335
202335 202335
202335 202335
202335 202335
202335 202335
202335 202335
202335 202335
202335 202335
202335 202335
202335 202335
202335 202335
202335 202335
202335 202335
202335 202335
202335 202335
202335 202335
202335 202335
202335 202335
202335 202335
202335 202335
202335 202335
202335 202335
202335 202335
202335 202335
202335 202335
202335 202335
202335 202335
202335 202335
202335 202335
202335 202335
202335 202335
202335 202335
202335 202335
202335 202335
202335 202335
202335 202335
202335 202335
202335 202335
202335 202335
202335 202335
202335 202335
202335 202335
202335 202335
202335 202335
202335 202335
202335 202335
202335 202335
202335 202335
202335 202335
202335 202335
202335 202335
202335 202335
202335 202335
202335 202335
202335 202335
202335 202335
202335 202335
202335 202335
202335 202335
202335 202335
202335 202335
202335 202335
202335 202335
202335 202335
202335 202335
202335 202335
202335 202335
202335 202335
202335 202335
202335 202335
202335 202335
202335 202335
202335 202335
202335 202335
202335 202335
202335 202335
202335 202335
202335 202335
202335 202335
202335 202335
202335 202335
202335 202335
202335 202335
202335 202335
202335 202335
202335 202335
202335 202335
202335 202335
202335 202335
202335 202335
202335 202335
202335 202335
202335 202335
202335 202335
202335 202335
202335 202335
202335 202335
202335 202335
202335 202335
202335 202335
202335 202335
202335 202335
202335 202335
202335 202335
202335 202335
202335 202335
202335 202335
202335 202335
202335 202335
202335 202335
202335 202335
202335 202335
202335 202335
202335 202335
202335 202335
202335 202335
202335 202335
202335 202335
202335 202335
202335 202335
202335 202335
202335 202335
202335 202335
202335 202335
202335 202335
202335 202335
202335 202335
202335 202335
202335 202335
202335 202335
202335 202335
202335 202335
202335 202335
202335 202335
202335 202335
202335 202335
202335 202335
202335 202335
202335 202335
202335 202335
202335 202335
202335 202335
202335 202335
202335 202335
202335 202335
202335 202335
202335 202335
202335 202335
202335 202335
202335 202335
202335 202335
202335 202335
202335 202335
202335 202335
202335 202335
202335 202335
202335 202335
202335 202335
202335 202335
202335 202335
202335 202335
202335 202335
202335 202335
202335 202335
202335 202335
202335 202335
202335 202335
202335 202335
202335 202335
202335 202335
202335 202335
202335 202335
202335 202335
202335 202335
202335 202335
202335 202335
202335 202335
202335 202335
202335 202335
202335 202335
202335 202335
202335 202335
202335 202335
202335 202335
202335 202335
202335 202335
202335 202335
202335 202335
202335 202335
202335 202335
202335 202335
202335 202335
202335 202335
202335 202335
202335 202335
202335 202335
202335 202335
202335 202335
202335 202335
202335 202335
202335 202335
202335 202335
202335 202335
202335 202335
202335 202335
202335 202335
202335 202335
202335 202335
202335 202335
202335 202335
202335 202335
202335 202335
202335 202335
202335 202335
202335 202335
202335 202335
202335 202335
202335 202335
202335 202335
202335 202335
202335 202335
202335 202335
202335 202335
202335 202335
202335 202335
202335 202335
202335 202335
202335 202335
202335 202335
202335 202335
202335 202335
202335 202335
202335 202335
202335 202335
202335 202335
202335 202335
202335 202335
202335 202335
202335 202335
202335 202335
202335 202335
202335 202335
202335 202335
202335 202335
202335 202335
202335 202335
202335 202335
202335 202335
202335 202335
202335 202335
202335 202335
202335 202335
202335 202335
202335 202335
202335 202335
202335 202335
202335 202335
202335 202335
202335 202335
202335 202335
202335 202335
202335 202335
202335 202335
202335 202335
202335 202335
202335 202335
202335 202335
202335 202335
202335 202335
202335 202335
202335 202335
202335 202335
202335 202335
202335 202335
202335 202335
202335 202335
202335 202335
202335 202335
202335 202335
202335 202335
202335 202335
202335 202335
202335 202335
202335 202335
202335 202335
202335 202335
202335 202335
202335 202335
202335 202335
202335 202335
202335 202335
202335 202335
202335 202335
202335 202335
202335 202335
202335 202335
202335 202335
202335 202335
202335 202335
202335 202335
202335 202335
202335 202335
202335 202335
202335 202335
202335 202335
202335 202335
202335 202335
202335 202335
202335 202335
202335 202335
202335 202335
202335 202335
202335 202335
202335 202335
202335 202335
202335 202335
202335 202335
202335 202335
202335 202335
202335 202335
202335 202335
202335 202335
202335 202335
202335 202335
202335 202335
202335 202335
202335 202335
202335 202335
202335 202335
202335 202335
202335 202335
202335 202335
202335 202335
202335 202335
202335 202335
202335 202335
202335 202335
202335 202335
202335 202335
202335 202335
202335 202335
202335 202335
202335 202335
202335 202335
202335 202335
202335 202335
202335 202335
202335 202335
202335 202335
202335 202335
202335 202335
202335 202335
202335 202335
202335 202335
202335 202335
202335 202335
202335 202335
202335 202335
202335 202335
202335 202335
202335 202335
202335 202335
202335 202335
202335 202335
202335 202335
202335 202335
202335 202335
202335 202335
202335 202335
202335 202335
202335 202335
202335 202335
202335 202335
202335 202335
202335 202335
202335 202335
202335 202335
202335 202335
202335 202335
202335 202335
202335 202335
202335 202335
202335 202335
202335 202335
202335 202335
202335 202335
202335 202335
202335 202335
202335 202335
202335 202335
202335 202335
202335 202335
202335 202335
202335 202335
202335 202335
202335 202335
202335 202335
202335 202335
202335 202335
202335 202335
202335 202335
202335 202335
202335 202335
202335 202335
202335 202335
202335 202335
202335 202335
202335 202335
202335 202335
202335 202335
202335 202335
202335 202335
202335 202335
202335 202335
202335 202335
202335 202335
202335 202335
202335 202335
202335 202335
202335 202335
202335 202335
202335 202335
202335 202335
202335 202335
202335 202335
202335 202335
202335 202335
202335 202335
202335 202335
202335 202335
202335 202335
202335 202335
202335 202335
202335 202335
202335 202335
202335 202335
202335 202335
202335 202335
202335 202335
202335 202335
202335 202335
202335 202335
202335 202335
202335 202335
202335 202335
202335 202335
202335 202335
202335 202335
202335 202335
202335 202335
202335 202335
202335 202335
202335 202335
202335 202335
202335 202335
202335 202335
202335 202335
202335 202335
202335 202335
202335 202335
202335 202335
202335 202335
202335 202335
202335 202335
202335 202335
202335 202335
202335 202335
202335 202335
202335 202335
202335 202335
202335 202335
202335 202335
202335 202335
202335 202335
202335 202335
202335 202335
202335 202335
202335 202335
202335 202335
202335 202335
202335 202335
202335 202335
202335 202335
202335 202335
202335 202335
202335 202335
202335 202335
202335 202335
202335 202335
202335 202335
202335 202335
202335 202335
202335 202335
202335 202335
202335 202335
202335 202335
202335 202335
202335 202335
202335 202335
202335 202335
202335 202335
202335 202335
202335 202335
202335 202335
202335 202335
202335 202335
202335 202335
202335 202335
202335 202335
202335 202335
202335 202335
202335 202335
202335 202335
202335 202335
202335 202335
202335 202335
202335 202335
202335 202335
202335 202335
202335 202335
202335 202335
202335 202335
202335 202335
202335 202335
202335 202335
202335 202335
202335 202335
202335 202335
202335 202335
202335 202335
202335 202335
202335 202335
202335 202335
202335 202335
202335 202335
202335 202335
202335 202335
202335 202335
202335 202335
202335 202335
202335 202335
202335 202335
202335 202335
202335 202335
202335 202335
202335 202335
202335 202335
202335 202335
202335 202335
202335 202335
202335 202335
202335 202335
202335 202335
202335 202335
202335 202335
202335 202335
202335 202335
202335 202335
202335 202335
202335 202335
202335 202335
202335 202335
202335 202335
202335 202335
202335 202335
202335 202335
202335 202335
202335 202335
202335 202335
202335 202335
202335 202335
202335 202335
202335 202335
202335 202335
202335 202335
202335 202335
202335 202335
202335 202335
202335 202335
202335 202335
202335 202335
202335 202335
202335 202335
202335 202335
202335 202335
202335 202335
202335 202335
202335 202335
202335 202335
202335 202335
202335 202335
202335 202335
202335 202335
202335 202335
202335 202335
202335 202335
202335 202335
202335 202335
202335 202335
202335 202335
202335 202335
202335 202335
202335 202335
202335 202335
202335 202335
202335 202335
202335 202335
202335 202335
202335 202335
202335 202335
202335 202335
202335 202335
202335 202335
202335 202335
202335 202335
202335 202335
202335 202335
202335 202335
202335 202335
202335 202335
202335 202335
202335 202335
202335 202335
202335 202335
202335 202335
202335 202335
202335 202335
202335 202335
202335 202335
202335 202335
202335 202335
202335 202335
202335 202335
202335 202335
202335 202335
202335 202335
202335 202335
202335 202335
202335 202335
202335 202335
202335 202335
202335 202335
202335 202335
202335 202335
202335 202335
202335 202335
202335 202335
202335 202335
202335 202335
202335 202335
202335 202335
202335 202335
202335 202335
202335 202335
202335 202335
202335 202335
202335 202335
202335 202335
202335 202335
202335 202335
202335 202335
202335 202335
202335 202335
202335 202335
202335 202335
202335 202335
202335 202335
202335 202335
202335 202335
202335 202335
202335 202335
202335 202335
202335 202335
202335 202335
202335 202335
202335 202335
202335 202335
202335 202335
202335 202335
202335 202335
202335 202335
202335 202335
202335 202335
202335 202335
202335 202335
202335 202335
202335 202335
202335 202335
202335 202335
202335 202335
202335 202335
202335 202335
202335 202335
202335 202335
202335 202335
202335 202335
202335 202335
202335 202335
202335 202335
202335 202335
202335 202335
202335 202335
202335 202335
202335 202335
202335 202335
202335 202335
202335 202335
202335 202335
202335 202335
202335 202335
202335 202335
202335 202335
202335 202335
202335 202335
202335 202335
202335 202335
202335 202335
202335 202335
202335 202335
202335 202335
202335 202335
202335 202335
202335 202335
202335 202335
202335 202335
202335 202335
202335 202335
202335 202335
202335 202335
202335 202335
202335 202335
202335 202335
202335 202335
202335 202335
202335 202335
202335 202335
202335 202335
202335 202335
202335 202335
202335 202335
202335 202335
202335 202335
202335 202335
202335 202335
202335 202335
202335 202335
202335 202335
202335 202335
202335 202335
202335 202335
202335 202335
202335 202335
202335 202335
202335 202335
202335 202335
202335 202335
202335 202335
202335 202335
202335 202335
202335 202335
202335 202335
202335 202335
202335 202335
202335 202335
202335 202335
202335 202335
202335 202335
202335 202335
202335 202335
202335 202335
202335 202335
202335 202335
202335 202335
202335 202335
202335 202335
202335 202335
202335 202335
202335 202335
202335 202335
202335 202335
202335 202335
202335 202335
202335 202335
202335 202335
202335 202335
202335 202335
202335 202335
202335 202335
202335 202335
202335 202335
202335 202335
202335 202335
202335 202335
202335 202335
202335 202335
202335 202335
202335 202335
202335 202335
202335 202335
202335 202335
202335 202335
202335 202335
202335 202335
202335 202335
202335 202335
202335 202335
202335 202335
202335 202335
202335 202335
202335 202335
202335 202335
202335 202335
202335 202335
202335 202335
202335 202335
202335 202335
202335 202335
202335 202335
202335 202335
202335 202335
202335 202335
202335 202335
202335 202335
202335 202335
202335 202335
202335 202335
202335 202335
202335 202335
202335 202335
202335 202335
202335 202335
202335 202335
202335 202335
202335 202335
202335 202335
202335 202335
202335 202335
202335 202335
202335 202335
202335 202335
202335 202335
202335 202335
202335 202335
202335 202335
202335 202335
202335 202335
202335 202335
202335 202335
202335 202335
202335 202335
202335 202335
202335 202335
202335 202335
202335 202335
202335 202335
202335 202335
202335 202335
202335 202335
202335 202335
202335 202335
202335 202335
202335 202335
202335 202335
202335 202335
202335 202335
202335 202335
202335 202335
202335 202335
202335 202335
202335 202335
202335 202335
202335 202335
202335 202335
202335 202335
202335 202335
202335 202335
202335 202335
202335 202335
202335 202335
202335 202335
202335 202335
202335 202335
202335 202335
202335 202335
202335 202335
202335 202335
202335 202335
202335 202335
202335 202335
202335 202335
202335 202335
202335 202335
202335 202335
202335 202335
202335 202335
202335 202335
202335 202335
202335 202335
202335 202335
202335 202335
202335 202335
202335 202335
202335 202335
202335 202335
202335 202335
202335 202335
202335 202335
202335 202335
202335 202335
202335 202335
202335 202335
202335 202335
202335 202335
202335 202335
202335 202335
202335 202335
202335 202335
202335 202335
202335 202335
202335 202335
202337 202337
202337 202337
202337 202337
202337 202337
202337 202337
202337 202337
202337 202337
202337 202337
202337 202337
202337 202337
202337 202337
202337 202337
202337 202337
202337 202337
202337 202337
202337 202337
202337 202337
202337 202337
202337 202337
202337 202337
202337 202337
202337 202337
202337 202337
202337 202337
202337 202337
202337 202337
202337 202337
202337 202337
202337 202337
202337 202337
202337 202337
202337 202337
202337 202337
202337 202337
202337 202337
202337 202337
202337 202337
202337 202337
202337 202337
202337 202337
202337 202337
202337 202337
202337 202337
202337 202337
202337 202337
202337 202337
202337 202337
202337 202337
202337 202337
202337 202337
202337 202337
202337 202337
202337 202337
202337 202337
202337 202337
202337 202337
202337 202337
202337 202337
202337 202337
202337 202337
202337 202337
202337 202337
202337 202337
202337 202337
202337 202337
202337 202337
202337 202337
202337 202337
202337 202337
202337 202337
202337 202337
202337 202337
202337 202337
202337 202337
202337 202337
202337 202337
202337 202337
202337 202337
202337 202337
202337 202337
202337 202337
202337 202337
202337 202337
202337 202337
202337 202337
202337 202337
202337 202337
202337 202337
202337 202337
202337 202337
202337 202337
202337 202337
202337 202337
202337 202337
202337 202337
202337 202337
202337 202337
202337 202337
202337 202337
202337 202337
202337 202337
202337 202337
202337 202337
202337 202337
202337 202337
202337 202337
202337 202337
202337 202337
202337 202337
202337 202337
202337 202337
202337 202337
202337 202337
202337 202337
202337 202337
202337 202337
202337 202337
202337 202337
202337 202337
202337 202337
202337 202337
202337 202337
202337 202337
202337 202337
202337 202337
202337 202337
202337 202337
202337 202337
202337 202337
202337 202337
202337 202337
202337 202337
202337 202337
202337 202337
202337 202337
202337 202337
202337 202337
202337 202337
202337 202337
202337 202337
202337 202337
202337 202337
202337 202337
202337 202337
202337 202337
202337 202337
202337 202337
202337 202337
202337 202337
202337 202337
202337 202337
202337 202337
202337 202337
202337 202337
202337 202337
202337 202337
202337 202337
202337 202337
202337 202337
202337 202337
202337 202337
202337 202337
202337 202337
202337 202337
202337 202337
202337 202337
202337 202337
202337 202337
202337 202337
202337 202337
202337 202337
202337 202337
202337 202337
202337 202337
202337 202337
202337 202337
202337 202337
202337 202337
202337 202337
202337 202337
202337 202337
202337 202337
202337 202337
202337 202337
202337 202337
202337 202337
202337 202337
202337 202337
202337 202337
202337 202337
202337 202337
202337 202337
202337 202337
202337 202337
202337 202337
202337 202337
202337 202337
202337 202337
202337 202337
202337 202337
202337 202337
202337 202337
202337 202337
202337 202337
202337 202337
202337 202337
202337 202337
202337 202337
202337 202337
202337 202337
202337 202337
202337 202337
202337 202337
202337 202337
202337 202337
202337 202337
202337 202337
202340 202340
202340 202340
202340 202340
202340 202340
202340 202340
202340 202340
202340 202340
202340 202340
202340 202340
202340 202340
202340 202340
202340 202340
202340 202340
202340 202340
202340 202340
202340 202340
202340 202340
202340 202340
202340 202340
202340 202340
202340 202340
202340 202340
202340 202340
202340 202340
202340 202340
202340 202340
202340 202340
202340 202340
202340 202340
202340 202340
202340 202340
202340 202340
202340 202340
202340 202340
202340 202340
202340 202340
202340 202340
202340 202340
202340 202340
202340 202340
202340 202340
202340 202340
202340 202340
202340 202340
202340 202340
202340 202340
202340 202340
202340 202340
202340 202340
202340 202340
202340 202340
202340 202340
202340 202340
202340 202340
202340 202340
202340 202340
202340 202340
202340 202340
202340 202340
202340 202340
202340 202340
202340 202340
202340 202340
202340 202340
202340 202340
202340 202340
202340 202340
202340 202340
202340 202340
202340 202340
202340 202340
202340 202340
202340 202340
202340 202340
202340 202340
202340 202340
202340 202340
202340 202340
202340 202340
202340 202340
202340 202340
202340 202340
202340 202340
202340 202340
202340 202340
202340 202340
202340 202340
202340 202340
202340 202340
202340 202340
202340 202340
202340 202340
202340 202340
202340 202340
202340 202340
202340 202340
202340 202340
202340 202340
202340 202340
202340 202340
202340 202340
202340 202340
202340 202340
202340 202340
202340 202340
202340 202340
202340 202340
202340 202340
202340 202340
202340 202340
202340 202340
202340 202340
202340 202340
202340 202340
202340 202340
202340 202340
202340 202340
202340 202340
202340 202340
202340 202340
202340 202340
202340 202340
202340 202340
202340 202340
202340 202340
202340 202340
202340 202340
202340 202340
202340 202340
202340 202340
202340 202340
202340 202340
202340 202340
202340 202340
202340 202340
202340 202340
202340 202340
202340 202340
202340 202340
202340 202340
202340 202340
202340 202340
202340 202340
202340 202340
202340 202340
202340 202340
202340 202340
202340 202340
202340 202340
202340 202340
202340 202340
202340 202340
202340 202340
202340 202340
202340 202340
202340 202340
202340 202340
202340 202340
202340 202340
202340 202340
202340 202340
202340 202340
202340 202340
202340 202340
202340 202340
202340 202340
202340 202340
202340 202340
202340 202340
202340 202340
202340 202340
202340 202340
202340 202340
202340 202340
202340 202340
202340 202340
202340 202340
202340 202340
202340 202340
202340 202340
202340 202340
202340 202340
202340 202340
202340 202340
202340 202340
202340 202340
202340 202340
202340 202340
202340 202340
202340 202340
202340 202340
202340 202340
202340 202340
202340 202340
202340 202340
202340 202340
202340 202340
202340 202340
202340 202340
202340 202340
202340 202340
202340 202340
202340 202340
202340 202340
202340 202340
202340 202340
202340 202340
202340 202340
202340 202340
202340 202340
202340 202340
202340 202340
202340 202340
202340 202340
202340 202340
202340 202340
202340 202340
202340 202340
202340 202340
202340 202340
202340 202340
202340 202340
202340 202340
202340 202340
202340 202340
202340 202340
202340 202340
202340 202340
202340 202340
202340 202340
202340 202340
202340 202340
202340 202340
202340 202340
202340 202340
202340 202340
202340 202340
202340 202340
202340 202340
202340 202340
202340 202340
202340 202340
202340 202340
202340 202340
202340 202340
202340 202340
202340 202340
202340 202340
202340 202340
202340 202340
202340 202340
202340 202340
202340 202340
202340 202340
202340 202340
202340 202340
202340 202340
202340 202340
202340 202340
202340 202340
202340 202340
202340 202340
202340 202340
202340 202340
202340 202340
202340 202340
202340 202340
202340 202340
202340 202340
202340 202340
202340 202340
202340 202340
202340 202340
202340 202340
202340 202340
202340 202340
202340 202340
202340 202340
202340 202340
202340 202340
202340 202340
202340 202340
202340 202340
202340 202340
202340 202340
202340 202340
202340 202340
202340 202340
202340 202340
202340 202340
202340 202340
202340 202340
202340 202340
202340 202340
202340 202340
202340 202340
202340 202340
202340 202340
202340 202340
202340 202340
202340 202340
202340 202340
202340 202340
202340 202340
202340 202340
202340 202340
202340 202340
202340 202340
202340 202340
202340 202340
202340 202340
202340 202340
202340 202340
202340 202340
202340 202340
202340 202340
202340 202340
202340 202340
202340 202340
202340 202340
202340 202340
202340 202340
202340 202340
202340 202340
202340 202340
202340 202340
202340 202340
202340 202340
202340 202340
202340 202340
202340 202340
202340 202340
202340 202340
202340 202340
202340 202340
202340 202340
202340 202340
202340 202340
202340 202340
202340 202340
202340 202340
202340 202340
202340 202340
202340 202340
202340 202340
202340 202340
202340 202340
202340 202340
202340 202340
202340 202340
202340 202340
202340 202340
202340 202340
202340 202340
202340 202340
202340 202340
202340 202340
202340 202340
202340 202340
202340 202340
202340 202340
202340 202340
202340 202340
202340 202340
202340 202340
202340 202340
202340 202340
202340 202340
202340 202340
202340 202340
202340 202340
202340 202340
202340 202340
202340 202340
202340 202340
202340 202340
202340 202340
202340 202340
202340 202340
202340 202340
202340 202340
202340 202340
202340 202340
202340 202340
202340 202340
202340 202340
202340 202340
202340 202340
202340 202340
202340 202340
202340 202340
202340 202340
202340 202340
202340 202340
202340 202340
202340 202340
202340 202340
202340 202340
202340 202340
202340 202340
202340 202340
202340 202340
202340 202340
202340 202340
202340 202340
202340 202340
202340 202340
202340 202340
202340 202340
202340 202340
202340 202340
202340 202340
202340 202340
202340 202340
202340 202340
202340 202340
202340 202340
202340 202340
202340 202340
202340 202340
202340 202340
202340 202340
202340 202340
202340 202340
202340 202340
202340 202340
202340 202340
202340 202340
202340 202340
202340 202340
202340 202340
202340 202340
202340 202340
202340 202340
202340 202340
202340 202340
202340 202340
202340 202340
202340 202340
202340 202340
202340 202340
202340 202340
202340 202340
202340 202340
202340 202340
202340 202340
202340 202340
202340 202340
202340 202340
202340 202340
202340 202340
202340 202340
202340 202340
202340 202340
202340 202340
202340 202340
202340 202340
202340 202340
202340 202340
202340 202340
202340 202340
202340 202340
202340 202340
202340 202340
202340 202340
202340 202340
202340 202340
202340 202340
202340 202340
202340 202340
202340 202340
202340 202340
202340 202340
202340 202340
202340 202340
202340 202340
202340 202340
202340 202340
202340 202340
202340 202340
202340 202340
202340 202340
202340 202340
202340 202340
202340 202340
202340 202340
202340 202340
202340 202340
202340 202340
202340 202340
202340 202340
202340 202340
202340 202340
202340 202340
202340 202340
202340 202340
202340 202340
202340 202340
202340 202340
202340 202340
202340 202340
202340 202340
202340 202340
202340 202340
202340 202340
202340 202340
202340 202340
202340 202340
202340 202340
202340 202340
202340 202340
202340 202340
202340 202340
202340 202340
202340 202340
202340 202340
202340 202340
202340 202340
202340 202340
202340 202340
202340 202340
202340 202340
202340 202340
202340 202340
202340 202340
202340 202340
202340 202340
202340 202340
202340 202340
202340 202340
202340 202340
202340 202340
202340 202340
202340 202340
202340 202340
202340 202340
202340 202340
202340 202340
202340 202340
202340 202340
202340 202340
202340 202340
202340 202340
202340 202340
202340 202340
202340 202340
202340 202340
202340 202340
202340 202340
202340 202340
202340 202340
202340 202340
202340 202340
202340 202340
202340 202340
202340 202340
202340 202340
202340 202340
202340 202340
202340 202340
202340 202340
202340 202340
202340 202340
202340 202340
202340 202340
202340 202340
202340 202340
202340 202340
202340 202340
202340 202340
202340 202340
202340 202340
202340 202340
202340 202340
202340 202340
202340 202340
202340 202340
202340 202340
202340 202340
202340 202340
202340 202340
202340 202340
202340 202340
202340 202340
202340 202340
202340 202340
202340 202340
202340 202340
202340 202340
202340 202340
202340 202340
202340 202340
202340 202340
202340 202340
202340 202340
202340 202340
202340 202340
202340 202340
202340 202340
202340 202340
202340 202340
202340 202340
202340 202340
202340 202340
202340 202340
202340 202340
202340 202340
202340 202340
202340 202340
202340 202340
202340 202340
202340 202340
202340 202340
202340 202340
202340 202340
202340 202340
202340 202340
202340 202340
202340 202340
202340 202340
202340 202340
202340 202340
202340 202340
202340 202340
202340 202340
202340 202340
202340 202340
202340 202340
202340 202340
202340 202340
202340 202340
202340 202340
202340 202340
202340 202340
202340 202340
202340 202340
202340 202340
202340 202340
202340 202340
202340 202340
202340 202340
202340 202340
202340 202340
202340 202340
202340 202340
202340 202340
202340 202340
202340 202340
202340 202340
202340 202340
202340 202340
202340 202340
202340 202340
202340 202340
202340 202340
202340 202340
202340 202340
202340 202340
202340 202340
202340 202340
202340 202340
202340 202340
202340 202340
202340 202340
202340 202340
202340 202340
202340 202340
202340 202340
202340 202340
202340 202340
202340 202340
202340 202340
202340 202340
202340 202340
202340 202340
202340 202340
202340 202340
202340 202340
202340 202340
202340 202340
202340 202340
202340 202340
202340 202340
202340 202340
202340 202340
202340 202340
202340 202340
202340 202340
202340 202340
202340 202340
202340 202340
202340 202340
202340 202340
202340 202340
202340 202340
202340 202340
202340 202340
202340 202340
202340 202340
202340 202340
202340 202340
202340 202340
202340 202340
202340 202340
202340 202340
202340 202340
202340 202340
202340 202340
202340 202340
202340 202340
202340 202340
202340 202340
202340 202340
202340 202340
202340 202340
202340 202340
202340 202340
202340 202340
202340 202340
202340 202340
202340 202340
202340 202340
202340 202340
202340 202340
202340 202340
202340 202340
202340 202340
202340 202340
202340 202340
202340 202340
202340 202340
202340 202340
202340 202340
202340 202340
202340 202340
202340 202340
202340 202340
202340 202340
202340 202340
202340 202340
202340 202340
202340 202340
202340 202340
202340 202340
202340 202340
202340 202340
202340 202340
202340 202340
202340 202340
202340 202340
202340 202340
202340 202340
202340 202340
202340 202340
202340 202340
202340 202340
202340 202340
202340 202340
202340 202340
202340 202340
202340 202340
202340 202340
202340 202340
202340 202340
202340 202340
202340 202340
202340 202340
202340 202340
202340 202340
202340 202340
202340 202340
202340 202340
202340 202340
202340 202340
202340 202340
202340 202340
202340 202340
202340 202340
202340 202340
202340 202340
202340 202340
202340 202340
202340 202340
202340 202340
202340 202340
202340 202340
202340 202340
202340 202340
202340 202340
202340 202340
202340 202340
202340 202340
202340 202340
202340 202340
202340 202340
202340 202340
202340 202340
202340 202340
202340 202340
202340 202340
202340 202340
202340 202340
202340 202340
202340 202340
202340 202340
202340 202340
202340 202340
202340 202340
202340 202340
202340 202340
202340 202340
202340 202340
202340 202340
202340 202340
202340 202340
202340 202340
202340 202340
202340 202340
202340 202340
202340 202340
202340 202340
202340 202340
202340 202340
202340 202340
202340 202340
202340 202340
202340 202340
202340 202340
202340 202340
202340 202340
202340 202340
202340 202340
202340 202340
202340 202340
202340 202340
202340 202340
202340 202340
202340 202340
202340 202340
202340 202340
202340 202340
202340 202340
202340 202340
202340 202340
202340 202340
202340 202340
202340 202340
202340 202340
202340 202340
202340 202340
202340 202340
202340 202340
202340 202340
202340 202340
202340 202340
202340 202340
202340 202340
202340 202340
202340 202340
202340 202340
202340 202340
202340 202340
202340 202340
202340 202340
202340 202340
202340 202340
202340 202340
202340 202340
202340 202340
202340 202340
202340 202340
202340 202340
202340 202340
202340 202340
202340 202340
202340 202340
202340 202340
202340 202340
202340 202340
202340 202340
202340 202340
202340 202340
202340 202340
202340 202340
202340 202340
202340 202340
202340 202340
202340 202340
202340 202340
202340 202340
202340 202340
202340 202340
202340 202340
202340 202340
202340 202340
202340 202340
202340 202340
202340 202340
202340 202340
202340 202340
202340 202340
202340 202340
202340 202340
202340 202340
202340 202340
202340 202340
202340 202340
202340 202340
202340 202340
202340 202340
202340 202340
202340 202340
202340 202340
202340 202340
202340 202340
202340 202340
202340 202340
202340 202340
202340 202340
202340 202340
202340 202340
202340 202340
202340 202340
202340 202340
202340 202340
202340 202340
202340 202340
202340 202340
202340 202340
202340 202340
202340 202340
202340 202340
202340 202340
202340 202340
202340 202340
202340 202340
202340 202340
202340 202340
202340 202340
202340 202340
202340 202340
202340 202340
202340 202340
202340 202340
202340 202340
202340 202340
202340 202340
202340 202340
202340 202340
202340 202340
202340 202340
202340 202340
202340 202340
202340 202340
202340 202340
202340 202340
202340 202340
202340 202340
202340 202340
202340 202340
202340 202340
202340 202340
202340 202340
202340 202340
202340 202340
202340 202340
202340 202340
202340 202340
202340 202340
202340 202340
202340 202340
202340 202340
202340 202340
202340 202340
202340 202340
202340 202340
202340 202340
202340 202340
202340 202340
202340 202340
202340 202340
202340 202340
202340 202340
202340 202340
202340 202340
202340 202340
202340 202340
202340 202340
202340 202340
202340 202340
202340 202340
202340 202340
202340 202340
202340 202340
202340 202340
202340 202340
202340 202340
202340 202340
202340 202340
202340 202340
202340 202340
202340 202340
202340 202340
202340 202340
202340 202340
202340 202340
202340 202340
202340 202340
202340 202340
202340 202340
202340 202340
202340 202340
202340 202340
202340 202340
202340 202340
202340 202340
202340 202340
202340 202340
202340 202340
202340 202340
202340 202340
202340 202340
202340 202340
202340 202340
202340 202340
202340 202340
202340 202340
202340 202340
202340 202340
202340 202340
202340 202340
202340 202340
202340 202340
202340 202340
202340 202340
202340 202340
202340 202340
202340 202340
202340 202340
202340 202340
202340 202340
202340 202340
202340 202340
202340 202340
202340 202340
202340 202340
202340 202340
202340 202340
202340 202340
202340 202340
202340 202340
202340 202340
202340 202340
202340 202340
202340 202340
202340 202340
202340 202340
202340 202340
202340 202340
202340 202340
202340 202340
202340 202340
202340 202340
202340 202340
202340 202340
202340 202340
202340 202340
202340 202340
202340 202340
202340 202340
202340 202340
202340 202340
202340 202340
202340 202340
202340 202340
202340 202340
202340 202340
202340 202340
202340 202340
202340 202340
202340 202340
202340 202340
202340 202340
202340 202340
202340 202340
202340 202340
202340 202340
202340 202340
202340 202340
202340 202340
202340 202340
202340 202340
202340 202340
202340 202340
202340 202340
202340 202340
202340 202340
202340 202340
202340 202340
202340 202340
202340 202340
202340 202340
202340 202340
202340 202340
202340 202340
202340 202340
202340 202340
202340 202340
202340 202340
202340 202340
202340 202340
202340 202340
202340 202340
202340 202340
202340 202340
202340 202340
202340 202340
202340 202340
202340 202340
202340 202340
202340 202340
202340 202340
202340 202340
202340 202340
202340 202340
202340 202340
202340 202340
202340 202340
202340 202340
202340 202340
202340 202340
202340 202340
202340 202340
202340 202340
202340 202340
202340 202340
202340 202340
202340 202340
202340 202340
202340 202340
202340 202340
202340 202340
202340 202340
202340 202340
202340 202340
202340 202340
202340 202340
202340 202340
202340 202340
202340 202340
202340 202340
202340 202340
202340 202340
202340 202340
202340 202340
202340 202340
202340 202340
202340 202340
202340 202340
202340 202340
202340 202340
202340 202340
202340 202340
202340 202340
202340 202340
202340 202340
202340 202340
202340 202340
202340 202340
202340 202340
202340 202340
202340 202340
202340 202340
202340 202340
202340 202340
202340 202340
202340 202340
202340 202340
202340 202340
202340 202340
202340 202340
202340 202340
202340 202340
202340 202340
202340 202340
202340 202340
202340 202340
202340 202340
202340 202340
202340 202340
202340 202340
202340 202340
202340 202340
202340 202340
202340 202340
202340 202340
202340 202340
202340 202340
202340 202340
202340 202340
202340 202340
202340 202340
202340 202340
202340 202340
202340 202340
202340 202340
202340 202340
202340 202340
202340 202340
202340 202340
202340 202340
202340 202340
202340 202340
202340 202340
202340 202340
202340 202340
202340 202340
202340 202340
202340 202340
202340 202340
202340 202340
202340 202340
202340 202340
202340 202340
202340 202340
202340 202340
202340 202340
202340 202340
202340 202340
202340 202340
202340 202340
202340 202340
202340 202340
202340 202340
202340 202340
202340 202340
202340 202340
202340 202340
202340 202340
202340 202340
202340 202340
202340 202340
202340 202340
202340 202340
202340 202340
202340 202340
202340 202340
202340 202340
202340 202340
202340 202340
202340 202340
202340 202340
202340 202340
202340 202340
202340 202340
202340 202340
202340 202340
202340 202340
202340 202340
202340 202340
202340 202340
202340 202340
202340 202340
202340 202340
202340 202340
202340 202340
202340 202340
202340 202340
202340 202340
202340 202340
202340 202340
202340 202340
202340 202340
202340 202340
202340 202340
202340 202340
202340 202340
202340 202340
202340 202340
202340 202340
202340 202340
202340 202340
202340 202340
202340 202340
202340 202340
202340 202340
202340 202340
202340 202340
202340 202340
202340 202340
202340 202340
202340 202340
202340 202340
202340 202340
202340 202340
202340 202340
202340 202340
202340 202340
202340 202340
202340 202340
202340 202340
202340 202340
202340 202340
202340 202340
202340 202340
202340 202340
202340 202340
202340 202340
202340 202340
202340 202340
202340 202340
202340 202340
202340 202340
202340 202340
202340 202340
202340 202340
202340 202340
202340 202340
202340 202340
202340 202340
202340 202340
202340 202340
202340 202340
202340 202340
202340 202340
202340 202340
202340 202340
202340 202340
202340 202340
202340 202340
202340 202340
202340 202340
202340 202340
202340 202340
202340 202340
202340 202340
202340 202340
202340 202340
202340 202340
202340 202340
202340 202340
202340 202340
202340 202340
202340 202340
202340 202340
202340 202340
202340 202340
202340 202340
202340 202340
202340 202340
202340 202340
202340 202340
202340 202340
202340 202340
202340 202340
202340 202340
202340 202340
202340 202340
202340 202340
202340 202340
202340 202340
202340 202340
202340 202340
202340 202340
202340 202340
202340 202340
202340 202340
202340 202340
202340 202340
202340 202340
202340 202340
202340 202340
202340 202340
202340 202340
202340 202340
202340 202340
202340 202340
202340 202340
202340 202340
202340 202340
202340 202340
202340 202340
202340 202340
202340 202340
202340 202340
202340 202340
202340 202340
202340 202340
202340 202340
202340 202340
202340 202340
202340 202340
202340 202340
202340 202340
202340 202340
202340 202340
202340 202340
202340 202340
202340 202340
202340 202340
202340 202340
202340 202340
202340 202340
202340 202340
202340 202340
202340 202340
202340 202340
202340 202340
202340 202340
202340 202340
202340 202340
202340 202340
202340 202340
202340 202340
202340 202340
202340 202340
202340 202340
202340 202340
202340 202340
202340 202340
202340 202340
202340 202340
202340 202340
202340 202340
202340 202340
202340 202340
202340 202340
202340 202340
202340 202340
202340 202340
202340 202340
202340 202340
202340 202340
202340 202340
202340 202340
202340 202340
202340 202340
202340 202340
202340 202340
202340 202340
202340 202340
202340 202340
202340 202340
202340 202340
202340 202340
202340 202340
202340 202340
202340 202340
202340 202340
202340 202340
202340 202340
202340 202340
202340 202340
202340 202340
202340 202340
202340 202340
202340 202340
202340 202340
202340 202340
202340 202340
202340 202340
202340 202340
202340 202340
202340 202340
202340 202340
202340 202340
202340 202340
202340 202340
202340 202340
202340 202340
202340 202340
202340 202340
202340 202340
202340 202340
202340 202340
202340 202340
202340 202340
202340 202340
202340 202340
202340 202340
202340 202340
202340 202340
202340 202340
202340 202340
202340 202340
202340 202340
202340 202340
202340 202340
202340 202340
202340 202340
202340 202340
202340 202340
202340 202340
202340 202340
202340 202340
202340 202340
202340 202340
202340 202340
202340 202340
202340 202340
202340 202340
202340 202340
202340 202340
202340 202340
202340 202340
202340 202340
202340 202340
202340 202340
202340 202340
202340 202340
202340 202340
202340 202340
202340 202340
202340 202340
202340 202340
202340 202340
202340 202340
202340 202340
202340 202340
202340 202340
202340 202340
202340 202340
202340 202340
202340 202340
202340 202340
202340 202340
202340 202340
202340 202340
202340 202340
202340 202340
202340 202340
202340 202340
202340 202340
202340 202340
202340 202340
202340 202340
202340 202340
202340 202340
202340 202340
202340 202340
202340 202340
202340 202340
202340 202340
202340 202340
202340 202340
202340 202340
202340 202340
202340 202340
202340 202340
202340 202340
202340 202340
202340 202340
202340 202340
202340 202340
202340 202340
202340 202340
202340 202340
202340 202340
202340 202340
202340 202340
202340 202340
202340 202340
202340 202340
202340 202340
202340 202340
202340 202340
202340 202340
202340 202340
202340 202340
202340 202340
202340 202340
202340 202340
202340 202340
202340 202340
202340 202340
202340 202340
202340 202340
202340 202340
202340 202340
202340 202340
202340 202340
202340 202340
202340 202340
202340 202340
202340 202340
202340 202340
202340 202340
202340 202340
202340 202340
202340 202340
202340 202340
202340 202340
202340 202340
202340 202340
202340 202340
202340 202340
202340 202340
202340 202340
202340 202340
202340 202340
202340 202340
202340 202340
202340 202340
202340 202340
202340 202340
202340 202340
202340 202340
202340 202340
202340 202340
202340 202340
202340 202340
202340 202340
202340 202340
202340 202340
202340 202340
202340 202340
202340 202340
202340 202340
202340 202340
202340 202340
202340 202340
202340 202340
202340 202340
202340 202340
202340 202340
202340 202340
202340 202340
202340 202340
202340 202340
202340 202340
202340 202340
202340 202340
202340 202340
202340 202340
202340 202340
202340 202340
202340 202340
202340 202340
202340 202340
202340 202340
202340 202340
202340 202340
202340 202340
202340 202340
202340 202340
202340 202340
202340 202340
202340 202340
202340 202340
202340 202340
202340 202340
202340 202340
202340 202340
202340 202340
202340 202340
202340 202340
202340 202340
202340 202340
202340 202340
202340 202340
202340 202340
202340 202340
202340 202340
202340 202340
202340 202340
202340 202340
202340 202340
202340 202340
202340 202340
202340 202340
202340 202340
202340 202340
202340 202340
202340 202340
202340 202340
202340 202340
202340 202340
202340 202340
202340 202340
202340 202340
202340 202340
202340 202340
202340 202340
202340 202340
202340 202340
202340 202340
202340 202340
202340 202340
202340 202340
202340 202340
202340 202340
202340 202340
202340 202340
202340 202340
202340 202340
202340 202340
202340 202340
202340 202340
202340 202340
202340 202340
202340 202340
202340 202340
202340 202340
202340 202340
202340 202340
202340 202340
202340 202340
202340 202340
202340 202340
202340 202340
202340 202340
202340 202340
202340 202340
202340 202340
202340 202340
202340 202340
202340 202340
202340 202340
202340 202340
202340 202340
202340 202340
202340 202340
202340 202340
202340 202340
202340 202340
202340 202340
202340 202340
202340 202340
202340 202340
202340 202340
202340 202340
202340 202340
202340 202340
202340 202340
202340 202340
202340 202340
202340 202340
202340 202340
202340 202340
202340 202340
202340 202340
202340 202340
202340 202340
202340 202340
202340 202340
202340 202340
202340 202340
202340 202340
202340 202340
202340 202340
202340 202340
202340 202340
202340 202340
202340 202340
202340 202340
202340 202340
202340 202340
202340 202340
202340 202340
202340 202340
202340 202340
202340 202340
202340 202340
202340 202340
202340 202340
202340 202340
202340 202340
202340 202340
202340 202340
202340 202340
202340 202340
202340 202340
202340 202340
202340 202340
202340 202340
202340 202340
202340 202340
202340 202340
202340 202340
202340 202340
202340 202340
202340 202340
202340 202340
202340 202340
202340 202340
202340 202340
202340 202340
202340 202340
202340 202340
202340 202340
202340 202340
202340 202340
202340 202340
202340 202340
202340 202340
202340 202340
202340 202340
202340 202340
202340 202340
202340 202340
202340 202340
202340 202340
202340 202340
202340 202340
202340 202340
202340 202340
202340 202340
202340 202340
202340 202340
202340 202340
202340 202340
202340 202340
202340 202340
202340 202340
202340 202340
202340 202340
202340 202340
202340 202340
202340 202340
202340 202340
202340 202340
202340 202340
202340 202340
202340 202340
202340 202340
202340 202340
202340 202340
202340 202340
202340 202340
202340 202340
202340 202340
202340 202340
202340 202340
202340 202340
202340 202340
202340 202340
202340 202340
202340 202340
202340 202340
202340 202340
202340 202340
202340 202340
202340 202340
202340 202340
202340 202340
202340 202340
202340 202340
202340 202340
202340 202340
202340 202340
202340 202340
202340 202340
202340 202340
202340 202340
202340 202340
