242688
156736 156736
163054 163054
165740 165740
169026 169026
169681 169681
172466 172466
180429 180429
182065 182065
186362 186362
186910 186910
192056 192056
196374 196374
197242 197242
201200 201200
201780 201780
202648 202648
205997 205997
209368 209368
209605 209605
209906 209906
209960 209960
211935 211935
212041 212041
212351 212351
212469 212469
216030 216030
216135 216135
216331 216331
218587 218587
219632 219632
219756 219756
221390 221390
222059 222059
223687 223687
225169 225169
226618 226618
226888 226888
228212 228212
228214 228214
228666 228666
229114 229114
230172 230172
231224 231224
231354 231354
231686 231686
232286 232286
233037 233037
233170 233170
233728 233728
233907 233907
233970 233970
234531 234531
234655 234655
234863 234863
234873 234873
234928 234928
234957 234957
235489 235489
235859 235859
236394 236394
236506 236506
236815 236815
236931 236931
236970 236970
237256 237256
237295 237295
237468 237468
237715 237715
237768 237768
237932 237932
238148 238148
238240 238240
238277 238277
238533 238533
238547 238547
238685 238685
238702 238702
238791 238791
238861 238861
239428 239428
239451 239451
239491 239491
239513 239513
239563 239563
239698 239698
239855 239855
239948 239948
240108 240108
240108 240108
240118 240118
240208 240208
240274 240274
240539 240539
240539 240539
240539 240539
240909 240909
240909 240909
241013 241013
241013 241013
241197 241197
241197 241197
241197 241197
241197 241197
241197 241197
241274 241274
241274 241274
241287 241287
241287 241287
241352 241352
241352 241352
241352 241352
241367 241367
241367 241367
241372 241372
241374 241374
241480 241480
241523 241523
241523 241523
241523 241523
241536 241536
241583 241583
241583 241583
241583 241583
241614 241614
241635 241635
241635 241635
241656 241656
241656 241656
241665 241665
241707 241707
241711 241711
241786 241786
241786 241786
241786 241786
241844 241844
241844 241844
241844 241844
241844 241844
241858 241858
241858 241858
241858 241858
241858 241858
242033 242033
242033 242033
242033 242033
242033 242033
242184 242184
242184 242184
242184 242184
242184 242184
242184 242184
242184 242184
242184 242184
242184 242184
242184 242184
242184 242184
242189 242189
242189 242189
242189 242189
242189 242189
242207 242207
242207 242207
242207 242207
242207 242207
242279 242279
242332 242332
242332 242332
242332 242332
242332 242332
242332 242332
242392 242392
242392 242392
242392 242392
242415 242415
242427 242427
242427 242427
242427 242427
242427 242427
242427 242427
242427 242427
242440 242440
242440 242440
242440 242440
242440 242440
242440 242440
242440 242440
242440 242440
242461 242461
242461 242461
242461 242461
242461 242461
242461 242461
242461 242461
242461 242461
242461 242461
242461 242461
242461 242461
242461 242461
242461 242461
242461 242461
242461 242461
242495 242495
242495 242495
242495 242495
242495 242495
242495 242495
242495 242495
242495 242495
242495 242495
242495 242495
242495 242495
242495 242495
242495 242495
242495 242495
242495 242495
242495 242495
242495 242495
242495 242495
242495 242495
242495 242495
242540 242540
242540 242540
242540 242540
242540 242540
242540 242540
242540 242540
242540 242540
242540 242540
242540 242540
242540 242540
242540 242540
242540 242540
242540 242540
242540 242540
242540 242540
242540 242540
242540 242540
242540 242540
242540 242540
242540 242540
242540 242540
242540 242540
242540 242540
242540 242540
242540 242540
242548 242548
242548 242548
242548 242548
242548 242548
242548 242548
242548 242548
242548 242548
242548 242548
242548 242548
242548 242548
242548 242548
242548 242548
242548 242548
242548 242548
242548 242548
242548 242548
242560 242560
242560 242560
242560 242560
242560 242560
242560 242560
242560 242560
242560 242560
242560 242560
242560 242560
242560 242560
242560 242560
242565 242565
242565 242565
242565 242565
242565 242565
242565 242565
242569 242569
242569 242569
242569 242569
242574 242574
242574 242574
242574 242574
242574 242574
242574 242574
242574 242574
242574 242574
242574 242574
242574 242574
242574 242574
242574 242574
242574 242574
242574 242574
242574 242574
242574 242574
242574 242574
242574 242574
242574 242574
242574 242574
242574 242574
242574 242574
242574 242574
242574 242574
242574 242574
242574 242574
242574 242574
242574 242574
242574 242574
242574 242574
242574 242574
242574 242574
242574 242574
242574 242574
242574 242574
242574 242574
242574 242574
242574 242574
242574 242574
242574 242574
242574 242574
242574 242574
242574 242574
242574 242574
242574 242574
242574 242574
242574 242574
242574 242574
242574 242574
242574 242574
242574 242574
242574 242574
242574 242574
242574 242574
242574 242574
242574 242574
242574 242574
242574 242574
242574 242574
242575 242575
242575 242575
242575 242575
242575 242575
242575 242575
242575 242575
242575 242575
242575 242575
242575 242575
242575 242575
242575 242575
242575 242575
242575 242575
242575 242575
242575 242575
242575 242575
242575 242575
242575 242575
242575 242575
242575 242575
242575 242575
242575 242575
242575 242575
242575 242575
242575 242575
242575 242575
242575 242575
242575 242575
242575 242575
242575 242575
242575 242575
242575 242575
242575 242575
242575 242575
242575 242575
242575 242575
242575 242575
242575 242575
242575 242575
242575 242575
242575 242575
242575 242575
242575 242575
242575 242575
242575 242575
242575 242575
242575 242575
242575 242575
242575 242575
242575 242575
242575 242575
242575 242575
242575 242575
242575 242575
242575 242575
242575 242575
242575 242575
242575 242575
242575 242575
242575 242575
242575 242575
242575 242575
242575 242575
242575 242575
242575 242575
242575 242575
242575 242575
242575 242575
242575 242575
242575 242575
242575 242575
242575 242575
242575 242575
242575 242575
242575 242575
242575 242575
242575 242575
242575 242575
242575 242575
242575 242575
242575 242575
242575 242575
242575 242575
242575 242575
242575 242575
242575 242575
242575 242575
242575 242575
242575 242575
242575 242575
242575 242575
242575 242575
242575 242575
242575 242575
242575 242575
242575 242575
242575 242575
242590 242590
242590 242590
242590 242590
242590 242590
242590 242590
242590 242590
242590 242590
242590 242590
242590 242590
242590 242590
242598 242598
242598 242598
242598 242598
242598 242598
242598 242598
242598 242598
242598 242598
242598 242598
242598 242598
242598 242598
242598 242598
242598 242598
242598 242598
242598 242598
242598 242598
242598 242598
242598 242598
242598 242598
242598 242598
242598 242598
242598 242598
242598 242598
242598 242598
242598 242598
242598 242598
242598 242598
242598 242598
242598 242598
242598 242598
242598 242598
242598 242598
242598 242598
242598 242598
242598 242598
242598 242598
242598 242598
242598 242598
242598 242598
242598 242598
242598 242598
242598 242598
242598 242598
242598 242598
242598 242598
242598 242598
242598 242598
242598 242598
242598 242598
242598 242598
242598 242598
242598 242598
242598 242598
242598 242598
242598 242598
242598 242598
242598 242598
242598 242598
242598 242598
242598 242598
242598 242598
242598 242598
242598 242598
242598 242598
242598 242598
242598 242598
242598 242598
242598 242598
242598 242598
242598 242598
242598 242598
242598 242598
242598 242598
242598 242598
242598 242598
242598 242598
242598 242598
242598 242598
242598 242598
242598 242598
242598 242598
242598 242598
242598 242598
242598 242598
242598 242598
242598 242598
242598 242598
242598 242598
242598 242598
242598 242598
242598 242598
242598 242598
242601 242601
242601 242601
242601 242601
242601 242601
242601 242601
242601 242601
242601 242601
242601 242601
242601 242601
242601 242601
242601 242601
242601 242601
242601 242601
242601 242601
242601 242601
242601 242601
242601 242601
242601 242601
242601 242601
242601 242601
242601 242601
242601 242601
242601 242601
242601 242601
242601 242601
242601 242601
242601 242601
242605 242605
242605 242605
242605 242605
242605 242605
242605 242605
242605 242605
242605 242605
242605 242605
242605 242605
242605 242605
242605 242605
242605 242605
242605 242605
242605 242605
242605 242605
242605 242605
242605 242605
242605 242605
242605 242605
242605 242605
242605 242605
242609 242609
242609 242609
242609 242609
242609 242609
242609 242609
242609 242609
242609 242609
242609 242609
242609 242609
242609 242609
242609 242609
242609 242609
242609 242609
242609 242609
242609 242609
242609 242609
242609 242609
242609 242609
242609 242609
242609 242609
242609 242609
242609 242609
242609 242609
242609 242609
242609 242609
242609 242609
242609 242609
242609 242609
242609 242609
242609 242609
242609 242609
242609 242609
242609 242609
242609 242609
242609 242609
242609 242609
242609 242609
242609 242609
242609 242609
242609 242609
242609 242609
242609 242609
242609 242609
242609 242609
242609 242609
242609 242609
242609 242609
242609 242609
242609 242609
242609 242609
242609 242609
242609 242609
242609 242609
242609 242609
242609 242609
242609 242609
242609 242609
242609 242609
242609 242609
242609 242609
242609 242609
242609 242609
242609 242609
242609 242609
242609 242609
242609 242609
242609 242609
242609 242609
242609 242609
242609 242609
242609 242609
242609 242609
242609 242609
242609 242609
242609 242609
242609 242609
242609 242609
242609 242609
242609 242609
242609 242609
242609 242609
242609 242609
242609 242609
242609 242609
242609 242609
242609 242609
242609 242609
242609 242609
242609 242609
242609 242609
242609 242609
242609 242609
242609 242609
242614 242614
242614 242614
242614 242614
242614 242614
242614 242614
242614 242614
242614 242614
242614 242614
242614 242614
242614 242614
242614 242614
242614 242614
242614 242614
242614 242614
242614 242614
242614 242614
242654 242654
242654 242654
242654 242654
242654 242654
242654 242654
242654 242654
242654 242654
242654 242654
242654 242654
242654 242654
242654 242654
242654 242654
242654 242654
242654 242654
242654 242654
242654 242654
242654 242654
242654 242654
242654 242654
242654 242654
242654 242654
242654 242654
242654 242654
242654 242654
242654 242654
242654 242654
242654 242654
242654 242654
242654 242654
242654 242654
242654 242654
242654 242654
242654 242654
242654 242654
242654 242654
242654 242654
242654 242654
242654 242654
242654 242654
242654 242654
242654 242654
242654 242654
242654 242654
242654 242654
242654 242654
242654 242654
242654 242654
242654 242654
242654 242654
242654 242654
242654 242654
242654 242654
242654 242654
242654 242654
242654 242654
242654 242654
242654 242654
242654 242654
242654 242654
242654 242654
242654 242654
242654 242654
242654 242654
242654 242654
242654 242654
242654 242654
242654 242654
242654 242654
242654 242654
242654 242654
242654 242654
242654 242654
242654 242654
242654 242654
242654 242654
242654 242654
242654 242654
242654 242654
242654 242654
242654 242654
242654 242654
242654 242654
242654 242654
242654 242654
242654 242654
242654 242654
242654 242654
242654 242654
242654 242654
242654 242654
242654 242654
242654 242654
242654 242654
242654 242654
242654 242654
242676 242676
242676 242676
242676 242676
242676 242676
242676 242676
242676 242676
242676 242676
242676 242676
242676 242676
242676 242676
242676 242676
242676 242676
242676 242676
242676 242676
242676 242676
242676 242676
242676 242676
242676 242676
242676 242676
242676 242676
242676 242676
242676 242676
242676 242676
242676 242676
242676 242676
242676 242676
242676 242676
242676 242676
242676 242676
242676 242676
242676 242676
242676 242676
242676 242676
242676 242676
242676 242676
242676 242676
242676 242676
242676 242676
242676 242676
242676 242676
242676 242676
242676 242676
242676 242676
242676 242676
242676 242676
242676 242676
242676 242676
242676 242676
242676 242676
242676 242676
242676 242676
242676 242676
242676 242676
242676 242676
242676 242676
242676 242676
242676 242676
242676 242676
242676 242676
242676 242676
242676 242676
242676 242676
242676 242676
242676 242676
242676 242676
242676 242676
242676 242676
242676 242676
242676 242676
242676 242676
242676 242676
242676 242676
242676 242676
242676 242676
242676 242676
242676 242676
242676 242676
242676 242676
242676 242676
242676 242676
242676 242676
242676 242676
242676 242676
242676 242676
242676 242676
242676 242676
242676 242676
242676 242676
242676 242676
242676 242676
242676 242676
242676 242676
242676 242676
242676 242676
242676 242676
242676 242676
242676 242676
242676 242676
242676 242676
242676 242676
242676 242676
242676 242676
242676 242676
242676 242676
242676 242676
242676 242676
242676 242676
242676 242676
242676 242676
242676 242676
242676 242676
242676 242676
242676 242676
242676 242676
242676 242676
242676 242676
242676 242676
242676 242676
242676 242676
242676 242676
242676 242676
242676 242676
242676 242676
242676 242676
242676 242676
242676 242676
242676 242676
242676 242676
242676 242676
242676 242676
242676 242676
242686 242686
242686 242686
242686 242686
242686 242686
242686 242686
242686 242686
242686 242686
242686 242686
242686 242686
242686 242686
242686 242686
242686 242686
242686 242686
242686 242686
242686 242686
242686 242686
242686 242686
242686 242686
242686 242686
242686 242686
242686 242686
242686 242686
242686 242686
242686 242686
242686 242686
242686 242686
242686 242686
242686 242686
242686 242686
242686 242686
242686 242686
242686 242686
242686 242686
242686 242686
242686 242686
242686 242686
242686 242686
242686 242686
242686 242686
242686 242686
242686 242686
242686 242686
242686 242686
242686 242686
242686 242686
242686 242686
242686 242686
242686 242686
242686 242686
242686 242686
242686 242686
242686 242686
242686 242686
242686 242686
242686 242686
242686 242686
242686 242686
242686 242686
242686 242686
242686 242686
242686 242686
242686 242686
242686 242686
242686 242686
242686 242686
242686 242686
242686 242686
242686 242686
242686 242686
242686 242686
242686 242686
242686 242686
242686 242686
242686 242686
242686 242686
242686 242686
242686 242686
242686 242686
242686 242686
242686 242686
242686 242686
242686 242686
242686 242686
242686 242686
242686 242686
242686 242686
242686 242686
242686 242686
242686 242686
242686 242686
242686 242686
242686 242686
242686 242686
242686 242686
242686 242686
242686 242686
242686 242686
242686 242686
242686 242686
242686 242686
242686 242686
242686 242686
242686 242686
242686 242686
242686 242686
242686 242686
242686 242686
242686 242686
242686 242686
242686 242686
242686 242686
242686 242686
242686 242686
242686 242686
242686 242686
242686 242686
242686 242686
242686 242686
242686 242686
242686 242686
242686 242686
242686 242686
242686 242686
242686 242686
242686 242686
242686 242686
242686 242686
242686 242686
242686 242686
242686 242686
242686 242686
242686 242686
242686 242686
242686 242686
242686 242686
242686 242686
242686 242686
242686 242686
242686 242686
242686 242686
242686 242686
242686 242686
242686 242686
242686 242686
242686 242686
242686 242686
242686 242686
242686 242686
242686 242686
242686 242686
242686 242686
242686 242686
242686 242686
242686 242686
242686 242686
242686 242686
242686 242686
242686 242686
242686 242686
242686 242686
242686 242686
242686 242686
242686 242686
242686 242686
242686 242686
242686 242686
242686 242686
242686 242686
242686 242686
242686 242686
242686 242686
242686 242686
242686 242686
242686 242686
242686 242686
242686 242686
242686 242686
242686 242686
242686 242686
242686 242686
242686 242686
242686 242686
242686 242686
242686 242686
242686 242686
242686 242686
242686 242686
242686 242686
242686 242686
242686 242686
242686 242686
242686 242686
242686 242686
242686 242686
242686 242686
242686 242686
242686 242686
242686 242686
242686 242686
242686 242686
242686 242686
242686 242686
242686 242686
242686 242686
242686 242686
242686 242686
242686 242686
242686 242686
242686 242686
242686 242686
242686 242686
242686 242686
242686 242686
242686 242686
242686 242686
242686 242686
242686 242686
242686 242686
242686 242686
242686 242686
242686 242686
242686 242686
242686 242686
242686 242686
242686 242686
242686 242686
242686 242686
242686 242686
242686 242686
242686 242686
242686 242686
242686 242686
242686 242686
242686 242686
242686 242686
242686 242686
242686 242686
242686 242686
242686 242686
242686 242686
242686 242686
242686 242686
242686 242686
242686 242686
242686 242686
242686 242686
242686 242686
242686 242686
242686 242686
242686 242686
242686 242686
242686 242686
242686 242686
242686 242686
242686 242686
242686 242686
242686 242686
242686 242686
242686 242686
242686 242686
242686 242686
242686 242686
242686 242686
242686 242686
242686 242686
242686 242686
242686 242686
242686 242686
242686 242686
242686 242686
242686 242686
242686 242686
242686 242686
242686 242686
242686 242686
242686 242686
242686 242686
242686 242686
242686 242686
242686 242686
242686 242686
242686 242686
242686 242686
242686 242686
242686 242686
242686 242686
242686 242686
242686 242686
242686 242686
242686 242686
242686 242686
242686 242686
242686 242686
242686 242686
242686 242686
242686 242686
242686 242686
242686 242686
242686 242686
242686 242686
242686 242686
242686 242686
242686 242686
242686 242686
242686 242686
242686 242686
242686 242686
242686 242686
242686 242686
242686 242686
242686 242686
242686 242686
242686 242686
242686 242686
242686 242686
242686 242686
242686 242686
242686 242686
242686 242686
242686 242686
242686 242686
242686 242686
242686 242686
242686 242686
242686 242686
242686 242686
242686 242686
242686 242686
242686 242686
242686 242686
242686 242686
242686 242686
242686 242686
242686 242686
242686 242686
242686 242686
242686 242686
242686 242686
242686 242686
242686 242686
242686 242686
242686 242686
242686 242686
242686 242686
242686 242686
242686 242686
242686 242686
242686 242686
242686 242686
242686 242686
242686 242686
242686 242686
242686 242686
242686 242686
242686 242686
242686 242686
242686 242686
242686 242686
242686 242686
242686 242686
242686 242686
242686 242686
242686 242686
242686 242686
242686 242686
242686 242686
242686 242686
242686 242686
242686 242686
242686 242686
242686 242686
242686 242686
242686 242686
242686 242686
242686 242686
242686 242686
242686 242686
242686 242686
242686 242686
242686 242686
242686 242686
242686 242686
242686 242686
242686 242686
242686 242686
242686 242686
242686 242686
242686 242686
242686 242686
242686 242686
242686 242686
242686 242686
242686 242686
242686 242686
242686 242686
242686 242686
242686 242686
242686 242686
242686 242686
242686 242686
242686 242686
242686 242686
242686 242686
242686 242686
242686 242686
242686 242686
242686 242686
242686 242686
242686 242686
242686 242686
242686 242686
242686 242686
242686 242686
242686 242686
242686 242686
242686 242686
242686 242686
242686 242686
242686 242686
242686 242686
242686 242686
242686 242686
242686 242686
242686 242686
242686 242686
242686 242686
242686 242686
242686 242686
242686 242686
242686 242686
242686 242686
242686 242686
242686 242686
242686 242686
242686 242686
242686 242686
242686 242686
242686 242686
242686 242686
242686 242686
242686 242686
242686 242686
242686 242686
242686 242686
242686 242686
242686 242686
242686 242686
242686 242686
242686 242686
242686 242686
242686 242686
242686 242686
242686 242686
242686 242686
242686 242686
242686 242686
242686 242686
242686 242686
242686 242686
242686 242686
242686 242686
242686 242686
242686 242686
242686 242686
242686 242686
242686 242686
242686 242686
242686 242686
242686 242686
242686 242686
242686 242686
242686 242686
242686 242686
242686 242686
242686 242686
242686 242686
242686 242686
242686 242686
242686 242686
242686 242686
242686 242686
242686 242686
242686 242686
242686 242686
242686 242686
242686 242686
242686 242686
242686 242686
242686 242686
242686 242686
242686 242686
242686 242686
242686 242686
242686 242686
242686 242686
242686 242686
242686 242686
242686 242686
242686 242686
242686 242686
242686 242686
242686 242686
242686 242686
242686 242686
242686 242686
242686 242686
242686 242686
242686 242686
242686 242686
242686 242686
242686 242686
242686 242686
242686 242686
242686 242686
242686 242686
242686 242686
242686 242686
242686 242686
242686 242686
242686 242686
242686 242686
242686 242686
242686 242686
242686 242686
242686 242686
242686 242686
242686 242686
242686 242686
242686 242686
242686 242686
242686 242686
242686 242686
242686 242686
242686 242686
242686 242686
242686 242686
242686 242686
242686 242686
242686 242686
242686 242686
242686 242686
242686 242686
242686 242686
242686 242686
242686 242686
242686 242686
242686 242686
242686 242686
242686 242686
242686 242686
242686 242686
242686 242686
242686 242686
242686 242686
242686 242686
242686 242686
242686 242686
242686 242686
242686 242686
242686 242686
242686 242686
242686 242686
242686 242686
242686 242686
242686 242686
242686 242686
242686 242686
242686 242686
242686 242686
242686 242686
242686 242686
242686 242686
242686 242686
242686 242686
242686 242686
242686 242686
242686 242686
242686 242686
242686 242686
242686 242686
242686 242686
242686 242686
242686 242686
242686 242686
242686 242686
242686 242686
242686 242686
242686 242686
242686 242686
242686 242686
242686 242686
242686 242686
242686 242686
242686 242686
242686 242686
242686 242686
242686 242686
242686 242686
242686 242686
242686 242686
242686 242686
242686 242686
242686 242686
242686 242686
242686 242686
242686 242686
242686 242686
242686 242686
242686 242686
242686 242686
242686 242686
242686 242686
242686 242686
242686 242686
242686 242686
242686 242686
242686 242686
242686 242686
242686 242686
242686 242686
242686 242686
242686 242686
242686 242686
242686 242686
242686 242686
242686 242686
242686 242686
242686 242686
242686 242686
242686 242686
242686 242686
242686 242686
242686 242686
242686 242686
242686 242686
242686 242686
242686 242686
242686 242686
242686 242686
242686 242686
242686 242686
242686 242686
242686 242686
242686 242686
242686 242686
242686 242686
242686 242686
242686 242686
242686 242686
242686 242686
242686 242686
242686 242686
242686 242686
242686 242686
242686 242686
242686 242686
242686 242686
242686 242686
242686 242686
242686 242686
242686 242686
242686 242686
242686 242686
242686 242686
242686 242686
242686 242686
242686 242686
242686 242686
242686 242686
242686 242686
242686 242686
242686 242686
242686 242686
242686 242686
242686 242686
242686 242686
242686 242686
242686 242686
242686 242686
242686 242686
242686 242686
242686 242686
242686 242686
242686 242686
242686 242686
242686 242686
242686 242686
242686 242686
242686 242686
242686 242686
242686 242686
242686 242686
242686 242686
242686 242686
242686 242686
242686 242686
242686 242686
242686 242686
242686 242686
242686 242686
242686 242686
242686 242686
242686 242686
242686 242686
242686 242686
242686 242686
242686 242686
242686 242686
242686 242686
242686 242686
242686 242686
242686 242686
242686 242686
242686 242686
242686 242686
242686 242686
242686 242686
242686 242686
242686 242686
242686 242686
242686 242686
242686 242686
242686 242686
242686 242686
242686 242686
242686 242686
242686 242686
242686 242686
242686 242686
242686 242686
242686 242686
242686 242686
242686 242686
242686 242686
242686 242686
242686 242686
242686 242686
242686 242686
242686 242686
242686 242686
242686 242686
242686 242686
242686 242686
242686 242686
242686 242686
242686 242686
242686 242686
242686 242686
242686 242686
242686 242686
242686 242686
242686 242686
242686 242686
242686 242686
242686 242686
242686 242686
242686 242686
242686 242686
242686 242686
242686 242686
242686 242686
242686 242686
242686 242686
242686 242686
242686 242686
242686 242686
242686 242686
242686 242686
242686 242686
242686 242686
242686 242686
242686 242686
242686 242686
242686 242686
242686 242686
242686 242686
242686 242686
242686 242686
242686 242686
242686 242686
242686 242686
242686 242686
242686 242686
242686 242686
242686 242686
242686 242686
242686 242686
242686 242686
242686 242686
242686 242686
242686 242686
242686 242686
242686 242686
242686 242686
242686 242686
242686 242686
242686 242686
242686 242686
242686 242686
242686 242686
242686 242686
242686 242686
242686 242686
242686 242686
242686 242686
242686 242686
242686 242686
242686 242686
242686 242686
242686 242686
242686 242686
242686 242686
242686 242686
242686 242686
242686 242686
242686 242686
242686 242686
242686 242686
242686 242686
242686 242686
242686 242686
242686 242686
242686 242686
242686 242686
242686 242686
242686 242686
242686 242686
242686 242686
242686 242686
242686 242686
242686 242686
242686 242686
242686 242686
242686 242686
242686 242686
242686 242686
242686 242686
242686 242686
242686 242686
242686 242686
242686 242686
242686 242686
242686 242686
242686 242686
242686 242686
242686 242686
242686 242686
242686 242686
242686 242686
242686 242686
242686 242686
242686 242686
242686 242686
242686 242686
242686 242686
242686 242686
242686 242686
242687 242687
242687 242687
242687 242687
242687 242687
242687 242687
242687 242687
242687 242687
242687 242687
242687 242687
242687 242687
242687 242687
242687 242687
242687 242687
242687 242687
242687 242687
242687 242687
242687 242687
242687 242687
242687 242687
242687 242687
242687 242687
242687 242687
242687 242687
242687 242687
242687 242687
242687 242687
242687 242687
242687 242687
242687 242687
242687 242687
242688 242688
242688 242688
242688 242688
242688 242688
242688 242688
242688 242688
242688 242688
242688 242688
242688 242688
242688 242688
242688 242688
242688 242688
242688 242688
242688 242688
242688 242688
242688 242688
242688 242688
242688 242688
242688 242688
242688 242688
242688 242688
242688 242688
242688 242688
242688 242688
242688 242688
242688 242688
242688 242688
242688 242688
242688 242688
242688 242688
242688 242688
242688 242688
242688 242688
242688 242688
242688 242688
242688 242688
242688 242688
242688 242688
242688 242688
242688 242688
242688 242688
242688 242688
242688 242688
242688 242688
242688 242688
242688 242688
242688 242688
242688 242688
242688 242688
242688 242688
242688 242688
242688 242688
242688 242688
242688 242688
242688 242688
242688 242688
242688 242688
242688 242688
242688 242688
242688 242688
242688 242688
242688 242688
242688 242688
242688 242688
242688 242688
242688 242688
242688 242688
242688 242688
242688 242688
242688 242688
242688 242688
242688 242688
242688 242688
242688 242688
242688 242688
242688 242688
242688 242688
242688 242688
242688 242688
242688 242688
242688 242688
242688 242688
242688 242688
242688 242688
242688 242688
242688 242688
242688 242688
242688 242688
242688 242688
242688 242688
242688 242688
242688 242688
242688 242688
242688 242688
242688 242688
242688 242688
242688 242688
242688 242688
242688 242688
242688 242688
242688 242688
242688 242688
242688 242688
242688 242688
242688 242688
242688 242688
242688 242688
242688 242688
242688 242688
242688 242688
242688 242688
242688 242688
242688 242688
242688 242688
242688 242688
242688 242688
242688 242688
242688 242688
242688 242688
242688 242688
242688 242688
242688 242688
242688 242688
242688 242688
242688 242688
242688 242688
242688 242688
242688 242688
242688 242688
242688 242688
242688 242688
242688 242688
242688 242688
242688 242688
242688 242688
242688 242688
242688 242688
242688 242688
242688 242688
242688 242688
242688 242688
242688 242688
242688 242688
242688 242688
242688 242688
242688 242688
242688 242688
242688 242688
242688 242688
242688 242688
242688 242688
242688 242688
242688 242688
242688 242688
242688 242688
242688 242688
242688 242688
242688 242688
242688 242688
242688 242688
242688 242688
242688 242688
242688 242688
242688 242688
242688 242688
242688 242688
242688 242688
242688 242688
242688 242688
242688 242688
242688 242688
242688 242688
242688 242688
242688 242688
242688 242688
242688 242688
242688 242688
242688 242688
242688 242688
242688 242688
242688 242688
242688 242688
242688 242688
242688 242688
242688 242688
242688 242688
242688 242688
242688 242688
242688 242688
242688 242688
242688 242688
242688 242688
242688 242688
242688 242688
242688 242688
242688 242688
242688 242688
242688 242688
242688 242688
242688 242688
242688 242688
242688 242688
242688 242688
242688 242688
242688 242688
242688 242688
242688 242688
242688 242688
242688 242688
242688 242688
242688 242688
242688 242688
242688 242688
242688 242688
242688 242688
242688 242688
242688 242688
242688 242688
242688 242688
242688 242688
242688 242688
242688 242688
242688 242688
242688 242688
242688 242688
242688 242688
242688 242688
242688 242688
242688 242688
242688 242688
242688 242688
242688 242688
242688 242688
242688 242688
242688 242688
242688 242688
242688 242688
242688 242688
242688 242688
242688 242688
242688 242688
242688 242688
242688 242688
242688 242688
242688 242688
242688 242688
242688 242688
242688 242688
242688 242688
242688 242688
242688 242688
242688 242688
242688 242688
242688 242688
242688 242688
242688 242688
242688 242688
242688 242688
242688 242688
242688 242688
242688 242688
242688 242688
242688 242688
242688 242688
242688 242688
242688 242688
242688 242688
242688 242688
242688 242688
242688 242688
242688 242688
242688 242688
242688 242688
242688 242688
242688 242688
242688 242688
242688 242688
242688 242688
242688 242688
242688 242688
242688 242688
242688 242688
242688 242688
242688 242688
242688 242688
242688 242688
242688 242688
242688 242688
242688 242688
242688 242688
242688 242688
242688 242688
242688 242688
242688 242688
242688 242688
242688 242688
242688 242688
242688 242688
242688 242688
242688 242688
242688 242688
242688 242688
242688 242688
242688 242688
242688 242688
242688 242688
242688 242688
242688 242688
242688 242688
242688 242688
242688 242688
242688 242688
242688 242688
242688 242688
242688 242688
242688 242688
242688 242688
242688 242688
242688 242688
242688 242688
242688 242688
242688 242688
242688 242688
242688 242688
242688 242688
242688 242688
242688 242688
242688 242688
242688 242688
242688 242688
242688 242688
242688 242688
242688 242688
242688 242688
242688 242688
242688 242688
242688 242688
242688 242688
242688 242688
242688 242688
242688 242688
242688 242688
242688 242688
242688 242688
242688 242688
242688 242688
242688 242688
242688 242688
242688 242688
242688 242688
242688 242688
242688 242688
242688 242688
242688 242688
242688 242688
242688 242688
242688 242688
242688 242688
242688 242688
