202347
127246 127246
133051 133051
136210 136210
142236 142236
146694 146694
149763 149763
154153 154153
154243 154243
155294 155294
158391 158391
158476 158476
162862 162862
168627 168627
169692 169692
172096 172096
174370 174370
175935 175935
176245 176245
176512 176512
177142 177142
177797 177797
179143 179143
180300 180300
181233 181233
181683 181683
183341 183341
183432 183432
185154 185154
185163 185163
185912 185912
187346 187346
187420 187420
187457 187457
188800 188800
189192 189192
189443 189443
190371 190371
191713 191713
192385 192385
193487 193487
193674 193674
194280 194280
194556 194556
194763 194763
194904 194904
195339 195339
195717 195717
196100 196100
196100 196100
196225 196225
196656 196656
196704 196704
196849 196849
197120 197120
197231 197231
197265 197265
197760 197760
197760 197760
198003 198003
198045 198045
198066 198066
198598 198598
198598 198598
198628 198628
198697 198697
198751 198751
198903 198903
198997 198997
199144 199144
199354 199354
199354 199354
199512 199512
199621 199621
199621 199621
199621 199621
199621 199621
199621 199621
199631 199631
199648 199648
199699 199699
199704 199704
199820 199820
200055 200055
200205 200205
200205 200205
200205 200205
200205 200205
200205 200205
200231 200231
200454 200454
200454 200454
200454 200454
200493 200493
200493 200493
200595 200595
200595 200595
200655 200655
200696 200696
200707 200707
200811 200811
200811 200811
200811 200811
200918 200918
200918 200918
200918 200918
200918 200918
201107 201107
201107 201107
201117 201117
201144 201144
201278 201278
201278 201278
201278 201278
201285 201285
201285 201285
201285 201285
201288 201288
201300 201300
201428 201428
201428 201428
201428 201428
201571 201571
201571 201571
201571 201571
201571 201571
201631 201631
201631 201631
201631 201631
201631 201631
201631 201631
201631 201631
201631 201631
201631 201631
201631 201631
201631 201631
201631 201631
201631 201631
201631 201631
201631 201631
201631 201631
201659 201659
201723 201723
201723 201723
201723 201723
201723 201723
201723 201723
201723 201723
201723 201723
201742 201742
201744 201744
201774 201774
201785 201785
201878 201878
201878 201878
201878 201878
201886 201886
201886 201886
201886 201886
201886 201886
201946 201946
201946 201946
201946 201946
201967 201967
201993 201993
201993 201993
201993 201993
201993 201993
201993 201993
202067 202067
202067 202067
202067 202067
202067 202067
202067 202067
202067 202067
202067 202067
202067 202067
202067 202067
202067 202067
202067 202067
202067 202067
202087 202087
202087 202087
202106 202106
202106 202106
202110 202110
202110 202110
202110 202110
202110 202110
202110 202110
202110 202110
202142 202142
202142 202142
202162 202162
202162 202162
202162 202162
202162 202162
202162 202162
202162 202162
202162 202162
202162 202162
202162 202162
202162 202162
202162 202162
202162 202162
202162 202162
202162 202162
202162 202162
202162 202162
202162 202162
202162 202162
202162 202162
202225 202225
202225 202225
202225 202225
202225 202225
202225 202225
202225 202225
202225 202225
202225 202225
202225 202225
202225 202225
202225 202225
202225 202225
202225 202225
202225 202225
202225 202225
202225 202225
202225 202225
202225 202225
202225 202225
202225 202225
202225 202225
202225 202225
202225 202225
202225 202225
202225 202225
202225 202225
202225 202225
202225 202225
202225 202225
202225 202225
202225 202225
202225 202225
202225 202225
202225 202225
202225 202225
202225 202225
202228 202228
202228 202228
202228 202228
202228 202228
202228 202228
202228 202228
202228 202228
202247 202247
202247 202247
202247 202247
202247 202247
202247 202247
202247 202247
202247 202247
202247 202247
202247 202247
202247 202247
202247 202247
202247 202247
202247 202247
202247 202247
202247 202247
202247 202247
202247 202247
202247 202247
202247 202247
202247 202247
202247 202247
202247 202247
202247 202247
202247 202247
202247 202247
202247 202247
202247 202247
202247 202247
202247 202247
202247 202247
202247 202247
202247 202247
202247 202247
202247 202247
202275 202275
202275 202275
202275 202275
202275 202275
202275 202275
202275 202275
202275 202275
202275 202275
202275 202275
202275 202275
202275 202275
202275 202275
202275 202275
202275 202275
202275 202275
202275 202275
202275 202275
202275 202275
202275 202275
202275 202275
202275 202275
202275 202275
202275 202275
202275 202275
202297 202297
202297 202297
202297 202297
202297 202297
202297 202297
202297 202297
202297 202297
202297 202297
202297 202297
202297 202297
202297 202297
202297 202297
202297 202297
202297 202297
202297 202297
202297 202297
202297 202297
202297 202297
202305 202305
202305 202305
202305 202305
202305 202305
202305 202305
202305 202305
202305 202305
202305 202305
202305 202305
202305 202305
202305 202305
202305 202305
202305 202305
202336 202336
202336 202336
202336 202336
202336 202336
202336 202336
202336 202336
202336 202336
202336 202336
202336 202336
202336 202336
202336 202336
202336 202336
202336 202336
202336 202336
202336 202336
202336 202336
202336 202336
202336 202336
202336 202336
202336 202336
202336 202336
202336 202336
202336 202336
202336 202336
202336 202336
202336 202336
202336 202336
202336 202336
202336 202336
202336 202336
202336 202336
202336 202336
202336 202336
202336 202336
202336 202336
202336 202336
202336 202336
202336 202336
202336 202336
202336 202336
202336 202336
202336 202336
202336 202336
202336 202336
202336 202336
202336 202336
202336 202336
202336 202336
202336 202336
202336 202336
202336 202336
202336 202336
202336 202336
202336 202336
202336 202336
202336 202336
202336 202336
202336 202336
202336 202336
202336 202336
202336 202336
202336 202336
202336 202336
202336 202336
202336 202336
202336 202336
202336 202336
202336 202336
202336 202336
202336 202336
202336 202336
202336 202336
202336 202336
202336 202336
202336 202336
202336 202336
202336 202336
202336 202336
202336 202336
202336 202336
202336 202336
202336 202336
202336 202336
202336 202336
202336 202336
202336 202336
202336 202336
202336 202336
202336 202336
202336 202336
202336 202336
202336 202336
202336 202336
202336 202336
202336 202336
202336 202336
202336 202336
202336 202336
202336 202336
202336 202336
202336 202336
202336 202336
202336 202336
202336 202336
202336 202336
202336 202336
202336 202336
202336 202336
202336 202336
202336 202336
202339 202339
202339 202339
202339 202339
202339 202339
202339 202339
202339 202339
202339 202339
202339 202339
202339 202339
202339 202339
202339 202339
202339 202339
202339 202339
202339 202339
202339 202339
202339 202339
202339 202339
202339 202339
202339 202339
202339 202339
202339 202339
202339 202339
202339 202339
202339 202339
202339 202339
202339 202339
202339 202339
202339 202339
202339 202339
202339 202339
202339 202339
202339 202339
202339 202339
202339 202339
202339 202339
202339 202339
202339 202339
202339 202339
202339 202339
202339 202339
202339 202339
202339 202339
202339 202339
202339 202339
202339 202339
202339 202339
202339 202339
202339 202339
202339 202339
202339 202339
202339 202339
202339 202339
202339 202339
202339 202339
202339 202339
202339 202339
202339 202339
202339 202339
202339 202339
202339 202339
202339 202339
202339 202339
202339 202339
202339 202339
202339 202339
202339 202339
202339 202339
202339 202339
202339 202339
202339 202339
202339 202339
202339 202339
202339 202339
202339 202339
202339 202339
202339 202339
202339 202339
202339 202339
202339 202339
202339 202339
202339 202339
202339 202339
202339 202339
202339 202339
202339 202339
202339 202339
202339 202339
202339 202339
202339 202339
202339 202339
202339 202339
202339 202339
202339 202339
202339 202339
202339 202339
202339 202339
202339 202339
202339 202339
202339 202339
202339 202339
202339 202339
202339 202339
202339 202339
202339 202339
202339 202339
202339 202339
202339 202339
202339 202339
202339 202339
202339 202339
202339 202339
202339 202339
202339 202339
202339 202339
202339 202339
202339 202339
202339 202339
202339 202339
202339 202339
202339 202339
202339 202339
202339 202339
202339 202339
202339 202339
202339 202339
202339 202339
202339 202339
202339 202339
202339 202339
202339 202339
202339 202339
202339 202339
202339 202339
202339 202339
202339 202339
202339 202339
202339 202339
202339 202339
202339 202339
202339 202339
202339 202339
202339 202339
202339 202339
202339 202339
202339 202339
202339 202339
202339 202339
202339 202339
202339 202339
202339 202339
202339 202339
202339 202339
202339 202339
202339 202339
202339 202339
202339 202339
202339 202339
202339 202339
202339 202339
202339 202339
202339 202339
202339 202339
202339 202339
202339 202339
202339 202339
202339 202339
202339 202339
202339 202339
202339 202339
202339 202339
202339 202339
202339 202339
202339 202339
202339 202339
202339 202339
202339 202339
202339 202339
202339 202339
202339 202339
202339 202339
202339 202339
202339 202339
202339 202339
202339 202339
202339 202339
202339 202339
202339 202339
202339 202339
202339 202339
202339 202339
202339 202339
202339 202339
202339 202339
202339 202339
202339 202339
202339 202339
202339 202339
202339 202339
202339 202339
202339 202339
202339 202339
202339 202339
202339 202339
202339 202339
202339 202339
202339 202339
202339 202339
202339 202339
202339 202339
202339 202339
202339 202339
202339 202339
202339 202339
202339 202339
202339 202339
202339 202339
202339 202339
202339 202339
202339 202339
202339 202339
202339 202339
202339 202339
202339 202339
202339 202339
202339 202339
202339 202339
202339 202339
202339 202339
202339 202339
202339 202339
202339 202339
202339 202339
202339 202339
202339 202339
202339 202339
202339 202339
202339 202339
202339 202339
202339 202339
202339 202339
202339 202339
202339 202339
202339 202339
202339 202339
202339 202339
202339 202339
202339 202339
202339 202339
202339 202339
202339 202339
202339 202339
202339 202339
202339 202339
202339 202339
202339 202339
202339 202339
202339 202339
202339 202339
202339 202339
202339 202339
202339 202339
202339 202339
202339 202339
202339 202339
202339 202339
202339 202339
202339 202339
202339 202339
202339 202339
202339 202339
202339 202339
202339 202339
202339 202339
202339 202339
202339 202339
202339 202339
202339 202339
202339 202339
202339 202339
202339 202339
202339 202339
202339 202339
202339 202339
202339 202339
202339 202339
202339 202339
202339 202339
202339 202339
202339 202339
202339 202339
202339 202339
202339 202339
202339 202339
202339 202339
202339 202339
202339 202339
202339 202339
202339 202339
202339 202339
202339 202339
202339 202339
202339 202339
202339 202339
202339 202339
202339 202339
202339 202339
202339 202339
202339 202339
202339 202339
202339 202339
202339 202339
202339 202339
202339 202339
202339 202339
202339 202339
202339 202339
202339 202339
202339 202339
202339 202339
202339 202339
202339 202339
202339 202339
202339 202339
202339 202339
202339 202339
202339 202339
202339 202339
202339 202339
202339 202339
202339 202339
202339 202339
202339 202339
202339 202339
202339 202339
202339 202339
202339 202339
202339 202339
202339 202339
202339 202339
202339 202339
202339 202339
202339 202339
202339 202339
202339 202339
202339 202339
202339 202339
202339 202339
202339 202339
202339 202339
202339 202339
202339 202339
202339 202339
202339 202339
202339 202339
202339 202339
202339 202339
202339 202339
202339 202339
202339 202339
202339 202339
202339 202339
202339 202339
202339 202339
202339 202339
202339 202339
202339 202339
202339 202339
202339 202339
202339 202339
202339 202339
202339 202339
202339 202339
202339 202339
202339 202339
202339 202339
202339 202339
202339 202339
202339 202339
202339 202339
202339 202339
202339 202339
202339 202339
202339 202339
202339 202339
202339 202339
202339 202339
202339 202339
202339 202339
202339 202339
202339 202339
202339 202339
202339 202339
202339 202339
202339 202339
202339 202339
202339 202339
202339 202339
202339 202339
202339 202339
202339 202339
202339 202339
202339 202339
202339 202339
202339 202339
202339 202339
202339 202339
202339 202339
202339 202339
202339 202339
202339 202339
202339 202339
202339 202339
202339 202339
202339 202339
202339 202339
202339 202339
202339 202339
202339 202339
202339 202339
202339 202339
202339 202339
202339 202339
202339 202339
202339 202339
202339 202339
202339 202339
202339 202339
202339 202339
202339 202339
202339 202339
202339 202339
202339 202339
202339 202339
202339 202339
202339 202339
202339 202339
202339 202339
202339 202339
202339 202339
202339 202339
202339 202339
202339 202339
202339 202339
202339 202339
202339 202339
202339 202339
202339 202339
202339 202339
202339 202339
202339 202339
202339 202339
202339 202339
202339 202339
202339 202339
202339 202339
202339 202339
202339 202339
202339 202339
202339 202339
202339 202339
202339 202339
202339 202339
202339 202339
202339 202339
202339 202339
202339 202339
202339 202339
202339 202339
202339 202339
202339 202339
202339 202339
202339 202339
202339 202339
202339 202339
202339 202339
202339 202339
202339 202339
202339 202339
202339 202339
202339 202339
202339 202339
202339 202339
202339 202339
202339 202339
202339 202339
202339 202339
202339 202339
202339 202339
202339 202339
202339 202339
202339 202339
202339 202339
202339 202339
202339 202339
202339 202339
202339 202339
202339 202339
202339 202339
202339 202339
202339 202339
202339 202339
202339 202339
202339 202339
202339 202339
202339 202339
202339 202339
202339 202339
202339 202339
202339 202339
202339 202339
202339 202339
202344 202344
202344 202344
202344 202344
202344 202344
202344 202344
202344 202344
202344 202344
202344 202344
202344 202344
202344 202344
202344 202344
202344 202344
202344 202344
202344 202344
202344 202344
202344 202344
202344 202344
202344 202344
202344 202344
202344 202344
202344 202344
202344 202344
202344 202344
202344 202344
202344 202344
202344 202344
202344 202344
202344 202344
202344 202344
202344 202344
202344 202344
202344 202344
202344 202344
202344 202344
202344 202344
202344 202344
202344 202344
202344 202344
202344 202344
202344 202344
202344 202344
202344 202344
202344 202344
202344 202344
202344 202344
202344 202344
202344 202344
202344 202344
202344 202344
202344 202344
202344 202344
202344 202344
202344 202344
202344 202344
202344 202344
202344 202344
202344 202344
202344 202344
202344 202344
202344 202344
202344 202344
202344 202344
202344 202344
202344 202344
202344 202344
202344 202344
202344 202344
202344 202344
202344 202344
202344 202344
202344 202344
202344 202344
202344 202344
202344 202344
202344 202344
202344 202344
202344 202344
202344 202344
202344 202344
202344 202344
202344 202344
202344 202344
202344 202344
202344 202344
202344 202344
202344 202344
202344 202344
202344 202344
202344 202344
202344 202344
202344 202344
202344 202344
202344 202344
202344 202344
202344 202344
202344 202344
202344 202344
202344 202344
202344 202344
202344 202344
202344 202344
202344 202344
202344 202344
202344 202344
202344 202344
202344 202344
202344 202344
202344 202344
202344 202344
202344 202344
202344 202344
202344 202344
202344 202344
202344 202344
202344 202344
202344 202344
202344 202344
202344 202344
202344 202344
202344 202344
202344 202344
202344 202344
202344 202344
202344 202344
202344 202344
202344 202344
202344 202344
202344 202344
202344 202344
202344 202344
202344 202344
202344 202344
202344 202344
202344 202344
202344 202344
202344 202344
202344 202344
202344 202344
202344 202344
202344 202344
202344 202344
202344 202344
202344 202344
202344 202344
202344 202344
202344 202344
202344 202344
202344 202344
202344 202344
202344 202344
202344 202344
202344 202344
202344 202344
202344 202344
202344 202344
202344 202344
202344 202344
202344 202344
202344 202344
202344 202344
202344 202344
202344 202344
202344 202344
202344 202344
202344 202344
202344 202344
202344 202344
202344 202344
202344 202344
202344 202344
202344 202344
202344 202344
202344 202344
202344 202344
202344 202344
202344 202344
202344 202344
202344 202344
202344 202344
202344 202344
202344 202344
202344 202344
202344 202344
202344 202344
202344 202344
202344 202344
202344 202344
202344 202344
202344 202344
202344 202344
202344 202344
202344 202344
202344 202344
202344 202344
202344 202344
202344 202344
202344 202344
202344 202344
202344 202344
202344 202344
202344 202344
202344 202344
202344 202344
202344 202344
202344 202344
202344 202344
202344 202344
202344 202344
202344 202344
202344 202344
202344 202344
202344 202344
202344 202344
202344 202344
202344 202344
202344 202344
202344 202344
202344 202344
202344 202344
202344 202344
202344 202344
202344 202344
202344 202344
202344 202344
202344 202344
202344 202344
202344 202344
202344 202344
202344 202344
202344 202344
202344 202344
202344 202344
202344 202344
202344 202344
202344 202344
202344 202344
202344 202344
202344 202344
202344 202344
202344 202344
202344 202344
202344 202344
202344 202344
202344 202344
202344 202344
202344 202344
202344 202344
202344 202344
202344 202344
202344 202344
202344 202344
202344 202344
202344 202344
202344 202344
202344 202344
202344 202344
202344 202344
202344 202344
202344 202344
202344 202344
202344 202344
202344 202344
202344 202344
202344 202344
202344 202344
202344 202344
202344 202344
202344 202344
202344 202344
202344 202344
202344 202344
202344 202344
202344 202344
202344 202344
202344 202344
202344 202344
202344 202344
202344 202344
202344 202344
202344 202344
202344 202344
202344 202344
202344 202344
202344 202344
202344 202344
202344 202344
202344 202344
202344 202344
202344 202344
202344 202344
202344 202344
202344 202344
202344 202344
202344 202344
202344 202344
202344 202344
202344 202344
202344 202344
202344 202344
202344 202344
202344 202344
202344 202344
202344 202344
202344 202344
202344 202344
202344 202344
202344 202344
202344 202344
202344 202344
202344 202344
202344 202344
202344 202344
202344 202344
202344 202344
202344 202344
202344 202344
202344 202344
202344 202344
202344 202344
202344 202344
202344 202344
202344 202344
202344 202344
202344 202344
202344 202344
202344 202344
202344 202344
202344 202344
202344 202344
202344 202344
202344 202344
202344 202344
202344 202344
202344 202344
202344 202344
202344 202344
202344 202344
202344 202344
202344 202344
202344 202344
202344 202344
202344 202344
202344 202344
202344 202344
202344 202344
202344 202344
202344 202344
202344 202344
202344 202344
202344 202344
202344 202344
202344 202344
202344 202344
202344 202344
202344 202344
202344 202344
202344 202344
202344 202344
202344 202344
202344 202344
202344 202344
202344 202344
202344 202344
202344 202344
202344 202344
202344 202344
202344 202344
202344 202344
202344 202344
202344 202344
202344 202344
202344 202344
202344 202344
202344 202344
202344 202344
202344 202344
202344 202344
202344 202344
202344 202344
202344 202344
202344 202344
202344 202344
202344 202344
202344 202344
202344 202344
202344 202344
202344 202344
202344 202344
202344 202344
202344 202344
202344 202344
202344 202344
202344 202344
202344 202344
202344 202344
202344 202344
202344 202344
202344 202344
202344 202344
202344 202344
202344 202344
202344 202344
202344 202344
202344 202344
202344 202344
202344 202344
202344 202344
202344 202344
202344 202344
202344 202344
202344 202344
202344 202344
202344 202344
202344 202344
202344 202344
202344 202344
202344 202344
202344 202344
202344 202344
202344 202344
202344 202344
202344 202344
202344 202344
202344 202344
202344 202344
202344 202344
202344 202344
202344 202344
202344 202344
202344 202344
202344 202344
202344 202344
202344 202344
202344 202344
202344 202344
202344 202344
202344 202344
202344 202344
202344 202344
202344 202344
202344 202344
202344 202344
202344 202344
202344 202344
202344 202344
202344 202344
202344 202344
202344 202344
202344 202344
202344 202344
202344 202344
202344 202344
202344 202344
202344 202344
202344 202344
202344 202344
202344 202344
202344 202344
202344 202344
202344 202344
202344 202344
202344 202344
202344 202344
202344 202344
202344 202344
202344 202344
202344 202344
202344 202344
202344 202344
202344 202344
202344 202344
202344 202344
202344 202344
202344 202344
202344 202344
202344 202344
202344 202344
202344 202344
202344 202344
202344 202344
202344 202344
202344 202344
202344 202344
202344 202344
202344 202344
202344 202344
202344 202344
202344 202344
202344 202344
202344 202344
202344 202344
202344 202344
202344 202344
202344 202344
202344 202344
202344 202344
202344 202344
202344 202344
202344 202344
202344 202344
202344 202344
202344 202344
202344 202344
202344 202344
202344 202344
202344 202344
202344 202344
202344 202344
202344 202344
202344 202344
202344 202344
202344 202344
202344 202344
202344 202344
202344 202344
202344 202344
202344 202344
202344 202344
202344 202344
202344 202344
202344 202344
202344 202344
202344 202344
202344 202344
202344 202344
202344 202344
202344 202344
202344 202344
202344 202344
202344 202344
202344 202344
202344 202344
202344 202344
202344 202344
202344 202344
202344 202344
202344 202344
202344 202344
202344 202344
202344 202344
202344 202344
202344 202344
202344 202344
202344 202344
202344 202344
202344 202344
202344 202344
202344 202344
202344 202344
202344 202344
202344 202344
202344 202344
202344 202344
202344 202344
202344 202344
202344 202344
202344 202344
202344 202344
202344 202344
202344 202344
202344 202344
202344 202344
202344 202344
202344 202344
202344 202344
202344 202344
202344 202344
202344 202344
202344 202344
202344 202344
202344 202344
202344 202344
202344 202344
202344 202344
202344 202344
202344 202344
202344 202344
202344 202344
202344 202344
202344 202344
202344 202344
202344 202344
202344 202344
202344 202344
202344 202344
202344 202344
202344 202344
202344 202344
202344 202344
202344 202344
202344 202344
202344 202344
202344 202344
202344 202344
202344 202344
202344 202344
202344 202344
202344 202344
202344 202344
202344 202344
202344 202344
202344 202344
202344 202344
202344 202344
202344 202344
202344 202344
202344 202344
202344 202344
202344 202344
202344 202344
202344 202344
202344 202344
202344 202344
202344 202344
202344 202344
202344 202344
202344 202344
202344 202344
202344 202344
202344 202344
202344 202344
202344 202344
202344 202344
202344 202344
202344 202344
202344 202344
202344 202344
202344 202344
202344 202344
202344 202344
202344 202344
202344 202344
202344 202344
202344 202344
202344 202344
202344 202344
202344 202344
202344 202344
202344 202344
202344 202344
202344 202344
202344 202344
202344 202344
202344 202344
202344 202344
202344 202344
202344 202344
202344 202344
202344 202344
202344 202344
202344 202344
202344 202344
202344 202344
202344 202344
202344 202344
202344 202344
202344 202344
202344 202344
202344 202344
202344 202344
202344 202344
202344 202344
202344 202344
202344 202344
202344 202344
202344 202344
202344 202344
202344 202344
202344 202344
202344 202344
202344 202344
202344 202344
202344 202344
202344 202344
202344 202344
202344 202344
202344 202344
202344 202344
202344 202344
202344 202344
202344 202344
202344 202344
202344 202344
202344 202344
202344 202344
202344 202344
202344 202344
202344 202344
202344 202344
202344 202344
202344 202344
202344 202344
202344 202344
202344 202344
202344 202344
202344 202344
202344 202344
202344 202344
202344 202344
202344 202344
202344 202344
202344 202344
202344 202344
202344 202344
202344 202344
202344 202344
202344 202344
202344 202344
202344 202344
202344 202344
202344 202344
202344 202344
202344 202344
202344 202344
202344 202344
202344 202344
202344 202344
202344 202344
202344 202344
202344 202344
202344 202344
202344 202344
202344 202344
202344 202344
202344 202344
202344 202344
202344 202344
202344 202344
202344 202344
202344 202344
202344 202344
202344 202344
202344 202344
202344 202344
202344 202344
202344 202344
202344 202344
202344 202344
202344 202344
202344 202344
202344 202344
202344 202344
202344 202344
202344 202344
202344 202344
202344 202344
202344 202344
202344 202344
202344 202344
202344 202344
202344 202344
202344 202344
202344 202344
202344 202344
202344 202344
202344 202344
202344 202344
202344 202344
202344 202344
202344 202344
202344 202344
202344 202344
202344 202344
202344 202344
202344 202344
202344 202344
202344 202344
202344 202344
202344 202344
202344 202344
202344 202344
202344 202344
202344 202344
202344 202344
202344 202344
202344 202344
202344 202344
202344 202344
202344 202344
202344 202344
202344 202344
202344 202344
202344 202344
202344 202344
202344 202344
202344 202344
202344 202344
202344 202344
202344 202344
202344 202344
202344 202344
202344 202344
202344 202344
202344 202344
202344 202344
202344 202344
202344 202344
202344 202344
202344 202344
202344 202344
202344 202344
202344 202344
202344 202344
202344 202344
202344 202344
202344 202344
202344 202344
202344 202344
202344 202344
202344 202344
202344 202344
202344 202344
202344 202344
202344 202344
202344 202344
202344 202344
202344 202344
202344 202344
202344 202344
202344 202344
202344 202344
202344 202344
202344 202344
202344 202344
202344 202344
202344 202344
202344 202344
202344 202344
202344 202344
202344 202344
202344 202344
202344 202344
202344 202344
202344 202344
202344 202344
202344 202344
202344 202344
202344 202344
202344 202344
202344 202344
202344 202344
202344 202344
202344 202344
202344 202344
202344 202344
202344 202344
202344 202344
202344 202344
202344 202344
202344 202344
202344 202344
202344 202344
202344 202344
202344 202344
202344 202344
202344 202344
202344 202344
202344 202344
202344 202344
202344 202344
202344 202344
202344 202344
202344 202344
202344 202344
202344 202344
202344 202344
202344 202344
202344 202344
202344 202344
202344 202344
202344 202344
202344 202344
202344 202344
202344 202344
202344 202344
202344 202344
202344 202344
202344 202344
202344 202344
202344 202344
202344 202344
202344 202344
202344 202344
202344 202344
202344 202344
202344 202344
202344 202344
202344 202344
202344 202344
202344 202344
202344 202344
202344 202344
202344 202344
202344 202344
202344 202344
202344 202344
202344 202344
202344 202344
202344 202344
202344 202344
202344 202344
202344 202344
202344 202344
202344 202344
202344 202344
202344 202344
202344 202344
202344 202344
202344 202344
202344 202344
202344 202344
202344 202344
202344 202344
202344 202344
202344 202344
202344 202344
202344 202344
202344 202344
202344 202344
202344 202344
202344 202344
202344 202344
202344 202344
202344 202344
202344 202344
202344 202344
202344 202344
202344 202344
202344 202344
202344 202344
202344 202344
202344 202344
202344 202344
202344 202344
202344 202344
202344 202344
202344 202344
202344 202344
202344 202344
202344 202344
202344 202344
202344 202344
202344 202344
202344 202344
202344 202344
202344 202344
202344 202344
202344 202344
202344 202344
202344 202344
202344 202344
202344 202344
202344 202344
202344 202344
202344 202344
202344 202344
202344 202344
202344 202344
202344 202344
202344 202344
202344 202344
202344 202344
202344 202344
202344 202344
202344 202344
202344 202344
202344 202344
202344 202344
202344 202344
202344 202344
202344 202344
202344 202344
202344 202344
202344 202344
202344 202344
202344 202344
202344 202344
202344 202344
202344 202344
202344 202344
202344 202344
202344 202344
202344 202344
202344 202344
202344 202344
202344 202344
202344 202344
202344 202344
202344 202344
202344 202344
202344 202344
202344 202344
202344 202344
202344 202344
202344 202344
202344 202344
202344 202344
202344 202344
202344 202344
202344 202344
202344 202344
202344 202344
202344 202344
202344 202344
202344 202344
202344 202344
202344 202344
202344 202344
202344 202344
202344 202344
202344 202344
202344 202344
202344 202344
202344 202344
202344 202344
202344 202344
202344 202344
202344 202344
202344 202344
202344 202344
202344 202344
202344 202344
202344 202344
202344 202344
202344 202344
202344 202344
202344 202344
202344 202344
202344 202344
202344 202344
202344 202344
202344 202344
202344 202344
202344 202344
202344 202344
202344 202344
202344 202344
202344 202344
202344 202344
202344 202344
202344 202344
202344 202344
202344 202344
202344 202344
202344 202344
202344 202344
202344 202344
202344 202344
202344 202344
202344 202344
202344 202344
202344 202344
202344 202344
202344 202344
202344 202344
202344 202344
202344 202344
202344 202344
202344 202344
202344 202344
202344 202344
202344 202344
202344 202344
202344 202344
202344 202344
202344 202344
202344 202344
202344 202344
202344 202344
202344 202344
202344 202344
202344 202344
202344 202344
202344 202344
202344 202344
202344 202344
202344 202344
202344 202344
202344 202344
202344 202344
202344 202344
202344 202344
202344 202344
202344 202344
202344 202344
202344 202344
202344 202344
202344 202344
202344 202344
202344 202344
202344 202344
202344 202344
202344 202344
202344 202344
202344 202344
202344 202344
202344 202344
202344 202344
202344 202344
202344 202344
202344 202344
202344 202344
202344 202344
202344 202344
202344 202344
202344 202344
202344 202344
202344 202344
202344 202344
202344 202344
202344 202344
202344 202344
202344 202344
202344 202344
202344 202344
202344 202344
202344 202344
202344 202344
202344 202344
202344 202344
202344 202344
202344 202344
202344 202344
202344 202344
202344 202344
202344 202344
202344 202344
202344 202344
202344 202344
202344 202344
202344 202344
202344 202344
202344 202344
202344 202344
202344 202344
202344 202344
202344 202344
202344 202344
202344 202344
202344 202344
202344 202344
202344 202344
202344 202344
202344 202344
202344 202344
202344 202344
202344 202344
202344 202344
202344 202344
202344 202344
202344 202344
202344 202344
202344 202344
202344 202344
202344 202344
202344 202344
202344 202344
202344 202344
202344 202344
202344 202344
202344 202344
202344 202344
202344 202344
202344 202344
202344 202344
202344 202344
202344 202344
202344 202344
202344 202344
202344 202344
202344 202344
202344 202344
202344 202344
202344 202344
202344 202344
202344 202344
202344 202344
202344 202344
202344 202344
202344 202344
202344 202344
202344 202344
202344 202344
202344 202344
202344 202344
202344 202344
202344 202344
202344 202344
202344 202344
202344 202344
202344 202344
202344 202344
202344 202344
202344 202344
202344 202344
202344 202344
202344 202344
202344 202344
202344 202344
202344 202344
202344 202344
202344 202344
202344 202344
202344 202344
202344 202344
202344 202344
202344 202344
202344 202344
202344 202344
202344 202344
202344 202344
202344 202344
202344 202344
202344 202344
202344 202344
202344 202344
202344 202344
202344 202344
202344 202344
202344 202344
202344 202344
202344 202344
202344 202344
202344 202344
202344 202344
202344 202344
202344 202344
202344 202344
202344 202344
202344 202344
202344 202344
202344 202344
202344 202344
202344 202344
202344 202344
202344 202344
202344 202344
202344 202344
202344 202344
202344 202344
202344 202344
202344 202344
202344 202344
202344 202344
202344 202344
202344 202344
202344 202344
202344 202344
202344 202344
202344 202344
202344 202344
202344 202344
202344 202344
202344 202344
202344 202344
202344 202344
202344 202344
202344 202344
202344 202344
202344 202344
202344 202344
202344 202344
202344 202344
202344 202344
202344 202344
202344 202344
202344 202344
202344 202344
202344 202344
202344 202344
202344 202344
202344 202344
202344 202344
202344 202344
202344 202344
202344 202344
202344 202344
202344 202344
202344 202344
202344 202344
202344 202344
202344 202344
202344 202344
202344 202344
202344 202344
202344 202344
202344 202344
202344 202344
202344 202344
202344 202344
202344 202344
202344 202344
202344 202344
202344 202344
202344 202344
202344 202344
202344 202344
202344 202344
202344 202344
202344 202344
202344 202344
202344 202344
202344 202344
202344 202344
202344 202344
202344 202344
202344 202344
202344 202344
202344 202344
202344 202344
202344 202344
202344 202344
202344 202344
202344 202344
202344 202344
202344 202344
202344 202344
202344 202344
202344 202344
202344 202344
202344 202344
202344 202344
202344 202344
202344 202344
202344 202344
202344 202344
202344 202344
202344 202344
202344 202344
202344 202344
202344 202344
202344 202344
202344 202344
202344 202344
202344 202344
202344 202344
202344 202344
202344 202344
202344 202344
202344 202344
202344 202344
202344 202344
202344 202344
202344 202344
202344 202344
202344 202344
202344 202344
202344 202344
202344 202344
202344 202344
202344 202344
202344 202344
202344 202344
202344 202344
202344 202344
202344 202344
202344 202344
202344 202344
202344 202344
202344 202344
202344 202344
202344 202344
202344 202344
202344 202344
202344 202344
202344 202344
202344 202344
202344 202344
202344 202344
202344 202344
202344 202344
202344 202344
202344 202344
202344 202344
202344 202344
202344 202344
202344 202344
202344 202344
202344 202344
202344 202344
202344 202344
202344 202344
202344 202344
202344 202344
202344 202344
202344 202344
202344 202344
202344 202344
202344 202344
202344 202344
202344 202344
202344 202344
202344 202344
202344 202344
202344 202344
202344 202344
202344 202344
202344 202344
202344 202344
202344 202344
202344 202344
202344 202344
202344 202344
202344 202344
202344 202344
202344 202344
202344 202344
202344 202344
202344 202344
202344 202344
202344 202344
202344 202344
202344 202344
202344 202344
202344 202344
202344 202344
202344 202344
202344 202344
202344 202344
202344 202344
202344 202344
202344 202344
202344 202344
202344 202344
202344 202344
202344 202344
202344 202344
202344 202344
202344 202344
202344 202344
202344 202344
202344 202344
202344 202344
202344 202344
202344 202344
202344 202344
202344 202344
202344 202344
202344 202344
202344 202344
202344 202344
202344 202344
202344 202344
202344 202344
202344 202344
202344 202344
202344 202344
202344 202344
202344 202344
202344 202344
202344 202344
202344 202344
202344 202344
202344 202344
202344 202344
202344 202344
202344 202344
202344 202344
202344 202344
202344 202344
202344 202344
202344 202344
202344 202344
202344 202344
202344 202344
202344 202344
202344 202344
202344 202344
202344 202344
202344 202344
202344 202344
202344 202344
202344 202344
202344 202344
202344 202344
202344 202344
202344 202344
202344 202344
202344 202344
202344 202344
202344 202344
202344 202344
202344 202344
202344 202344
202344 202344
202344 202344
202344 202344
202344 202344
202344 202344
202344 202344
202344 202344
202344 202344
202344 202344
202344 202344
202344 202344
202344 202344
202344 202344
202344 202344
202344 202344
202344 202344
202344 202344
202344 202344
202344 202344
202344 202344
202344 202344
202344 202344
202344 202344
202344 202344
202344 202344
202344 202344
202344 202344
202344 202344
202344 202344
202344 202344
202344 202344
202344 202344
202344 202344
202344 202344
202344 202344
202344 202344
202344 202344
202344 202344
202344 202344
202344 202344
202344 202344
202344 202344
202344 202344
202344 202344
202344 202344
202344 202344
202344 202344
202344 202344
202344 202344
202344 202344
202344 202344
202344 202344
202344 202344
202344 202344
202344 202344
202344 202344
202344 202344
202344 202344
202344 202344
202344 202344
202344 202344
202344 202344
202344 202344
202344 202344
202344 202344
202344 202344
202344 202344
202344 202344
202344 202344
202344 202344
202344 202344
202344 202344
202344 202344
202344 202344
202344 202344
202344 202344
202344 202344
202344 202344
202344 202344
202344 202344
202344 202344
202344 202344
202344 202344
202344 202344
202344 202344
202344 202344
202344 202344
202344 202344
202344 202344
202344 202344
202344 202344
202344 202344
202344 202344
202344 202344
202344 202344
202344 202344
202344 202344
202344 202344
202344 202344
202344 202344
202344 202344
202344 202344
202344 202344
202344 202344
202344 202344
202344 202344
202344 202344
202344 202344
202344 202344
202344 202344
202344 202344
202344 202344
202344 202344
202344 202344
202344 202344
202344 202344
202344 202344
202344 202344
202344 202344
202344 202344
202344 202344
202344 202344
202344 202344
202344 202344
202344 202344
202344 202344
202344 202344
202344 202344
202344 202344
202344 202344
202344 202344
202344 202344
202344 202344
202344 202344
202344 202344
202344 202344
202344 202344
202344 202344
202344 202344
202344 202344
202344 202344
202344 202344
202344 202344
202344 202344
202344 202344
202344 202344
202344 202344
202344 202344
202344 202344
202344 202344
202344 202344
202344 202344
202344 202344
202344 202344
202344 202344
202344 202344
202344 202344
202344 202344
202344 202344
202344 202344
202344 202344
202344 202344
202344 202344
202344 202344
202344 202344
202344 202344
202344 202344
202344 202344
202344 202344
202344 202344
202344 202344
202344 202344
202344 202344
202344 202344
202344 202344
202344 202344
202344 202344
202344 202344
202344 202344
202344 202344
202344 202344
202344 202344
202344 202344
202344 202344
202344 202344
202344 202344
202344 202344
202344 202344
202344 202344
202344 202344
202344 202344
202344 202344
202344 202344
202344 202344
202344 202344
202344 202344
202344 202344
202344 202344
202344 202344
202344 202344
202344 202344
202344 202344
202344 202344
202344 202344
202344 202344
202344 202344
202344 202344
202344 202344
202344 202344
202344 202344
202344 202344
202344 202344
202344 202344
202344 202344
202344 202344
202344 202344
202344 202344
202344 202344
202344 202344
202344 202344
202344 202344
202344 202344
202344 202344
202344 202344
202344 202344
202344 202344
202344 202344
202344 202344
202344 202344
202344 202344
202344 202344
202344 202344
202344 202344
202344 202344
202344 202344
202344 202344
202344 202344
202344 202344
202344 202344
202344 202344
202344 202344
202344 202344
202344 202344
202344 202344
202344 202344
202344 202344
202344 202344
202344 202344
202344 202344
202344 202344
202344 202344
202344 202344
202344 202344
202344 202344
202344 202344
202344 202344
202344 202344
202344 202344
202344 202344
202344 202344
202344 202344
202344 202344
202344 202344
202344 202344
202344 202344
202344 202344
202344 202344
202344 202344
202344 202344
202344 202344
202344 202344
202344 202344
202344 202344
202344 202344
202344 202344
202344 202344
202344 202344
202344 202344
202344 202344
202344 202344
202344 202344
202344 202344
202344 202344
202344 202344
202344 202344
202344 202344
202344 202344
202344 202344
202344 202344
202344 202344
202344 202344
202344 202344
202344 202344
202344 202344
202344 202344
202344 202344
202344 202344
202344 202344
202344 202344
202344 202344
202344 202344
202344 202344
202344 202344
202344 202344
202344 202344
202344 202344
202344 202344
202344 202344
202344 202344
202344 202344
202344 202344
202344 202344
202344 202344
202344 202344
202344 202344
202344 202344
202344 202344
202344 202344
202344 202344
202344 202344
202344 202344
202344 202344
202344 202344
202344 202344
202344 202344
202344 202344
202344 202344
202344 202344
202344 202344
202344 202344
202344 202344
202344 202344
202344 202344
202344 202344
202344 202344
202344 202344
202344 202344
202344 202344
202344 202344
202344 202344
202344 202344
202344 202344
202344 202344
202344 202344
202344 202344
202344 202344
202344 202344
202344 202344
202344 202344
202344 202344
202344 202344
202344 202344
202344 202344
202344 202344
202344 202344
202344 202344
202344 202344
202344 202344
202344 202344
202344 202344
202344 202344
202344 202344
202344 202344
202344 202344
202344 202344
202344 202344
202344 202344
202344 202344
202344 202344
202344 202344
202344 202344
202344 202344
202344 202344
202344 202344
202344 202344
202344 202344
202344 202344
202344 202344
202344 202344
202344 202344
202344 202344
202344 202344
202344 202344
202344 202344
202344 202344
202344 202344
202344 202344
202344 202344
202344 202344
202344 202344
202344 202344
202344 202344
202344 202344
202344 202344
202344 202344
202344 202344
202344 202344
202344 202344
202344 202344
202344 202344
202344 202344
202344 202344
202344 202344
202344 202344
202344 202344
202344 202344
202344 202344
202344 202344
202344 202344
202344 202344
202344 202344
202344 202344
202344 202344
202344 202344
202344 202344
202344 202344
202344 202344
202344 202344
202344 202344
202344 202344
202344 202344
202344 202344
202344 202344
202344 202344
202344 202344
202344 202344
202344 202344
202344 202344
202344 202344
202344 202344
202344 202344
202344 202344
202344 202344
202344 202344
202344 202344
202344 202344
202344 202344
202344 202344
202344 202344
202344 202344
202344 202344
202344 202344
202344 202344
202344 202344
202344 202344
202344 202344
202344 202344
202344 202344
202344 202344
202344 202344
202344 202344
202344 202344
202344 202344
202344 202344
202344 202344
202344 202344
202344 202344
202344 202344
202344 202344
202344 202344
202344 202344
202344 202344
202344 202344
202344 202344
202344 202344
202344 202344
202344 202344
202344 202344
202344 202344
202344 202344
202344 202344
202344 202344
202344 202344
202344 202344
202344 202344
202344 202344
202344 202344
202344 202344
202344 202344
202344 202344
202344 202344
202344 202344
202344 202344
202344 202344
202344 202344
202344 202344
202344 202344
202344 202344
202344 202344
202344 202344
202344 202344
202344 202344
202344 202344
202344 202344
202344 202344
202344 202344
202344 202344
202344 202344
202344 202344
202344 202344
202344 202344
202344 202344
202344 202344
202344 202344
202344 202344
202344 202344
202344 202344
202344 202344
202344 202344
202344 202344
202344 202344
202344 202344
202344 202344
202344 202344
202344 202344
202344 202344
202344 202344
202344 202344
202344 202344
202344 202344
202344 202344
202344 202344
202344 202344
202344 202344
202344 202344
202344 202344
202344 202344
202344 202344
202344 202344
202344 202344
202344 202344
202344 202344
202344 202344
202344 202344
202344 202344
202344 202344
202344 202344
202344 202344
202344 202344
202344 202344
202344 202344
202344 202344
202344 202344
202344 202344
202344 202344
202344 202344
202344 202344
202344 202344
202344 202344
202344 202344
202344 202344
202344 202344
202344 202344
202344 202344
202344 202344
202344 202344
202344 202344
202344 202344
202344 202344
202344 202344
202344 202344
202344 202344
202344 202344
202344 202344
202344 202344
202344 202344
202344 202344
202344 202344
202344 202344
202344 202344
202344 202344
202344 202344
202344 202344
202344 202344
202344 202344
202344 202344
202344 202344
202344 202344
202344 202344
202344 202344
202344 202344
202344 202344
202344 202344
202344 202344
202344 202344
202344 202344
202344 202344
202344 202344
202344 202344
202344 202344
202344 202344
202344 202344
202344 202344
202344 202344
202344 202344
202344 202344
202344 202344
202344 202344
202344 202344
202344 202344
202344 202344
202344 202344
202344 202344
202344 202344
202344 202344
202344 202344
202344 202344
202344 202344
202344 202344
202344 202344
202344 202344
202344 202344
202344 202344
202344 202344
202344 202344
202344 202344
202344 202344
202344 202344
202344 202344
202344 202344
202344 202344
202344 202344
202344 202344
202344 202344
202344 202344
202344 202344
202344 202344
202344 202344
202344 202344
202344 202344
202344 202344
202344 202344
202344 202344
202344 202344
202344 202344
202344 202344
202344 202344
202344 202344
202344 202344
202344 202344
202344 202344
202344 202344
202344 202344
202344 202344
202344 202344
202344 202344
202344 202344
202344 202344
202344 202344
202344 202344
202344 202344
202344 202344
202344 202344
202347 202347
202347 202347
202347 202347
202347 202347
202347 202347
202347 202347
202347 202347
202347 202347
202347 202347
202347 202347
202347 202347
202347 202347
202347 202347
202347 202347
202347 202347
202347 202347
202347 202347
202347 202347
202347 202347
202347 202347
202347 202347
202347 202347
202347 202347
202347 202347
202347 202347
202347 202347
202347 202347
202347 202347
202347 202347
202347 202347
202347 202347
202347 202347
202347 202347
202347 202347
202347 202347
202347 202347
202347 202347
202347 202347
202347 202347
202347 202347
202347 202347
202347 202347
202347 202347
202347 202347
202347 202347
202347 202347
202347 202347
202347 202347
202347 202347
202347 202347
202347 202347
202347 202347
202347 202347
202347 202347
202347 202347
202347 202347
202347 202347
202347 202347
202347 202347
202347 202347
202347 202347
202347 202347
202347 202347
202347 202347
202347 202347
202347 202347
202347 202347
202347 202347
202347 202347
202347 202347
202347 202347
202347 202347
202347 202347
202347 202347
202347 202347
202347 202347
202347 202347
202347 202347
202347 202347
202347 202347
202347 202347
202347 202347
202347 202347
202347 202347
202347 202347
202347 202347
202347 202347
202347 202347
202347 202347
202347 202347
202347 202347
202347 202347
202347 202347
202347 202347
202347 202347
202347 202347
202347 202347
202347 202347
202347 202347
202347 202347
202347 202347
202347 202347
202347 202347
202347 202347
202347 202347
202347 202347
202347 202347
202347 202347
202347 202347
202347 202347
202347 202347
202347 202347
202347 202347
202347 202347
202347 202347
202347 202347
202347 202347
202347 202347
202347 202347
202347 202347
202347 202347
202347 202347
202347 202347
202347 202347
202347 202347
202347 202347
202347 202347
202347 202347
202347 202347
202347 202347
202347 202347
202347 202347
202347 202347
202347 202347
202347 202347
202347 202347
202347 202347
202347 202347
202347 202347
202347 202347
202347 202347
202347 202347
202347 202347
202347 202347
202347 202347
202347 202347
202347 202347
202347 202347
202347 202347
202347 202347
202347 202347
202347 202347
202347 202347
202347 202347
202347 202347
202347 202347
202347 202347
202347 202347
202347 202347
202347 202347
202347 202347
202347 202347
202347 202347
202347 202347
202347 202347
202347 202347
202347 202347
202347 202347
202347 202347
202347 202347
202347 202347
202347 202347
202347 202347
202347 202347
202347 202347
202347 202347
202347 202347
202347 202347
202347 202347
202347 202347
202347 202347
202347 202347
202347 202347
202347 202347
202347 202347
202347 202347
202347 202347
202347 202347
202347 202347
202347 202347
202347 202347
202347 202347
202347 202347
202347 202347
202347 202347
202347 202347
202347 202347
202347 202347
202347 202347
202347 202347
202347 202347
202347 202347
202347 202347
202347 202347
202347 202347
202347 202347
202347 202347
202347 202347
202347 202347
202347 202347
202347 202347
202347 202347
202347 202347
202347 202347
202347 202347
202347 202347
202347 202347
202347 202347
202347 202347
202347 202347
202347 202347
202347 202347
202347 202347
202347 202347
202347 202347
202347 202347
202347 202347
202347 202347
202347 202347
202347 202347
202347 202347
202347 202347
202347 202347
202347 202347
202347 202347
202347 202347
202347 202347
202347 202347
202347 202347
202347 202347
202347 202347
202347 202347
202347 202347
202347 202347
202347 202347
202347 202347
202347 202347
202347 202347
202347 202347
202347 202347
202347 202347
202347 202347
