242643
-659040 -659040
190342 190342
192420 192420
199552 199552
199632 199632
199663 199663
201844 201844
202048 202048
203926 203926
207933 207933
209904 209904
210718 210718
214693 214693
214889 214889
215359 215359
216277 216277
216981 216981
218070 218070
218559 218559
220023 220023
220869 220869
222016 222016
222577 222577
224137 224137
225894 225894
226109 226109
226766 226766
228600 228600
230008 230008
230821 230821
231222 231222
231239 231239
231358 231358
231737 231737
232376 232376
233071 233071
233177 233177
233575 233575
233783 233783
234301 234301
234488 234488
235315 235315
236465 236465
236736 236736
236903 236903
236956 236956
237200 237200
237506 237506
237506 237506
237621 237621
237778 237778
238034 238034
238605 238605
238677 238677
238761 238761
238832 238832
238864 238864
238992 238992
239002 239002
239118 239118
239319 239319
239440 239440
239469 239469
239469 239469
239537 239537
239851 239851
239950 239950
239958 239958
240235 240235
240275 240275
240277 240277
240418 240418
240615 240615
240697 240697
240732 240732
240767 240767
240767 240767
240850 240850
240969 240969
241004 241004
241098 241098
241318 241318
241318 241318
241318 241318
241406 241406
241504 241504
241504 241504
241504 241504
241504 241504
241557 241557
241557 241557
241557 241557
241557 241557
241578 241578
241578 241578
241633 241633
241633 241633
241657 241657
241712 241712
241712 241712
241786 241786
241992 241992
241992 241992
241992 241992
241992 241992
241992 241992
241992 241992
241992 241992
241992 241992
241992 241992
242016 242016
242084 242084
242084 242084
242084 242084
242107 242107
242107 242107
242107 242107
242107 242107
242137 242137
242137 242137
242137 242137
242137 242137
242137 242137
242137 242137
242137 242137
242141 242141
242175 242175
242175 242175
242175 242175
242175 242175
242188 242188
242188 242188
242188 242188
242247 242247
242247 242247
242247 242247
242276 242276
242276 242276
242276 242276
242276 242276
242276 242276
242276 242276
242276 242276
242276 242276
242276 242276
242329 242329
242329 242329
242329 242329
242329 242329
242329 242329
242329 242329
242329 242329
242329 242329
242329 242329
242329 242329
242329 242329
242329 242329
242329 242329
242329 242329
242329 242329
242329 242329
242329 242329
242360 242360
242362 242362
242362 242362
242362 242362
242362 242362
242362 242362
242362 242362
242362 242362
242362 242362
242362 242362
242362 242362
242362 242362
242362 242362
242362 242362
242362 242362
242362 242362
242400 242400
242400 242400
242400 242400
242400 242400
242441 242441
242441 242441
242441 242441
242441 242441
242499 242499
242499 242499
242499 242499
242499 242499
242499 242499
242499 242499
242499 242499
242499 242499
242499 242499
242499 242499
242499 242499
242499 242499
242499 242499
242499 242499
242499 242499
242528 242528
242528 242528
242528 242528
242528 242528
242528 242528
242528 242528
242528 242528
242528 242528
242528 242528
242528 242528
242528 242528
242528 242528
242528 242528
242528 242528
242566 242566
242566 242566
242566 242566
242566 242566
242566 242566
242566 242566
242566 242566
242566 242566
242566 242566
242566 242566
242566 242566
242566 242566
242566 242566
242566 242566
242566 242566
242566 242566
242566 242566
242566 242566
242566 242566
242566 242566
242566 242566
242566 242566
242566 242566
242566 242566
242566 242566
242566 242566
242566 242566
242566 242566
242566 242566
242566 242566
242566 242566
242566 242566
242566 242566
242566 242566
242566 242566
242566 242566
242566 242566
242566 242566
242566 242566
242566 242566
242566 242566
242566 242566
242566 242566
242566 242566
242566 242566
242566 242566
242566 242566
242566 242566
242566 242566
242566 242566
242566 242566
242566 242566
242566 242566
242566 242566
242566 242566
242566 242566
242566 242566
242566 242566
242566 242566
242566 242566
242566 242566
242566 242566
242566 242566
242566 242566
242566 242566
242566 242566
242566 242566
242566 242566
242566 242566
242566 242566
242566 242566
242566 242566
242566 242566
242566 242566
242566 242566
242566 242566
242566 242566
242566 242566
242566 242566
242566 242566
242566 242566
242566 242566
242566 242566
242566 242566
242566 242566
242566 242566
242566 242566
242566 242566
242566 242566
242566 242566
242566 242566
242566 242566
242566 242566
242566 242566
242566 242566
242566 242566
242566 242566
242566 242566
242566 242566
242566 242566
242566 242566
242566 242566
242566 242566
242566 242566
242566 242566
242566 242566
242566 242566
242566 242566
242566 242566
242566 242566
242566 242566
242566 242566
242566 242566
242566 242566
242566 242566
242566 242566
242566 242566
242566 242566
242566 242566
242566 242566
242566 242566
242566 242566
242566 242566
242566 242566
242566 242566
242566 242566
242566 242566
242566 242566
242566 242566
242566 242566
242566 242566
242566 242566
242566 242566
242566 242566
242566 242566
242566 242566
242566 242566
242566 242566
242566 242566
242566 242566
242566 242566
242566 242566
242566 242566
242566 242566
242566 242566
242566 242566
242566 242566
242566 242566
242566 242566
242566 242566
242629 242629
242629 242629
242629 242629
242629 242629
242629 242629
242629 242629
242629 242629
242629 242629
242629 242629
242629 242629
242629 242629
242629 242629
242629 242629
242629 242629
242629 242629
242629 242629
242629 242629
242629 242629
242629 242629
242629 242629
242629 242629
242629 242629
242629 242629
242629 242629
242629 242629
242629 242629
242643 242643
242643 242643
242643 242643
242643 242643
242643 242643
242643 242643
242643 242643
242643 242643
242643 242643
242643 242643
242643 242643
242643 242643
242643 242643
242643 242643
242643 242643
242643 242643
242643 242643
242643 242643
242643 242643
242643 242643
242643 242643
242643 242643
242643 242643
242643 242643
242643 242643
242643 242643
242643 242643
242643 242643
242643 242643
242643 242643
242643 242643
242643 242643
242643 242643
242643 242643
242643 242643
242643 242643
242643 242643
242643 242643
242643 242643
242643 242643
242643 242643
242643 242643
242643 242643
242643 242643
242643 242643
242643 242643
242643 242643
242643 242643
242643 242643
242643 242643
242643 242643
242643 242643
242643 242643
242643 242643
242643 242643
242643 242643
242643 242643
242643 242643
242643 242643
242643 242643
242643 242643
242643 242643
242643 242643
242643 242643
242643 242643
242643 242643
242643 242643
242643 242643
242643 242643
242643 242643
242643 242643
242643 242643
242643 242643
242643 242643
242643 242643
242643 242643
242643 242643
242643 242643
242643 242643
242643 242643
242643 242643
242643 242643
242643 242643
242643 242643
242643 242643
242643 242643
242643 242643
242643 242643
242643 242643
242643 242643
242643 242643
242643 242643
242643 242643
242643 242643
242643 242643
242643 242643
242643 242643
242643 242643
242643 242643
242643 242643
242643 242643
242643 242643
242643 242643
242643 242643
242643 242643
242643 242643
242643 242643
242643 242643
242643 242643
242643 242643
242643 242643
242643 242643
242643 242643
242643 242643
242643 242643
242643 242643
242643 242643
242643 242643
