202336
121778 121778
129141 129141
137076 137076
139284 139284
141563 141563
144425 144425
150570 150570
155237 155237
156199 156199
157596 157596
160169 160169
165160 165160
166600 166600
167297 167297
167452 167452
171147 171147
173575 173575
173717 173717
178336 178336
179812 179812
180883 180883
181356 181356
182000 182000
182377 182377
182486 182486
182842 182842
183742 183742
184070 184070
185052 185052
186561 186561
186832 186832
187579 187579
189023 189023
189446 189446
189883 189883
189956 189956
191496 191496
191910 191910
192848 192848
193262 193262
193391 193391
193872 193872
194047 194047
194092 194092
194303 194303
195342 195342
195504 195504
195511 195511
195590 195590
195737 195737
196069 196069
196251 196251
196383 196383
196523 196523
196584 196584
196635 196635
197145 197145
197154 197154
197548 197548
197551 197551
197835 197835
198113 198113
198113 198113
198223 198223
198656 198656
198656 198656
198766 198766
198766 198766
198984 198984
198997 198997
199031 199031
199134 199134
199251 199251
199251 199251
199531 199531
199852 199852
199852 199852
199852 199852
199852 199852
199894 199894
199894 199894
199894 199894
199894 199894
199954 199954
199954 199954
200061 200061
200125 200125
200125 200125
200366 200366
200392 200392
200392 200392
200544 200544
200544 200544
200630 200630
200630 200630
200637 200637
200637 200637
200637 200637
200690 200690
200690 200690
200841 200841
200841 200841
200856 200856
200856 200856
200885 200885
200916 200916
200916 200916
200999 200999
201090 201090
201090 201090
201090 201090
201090 201090
201275 201275
201275 201275
201275 201275
201275 201275
201426 201426
201554 201554
201554 201554
201554 201554
201566 201566
201594 201594
201594 201594
201644 201644
201644 201644
201732 201732
201746 201746
201755 201755
201765 201765
201765 201765
201786 201786
201800 201800
201837 201837
201837 201837
201837 201837
201837 201837
201837 201837
201837 201837
201837 201837
201837 201837
201837 201837
201837 201837
201837 201837
201837 201837
201837 201837
201837 201837
201884 201884
201884 201884
201884 201884
201884 201884
201884 201884
201889 201889
201933 201933
202103 202103
202103 202103
202103 202103
202103 202103
202103 202103
202103 202103
202103 202103
202103 202103
202103 202103
202103 202103
202103 202103
202103 202103
202103 202103
202160 202160
202160 202160
202160 202160
202160 202160
202160 202160
202160 202160
202160 202160
202160 202160
202160 202160
202160 202160
202160 202160
202160 202160
202160 202160
202160 202160
202160 202160
202160 202160
202160 202160
202160 202160
202160 202160
202160 202160
202160 202160
202160 202160
202160 202160
202160 202160
202160 202160
202169 202169
202169 202169
202169 202169
202169 202169
202169 202169
202169 202169
202169 202169
202169 202169
202169 202169
202169 202169
202169 202169
202169 202169
202169 202169
202169 202169
202169 202169
202169 202169
202169 202169
202169 202169
202169 202169
202169 202169
202169 202169
202169 202169
202169 202169
202169 202169
202169 202169
202169 202169
202169 202169
202169 202169
202169 202169
202169 202169
202169 202169
202169 202169
202192 202192
202219 202219
202219 202219
202219 202219
202219 202219
202219 202219
202219 202219
202219 202219
202219 202219
202219 202219
202219 202219
202219 202219
202219 202219
202219 202219
202219 202219
202219 202219
202219 202219
202219 202219
202219 202219
202219 202219
202219 202219
202219 202219
202219 202219
202219 202219
202219 202219
202219 202219
202219 202219
202219 202219
202219 202219
202219 202219
202219 202219
202219 202219
202219 202219
202219 202219
202219 202219
202219 202219
202219 202219
202219 202219
202219 202219
202219 202219
202219 202219
202219 202219
202219 202219
202219 202219
202219 202219
202219 202219
202219 202219
202219 202219
202219 202219
202219 202219
202219 202219
202219 202219
202219 202219
202219 202219
202219 202219
202219 202219
202219 202219
202219 202219
202219 202219
202219 202219
202219 202219
202219 202219
202219 202219
202219 202219
202219 202219
202238 202238
202238 202238
202238 202238
202238 202238
202238 202238
202238 202238
202238 202238
202238 202238
202238 202238
202238 202238
202277 202277
202277 202277
202277 202277
202277 202277
202277 202277
202277 202277
202277 202277
202277 202277
202277 202277
202277 202277
202277 202277
202277 202277
202277 202277
202277 202277
202277 202277
202277 202277
202277 202277
202277 202277
202277 202277
202277 202277
202277 202277
202277 202277
202277 202277
202277 202277
202277 202277
202277 202277
202277 202277
202277 202277
202277 202277
202277 202277
202277 202277
202277 202277
202277 202277
202277 202277
202277 202277
202277 202277
202277 202277
202277 202277
202277 202277
202277 202277
202277 202277
202277 202277
202277 202277
202277 202277
202277 202277
202277 202277
202277 202277
202277 202277
202277 202277
202277 202277
202277 202277
202277 202277
202277 202277
202277 202277
202277 202277
202277 202277
202277 202277
202277 202277
202277 202277
202277 202277
202277 202277
202277 202277
202277 202277
202277 202277
202277 202277
202277 202277
202277 202277
202277 202277
202277 202277
202277 202277
202277 202277
202277 202277
202277 202277
202277 202277
202277 202277
202277 202277
202277 202277
202277 202277
202277 202277
202277 202277
202277 202277
202277 202277
202277 202277
202277 202277
202277 202277
202277 202277
202277 202277
202277 202277
202277 202277
202277 202277
202277 202277
202277 202277
202277 202277
202277 202277
202279 202279
202279 202279
202279 202279
202279 202279
202279 202279
202279 202279
202279 202279
202279 202279
202279 202279
202279 202279
202297 202297
202297 202297
202297 202297
202297 202297
202297 202297
202297 202297
202297 202297
202297 202297
202297 202297
202297 202297
202297 202297
202297 202297
202297 202297
202300 202300
202300 202300
202300 202300
202300 202300
202300 202300
202300 202300
202319 202319
202319 202319
202319 202319
202319 202319
202319 202319
202319 202319
202319 202319
202319 202319
202319 202319
202319 202319
202319 202319
202319 202319
202319 202319
202319 202319
202319 202319
202319 202319
202319 202319
202319 202319
202319 202319
202319 202319
202319 202319
202319 202319
202319 202319
202319 202319
202319 202319
202319 202319
202319 202319
202319 202319
202319 202319
202319 202319
202319 202319
202319 202319
202319 202319
202319 202319
202319 202319
202319 202319
202319 202319
202319 202319
202319 202319
202319 202319
202319 202319
202319 202319
202319 202319
202319 202319
202319 202319
202319 202319
202319 202319
202319 202319
202319 202319
202319 202319
202319 202319
202319 202319
202319 202319
202319 202319
202319 202319
202319 202319
202319 202319
202319 202319
202319 202319
202319 202319
202319 202319
202319 202319
202319 202319
202319 202319
202319 202319
202319 202319
202319 202319
202319 202319
202319 202319
202319 202319
202319 202319
202319 202319
202319 202319
202319 202319
202319 202319
202319 202319
202319 202319
202319 202319
202319 202319
202319 202319
202319 202319
202319 202319
202319 202319
202319 202319
202319 202319
202319 202319
202319 202319
202319 202319
202319 202319
202319 202319
202319 202319
202319 202319
202319 202319
202319 202319
202319 202319
202319 202319
202319 202319
202319 202319
202319 202319
202319 202319
202319 202319
202319 202319
202319 202319
202319 202319
202319 202319
202319 202319
202319 202319
202319 202319
202319 202319
202319 202319
202319 202319
202319 202319
202319 202319
202319 202319
202319 202319
202319 202319
202319 202319
202319 202319
202319 202319
202319 202319
202319 202319
202319 202319
202319 202319
202319 202319
202319 202319
202319 202319
202319 202319
202319 202319
202319 202319
202319 202319
202319 202319
202319 202319
202319 202319
202319 202319
202319 202319
202319 202319
202319 202319
202319 202319
202319 202319
202319 202319
202319 202319
202319 202319
202319 202319
202319 202319
202319 202319
202319 202319
202319 202319
202319 202319
202319 202319
202319 202319
202319 202319
202319 202319
202319 202319
202319 202319
202319 202319
202319 202319
202319 202319
202319 202319
202319 202319
202319 202319
202319 202319
202319 202319
202319 202319
202319 202319
202319 202319
202319 202319
202319 202319
202319 202319
202319 202319
202319 202319
202319 202319
202319 202319
202319 202319
202319 202319
202319 202319
202319 202319
202319 202319
202319 202319
202319 202319
202319 202319
202319 202319
202319 202319
202319 202319
202319 202319
202319 202319
202319 202319
202319 202319
202319 202319
202319 202319
202319 202319
202319 202319
202319 202319
202319 202319
202319 202319
202319 202319
202319 202319
202319 202319
202319 202319
202319 202319
202319 202319
202319 202319
202319 202319
202319 202319
202319 202319
202319 202319
202319 202319
202319 202319
202319 202319
202319 202319
202319 202319
202319 202319
202319 202319
202319 202319
202319 202319
202319 202319
202319 202319
202319 202319
202319 202319
202319 202319
202319 202319
202319 202319
202319 202319
202319 202319
202319 202319
202319 202319
202319 202319
202319 202319
202319 202319
202319 202319
202319 202319
202319 202319
202319 202319
202319 202319
202319 202319
202319 202319
202319 202319
202319 202319
202319 202319
202319 202319
202319 202319
202319 202319
202319 202319
202319 202319
202319 202319
202319 202319
202319 202319
202319 202319
202319 202319
202319 202319
202319 202319
202319 202319
202319 202319
202319 202319
202336 202336
202336 202336
202336 202336
202336 202336
202336 202336
202336 202336
202336 202336
202336 202336
202336 202336
202336 202336
202336 202336
202336 202336
202336 202336
202336 202336
202336 202336
202336 202336
202336 202336
202336 202336
202336 202336
202336 202336
202336 202336
202336 202336
202336 202336
202336 202336
202336 202336
202336 202336
202336 202336
202336 202336
202336 202336
202336 202336
202336 202336
202336 202336
202336 202336
202336 202336
202336 202336
202336 202336
202336 202336
202336 202336
202336 202336
202336 202336
202336 202336
202336 202336
202336 202336
202336 202336
202336 202336
202336 202336
202336 202336
202336 202336
202336 202336
202336 202336
202336 202336
202336 202336
202336 202336
202336 202336
202336 202336
202336 202336
202336 202336
202336 202336
202336 202336
202336 202336
202336 202336
202336 202336
202336 202336
202336 202336
202336 202336
202336 202336
202336 202336
202336 202336
202336 202336
202336 202336
202336 202336
202336 202336
202336 202336
202336 202336
202336 202336
202336 202336
202336 202336
202336 202336
202336 202336
202336 202336
202336 202336
202336 202336
202336 202336
202336 202336
202336 202336
202336 202336
202336 202336
202336 202336
202336 202336
202336 202336
202336 202336
202336 202336
202336 202336
202336 202336
202336 202336
202336 202336
202336 202336
202336 202336
202336 202336
202336 202336
202336 202336
202336 202336
202336 202336
202336 202336
202336 202336
202336 202336
202336 202336
202336 202336
202336 202336
202336 202336
202336 202336
202336 202336
202336 202336
202336 202336
202336 202336
202336 202336
202336 202336
202336 202336
202336 202336
202336 202336
202336 202336
202336 202336
202336 202336
202336 202336
202336 202336
202336 202336
202336 202336
202336 202336
202336 202336
202336 202336
202336 202336
202336 202336
202336 202336
202336 202336
202336 202336
202336 202336
202336 202336
202336 202336
202336 202336
202336 202336
202336 202336
202336 202336
202336 202336
202336 202336
202336 202336
202336 202336
202336 202336
202336 202336
202336 202336
202336 202336
202336 202336
202336 202336
202336 202336
202336 202336
202336 202336
202336 202336
202336 202336
202336 202336
202336 202336
202336 202336
202336 202336
202336 202336
202336 202336
202336 202336
202336 202336
202336 202336
202336 202336
202336 202336
202336 202336
202336 202336
202336 202336
202336 202336
202336 202336
202336 202336
202336 202336
202336 202336
202336 202336
202336 202336
202336 202336
202336 202336
202336 202336
202336 202336
202336 202336
202336 202336
202336 202336
202336 202336
202336 202336
202336 202336
202336 202336
202336 202336
202336 202336
202336 202336
202336 202336
202336 202336
202336 202336
202336 202336
202336 202336
202336 202336
202336 202336
202336 202336
202336 202336
202336 202336
202336 202336
202336 202336
202336 202336
202336 202336
202336 202336
202336 202336
202336 202336
202336 202336
202336 202336
202336 202336
202336 202336
202336 202336
202336 202336
202336 202336
202336 202336
202336 202336
202336 202336
202336 202336
202336 202336
202336 202336
202336 202336
202336 202336
202336 202336
202336 202336
202336 202336
202336 202336
202336 202336
202336 202336
202336 202336
202336 202336
202336 202336
202336 202336
202336 202336
202336 202336
202336 202336
202336 202336
202336 202336
202336 202336
202336 202336
202336 202336
202336 202336
202336 202336
202336 202336
202336 202336
202336 202336
202336 202336
202336 202336
202336 202336
202336 202336
202336 202336
202336 202336
202336 202336
202336 202336
202336 202336
202336 202336
202336 202336
202336 202336
202336 202336
202336 202336
202336 202336
202336 202336
202336 202336
202336 202336
202336 202336
202336 202336
202336 202336
202336 202336
202336 202336
202336 202336
202336 202336
202336 202336
202336 202336
202336 202336
202336 202336
202336 202336
202336 202336
202336 202336
202336 202336
202336 202336
202336 202336
202336 202336
202336 202336
202336 202336
202336 202336
202336 202336
202336 202336
202336 202336
202336 202336
202336 202336
202336 202336
202336 202336
202336 202336
202336 202336
202336 202336
202336 202336
202336 202336
202336 202336
202336 202336
202336 202336
202336 202336
202336 202336
202336 202336
202336 202336
202336 202336
202336 202336
202336 202336
202336 202336
202336 202336
202336 202336
202336 202336
202336 202336
202336 202336
202336 202336
202336 202336
202336 202336
202336 202336
202336 202336
202336 202336
202336 202336
202336 202336
202336 202336
202336 202336
202336 202336
202336 202336
202336 202336
202336 202336
202336 202336
202336 202336
202336 202336
202336 202336
202336 202336
202336 202336
202336 202336
202336 202336
202336 202336
202336 202336
202336 202336
202336 202336
202336 202336
202336 202336
202336 202336
202336 202336
202336 202336
202336 202336
202336 202336
202336 202336
202336 202336
202336 202336
202336 202336
202336 202336
202336 202336
202336 202336
202336 202336
202336 202336
202336 202336
202336 202336
202336 202336
202336 202336
202336 202336
202336 202336
202336 202336
202336 202336
202336 202336
202336 202336
202336 202336
202336 202336
202336 202336
202336 202336
202336 202336
202336 202336
202336 202336
202336 202336
202336 202336
202336 202336
202336 202336
202336 202336
202336 202336
202336 202336
202336 202336
202336 202336
202336 202336
202336 202336
202336 202336
202336 202336
202336 202336
202336 202336
202336 202336
202336 202336
202336 202336
202336 202336
202336 202336
202336 202336
202336 202336
202336 202336
202336 202336
202336 202336
202336 202336
202336 202336
202336 202336
202336 202336
202336 202336
202336 202336
202336 202336
202336 202336
202336 202336
202336 202336
202336 202336
202336 202336
202336 202336
202336 202336
202336 202336
202336 202336
202336 202336
202336 202336
202336 202336
202336 202336
202336 202336
202336 202336
202336 202336
202336 202336
202336 202336
202336 202336
202336 202336
202336 202336
202336 202336
202336 202336
202336 202336
202336 202336
202336 202336
202336 202336
202336 202336
202336 202336
202336 202336
202336 202336
202336 202336
202336 202336
202336 202336
202336 202336
202336 202336
202336 202336
202336 202336
202336 202336
202336 202336
202336 202336
202336 202336
202336 202336
202336 202336
202336 202336
202336 202336
202336 202336
202336 202336
202336 202336
202336 202336
202336 202336
202336 202336
202336 202336
202336 202336
202336 202336
202336 202336
202336 202336
202336 202336
202336 202336
202336 202336
202336 202336
202336 202336
202336 202336
202336 202336
202336 202336
202336 202336
202336 202336
202336 202336
202336 202336
202336 202336
202336 202336
202336 202336
202336 202336
202336 202336
202336 202336
202336 202336
202336 202336
202336 202336
202336 202336
202336 202336
202336 202336
202336 202336
202336 202336
202336 202336
202336 202336
202336 202336
202336 202336
202336 202336
202336 202336
202336 202336
202336 202336
202336 202336
202336 202336
202336 202336
202336 202336
202336 202336
202336 202336
202336 202336
202336 202336
202336 202336
202336 202336
202336 202336
202336 202336
202336 202336
202336 202336
202336 202336
202336 202336
202336 202336
202336 202336
202336 202336
202336 202336
202336 202336
202336 202336
202336 202336
202336 202336
202336 202336
202336 202336
202336 202336
202336 202336
202336 202336
202336 202336
202336 202336
202336 202336
202336 202336
202336 202336
202336 202336
202336 202336
202336 202336
202336 202336
202336 202336
202336 202336
202336 202336
202336 202336
202336 202336
202336 202336
202336 202336
202336 202336
202336 202336
202336 202336
202336 202336
202336 202336
202336 202336
202336 202336
202336 202336
202336 202336
202336 202336
202336 202336
202336 202336
202336 202336
202336 202336
202336 202336
202336 202336
202336 202336
202336 202336
202336 202336
202336 202336
202336 202336
202336 202336
202336 202336
202336 202336
202336 202336
202336 202336
202336 202336
202336 202336
202336 202336
202336 202336
202336 202336
202336 202336
202336 202336
202336 202336
202336 202336
202336 202336
202336 202336
202336 202336
202336 202336
202336 202336
202336 202336
202336 202336
202336 202336
202336 202336
202336 202336
202336 202336
202336 202336
202336 202336
202336 202336
202336 202336
202336 202336
202336 202336
202336 202336
202336 202336
202336 202336
202336 202336
202336 202336
202336 202336
202336 202336
202336 202336
202336 202336
202336 202336
202336 202336
202336 202336
202336 202336
202336 202336
202336 202336
202336 202336
202336 202336
202336 202336
202336 202336
202336 202336
202336 202336
202336 202336
202336 202336
202336 202336
202336 202336
202336 202336
202336 202336
202336 202336
202336 202336
202336 202336
202336 202336
202336 202336
202336 202336
202336 202336
202336 202336
202336 202336
202336 202336
202336 202336
202336 202336
202336 202336
202336 202336
202336 202336
202336 202336
202336 202336
202336 202336
202336 202336
202336 202336
202336 202336
202336 202336
202336 202336
202336 202336
202336 202336
202336 202336
202336 202336
202336 202336
202336 202336
202336 202336
202336 202336
202336 202336
202336 202336
202336 202336
202336 202336
202336 202336
202336 202336
202336 202336
202336 202336
202336 202336
202336 202336
202336 202336
202336 202336
202336 202336
202336 202336
202336 202336
202336 202336
202336 202336
202336 202336
202336 202336
202336 202336
202336 202336
202336 202336
202336 202336
202336 202336
202336 202336
202336 202336
202336 202336
202336 202336
202336 202336
202336 202336
202336 202336
202336 202336
202336 202336
202336 202336
202336 202336
202336 202336
202336 202336
202336 202336
202336 202336
202336 202336
202336 202336
202336 202336
202336 202336
202336 202336
202336 202336
202336 202336
202336 202336
202336 202336
202336 202336
202336 202336
202336 202336
202336 202336
202336 202336
202336 202336
202336 202336
202336 202336
202336 202336
202336 202336
202336 202336
202336 202336
202336 202336
202336 202336
202336 202336
202336 202336
202336 202336
202336 202336
202336 202336
202336 202336
202336 202336
202336 202336
202336 202336
202336 202336
202336 202336
202336 202336
202336 202336
202336 202336
202336 202336
202336 202336
202336 202336
202336 202336
202336 202336
202336 202336
202336 202336
202336 202336
202336 202336
202336 202336
202336 202336
202336 202336
202336 202336
202336 202336
202336 202336
202336 202336
202336 202336
202336 202336
202336 202336
202336 202336
202336 202336
202336 202336
202336 202336
202336 202336
202336 202336
202336 202336
202336 202336
202336 202336
202336 202336
202336 202336
202336 202336
202336 202336
202336 202336
202336 202336
202336 202336
202336 202336
202336 202336
202336 202336
202336 202336
202336 202336
202336 202336
202336 202336
202336 202336
202336 202336
202336 202336
202336 202336
202336 202336
202336 202336
202336 202336
202336 202336
202336 202336
202336 202336
202336 202336
202336 202336
202336 202336
202336 202336
202336 202336
202336 202336
202336 202336
202336 202336
202336 202336
202336 202336
202336 202336
202336 202336
202336 202336
202336 202336
202336 202336
202336 202336
202336 202336
202336 202336
202336 202336
202336 202336
202336 202336
202336 202336
202336 202336
202336 202336
202336 202336
202336 202336
202336 202336
202336 202336
202336 202336
202336 202336
202336 202336
202336 202336
202336 202336
202336 202336
202336 202336
202336 202336
202336 202336
202336 202336
202336 202336
202336 202336
202336 202336
202336 202336
202336 202336
202336 202336
202336 202336
202336 202336
202336 202336
202336 202336
202336 202336
202336 202336
202336 202336
202336 202336
202336 202336
202336 202336
202336 202336
202336 202336
202336 202336
202336 202336
202336 202336
202336 202336
202336 202336
202336 202336
202336 202336
202336 202336
202336 202336
202336 202336
202336 202336
202336 202336
202336 202336
202336 202336
202336 202336
202336 202336
202336 202336
202336 202336
202336 202336
202336 202336
202336 202336
202336 202336
202336 202336
202336 202336
202336 202336
202336 202336
202336 202336
202336 202336
202336 202336
202336 202336
202336 202336
202336 202336
202336 202336
202336 202336
202336 202336
202336 202336
202336 202336
202336 202336
202336 202336
202336 202336
202336 202336
202336 202336
202336 202336
202336 202336
202336 202336
202336 202336
202336 202336
202336 202336
202336 202336
202336 202336
202336 202336
202336 202336
202336 202336
202336 202336
202336 202336
202336 202336
202336 202336
202336 202336
202336 202336
202336 202336
202336 202336
202336 202336
202336 202336
202336 202336
202336 202336
202336 202336
202336 202336
202336 202336
202336 202336
202336 202336
202336 202336
202336 202336
202336 202336
202336 202336
202336 202336
202336 202336
202336 202336
202336 202336
202336 202336
202336 202336
202336 202336
202336 202336
202336 202336
202336 202336
202336 202336
202336 202336
202336 202336
202336 202336
202336 202336
202336 202336
202336 202336
202336 202336
202336 202336
202336 202336
202336 202336
202336 202336
202336 202336
202336 202336
202336 202336
202336 202336
202336 202336
202336 202336
202336 202336
202336 202336
202336 202336
202336 202336
202336 202336
202336 202336
202336 202336
202336 202336
202336 202336
202336 202336
202336 202336
202336 202336
202336 202336
202336 202336
202336 202336
202336 202336
202336 202336
202336 202336
202336 202336
202336 202336
202336 202336
202336 202336
202336 202336
202336 202336
202336 202336
202336 202336
202336 202336
202336 202336
202336 202336
202336 202336
202336 202336
202336 202336
202336 202336
202336 202336
202336 202336
202336 202336
202336 202336
202336 202336
202336 202336
202336 202336
202336 202336
202336 202336
202336 202336
202336 202336
202336 202336
202336 202336
202336 202336
202336 202336
202336 202336
202336 202336
202336 202336
202336 202336
202336 202336
202336 202336
202336 202336
202336 202336
202336 202336
202336 202336
202336 202336
202336 202336
202336 202336
202336 202336
202336 202336
202336 202336
202336 202336
202336 202336
202336 202336
202336 202336
202336 202336
202336 202336
202336 202336
202336 202336
202336 202336
202336 202336
202336 202336
202336 202336
202336 202336
202336 202336
202336 202336
202336 202336
202336 202336
202336 202336
202336 202336
202336 202336
202336 202336
202336 202336
202336 202336
202336 202336
202336 202336
202336 202336
202336 202336
202336 202336
202336 202336
202336 202336
202336 202336
202336 202336
202336 202336
202336 202336
202336 202336
202336 202336
202336 202336
202336 202336
202336 202336
202336 202336
202336 202336
202336 202336
202336 202336
202336 202336
202336 202336
202336 202336
202336 202336
202336 202336
202336 202336
202336 202336
202336 202336
202336 202336
202336 202336
202336 202336
202336 202336
202336 202336
202336 202336
202336 202336
202336 202336
202336 202336
202336 202336
202336 202336
202336 202336
202336 202336
202336 202336
202336 202336
202336 202336
202336 202336
202336 202336
202336 202336
202336 202336
202336 202336
202336 202336
202336 202336
202336 202336
202336 202336
202336 202336
202336 202336
202336 202336
202336 202336
202336 202336
202336 202336
202336 202336
202336 202336
202336 202336
202336 202336
202336 202336
202336 202336
202336 202336
202336 202336
202336 202336
202336 202336
202336 202336
202336 202336
202336 202336
202336 202336
202336 202336
202336 202336
202336 202336
202336 202336
202336 202336
202336 202336
202336 202336
202336 202336
202336 202336
202336 202336
202336 202336
202336 202336
202336 202336
202336 202336
202336 202336
202336 202336
202336 202336
202336 202336
202336 202336
202336 202336
202336 202336
202336 202336
202336 202336
202336 202336
202336 202336
202336 202336
202336 202336
202336 202336
202336 202336
202336 202336
202336 202336
202336 202336
202336 202336
202336 202336
202336 202336
202336 202336
202336 202336
202336 202336
202336 202336
202336 202336
202336 202336
202336 202336
202336 202336
202336 202336
202336 202336
202336 202336
202336 202336
202336 202336
202336 202336
202336 202336
202336 202336
202336 202336
202336 202336
202336 202336
202336 202336
202336 202336
202336 202336
202336 202336
202336 202336
202336 202336
202336 202336
202336 202336
202336 202336
202336 202336
202336 202336
202336 202336
202336 202336
202336 202336
202336 202336
202336 202336
202336 202336
202336 202336
202336 202336
202336 202336
202336 202336
202336 202336
202336 202336
202336 202336
202336 202336
202336 202336
202336 202336
202336 202336
202336 202336
202336 202336
202336 202336
202336 202336
202336 202336
202336 202336
202336 202336
202336 202336
202336 202336
202336 202336
202336 202336
202336 202336
202336 202336
202336 202336
202336 202336
202336 202336
202336 202336
202336 202336
202336 202336
202336 202336
202336 202336
202336 202336
202336 202336
202336 202336
202336 202336
202336 202336
202336 202336
202336 202336
202336 202336
202336 202336
202336 202336
202336 202336
202336 202336
202336 202336
202336 202336
202336 202336
202336 202336
202336 202336
202336 202336
202336 202336
202336 202336
202336 202336
202336 202336
202336 202336
202336 202336
202336 202336
202336 202336
202336 202336
202336 202336
202336 202336
202336 202336
202336 202336
202336 202336
202336 202336
202336 202336
202336 202336
202336 202336
202336 202336
202336 202336
202336 202336
202336 202336
202336 202336
202336 202336
202336 202336
202336 202336
202336 202336
202336 202336
202336 202336
202336 202336
202336 202336
202336 202336
202336 202336
202336 202336
202336 202336
202336 202336
202336 202336
202336 202336
202336 202336
202336 202336
202336 202336
202336 202336
202336 202336
202336 202336
202336 202336
202336 202336
202336 202336
202336 202336
202336 202336
202336 202336
202336 202336
202336 202336
202336 202336
202336 202336
202336 202336
202336 202336
202336 202336
202336 202336
202336 202336
202336 202336
202336 202336
202336 202336
202336 202336
202336 202336
202336 202336
202336 202336
202336 202336
202336 202336
202336 202336
202336 202336
202336 202336
202336 202336
202336 202336
202336 202336
202336 202336
202336 202336
202336 202336
202336 202336
202336 202336
202336 202336
202336 202336
202336 202336
202336 202336
202336 202336
202336 202336
202336 202336
202336 202336
202336 202336
202336 202336
202336 202336
202336 202336
202336 202336
202336 202336
202336 202336
202336 202336
202336 202336
202336 202336
202336 202336
202336 202336
202336 202336
202336 202336
202336 202336
202336 202336
202336 202336
202336 202336
202336 202336
202336 202336
202336 202336
202336 202336
202336 202336
202336 202336
202336 202336
202336 202336
202336 202336
202336 202336
202336 202336
202336 202336
202336 202336
202336 202336
202336 202336
202336 202336
202336 202336
202336 202336
202336 202336
202336 202336
202336 202336
202336 202336
202336 202336
202336 202336
202336 202336
202336 202336
202336 202336
202336 202336
202336 202336
202336 202336
202336 202336
202336 202336
202336 202336
202336 202336
202336 202336
202336 202336
202336 202336
202336 202336
202336 202336
202336 202336
202336 202336
202336 202336
202336 202336
202336 202336
202336 202336
202336 202336
202336 202336
202336 202336
202336 202336
202336 202336
202336 202336
202336 202336
202336 202336
202336 202336
202336 202336
202336 202336
202336 202336
202336 202336
202336 202336
202336 202336
202336 202336
202336 202336
202336 202336
202336 202336
202336 202336
202336 202336
202336 202336
202336 202336
202336 202336
202336 202336
202336 202336
202336 202336
202336 202336
202336 202336
202336 202336
202336 202336
202336 202336
202336 202336
202336 202336
202336 202336
202336 202336
202336 202336
202336 202336
202336 202336
202336 202336
202336 202336
202336 202336
202336 202336
202336 202336
202336 202336
202336 202336
202336 202336
202336 202336
202336 202336
202336 202336
202336 202336
202336 202336
202336 202336
202336 202336
202336 202336
202336 202336
202336 202336
202336 202336
202336 202336
202336 202336
202336 202336
202336 202336
202336 202336
202336 202336
202336 202336
202336 202336
202336 202336
202336 202336
202336 202336
202336 202336
202336 202336
202336 202336
202336 202336
202336 202336
202336 202336
202336 202336
202336 202336
202336 202336
202336 202336
202336 202336
202336 202336
202336 202336
202336 202336
202336 202336
202336 202336
202336 202336
202336 202336
202336 202336
202336 202336
202336 202336
202336 202336
202336 202336
202336 202336
202336 202336
202336 202336
202336 202336
202336 202336
202336 202336
202336 202336
202336 202336
202336 202336
202336 202336
202336 202336
202336 202336
202336 202336
202336 202336
202336 202336
202336 202336
202336 202336
202336 202336
202336 202336
202336 202336
202336 202336
202336 202336
202336 202336
202336 202336
202336 202336
202336 202336
202336 202336
202336 202336
202336 202336
202336 202336
202336 202336
202336 202336
202336 202336
202336 202336
202336 202336
202336 202336
202336 202336
202336 202336
202336 202336
202336 202336
202336 202336
202336 202336
202336 202336
202336 202336
202336 202336
202336 202336
202336 202336
202336 202336
202336 202336
202336 202336
202336 202336
202336 202336
202336 202336
202336 202336
202336 202336
202336 202336
202336 202336
202336 202336
202336 202336
202336 202336
202336 202336
202336 202336
202336 202336
202336 202336
202336 202336
202336 202336
202336 202336
202336 202336
202336 202336
202336 202336
202336 202336
202336 202336
202336 202336
202336 202336
202336 202336
202336 202336
202336 202336
202336 202336
202336 202336
202336 202336
202336 202336
202336 202336
202336 202336
202336 202336
202336 202336
202336 202336
202336 202336
202336 202336
202336 202336
202336 202336
202336 202336
202336 202336
202336 202336
202336 202336
202336 202336
202336 202336
202336 202336
202336 202336
202336 202336
202336 202336
202336 202336
202336 202336
202336 202336
202336 202336
202336 202336
202336 202336
202336 202336
202336 202336
202336 202336
202336 202336
202336 202336
202336 202336
202336 202336
202336 202336
202336 202336
202336 202336
202336 202336
202336 202336
202336 202336
202336 202336
202336 202336
202336 202336
202336 202336
202336 202336
202336 202336
202336 202336
202336 202336
202336 202336
202336 202336
202336 202336
202336 202336
202336 202336
202336 202336
202336 202336
202336 202336
202336 202336
202336 202336
202336 202336
202336 202336
202336 202336
202336 202336
202336 202336
202336 202336
202336 202336
202336 202336
202336 202336
202336 202336
202336 202336
202336 202336
202336 202336
202336 202336
202336 202336
202336 202336
202336 202336
202336 202336
202336 202336
202336 202336
202336 202336
202336 202336
202336 202336
202336 202336
202336 202336
202336 202336
202336 202336
202336 202336
202336 202336
202336 202336
202336 202336
202336 202336
202336 202336
202336 202336
202336 202336
202336 202336
202336 202336
202336 202336
202336 202336
202336 202336
202336 202336
202336 202336
202336 202336
202336 202336
202336 202336
202336 202336
202336 202336
202336 202336
202336 202336
202336 202336
202336 202336
202336 202336
202336 202336
202336 202336
202336 202336
202336 202336
202336 202336
202336 202336
202336 202336
202336 202336
202336 202336
202336 202336
202336 202336
202336 202336
202336 202336
202336 202336
202336 202336
202336 202336
202336 202336
202336 202336
202336 202336
202336 202336
202336 202336
202336 202336
202336 202336
202336 202336
202336 202336
202336 202336
202336 202336
202336 202336
202336 202336
202336 202336
202336 202336
202336 202336
202336 202336
202336 202336
202336 202336
202336 202336
202336 202336
202336 202336
202336 202336
202336 202336
202336 202336
202336 202336
202336 202336
202336 202336
202336 202336
202336 202336
202336 202336
202336 202336
202336 202336
202336 202336
202336 202336
202336 202336
202336 202336
202336 202336
202336 202336
202336 202336
202336 202336
202336 202336
202336 202336
202336 202336
202336 202336
202336 202336
202336 202336
202336 202336
202336 202336
202336 202336
202336 202336
202336 202336
202336 202336
202336 202336
202336 202336
202336 202336
202336 202336
202336 202336
202336 202336
202336 202336
202336 202336
202336 202336
202336 202336
202336 202336
202336 202336
202336 202336
202336 202336
202336 202336
202336 202336
202336 202336
202336 202336
202336 202336
202336 202336
202336 202336
202336 202336
202336 202336
202336 202336
202336 202336
202336 202336
202336 202336
202336 202336
202336 202336
202336 202336
202336 202336
202336 202336
202336 202336
202336 202336
202336 202336
202336 202336
202336 202336
202336 202336
202336 202336
202336 202336
202336 202336
202336 202336
202336 202336
202336 202336
202336 202336
202336 202336
202336 202336
202336 202336
202336 202336
202336 202336
202336 202336
202336 202336
202336 202336
202336 202336
202336 202336
202336 202336
202336 202336
202336 202336
202336 202336
202336 202336
202336 202336
202336 202336
202336 202336
202336 202336
202336 202336
202336 202336
202336 202336
202336 202336
202336 202336
202336 202336
202336 202336
202336 202336
202336 202336
202336 202336
202336 202336
202336 202336
202336 202336
202336 202336
202336 202336
202336 202336
202336 202336
202336 202336
202336 202336
202336 202336
202336 202336
202336 202336
202336 202336
202336 202336
202336 202336
202336 202336
202336 202336
202336 202336
202336 202336
202336 202336
202336 202336
202336 202336
202336 202336
202336 202336
202336 202336
202336 202336
202336 202336
202336 202336
202336 202336
202336 202336
202336 202336
202336 202336
202336 202336
202336 202336
202336 202336
202336 202336
202336 202336
202336 202336
202336 202336
202336 202336
202336 202336
202336 202336
202336 202336
202336 202336
202336 202336
202336 202336
202336 202336
202336 202336
202336 202336
202336 202336
202336 202336
202336 202336
202336 202336
202336 202336
202336 202336
202336 202336
202336 202336
202336 202336
202336 202336
202336 202336
202336 202336
202336 202336
202336 202336
202336 202336
202336 202336
202336 202336
202336 202336
202336 202336
202336 202336
202336 202336
202336 202336
202336 202336
202336 202336
202336 202336
202336 202336
202336 202336
202336 202336
202336 202336
202336 202336
202336 202336
202336 202336
202336 202336
202336 202336
202336 202336
202336 202336
202336 202336
202336 202336
202336 202336
202336 202336
202336 202336
202336 202336
202336 202336
202336 202336
202336 202336
202336 202336
202336 202336
202336 202336
202336 202336
202336 202336
202336 202336
202336 202336
202336 202336
202336 202336
202336 202336
202336 202336
202336 202336
202336 202336
202336 202336
202336 202336
202336 202336
202336 202336
202336 202336
202336 202336
202336 202336
202336 202336
202336 202336
202336 202336
202336 202336
202336 202336
202336 202336
202336 202336
202336 202336
202336 202336
202336 202336
202336 202336
202336 202336
202336 202336
202336 202336
202336 202336
202336 202336
202336 202336
202336 202336
202336 202336
202336 202336
202336 202336
202336 202336
202336 202336
202336 202336
202336 202336
202336 202336
202336 202336
202336 202336
202336 202336
202336 202336
202336 202336
202336 202336
202336 202336
202336 202336
202336 202336
202336 202336
202336 202336
202336 202336
202336 202336
202336 202336
202336 202336
202336 202336
202336 202336
202336 202336
202336 202336
202336 202336
202336 202336
202336 202336
202336 202336
202336 202336
202336 202336
202336 202336
202336 202336
202336 202336
202336 202336
202336 202336
202336 202336
202336 202336
202336 202336
202336 202336
202336 202336
202336 202336
202336 202336
202336 202336
202336 202336
202336 202336
202336 202336
202336 202336
202336 202336
202336 202336
202336 202336
202336 202336
202336 202336
202336 202336
202336 202336
202336 202336
202336 202336
202336 202336
202336 202336
202336 202336
202336 202336
202336 202336
202336 202336
202336 202336
202336 202336
202336 202336
202336 202336
202336 202336
202336 202336
202336 202336
202336 202336
202336 202336
202336 202336
202336 202336
202336 202336
202336 202336
202336 202336
202336 202336
202336 202336
202336 202336
202336 202336
202336 202336
202336 202336
202336 202336
202336 202336
202336 202336
202336 202336
202336 202336
202336 202336
202336 202336
202336 202336
202336 202336
202336 202336
202336 202336
202336 202336
202336 202336
202336 202336
202336 202336
202336 202336
202336 202336
202336 202336
202336 202336
202336 202336
202336 202336
202336 202336
202336 202336
202336 202336
202336 202336
202336 202336
202336 202336
202336 202336
202336 202336
202336 202336
202336 202336
202336 202336
202336 202336
202336 202336
202336 202336
202336 202336
202336 202336
202336 202336
202336 202336
202336 202336
202336 202336
202336 202336
202336 202336
202336 202336
202336 202336
202336 202336
202336 202336
202336 202336
202336 202336
202336 202336
202336 202336
202336 202336
202336 202336
202336 202336
202336 202336
202336 202336
202336 202336
202336 202336
202336 202336
202336 202336
202336 202336
202336 202336
202336 202336
202336 202336
202336 202336
202336 202336
202336 202336
202336 202336
202336 202336
202336 202336
202336 202336
202336 202336
202336 202336
202336 202336
202336 202336
202336 202336
202336 202336
202336 202336
202336 202336
202336 202336
202336 202336
202336 202336
202336 202336
202336 202336
202336 202336
202336 202336
202336 202336
202336 202336
202336 202336
202336 202336
202336 202336
202336 202336
202336 202336
202336 202336
202336 202336
202336 202336
202336 202336
202336 202336
202336 202336
202336 202336
202336 202336
202336 202336
202336 202336
202336 202336
202336 202336
202336 202336
202336 202336
202336 202336
202336 202336
202336 202336
202336 202336
202336 202336
202336 202336
202336 202336
202336 202336
202336 202336
202336 202336
202336 202336
202336 202336
202336 202336
202336 202336
202336 202336
202336 202336
202336 202336
202336 202336
202336 202336
202336 202336
202336 202336
202336 202336
202336 202336
202336 202336
202336 202336
202336 202336
202336 202336
202336 202336
202336 202336
202336 202336
202336 202336
202336 202336
202336 202336
202336 202336
202336 202336
202336 202336
202336 202336
202336 202336
202336 202336
202336 202336
202336 202336
202336 202336
202336 202336
202336 202336
202336 202336
202336 202336
202336 202336
202336 202336
202336 202336
202336 202336
202336 202336
202336 202336
202336 202336
202336 202336
202336 202336
202336 202336
202336 202336
202336 202336
202336 202336
202336 202336
202336 202336
202336 202336
202336 202336
202336 202336
202336 202336
202336 202336
202336 202336
202336 202336
202336 202336
202336 202336
202336 202336
202336 202336
202336 202336
202336 202336
202336 202336
202336 202336
202336 202336
202336 202336
202336 202336
202336 202336
202336 202336
202336 202336
202336 202336
202336 202336
202336 202336
202336 202336
202336 202336
202336 202336
202336 202336
202336 202336
202336 202336
202336 202336
202336 202336
202336 202336
202336 202336
202336 202336
202336 202336
202336 202336
202336 202336
202336 202336
202336 202336
202336 202336
202336 202336
202336 202336
202336 202336
202336 202336
202336 202336
202336 202336
202336 202336
202336 202336
202336 202336
202336 202336
202336 202336
202336 202336
202336 202336
202336 202336
202336 202336
202336 202336
202336 202336
202336 202336
202336 202336
202336 202336
202336 202336
202336 202336
202336 202336
202336 202336
202336 202336
202336 202336
202336 202336
202336 202336
202336 202336
202336 202336
202336 202336
202336 202336
202336 202336
202336 202336
202336 202336
202336 202336
202336 202336
202336 202336
202336 202336
202336 202336
202336 202336
202336 202336
202336 202336
202336 202336
202336 202336
202336 202336
202336 202336
202336 202336
202336 202336
202336 202336
202336 202336
202336 202336
202336 202336
202336 202336
202336 202336
202336 202336
202336 202336
202336 202336
202336 202336
202336 202336
202336 202336
202336 202336
202336 202336
202336 202336
202336 202336
202336 202336
202336 202336
202336 202336
202336 202336
202336 202336
202336 202336
202336 202336
202336 202336
202336 202336
202336 202336
202336 202336
202336 202336
202336 202336
202336 202336
202336 202336
202336 202336
202336 202336
202336 202336
202336 202336
202336 202336
202336 202336
202336 202336
202336 202336
202336 202336
202336 202336
202336 202336
202336 202336
202336 202336
202336 202336
202336 202336
202336 202336
202336 202336
202336 202336
202336 202336
202336 202336
202336 202336
202336 202336
202336 202336
202336 202336
202336 202336
202336 202336
202336 202336
202336 202336
202336 202336
202336 202336
202336 202336
202336 202336
202336 202336
202336 202336
202336 202336
202336 202336
202336 202336
202336 202336
202336 202336
202336 202336
202336 202336
202336 202336
202336 202336
202336 202336
202336 202336
202336 202336
202336 202336
202336 202336
202336 202336
202336 202336
202336 202336
202336 202336
202336 202336
202336 202336
202336 202336
202336 202336
202336 202336
202336 202336
202336 202336
202336 202336
202336 202336
202336 202336
202336 202336
202336 202336
202336 202336
202336 202336
202336 202336
202336 202336
202336 202336
202336 202336
202336 202336
202336 202336
202336 202336
202336 202336
202336 202336
202336 202336
202336 202336
202336 202336
202336 202336
202336 202336
202336 202336
202336 202336
202336 202336
202336 202336
202336 202336
202336 202336
202336 202336
202336 202336
202336 202336
202336 202336
202336 202336
202336 202336
202336 202336
202336 202336
202336 202336
202336 202336
202336 202336
202336 202336
202336 202336
202336 202336
202336 202336
202336 202336
202336 202336
202336 202336
202336 202336
202336 202336
202336 202336
202336 202336
202336 202336
202336 202336
202336 202336
202336 202336
202336 202336
202336 202336
202336 202336
202336 202336
202336 202336
202336 202336
202336 202336
202336 202336
202336 202336
202336 202336
202336 202336
202336 202336
202336 202336
202336 202336
202336 202336
202336 202336
202336 202336
202336 202336
202336 202336
202336 202336
202336 202336
202336 202336
202336 202336
202336 202336
202336 202336
202336 202336
202336 202336
202336 202336
202336 202336
202336 202336
202336 202336
202336 202336
202336 202336
202336 202336
202336 202336
202336 202336
202336 202336
202336 202336
202336 202336
202336 202336
202336 202336
202336 202336
202336 202336
202336 202336
202336 202336
202336 202336
202336 202336
202336 202336
202336 202336
202336 202336
202336 202336
202336 202336
202336 202336
202336 202336
202336 202336
202336 202336
202336 202336
202336 202336
202336 202336
202336 202336
202336 202336
202336 202336
202336 202336
202336 202336
202336 202336
202336 202336
202336 202336
202336 202336
202336 202336
202336 202336
202336 202336
202336 202336
202336 202336
202336 202336
202336 202336
202336 202336
202336 202336
202336 202336
202336 202336
202336 202336
202336 202336
202336 202336
202336 202336
202336 202336
202336 202336
202336 202336
202336 202336
202336 202336
202336 202336
202336 202336
202336 202336
202336 202336
202336 202336
202336 202336
202336 202336
202336 202336
202336 202336
202336 202336
202336 202336
202336 202336
202336 202336
202336 202336
202336 202336
202336 202336
202336 202336
202336 202336
202336 202336
202336 202336
202336 202336
202336 202336
202336 202336
202336 202336
202336 202336
202336 202336
202336 202336
202336 202336
202336 202336
202336 202336
202336 202336
202336 202336
202336 202336
202336 202336
202336 202336
202336 202336
202336 202336
202336 202336
202336 202336
202336 202336
202336 202336
202336 202336
202336 202336
202336 202336
202336 202336
202336 202336
202336 202336
202336 202336
202336 202336
202336 202336
202336 202336
202336 202336
202336 202336
202336 202336
202336 202336
202336 202336
202336 202336
202336 202336
202336 202336
202336 202336
202336 202336
202336 202336
202336 202336
202336 202336
202336 202336
202336 202336
202336 202336
202336 202336
202336 202336
202336 202336
202336 202336
202336 202336
202336 202336
202336 202336
202336 202336
202336 202336
202336 202336
202336 202336
202336 202336
202336 202336
202336 202336
202336 202336
202336 202336
202336 202336
202336 202336
202336 202336
202336 202336
202336 202336
202336 202336
202336 202336
202336 202336
202336 202336
202336 202336
202336 202336
202336 202336
202336 202336
202336 202336
202336 202336
202336 202336
202336 202336
202336 202336
202336 202336
202336 202336
202336 202336
202336 202336
202336 202336
202336 202336
202336 202336
202336 202336
202336 202336
202336 202336
202336 202336
202336 202336
202336 202336
202336 202336
202336 202336
202336 202336
202336 202336
202336 202336
202336 202336
202336 202336
202336 202336
202336 202336
202336 202336
202336 202336
202336 202336
202336 202336
202336 202336
202336 202336
202336 202336
202336 202336
202336 202336
202336 202336
202336 202336
202336 202336
202336 202336
202336 202336
202336 202336
202336 202336
202336 202336
202336 202336
202336 202336
202336 202336
202336 202336
202336 202336
202336 202336
202336 202336
202336 202336
202336 202336
202336 202336
202336 202336
202336 202336
202336 202336
202336 202336
202336 202336
202336 202336
202336 202336
202336 202336
202336 202336
202336 202336
202336 202336
202336 202336
202336 202336
202336 202336
202336 202336
202336 202336
202336 202336
202336 202336
202336 202336
202336 202336
202336 202336
202336 202336
202336 202336
202336 202336
202336 202336
202336 202336
202336 202336
202336 202336
202336 202336
202336 202336
