242662
148297 148297
161396 161396
170841 170841
178967 178967
182695 182695
183602 183602
184654 184654
184750 184750
188686 188686
189196 189196
190796 190796
193509 193509
197515 197515
197936 197936
199487 199487
203674 203674
205237 205237
211334 211334
211562 211562
212135 212135
213467 213467
215610 215610
217175 217175
217634 217634
218110 218110
219483 219483
219955 219955
220500 220500
221405 221405
224275 224275
224299 224299
226059 226059
227649 227649
227861 227861
228313 228313
228609 228609
228844 228844
229380 229380
229432 229432
231522 231522
232214 232214
232851 232851
232851 232851
233629 233629
233783 233783
233930 233930
234183 234183
234358 234358
235086 235086
235643 235643
236024 236024
236365 236365
236452 236452
237193 237193
237193 237193
237281 237281
237281 237281
237444 237444
237453 237453
237453 237453
237548 237548
237630 237630
237727 237727
238023 238023
238054 238054
238104 238104
238141 238141
238305 238305
238364 238364
238692 238692
238756 238756
238902 238902
238937 238937
239058 239058
239058 239058
239291 239291
239324 239324
239409 239409
239508 239508
239585 239585
239715 239715
239888 239888
239888 239888
239895 239895
240216 240216
240216 240216
240338 240338
240338 240338
240383 240383
240383 240383
240527 240527
240527 240527
240677 240677
240677 240677
240677 240677
240677 240677
240677 240677
240718 240718
240782 240782
240782 240782
240820 240820
241133 241133
241151 241151
241151 241151
241151 241151
241241 241241
241309 241309
241309 241309
241309 241309
241309 241309
241355 241355
241364 241364
241452 241452
241452 241452
241452 241452
241511 241511
241511 241511
241558 241558
241558 241558
241634 241634
241634 241634
241634 241634
241801 241801
241801 241801
241801 241801
241801 241801
241801 241801
241819 241819
241819 241819
241829 241829
241829 241829
241829 241829
241907 241907
241907 241907
241907 241907
241907 241907
241907 241907
241938 241938
241938 241938
242072 242072
242072 242072
242072 242072
242072 242072
242083 242083
242083 242083
242083 242083
242173 242173
242173 242173
242173 242173
242173 242173
242173 242173
242173 242173
242173 242173
242173 242173
242173 242173
242212 242212
242212 242212
242225 242225
242225 242225
242270 242270
242273 242273
242273 242273
242273 242273
242273 242273
242303 242303
242303 242303
242303 242303
242303 242303
242304 242304
242304 242304
242310 242310
242310 242310
242310 242310
242310 242310
242336 242336
242341 242341
242341 242341
242377 242377
242377 242377
242377 242377
242377 242377
242377 242377
242403 242403
242412 242412
242412 242412
242412 242412
242412 242412
242412 242412
242412 242412
242433 242433
242433 242433
242433 242433
242433 242433
242433 242433
242433 242433
242433 242433
242433 242433
242437 242437
242475 242475
242475 242475
242475 242475
242475 242475
242475 242475
242475 242475
242475 242475
242475 242475
242475 242475
242475 242475
242475 242475
242475 242475
242475 242475
242475 242475
242504 242504
242504 242504
242504 242504
242504 242504
242504 242504
242504 242504
242504 242504
242504 242504
242504 242504
242504 242504
242504 242504
242504 242504
242504 242504
242504 242504
242513 242513
242513 242513
242513 242513
242513 242513
242513 242513
242513 242513
242513 242513
242513 242513
242517 242517
242517 242517
242521 242521
242529 242529
242529 242529
242529 242529
242529 242529
242529 242529
242529 242529
242557 242557
242557 242557
242557 242557
242557 242557
242557 242557
242557 242557
242557 242557
242557 242557
242557 242557
242557 242557
242557 242557
242557 242557
242566 242566
242566 242566
242566 242566
242566 242566
242566 242566
242566 242566
242567 242567
242567 242567
242567 242567
242571 242571
242571 242571
242571 242571
242571 242571
242571 242571
242571 242571
242571 242571
242571 242571
242571 242571
242571 242571
242571 242571
242571 242571
242571 242571
242571 242571
242571 242571
242571 242571
242571 242571
242571 242571
242571 242571
242571 242571
242571 242571
242571 242571
242571 242571
242571 242571
242571 242571
242571 242571
242571 242571
242571 242571
242571 242571
242571 242571
242571 242571
242571 242571
242571 242571
242571 242571
242571 242571
242571 242571
242571 242571
242571 242571
242582 242582
242582 242582
242582 242582
242582 242582
242582 242582
242582 242582
242590 242590
242590 242590
242590 242590
242590 242590
242590 242590
242590 242590
242590 242590
242590 242590
242590 242590
242590 242590
242590 242590
242590 242590
242590 242590
242590 242590
242590 242590
242590 242590
242590 242590
242590 242590
242590 242590
242590 242590
242590 242590
242590 242590
242590 242590
242590 242590
242590 242590
242590 242590
242590 242590
242590 242590
242590 242590
242590 242590
242590 242590
242590 242590
242590 242590
242590 242590
242590 242590
242590 242590
242590 242590
242590 242590
242590 242590
242590 242590
242590 242590
242590 242590
242590 242590
242590 242590
242590 242590
242590 242590
242590 242590
242590 242590
242590 242590
242590 242590
242590 242590
242590 242590
242590 242590
242590 242590
242590 242590
242590 242590
242590 242590
242590 242590
242590 242590
242617 242617
242617 242617
242617 242617
242617 242617
242617 242617
242617 242617
242617 242617
242617 242617
242617 242617
242617 242617
242617 242617
242617 242617
242617 242617
242617 242617
242617 242617
242617 242617
242617 242617
242617 242617
242617 242617
242617 242617
242617 242617
242617 242617
242617 242617
242617 242617
242617 242617
242617 242617
242617 242617
242617 242617
242617 242617
242617 242617
242617 242617
242617 242617
242617 242617
242617 242617
242617 242617
242617 242617
242617 242617
242617 242617
242617 242617
242617 242617
242617 242617
242617 242617
242617 242617
242617 242617
242617 242617
242617 242617
242617 242617
242617 242617
242617 242617
242617 242617
242617 242617
242617 242617
242617 242617
242617 242617
242617 242617
242617 242617
242627 242627
242627 242627
242627 242627
242627 242627
242627 242627
242627 242627
242627 242627
242627 242627
242627 242627
242627 242627
242627 242627
242627 242627
242627 242627
242627 242627
242627 242627
242627 242627
242627 242627
242627 242627
242627 242627
242627 242627
242627 242627
242627 242627
242627 242627
242627 242627
242627 242627
242627 242627
242627 242627
242627 242627
242627 242627
242627 242627
242627 242627
242627 242627
242627 242627
242627 242627
242627 242627
242627 242627
242627 242627
242627 242627
242627 242627
242627 242627
242627 242627
242627 242627
242627 242627
242627 242627
242627 242627
242627 242627
242627 242627
242627 242627
242627 242627
242627 242627
242627 242627
242627 242627
242627 242627
242627 242627
242627 242627
242627 242627
242627 242627
242627 242627
242627 242627
242627 242627
242627 242627
242627 242627
242627 242627
242627 242627
242627 242627
242627 242627
242627 242627
242627 242627
242627 242627
242627 242627
242627 242627
242627 242627
242627 242627
242627 242627
242627 242627
242627 242627
242627 242627
242627 242627
242627 242627
242627 242627
242627 242627
242627 242627
242627 242627
242627 242627
242627 242627
242627 242627
242627 242627
242627 242627
242627 242627
242627 242627
242627 242627
242627 242627
242627 242627
242627 242627
242627 242627
242627 242627
242627 242627
242627 242627
242627 242627
242627 242627
242627 242627
242627 242627
242627 242627
242627 242627
242627 242627
242627 242627
242627 242627
242627 242627
242627 242627
242627 242627
242627 242627
242627 242627
242627 242627
242627 242627
242627 242627
242627 242627
242627 242627
242627 242627
242627 242627
242627 242627
242627 242627
242627 242627
242627 242627
242627 242627
242627 242627
242627 242627
242627 242627
242627 242627
242627 242627
242627 242627
242627 242627
242627 242627
242627 242627
242627 242627
242627 242627
242627 242627
242627 242627
242627 242627
242627 242627
242627 242627
242627 242627
242627 242627
242627 242627
242628 242628
242628 242628
242628 242628
242628 242628
242628 242628
242628 242628
242628 242628
242628 242628
242628 242628
242628 242628
242628 242628
242628 242628
242628 242628
242628 242628
242628 242628
242628 242628
242628 242628
242631 242631
242631 242631
242631 242631
242631 242631
242631 242631
242631 242631
242631 242631
242631 242631
242631 242631
242631 242631
242631 242631
242638 242638
242638 242638
242638 242638
242638 242638
242647 242647
242647 242647
242647 242647
242647 242647
242647 242647
242647 242647
242647 242647
242647 242647
242647 242647
242647 242647
242647 242647
242647 242647
242647 242647
242647 242647
242647 242647
242647 242647
242657 242657
242657 242657
242657 242657
242657 242657
242657 242657
242657 242657
242657 242657
242657 242657
242657 242657
242657 242657
242657 242657
242657 242657
242657 242657
242657 242657
242657 242657
242657 242657
242657 242657
242657 242657
242657 242657
242657 242657
242657 242657
242657 242657
242657 242657
242657 242657
242657 242657
242657 242657
242657 242657
242657 242657
242657 242657
242657 242657
242657 242657
242657 242657
242657 242657
242657 242657
242657 242657
242657 242657
242657 242657
242657 242657
242657 242657
242657 242657
242657 242657
242657 242657
242657 242657
242657 242657
242657 242657
242657 242657
242657 242657
242657 242657
242657 242657
242657 242657
242657 242657
242657 242657
242657 242657
242657 242657
242657 242657
242657 242657
242657 242657
242657 242657
242657 242657
242657 242657
242657 242657
242657 242657
242657 242657
242657 242657
242657 242657
242657 242657
242657 242657
242657 242657
242657 242657
242657 242657
242657 242657
242657 242657
242657 242657
242657 242657
242657 242657
242657 242657
242657 242657
242657 242657
242657 242657
242657 242657
242657 242657
242657 242657
242657 242657
242657 242657
242657 242657
242657 242657
242657 242657
242657 242657
242657 242657
242657 242657
242657 242657
242657 242657
242657 242657
242657 242657
242657 242657
242657 242657
242657 242657
242657 242657
242657 242657
242657 242657
242657 242657
242657 242657
242657 242657
242657 242657
242657 242657
242657 242657
242657 242657
242657 242657
242657 242657
242657 242657
242657 242657
242657 242657
242657 242657
242657 242657
242657 242657
242657 242657
242657 242657
242657 242657
242657 242657
242657 242657
242657 242657
242657 242657
242657 242657
242657 242657
242657 242657
242657 242657
242657 242657
242657 242657
242657 242657
242657 242657
242657 242657
242657 242657
242657 242657
242657 242657
242657 242657
242657 242657
242657 242657
242657 242657
242657 242657
242657 242657
242657 242657
242657 242657
242657 242657
242657 242657
242657 242657
242657 242657
242657 242657
242657 242657
242657 242657
242657 242657
242657 242657
242657 242657
242657 242657
242657 242657
242657 242657
242657 242657
242657 242657
242657 242657
242657 242657
242657 242657
242657 242657
242657 242657
242657 242657
242657 242657
242657 242657
242657 242657
242657 242657
242657 242657
242657 242657
242657 242657
242657 242657
242657 242657
242657 242657
242657 242657
242657 242657
242657 242657
242657 242657
242657 242657
242657 242657
242657 242657
242657 242657
242657 242657
242657 242657
242657 242657
242657 242657
242657 242657
242657 242657
242657 242657
242657 242657
242657 242657
242657 242657
242657 242657
242657 242657
242657 242657
242657 242657
242657 242657
242657 242657
242657 242657
242657 242657
242657 242657
242657 242657
242657 242657
242657 242657
242657 242657
242657 242657
242657 242657
242657 242657
242657 242657
242657 242657
242657 242657
242657 242657
242657 242657
242657 242657
242657 242657
242657 242657
242657 242657
242657 242657
242657 242657
242657 242657
242657 242657
242657 242657
242657 242657
242657 242657
242657 242657
242657 242657
242657 242657
242657 242657
242657 242657
242657 242657
242657 242657
242657 242657
242657 242657
242657 242657
242657 242657
242657 242657
242657 242657
242657 242657
242657 242657
242657 242657
242657 242657
242657 242657
242657 242657
242657 242657
242657 242657
242657 242657
242657 242657
242657 242657
242657 242657
242657 242657
242657 242657
242657 242657
242657 242657
242657 242657
242657 242657
242657 242657
242657 242657
242657 242657
242657 242657
242657 242657
242657 242657
242657 242657
242657 242657
242657 242657
242657 242657
242657 242657
242657 242657
242657 242657
242657 242657
242657 242657
242657 242657
242657 242657
242657 242657
242657 242657
242657 242657
242657 242657
242657 242657
242657 242657
242657 242657
242657 242657
242657 242657
242657 242657
242657 242657
242657 242657
242657 242657
242657 242657
242657 242657
242657 242657
242657 242657
242657 242657
242657 242657
242657 242657
242657 242657
242657 242657
242657 242657
242657 242657
242657 242657
242657 242657
242657 242657
242657 242657
242657 242657
242657 242657
242657 242657
242657 242657
242657 242657
242657 242657
242657 242657
242657 242657
242657 242657
242657 242657
242657 242657
242657 242657
242657 242657
242657 242657
242657 242657
242657 242657
242657 242657
242657 242657
242657 242657
242657 242657
242657 242657
242657 242657
242657 242657
242657 242657
242657 242657
242657 242657
242657 242657
242657 242657
242657 242657
242657 242657
242657 242657
242657 242657
242657 242657
242657 242657
242657 242657
242657 242657
242657 242657
242657 242657
242657 242657
242657 242657
242657 242657
242657 242657
242657 242657
242657 242657
242657 242657
242657 242657
242657 242657
242657 242657
242657 242657
242657 242657
242657 242657
242657 242657
242657 242657
242657 242657
242657 242657
242657 242657
242657 242657
242657 242657
242662 242662
242662 242662
242662 242662
242662 242662
242662 242662
242662 242662
242662 242662
242662 242662
242662 242662
242662 242662
242662 242662
242662 242662
242662 242662
242662 242662
242662 242662
242662 242662
242662 242662
242662 242662
242662 242662
242662 242662
242662 242662
242662 242662
242662 242662
242662 242662
242662 242662
242662 242662
242662 242662
242662 242662
242662 242662
242662 242662
242662 242662
242662 242662
242662 242662
242662 242662
242662 242662
242662 242662
242662 242662
242662 242662
242662 242662
242662 242662
242662 242662
242662 242662
242662 242662
242662 242662
242662 242662
242662 242662
242662 242662
242662 242662
242662 242662
242662 242662
242662 242662
242662 242662
242662 242662
242662 242662
242662 242662
242662 242662
242662 242662
242662 242662
242662 242662
242662 242662
242662 242662
242662 242662
242662 242662
242662 242662
242662 242662
242662 242662
242662 242662
242662 242662
242662 242662
242662 242662
242662 242662
242662 242662
242662 242662
242662 242662
242662 242662
242662 242662
242662 242662
242662 242662
242662 242662
242662 242662
242662 242662
242662 242662
242662 242662
242662 242662
242662 242662
242662 242662
242662 242662
242662 242662
242662 242662
242662 242662
242662 242662
242662 242662
242662 242662
242662 242662
242662 242662
242662 242662
242662 242662
242662 242662
242662 242662
242662 242662
242662 242662
242662 242662
242662 242662
242662 242662
242662 242662
242662 242662
242662 242662
242662 242662
242662 242662
242662 242662
242662 242662
242662 242662
242662 242662
242662 242662
242662 242662
242662 242662
242662 242662
242662 242662
242662 242662
242662 242662
242662 242662
242662 242662
242662 242662
242662 242662
242662 242662
242662 242662
242662 242662
242662 242662
242662 242662
242662 242662
242662 242662
242662 242662
242662 242662
242662 242662
242662 242662
242662 242662
242662 242662
242662 242662
242662 242662
242662 242662
242662 242662
242662 242662
242662 242662
242662 242662
242662 242662
242662 242662
242662 242662
242662 242662
242662 242662
242662 242662
242662 242662
242662 242662
242662 242662
242662 242662
242662 242662
242662 242662
242662 242662
242662 242662
242662 242662
242662 242662
242662 242662
242662 242662
242662 242662
242662 242662
242662 242662
242662 242662
242662 242662
242662 242662
242662 242662
242662 242662
242662 242662
242662 242662
242662 242662
242662 242662
242662 242662
242662 242662
242662 242662
242662 242662
242662 242662
242662 242662
242662 242662
242662 242662
242662 242662
242662 242662
242662 242662
242662 242662
242662 242662
242662 242662
242662 242662
242662 242662
242662 242662
242662 242662
242662 242662
242662 242662
242662 242662
242662 242662
242662 242662
242662 242662
242662 242662
242662 242662
242662 242662
242662 242662
242662 242662
242662 242662
242662 242662
242662 242662
242662 242662
242662 242662
242662 242662
242662 242662
242662 242662
242662 242662
242662 242662
242662 242662
242662 242662
242662 242662
242662 242662
242662 242662
242662 242662
242662 242662
242662 242662
242662 242662
242662 242662
242662 242662
242662 242662
242662 242662
242662 242662
242662 242662
242662 242662
242662 242662
242662 242662
242662 242662
242662 242662
242662 242662
242662 242662
242662 242662
242662 242662
242662 242662
242662 242662
242662 242662
242662 242662
242662 242662
242662 242662
242662 242662
242662 242662
242662 242662
242662 242662
242662 242662
242662 242662
242662 242662
242662 242662
242662 242662
242662 242662
242662 242662
242662 242662
242662 242662
242662 242662
242662 242662
242662 242662
242662 242662
242662 242662
242662 242662
242662 242662
242662 242662
242662 242662
242662 242662
242662 242662
242662 242662
242662 242662
242662 242662
242662 242662
242662 242662
242662 242662
242662 242662
242662 242662
242662 242662
242662 242662
242662 242662
242662 242662
242662 242662
242662 242662
242662 242662
242662 242662
242662 242662
242662 242662
242662 242662
242662 242662
242662 242662
242662 242662
242662 242662
242662 242662
242662 242662
242662 242662
242662 242662
242662 242662
242662 242662
242662 242662
242662 242662
242662 242662
242662 242662
242662 242662
242662 242662
242662 242662
242662 242662
242662 242662
242662 242662
242662 242662
242662 242662
242662 242662
242662 242662
242662 242662
242662 242662
242662 242662
242662 242662
242662 242662
242662 242662
242662 242662
242662 242662
242662 242662
242662 242662
242662 242662
242662 242662
242662 242662
242662 242662
242662 242662
242662 242662
242662 242662
242662 242662
242662 242662
242662 242662
242662 242662
242662 242662
242662 242662
242662 242662
242662 242662
242662 242662
242662 242662
242662 242662
242662 242662
242662 242662
242662 242662
242662 242662
242662 242662
242662 242662
242662 242662
242662 242662
242662 242662
242662 242662
242662 242662
242662 242662
242662 242662
242662 242662
242662 242662
242662 242662
242662 242662
242662 242662
242662 242662
242662 242662
242662 242662
242662 242662
242662 242662
242662 242662
242662 242662
242662 242662
242662 242662
242662 242662
242662 242662
242662 242662
242662 242662
242662 242662
242662 242662
242662 242662
242662 242662
242662 242662
242662 242662
242662 242662
242662 242662
242662 242662
242662 242662
242662 242662
242662 242662
242662 242662
242662 242662
242662 242662
242662 242662
242662 242662
242662 242662
242662 242662
242662 242662
242662 242662
242662 242662
242662 242662
242662 242662
242662 242662
242662 242662
242662 242662
242662 242662
242662 242662
242662 242662
242662 242662
242662 242662
242662 242662
242662 242662
242662 242662
242662 242662
242662 242662
242662 242662
242662 242662
242662 242662
242662 242662
242662 242662
242662 242662
242662 242662
242662 242662
242662 242662
242662 242662
242662 242662
242662 242662
242662 242662
242662 242662
242662 242662
242662 242662
242662 242662
242662 242662
242662 242662
242662 242662
242662 242662
242662 242662
242662 242662
242662 242662
242662 242662
242662 242662
242662 242662
242662 242662
242662 242662
242662 242662
242662 242662
242662 242662
242662 242662
242662 242662
242662 242662
242662 242662
242662 242662
242662 242662
242662 242662
242662 242662
242662 242662
242662 242662
242662 242662
242662 242662
242662 242662
242662 242662
242662 242662
242662 242662
242662 242662
242662 242662
242662 242662
242662 242662
242662 242662
242662 242662
242662 242662
242662 242662
242662 242662
242662 242662
242662 242662
242662 242662
242662 242662
242662 242662
242662 242662
242662 242662
242662 242662
242662 242662
242662 242662
242662 242662
242662 242662
242662 242662
242662 242662
242662 242662
242662 242662
242662 242662
242662 242662
242662 242662
242662 242662
242662 242662
242662 242662
242662 242662
242662 242662
242662 242662
242662 242662
242662 242662
242662 242662
242662 242662
242662 242662
242662 242662
242662 242662
242662 242662
242662 242662
242662 242662
242662 242662
242662 242662
242662 242662
242662 242662
242662 242662
242662 242662
242662 242662
242662 242662
242662 242662
242662 242662
242662 242662
242662 242662
242662 242662
242662 242662
242662 242662
242662 242662
242662 242662
242662 242662
242662 242662
242662 242662
242662 242662
242662 242662
242662 242662
242662 242662
242662 242662
242662 242662
242662 242662
242662 242662
242662 242662
242662 242662
242662 242662
242662 242662
242662 242662
242662 242662
242662 242662
242662 242662
242662 242662
242662 242662
242662 242662
242662 242662
242662 242662
242662 242662
242662 242662
242662 242662
242662 242662
242662 242662
242662 242662
242662 242662
242662 242662
242662 242662
242662 242662
242662 242662
242662 242662
242662 242662
242662 242662
242662 242662
242662 242662
242662 242662
242662 242662
242662 242662
242662 242662
242662 242662
242662 242662
242662 242662
242662 242662
242662 242662
242662 242662
242662 242662
242662 242662
242662 242662
242662 242662
242662 242662
242662 242662
242662 242662
242662 242662
242662 242662
242662 242662
242662 242662
242662 242662
242662 242662
242662 242662
242662 242662
242662 242662
242662 242662
242662 242662
242662 242662
242662 242662
242662 242662
242662 242662
242662 242662
242662 242662
242662 242662
242662 242662
242662 242662
242662 242662
242662 242662
242662 242662
242662 242662
242662 242662
242662 242662
242662 242662
242662 242662
242662 242662
242662 242662
242662 242662
242662 242662
242662 242662
242662 242662
242662 242662
242662 242662
242662 242662
242662 242662
242662 242662
242662 242662
242662 242662
242662 242662
242662 242662
242662 242662
242662 242662
242662 242662
242662 242662
242662 242662
242662 242662
242662 242662
242662 242662
242662 242662
242662 242662
242662 242662
242662 242662
242662 242662
242662 242662
242662 242662
242662 242662
242662 242662
242662 242662
242662 242662
242662 242662
242662 242662
242662 242662
242662 242662
242662 242662
242662 242662
242662 242662
242662 242662
242662 242662
242662 242662
242662 242662
242662 242662
242662 242662
242662 242662
242662 242662
242662 242662
242662 242662
242662 242662
242662 242662
242662 242662
242662 242662
242662 242662
242662 242662
242662 242662
242662 242662
242662 242662
242662 242662
242662 242662
242662 242662
242662 242662
242662 242662
242662 242662
242662 242662
242662 242662
242662 242662
242662 242662
242662 242662
242662 242662
242662 242662
242662 242662
242662 242662
242662 242662
242662 242662
242662 242662
242662 242662
242662 242662
242662 242662
242662 242662
242662 242662
242662 242662
242662 242662
242662 242662
242662 242662
242662 242662
242662 242662
242662 242662
242662 242662
242662 242662
242662 242662
242662 242662
242662 242662
242662 242662
242662 242662
242662 242662
242662 242662
242662 242662
242662 242662
242662 242662
242662 242662
242662 242662
242662 242662
242662 242662
242662 242662
242662 242662
242662 242662
242662 242662
242662 242662
242662 242662
242662 242662
242662 242662
242662 242662
242662 242662
242662 242662
242662 242662
242662 242662
242662 242662
242662 242662
242662 242662
242662 242662
242662 242662
242662 242662
242662 242662
242662 242662
242662 242662
242662 242662
242662 242662
242662 242662
242662 242662
242662 242662
242662 242662
242662 242662
242662 242662
242662 242662
242662 242662
242662 242662
242662 242662
242662 242662
242662 242662
242662 242662
242662 242662
242662 242662
242662 242662
242662 242662
242662 242662
242662 242662
242662 242662
242662 242662
242662 242662
242662 242662
242662 242662
242662 242662
242662 242662
242662 242662
242662 242662
242662 242662
242662 242662
242662 242662
242662 242662
242662 242662
242662 242662
242662 242662
242662 242662
242662 242662
242662 242662
242662 242662
242662 242662
242662 242662
242662 242662
242662 242662
242662 242662
242662 242662
242662 242662
242662 242662
242662 242662
242662 242662
242662 242662
242662 242662
242662 242662
242662 242662
242662 242662
242662 242662
242662 242662
242662 242662
242662 242662
242662 242662
242662 242662
242662 242662
242662 242662
242662 242662
242662 242662
242662 242662
242662 242662
242662 242662
242662 242662
242662 242662
242662 242662
242662 242662
242662 242662
242662 242662
242662 242662
242662 242662
242662 242662
242662 242662
242662 242662
242662 242662
242662 242662
242662 242662
242662 242662
242662 242662
242662 242662
242662 242662
242662 242662
242662 242662
242662 242662
242662 242662
242662 242662
242662 242662
242662 242662
242662 242662
242662 242662
242662 242662
242662 242662
242662 242662
242662 242662
242662 242662
242662 242662
242662 242662
242662 242662
242662 242662
242662 242662
242662 242662
242662 242662
242662 242662
242662 242662
242662 242662
242662 242662
242662 242662
242662 242662
242662 242662
242662 242662
242662 242662
242662 242662
242662 242662
242662 242662
242662 242662
242662 242662
242662 242662
242662 242662
242662 242662
242662 242662
242662 242662
242662 242662
242662 242662
242662 242662
242662 242662
242662 242662
242662 242662
242662 242662
242662 242662
242662 242662
242662 242662
242662 242662
242662 242662
242662 242662
242662 242662
242662 242662
242662 242662
242662 242662
242662 242662
242662 242662
242662 242662
242662 242662
242662 242662
242662 242662
242662 242662
242662 242662
242662 242662
242662 242662
242662 242662
242662 242662
242662 242662
242662 242662
242662 242662
242662 242662
242662 242662
242662 242662
242662 242662
242662 242662
242662 242662
242662 242662
242662 242662
242662 242662
242662 242662
242662 242662
242662 242662
242662 242662
242662 242662
242662 242662
242662 242662
242662 242662
242662 242662
242662 242662
242662 242662
242662 242662
242662 242662
242662 242662
242662 242662
242662 242662
242662 242662
242662 242662
242662 242662
242662 242662
242662 242662
242662 242662
242662 242662
242662 242662
242662 242662
242662 242662
242662 242662
242662 242662
242662 242662
242662 242662
242662 242662
242662 242662
242662 242662
242662 242662
242662 242662
242662 242662
242662 242662
242662 242662
242662 242662
242662 242662
242662 242662
242662 242662
242662 242662
242662 242662
242662 242662
242662 242662
242662 242662
242662 242662
242662 242662
242662 242662
242662 242662
242662 242662
242662 242662
242662 242662
242662 242662
242662 242662
242662 242662
242662 242662
242662 242662
242662 242662
242662 242662
242662 242662
242662 242662
242662 242662
242662 242662
242662 242662
242662 242662
242662 242662
242662 242662
242662 242662
242662 242662
242662 242662
242662 242662
242662 242662
242662 242662
242662 242662
242662 242662
242662 242662
242662 242662
242662 242662
242662 242662
242662 242662
242662 242662
242662 242662
242662 242662
242662 242662
242662 242662
242662 242662
242662 242662
242662 242662
242662 242662
242662 242662
242662 242662
242662 242662
242662 242662
242662 242662
242662 242662
242662 242662
242662 242662
242662 242662
242662 242662
242662 242662
242662 242662
242662 242662
242662 242662
242662 242662
242662 242662
242662 242662
242662 242662
242662 242662
242662 242662
242662 242662
242662 242662
242662 242662
242662 242662
242662 242662
242662 242662
242662 242662
242662 242662
242662 242662
242662 242662
242662 242662
242662 242662
242662 242662
242662 242662
242662 242662
242662 242662
242662 242662
242662 242662
242662 242662
242662 242662
242662 242662
242662 242662
242662 242662
242662 242662
242662 242662
242662 242662
242662 242662
242662 242662
242662 242662
242662 242662
242662 242662
242662 242662
242662 242662
242662 242662
242662 242662
242662 242662
242662 242662
242662 242662
242662 242662
242662 242662
242662 242662
242662 242662
242662 242662
242662 242662
242662 242662
242662 242662
242662 242662
242662 242662
242662 242662
242662 242662
242662 242662
242662 242662
242662 242662
242662 242662
242662 242662
242662 242662
242662 242662
242662 242662
242662 242662
242662 242662
242662 242662
242662 242662
242662 242662
242662 242662
242662 242662
242662 242662
242662 242662
242662 242662
242662 242662
242662 242662
242662 242662
242662 242662
242662 242662
242662 242662
242662 242662
242662 242662
242662 242662
242662 242662
242662 242662
242662 242662
242662 242662
242662 242662
242662 242662
242662 242662
242662 242662
242662 242662
242662 242662
242662 242662
242662 242662
242662 242662
242662 242662
242662 242662
242662 242662
242662 242662
242662 242662
242662 242662
242662 242662
242662 242662
242662 242662
242662 242662
242662 242662
242662 242662
242662 242662
242662 242662
242662 242662
242662 242662
242662 242662
242662 242662
242662 242662
242662 242662
242662 242662
242662 242662
242662 242662
242662 242662
242662 242662
242662 242662
242662 242662
242662 242662
242662 242662
242662 242662
242662 242662
242662 242662
242662 242662
242662 242662
242662 242662
242662 242662
242662 242662
242662 242662
242662 242662
242662 242662
242662 242662
242662 242662
242662 242662
242662 242662
242662 242662
242662 242662
242662 242662
242662 242662
242662 242662
242662 242662
242662 242662
242662 242662
242662 242662
242662 242662
242662 242662
242662 242662
242662 242662
242662 242662
242662 242662
242662 242662
242662 242662
242662 242662
242662 242662
242662 242662
242662 242662
242662 242662
242662 242662
242662 242662
242662 242662
242662 242662
242662 242662
242662 242662
242662 242662
242662 242662
242662 242662
242662 242662
242662 242662
242662 242662
242662 242662
242662 242662
242662 242662
242662 242662
242662 242662
242662 242662
242662 242662
242662 242662
242662 242662
242662 242662
242662 242662
242662 242662
242662 242662
242662 242662
242662 242662
242662 242662
242662 242662
242662 242662
242662 242662
242662 242662
242662 242662
242662 242662
