242684
151339 151339
167389 167389
167531 167531
171446 171446
176740 176740
178078 178078
179213 179213
189636 189636
191636 191636
194498 194498
195023 195023
195765 195765
198927 198927
201978 201978
202556 202556
206249 206249
207111 207111
210585 210585
211370 211370
211570 211570
212574 212574
216574 216574
217951 217951
218694 218694
218752 218752
218935 218935
219059 219059
219484 219484
220620 220620
221753 221753
225066 225066
225740 225740
226273 226273
226280 226280
226441 226441
227587 227587
228484 228484
229294 229294
229577 229577
230397 230397
230644 230644
231752 231752
232231 232231
233242 233242
233662 233662
233969 233969
234629 234629
234629 234629
234660 234660
234883 234883
235172 235172
235613 235613
235710 235710
236367 236367
236645 236645
236835 236835
237102 237102
237256 237256
237618 237618
238028 238028
238040 238040
238264 238264
238264 238264
238406 238406
238811 238811
239066 239066
239171 239171
239171 239171
239171 239171
239391 239391
239685 239685
239685 239685
239685 239685
239856 239856
239870 239870
239871 239871
239928 239928
240038 240038
240081 240081
240301 240301
240312 240312
240463 240463
240633 240633
240633 240633
240633 240633
240743 240743
240743 240743
240793 240793
240850 240850
241047 241047
241047 241047
241047 241047
241101 241101
241127 241127
241132 241132
241139 241139
241267 241267
241267 241267
241367 241367
241373 241373
241397 241397
241485 241485
241689 241689
241689 241689
241689 241689
241689 241689
241817 241817
241817 241817
241817 241817
241817 241817
241817 241817
241817 241817
241924 241924
241924 241924
241924 241924
241924 241924
241924 241924
241937 241937
241937 241937
241937 241937
241937 241937
241937 241937
241939 241939
241959 241959
241987 241987
242105 242105
242105 242105
242105 242105
242105 242105
242150 242150
242222 242222
242222 242222
242245 242245
242245 242245
242245 242245
242245 242245
242245 242245
242245 242245
242245 242245
242245 242245
242270 242270
242270 242270
242297 242297
242304 242304
242304 242304
242317 242317
242317 242317
242464 242464
242464 242464
242464 242464
242464 242464
242464 242464
242464 242464
242464 242464
242464 242464
242464 242464
242464 242464
242464 242464
242464 242464
242470 242470
242470 242470
242470 242470
242470 242470
242470 242470
242470 242470
242470 242470
242470 242470
242470 242470
242470 242470
242470 242470
242470 242470
242470 242470
242470 242470
242470 242470
242470 242470
242470 242470
242491 242491
242491 242491
242491 242491
242491 242491
242491 242491
242491 242491
242491 242491
242491 242491
242491 242491
242491 242491
242491 242491
242491 242491
242491 242491
242491 242491
242491 242491
242491 242491
242494 242494
242494 242494
242504 242504
242504 242504
242504 242504
242504 242504
242518 242518
242518 242518
242518 242518
242523 242523
242523 242523
242523 242523
242537 242537
242537 242537
242544 242544
242544 242544
242544 242544
242544 242544
242544 242544
242544 242544
242544 242544
242544 242544
242556 242556
242556 242556
242556 242556
242556 242556
242556 242556
242556 242556
242556 242556
242556 242556
242556 242556
242556 242556
242556 242556
242556 242556
242556 242556
242556 242556
242556 242556
242558 242558
242561 242561
242561 242561
242561 242561
242574 242574
242574 242574
242574 242574
242574 242574
242574 242574
242574 242574
242574 242574
242574 242574
242574 242574
242574 242574
242574 242574
242574 242574
242574 242574
242574 242574
242574 242574
242574 242574
242574 242574
242574 242574
242574 242574
242574 242574
242574 242574
242574 242574
242574 242574
242574 242574
242574 242574
242574 242574
242574 242574
242574 242574
242574 242574
242575 242575
242575 242575
242575 242575
242575 242575
242575 242575
242575 242575
242575 242575
242575 242575
242575 242575
242575 242575
242575 242575
242596 242596
242596 242596
242596 242596
242596 242596
242596 242596
242596 242596
242596 242596
242596 242596
242596 242596
242596 242596
242596 242596
242596 242596
242596 242596
242596 242596
242596 242596
242596 242596
242596 242596
242596 242596
242596 242596
242596 242596
242596 242596
242596 242596
242596 242596
242596 242596
242596 242596
242596 242596
242596 242596
242596 242596
242596 242596
242596 242596
242596 242596
242596 242596
242596 242596
242596 242596
242596 242596
242596 242596
242596 242596
242596 242596
242596 242596
242596 242596
242596 242596
242596 242596
242596 242596
242596 242596
242596 242596
242596 242596
242596 242596
242596 242596
242596 242596
242596 242596
242596 242596
242596 242596
242596 242596
242596 242596
242596 242596
242596 242596
242596 242596
242596 242596
242596 242596
242596 242596
242600 242600
242600 242600
242600 242600
242600 242600
242600 242600
242600 242600
242600 242600
242600 242600
242600 242600
242600 242600
242600 242600
242600 242600
242600 242600
242600 242600
242600 242600
242600 242600
242604 242604
242604 242604
242604 242604
242604 242604
242604 242604
242604 242604
242604 242604
242604 242604
242604 242604
242604 242604
242604 242604
242604 242604
242604 242604
242604 242604
242604 242604
242604 242604
242604 242604
242604 242604
242604 242604
242604 242604
242604 242604
242604 242604
242604 242604
242604 242604
242604 242604
242604 242604
242604 242604
242604 242604
242604 242604
242604 242604
242604 242604
242604 242604
242604 242604
242605 242605
242605 242605
242605 242605
242605 242605
242605 242605
242605 242605
242606 242606
242606 242606
242606 242606
242606 242606
242606 242606
242606 242606
242606 242606
242606 242606
242606 242606
242606 242606
242606 242606
242606 242606
242606 242606
242606 242606
242606 242606
242606 242606
242606 242606
242606 242606
242606 242606
242606 242606
242606 242606
242606 242606
242606 242606
242606 242606
242606 242606
242606 242606
242606 242606
242606 242606
242606 242606
242606 242606
242606 242606
242606 242606
242606 242606
242606 242606
242606 242606
242606 242606
242606 242606
242606 242606
242606 242606
242606 242606
242606 242606
242606 242606
242606 242606
242606 242606
242606 242606
242606 242606
242606 242606
242606 242606
242606 242606
242606 242606
242606 242606
242606 242606
242606 242606
242606 242606
242606 242606
242606 242606
242606 242606
242606 242606
242606 242606
242606 242606
242606 242606
242606 242606
242606 242606
242606 242606
242606 242606
242606 242606
242606 242606
242606 242606
242606 242606
242606 242606
242606 242606
242606 242606
242606 242606
242606 242606
242606 242606
242606 242606
242606 242606
242606 242606
242606 242606
242606 242606
242606 242606
242606 242606
242606 242606
242606 242606
242627 242627
242627 242627
242627 242627
242627 242627
242627 242627
242627 242627
242627 242627
242627 242627
242627 242627
242627 242627
242627 242627
242627 242627
242627 242627
242627 242627
242627 242627
242627 242627
242627 242627
242627 242627
242627 242627
242627 242627
242627 242627
242627 242627
242627 242627
242627 242627
242627 242627
242627 242627
242627 242627
242627 242627
242627 242627
242627 242627
242627 242627
242627 242627
242627 242627
242627 242627
242627 242627
242627 242627
242627 242627
242627 242627
242627 242627
242627 242627
242627 242627
242627 242627
242627 242627
242627 242627
242627 242627
242627 242627
242627 242627
242627 242627
242627 242627
242627 242627
242627 242627
242627 242627
242627 242627
242627 242627
242627 242627
242627 242627
242627 242627
242627 242627
242627 242627
242627 242627
242627 242627
242627 242627
242627 242627
242627 242627
242627 242627
242627 242627
242627 242627
242627 242627
242627 242627
242627 242627
242627 242627
242627 242627
242627 242627
242627 242627
242627 242627
242627 242627
242627 242627
242627 242627
242627 242627
242627 242627
242627 242627
242627 242627
242627 242627
242627 242627
242627 242627
242627 242627
242627 242627
242627 242627
242627 242627
242627 242627
242627 242627
242627 242627
242627 242627
242627 242627
242627 242627
242627 242627
242627 242627
242627 242627
242627 242627
242627 242627
242627 242627
242627 242627
242627 242627
242627 242627
242627 242627
242627 242627
242627 242627
242627 242627
242627 242627
242627 242627
242627 242627
242627 242627
242627 242627
242627 242627
242627 242627
242627 242627
242627 242627
242627 242627
242627 242627
242627 242627
242627 242627
242627 242627
242627 242627
242627 242627
242627 242627
242627 242627
242627 242627
242627 242627
242627 242627
242627 242627
242627 242627
242627 242627
242627 242627
242627 242627
242627 242627
242627 242627
242627 242627
242627 242627
242627 242627
242627 242627
242627 242627
242627 242627
242627 242627
242627 242627
242627 242627
242627 242627
242627 242627
242627 242627
242627 242627
242627 242627
242627 242627
242627 242627
242627 242627
242627 242627
242627 242627
242627 242627
242627 242627
242627 242627
242627 242627
242627 242627
242627 242627
242627 242627
242627 242627
242627 242627
242627 242627
242627 242627
242627 242627
242627 242627
242627 242627
242627 242627
242627 242627
242627 242627
242627 242627
242627 242627
242627 242627
242627 242627
242627 242627
242627 242627
242627 242627
242627 242627
242627 242627
242627 242627
242627 242627
242627 242627
242627 242627
242627 242627
242627 242627
242627 242627
242627 242627
242627 242627
242627 242627
242627 242627
242627 242627
242627 242627
242627 242627
242627 242627
242627 242627
242627 242627
242627 242627
242627 242627
242627 242627
242627 242627
242627 242627
242627 242627
242627 242627
242627 242627
242627 242627
242627 242627
242627 242627
242627 242627
242627 242627
242627 242627
242627 242627
242627 242627
242627 242627
242627 242627
242627 242627
242627 242627
242627 242627
242627 242627
242627 242627
242627 242627
242627 242627
242627 242627
242627 242627
242627 242627
242627 242627
242627 242627
242627 242627
242627 242627
242627 242627
242627 242627
242627 242627
242627 242627
242627 242627
242627 242627
242627 242627
242627 242627
242627 242627
242627 242627
242627 242627
242627 242627
242627 242627
242627 242627
242627 242627
242627 242627
242627 242627
242627 242627
242627 242627
242627 242627
242627 242627
242627 242627
242627 242627
242627 242627
242627 242627
242627 242627
242627 242627
242627 242627
242627 242627
242627 242627
242627 242627
242627 242627
242627 242627
242627 242627
242627 242627
242627 242627
242627 242627
242627 242627
242627 242627
242627 242627
242627 242627
242627 242627
242627 242627
242627 242627
242627 242627
242627 242627
242627 242627
242627 242627
242627 242627
242627 242627
242627 242627
242627 242627
242627 242627
242627 242627
242627 242627
242627 242627
242627 242627
242627 242627
242627 242627
242627 242627
242627 242627
242627 242627
242627 242627
242627 242627
242627 242627
242627 242627
242627 242627
242627 242627
242627 242627
242627 242627
242627 242627
242627 242627
242627 242627
242627 242627
242627 242627
242627 242627
242627 242627
242627 242627
242627 242627
242627 242627
242627 242627
242627 242627
242627 242627
242627 242627
242627 242627
242627 242627
242627 242627
242627 242627
242648 242648
242648 242648
242648 242648
242648 242648
242648 242648
242648 242648
242648 242648
242648 242648
242648 242648
242648 242648
242648 242648
242648 242648
242648 242648
242648 242648
242648 242648
242648 242648
242648 242648
242648 242648
242648 242648
242648 242648
242648 242648
242648 242648
242648 242648
242648 242648
242648 242648
242648 242648
242648 242648
242648 242648
242648 242648
242648 242648
242648 242648
242648 242648
242648 242648
242648 242648
242648 242648
242648 242648
242648 242648
242648 242648
242648 242648
242648 242648
242648 242648
242648 242648
242648 242648
242648 242648
242648 242648
242648 242648
242648 242648
242648 242648
242648 242648
242648 242648
242648 242648
242648 242648
242648 242648
242648 242648
242648 242648
242648 242648
242648 242648
242648 242648
242648 242648
242648 242648
242648 242648
242648 242648
242648 242648
242648 242648
242648 242648
242648 242648
242648 242648
242648 242648
242648 242648
242648 242648
242648 242648
242648 242648
242648 242648
242648 242648
242648 242648
242648 242648
242648 242648
242648 242648
242648 242648
242648 242648
242648 242648
242648 242648
242648 242648
242648 242648
242648 242648
242648 242648
242648 242648
242648 242648
242648 242648
242648 242648
242648 242648
242648 242648
242648 242648
242648 242648
242648 242648
242648 242648
242648 242648
242648 242648
242648 242648
242648 242648
242648 242648
242648 242648
242648 242648
242648 242648
242648 242648
242648 242648
242648 242648
242648 242648
242648 242648
242648 242648
242648 242648
242648 242648
242648 242648
242648 242648
242648 242648
242648 242648
242648 242648
242648 242648
242648 242648
242648 242648
242648 242648
242648 242648
242648 242648
242648 242648
242648 242648
242648 242648
242648 242648
242648 242648
242648 242648
242648 242648
242648 242648
242648 242648
242648 242648
242648 242648
242648 242648
242648 242648
242648 242648
242648 242648
242648 242648
242648 242648
242648 242648
242648 242648
242648 242648
242648 242648
242648 242648
242648 242648
242648 242648
242648 242648
242648 242648
242648 242648
242648 242648
242648 242648
242648 242648
242648 242648
242648 242648
242648 242648
242648 242648
242648 242648
242648 242648
242648 242648
242648 242648
242648 242648
242648 242648
242648 242648
242648 242648
242648 242648
242648 242648
242648 242648
242648 242648
242648 242648
242648 242648
242648 242648
242648 242648
242648 242648
242648 242648
242648 242648
242648 242648
242648 242648
242648 242648
242648 242648
242648 242648
242648 242648
242648 242648
242648 242648
242648 242648
242648 242648
242648 242648
242648 242648
242648 242648
242648 242648
242648 242648
242648 242648
242648 242648
242648 242648
242648 242648
242648 242648
242648 242648
242648 242648
242648 242648
242648 242648
242648 242648
242648 242648
242648 242648
242648 242648
242648 242648
242648 242648
242648 242648
242648 242648
242648 242648
242648 242648
242648 242648
242648 242648
242648 242648
242648 242648
242648 242648
242648 242648
242648 242648
242648 242648
242648 242648
242648 242648
242648 242648
242648 242648
242648 242648
242648 242648
242648 242648
242648 242648
242648 242648
242648 242648
242648 242648
242648 242648
242648 242648
242648 242648
242648 242648
242648 242648
242648 242648
242648 242648
242648 242648
242648 242648
242648 242648
242648 242648
242648 242648
242648 242648
242648 242648
242648 242648
242648 242648
242648 242648
242648 242648
242648 242648
242648 242648
242648 242648
242648 242648
242648 242648
242648 242648
242648 242648
242648 242648
242648 242648
242648 242648
242648 242648
242648 242648
242648 242648
242648 242648
242648 242648
242648 242648
242648 242648
242648 242648
242648 242648
242648 242648
242648 242648
242648 242648
242648 242648
242648 242648
242648 242648
242648 242648
242648 242648
242648 242648
242648 242648
242648 242648
242648 242648
242648 242648
242648 242648
242648 242648
242648 242648
242648 242648
242648 242648
242648 242648
242648 242648
242648 242648
242648 242648
242648 242648
242648 242648
242648 242648
242648 242648
242648 242648
242648 242648
242648 242648
242648 242648
242648 242648
242648 242648
242648 242648
242648 242648
242648 242648
242648 242648
242648 242648
242648 242648
242648 242648
242648 242648
242648 242648
242648 242648
242648 242648
242648 242648
242648 242648
242648 242648
242648 242648
242648 242648
242648 242648
242648 242648
242648 242648
242648 242648
242648 242648
242648 242648
242671 242671
242671 242671
242671 242671
242671 242671
242671 242671
242671 242671
242671 242671
242671 242671
242671 242671
242671 242671
242671 242671
242671 242671
242671 242671
242671 242671
242671 242671
242671 242671
242671 242671
242671 242671
242671 242671
242671 242671
242671 242671
242671 242671
242671 242671
242671 242671
242671 242671
242671 242671
242671 242671
242671 242671
242671 242671
242671 242671
242671 242671
242671 242671
242671 242671
242671 242671
242671 242671
242671 242671
242671 242671
242671 242671
242671 242671
242671 242671
242671 242671
242671 242671
242671 242671
242671 242671
242671 242671
242671 242671
242671 242671
242671 242671
242671 242671
242671 242671
242671 242671
242671 242671
242671 242671
242671 242671
242671 242671
242671 242671
242671 242671
242671 242671
242671 242671
242671 242671
242671 242671
242671 242671
242671 242671
242671 242671
242671 242671
242671 242671
242671 242671
242671 242671
242671 242671
242671 242671
242671 242671
242671 242671
242671 242671
242671 242671
242671 242671
242671 242671
242671 242671
242671 242671
242671 242671
242671 242671
242671 242671
242671 242671
242671 242671
242671 242671
242671 242671
242671 242671
242671 242671
242671 242671
242671 242671
242671 242671
242671 242671
242671 242671
242671 242671
242671 242671
242671 242671
242671 242671
242671 242671
242671 242671
242671 242671
242671 242671
242671 242671
242671 242671
242671 242671
242671 242671
242671 242671
242671 242671
242671 242671
242671 242671
242671 242671
242671 242671
242671 242671
242671 242671
242671 242671
242671 242671
242671 242671
242671 242671
242671 242671
242671 242671
242671 242671
242671 242671
242671 242671
242671 242671
242671 242671
242671 242671
242671 242671
242671 242671
242671 242671
242671 242671
242671 242671
242671 242671
242671 242671
242671 242671
242671 242671
242671 242671
242671 242671
242671 242671
242671 242671
242671 242671
242671 242671
242671 242671
242671 242671
242671 242671
242671 242671
242671 242671
242671 242671
242671 242671
242671 242671
242671 242671
242671 242671
242671 242671
242671 242671
242671 242671
242671 242671
242671 242671
242671 242671
242671 242671
242671 242671
242671 242671
242671 242671
242671 242671
242671 242671
242671 242671
242671 242671
242671 242671
242671 242671
242671 242671
242671 242671
242671 242671
242671 242671
242671 242671
242671 242671
242671 242671
242671 242671
242671 242671
242671 242671
242671 242671
242671 242671
242671 242671
242671 242671
242671 242671
242671 242671
242671 242671
242671 242671
242671 242671
242671 242671
242671 242671
242671 242671
242671 242671
242674 242674
242674 242674
242674 242674
242674 242674
242674 242674
242674 242674
242674 242674
242674 242674
242674 242674
242674 242674
242674 242674
242674 242674
242674 242674
242674 242674
242674 242674
242674 242674
242674 242674
242674 242674
242674 242674
242674 242674
242674 242674
242674 242674
242674 242674
242674 242674
242674 242674
242674 242674
242674 242674
242674 242674
242674 242674
242674 242674
242674 242674
242674 242674
242674 242674
242674 242674
242674 242674
242674 242674
242674 242674
242674 242674
242674 242674
242674 242674
242674 242674
242674 242674
242674 242674
242674 242674
242674 242674
242674 242674
242674 242674
242674 242674
242674 242674
242674 242674
242674 242674
242674 242674
242674 242674
242674 242674
242674 242674
242674 242674
242674 242674
242674 242674
242674 242674
242674 242674
242674 242674
242674 242674
242674 242674
242674 242674
242674 242674
242674 242674
242674 242674
242674 242674
242674 242674
242674 242674
242674 242674
242674 242674
242674 242674
242674 242674
242674 242674
242674 242674
242674 242674
242674 242674
242674 242674
242674 242674
242674 242674
242674 242674
242674 242674
242674 242674
242674 242674
242674 242674
242674 242674
242674 242674
242674 242674
242674 242674
242674 242674
242674 242674
242674 242674
242674 242674
242674 242674
242674 242674
242674 242674
242674 242674
242674 242674
242674 242674
242674 242674
242674 242674
242674 242674
242674 242674
242674 242674
242674 242674
242674 242674
242674 242674
242674 242674
242674 242674
242674 242674
242674 242674
242674 242674
242674 242674
242674 242674
242674 242674
242674 242674
242674 242674
242674 242674
242674 242674
242674 242674
242674 242674
242674 242674
242674 242674
242674 242674
242674 242674
242674 242674
242674 242674
242674 242674
242674 242674
242674 242674
242674 242674
242674 242674
242674 242674
242674 242674
242674 242674
242674 242674
242674 242674
242674 242674
242674 242674
242674 242674
242674 242674
242674 242674
242674 242674
242674 242674
242674 242674
242674 242674
242674 242674
242674 242674
242674 242674
242674 242674
242674 242674
242674 242674
242674 242674
242674 242674
242674 242674
242674 242674
242674 242674
242674 242674
242674 242674
242674 242674
242674 242674
242674 242674
242674 242674
242674 242674
242674 242674
242674 242674
242674 242674
242674 242674
242674 242674
242674 242674
242674 242674
242674 242674
242674 242674
242674 242674
242674 242674
242674 242674
242674 242674
242674 242674
242674 242674
242674 242674
242674 242674
242674 242674
242674 242674
242674 242674
242674 242674
242674 242674
242674 242674
242674 242674
242674 242674
242674 242674
242674 242674
242674 242674
242674 242674
242674 242674
242674 242674
242674 242674
242674 242674
242674 242674
242674 242674
242674 242674
242674 242674
242674 242674
242674 242674
242674 242674
242674 242674
242674 242674
242674 242674
242674 242674
242674 242674
242674 242674
242674 242674
242674 242674
242674 242674
242674 242674
242674 242674
242674 242674
242674 242674
242674 242674
242674 242674
242674 242674
242674 242674
242674 242674
242674 242674
242674 242674
242674 242674
242674 242674
242674 242674
242674 242674
242674 242674
242674 242674
242674 242674
242674 242674
242674 242674
242674 242674
242674 242674
242674 242674
242674 242674
242674 242674
242674 242674
242674 242674
242674 242674
242674 242674
242674 242674
242674 242674
242674 242674
242674 242674
242674 242674
242674 242674
242674 242674
242674 242674
242674 242674
242674 242674
242674 242674
242674 242674
242674 242674
242674 242674
242674 242674
242674 242674
242674 242674
242674 242674
242674 242674
242674 242674
242674 242674
242674 242674
242674 242674
242674 242674
242674 242674
242674 242674
242674 242674
242674 242674
242674 242674
242674 242674
242674 242674
242674 242674
242674 242674
242674 242674
242674 242674
242674 242674
242674 242674
242674 242674
242674 242674
242674 242674
242674 242674
242674 242674
242674 242674
242674 242674
242674 242674
242674 242674
242674 242674
242674 242674
242674 242674
242674 242674
242674 242674
242674 242674
242674 242674
242674 242674
242674 242674
242674 242674
242674 242674
242674 242674
242674 242674
242674 242674
242674 242674
242674 242674
242674 242674
242674 242674
242674 242674
242674 242674
242674 242674
242674 242674
242674 242674
242674 242674
242674 242674
242674 242674
242674 242674
242674 242674
242674 242674
242674 242674
242674 242674
242674 242674
242674 242674
242674 242674
242674 242674
242674 242674
242674 242674
242674 242674
242674 242674
242674 242674
242674 242674
242674 242674
242674 242674
242674 242674
242674 242674
242674 242674
242674 242674
242674 242674
242674 242674
242674 242674
242674 242674
242674 242674
242674 242674
242674 242674
242674 242674
242674 242674
242674 242674
242674 242674
242674 242674
242674 242674
242674 242674
242674 242674
242674 242674
242674 242674
242674 242674
242674 242674
242674 242674
242674 242674
242674 242674
242674 242674
242674 242674
242674 242674
242674 242674
242674 242674
242674 242674
242674 242674
242674 242674
242674 242674
242674 242674
242674 242674
242674 242674
242674 242674
242674 242674
242674 242674
242674 242674
242674 242674
242674 242674
242674 242674
242674 242674
242674 242674
242674 242674
242674 242674
242674 242674
242674 242674
242674 242674
242674 242674
242674 242674
242674 242674
242674 242674
242674 242674
242674 242674
242674 242674
242674 242674
242674 242674
242674 242674
242674 242674
242674 242674
242674 242674
242674 242674
242674 242674
242674 242674
242674 242674
242674 242674
242674 242674
242674 242674
242674 242674
242674 242674
242674 242674
242674 242674
242674 242674
242674 242674
242674 242674
242674 242674
242674 242674
242674 242674
242674 242674
242674 242674
242674 242674
242674 242674
242674 242674
242674 242674
242674 242674
242674 242674
242674 242674
242674 242674
242674 242674
242674 242674
242674 242674
242674 242674
242674 242674
242674 242674
242674 242674
242674 242674
242674 242674
242674 242674
242674 242674
242674 242674
242674 242674
242674 242674
242674 242674
242674 242674
242674 242674
242674 242674
242674 242674
242674 242674
242674 242674
242674 242674
242674 242674
242674 242674
242674 242674
242674 242674
242674 242674
242674 242674
242674 242674
242674 242674
242674 242674
242674 242674
242674 242674
242674 242674
242674 242674
242674 242674
242674 242674
242674 242674
242674 242674
242674 242674
242674 242674
242674 242674
242674 242674
242674 242674
242674 242674
242674 242674
242674 242674
242674 242674
242674 242674
242674 242674
242674 242674
242674 242674
242674 242674
242674 242674
242674 242674
242674 242674
242674 242674
242674 242674
242674 242674
242674 242674
242674 242674
242674 242674
242674 242674
242674 242674
242674 242674
242674 242674
242674 242674
242674 242674
242674 242674
242674 242674
242674 242674
242674 242674
242674 242674
242674 242674
242674 242674
242674 242674
242674 242674
242674 242674
242674 242674
242674 242674
242674 242674
242674 242674
242674 242674
242674 242674
242674 242674
242674 242674
242674 242674
242674 242674
242674 242674
242674 242674
242674 242674
242674 242674
242674 242674
242674 242674
242674 242674
242674 242674
242674 242674
242674 242674
242674 242674
242674 242674
242674 242674
242674 242674
242674 242674
242674 242674
242674 242674
242674 242674
242674 242674
242674 242674
242674 242674
242674 242674
242674 242674
242674 242674
242674 242674
242674 242674
242674 242674
242674 242674
242674 242674
242674 242674
242674 242674
242674 242674
242674 242674
242674 242674
242674 242674
242674 242674
242674 242674
242674 242674
242674 242674
242674 242674
242674 242674
242674 242674
242674 242674
242674 242674
242674 242674
242674 242674
242674 242674
242674 242674
242674 242674
242674 242674
242674 242674
242674 242674
242674 242674
242674 242674
242674 242674
242674 242674
242674 242674
242674 242674
242674 242674
242674 242674
242674 242674
242674 242674
242674 242674
242674 242674
242674 242674
242674 242674
242674 242674
242674 242674
242674 242674
242674 242674
242674 242674
242674 242674
242674 242674
242674 242674
242674 242674
242674 242674
242674 242674
242674 242674
242674 242674
242674 242674
242674 242674
242674 242674
242674 242674
242674 242674
242674 242674
242674 242674
242674 242674
242674 242674
242674 242674
242674 242674
242674 242674
242674 242674
242674 242674
242674 242674
242674 242674
242674 242674
242674 242674
242674 242674
242674 242674
242674 242674
242674 242674
242674 242674
242674 242674
242674 242674
242674 242674
242674 242674
242674 242674
242674 242674
242674 242674
242674 242674
242674 242674
242674 242674
242674 242674
242674 242674
242674 242674
242674 242674
242674 242674
242674 242674
242674 242674
242674 242674
242674 242674
242674 242674
242674 242674
242674 242674
242674 242674
242674 242674
242674 242674
242674 242674
242674 242674
242674 242674
242674 242674
242674 242674
242674 242674
242674 242674
242674 242674
242674 242674
242674 242674
242674 242674
242674 242674
242674 242674
242674 242674
242674 242674
242674 242674
242674 242674
242674 242674
242674 242674
242674 242674
242674 242674
242674 242674
242674 242674
242674 242674
242674 242674
242674 242674
242674 242674
242674 242674
242674 242674
242674 242674
242674 242674
242674 242674
242674 242674
242674 242674
242674 242674
242674 242674
242674 242674
242674 242674
242674 242674
242674 242674
242674 242674
242674 242674
242674 242674
242674 242674
242674 242674
242674 242674
242674 242674
242674 242674
242674 242674
242674 242674
242674 242674
242674 242674
242674 242674
242674 242674
242674 242674
242674 242674
242674 242674
242674 242674
242674 242674
242674 242674
242674 242674
242674 242674
242674 242674
242674 242674
242674 242674
242674 242674
242674 242674
242674 242674
242674 242674
242674 242674
242674 242674
242674 242674
242674 242674
242674 242674
242674 242674
242674 242674
242674 242674
242674 242674
242674 242674
242674 242674
242674 242674
242674 242674
242674 242674
242674 242674
242674 242674
242674 242674
242674 242674
242674 242674
242674 242674
242674 242674
242674 242674
242674 242674
242674 242674
242674 242674
242674 242674
242674 242674
242674 242674
242674 242674
242674 242674
242674 242674
242674 242674
242674 242674
242674 242674
242674 242674
242674 242674
242674 242674
242674 242674
242674 242674
242676 242676
242676 242676
242676 242676
242676 242676
242676 242676
242676 242676
242676 242676
242676 242676
242676 242676
242676 242676
242676 242676
242676 242676
242676 242676
242676 242676
242676 242676
242676 242676
242676 242676
242676 242676
242676 242676
242676 242676
242676 242676
242676 242676
242676 242676
242676 242676
242676 242676
242676 242676
242676 242676
242676 242676
242676 242676
242676 242676
242676 242676
242676 242676
242676 242676
242676 242676
242676 242676
242684 242684
242684 242684
242684 242684
242684 242684
242684 242684
242684 242684
242684 242684
242684 242684
242684 242684
242684 242684
242684 242684
242684 242684
242684 242684
242684 242684
242684 242684
242684 242684
242684 242684
242684 242684
242684 242684
242684 242684
242684 242684
242684 242684
242684 242684
242684 242684
242684 242684
242684 242684
242684 242684
242684 242684
242684 242684
242684 242684
242684 242684
242684 242684
242684 242684
242684 242684
242684 242684
242684 242684
242684 242684
242684 242684
242684 242684
242684 242684
242684 242684
242684 242684
242684 242684
242684 242684
242684 242684
242684 242684
242684 242684
242684 242684
242684 242684
242684 242684
242684 242684
242684 242684
242684 242684
242684 242684
242684 242684
242684 242684
242684 242684
242684 242684
242684 242684
242684 242684
242684 242684
242684 242684
242684 242684
242684 242684
242684 242684
242684 242684
242684 242684
242684 242684
242684 242684
242684 242684
242684 242684
242684 242684
242684 242684
242684 242684
242684 242684
242684 242684
242684 242684
242684 242684
242684 242684
242684 242684
242684 242684
242684 242684
242684 242684
242684 242684
242684 242684
242684 242684
