242668
156902 156902
161095 161095
167703 167703
171792 171792
172366 172366
176081 176081
182781 182781
184960 184960
188971 188971
189033 189033
189359 189359
191711 191711
192370 192370
197038 197038
202007 202007
203428 203428
204805 204805
207308 207308
207965 207965
209477 209477
210769 210769
211724 211724
212861 212861
213403 213403
217873 217873
218896 218896
220246 220246
221846 221846
222123 222123
223172 223172
223271 223271
224732 224732
225444 225444
225945 225945
227100 227100
227529 227529
228769 228769
228981 228981
230748 230748
230997 230997
231055 231055
231780 231780
232171 232171
232762 232762
233047 233047
233317 233317
233561 233561
233986 233986
234095 234095
234622 234622
234849 234849
235083 235083
235943 235943
236161 236161
236739 236739
237225 237225
237247 237247
238445 238445
238445 238445
238545 238545
238658 238658
238969 238969
239157 239157
239205 239205
239533 239533
239732 239732
239997 239997
239997 239997
239997 239997
240079 240079
240127 240127
240320 240320
240445 240445
240514 240514
240544 240544
240652 240652
240661 240661
240684 240684
240720 240720
240740 240740
240883 240883
240923 240923
240996 240996
241023 241023
241027 241027
241151 241151
241151 241151
241162 241162
241162 241162
241162 241162
241162 241162
241185 241185
241233 241233
241287 241287
241388 241388
241465 241465
241584 241584
241584 241584
241868 241868
241868 241868
241868 241868
241868 241868
241869 241869
241882 241882
241882 241882
241882 241882
241919 241919
241919 241919
241980 241980
241980 241980
241984 241984
242023 242023
242023 242023
242113 242113
242113 242113
242113 242113
242173 242173
242173 242173
242173 242173
242173 242173
242173 242173
242173 242173
242177 242177
242186 242186
242186 242186
242186 242186
242186 242186
242186 242186
242186 242186
242207 242207
242207 242207
242207 242207
242207 242207
242271 242271
242271 242271
242271 242271
242271 242271
242271 242271
242284 242284
242284 242284
242297 242297
242297 242297
242297 242297
242297 242297
242297 242297
242297 242297
242297 242297
242297 242297
242297 242297
242366 242366
242369 242369
242369 242369
242397 242397
242397 242397
242397 242397
242397 242397
242397 242397
242423 242423
242423 242423
242423 242423
242423 242423
242423 242423
242423 242423
242423 242423
242423 242423
242423 242423
242423 242423
242423 242423
242423 242423
242423 242423
242423 242423
242423 242423
242423 242423
242423 242423
242423 242423
242423 242423
242423 242423
242423 242423
242423 242423
242423 242423
242453 242453
242453 242453
242521 242521
242521 242521
242521 242521
242521 242521
242521 242521
242521 242521
242521 242521
242521 242521
242521 242521
242521 242521
242521 242521
242521 242521
242521 242521
242521 242521
242521 242521
242521 242521
242521 242521
242521 242521
242521 242521
242521 242521
242521 242521
242521 242521
242521 242521
242521 242521
242521 242521
242521 242521
242521 242521
242521 242521
242521 242521
242521 242521
242521 242521
242521 242521
242530 242530
242530 242530
242530 242530
242530 242530
242530 242530
242530 242530
242530 242530
242530 242530
242530 242530
242530 242530
242530 242530
242530 242530
242530 242530
242571 242571
242571 242571
242571 242571
242571 242571
242571 242571
242571 242571
242571 242571
242571 242571
242583 242583
242583 242583
242583 242583
242583 242583
242583 242583
242583 242583
242583 242583
242583 242583
242583 242583
242583 242583
242583 242583
242583 242583
242585 242585
242589 242589
242589 242589
242589 242589
242589 242589
242589 242589
242589 242589
242589 242589
242589 242589
242598 242598
242598 242598
242598 242598
242598 242598
242598 242598
242598 242598
242598 242598
242598 242598
242598 242598
242598 242598
242598 242598
242598 242598
242598 242598
242598 242598
242598 242598
242598 242598
242598 242598
242598 242598
242598 242598
242598 242598
242598 242598
242598 242598
242598 242598
242598 242598
242598 242598
242598 242598
242598 242598
242598 242598
242598 242598
242598 242598
242598 242598
242598 242598
242598 242598
242598 242598
242598 242598
242598 242598
242598 242598
242598 242598
242598 242598
242598 242598
242598 242598
242598 242598
242598 242598
242598 242598
242598 242598
242598 242598
242598 242598
242598 242598
242598 242598
242598 242598
242598 242598
242598 242598
242598 242598
242598 242598
242598 242598
242598 242598
242598 242598
242598 242598
242598 242598
242598 242598
242598 242598
242598 242598
242598 242598
242598 242598
242598 242598
242598 242598
242598 242598
242598 242598
242598 242598
242598 242598
242598 242598
242598 242598
242598 242598
242598 242598
242598 242598
242598 242598
242598 242598
242598 242598
242598 242598
242598 242598
242598 242598
242598 242598
242598 242598
242598 242598
242598 242598
242598 242598
242598 242598
242598 242598
242598 242598
242598 242598
242598 242598
242598 242598
242598 242598
242598 242598
242598 242598
242598 242598
242598 242598
242598 242598
242598 242598
242598 242598
242598 242598
242598 242598
242598 242598
242598 242598
242598 242598
242598 242598
242598 242598
242598 242598
242598 242598
242598 242598
242598 242598
242598 242598
242598 242598
242598 242598
242598 242598
242598 242598
242598 242598
242598 242598
242598 242598
242598 242598
242598 242598
242598 242598
242598 242598
242598 242598
242598 242598
242598 242598
242598 242598
242598 242598
242598 242598
242598 242598
242598 242598
242598 242598
242598 242598
242598 242598
242598 242598
242598 242598
242598 242598
242598 242598
242598 242598
242598 242598
242598 242598
242598 242598
242598 242598
242598 242598
242598 242598
242598 242598
242598 242598
242598 242598
242598 242598
242598 242598
242598 242598
242598 242598
242598 242598
242598 242598
242621 242621
242621 242621
242621 242621
242621 242621
242621 242621
242621 242621
242621 242621
242621 242621
242621 242621
242621 242621
242621 242621
242621 242621
242621 242621
242621 242621
242621 242621
242621 242621
242621 242621
242621 242621
242621 242621
242621 242621
242621 242621
242621 242621
242621 242621
242621 242621
242621 242621
242621 242621
242621 242621
242621 242621
242621 242621
242621 242621
242621 242621
242621 242621
242621 242621
242621 242621
242621 242621
242621 242621
242621 242621
242621 242621
242621 242621
242621 242621
242621 242621
242621 242621
242621 242621
242621 242621
242621 242621
242621 242621
242621 242621
242621 242621
242621 242621
242621 242621
242621 242621
242621 242621
242621 242621
242621 242621
242621 242621
242621 242621
242621 242621
242621 242621
242621 242621
242621 242621
242621 242621
242621 242621
242621 242621
242621 242621
242621 242621
242621 242621
242621 242621
242621 242621
242621 242621
242621 242621
242621 242621
242621 242621
242621 242621
242621 242621
242657 242657
242657 242657
242657 242657
242657 242657
242657 242657
242657 242657
242657 242657
242657 242657
242657 242657
242657 242657
242657 242657
242657 242657
242657 242657
242657 242657
242657 242657
242657 242657
242657 242657
242657 242657
242657 242657
242657 242657
242657 242657
242657 242657
242657 242657
242657 242657
242657 242657
242657 242657
242657 242657
242657 242657
242657 242657
242657 242657
242657 242657
242657 242657
242657 242657
242657 242657
242657 242657
242657 242657
242657 242657
242657 242657
242657 242657
242657 242657
242657 242657
242657 242657
242657 242657
242657 242657
242657 242657
242657 242657
242657 242657
242657 242657
242657 242657
242657 242657
242657 242657
242657 242657
242657 242657
242657 242657
242657 242657
242657 242657
242657 242657
242657 242657
242657 242657
242657 242657
242657 242657
242657 242657
242657 242657
242657 242657
242657 242657
242657 242657
242657 242657
242657 242657
242657 242657
242657 242657
242657 242657
242657 242657
242657 242657
242657 242657
242657 242657
242657 242657
242657 242657
242657 242657
242657 242657
242657 242657
242657 242657
242657 242657
242657 242657
242657 242657
242657 242657
242657 242657
242657 242657
242657 242657
242657 242657
242657 242657
242657 242657
242657 242657
242657 242657
242657 242657
242657 242657
242657 242657
242657 242657
242657 242657
242657 242657
242657 242657
242657 242657
242657 242657
242657 242657
242657 242657
242657 242657
242657 242657
242657 242657
242657 242657
242657 242657
242657 242657
242657 242657
242657 242657
242657 242657
242657 242657
242657 242657
242657 242657
242657 242657
242657 242657
242657 242657
242657 242657
242657 242657
242657 242657
242657 242657
242657 242657
242657 242657
242657 242657
242657 242657
242657 242657
242657 242657
242657 242657
242657 242657
242657 242657
242657 242657
242657 242657
242657 242657
242657 242657
242657 242657
242657 242657
242657 242657
242657 242657
242657 242657
242657 242657
242657 242657
242657 242657
242657 242657
242657 242657
242657 242657
242657 242657
242657 242657
242657 242657
242657 242657
242657 242657
242657 242657
242657 242657
242657 242657
242659 242659
242659 242659
242659 242659
242659 242659
242659 242659
242659 242659
242659 242659
242659 242659
242659 242659
242659 242659
242659 242659
242659 242659
242659 242659
242659 242659
242659 242659
242659 242659
242659 242659
242659 242659
242659 242659
242659 242659
242659 242659
242659 242659
242659 242659
242659 242659
242659 242659
242659 242659
242659 242659
242659 242659
242659 242659
242659 242659
242659 242659
242659 242659
242659 242659
242659 242659
242659 242659
242659 242659
242659 242659
242659 242659
242659 242659
242659 242659
242659 242659
242659 242659
242659 242659
242659 242659
242659 242659
242659 242659
242659 242659
242659 242659
242659 242659
242659 242659
242659 242659
242659 242659
242659 242659
242659 242659
242659 242659
242659 242659
242659 242659
242659 242659
242659 242659
242659 242659
242659 242659
242659 242659
242659 242659
242659 242659
242659 242659
242659 242659
242659 242659
242659 242659
242659 242659
242659 242659
242659 242659
242659 242659
242659 242659
242659 242659
242659 242659
242659 242659
242659 242659
242659 242659
242659 242659
242659 242659
242659 242659
242659 242659
242659 242659
242659 242659
242659 242659
242659 242659
242659 242659
242659 242659
242659 242659
242659 242659
242659 242659
242659 242659
242659 242659
242659 242659
242659 242659
242659 242659
242659 242659
242659 242659
242659 242659
242659 242659
242659 242659
242659 242659
242659 242659
242659 242659
242659 242659
242659 242659
242659 242659
242659 242659
242659 242659
242659 242659
242659 242659
242659 242659
242659 242659
242659 242659
242659 242659
242659 242659
242659 242659
242659 242659
242659 242659
242659 242659
242659 242659
242659 242659
242659 242659
242659 242659
242659 242659
242659 242659
242659 242659
242659 242659
242659 242659
242659 242659
242659 242659
242659 242659
242659 242659
242659 242659
242659 242659
242659 242659
242659 242659
242659 242659
242659 242659
242659 242659
242659 242659
242659 242659
242659 242659
242659 242659
242659 242659
242659 242659
242659 242659
242659 242659
242659 242659
242659 242659
242659 242659
242659 242659
242659 242659
242659 242659
242659 242659
242659 242659
242659 242659
242659 242659
242659 242659
242659 242659
242659 242659
242659 242659
242659 242659
242659 242659
242659 242659
242659 242659
242659 242659
242659 242659
242659 242659
242659 242659
242659 242659
242659 242659
242659 242659
242659 242659
242659 242659
242659 242659
242659 242659
242659 242659
242659 242659
242659 242659
242659 242659
242659 242659
242659 242659
242659 242659
242659 242659
242659 242659
242659 242659
242659 242659
242659 242659
242659 242659
242659 242659
242659 242659
242659 242659
242659 242659
242659 242659
242659 242659
242659 242659
242659 242659
242659 242659
242659 242659
242659 242659
242659 242659
242659 242659
242659 242659
242659 242659
242659 242659
242659 242659
242659 242659
242659 242659
242659 242659
242659 242659
242659 242659
242659 242659
242659 242659
242659 242659
242659 242659
242659 242659
242659 242659
242659 242659
242659 242659
242659 242659
242659 242659
242659 242659
242659 242659
242659 242659
242659 242659
242659 242659
242659 242659
242659 242659
242659 242659
242659 242659
242659 242659
242659 242659
242659 242659
242659 242659
242659 242659
242659 242659
242659 242659
242659 242659
242659 242659
242659 242659
242659 242659
242659 242659
242659 242659
242659 242659
242659 242659
242659 242659
242659 242659
242659 242659
242659 242659
242659 242659
242659 242659
242659 242659
242659 242659
242659 242659
242659 242659
242659 242659
242659 242659
242659 242659
242659 242659
242659 242659
242659 242659
242659 242659
242659 242659
242659 242659
242659 242659
242659 242659
242659 242659
242659 242659
242659 242659
242659 242659
242659 242659
242659 242659
242659 242659
242659 242659
242659 242659
242659 242659
242659 242659
242659 242659
242659 242659
242659 242659
242659 242659
242659 242659
242659 242659
242659 242659
242659 242659
242659 242659
242659 242659
242659 242659
242659 242659
242659 242659
242659 242659
242659 242659
242659 242659
242659 242659
242659 242659
242659 242659
242659 242659
242659 242659
242659 242659
242659 242659
242659 242659
242659 242659
242659 242659
242659 242659
242659 242659
242659 242659
242659 242659
242659 242659
242659 242659
242659 242659
242659 242659
242659 242659
242659 242659
242659 242659
242659 242659
242659 242659
242659 242659
242659 242659
242659 242659
242659 242659
242659 242659
242659 242659
242659 242659
242659 242659
242659 242659
242659 242659
242659 242659
242659 242659
242659 242659
242659 242659
242659 242659
242659 242659
242659 242659
242659 242659
242659 242659
242659 242659
242659 242659
242659 242659
242659 242659
242659 242659
242659 242659
242659 242659
242659 242659
242659 242659
242659 242659
242659 242659
242659 242659
242659 242659
242659 242659
242659 242659
242659 242659
242659 242659
242659 242659
242659 242659
242659 242659
242659 242659
242659 242659
242659 242659
242659 242659
242659 242659
242659 242659
242659 242659
242659 242659
242659 242659
242659 242659
242659 242659
242659 242659
242659 242659
242659 242659
242659 242659
242659 242659
242659 242659
242659 242659
242659 242659
242659 242659
242659 242659
242659 242659
242659 242659
242659 242659
242659 242659
242659 242659
242659 242659
242659 242659
242659 242659
242659 242659
242659 242659
242659 242659
242659 242659
242659 242659
242659 242659
242659 242659
242659 242659
242659 242659
242659 242659
242659 242659
242659 242659
242659 242659
242659 242659
242659 242659
242659 242659
242659 242659
242659 242659
242659 242659
242659 242659
242659 242659
242659 242659
242659 242659
242659 242659
242659 242659
242659 242659
242659 242659
242659 242659
242659 242659
242659 242659
242659 242659
242659 242659
242659 242659
242659 242659
242659 242659
242659 242659
242659 242659
242659 242659
242659 242659
242659 242659
242659 242659
242659 242659
242659 242659
242659 242659
242659 242659
242659 242659
242659 242659
242659 242659
242659 242659
242659 242659
242659 242659
242659 242659
242659 242659
242659 242659
242659 242659
242659 242659
242659 242659
242659 242659
242659 242659
242659 242659
242659 242659
242659 242659
242659 242659
242659 242659
242659 242659
242659 242659
242659 242659
242659 242659
242659 242659
242659 242659
242659 242659
242659 242659
242659 242659
242659 242659
242659 242659
242659 242659
242659 242659
242659 242659
242659 242659
242659 242659
242659 242659
242659 242659
242659 242659
242659 242659
242659 242659
242659 242659
242659 242659
242659 242659
242659 242659
242659 242659
242659 242659
242659 242659
242659 242659
242659 242659
242659 242659
242659 242659
242659 242659
242659 242659
242659 242659
242659 242659
242659 242659
242659 242659
242659 242659
242659 242659
242659 242659
242659 242659
242659 242659
242659 242659
242659 242659
242659 242659
242659 242659
242659 242659
242659 242659
242659 242659
242659 242659
242659 242659
242659 242659
242659 242659
242659 242659
242659 242659
242659 242659
242659 242659
242659 242659
242659 242659
242659 242659
242659 242659
242659 242659
242659 242659
242659 242659
242659 242659
242659 242659
242659 242659
242659 242659
242659 242659
242659 242659
242659 242659
242659 242659
242659 242659
242659 242659
242659 242659
242659 242659
242659 242659
242659 242659
242659 242659
242659 242659
242659 242659
242659 242659
242659 242659
242659 242659
242659 242659
242659 242659
242659 242659
242659 242659
242659 242659
242659 242659
242659 242659
242659 242659
242659 242659
242659 242659
242659 242659
242659 242659
242659 242659
242659 242659
242659 242659
242659 242659
242659 242659
242659 242659
242659 242659
242659 242659
242659 242659
242659 242659
242659 242659
242659 242659
242659 242659
242659 242659
242659 242659
242659 242659
242659 242659
242659 242659
242659 242659
242659 242659
242659 242659
242659 242659
242659 242659
242659 242659
242659 242659
242659 242659
242659 242659
242659 242659
242659 242659
242659 242659
242659 242659
242659 242659
242659 242659
242659 242659
242659 242659
242659 242659
242659 242659
242659 242659
242659 242659
242659 242659
242659 242659
242659 242659
242659 242659
242659 242659
242659 242659
242659 242659
242659 242659
242659 242659
242659 242659
242659 242659
242659 242659
242659 242659
242659 242659
242659 242659
242659 242659
242659 242659
242659 242659
242659 242659
242659 242659
242659 242659
242659 242659
242659 242659
242659 242659
242659 242659
242659 242659
242659 242659
242659 242659
242659 242659
242659 242659
242659 242659
242659 242659
242659 242659
242659 242659
242659 242659
242659 242659
242659 242659
242659 242659
242659 242659
242659 242659
242659 242659
242659 242659
242659 242659
242659 242659
242659 242659
242659 242659
242659 242659
242659 242659
242659 242659
242659 242659
242659 242659
242659 242659
242659 242659
242659 242659
242659 242659
242659 242659
242659 242659
242659 242659
242659 242659
242659 242659
242659 242659
242659 242659
242659 242659
242659 242659
242659 242659
242659 242659
242659 242659
242659 242659
242659 242659
242659 242659
242659 242659
242659 242659
242659 242659
242659 242659
242659 242659
242659 242659
242659 242659
242659 242659
242659 242659
242659 242659
242659 242659
242659 242659
242659 242659
242659 242659
242659 242659
242659 242659
242659 242659
242659 242659
242659 242659
242659 242659
242659 242659
242659 242659
242659 242659
242659 242659
242659 242659
242659 242659
242659 242659
242659 242659
242659 242659
242659 242659
242659 242659
242659 242659
242659 242659
242659 242659
242659 242659
242659 242659
242659 242659
242659 242659
242659 242659
242659 242659
242659 242659
242659 242659
242659 242659
242659 242659
242659 242659
242659 242659
242659 242659
242659 242659
242659 242659
242659 242659
242659 242659
242659 242659
242659 242659
242659 242659
242659 242659
242659 242659
242659 242659
242659 242659
242659 242659
242659 242659
242659 242659
242659 242659
242659 242659
242659 242659
242659 242659
242659 242659
242659 242659
242659 242659
242659 242659
242659 242659
242659 242659
242659 242659
242659 242659
242659 242659
242659 242659
242659 242659
242659 242659
242659 242659
242659 242659
242659 242659
242659 242659
242659 242659
242659 242659
242659 242659
242659 242659
242659 242659
242659 242659
242659 242659
242659 242659
242659 242659
242659 242659
242659 242659
242659 242659
242659 242659
242659 242659
242659 242659
242659 242659
242659 242659
242659 242659
242659 242659
242659 242659
242659 242659
242659 242659
242659 242659
242659 242659
242659 242659
242659 242659
242659 242659
242659 242659
242659 242659
242659 242659
242659 242659
242659 242659
242659 242659
242659 242659
242659 242659
242659 242659
242659 242659
242659 242659
242659 242659
242659 242659
242659 242659
242659 242659
242659 242659
242659 242659
242659 242659
242659 242659
242659 242659
242659 242659
242659 242659
242659 242659
242659 242659
242659 242659
242659 242659
242659 242659
242659 242659
242659 242659
242659 242659
242659 242659
242659 242659
242659 242659
242659 242659
242659 242659
242659 242659
242659 242659
242659 242659
242659 242659
242659 242659
242659 242659
242659 242659
242659 242659
242659 242659
242659 242659
242659 242659
242659 242659
242659 242659
242659 242659
242659 242659
242659 242659
242659 242659
242659 242659
242659 242659
242659 242659
242659 242659
242659 242659
242659 242659
242659 242659
242659 242659
242659 242659
242659 242659
242659 242659
242659 242659
242659 242659
242659 242659
242659 242659
242659 242659
242659 242659
242659 242659
242659 242659
242659 242659
242659 242659
242659 242659
242659 242659
242659 242659
242659 242659
242659 242659
242659 242659
242659 242659
242659 242659
242659 242659
242659 242659
242659 242659
242659 242659
242659 242659
242659 242659
242659 242659
242659 242659
242659 242659
242659 242659
242659 242659
242659 242659
242659 242659
242659 242659
242659 242659
242659 242659
242659 242659
242659 242659
242659 242659
242659 242659
242659 242659
242659 242659
242659 242659
242659 242659
242659 242659
242659 242659
242659 242659
242659 242659
242659 242659
242659 242659
242659 242659
242659 242659
242659 242659
242659 242659
242659 242659
242659 242659
242659 242659
242659 242659
242659 242659
242659 242659
242659 242659
242659 242659
242659 242659
242659 242659
242659 242659
242659 242659
242659 242659
242659 242659
242659 242659
242659 242659
242659 242659
242659 242659
242659 242659
242659 242659
242659 242659
242659 242659
242659 242659
242659 242659
242659 242659
242659 242659
242659 242659
242659 242659
242659 242659
242659 242659
242659 242659
242659 242659
242659 242659
242659 242659
242659 242659
242659 242659
242659 242659
242659 242659
242659 242659
242659 242659
242659 242659
242659 242659
242659 242659
242659 242659
242659 242659
242659 242659
242659 242659
242659 242659
242659 242659
242659 242659
242659 242659
242659 242659
242659 242659
242659 242659
242659 242659
242659 242659
242659 242659
242659 242659
242659 242659
242659 242659
242659 242659
242659 242659
242659 242659
242659 242659
242659 242659
242659 242659
242659 242659
242659 242659
242659 242659
242659 242659
242659 242659
242659 242659
242659 242659
242659 242659
242659 242659
242659 242659
242659 242659
242659 242659
242659 242659
242659 242659
242659 242659
242659 242659
242659 242659
242659 242659
242659 242659
242659 242659
242659 242659
242659 242659
242659 242659
242659 242659
242659 242659
242659 242659
242659 242659
242659 242659
242659 242659
242659 242659
242659 242659
242659 242659
242659 242659
242659 242659
242659 242659
242659 242659
242659 242659
242659 242659
242659 242659
242659 242659
242659 242659
242659 242659
242659 242659
242659 242659
242659 242659
242659 242659
242659 242659
242659 242659
242659 242659
242659 242659
242659 242659
242659 242659
242659 242659
242659 242659
242659 242659
242659 242659
242659 242659
242659 242659
242659 242659
242659 242659
242659 242659
242659 242659
242659 242659
242659 242659
242659 242659
242659 242659
242659 242659
242659 242659
242659 242659
242659 242659
242659 242659
242659 242659
242659 242659
242659 242659
242659 242659
242659 242659
242659 242659
242659 242659
242659 242659
242659 242659
242659 242659
242659 242659
242659 242659
242659 242659
242659 242659
242659 242659
242659 242659
242659 242659
242659 242659
242659 242659
242659 242659
242659 242659
242659 242659
242659 242659
242659 242659
242659 242659
242659 242659
242659 242659
242659 242659
242659 242659
242659 242659
242659 242659
242659 242659
242659 242659
242659 242659
242659 242659
242659 242659
242659 242659
242659 242659
242659 242659
242659 242659
242659 242659
242659 242659
242659 242659
242659 242659
242659 242659
242659 242659
242659 242659
242659 242659
242659 242659
242659 242659
242659 242659
242659 242659
242659 242659
242659 242659
242659 242659
242659 242659
242659 242659
242659 242659
242659 242659
242659 242659
242659 242659
242659 242659
242659 242659
242659 242659
242659 242659
242659 242659
242659 242659
242659 242659
242659 242659
242659 242659
242659 242659
242659 242659
242659 242659
242659 242659
242659 242659
242659 242659
242659 242659
242659 242659
242659 242659
242659 242659
242659 242659
242659 242659
242659 242659
242659 242659
242659 242659
242659 242659
242659 242659
242659 242659
242659 242659
242659 242659
242659 242659
242659 242659
242659 242659
242659 242659
242659 242659
242659 242659
242659 242659
242659 242659
242659 242659
242659 242659
242659 242659
242659 242659
242659 242659
242659 242659
242659 242659
242659 242659
242659 242659
242659 242659
242659 242659
242659 242659
242659 242659
242659 242659
242659 242659
242659 242659
242659 242659
242659 242659
242659 242659
242659 242659
242659 242659
242659 242659
242659 242659
242659 242659
242659 242659
242659 242659
242659 242659
242659 242659
242659 242659
242659 242659
242659 242659
242659 242659
242659 242659
242659 242659
242659 242659
242659 242659
242659 242659
242659 242659
242659 242659
242659 242659
242659 242659
242659 242659
242659 242659
242659 242659
242659 242659
242659 242659
242659 242659
242659 242659
242659 242659
242659 242659
242659 242659
242659 242659
242659 242659
242659 242659
242659 242659
242659 242659
242659 242659
242659 242659
242659 242659
242659 242659
242659 242659
242659 242659
242659 242659
242659 242659
242659 242659
242659 242659
242659 242659
242659 242659
242659 242659
242659 242659
242659 242659
242659 242659
242659 242659
242659 242659
242659 242659
242659 242659
242659 242659
242659 242659
242659 242659
242659 242659
242659 242659
242659 242659
242659 242659
242659 242659
242659 242659
242659 242659
242659 242659
242659 242659
242659 242659
242659 242659
242659 242659
242659 242659
242659 242659
242659 242659
242659 242659
242659 242659
242659 242659
242659 242659
242659 242659
242659 242659
242659 242659
242659 242659
242659 242659
242659 242659
242659 242659
242659 242659
242659 242659
242659 242659
242659 242659
242659 242659
242659 242659
242659 242659
242659 242659
242659 242659
242659 242659
242659 242659
242659 242659
242659 242659
242659 242659
242659 242659
242659 242659
242659 242659
242659 242659
242659 242659
242659 242659
242659 242659
242659 242659
242659 242659
242659 242659
242659 242659
242659 242659
242659 242659
242659 242659
242659 242659
242659 242659
242659 242659
242659 242659
242659 242659
242659 242659
242659 242659
242659 242659
242659 242659
242659 242659
242659 242659
242659 242659
242659 242659
242659 242659
242659 242659
242659 242659
242659 242659
242659 242659
242659 242659
242659 242659
242659 242659
242659 242659
242659 242659
242659 242659
242659 242659
242659 242659
242659 242659
242659 242659
242659 242659
242659 242659
242659 242659
242659 242659
242659 242659
242659 242659
242659 242659
242659 242659
242659 242659
242659 242659
242659 242659
242659 242659
242659 242659
242659 242659
242659 242659
242659 242659
242659 242659
242659 242659
242659 242659
242659 242659
242659 242659
242659 242659
242659 242659
242659 242659
242659 242659
242659 242659
242659 242659
242659 242659
242659 242659
242659 242659
242659 242659
242659 242659
242659 242659
242659 242659
242659 242659
242659 242659
242659 242659
242659 242659
242659 242659
242659 242659
242659 242659
242659 242659
242659 242659
242659 242659
242659 242659
242659 242659
242659 242659
242659 242659
242659 242659
242659 242659
242659 242659
242659 242659
242659 242659
242659 242659
242659 242659
242659 242659
242659 242659
242659 242659
242659 242659
242659 242659
242659 242659
242659 242659
242659 242659
242659 242659
242659 242659
242659 242659
242659 242659
242659 242659
242659 242659
242659 242659
242659 242659
242659 242659
242659 242659
242659 242659
242659 242659
242659 242659
242659 242659
242659 242659
242659 242659
242659 242659
242659 242659
242659 242659
242659 242659
242659 242659
242659 242659
242659 242659
242659 242659
242659 242659
242659 242659
242659 242659
242659 242659
242659 242659
242659 242659
242659 242659
242659 242659
242659 242659
242659 242659
242659 242659
242659 242659
242659 242659
242659 242659
242659 242659
242659 242659
242659 242659
242659 242659
242659 242659
242659 242659
242659 242659
242659 242659
242659 242659
242659 242659
242659 242659
242659 242659
242659 242659
242659 242659
242659 242659
242659 242659
242659 242659
242659 242659
242659 242659
242659 242659
242659 242659
242659 242659
242659 242659
242659 242659
242659 242659
242659 242659
242659 242659
242659 242659
242659 242659
242659 242659
242659 242659
242659 242659
242659 242659
242659 242659
242659 242659
242659 242659
242659 242659
242659 242659
242659 242659
242659 242659
242659 242659
242659 242659
242659 242659
242659 242659
242659 242659
242659 242659
242659 242659
242659 242659
242659 242659
242659 242659
242659 242659
242659 242659
242659 242659
242659 242659
242659 242659
242659 242659
242659 242659
242659 242659
242659 242659
242659 242659
242659 242659
242659 242659
242659 242659
242659 242659
242659 242659
242659 242659
242659 242659
242659 242659
242659 242659
242659 242659
242659 242659
242659 242659
242659 242659
242659 242659
242659 242659
242659 242659
242659 242659
242659 242659
242659 242659
242659 242659
242659 242659
242659 242659
242659 242659
242659 242659
242659 242659
242659 242659
242659 242659
242659 242659
242659 242659
242659 242659
242659 242659
242659 242659
242659 242659
242659 242659
242659 242659
242659 242659
242659 242659
242659 242659
242659 242659
242659 242659
242659 242659
242659 242659
242659 242659
242659 242659
242659 242659
242659 242659
242659 242659
242659 242659
242659 242659
242659 242659
242659 242659
242659 242659
242659 242659
242659 242659
242659 242659
242659 242659
242659 242659
242659 242659
242659 242659
242659 242659
242659 242659
242659 242659
242659 242659
242659 242659
242659 242659
242659 242659
242659 242659
242659 242659
242659 242659
242659 242659
242659 242659
242659 242659
242659 242659
242659 242659
242659 242659
242659 242659
242659 242659
242659 242659
242659 242659
242659 242659
242659 242659
242659 242659
242659 242659
242659 242659
242659 242659
242659 242659
242659 242659
242659 242659
242659 242659
242659 242659
242659 242659
242659 242659
242659 242659
242659 242659
242659 242659
242659 242659
242659 242659
242659 242659
242659 242659
242659 242659
242659 242659
242659 242659
242659 242659
242659 242659
242659 242659
242659 242659
242659 242659
242659 242659
242659 242659
242659 242659
242659 242659
242659 242659
242659 242659
242659 242659
242659 242659
242659 242659
242659 242659
242659 242659
242659 242659
242659 242659
242659 242659
242659 242659
242659 242659
242659 242659
242659 242659
242659 242659
242659 242659
242659 242659
242659 242659
242659 242659
242659 242659
242659 242659
242659 242659
242659 242659
242659 242659
242659 242659
242659 242659
242659 242659
242659 242659
242659 242659
242659 242659
242659 242659
242659 242659
242659 242659
242659 242659
242659 242659
242659 242659
242668 242668
242668 242668
242668 242668
242668 242668
242668 242668
242668 242668
242668 242668
242668 242668
242668 242668
242668 242668
242668 242668
242668 242668
242668 242668
242668 242668
242668 242668
242668 242668
242668 242668
242668 242668
242668 242668
242668 242668
242668 242668
242668 242668
242668 242668
242668 242668
242668 242668
242668 242668
242668 242668
242668 242668
242668 242668
242668 242668
242668 242668
242668 242668
242668 242668
242668 242668
242668 242668
242668 242668
242668 242668
242668 242668
242668 242668
242668 242668
242668 242668
242668 242668
242668 242668
242668 242668
242668 242668
242668 242668
242668 242668
242668 242668
242668 242668
242668 242668
242668 242668
242668 242668
242668 242668
242668 242668
242668 242668
