202173
163105 163105
166433 166433
168882 168882
168882 168882
169233 169233
171791 171791
173207 173207
176632 176632
177153 177153
177252 177252
177438 177438
180342 180342
181192 181192
182307 182307
182681 182681
182709 182709
183934 183934
184836 184836
186278 186278
187386 187386
189029 189029
189208 189208
189830 189830
189921 189921
190587 190587
190858 190858
192916 192916
193088 193088
194403 194403
194433 194433
195189 195189
195189 195189
195508 195508
195568 195568
195581 195581
196633 196633
196633 196633
196762 196762
197488 197488
197488 197488
197488 197488
197644 197644
197919 197919
197966 197966
198035 198035
198375 198375
198458 198458
198458 198458
198458 198458
198962 198962
198962 198962
198962 198962
199062 199062
199090 199090
199128 199128
199128 199128
199128 199128
199131 199131
199310 199310
199383 199383
199427 199427
199544 199544
199544 199544
199544 199544
199544 199544
199866 199866
199866 199866
199866 199866
199866 199866
199866 199866
200026 200026
200026 200026
200026 200026
200026 200026
200148 200148
200405 200405
200405 200405
200405 200405
200535 200535
200558 200558
200558 200558
200558 200558
200809 200809
200809 200809
200809 200809
200809 200809
200809 200809
200809 200809
200809 200809
200858 200858
200858 200858
200920 200920
200920 200920
200920 200920
200920 200920
200946 200946
200946 200946
200946 200946
200946 200946
200946 200946
200946 200946
200946 200946
200946 200946
200946 200946
200946 200946
200946 200946
200946 200946
200946 200946
200946 200946
200946 200946
200970 200970
200970 200970
200970 200970
200970 200970
200970 200970
200970 200970
200970 200970
200970 200970
200970 200970
200970 200970
201053 201053
201053 201053
201053 201053
201053 201053
201053 201053
201053 201053
201053 201053
201053 201053
201053 201053
201053 201053
201053 201053
201053 201053
201053 201053
201053 201053
201053 201053
201053 201053
201060 201060
201135 201135
201135 201135
201135 201135
201135 201135
201135 201135
201152 201152
201152 201152
201279 201279
201367 201367
201367 201367
201367 201367
201367 201367
201370 201370
201384 201384
201384 201384
201394 201394
201509 201509
201526 201526
201526 201526
201526 201526
201556 201556
201556 201556
201565 201565
201565 201565
201747 201747
201747 201747
201747 201747
201765 201765
201765 201765
201765 201765
201765 201765
201765 201765
201765 201765
201800 201800
201921 201921
201921 201921
201921 201921
201921 201921
201921 201921
201921 201921
201921 201921
201921 201921
201921 201921
201921 201921
201921 201921
201921 201921
201921 201921
201921 201921
201921 201921
201921 201921
201921 201921
201966 201966
202003 202003
202021 202021
202021 202021
202021 202021
202021 202021
202021 202021
202021 202021
202021 202021
202021 202021
202021 202021
202021 202021
202021 202021
202021 202021
202021 202021
202021 202021
202021 202021
202021 202021
202021 202021
202021 202021
202021 202021
202021 202021
202021 202021
202021 202021
202021 202021
202021 202021
202021 202021
202021 202021
202021 202021
202021 202021
202021 202021
202021 202021
202021 202021
202021 202021
202021 202021
202021 202021
202021 202021
202021 202021
202021 202021
202021 202021
202021 202021
202021 202021
202021 202021
202021 202021
202021 202021
202021 202021
202021 202021
202021 202021
202021 202021
202021 202021
202021 202021
202021 202021
202021 202021
202021 202021
202021 202021
202021 202021
202021 202021
202021 202021
202021 202021
202021 202021
202021 202021
202021 202021
202021 202021
202021 202021
202056 202056
202056 202056
202056 202056
202056 202056
202056 202056
202056 202056
202056 202056
202101 202101
202101 202101
202101 202101
202101 202101
202101 202101
202101 202101
202101 202101
202101 202101
202101 202101
202101 202101
202101 202101
202101 202101
202101 202101
202101 202101
202101 202101
202101 202101
202101 202101
202101 202101
202101 202101
202101 202101
202101 202101
202101 202101
202112 202112
202112 202112
202127 202127
202127 202127
202131 202131
202131 202131
202173 202173
202173 202173
202173 202173
202173 202173
202173 202173
202173 202173
202173 202173
202173 202173
202173 202173
202173 202173
202173 202173
202173 202173
202173 202173
202173 202173
202173 202173
202173 202173
202173 202173
202173 202173
202173 202173
202173 202173
202173 202173
202173 202173
202173 202173
202173 202173
202173 202173
202173 202173
202173 202173
202173 202173
202173 202173
202173 202173
202173 202173
202173 202173
202173 202173
202173 202173
202173 202173
202173 202173
202173 202173
202173 202173
202173 202173
202173 202173
202173 202173
202173 202173
202173 202173
202173 202173
202173 202173
202173 202173
202173 202173
202173 202173
202173 202173
202173 202173
202173 202173
202173 202173
202173 202173
202173 202173
202173 202173
202173 202173
202173 202173
202173 202173
202173 202173
202173 202173
202173 202173
202173 202173
202173 202173
202173 202173
202173 202173
202173 202173
202173 202173
202173 202173
202173 202173
202173 202173
202173 202173
202173 202173
202173 202173
202173 202173
202173 202173
202173 202173
202173 202173
202173 202173
202173 202173
202173 202173
202173 202173
202173 202173
202173 202173
202173 202173
202173 202173
202173 202173
202173 202173
202173 202173
202173 202173
202173 202173
202173 202173
202173 202173
202173 202173
202173 202173
202173 202173
202173 202173
202173 202173
202173 202173
202173 202173
202173 202173
202173 202173
202173 202173
202173 202173
202173 202173
202173 202173
202173 202173
202173 202173
202173 202173
202173 202173
202173 202173
202173 202173
202173 202173
202173 202173
202173 202173
202173 202173
202173 202173
202173 202173
202173 202173
202173 202173
202173 202173
202173 202173
202173 202173
202173 202173
202173 202173
202173 202173
202173 202173
202173 202173
202173 202173
202173 202173
202173 202173
202173 202173
202173 202173
202173 202173
202173 202173
202173 202173
202173 202173
202173 202173
202173 202173
202173 202173
202173 202173
202173 202173
202173 202173
202173 202173
202173 202173
202173 202173
202173 202173
202173 202173
202173 202173
202173 202173
