242645
-659026 -659026
184557 184557
193362 193362
194892 194892
195305 195305
199477 199477
202359 202359
206643 206643
207807 207807
207904 207904
209190 209190
210143 210143
211922 211922
212251 212251
212291 212291
215728 215728
218567 218567
218618 218618
220316 220316
220542 220542
220924 220924
221407 221407
221520 221520
221782 221782
221785 221785
222101 222101
223406 223406
225423 225423
227265 227265
227687 227687
228537 228537
228551 228551
228752 228752
229467 229467
229883 229883
230438 230438
231175 231175
232277 232277
232559 232559
232568 232568
232618 232618
232771 232771
234323 234323
234975 234975
235432 235432
235715 235715
236068 236068
236274 236274
236678 236678
236678 236678
236917 236917
237157 237157
237318 237318
237318 237318
237667 237667
237705 237705
238589 238589
238589 238589
238589 238589
238926 238926
238926 238926
238926 238926
238926 238926
239077 239077
239190 239190
239261 239261
239261 239261
239261 239261
239262 239262
239504 239504
239597 239597
239653 239653
239826 239826
239950 239950
240054 240054
240054 240054
240060 240060
240468 240468
240468 240468
240468 240468
240468 240468
240468 240468
240525 240525
240525 240525
240575 240575
240610 240610
240699 240699
240910 240910
240910 240910
240914 240914
240952 240952
240952 240952
240978 240978
241073 241073
241075 241075
241083 241083
241212 241212
241227 241227
241402 241402
241402 241402
241402 241402
241402 241402
241402 241402
241402 241402
241520 241520
241520 241520
241520 241520
241610 241610
241662 241662
241662 241662
241662 241662
241662 241662
241662 241662
241751 241751
241751 241751
241751 241751
241766 241766
241766 241766
241772 241772
241790 241790
241799 241799
241799 241799
241849 241849
241849 241849
241905 241905
241978 241978
241992 241992
241992 241992
241992 241992
242008 242008
242008 242008
242028 242028
242074 242074
242089 242089
242089 242089
242173 242173
242173 242173
242173 242173
242173 242173
242173 242173
242173 242173
242173 242173
242173 242173
242173 242173
242173 242173
242184 242184
242184 242184
242184 242184
242184 242184
242266 242266
242266 242266
242266 242266
242266 242266
242266 242266
242266 242266
242266 242266
242266 242266
242266 242266
242266 242266
242266 242266
242266 242266
242266 242266
242266 242266
242286 242286
242286 242286
242286 242286
242286 242286
242286 242286
242286 242286
242286 242286
242375 242375
242375 242375
242375 242375
242375 242375
242375 242375
242375 242375
242375 242375
242375 242375
242375 242375
242375 242375
242375 242375
242375 242375
242375 242375
242375 242375
242375 242375
242375 242375
242375 242375
242375 242375
242375 242375
242375 242375
242392 242392
242392 242392
242392 242392
242392 242392
242392 242392
242401 242401
242401 242401
242401 242401
242401 242401
242417 242417
242417 242417
242417 242417
242417 242417
242426 242426
242474 242474
242474 242474
242474 242474
242474 242474
242474 242474
242474 242474
242474 242474
242474 242474
242474 242474
242474 242474
242474 242474
242474 242474
242474 242474
242474 242474
242474 242474
242496 242496
242496 242496
242504 242504
242504 242504
242504 242504
242504 242504
242504 242504
242504 242504
242504 242504
242504 242504
242504 242504
242504 242504
242504 242504
242504 242504
242504 242504
242504 242504
242504 242504
242504 242504
242504 242504
242504 242504
242522 242522
242522 242522
242522 242522
242522 242522
242522 242522
242522 242522
242522 242522
242522 242522
242522 242522
242522 242522
242522 242522
242522 242522
242522 242522
242522 242522
242522 242522
242522 242522
242522 242522
242522 242522
242522 242522
242522 242522
242522 242522
242522 242522
242522 242522
242522 242522
242522 242522
242522 242522
242522 242522
242522 242522
242522 242522
242522 242522
242522 242522
242522 242522
242522 242522
242522 242522
242522 242522
242522 242522
242522 242522
242522 242522
242522 242522
242522 242522
242522 242522
242522 242522
242522 242522
242522 242522
242522 242522
242522 242522
242522 242522
242522 242522
242522 242522
242522 242522
242522 242522
242522 242522
242522 242522
242522 242522
242522 242522
242522 242522
242522 242522
242522 242522
242522 242522
242522 242522
242522 242522
242522 242522
242522 242522
242522 242522
242522 242522
242522 242522
242522 242522
242522 242522
242522 242522
242522 242522
242522 242522
242522 242522
242522 242522
242522 242522
242522 242522
242522 242522
242522 242522
242522 242522
242522 242522
242522 242522
242522 242522
242522 242522
242522 242522
242522 242522
242522 242522
242522 242522
242522 242522
242522 242522
242522 242522
242522 242522
242522 242522
242522 242522
242522 242522
242522 242522
242522 242522
242522 242522
242522 242522
242522 242522
242522 242522
242522 242522
242522 242522
242522 242522
242522 242522
242522 242522
242522 242522
242522 242522
242522 242522
242522 242522
242522 242522
242522 242522
242522 242522
242522 242522
242522 242522
242522 242522
242522 242522
242522 242522
242522 242522
242522 242522
242522 242522
242522 242522
242522 242522
242522 242522
242522 242522
242522 242522
242522 242522
242522 242522
242522 242522
242522 242522
242522 242522
242524 242524
242524 242524
242524 242524
242524 242524
242524 242524
242524 242524
242524 242524
242524 242524
242532 242532
242532 242532
242532 242532
242532 242532
242532 242532
242532 242532
242550 242550
242550 242550
242550 242550
242550 242550
242550 242550
242550 242550
242550 242550
242550 242550
242550 242550
242550 242550
242550 242550
242550 242550
242550 242550
242550 242550
242550 242550
242550 242550
242550 242550
242550 242550
242575 242575
242575 242575
242575 242575
242575 242575
242575 242575
242575 242575
242575 242575
242575 242575
242575 242575
242575 242575
242575 242575
242575 242575
242575 242575
242575 242575
242575 242575
242575 242575
242575 242575
242575 242575
242575 242575
242618 242618
242618 242618
242618 242618
242618 242618
242618 242618
242618 242618
242618 242618
242618 242618
242618 242618
242618 242618
242618 242618
242618 242618
242618 242618
242618 242618
242618 242618
242618 242618
242618 242618
242618 242618
242618 242618
242618 242618
242618 242618
242618 242618
242618 242618
242618 242618
242618 242618
242618 242618
242645 242645
242645 242645
242645 242645
242645 242645
242645 242645
242645 242645
242645 242645
242645 242645
242645 242645
242645 242645
242645 242645
242645 242645
242645 242645
242645 242645
242645 242645
242645 242645
242645 242645
242645 242645
242645 242645
242645 242645
242645 242645
242645 242645
242645 242645
242645 242645
242645 242645
242645 242645
242645 242645
242645 242645
242645 242645
242645 242645
242645 242645
242645 242645
242645 242645
242645 242645
242645 242645
242645 242645
242645 242645
242645 242645
242645 242645
242645 242645
242645 242645
242645 242645
242645 242645
242645 242645
242645 242645
242645 242645
242645 242645
242645 242645
242645 242645
242645 242645
242645 242645
242645 242645
242645 242645
242645 242645
242645 242645
242645 242645
242645 242645
242645 242645
242645 242645
242645 242645
242645 242645
242645 242645
242645 242645
242645 242645
