162407
161868 161868
162407 162407
0 156230
151481 151481
145625 145625
148089 148089
146316 146316
142773 142773
139666 139666
135396 135396
132246 132246
137235 137235
133052 133052
136612 136612
140282 140282
137461 137461
137469 137469
135850 135850
132348 132348
132315 132315
133535 133535
132097 132097
132164 132164
129216 129216
120847 120847
124883 124883
129977 129977
128466 128466
127500 127500
130925 130925
134367 134367
130654 130654
128659 128659
129176 129176
133994 133994
135846 135846
138719 138719
133947 133947
130054 130054
133870 133870
139060 139060
134919 134919
132551 132551
136061 136061
136669 136669
132996 132996
129983 129983
134453 134453
134611 134611
136177 136177
138354 138354
138216 138216
137308 137308
137315 137315
135085 135085
141023 141023
142337 142337
138879 138879
141500 141500
140433 140433
134759 134759
131593 131593
130229 130229
132069 132069
136377 136377
140377 140377
137528 137528
133222 133222
133455 133455
130269 130269
131460 131460
136191 136191
136603 136603
137812 137812
136846 136846
137824 137824
140285 140285
142511 142511
139509 139509
136805 136805
132447 132447
129417 129417
129518 129518
132676 132676
133000 133000
130934 130934
134535 134535
135270 135270
133091 133091
130371 130371
129902 129902
129530 129530
132652 132652
127718 127718
130279 130279
125347 125347
128201 128201
129810 129810
129696 129696
126390 126390
128862 128862
134342 134342
131701 131701
136268 136268
138338 138338
137000 137000
137946 137946
134684 134684
140023 140023
143911 143911
143044 143044
140165 140165
138549 138549
137487 137487
132295 132295
127930 127930
128108 128108
126658 126658
129125 129125
125169 125169
127689 127689
132735 132735
130063 130063
133428 133428
133613 133613
135243 135243
136434 136434
141111 141111
139411 139411
141966 141966
137421 137421
134315 134315
133978 133978
135883 135883
133064 133064
132087 132087
129938 129938
132822 132822
131574 131574
133078 133078
130490 130490
128320 128320
131539 131539
136574 136574
131823 131823
130564 130564
137233 137233
135009 135009
130882 130882
138324 138324
141512 141512
140038 140038
134258 134258
132545 132545
130678 130678
130093 130093
132542 132542
134530 134530
132800 132800
135301 135301
131901 131901
138772 138772
138655 138655
138653 138653
131683 131683
133865 133865
134605 134605
136581 136581
137431 137431
138687 138687
136425 136425
135293 135293
139639 139639
135834 135834
138831 138831
138444 138444
138814 138814
137521 137521
139201 139201
134899 134899
133085 133085
129000 129000
130424 130424
134646 134646
138379 138379
141584 141584
138985 138985
137518 137518
135075 135075
137584 137584
136660 136660
136793 136793
133466 133466
130859 130859
131929 131929
136172 136172
140333 140333
140421 140421
138410 138410
137741 137741
146026 146026
139966 139966
142564 142564
144066 144066
143899 143899
141918 141918
140313 140313
142568 142568
145702 145702
148541 148541
147403 147403
145214 145214
141823 141823
144472 144472
147519 147519
142786 142786
142709 142709
141647 141647
139891 139891
131207 131207
134040 134040
130436 130436
130699 130699
131255 131255
130875 130875
130818 130818
132733 132733
130462 130462
135641 135641
134907 134907
133012 133012
132132 132132
131840 131840
128970 128970
132480 132480
133782 133782
134381 134381
134196 134196
137134 137134
141380 141380
142516 142516
138519 138519
133333 133333
137131 137131
136167 136167
133921 133921
135108 135108
136069 136069
138102 138102
139237 139237
134083 134083
136232 136232
130808 130808
132847 132847
126430 126430
123952 123952
124523 124523
128333 128333
131652 131652
127311 127311
128325 128325
127264 127264
128881 128881
130521 130521
131946 131946
129740 129740
130420 130420
131735 131735
136002 136002
135148 135148
135273 135273
136409 136409
139033 139033
140210 140210
140347 140347
137116 137116
135905 135905
130688 130688
130105 130105
130219 130219
135778 135778
135684 135684
134822 134822
135236 135236
137820 137820
136566 136566
135401 135401
137962 137962
134660 134660
139864 139864
140194 140194
139153 139153
134648 134648
132990 132990
128179 128179
131513 131513
134455 134455
130531 130531
134414 134414
133830 133830
139768 139768
137832 137832
135457 135457
127636 127636
130317 130317
129573 129573
136501 136501
134775 134775
132035 132035
137039 137039
137478 137478
135402 135402
137695 137695
137197 137197
133098 133098
134599 134599
135432 135432
136957 136957
133461 133461
135582 135582
129372 129372
135870 135870
138162 138162
137739 137739
137725 137725
136821 136821
136917 136917
141260 141260
138077 138077
133938 133938
130834 130834
128739 128739
134786 134786
128333 128333
126425 126425
128801 128801
131875 131875
130538 130538
126685 126685
130118 130118
129659 129659
130542 130542
131664 131664
135895 135895
132411 132411
133470 133470
137825 137825
138218 138218
137400 137400
134672 134672
136479 136479
135387 135387
132566 132566
134918 134918
128577 128577
126458 126458
130396 130396
132188 132188
127589 127589
134139 134139
136720 136720
140677 140677
143601 143601
142308 142308
138398 138398
138918 138918
140784 140784
141162 141162
135363 135363
135342 135342
135527 135527
133701 133701
133175 133175
133486 133486
130358 130358
127357 127357
133076 133076
136039 136039
131996 131996
136351 136351
138193 138193
146341 146341
145858 145858
140139 140139
141513 141513
136466 136466
134943 134943
130194 130194
125724 125724
131119 131119
131227 131227
129499 129499
136585 136585
136011 136011
137526 137526
138030 138030
136143 136143
137494 137494
141136 141136
141023 141023
143268 143268
142208 142208
140362 140362
139013 139013
133304 133304
131370 131370
131790 131790
135144 135144
137996 137996
134922 134922
137687 137687
139316 139316
134353 134353
132527 132527
131116 131116
132752 132752
134439 134439
132141 132141
135366 135366
133834 133834
129797 129797
138923 138923
138098 138098
139286 139286
134536 134536
133351 133351
126475 126475
133436 133436
127675 127675
126475 126475
125297 125297
128290 128290
127533 127533
130966 130966
126745 126745
128375 128375
128998 128998
128752 128752
131310 131310
133999 133999
131104 131104
132488 132488
134619 134619
134383 134383
136988 136988
138338 138338
135712 135712
136499 136499
134312 134312
133595 133595
133091 133091
131905 131905
129497 129497
128502 128502
128853 128853
129787 129787
131602 131602
133154 133154
131000 131000
131599 131599
134600 134600
134190 134190
132272 132272
134429 134429
129008 129008
131085 131085
129476 129476
126873 126873
129215 129215
130741 130741
131703 131703
133621 133621
133500 133500
133305 133305
135632 135632
138573 138573
140204 140204
140821 140821
139028 139028
136333 136333
145166 145166
144649 144649
139961 139961
139103 139103
135656 135656
140113 140113
135764 135764
136114 136114
139020 139020
135805 135805
136745 136745
136971 136971
138224 138224
142084 142084
140050 140050
140290 140290
138543 138543
130179 130179
131727 131727
129794 129794
135086 135086
133928 133928
133218 133218
131762 131762
130285 130285
128348 128348
127133 127133
130650 130650
136721 136721
132069 132069
134406 134406
132514 132514
132510 132510
135408 135408
130943 130943
135078 135078
138056 138056
137376 137376
133765 133765
137252 137252
137019 137019
133489 133489
133807 133807
135786 135786
136320 136320
133003 133003
139457 139457
134555 134555
138965 138965
137832 137832
134531 134531
135353 135353
134277 134277
134997 134997
138092 138092
138302 138302
135982 135982
140410 140410
141815 141815
139034 139034
136778 136778
139352 139352
138120 138120
131715 131715
134695 134695
132394 132394
134005 134005
134433 134433
135343 135343
133648 133648
139290 139290
140224 140224
138975 138975
137024 137024
137906 137906
135521 135521
137018 137018
133336 133336
128098 128098
131144 131144
129606 129606
129544 129544
133975 133975
135859 135859
137520 137520
136862 136862
134930 134930
128225 128225
127803 127803
132197 132197
139552 139552
137928 137928
136151 136151
135109 135109
132759 132759
131696 131696
133858 133858
141965 141965
142037 142037
141790 141790
142668 142668
139774 139774
139883 139883
136534 136534
137606 137606
136272 136272
132274 132274
133471 133471
131515 131515
131621 131621
134400 134400
135576 135576
135919 135919
133977 133977
135313 135313
134871 134871
133511 133511
134692 134692
133716 133716
130659 130659
126644 126644
132323 132323
135343 135343
133984 133984
132145 132145
137546 137546
132770 132770
131626 131626
131252 131252
134738 134738
132955 132955
137388 137388
140860 140860
137940 137940
143984 143984
145538 145538
147570 147570
144662 144662
144747 144747
137910 137910
133412 133412
131703 131703
134289 134289
132322 132322
131807 131807
129393 129393
125915 125915
128370 128370
129684 129684
128174 128174
134846 134846
136230 136230
137523 137523
135295 135295
132273 132273
136543 136543
137923 137923
141403 141403
141899 141899
142102 142102
141806 141806
141558 141558
137606 137606
133760 133760
129059 129059
130751 130751
127684 127684
125308 125308
125716 125716
130816 130816
128598 128598
129204 129204
124615 124615
127962 127962
131070 131070
131827 131827
132343 132343
136046 136046
138716 138716
134180 134180
133898 133898
133320 133320
131331 131331
131293 131293
129127 129127
130671 130671
132194 132194
134186 134186
138496 138496
136211 136211
133658 133658
128186 128186
131428 131428
131152 131152
130047 130047
130026 130026
131612 131612
135453 135453
138055 138055
133088 133088
132661 132661
133334 133334
132931 132931
131295 131295
127783 127783
130657 130657
136135 136135
134412 134412
134362 134362
131219 131219
128172 128172
124804 124804
126466 126466
124094 124094
125925 125925
128700 128700
132398 132398
130193 130193
132241 132241
133343 133343
136725 136725
134609 134609
134109 134109
136552 136552
134387 134387
133996 133996
135851 135851
135856 135856
136854 136854
138599 138599
137510 137510
136731 136731
134836 134836
133278 133278
132751 132751
134406 134406
134721 134721
130792 130792
127582 127582
134745 134745
131118 131118
129609 129609
131471 131471
132266 132266
130250 130250
131756 131756
132883 132883
134461 134461
137330 137330
136838 136838
139197 139197
139148 139148
138219 138219
134872 134872
135914 135914
132046 132046
135615 135615
136370 136370
133172 133172
130648 130648
130183 130183
128887 128887
127642 127642
127396 127396
133149 133149
136087 136087
138274 138274
135263 135263
136528 136528
135060 135060
132676 132676
137956 137956
136940 136940
135707 135707
130375 130375
130868 130868
127714 127714
129673 129673
133481 133481
136016 136016
129944 129944
131810 131810
134788 134788
134148 134148
137450 137450
129274 129274
125936 125936
129867 129867
134808 134808
130765 130765
129193 129193
127922 127922
130501 130501
131897 131897
133616 133616
133749 133749
136323 136323
135486 135486
137841 137841
134435 134435
133513 133513
139374 139374
139363 139363
141761 141761
140911 140911
140621 140621
138752 138752
138891 138891
138925 138925
140909 140909
139859 139859
136913 136913
134237 134237
135937 135937
136540 136540
134799 134799
138455 138455
137490 137490
136180 136180
134724 134724
133467 133467
129154 129154
130012 130012
129989 129989
133020 133020
133672 133672
137837 137837
135325 135325
132572 132572
128566 128566
127833 127833
129058 129058
125990 125990
126703 126703
128571 128571
132759 132759
128429 128429
129654 129654
129695 129695
130131 130131
132198 132198
130709 130709
128800 128800
134426 134426
136175 136175
136191 136191
134314 134314
133070 133070
133521 133521
134902 134902
128730 128730
134416 134416
139274 139274
139165 139165
137576 137576
136932 136932
140720 140720
137465 137465
137159 137159
134216 134216
138079 138079
136863 136863
134598 134598
140006 140006
134157 134157
137236 137236
137262 137262
139351 139351
136086 136086
130383 130383
133762 133762
135331 135331
133231 133231
135402 135402
132223 132223
128491 128491
125459 125459
131680 131680
129282 129282
131399 131399
131692 131692
138289 138289
132685 132685
134084 134084
134093 134093
131364 131364
133098 133098
139121 139121
142225 142225
139138 139138
136735 136735
137018 137018
140560 140560
133803 133803
134933 134933
138681 138681
136095 136095
136211 136211
134056 134056
133895 133895
132302 132302
133485 133485
135549 135549
138326 138326
135877 135877
139075 139075
133992 133992
133106 133106
135447 135447
136706 136706
131031 131031
130245 130245
127201 127201
130768 130768
131187 131187
132760 132760
129774 129774
124170 124170
128017 128017
132963 132963
135692 135692
134358 134358
133876 133876
132252 132252
131245 131245
130217 130217
131083 131083
132231 132231
136084 136084
135285 135285
136857 136857
138445 138445
136903 136903
140110 140110
138683 138683
138340 138340
135170 135170
133396 133396
136632 136632
132943 132943
137393 137393
135074 135074
127292 127292
130278 130278
130875 130875
126972 126972
130439 130439
130951 130951
133544 133544
131888 131888
129348 129348
127710 127710
132404 132404
133010 133010
135238 135238
132362 132362
127393 127393
132386 132386
133268 133268
133426 133426
140031 140031
140356 140356
137245 137245
136511 136511
134870 134870
132702 132702
136790 136790
133222 133222
131979 131979
137237 137237
137316 137316
137019 137019
134824 134824
131773 131773
132212 132212
131670 131670
132470 132470
133872 133872
132704 132704
137553 137553
139313 139313
136912 136912
135154 135154
130716 130716
133987 133987
131804 131804
127000 127000
128279 128279
127601 127601
127480 127480
129990 129990
135012 135012
130708 130708
134448 134448
136923 136923
136233 136233
132255 132255
127997 127997
130737 130737
130867 130867
133302 133302
138114 138114
139169 139169
134946 134946
134566 134566
138031 138031
142213 142213
147056 147056
144820 144820
145382 145382
139685 139685
140876 140876
139374 139374
138581 138581
142217 142217
139224 139224
137722 137722
136681 136681
135181 135181
150869 150869
147000 147000
0 144576
142485 142485
139706 139706
140557 140557
0 147643
145460 145460
142545 142545
147421 147421
146119 146119
143665 143665
142077 142077
142378 142378
140182 140182
142776 142776
143372 143372
146063 146063
149473 149473
148203 148203
144024 144024
144169 144169
144209 144209
144271 144271
141239 141239
138116 138116
138448 138448
139728 139728
139172 139172
137324 137324
138577 138577
138372 138372
139881 139881
140096 140096
143090 143090
139605 139605
141631 141631
143566 143566
141145 141145
137833 137833
138786 138786
137757 137757
132766 132766
135159 135159
137192 137192
136866 136866
136938 136938
140232 140232
136520 136520
132606 132606
130540 130540
132822 132822
133990 133990
133313 133313
138520 138520
138476 138476
141601 141601
142274 142274
136209 136209
136142 136142
136547 136547
136834 136834
136058 136058
136054 136054
133099 133099
133024 133024
134846 134846
137506 137506
130852 130852
132208 132208
134465 134465
132404 132404
130006 130006
128351 128351
129168 129168
131287 131287
132806 132806
131485 131485
129852 129852
136877 136877
142140 142140
145277 145277
139337 139337
134836 134836
137162 137162
138106 138106
135531 135531
138015 138015
136860 136860
136497 136497
136855 136855
136246 136246
134582 134582
134166 134166
129771 129771
128032 128032
131087 131087
135862 135862
138143 138143
137123 137123
139168 139168
135715 135715
136781 136781
133423 133423
135937 135937
135011 135011
137212 137212
135896 135896
138522 138522
142074 142074
135932 135932
132503 132503
127477 127477
126762 126762
124539 124539
125554 125554
132824 132824
134945 134945
130081 130081
128853 128853
129618 129618
130706 130706
131526 131526
129843 129843
128081 128081
125487 125487
124296 124296
126271 126271
125143 125143
124844 124844
126258 126258
132270 132270
132664 132664
134438 134438
134825 134825
134324 134324
132336 132336
129742 129742
130899 130899
131446 131446
128335 128335
127786 127786
123303 123303
129140 129140
129166 129166
129636 129636
130987 130987
128284 128284
130872 130872
130350 130350
128696 128696
124210 124210
125261 125261
126100 126100
128187 128187
131318 131318
130460 130460
131186 131186
133327 133327
129123 129123
134896 134896
136480 136480
138262 138262
136629 136629
137144 137144
136925 136925
136925 136925
136053 136053
135186 135186
134665 134665
130409 130409
136041 136041
134477 134477
