202336
127246 127246
132031 132031
136210 136210
142236 142236
148468 148468
148893 148893
151224 151224
155230 155230
158703 158703
160957 160957
162671 162671
163999 163999
165421 165421
165601 165601
166000 166000
167590 167590
168378 168378
171295 171295
171713 171713
172957 172957
173196 173196
178351 178351
178879 178879
180055 180055
182009 182009
182489 182489
182633 182633
182694 182694
183043 183043
184211 184211
185015 185015
185504 185504
185844 185844
188277 188277
188626 188626
189053 189053
189401 189401
191398 191398
192012 192012
192017 192017
192059 192059
192887 192887
192993 192993
193348 193348
193409 193409
193638 193638
193949 193949
194388 194388
194967 194967
195055 195055
195119 195119
195676 195676
195943 195943
195992 195992
196120 196120
196248 196248
196531 196531
196714 196714
197177 197177
197408 197408
197665 197665
198263 198263
198263 198263
198280 198280
198280 198280
198280 198280
198562 198562
198806 198806
198815 198815
198815 198815
198815 198815
198976 198976
198976 198976
198983 198983
198985 198985
198991 198991
199163 199163
199347 199347
199380 199380
199380 199380
199384 199384
199401 199401
199423 199423
199527 199527
199642 199642
199656 199656
199681 199681
199699 199699
199836 199836
199858 199858
199956 199956
200089 200089
200201 200201
200232 200232
200293 200293
200584 200584
200584 200584
200748 200748
200748 200748
200748 200748
200748 200748
200748 200748
200877 200877
200877 200877
200900 200900
200952 200952
200952 200952
201004 201004
201004 201004
201004 201004
201004 201004
201200 201200
201200 201200
201200 201200
201200 201200
201249 201249
201249 201249
201334 201334
201334 201334
201334 201334
201334 201334
201334 201334
201334 201334
201341 201341
201386 201386
201386 201386
201406 201406
201406 201406
201411 201411
201678 201678
201678 201678
201678 201678
201678 201678
201678 201678
201678 201678
201678 201678
201678 201678
201709 201709
201709 201709
201723 201723
201723 201723
201723 201723
201747 201747
201747 201747
201747 201747
201788 201788
201803 201803
201803 201803
201803 201803
201826 201826
201826 201826
201826 201826
201841 201841
201841 201841
201841 201841
201841 201841
201841 201841
201841 201841
201841 201841
201881 201881
201895 201895
201907 201907
201908 201908
201908 201908
201978 201978
201978 201978
201978 201978
201978 201978
201978 201978
201978 201978
201992 201992
201992 201992
201992 201992
201992 201992
201992 201992
201992 201992
201993 201993
202076 202076
202076 202076
202076 202076
202076 202076
202076 202076
202076 202076
202076 202076
202076 202076
202076 202076
202076 202076
202076 202076
202118 202118
202118 202118
202118 202118
202118 202118
202118 202118
202118 202118
202118 202118
202118 202118
202118 202118
202118 202118
202118 202118
202118 202118
202118 202118
202118 202118
202118 202118
202118 202118
202118 202118
202118 202118
202118 202118
202166 202166
202166 202166
202166 202166
202166 202166
202166 202166
202166 202166
202166 202166
202166 202166
202166 202166
202166 202166
202166 202166
202166 202166
202180 202180
202186 202186
202186 202186
202203 202203
202203 202203
202203 202203
202203 202203
202203 202203
202203 202203
202203 202203
202203 202203
202203 202203
202203 202203
202203 202203
202203 202203
202203 202203
202209 202209
202209 202209
202209 202209
202209 202209
202210 202210
202210 202210
202210 202210
202210 202210
202210 202210
202210 202210
202210 202210
202210 202210
202210 202210
202210 202210
202210 202210
202210 202210
202210 202210
202210 202210
202210 202210
202210 202210
202210 202210
202210 202210
202210 202210
202210 202210
202210 202210
202210 202210
202210 202210
202229 202229
202229 202229
202229 202229
202229 202229
202248 202248
202248 202248
202267 202267
202267 202267
202267 202267
202267 202267
202267 202267
202267 202267
202267 202267
202267 202267
202267 202267
202267 202267
202267 202267
202267 202267
202267 202267
202267 202267
202267 202267
202267 202267
202267 202267
202267 202267
202267 202267
202267 202267
202267 202267
202267 202267
202267 202267
202267 202267
202267 202267
202267 202267
202267 202267
202267 202267
202267 202267
202267 202267
202267 202267
202267 202267
202267 202267
202267 202267
202267 202267
202267 202267
202267 202267
202267 202267
202307 202307
202307 202307
202307 202307
202307 202307
202307 202307
202307 202307
202307 202307
202307 202307
202307 202307
202307 202307
202307 202307
202307 202307
202307 202307
202307 202307
202307 202307
202307 202307
202307 202307
202307 202307
202307 202307
202307 202307
202307 202307
202307 202307
202307 202307
202307 202307
202307 202307
202307 202307
202307 202307
202307 202307
202307 202307
202307 202307
202307 202307
202307 202307
202307 202307
202307 202307
202307 202307
202307 202307
202307 202307
202307 202307
202307 202307
202307 202307
202307 202307
202307 202307
202307 202307
202307 202307
202307 202307
202307 202307
202307 202307
202307 202307
202307 202307
202307 202307
202307 202307
202307 202307
202307 202307
202307 202307
202307 202307
202307 202307
202307 202307
202307 202307
202307 202307
202307 202307
202307 202307
202307 202307
202307 202307
202307 202307
202307 202307
202307 202307
202307 202307
202307 202307
202307 202307
202309 202309
202309 202309
202309 202309
202309 202309
202309 202309
202309 202309
202309 202309
202309 202309
202309 202309
202309 202309
202309 202309
202309 202309
202309 202309
202309 202309
202309 202309
202309 202309
202309 202309
202309 202309
202309 202309
202309 202309
202309 202309
202309 202309
202309 202309
202309 202309
202309 202309
202309 202309
202309 202309
202309 202309
202309 202309
202309 202309
202309 202309
202309 202309
202309 202309
202309 202309
202309 202309
202309 202309
202309 202309
202309 202309
202309 202309
202309 202309
202309 202309
202309 202309
202309 202309
202309 202309
202309 202309
202309 202309
202309 202309
202309 202309
202309 202309
202309 202309
202309 202309
202309 202309
202309 202309
202309 202309
202309 202309
202309 202309
202309 202309
202309 202309
202309 202309
202309 202309
202309 202309
202309 202309
202309 202309
202309 202309
202309 202309
202309 202309
202309 202309
202309 202309
202309 202309
202309 202309
202309 202309
202309 202309
202309 202309
202309 202309
202309 202309
202309 202309
202309 202309
202309 202309
202309 202309
202309 202309
202309 202309
202309 202309
202309 202309
202335 202335
202335 202335
202335 202335
202335 202335
202335 202335
202335 202335
202335 202335
202335 202335
202335 202335
202335 202335
202335 202335
202335 202335
202335 202335
202335 202335
202335 202335
202335 202335
202335 202335
202335 202335
202335 202335
202335 202335
202335 202335
202335 202335
202335 202335
202335 202335
202335 202335
202335 202335
202335 202335
202335 202335
202335 202335
202335 202335
202335 202335
202335 202335
202335 202335
202335 202335
202335 202335
202335 202335
202335 202335
202335 202335
202335 202335
202335 202335
202335 202335
202335 202335
202335 202335
202335 202335
202335 202335
202335 202335
202335 202335
202335 202335
202335 202335
202335 202335
202335 202335
202335 202335
202335 202335
202335 202335
202335 202335
202335 202335
202335 202335
202335 202335
202335 202335
202335 202335
202335 202335
202335 202335
202335 202335
202335 202335
202335 202335
202335 202335
202335 202335
202335 202335
202335 202335
202335 202335
202335 202335
202335 202335
202335 202335
202335 202335
202335 202335
202335 202335
202335 202335
202335 202335
202335 202335
202335 202335
202335 202335
202335 202335
202335 202335
202335 202335
202335 202335
202335 202335
202335 202335
202335 202335
202335 202335
202335 202335
202335 202335
202335 202335
202335 202335
202335 202335
202335 202335
202335 202335
202335 202335
202335 202335
202335 202335
202335 202335
202335 202335
202335 202335
202335 202335
202335 202335
202335 202335
202335 202335
202335 202335
202335 202335
202335 202335
202335 202335
202335 202335
202335 202335
202335 202335
202335 202335
202335 202335
202335 202335
202335 202335
202335 202335
202335 202335
202335 202335
202335 202335
202335 202335
202335 202335
202335 202335
202335 202335
202335 202335
202335 202335
202335 202335
202335 202335
202335 202335
202335 202335
202335 202335
202335 202335
202335 202335
202335 202335
202335 202335
202335 202335
202335 202335
202335 202335
202335 202335
202335 202335
202335 202335
202335 202335
202335 202335
202335 202335
202335 202335
202335 202335
202335 202335
202335 202335
202335 202335
202335 202335
202335 202335
202335 202335
202335 202335
202335 202335
202335 202335
202335 202335
202335 202335
202335 202335
202335 202335
202335 202335
202335 202335
202335 202335
202335 202335
202335 202335
202335 202335
202335 202335
202335 202335
202335 202335
202335 202335
202335 202335
202335 202335
202335 202335
202335 202335
202335 202335
202335 202335
202335 202335
202335 202335
202335 202335
202335 202335
202335 202335
202335 202335
202335 202335
202335 202335
202335 202335
202335 202335
202335 202335
202335 202335
202335 202335
202335 202335
202335 202335
202335 202335
202335 202335
202335 202335
202335 202335
202335 202335
202335 202335
202335 202335
202335 202335
202335 202335
202335 202335
202335 202335
202335 202335
202335 202335
202335 202335
202335 202335
202335 202335
202335 202335
202335 202335
202335 202335
202335 202335
202335 202335
202335 202335
202335 202335
202335 202335
202335 202335
202335 202335
202335 202335
202335 202335
202335 202335
202335 202335
202335 202335
202335 202335
202335 202335
202335 202335
202335 202335
202335 202335
202335 202335
202335 202335
202335 202335
202335 202335
202335 202335
202335 202335
202335 202335
202335 202335
202335 202335
202335 202335
202335 202335
202335 202335
202335 202335
202335 202335
202335 202335
202335 202335
202335 202335
202335 202335
202335 202335
202335 202335
202335 202335
202335 202335
202335 202335
202335 202335
202335 202335
202335 202335
202335 202335
202335 202335
202335 202335
202335 202335
202335 202335
202335 202335
202335 202335
202335 202335
202335 202335
202335 202335
202335 202335
202335 202335
202335 202335
202335 202335
202335 202335
202335 202335
202335 202335
202335 202335
202335 202335
202335 202335
202335 202335
202335 202335
202335 202335
202335 202335
202335 202335
202335 202335
202335 202335
202335 202335
202335 202335
202335 202335
202335 202335
202335 202335
202335 202335
202335 202335
202335 202335
202335 202335
202335 202335
202335 202335
202335 202335
202335 202335
202335 202335
202335 202335
202335 202335
202335 202335
202335 202335
202335 202335
202335 202335
202335 202335
202335 202335
202335 202335
202335 202335
202335 202335
202335 202335
202335 202335
202335 202335
202335 202335
202335 202335
202335 202335
202335 202335
202335 202335
202335 202335
202335 202335
202335 202335
202335 202335
202335 202335
202335 202335
202335 202335
202335 202335
202335 202335
202335 202335
202335 202335
202335 202335
202335 202335
202335 202335
202335 202335
202335 202335
202335 202335
202335 202335
202335 202335
202335 202335
202335 202335
202335 202335
202335 202335
202335 202335
202335 202335
202335 202335
202335 202335
202335 202335
202335 202335
202335 202335
202335 202335
202335 202335
202335 202335
202335 202335
202335 202335
202335 202335
202335 202335
202335 202335
202335 202335
202335 202335
202335 202335
202335 202335
202335 202335
202335 202335
202335 202335
202335 202335
202335 202335
202335 202335
202335 202335
202335 202335
202335 202335
202335 202335
202335 202335
202335 202335
202335 202335
202335 202335
202335 202335
202335 202335
202335 202335
202335 202335
202335 202335
202335 202335
202335 202335
202335 202335
202335 202335
202335 202335
202335 202335
202335 202335
202335 202335
202335 202335
202335 202335
202335 202335
202335 202335
202335 202335
202335 202335
202335 202335
202335 202335
202335 202335
202335 202335
202335 202335
202335 202335
202335 202335
202335 202335
202335 202335
202335 202335
202335 202335
202335 202335
202335 202335
202335 202335
202335 202335
202335 202335
202335 202335
202335 202335
202335 202335
202335 202335
202335 202335
202335 202335
202335 202335
202335 202335
202335 202335
202335 202335
202335 202335
202335 202335
202335 202335
202335 202335
202335 202335
202335 202335
202335 202335
202335 202335
202335 202335
202335 202335
202335 202335
202335 202335
202335 202335
202335 202335
202335 202335
202335 202335
202335 202335
202335 202335
202335 202335
202335 202335
202335 202335
202335 202335
202335 202335
202335 202335
202335 202335
202335 202335
202335 202335
202335 202335
202335 202335
202335 202335
202335 202335
202335 202335
202335 202335
202335 202335
202335 202335
202335 202335
202335 202335
202335 202335
202335 202335
202335 202335
202335 202335
202335 202335
202335 202335
202335 202335
202335 202335
202335 202335
202335 202335
202335 202335
202335 202335
202335 202335
202335 202335
202335 202335
202335 202335
202335 202335
202335 202335
202335 202335
202335 202335
202335 202335
202335 202335
202335 202335
202335 202335
202335 202335
202335 202335
202335 202335
202335 202335
202335 202335
202335 202335
202335 202335
202335 202335
202335 202335
202335 202335
202335 202335
202335 202335
202335 202335
202335 202335
202335 202335
202335 202335
202335 202335
202335 202335
202335 202335
202335 202335
202335 202335
202335 202335
202335 202335
202335 202335
202335 202335
202335 202335
202335 202335
202335 202335
202335 202335
202335 202335
202335 202335
202335 202335
202335 202335
202335 202335
202335 202335
202335 202335
202335 202335
202335 202335
202335 202335
202335 202335
202335 202335
202335 202335
202335 202335
202335 202335
202335 202335
202335 202335
202335 202335
202335 202335
202335 202335
202335 202335
202335 202335
202335 202335
202335 202335
202335 202335
202335 202335
202335 202335
202335 202335
202335 202335
202335 202335
202335 202335
202335 202335
202335 202335
202335 202335
202335 202335
202335 202335
202335 202335
202335 202335
202335 202335
202335 202335
202335 202335
202335 202335
202335 202335
202335 202335
202335 202335
202335 202335
202335 202335
202335 202335
202335 202335
202335 202335
202335 202335
202335 202335
202335 202335
202335 202335
202335 202335
202335 202335
202335 202335
202335 202335
202335 202335
202335 202335
202335 202335
202335 202335
202335 202335
202335 202335
202335 202335
202335 202335
202335 202335
202335 202335
202335 202335
202335 202335
202335 202335
202335 202335
202335 202335
202335 202335
202335 202335
202335 202335
202335 202335
202335 202335
202335 202335
202335 202335
202335 202335
202335 202335
202335 202335
202335 202335
202335 202335
202335 202335
202335 202335
202335 202335
202335 202335
202335 202335
202335 202335
202335 202335
202335 202335
202335 202335
202335 202335
202335 202335
202335 202335
202335 202335
202335 202335
202335 202335
202335 202335
202335 202335
202335 202335
202335 202335
202335 202335
202335 202335
202335 202335
202335 202335
202335 202335
202335 202335
202335 202335
202335 202335
202335 202335
202335 202335
202335 202335
202335 202335
202335 202335
202335 202335
202335 202335
202335 202335
202335 202335
202335 202335
202335 202335
202335 202335
202335 202335
202335 202335
202335 202335
202335 202335
202335 202335
202335 202335
202335 202335
202335 202335
202335 202335
202335 202335
202335 202335
202335 202335
202335 202335
202335 202335
202335 202335
202335 202335
202335 202335
202335 202335
202335 202335
202335 202335
202335 202335
202335 202335
202335 202335
202335 202335
202335 202335
202335 202335
202335 202335
202335 202335
202335 202335
202335 202335
202335 202335
202335 202335
202335 202335
202335 202335
202335 202335
202335 202335
202335 202335
202335 202335
202335 202335
202335 202335
202335 202335
202335 202335
202335 202335
202335 202335
202335 202335
202335 202335
202335 202335
202335 202335
202335 202335
202335 202335
202335 202335
202335 202335
202335 202335
202335 202335
202335 202335
202335 202335
202335 202335
202335 202335
202335 202335
202335 202335
202335 202335
202335 202335
202335 202335
202335 202335
202335 202335
202335 202335
202335 202335
202335 202335
202335 202335
202335 202335
202335 202335
202335 202335
202335 202335
202335 202335
202335 202335
202335 202335
202335 202335
202335 202335
202335 202335
202335 202335
202335 202335
202335 202335
202335 202335
202335 202335
202335 202335
202335 202335
202335 202335
202335 202335
202335 202335
202335 202335
202335 202335
202335 202335
202335 202335
202335 202335
202335 202335
202335 202335
202335 202335
202335 202335
202335 202335
202335 202335
202335 202335
202335 202335
202335 202335
202335 202335
202335 202335
202335 202335
202335 202335
202335 202335
202335 202335
202335 202335
202335 202335
202335 202335
202335 202335
202335 202335
202335 202335
202335 202335
202335 202335
202335 202335
202335 202335
202335 202335
202335 202335
202335 202335
202335 202335
202335 202335
202335 202335
202335 202335
202335 202335
202335 202335
202335 202335
202335 202335
202335 202335
202335 202335
202335 202335
202335 202335
202335 202335
202335 202335
202335 202335
202335 202335
202335 202335
202335 202335
202335 202335
202335 202335
202335 202335
202335 202335
202335 202335
202335 202335
202335 202335
202335 202335
202335 202335
202335 202335
202335 202335
202335 202335
202335 202335
202335 202335
202335 202335
202335 202335
202335 202335
202335 202335
202335 202335
202335 202335
202335 202335
202335 202335
202335 202335
202335 202335
202335 202335
202335 202335
202335 202335
202335 202335
202335 202335
202335 202335
202335 202335
202335 202335
202335 202335
202335 202335
202335 202335
202335 202335
202335 202335
202335 202335
202335 202335
202335 202335
202335 202335
202335 202335
202335 202335
202335 202335
202335 202335
202335 202335
202335 202335
202335 202335
202335 202335
202335 202335
202335 202335
202335 202335
202335 202335
202335 202335
202335 202335
202335 202335
202335 202335
202335 202335
202335 202335
202335 202335
202335 202335
202335 202335
202335 202335
202335 202335
202335 202335
202335 202335
202335 202335
202335 202335
202335 202335
202335 202335
202335 202335
202335 202335
202335 202335
202335 202335
202335 202335
202335 202335
202335 202335
202335 202335
202335 202335
202335 202335
202335 202335
202335 202335
202335 202335
202335 202335
202335 202335
202335 202335
202335 202335
202335 202335
202335 202335
202335 202335
202335 202335
202335 202335
202335 202335
202335 202335
202335 202335
202335 202335
202335 202335
202335 202335
202335 202335
202335 202335
202335 202335
202335 202335
202335 202335
202335 202335
202335 202335
202335 202335
202335 202335
202335 202335
202335 202335
202335 202335
202335 202335
202335 202335
202335 202335
202335 202335
202335 202335
202335 202335
202335 202335
202335 202335
202335 202335
202335 202335
202335 202335
202335 202335
202335 202335
202335 202335
202335 202335
202335 202335
202335 202335
202335 202335
202335 202335
202335 202335
202335 202335
202335 202335
202335 202335
202335 202335
202335 202335
202335 202335
202335 202335
202335 202335
202335 202335
202335 202335
202335 202335
202335 202335
202335 202335
202335 202335
202335 202335
202335 202335
202335 202335
202335 202335
202335 202335
202335 202335
202335 202335
202335 202335
202335 202335
202335 202335
202335 202335
202335 202335
202335 202335
202335 202335
202335 202335
202335 202335
202335 202335
202335 202335
202335 202335
202335 202335
202335 202335
202335 202335
202335 202335
202335 202335
202335 202335
202335 202335
202335 202335
202335 202335
202335 202335
202335 202335
202335 202335
202335 202335
202335 202335
202335 202335
202335 202335
202335 202335
202335 202335
202335 202335
202335 202335
202335 202335
202335 202335
202335 202335
202335 202335
202335 202335
202335 202335
202335 202335
202335 202335
202335 202335
202335 202335
202335 202335
202335 202335
202335 202335
202335 202335
202335 202335
202335 202335
202335 202335
202335 202335
202335 202335
202335 202335
202335 202335
202335 202335
202335 202335
202335 202335
202335 202335
202335 202335
202335 202335
202335 202335
202335 202335
202335 202335
202335 202335
202335 202335
202335 202335
202335 202335
202335 202335
202335 202335
202335 202335
202335 202335
202335 202335
202335 202335
202335 202335
202335 202335
202335 202335
202335 202335
202335 202335
202335 202335
202335 202335
202335 202335
202335 202335
202335 202335
202335 202335
202335 202335
202335 202335
202335 202335
202335 202335
202335 202335
202335 202335
202335 202335
202335 202335
202335 202335
202335 202335
202335 202335
202335 202335
202335 202335
202335 202335
202335 202335
202335 202335
202335 202335
202335 202335
202335 202335
202335 202335
202335 202335
202335 202335
202335 202335
202335 202335
202335 202335
202335 202335
202335 202335
202335 202335
202335 202335
202335 202335
202335 202335
202335 202335
202335 202335
202335 202335
202335 202335
202335 202335
202335 202335
202335 202335
202335 202335
202335 202335
202335 202335
202335 202335
202335 202335
202335 202335
202335 202335
202335 202335
202335 202335
202335 202335
202335 202335
202335 202335
202335 202335
202335 202335
202335 202335
202335 202335
202335 202335
202335 202335
202335 202335
202335 202335
202335 202335
202335 202335
202335 202335
202335 202335
202335 202335
202335 202335
202335 202335
202335 202335
202335 202335
202335 202335
202335 202335
202335 202335
202335 202335
202335 202335
202335 202335
202335 202335
202335 202335
202335 202335
202335 202335
202335 202335
202335 202335
202335 202335
202335 202335
202335 202335
202335 202335
202335 202335
202335 202335
202335 202335
202335 202335
202335 202335
202335 202335
202335 202335
202335 202335
202335 202335
202335 202335
202335 202335
202335 202335
202335 202335
202335 202335
202335 202335
202335 202335
202335 202335
202335 202335
202335 202335
202335 202335
202335 202335
202335 202335
202335 202335
202335 202335
202335 202335
202335 202335
202335 202335
202335 202335
202335 202335
202335 202335
202335 202335
202335 202335
202335 202335
202335 202335
202335 202335
202335 202335
202335 202335
202335 202335
202335 202335
202335 202335
202335 202335
202335 202335
202335 202335
202335 202335
202335 202335
202335 202335
202335 202335
202335 202335
202335 202335
202335 202335
202335 202335
202335 202335
202335 202335
202335 202335
202335 202335
202335 202335
202335 202335
202335 202335
202335 202335
202335 202335
202335 202335
202335 202335
202335 202335
202335 202335
202335 202335
202335 202335
202335 202335
202335 202335
202335 202335
202335 202335
202335 202335
202335 202335
202335 202335
202335 202335
202335 202335
202335 202335
202335 202335
202335 202335
202335 202335
202335 202335
202335 202335
202335 202335
202335 202335
202335 202335
202335 202335
202335 202335
202335 202335
202335 202335
202335 202335
202335 202335
202335 202335
202335 202335
202335 202335
202335 202335
202335 202335
202335 202335
202335 202335
202335 202335
202335 202335
202335 202335
202335 202335
202335 202335
202335 202335
202335 202335
202335 202335
202335 202335
202335 202335
202335 202335
202335 202335
202335 202335
202335 202335
202335 202335
202335 202335
202335 202335
202335 202335
202335 202335
202335 202335
202335 202335
202335 202335
202335 202335
202335 202335
202335 202335
202335 202335
202335 202335
202335 202335
202335 202335
202335 202335
202335 202335
202335 202335
202335 202335
202335 202335
202335 202335
202335 202335
202335 202335
202335 202335
202335 202335
202335 202335
202335 202335
202335 202335
202335 202335
202335 202335
202335 202335
202335 202335
202335 202335
202335 202335
202335 202335
202335 202335
202335 202335
202335 202335
202335 202335
202335 202335
202335 202335
202335 202335
202335 202335
202335 202335
202335 202335
202335 202335
202335 202335
202335 202335
202335 202335
202335 202335
202335 202335
202335 202335
202335 202335
202335 202335
202335 202335
202335 202335
202335 202335
202335 202335
202335 202335
202335 202335
202335 202335
202335 202335
202335 202335
202335 202335
202335 202335
202335 202335
202335 202335
202335 202335
202335 202335
202335 202335
202335 202335
202335 202335
202335 202335
202335 202335
202335 202335
202335 202335
202335 202335
202335 202335
202335 202335
202335 202335
202335 202335
202335 202335
202335 202335
202335 202335
202335 202335
202335 202335
202335 202335
202335 202335
202335 202335
202335 202335
202335 202335
202335 202335
202335 202335
202335 202335
202335 202335
202335 202335
202335 202335
202335 202335
202335 202335
202335 202335
202335 202335
202335 202335
202335 202335
202335 202335
202335 202335
202335 202335
202335 202335
202335 202335
202335 202335
202335 202335
202335 202335
202335 202335
202335 202335
202335 202335
202335 202335
202335 202335
202335 202335
202335 202335
202335 202335
202335 202335
202335 202335
202335 202335
202335 202335
202335 202335
202335 202335
202335 202335
202335 202335
202335 202335
202335 202335
202335 202335
202335 202335
202335 202335
202335 202335
202335 202335
202335 202335
202335 202335
202335 202335
202335 202335
202335 202335
202335 202335
202335 202335
202335 202335
202335 202335
202335 202335
202335 202335
202335 202335
202335 202335
202335 202335
202335 202335
202335 202335
202335 202335
202335 202335
202335 202335
202335 202335
202335 202335
202335 202335
202335 202335
202335 202335
202335 202335
202335 202335
202335 202335
202335 202335
202335 202335
202335 202335
202335 202335
202335 202335
202335 202335
202335 202335
202335 202335
202335 202335
202335 202335
202335 202335
202335 202335
202335 202335
202335 202335
202335 202335
202335 202335
202335 202335
202335 202335
202335 202335
202335 202335
202335 202335
202335 202335
202335 202335
202335 202335
202335 202335
202335 202335
202335 202335
202335 202335
202335 202335
202335 202335
202335 202335
202335 202335
202335 202335
202335 202335
202335 202335
202335 202335
202335 202335
202335 202335
202335 202335
202335 202335
202335 202335
202335 202335
202335 202335
202335 202335
202335 202335
202335 202335
202335 202335
202335 202335
202335 202335
202335 202335
202335 202335
202335 202335
202335 202335
202335 202335
202335 202335
202335 202335
202335 202335
202335 202335
202335 202335
202335 202335
202335 202335
202335 202335
202335 202335
202335 202335
202335 202335
202335 202335
202335 202335
202335 202335
202335 202335
202335 202335
202335 202335
202335 202335
202335 202335
202335 202335
202335 202335
202335 202335
202335 202335
202335 202335
202335 202335
202335 202335
202335 202335
202335 202335
202335 202335
202335 202335
202335 202335
202335 202335
202335 202335
202335 202335
202335 202335
202335 202335
202335 202335
202335 202335
202335 202335
202335 202335
202335 202335
202335 202335
202335 202335
202335 202335
202335 202335
202335 202335
202335 202335
202335 202335
202335 202335
202335 202335
202335 202335
202335 202335
202335 202335
202335 202335
202335 202335
202335 202335
202335 202335
202335 202335
202335 202335
202335 202335
202335 202335
202335 202335
202335 202335
202335 202335
202335 202335
202335 202335
202335 202335
202335 202335
202335 202335
202335 202335
202335 202335
202335 202335
202335 202335
202335 202335
202335 202335
202335 202335
202335 202335
202335 202335
202335 202335
202335 202335
202335 202335
202335 202335
202335 202335
202335 202335
202335 202335
202335 202335
202335 202335
202335 202335
202335 202335
202335 202335
202335 202335
202335 202335
202335 202335
202335 202335
202335 202335
202335 202335
202335 202335
202335 202335
202335 202335
202335 202335
202335 202335
202335 202335
202335 202335
202335 202335
202335 202335
202335 202335
202335 202335
202335 202335
202335 202335
202335 202335
202335 202335
202335 202335
202335 202335
202335 202335
202335 202335
202335 202335
202335 202335
202335 202335
202335 202335
202335 202335
202335 202335
202335 202335
202335 202335
202335 202335
202335 202335
202335 202335
202335 202335
202335 202335
202335 202335
202335 202335
202335 202335
202335 202335
202335 202335
202335 202335
202335 202335
202335 202335
202335 202335
202335 202335
202335 202335
202335 202335
202335 202335
202335 202335
202335 202335
202335 202335
202335 202335
202335 202335
202335 202335
202335 202335
202335 202335
202335 202335
202335 202335
202335 202335
202335 202335
202335 202335
202335 202335
202335 202335
202335 202335
202335 202335
202335 202335
202335 202335
202335 202335
202335 202335
202335 202335
202335 202335
202335 202335
202335 202335
202335 202335
202335 202335
202335 202335
202335 202335
202335 202335
202335 202335
202335 202335
202335 202335
202335 202335
202335 202335
202335 202335
202335 202335
202335 202335
202335 202335
202335 202335
202335 202335
202335 202335
202335 202335
202335 202335
202335 202335
202335 202335
202335 202335
202335 202335
202335 202335
202335 202335
202335 202335
202335 202335
202335 202335
202335 202335
202335 202335
202335 202335
202335 202335
202335 202335
202335 202335
202335 202335
202335 202335
202335 202335
202335 202335
202335 202335
202335 202335
202335 202335
202335 202335
202335 202335
202335 202335
202335 202335
202335 202335
202335 202335
202335 202335
202335 202335
202335 202335
202335 202335
202335 202335
202335 202335
202335 202335
202335 202335
202335 202335
202335 202335
202335 202335
202335 202335
202335 202335
202335 202335
202335 202335
202335 202335
202335 202335
202335 202335
202335 202335
202335 202335
202335 202335
202335 202335
202335 202335
202335 202335
202335 202335
202335 202335
202335 202335
202335 202335
202335 202335
202335 202335
202335 202335
202335 202335
202335 202335
202335 202335
202335 202335
202335 202335
202335 202335
202335 202335
202336 202336
202336 202336
202336 202336
202336 202336
202336 202336
202336 202336
202336 202336
202336 202336
202336 202336
202336 202336
202336 202336
202336 202336
202336 202336
202336 202336
202336 202336
202336 202336
202336 202336
202336 202336
202336 202336
202336 202336
202336 202336
202336 202336
202336 202336
202336 202336
202336 202336
202336 202336
202336 202336
202336 202336
202336 202336
202336 202336
202336 202336
202336 202336
202336 202336
202336 202336
202336 202336
202336 202336
202336 202336
202336 202336
202336 202336
202336 202336
202336 202336
202336 202336
202336 202336
202336 202336
202336 202336
202336 202336
202336 202336
202336 202336
202336 202336
202336 202336
202336 202336
202336 202336
202336 202336
202336 202336
202336 202336
202336 202336
202336 202336
202336 202336
202336 202336
202336 202336
202336 202336
202336 202336
202336 202336
202336 202336
202336 202336
202336 202336
202336 202336
202336 202336
202336 202336
202336 202336
202336 202336
202336 202336
202336 202336
202336 202336
202336 202336
202336 202336
202336 202336
202336 202336
202336 202336
202336 202336
202336 202336
202336 202336
202336 202336
202336 202336
202336 202336
202336 202336
202336 202336
202336 202336
202336 202336
202336 202336
202336 202336
202336 202336
202336 202336
202336 202336
202336 202336
202336 202336
202336 202336
202336 202336
202336 202336
202336 202336
202336 202336
202336 202336
202336 202336
202336 202336
202336 202336
202336 202336
202336 202336
202336 202336
202336 202336
202336 202336
202336 202336
202336 202336
202336 202336
202336 202336
202336 202336
202336 202336
202336 202336
202336 202336
202336 202336
202336 202336
202336 202336
202336 202336
202336 202336
202336 202336
202336 202336
202336 202336
202336 202336
202336 202336
202336 202336
202336 202336
202336 202336
202336 202336
202336 202336
202336 202336
202336 202336
202336 202336
202336 202336
202336 202336
202336 202336
202336 202336
202336 202336
202336 202336
202336 202336
202336 202336
202336 202336
202336 202336
202336 202336
202336 202336
202336 202336
202336 202336
202336 202336
202336 202336
202336 202336
202336 202336
202336 202336
202336 202336
202336 202336
202336 202336
202336 202336
202336 202336
202336 202336
202336 202336
202336 202336
202336 202336
202336 202336
202336 202336
202336 202336
202336 202336
202336 202336
202336 202336
202336 202336
202336 202336
202336 202336
202336 202336
202336 202336
202336 202336
202336 202336
202336 202336
202336 202336
202336 202336
202336 202336
202336 202336
202336 202336
202336 202336
202336 202336
202336 202336
202336 202336
202336 202336
202336 202336
202336 202336
202336 202336
202336 202336
202336 202336
202336 202336
202336 202336
202336 202336
202336 202336
202336 202336
202336 202336
202336 202336
202336 202336
202336 202336
202336 202336
202336 202336
202336 202336
202336 202336
202336 202336
202336 202336
202336 202336
202336 202336
202336 202336
202336 202336
202336 202336
202336 202336
202336 202336
202336 202336
202336 202336
202336 202336
202336 202336
202336 202336
202336 202336
202336 202336
202336 202336
202336 202336
202336 202336
202336 202336
202336 202336
202336 202336
202336 202336
202336 202336
202336 202336
202336 202336
202336 202336
202336 202336
202336 202336
202336 202336
202336 202336
202336 202336
202336 202336
202336 202336
202336 202336
202336 202336
202336 202336
202336 202336
202336 202336
202336 202336
202336 202336
202336 202336
202336 202336
202336 202336
202336 202336
202336 202336
202336 202336
202336 202336
202336 202336
202336 202336
202336 202336
202336 202336
202336 202336
202336 202336
202336 202336
202336 202336
202336 202336
202336 202336
202336 202336
202336 202336
202336 202336
202336 202336
202336 202336
202336 202336
202336 202336
202336 202336
202336 202336
202336 202336
202336 202336
202336 202336
202336 202336
202336 202336
202336 202336
202336 202336
202336 202336
202336 202336
202336 202336
202336 202336
202336 202336
202336 202336
202336 202336
202336 202336
202336 202336
202336 202336
202336 202336
202336 202336
202336 202336
202336 202336
202336 202336
202336 202336
202336 202336
202336 202336
202336 202336
202336 202336
202336 202336
202336 202336
202336 202336
202336 202336
202336 202336
202336 202336
202336 202336
202336 202336
202336 202336
202336 202336
202336 202336
202336 202336
202336 202336
202336 202336
202336 202336
202336 202336
202336 202336
202336 202336
202336 202336
202336 202336
202336 202336
202336 202336
202336 202336
202336 202336
202336 202336
202336 202336
202336 202336
202336 202336
202336 202336
202336 202336
202336 202336
202336 202336
202336 202336
202336 202336
202336 202336
202336 202336
202336 202336
202336 202336
202336 202336
202336 202336
202336 202336
202336 202336
202336 202336
202336 202336
202336 202336
202336 202336
202336 202336
202336 202336
202336 202336
202336 202336
202336 202336
202336 202336
202336 202336
202336 202336
202336 202336
202336 202336
202336 202336
202336 202336
202336 202336
202336 202336
202336 202336
202336 202336
202336 202336
202336 202336
202336 202336
202336 202336
202336 202336
202336 202336
202336 202336
202336 202336
202336 202336
202336 202336
202336 202336
202336 202336
202336 202336
202336 202336
202336 202336
202336 202336
202336 202336
202336 202336
202336 202336
202336 202336
202336 202336
202336 202336
202336 202336
202336 202336
202336 202336
202336 202336
202336 202336
202336 202336
202336 202336
202336 202336
202336 202336
202336 202336
202336 202336
202336 202336
202336 202336
202336 202336
202336 202336
202336 202336
202336 202336
202336 202336
202336 202336
202336 202336
202336 202336
202336 202336
202336 202336
202336 202336
202336 202336
202336 202336
202336 202336
202336 202336
202336 202336
202336 202336
202336 202336
202336 202336
202336 202336
202336 202336
202336 202336
202336 202336
202336 202336
202336 202336
202336 202336
202336 202336
202336 202336
202336 202336
202336 202336
202336 202336
202336 202336
202336 202336
202336 202336
202336 202336
202336 202336
202336 202336
202336 202336
202336 202336
202336 202336
202336 202336
202336 202336
202336 202336
202336 202336
202336 202336
202336 202336
202336 202336
202336 202336
202336 202336
202336 202336
202336 202336
202336 202336
202336 202336
202336 202336
202336 202336
202336 202336
202336 202336
202336 202336
202336 202336
202336 202336
202336 202336
202336 202336
202336 202336
202336 202336
202336 202336
202336 202336
202336 202336
202336 202336
202336 202336
202336 202336
202336 202336
202336 202336
202336 202336
202336 202336
202336 202336
202336 202336
202336 202336
202336 202336
202336 202336
202336 202336
202336 202336
202336 202336
202336 202336
202336 202336
202336 202336
202336 202336
202336 202336
202336 202336
202336 202336
202336 202336
202336 202336
202336 202336
202336 202336
202336 202336
202336 202336
202336 202336
202336 202336
202336 202336
202336 202336
202336 202336
202336 202336
202336 202336
202336 202336
202336 202336
202336 202336
202336 202336
202336 202336
202336 202336
202336 202336
202336 202336
202336 202336
202336 202336
202336 202336
202336 202336
202336 202336
202336 202336
202336 202336
202336 202336
202336 202336
202336 202336
202336 202336
202336 202336
202336 202336
202336 202336
202336 202336
202336 202336
202336 202336
202336 202336
202336 202336
202336 202336
202336 202336
202336 202336
202336 202336
202336 202336
202336 202336
202336 202336
202336 202336
202336 202336
202336 202336
202336 202336
202336 202336
202336 202336
202336 202336
202336 202336
202336 202336
202336 202336
202336 202336
202336 202336
202336 202336
202336 202336
202336 202336
202336 202336
202336 202336
202336 202336
202336 202336
202336 202336
202336 202336
202336 202336
202336 202336
202336 202336
202336 202336
202336 202336
202336 202336
202336 202336
202336 202336
202336 202336
202336 202336
202336 202336
202336 202336
202336 202336
202336 202336
202336 202336
202336 202336
202336 202336
202336 202336
202336 202336
202336 202336
202336 202336
202336 202336
202336 202336
202336 202336
202336 202336
202336 202336
202336 202336
202336 202336
202336 202336
202336 202336
202336 202336
202336 202336
202336 202336
202336 202336
202336 202336
202336 202336
202336 202336
202336 202336
202336 202336
202336 202336
202336 202336
202336 202336
202336 202336
202336 202336
202336 202336
202336 202336
202336 202336
202336 202336
202336 202336
202336 202336
202336 202336
202336 202336
202336 202336
202336 202336
202336 202336
202336 202336
202336 202336
202336 202336
202336 202336
202336 202336
202336 202336
202336 202336
202336 202336
202336 202336
202336 202336
202336 202336
202336 202336
202336 202336
202336 202336
202336 202336
202336 202336
202336 202336
202336 202336
202336 202336
202336 202336
202336 202336
202336 202336
202336 202336
202336 202336
202336 202336
202336 202336
202336 202336
202336 202336
202336 202336
202336 202336
202336 202336
202336 202336
202336 202336
202336 202336
202336 202336
202336 202336
202336 202336
202336 202336
202336 202336
202336 202336
202336 202336
202336 202336
202336 202336
202336 202336
202336 202336
202336 202336
202336 202336
202336 202336
202336 202336
202336 202336
202336 202336
202336 202336
202336 202336
202336 202336
202336 202336
202336 202336
202336 202336
202336 202336
202336 202336
202336 202336
202336 202336
202336 202336
202336 202336
202336 202336
202336 202336
202336 202336
202336 202336
202336 202336
202336 202336
202336 202336
202336 202336
202336 202336
202336 202336
202336 202336
202336 202336
202336 202336
202336 202336
202336 202336
202336 202336
202336 202336
202336 202336
202336 202336
202336 202336
202336 202336
202336 202336
202336 202336
202336 202336
202336 202336
202336 202336
202336 202336
202336 202336
202336 202336
202336 202336
202336 202336
202336 202336
202336 202336
202336 202336
202336 202336
202336 202336
202336 202336
202336 202336
202336 202336
202336 202336
202336 202336
202336 202336
202336 202336
202336 202336
202336 202336
202336 202336
202336 202336
202336 202336
202336 202336
202336 202336
202336 202336
202336 202336
202336 202336
202336 202336
202336 202336
202336 202336
202336 202336
202336 202336
202336 202336
202336 202336
202336 202336
202336 202336
202336 202336
202336 202336
202336 202336
202336 202336
202336 202336
202336 202336
202336 202336
202336 202336
202336 202336
202336 202336
202336 202336
202336 202336
202336 202336
202336 202336
202336 202336
202336 202336
202336 202336
202336 202336
202336 202336
202336 202336
202336 202336
202336 202336
202336 202336
202336 202336
202336 202336
202336 202336
202336 202336
202336 202336
202336 202336
202336 202336
202336 202336
202336 202336
202336 202336
202336 202336
202336 202336
202336 202336
202336 202336
202336 202336
202336 202336
202336 202336
202336 202336
202336 202336
202336 202336
202336 202336
202336 202336
202336 202336
202336 202336
202336 202336
202336 202336
202336 202336
202336 202336
202336 202336
202336 202336
202336 202336
202336 202336
202336 202336
202336 202336
202336 202336
202336 202336
202336 202336
202336 202336
202336 202336
202336 202336
202336 202336
202336 202336
202336 202336
202336 202336
202336 202336
202336 202336
202336 202336
202336 202336
202336 202336
202336 202336
202336 202336
202336 202336
202336 202336
202336 202336
202336 202336
202336 202336
202336 202336
202336 202336
202336 202336
202336 202336
202336 202336
202336 202336
202336 202336
202336 202336
202336 202336
202336 202336
202336 202336
202336 202336
202336 202336
202336 202336
202336 202336
202336 202336
202336 202336
202336 202336
202336 202336
202336 202336
202336 202336
202336 202336
202336 202336
202336 202336
202336 202336
202336 202336
202336 202336
202336 202336
202336 202336
202336 202336
202336 202336
202336 202336
202336 202336
202336 202336
202336 202336
202336 202336
202336 202336
202336 202336
202336 202336
202336 202336
202336 202336
202336 202336
202336 202336
202336 202336
202336 202336
202336 202336
202336 202336
202336 202336
202336 202336
202336 202336
202336 202336
202336 202336
202336 202336
202336 202336
202336 202336
202336 202336
202336 202336
202336 202336
202336 202336
202336 202336
202336 202336
202336 202336
202336 202336
202336 202336
202336 202336
202336 202336
202336 202336
202336 202336
202336 202336
202336 202336
202336 202336
202336 202336
202336 202336
202336 202336
202336 202336
202336 202336
202336 202336
202336 202336
202336 202336
202336 202336
202336 202336
202336 202336
202336 202336
202336 202336
202336 202336
202336 202336
202336 202336
202336 202336
202336 202336
202336 202336
202336 202336
202336 202336
202336 202336
202336 202336
202336 202336
202336 202336
202336 202336
202336 202336
202336 202336
202336 202336
202336 202336
202336 202336
202336 202336
202336 202336
202336 202336
202336 202336
202336 202336
202336 202336
202336 202336
202336 202336
202336 202336
202336 202336
202336 202336
202336 202336
202336 202336
202336 202336
202336 202336
202336 202336
202336 202336
202336 202336
202336 202336
202336 202336
202336 202336
202336 202336
202336 202336
202336 202336
202336 202336
202336 202336
202336 202336
202336 202336
202336 202336
202336 202336
202336 202336
202336 202336
202336 202336
202336 202336
202336 202336
202336 202336
202336 202336
202336 202336
202336 202336
202336 202336
202336 202336
202336 202336
202336 202336
202336 202336
202336 202336
202336 202336
202336 202336
202336 202336
202336 202336
202336 202336
202336 202336
202336 202336
202336 202336
202336 202336
202336 202336
202336 202336
202336 202336
202336 202336
202336 202336
202336 202336
202336 202336
202336 202336
202336 202336
202336 202336
202336 202336
202336 202336
202336 202336
202336 202336
202336 202336
202336 202336
202336 202336
202336 202336
202336 202336
202336 202336
202336 202336
202336 202336
202336 202336
202336 202336
202336 202336
202336 202336
202336 202336
202336 202336
202336 202336
202336 202336
202336 202336
202336 202336
202336 202336
202336 202336
202336 202336
202336 202336
202336 202336
202336 202336
202336 202336
202336 202336
202336 202336
202336 202336
202336 202336
202336 202336
202336 202336
202336 202336
202336 202336
202336 202336
202336 202336
202336 202336
202336 202336
202336 202336
202336 202336
202336 202336
202336 202336
202336 202336
202336 202336
202336 202336
202336 202336
202336 202336
202336 202336
202336 202336
202336 202336
202336 202336
202336 202336
202336 202336
202336 202336
202336 202336
202336 202336
202336 202336
202336 202336
202336 202336
202336 202336
202336 202336
202336 202336
202336 202336
202336 202336
202336 202336
202336 202336
202336 202336
202336 202336
202336 202336
202336 202336
202336 202336
202336 202336
202336 202336
202336 202336
202336 202336
202336 202336
202336 202336
202336 202336
202336 202336
202336 202336
202336 202336
202336 202336
202336 202336
202336 202336
202336 202336
202336 202336
202336 202336
202336 202336
202336 202336
202336 202336
202336 202336
202336 202336
202336 202336
202336 202336
202336 202336
202336 202336
202336 202336
202336 202336
202336 202336
202336 202336
202336 202336
202336 202336
202336 202336
202336 202336
202336 202336
202336 202336
202336 202336
202336 202336
202336 202336
202336 202336
202336 202336
202336 202336
202336 202336
202336 202336
202336 202336
202336 202336
202336 202336
202336 202336
202336 202336
202336 202336
202336 202336
202336 202336
202336 202336
202336 202336
202336 202336
202336 202336
202336 202336
202336 202336
202336 202336
202336 202336
202336 202336
202336 202336
202336 202336
202336 202336
202336 202336
202336 202336
202336 202336
202336 202336
202336 202336
202336 202336
202336 202336
202336 202336
202336 202336
202336 202336
202336 202336
202336 202336
202336 202336
202336 202336
202336 202336
202336 202336
202336 202336
202336 202336
202336 202336
202336 202336
202336 202336
202336 202336
202336 202336
202336 202336
202336 202336
202336 202336
202336 202336
202336 202336
202336 202336
202336 202336
202336 202336
202336 202336
202336 202336
202336 202336
202336 202336
202336 202336
202336 202336
202336 202336
202336 202336
202336 202336
202336 202336
202336 202336
202336 202336
202336 202336
202336 202336
202336 202336
202336 202336
202336 202336
202336 202336
202336 202336
202336 202336
202336 202336
202336 202336
202336 202336
202336 202336
202336 202336
202336 202336
202336 202336
202336 202336
202336 202336
202336 202336
202336 202336
202336 202336
202336 202336
202336 202336
202336 202336
202336 202336
202336 202336
202336 202336
202336 202336
202336 202336
202336 202336
202336 202336
202336 202336
202336 202336
202336 202336
202336 202336
202336 202336
202336 202336
202336 202336
202336 202336
202336 202336
202336 202336
202336 202336
202336 202336
202336 202336
202336 202336
202336 202336
202336 202336
202336 202336
202336 202336
202336 202336
202336 202336
202336 202336
202336 202336
202336 202336
202336 202336
202336 202336
202336 202336
202336 202336
202336 202336
202336 202336
202336 202336
202336 202336
202336 202336
202336 202336
202336 202336
202336 202336
202336 202336
202336 202336
202336 202336
202336 202336
202336 202336
202336 202336
202336 202336
202336 202336
202336 202336
202336 202336
202336 202336
202336 202336
202336 202336
202336 202336
202336 202336
202336 202336
202336 202336
202336 202336
202336 202336
202336 202336
202336 202336
202336 202336
202336 202336
202336 202336
202336 202336
202336 202336
202336 202336
202336 202336
202336 202336
202336 202336
202336 202336
202336 202336
202336 202336
202336 202336
202336 202336
202336 202336
202336 202336
202336 202336
202336 202336
202336 202336
202336 202336
202336 202336
202336 202336
202336 202336
202336 202336
202336 202336
202336 202336
202336 202336
202336 202336
202336 202336
202336 202336
202336 202336
202336 202336
202336 202336
202336 202336
202336 202336
202336 202336
202336 202336
202336 202336
202336 202336
202336 202336
202336 202336
202336 202336
202336 202336
202336 202336
202336 202336
202336 202336
202336 202336
202336 202336
202336 202336
202336 202336
202336 202336
202336 202336
202336 202336
202336 202336
202336 202336
202336 202336
202336 202336
202336 202336
202336 202336
202336 202336
202336 202336
202336 202336
202336 202336
202336 202336
202336 202336
202336 202336
202336 202336
202336 202336
202336 202336
202336 202336
202336 202336
202336 202336
202336 202336
202336 202336
202336 202336
202336 202336
202336 202336
202336 202336
202336 202336
202336 202336
202336 202336
202336 202336
202336 202336
202336 202336
202336 202336
202336 202336
202336 202336
202336 202336
202336 202336
202336 202336
202336 202336
202336 202336
202336 202336
202336 202336
202336 202336
202336 202336
202336 202336
202336 202336
202336 202336
202336 202336
202336 202336
202336 202336
202336 202336
202336 202336
202336 202336
202336 202336
202336 202336
202336 202336
202336 202336
202336 202336
202336 202336
202336 202336
202336 202336
202336 202336
202336 202336
202336 202336
202336 202336
202336 202336
202336 202336
202336 202336
202336 202336
202336 202336
202336 202336
202336 202336
202336 202336
202336 202336
202336 202336
202336 202336
202336 202336
202336 202336
202336 202336
202336 202336
202336 202336
202336 202336
202336 202336
202336 202336
202336 202336
202336 202336
202336 202336
202336 202336
202336 202336
202336 202336
202336 202336
202336 202336
202336 202336
202336 202336
202336 202336
202336 202336
