242691
156736 156736
163054 163054
165740 165740
169026 169026
169681 169681
173741 173741
179462 179462
183019 183019
183703 183703
186332 186332
187318 187318
191425 191425
194703 194703
194911 194911
200360 200360
200464 200464
202918 202918
203175 203175
203613 203613
206073 206073
206423 206423
209206 209206
209841 209841
209927 209927
213285 213285
213288 213288
214877 214877
217438 217438
220762 220762
222125 222125
222754 222754
224235 224235
224667 224667
225224 225224
225325 225325
225562 225562
225865 225865
226164 226164
228173 228173
228533 228533
229236 229236
230906 230906
230935 230935
231084 231084
231220 231220
231877 231877
231950 231950
233089 233089
233266 233266
233290 233290
233805 233805
233841 233841
234409 234409
235266 235266
235504 235504
235515 235515
235680 235680
235963 235963
236400 236400
237023 237023
237105 237105
237183 237183
237548 237548
238168 238168
238930 238930
238930 238930
239096 239096
239384 239384
239384 239384
239384 239384
239384 239384
239435 239435
239472 239472
239764 239764
239786 239786
239836 239836
239988 239988
240076 240076
240467 240467
240489 240489
240596 240596
240596 240596
240596 240596
240750 240750
240750 240750
240796 240796
240796 240796
240813 240813
240876 240876
240876 240876
240888 240888
240888 240888
240939 240939
240987 240987
241050 241050
241318 241318
241396 241396
241396 241396
241396 241396
241396 241396
241486 241486
241566 241566
241566 241566
241566 241566
241566 241566
241578 241578
241578 241578
241593 241593
241667 241667
241667 241667
241667 241667
241772 241772
241772 241772
241814 241814
241814 241814
241821 241821
241821 241821
241821 241821
241821 241821
241821 241821
241881 241881
241882 241882
241882 241882
241883 241883
241981 241981
241981 241981
242035 242035
242035 242035
242035 242035
242035 242035
242035 242035
242039 242039
242056 242056
242056 242056
242072 242072
242126 242126
242147 242147
242147 242147
242147 242147
242226 242226
242226 242226
242226 242226
242226 242226
242227 242227
242259 242259
242274 242274
242274 242274
242274 242274
242308 242308
242308 242308
242308 242308
242308 242308
242308 242308
242308 242308
242308 242308
242308 242308
242308 242308
242348 242348
242358 242358
242373 242373
242373 242373
242449 242449
242449 242449
242449 242449
242449 242449
242449 242449
242449 242449
242449 242449
242449 242449
242449 242449
242473 242473
242473 242473
242473 242473
242473 242473
242473 242473
242473 242473
242473 242473
242473 242473
242473 242473
242473 242473
242473 242473
242473 242473
242499 242499
242499 242499
242499 242499
242499 242499
242499 242499
242499 242499
242499 242499
242499 242499
242499 242499
242499 242499
242499 242499
242499 242499
242499 242499
242499 242499
242499 242499
242499 242499
242499 242499
242499 242499
242499 242499
242499 242499
242499 242499
242499 242499
242499 242499
242499 242499
242499 242499
242499 242499
242499 242499
242499 242499
242499 242499
242499 242499
242499 242499
242499 242499
242499 242499
242499 242499
242499 242499
242499 242499
242518 242518
242518 242518
242518 242518
242518 242518
242518 242518
242518 242518
242518 242518
242518 242518
242518 242518
242518 242518
242518 242518
242518 242518
242518 242518
242518 242518
242518 242518
242518 242518
242546 242546
242546 242546
242546 242546
242546 242546
242546 242546
242546 242546
242546 242546
242546 242546
242546 242546
242546 242546
242546 242546
242546 242546
242546 242546
242546 242546
242546 242546
242546 242546
242546 242546
242546 242546
242546 242546
242546 242546
242546 242546
242546 242546
242546 242546
242546 242546
242546 242546
242546 242546
242546 242546
242546 242546
242546 242546
242546 242546
242556 242556
242556 242556
242556 242556
242556 242556
242556 242556
242556 242556
242556 242556
242556 242556
242556 242556
242556 242556
242556 242556
242556 242556
242556 242556
242556 242556
242556 242556
242556 242556
242556 242556
242556 242556
242556 242556
242556 242556
242556 242556
242556 242556
242556 242556
242556 242556
242556 242556
242556 242556
242556 242556
242556 242556
242556 242556
242556 242556
242556 242556
242556 242556
242556 242556
242556 242556
242556 242556
242556 242556
242556 242556
242556 242556
242556 242556
242558 242558
242558 242558
242558 242558
242558 242558
242558 242558
242558 242558
242558 242558
242558 242558
242558 242558
242558 242558
242558 242558
242558 242558
242558 242558
242558 242558
242558 242558
242583 242583
242610 242610
242610 242610
242610 242610
242610 242610
242610 242610
242610 242610
242610 242610
242610 242610
242610 242610
242610 242610
242610 242610
242610 242610
242610 242610
242610 242610
242610 242610
242614 242614
242614 242614
242614 242614
242614 242614
242614 242614
242614 242614
242616 242616
242616 242616
242616 242616
242616 242616
242616 242616
242616 242616
242616 242616
242616 242616
242616 242616
242616 242616
242616 242616
242616 242616
242616 242616
242616 242616
242616 242616
242616 242616
242616 242616
242616 242616
242616 242616
242616 242616
242616 242616
242616 242616
242616 242616
242616 242616
242616 242616
242616 242616
242616 242616
242653 242653
242653 242653
242653 242653
242653 242653
242653 242653
242653 242653
242653 242653
242653 242653
242653 242653
242653 242653
242653 242653
242653 242653
242653 242653
242653 242653
242653 242653
242653 242653
242653 242653
242653 242653
242653 242653
242653 242653
242653 242653
242653 242653
242653 242653
242653 242653
242653 242653
242653 242653
242653 242653
242653 242653
242653 242653
242653 242653
242653 242653
242672 242672
242672 242672
242672 242672
242672 242672
242672 242672
242672 242672
242672 242672
242672 242672
242672 242672
242672 242672
242672 242672
242672 242672
242672 242672
242672 242672
242672 242672
242672 242672
242672 242672
242672 242672
242672 242672
242672 242672
242672 242672
242672 242672
242672 242672
242672 242672
242672 242672
242672 242672
242672 242672
242672 242672
242672 242672
242672 242672
242672 242672
242672 242672
242672 242672
242672 242672
242672 242672
242672 242672
242672 242672
242672 242672
242672 242672
242672 242672
242672 242672
242672 242672
242672 242672
242672 242672
242672 242672
242672 242672
242672 242672
242672 242672
242672 242672
242672 242672
242672 242672
242672 242672
242672 242672
242672 242672
242672 242672
242672 242672
242672 242672
242672 242672
242672 242672
242672 242672
242672 242672
242672 242672
242672 242672
242672 242672
242672 242672
242672 242672
242672 242672
242672 242672
242672 242672
242672 242672
242672 242672
242672 242672
242672 242672
242672 242672
242672 242672
242672 242672
242672 242672
242672 242672
242672 242672
242672 242672
242672 242672
242672 242672
242672 242672
242672 242672
242672 242672
242672 242672
242672 242672
242672 242672
242672 242672
242672 242672
242672 242672
242672 242672
242672 242672
242672 242672
242672 242672
242672 242672
242672 242672
242672 242672
242672 242672
242672 242672
242672 242672
242672 242672
242672 242672
242672 242672
242672 242672
242672 242672
242672 242672
242672 242672
242672 242672
242672 242672
242672 242672
242672 242672
242672 242672
242672 242672
242672 242672
242672 242672
242672 242672
242672 242672
242672 242672
242672 242672
242672 242672
242672 242672
242672 242672
242672 242672
242672 242672
242672 242672
242672 242672
242672 242672
242672 242672
242672 242672
242672 242672
242672 242672
242672 242672
242672 242672
242672 242672
242672 242672
242672 242672
242672 242672
242672 242672
242672 242672
242672 242672
242672 242672
242672 242672
242672 242672
242672 242672
242672 242672
242672 242672
242672 242672
242672 242672
242672 242672
242672 242672
242672 242672
242672 242672
242672 242672
242672 242672
242672 242672
242672 242672
242672 242672
242672 242672
242672 242672
242672 242672
242672 242672
242672 242672
242672 242672
242672 242672
242672 242672
242672 242672
242672 242672
242672 242672
242672 242672
242672 242672
242672 242672
242672 242672
242672 242672
242672 242672
242672 242672
242672 242672
242672 242672
242672 242672
242672 242672
242672 242672
242672 242672
242672 242672
242672 242672
242672 242672
242672 242672
242672 242672
242672 242672
242672 242672
242672 242672
242672 242672
242672 242672
242672 242672
242672 242672
242672 242672
242672 242672
242672 242672
242672 242672
242672 242672
242672 242672
242672 242672
242672 242672
242672 242672
242672 242672
242672 242672
242672 242672
242672 242672
242672 242672
242672 242672
242672 242672
242672 242672
242672 242672
242672 242672
242672 242672
242672 242672
242672 242672
242672 242672
242672 242672
242672 242672
242672 242672
242672 242672
242672 242672
242672 242672
242672 242672
242672 242672
242672 242672
242672 242672
242672 242672
242672 242672
242672 242672
242672 242672
242672 242672
242672 242672
242672 242672
242672 242672
242672 242672
242672 242672
242672 242672
242672 242672
242672 242672
242672 242672
242672 242672
242672 242672
242672 242672
242672 242672
242672 242672
242672 242672
242672 242672
242672 242672
242672 242672
242672 242672
242672 242672
242672 242672
242672 242672
242672 242672
242672 242672
242672 242672
242672 242672
242672 242672
242672 242672
242672 242672
242672 242672
242672 242672
242672 242672
242672 242672
242672 242672
242672 242672
242672 242672
242672 242672
242672 242672
242672 242672
242672 242672
242672 242672
242672 242672
242672 242672
242672 242672
242672 242672
242672 242672
242672 242672
242672 242672
242672 242672
242672 242672
242672 242672
242672 242672
242672 242672
242672 242672
242672 242672
242672 242672
242672 242672
242672 242672
242672 242672
242672 242672
242672 242672
242672 242672
242672 242672
242672 242672
242672 242672
242672 242672
242672 242672
242672 242672
242672 242672
242672 242672
242672 242672
242672 242672
242672 242672
242672 242672
242672 242672
242672 242672
242672 242672
242672 242672
242672 242672
242672 242672
242672 242672
242672 242672
242672 242672
242672 242672
242672 242672
242672 242672
242672 242672
242672 242672
242672 242672
242672 242672
242672 242672
242672 242672
242672 242672
242672 242672
242672 242672
242672 242672
242672 242672
242672 242672
242672 242672
242672 242672
242672 242672
242672 242672
242672 242672
242672 242672
242672 242672
242672 242672
242672 242672
242672 242672
242672 242672
242672 242672
242672 242672
242672 242672
242672 242672
242672 242672
242672 242672
242672 242672
242672 242672
242672 242672
242672 242672
242672 242672
242672 242672
242672 242672
242672 242672
242672 242672
242672 242672
242672 242672
242672 242672
242672 242672
242672 242672
242672 242672
242672 242672
242672 242672
242672 242672
242672 242672
242672 242672
242672 242672
242672 242672
242672 242672
242672 242672
242672 242672
242672 242672
242672 242672
242672 242672
242672 242672
242672 242672
242672 242672
242672 242672
242672 242672
242672 242672
242672 242672
242672 242672
242672 242672
242672 242672
242672 242672
242672 242672
242672 242672
242672 242672
242672 242672
242672 242672
242672 242672
242672 242672
242672 242672
242672 242672
242672 242672
242672 242672
242672 242672
242672 242672
242672 242672
242672 242672
242672 242672
242672 242672
242672 242672
242672 242672
242672 242672
242672 242672
242672 242672
242672 242672
242672 242672
242672 242672
242672 242672
242672 242672
242672 242672
242672 242672
242672 242672
242672 242672
242672 242672
242672 242672
242672 242672
242672 242672
242672 242672
242672 242672
242672 242672
242672 242672
242672 242672
242672 242672
242672 242672
242672 242672
242672 242672
242672 242672
242672 242672
242672 242672
242672 242672
242672 242672
242672 242672
242672 242672
242672 242672
242672 242672
242672 242672
242672 242672
242672 242672
242672 242672
242672 242672
242672 242672
242672 242672
242672 242672
242672 242672
242672 242672
242672 242672
242672 242672
242672 242672
242672 242672
242672 242672
242672 242672
242672 242672
242672 242672
242672 242672
242672 242672
242672 242672
242672 242672
242672 242672
242672 242672
242672 242672
242672 242672
242672 242672
242672 242672
242672 242672
242672 242672
242672 242672
242672 242672
242672 242672
242672 242672
242672 242672
242672 242672
242672 242672
242672 242672
242672 242672
242672 242672
242672 242672
242672 242672
242672 242672
242672 242672
242672 242672
242672 242672
242672 242672
242672 242672
242672 242672
242672 242672
242672 242672
242672 242672
242672 242672
242672 242672
242672 242672
242672 242672
242672 242672
242672 242672
242672 242672
242672 242672
242672 242672
242672 242672
242672 242672
242672 242672
242672 242672
242672 242672
242672 242672
242672 242672
242672 242672
242672 242672
242672 242672
242672 242672
242672 242672
242672 242672
242672 242672
242672 242672
242672 242672
242672 242672
242672 242672
242672 242672
242672 242672
242672 242672
242672 242672
242672 242672
242672 242672
242672 242672
242672 242672
242672 242672
242672 242672
242672 242672
242672 242672
242672 242672
242672 242672
242672 242672
242672 242672
242672 242672
242672 242672
242672 242672
242672 242672
242672 242672
242672 242672
242672 242672
242672 242672
242672 242672
242672 242672
242672 242672
242672 242672
242672 242672
242672 242672
242672 242672
242672 242672
242672 242672
242672 242672
242672 242672
242672 242672
242672 242672
242672 242672
242672 242672
242672 242672
242672 242672
242672 242672
242672 242672
242672 242672
242672 242672
242672 242672
242672 242672
242672 242672
242672 242672
242672 242672
242672 242672
242672 242672
242672 242672
242672 242672
242672 242672
242672 242672
242672 242672
242672 242672
242672 242672
242672 242672
242672 242672
242672 242672
242672 242672
242672 242672
242672 242672
242672 242672
242672 242672
242672 242672
242672 242672
242672 242672
242672 242672
242672 242672
242672 242672
242672 242672
242672 242672
242672 242672
242672 242672
242672 242672
242672 242672
242672 242672
242672 242672
242672 242672
242672 242672
242672 242672
242672 242672
242672 242672
242672 242672
242672 242672
242672 242672
242672 242672
242672 242672
242672 242672
242672 242672
242672 242672
242672 242672
242672 242672
242672 242672
242672 242672
242672 242672
242672 242672
242672 242672
242672 242672
242672 242672
242672 242672
242672 242672
242672 242672
242672 242672
242672 242672
242672 242672
242672 242672
242672 242672
242672 242672
242672 242672
242672 242672
242672 242672
242672 242672
242672 242672
242672 242672
242672 242672
242672 242672
242672 242672
242672 242672
242672 242672
242672 242672
242672 242672
242672 242672
242672 242672
242672 242672
242672 242672
242672 242672
242672 242672
242672 242672
242672 242672
242672 242672
242672 242672
242672 242672
242672 242672
242672 242672
242672 242672
242672 242672
242672 242672
242672 242672
242672 242672
242672 242672
242672 242672
242672 242672
242672 242672
242672 242672
242672 242672
242672 242672
242672 242672
242672 242672
242672 242672
242672 242672
242672 242672
242672 242672
242672 242672
242672 242672
242672 242672
242672 242672
242672 242672
242672 242672
242672 242672
242672 242672
242672 242672
242672 242672
242672 242672
242672 242672
242672 242672
242672 242672
242672 242672
242672 242672
242672 242672
242672 242672
242672 242672
242672 242672
242672 242672
242672 242672
242672 242672
242672 242672
242672 242672
242672 242672
242672 242672
242672 242672
242672 242672
242672 242672
242672 242672
242672 242672
242672 242672
242672 242672
242672 242672
242672 242672
242672 242672
242672 242672
242672 242672
242672 242672
242672 242672
242672 242672
242672 242672
242672 242672
242672 242672
242672 242672
242672 242672
242672 242672
242672 242672
242672 242672
242672 242672
242672 242672
242672 242672
242672 242672
242672 242672
242672 242672
242672 242672
242672 242672
242672 242672
242672 242672
242672 242672
242672 242672
242672 242672
242672 242672
242672 242672
242672 242672
242672 242672
242672 242672
242672 242672
242672 242672
242672 242672
242672 242672
242672 242672
242672 242672
242672 242672
242672 242672
242672 242672
242672 242672
242672 242672
242672 242672
242672 242672
242672 242672
242672 242672
242672 242672
242672 242672
242672 242672
242672 242672
242672 242672
242672 242672
242672 242672
242672 242672
242672 242672
242672 242672
242672 242672
242672 242672
242672 242672
242672 242672
242672 242672
242672 242672
242672 242672
242672 242672
242672 242672
242672 242672
242672 242672
242672 242672
242672 242672
242672 242672
242672 242672
242672 242672
242672 242672
242672 242672
242672 242672
242672 242672
242672 242672
242672 242672
242672 242672
242672 242672
242672 242672
242672 242672
242672 242672
242672 242672
242672 242672
242672 242672
242672 242672
242672 242672
242672 242672
242672 242672
242672 242672
242672 242672
242672 242672
242672 242672
242672 242672
242672 242672
242672 242672
242672 242672
242672 242672
242672 242672
242672 242672
242672 242672
242672 242672
242672 242672
242672 242672
242672 242672
242672 242672
242672 242672
242672 242672
242672 242672
242672 242672
242672 242672
242672 242672
242672 242672
242672 242672
242672 242672
242672 242672
242672 242672
242672 242672
242672 242672
242672 242672
242672 242672
242672 242672
242672 242672
242672 242672
242672 242672
242672 242672
242672 242672
242672 242672
242672 242672
242672 242672
242672 242672
242672 242672
242672 242672
242672 242672
242672 242672
242672 242672
242672 242672
242672 242672
242672 242672
242672 242672
242672 242672
242672 242672
242672 242672
242672 242672
242672 242672
242672 242672
242672 242672
242686 242686
242686 242686
242686 242686
242686 242686
242686 242686
242686 242686
242686 242686
242686 242686
242686 242686
242686 242686
242686 242686
242686 242686
242686 242686
242686 242686
242686 242686
242686 242686
242686 242686
242686 242686
242686 242686
242686 242686
242686 242686
242686 242686
242686 242686
242686 242686
242686 242686
242686 242686
242686 242686
242686 242686
242686 242686
242686 242686
242686 242686
242686 242686
242686 242686
242686 242686
242686 242686
242686 242686
242686 242686
242686 242686
242686 242686
242686 242686
242686 242686
242686 242686
242686 242686
242686 242686
242686 242686
242686 242686
242686 242686
242686 242686
242686 242686
242686 242686
242686 242686
242686 242686
242686 242686
242686 242686
242686 242686
242686 242686
242686 242686
242686 242686
242686 242686
242686 242686
242686 242686
242686 242686
242686 242686
242686 242686
242686 242686
242686 242686
242686 242686
242686 242686
242686 242686
242686 242686
242686 242686
242686 242686
242686 242686
242686 242686
242686 242686
242686 242686
242686 242686
242686 242686
242686 242686
242686 242686
242686 242686
242686 242686
242686 242686
242686 242686
242686 242686
242686 242686
242686 242686
242686 242686
242686 242686
242686 242686
242686 242686
242686 242686
242686 242686
242686 242686
242686 242686
242686 242686
242686 242686
242686 242686
242686 242686
242686 242686
242686 242686
242686 242686
242686 242686
242686 242686
242686 242686
242686 242686
242686 242686
242686 242686
242686 242686
242686 242686
242686 242686
242686 242686
242686 242686
242686 242686
242686 242686
242686 242686
242686 242686
242686 242686
242686 242686
242686 242686
242686 242686
242686 242686
242686 242686
242686 242686
242686 242686
242686 242686
242686 242686
242686 242686
242686 242686
242686 242686
242686 242686
242686 242686
242686 242686
242686 242686
242686 242686
242686 242686
242686 242686
242686 242686
242686 242686
242686 242686
242686 242686
242686 242686
242686 242686
242686 242686
242686 242686
242686 242686
242686 242686
242686 242686
242686 242686
242686 242686
242686 242686
242686 242686
242686 242686
242689 242689
242689 242689
242689 242689
242689 242689
242689 242689
242689 242689
242689 242689
242689 242689
242689 242689
242689 242689
242689 242689
242689 242689
242689 242689
242689 242689
242689 242689
242689 242689
242689 242689
242689 242689
242689 242689
242689 242689
242689 242689
242689 242689
242689 242689
242689 242689
242689 242689
242689 242689
242689 242689
242689 242689
242689 242689
242689 242689
242689 242689
242689 242689
242689 242689
242689 242689
242689 242689
242689 242689
242689 242689
242689 242689
242689 242689
242689 242689
242689 242689
242689 242689
242689 242689
242689 242689
242689 242689
242689 242689
242689 242689
242689 242689
242689 242689
242689 242689
242689 242689
242689 242689
242689 242689
242689 242689
242689 242689
242689 242689
242689 242689
242689 242689
242689 242689
242689 242689
242689 242689
242689 242689
242689 242689
242689 242689
242689 242689
242689 242689
242689 242689
242689 242689
242689 242689
242689 242689
242689 242689
242689 242689
242689 242689
242689 242689
242689 242689
242689 242689
242689 242689
242689 242689
242689 242689
242689 242689
242689 242689
242689 242689
242689 242689
242689 242689
242689 242689
242689 242689
242689 242689
242689 242689
242689 242689
242689 242689
242689 242689
242689 242689
242689 242689
242689 242689
242689 242689
242689 242689
242689 242689
242689 242689
242689 242689
242689 242689
242689 242689
242689 242689
242689 242689
242689 242689
242689 242689
242689 242689
242689 242689
242689 242689
242689 242689
242689 242689
242689 242689
242689 242689
242689 242689
242689 242689
242689 242689
242689 242689
242689 242689
242689 242689
242689 242689
242689 242689
242689 242689
242689 242689
242689 242689
242689 242689
242689 242689
242689 242689
242689 242689
242689 242689
242689 242689
242689 242689
242689 242689
242689 242689
242689 242689
242689 242689
242689 242689
242689 242689
242689 242689
242689 242689
242689 242689
242689 242689
242689 242689
242689 242689
242689 242689
242689 242689
242689 242689
242689 242689
242689 242689
242689 242689
242689 242689
242689 242689
242689 242689
242689 242689
242689 242689
242689 242689
242689 242689
242689 242689
242689 242689
242689 242689
242689 242689
242689 242689
242689 242689
242689 242689
242689 242689
242689 242689
242689 242689
242689 242689
242689 242689
242689 242689
242689 242689
242689 242689
242689 242689
242689 242689
242689 242689
242689 242689
242689 242689
242689 242689
242689 242689
242689 242689
242689 242689
242689 242689
242689 242689
242689 242689
242689 242689
242689 242689
242689 242689
242689 242689
242689 242689
242689 242689
242689 242689
242689 242689
242689 242689
242689 242689
242689 242689
242689 242689
242689 242689
242689 242689
242689 242689
242689 242689
242689 242689
242689 242689
242689 242689
242689 242689
242689 242689
242689 242689
242689 242689
242689 242689
242689 242689
242689 242689
242689 242689
242689 242689
242689 242689
242689 242689
242689 242689
242689 242689
242689 242689
242689 242689
242689 242689
242689 242689
242689 242689
242689 242689
242689 242689
242689 242689
242689 242689
242689 242689
242689 242689
242689 242689
242689 242689
242689 242689
242689 242689
242689 242689
242689 242689
242689 242689
242689 242689
242689 242689
242689 242689
242689 242689
242689 242689
242689 242689
242689 242689
242689 242689
242689 242689
242689 242689
242689 242689
242689 242689
242689 242689
242689 242689
242689 242689
242689 242689
242689 242689
242689 242689
242689 242689
242689 242689
242689 242689
242689 242689
242689 242689
242689 242689
242689 242689
242689 242689
242689 242689
242689 242689
242689 242689
242689 242689
242689 242689
242689 242689
242689 242689
242689 242689
242689 242689
242689 242689
242689 242689
242689 242689
242689 242689
242689 242689
242689 242689
242689 242689
242689 242689
242689 242689
242689 242689
242689 242689
242689 242689
242689 242689
242689 242689
242689 242689
242689 242689
242689 242689
242689 242689
242689 242689
242689 242689
242689 242689
242689 242689
242689 242689
242689 242689
242689 242689
242689 242689
242689 242689
242689 242689
242689 242689
242689 242689
242689 242689
242689 242689
242689 242689
242689 242689
242689 242689
242689 242689
242689 242689
242689 242689
242689 242689
242689 242689
242689 242689
242689 242689
242689 242689
242689 242689
242689 242689
242689 242689
242689 242689
242689 242689
242689 242689
242689 242689
242689 242689
242689 242689
242689 242689
242689 242689
242689 242689
242689 242689
242689 242689
242689 242689
242689 242689
242689 242689
242689 242689
242689 242689
242689 242689
242689 242689
242689 242689
242689 242689
242689 242689
242689 242689
242689 242689
242689 242689
242689 242689
242689 242689
242689 242689
242689 242689
242689 242689
242689 242689
242689 242689
242689 242689
242689 242689
242689 242689
242689 242689
242689 242689
242689 242689
242689 242689
242689 242689
242689 242689
242689 242689
242689 242689
242689 242689
242689 242689
242689 242689
242689 242689
242689 242689
242689 242689
242689 242689
242689 242689
242689 242689
242689 242689
242689 242689
242689 242689
242689 242689
242689 242689
242689 242689
242689 242689
242689 242689
242689 242689
242689 242689
242689 242689
242689 242689
242689 242689
242689 242689
242689 242689
242689 242689
242689 242689
242689 242689
242689 242689
242689 242689
242689 242689
242689 242689
242689 242689
242689 242689
242689 242689
242689 242689
242689 242689
242689 242689
242689 242689
242689 242689
242689 242689
242689 242689
242689 242689
242689 242689
242689 242689
242689 242689
242689 242689
242689 242689
242689 242689
242689 242689
242689 242689
242689 242689
242689 242689
242689 242689
242689 242689
242689 242689
242689 242689
242689 242689
242689 242689
242689 242689
242689 242689
242689 242689
242689 242689
242689 242689
242689 242689
242689 242689
242689 242689
242689 242689
242689 242689
242689 242689
242689 242689
242689 242689
242689 242689
242689 242689
242689 242689
242689 242689
242689 242689
242689 242689
242689 242689
242689 242689
242689 242689
242689 242689
242689 242689
242689 242689
242689 242689
242689 242689
242689 242689
242689 242689
242689 242689
242689 242689
242689 242689
242689 242689
242689 242689
242689 242689
242689 242689
242689 242689
242689 242689
242689 242689
242689 242689
242689 242689
242689 242689
242689 242689
242689 242689
242689 242689
242689 242689
242689 242689
242689 242689
242689 242689
242689 242689
242689 242689
242689 242689
242689 242689
242689 242689
242689 242689
242689 242689
242689 242689
242689 242689
242689 242689
242689 242689
242689 242689
242689 242689
242689 242689
242689 242689
242689 242689
242689 242689
242689 242689
242689 242689
242689 242689
242689 242689
242689 242689
242689 242689
242689 242689
242689 242689
242689 242689
242689 242689
242689 242689
242689 242689
242689 242689
242689 242689
242689 242689
242689 242689
242689 242689
242689 242689
242689 242689
242689 242689
242689 242689
242689 242689
242689 242689
242689 242689
242689 242689
242689 242689
242689 242689
242689 242689
242689 242689
242689 242689
242689 242689
242689 242689
242691 242691
242691 242691
242691 242691
242691 242691
242691 242691
242691 242691
242691 242691
242691 242691
242691 242691
242691 242691
242691 242691
242691 242691
242691 242691
242691 242691
242691 242691
242691 242691
242691 242691
242691 242691
242691 242691
242691 242691
242691 242691
242691 242691
242691 242691
242691 242691
242691 242691
242691 242691
242691 242691
242691 242691
242691 242691
242691 242691
242691 242691
242691 242691
242691 242691
242691 242691
242691 242691
242691 242691
242691 242691
242691 242691
242691 242691
242691 242691
242691 242691
242691 242691
242691 242691
242691 242691
242691 242691
242691 242691
242691 242691
242691 242691
242691 242691
242691 242691
242691 242691
242691 242691
242691 242691
242691 242691
242691 242691
242691 242691
242691 242691
242691 242691
242691 242691
242691 242691
242691 242691
242691 242691
242691 242691
242691 242691
242691 242691
242691 242691
242691 242691
242691 242691
242691 242691
242691 242691
242691 242691
242691 242691
242691 242691
242691 242691
242691 242691
242691 242691
242691 242691
242691 242691
242691 242691
242691 242691
242691 242691
242691 242691
242691 242691
242691 242691
242691 242691
242691 242691
242691 242691
242691 242691
242691 242691
242691 242691
242691 242691
242691 242691
242691 242691
242691 242691
242691 242691
242691 242691
242691 242691
242691 242691
242691 242691
242691 242691
242691 242691
242691 242691
242691 242691
242691 242691
242691 242691
242691 242691
242691 242691
242691 242691
242691 242691
242691 242691
242691 242691
242691 242691
242691 242691
242691 242691
242691 242691
242691 242691
242691 242691
242691 242691
242691 242691
242691 242691
242691 242691
242691 242691
242691 242691
242691 242691
242691 242691
242691 242691
242691 242691
242691 242691
242691 242691
242691 242691
242691 242691
242691 242691
242691 242691
242691 242691
242691 242691
242691 242691
242691 242691
242691 242691
242691 242691
242691 242691
242691 242691
242691 242691
242691 242691
242691 242691
242691 242691
242691 242691
242691 242691
242691 242691
242691 242691
242691 242691
242691 242691
242691 242691
242691 242691
242691 242691
242691 242691
242691 242691
242691 242691
242691 242691
242691 242691
242691 242691
242691 242691
242691 242691
242691 242691
242691 242691
242691 242691
242691 242691
242691 242691
242691 242691
242691 242691
242691 242691
242691 242691
242691 242691
242691 242691
242691 242691
242691 242691
242691 242691
242691 242691
242691 242691
242691 242691
242691 242691
242691 242691
242691 242691
242691 242691
242691 242691
242691 242691
242691 242691
242691 242691
242691 242691
242691 242691
242691 242691
242691 242691
242691 242691
242691 242691
242691 242691
242691 242691
242691 242691
242691 242691
242691 242691
242691 242691
242691 242691
242691 242691
242691 242691
242691 242691
242691 242691
242691 242691
242691 242691
242691 242691
242691 242691
242691 242691
242691 242691
242691 242691
242691 242691
242691 242691
242691 242691
242691 242691
242691 242691
242691 242691
242691 242691
242691 242691
242691 242691
242691 242691
242691 242691
242691 242691
242691 242691
242691 242691
242691 242691
242691 242691
242691 242691
242691 242691
242691 242691
242691 242691
242691 242691
242691 242691
242691 242691
242691 242691
242691 242691
242691 242691
242691 242691
242691 242691
242691 242691
242691 242691
242691 242691
242691 242691
242691 242691
242691 242691
242691 242691
242691 242691
242691 242691
242691 242691
242691 242691
242691 242691
242691 242691
242691 242691
242691 242691
242691 242691
242691 242691
242691 242691
242691 242691
242691 242691
242691 242691
242691 242691
242691 242691
242691 242691
242691 242691
242691 242691
242691 242691
242691 242691
242691 242691
242691 242691
242691 242691
242691 242691
242691 242691
242691 242691
242691 242691
242691 242691
242691 242691
242691 242691
242691 242691
242691 242691
242691 242691
242691 242691
242691 242691
242691 242691
242691 242691
242691 242691
242691 242691
242691 242691
242691 242691
242691 242691
242691 242691
242691 242691
242691 242691
242691 242691
242691 242691
242691 242691
242691 242691
242691 242691
242691 242691
242691 242691
242691 242691
242691 242691
242691 242691
242691 242691
242691 242691
242691 242691
242691 242691
242691 242691
242691 242691
242691 242691
242691 242691
242691 242691
242691 242691
242691 242691
242691 242691
242691 242691
242691 242691
242691 242691
242691 242691
242691 242691
242691 242691
242691 242691
242691 242691
242691 242691
242691 242691
242691 242691
242691 242691
242691 242691
242691 242691
242691 242691
242691 242691
242691 242691
242691 242691
242691 242691
242691 242691
242691 242691
242691 242691
242691 242691
242691 242691
242691 242691
242691 242691
242691 242691
242691 242691
242691 242691
242691 242691
242691 242691
242691 242691
242691 242691
242691 242691
242691 242691
242691 242691
242691 242691
242691 242691
