242643
-659035 185342
188664 188664
196243 196243
197762 197762
198822 198822
199972 199972
202237 202237
204292 204292
207456 207456
211647 211647
212350 212350
213214 213214
214010 214010
214408 214408
218095 218095
218202 218202
218535 218535
218752 218752
219079 219079
220861 220861
222635 222635
223589 223589
224907 224907
225413 225413
226996 226996
229002 229002
229134 229134
229451 229451
230241 230241
230258 230258
230365 230365
230555 230555
231057 231057
231424 231424
231512 231512
232048 232048
232679 232679
233349 233349
233468 233468
234383 234383
235208 235208
236556 236556
236760 236760
237212 237212
237212 237212
237235 237235
237746 237746
237771 237771
237895 237895
238188 238188
238264 238264
238368 238368
238520 238520
238669 238669
238926 238926
238926 238926
239082 239082
239093 239093
239106 239106
239211 239211
239425 239425
239426 239426
239686 239686
239723 239723
239748 239748
239765 239765
240251 240251
240400 240400
240442 240442
240533 240533
240606 240606
240679 240679
240729 240729
240811 240811
240891 240891
240896 240896
240920 240920
240941 240941
240972 240972
241092 241092
241144 241144
241155 241155
241197 241197
241203 241203
241257 241257
241288 241288
241303 241303
241561 241561
241716 241716
241716 241716
241716 241716
241717 241717
241717 241717
241717 241717
241718 241718
241718 241718
241734 241734
241754 241754
241940 241940
241940 241940
241940 241940
241959 241959
241989 241989
242006 242006
242109 242109
242109 242109
242109 242109
242109 242109
242109 242109
242109 242109
242137 242137
242182 242182
242182 242182
242182 242182
242182 242182
242182 242182
242182 242182
242182 242182
242182 242182
242182 242182
242185 242185
242185 242185
242185 242185
242185 242185
242234 242234
242236 242236
242283 242283
242285 242285
242285 242285
242285 242285
242295 242295
242295 242295
242295 242295
242295 242295
242295 242295
242304 242304
242304 242304
242345 242345
242345 242345
242345 242345
242345 242345
242345 242345
242345 242345
242345 242345
242345 242345
242345 242345
242370 242370
242370 242370
242370 242370
242370 242370
242370 242370
242370 242370
242370 242370
242370 242370
242382 242382
242382 242382
242382 242382
242382 242382
242382 242382
242382 242382
242388 242388
242407 242407
242407 242407
242407 242407
242407 242407
242409 242409
242409 242409
242445 242445
242445 242445
242445 242445
242445 242445
242445 242445
242445 242445
242445 242445
242445 242445
242445 242445
242445 242445
242445 242445
242445 242445
242445 242445
242445 242445
242456 242456
242456 242456
242456 242456
242456 242456
242516 242516
242516 242516
242516 242516
242516 242516
242516 242516
242516 242516
242516 242516
242516 242516
242516 242516
242516 242516
242516 242516
242516 242516
242516 242516
242519 242519
242519 242519
242519 242519
242519 242519
242519 242519
242519 242519
242519 242519
242519 242519
242519 242519
242519 242519
242519 242519
242525 242525
242546 242546
242546 242546
242548 242548
242548 242548
242548 242548
242548 242548
242548 242548
242548 242548
242548 242548
242548 242548
242548 242548
242548 242548
242548 242548
242548 242548
242548 242548
242548 242548
242548 242548
242548 242548
242548 242548
242613 242613
242613 242613
242613 242613
242613 242613
242613 242613
242613 242613
242613 242613
242613 242613
242613 242613
242613 242613
242613 242613
242613 242613
242613 242613
242613 242613
242613 242613
242613 242613
242613 242613
242613 242613
242613 242613
242613 242613
242613 242613
242613 242613
242613 242613
242613 242613
242613 242613
242613 242613
242613 242613
242613 242613
242613 242613
242613 242613
242613 242613
242613 242613
242613 242613
242613 242613
242613 242613
242613 242613
242613 242613
242613 242613
242613 242613
242613 242613
242613 242613
242613 242613
242613 242613
242613 242613
242613 242613
242613 242613
242613 242613
242613 242613
242613 242613
242613 242613
242613 242613
242613 242613
242613 242613
242613 242613
242613 242613
242613 242613
242613 242613
242613 242613
242613 242613
242613 242613
242613 242613
242613 242613
242613 242613
242613 242613
242613 242613
242613 242613
242613 242613
242613 242613
242613 242613
242613 242613
242613 242613
242613 242613
242613 242613
242613 242613
242613 242613
242613 242613
242613 242613
242613 242613
242613 242613
242613 242613
242613 242613
242613 242613
242613 242613
242613 242613
242613 242613
242613 242613
242613 242613
242613 242613
242613 242613
242613 242613
242613 242613
242613 242613
242613 242613
242613 242613
242613 242613
242613 242613
242613 242613
242613 242613
242613 242613
242613 242613
242613 242613
242613 242613
242613 242613
242613 242613
242613 242613
242613 242613
242613 242613
242613 242613
242613 242613
242613 242613
242613 242613
242613 242613
242613 242613
242613 242613
242613 242613
242613 242613
242613 242613
242613 242613
242613 242613
242613 242613
242613 242613
242613 242613
242613 242613
242613 242613
242613 242613
242613 242613
242613 242613
242613 242613
242613 242613
242613 242613
242613 242613
242613 242613
242613 242613
242613 242613
242613 242613
242613 242613
242613 242613
242613 242613
242613 242613
242613 242613
242613 242613
242613 242613
242613 242613
242613 242613
242613 242613
242613 242613
242613 242613
242613 242613
242625 242625
242625 242625
242625 242625
242625 242625
242625 242625
242625 242625
242625 242625
242625 242625
242625 242625
242625 242625
242625 242625
242625 242625
242625 242625
242625 242625
242625 242625
242625 242625
242625 242625
242625 242625
242625 242625
242625 242625
242625 242625
242625 242625
242625 242625
242625 242625
242625 242625
242625 242625
242625 242625
242625 242625
242625 242625
242625 242625
242625 242625
242625 242625
242625 242625
242625 242625
242625 242625
242625 242625
242625 242625
242625 242625
242625 242625
242625 242625
242625 242625
242625 242625
242625 242625
242643 242643
242643 242643
242643 242643
242643 242643
242643 242643
242643 242643
242643 242643
242643 242643
242643 242643
242643 242643
242643 242643
242643 242643
242643 242643
242643 242643
242643 242643
242643 242643
242643 242643
242643 242643
242643 242643
242643 242643
242643 242643
242643 242643
242643 242643
242643 242643
242643 242643
242643 242643
242643 242643
242643 242643
242643 242643
242643 242643
242643 242643
242643 242643
242643 242643
242643 242643
242643 242643
242643 242643
242643 242643
242643 242643
242643 242643
242643 242643
242643 242643
242643 242643
242643 242643
242643 242643
242643 242643
242643 242643
242643 242643
242643 242643
242643 242643
242643 242643
242643 242643
242643 242643
242643 242643
242643 242643
242643 242643
242643 242643
242643 242643
242643 242643
242643 242643
242643 242643
242643 242643
242643 242643
242643 242643
242643 242643
242643 242643
242643 242643
242643 242643
242643 242643
242643 242643
242643 242643
242643 242643
242643 242643
242643 242643
242643 242643
242643 242643
242643 242643
242643 242643
242643 242643
242643 242643
242643 242643
242643 242643
242643 242643
242643 242643
242643 242643
242643 242643
242643 242643
242643 242643
242643 242643
242643 242643
