202300
163105 163105
166433 166433
167412 167412
167796 167796
168480 168480
171017 171017
174456 174456
177507 177507
178088 178088
178088 178088
178543 178543
178543 178543
179522 179522
180001 180001
180223 180223
181293 181293
183513 183513
184041 184041
184846 184846
185295 185295
186051 186051
186180 186180
188984 188984
189709 189709
190188 190188
190416 190416
190490 190490
191879 191879
191879 191879
192609 192609
192635 192635
193058 193058
193117 193117
193441 193441
193738 193738
193779 193779
194035 194035
194119 194119
194845 194845
195093 195093
195156 195156
195237 195237
195301 195301
195911 195911
196102 196102
196266 196266
196991 196991
197340 197340
197583 197583
197959 197959
198020 198020
198248 198248
198357 198357
198357 198357
198375 198375
198741 198741
198898 198898
198934 198934
199274 199274
199462 199462
199471 199471
199471 199471
199471 199471
199742 199742
199911 199911
199911 199911
199911 199911
200065 200065
200065 200065
200070 200070
200365 200365
200365 200365
200365 200365
200365 200365
200365 200365
200365 200365
200365 200365
200374 200374
200502 200502
200591 200591
200591 200591
200591 200591
200591 200591
200591 200591
200591 200591
200666 200666
200750 200750
200750 200750
200750 200750
200750 200750
200912 200912
200912 200912
200912 200912
200912 200912
200912 200912
200947 200947
200947 200947
200947 200947
200947 200947
200947 200947
200947 200947
200947 200947
200947 200947
200947 200947
200947 200947
200947 200947
200947 200947
200947 200947
200947 200947
200947 200947
200947 200947
200947 200947
200947 200947
200947 200947
200947 200947
200947 200947
200947 200947
200947 200947
200947 200947
200947 200947
200947 200947
200947 200947
200947 200947
200947 200947
200947 200947
200947 200947
200947 200947
200947 200947
200947 200947
200947 200947
200947 200947
200983 200983
201012 201012
201012 201012
201020 201020
201050 201050
201189 201189
201298 201298
201298 201298
201298 201298
201328 201328
201439 201439
201439 201439
201477 201477
201477 201477
201477 201477
201477 201477
201477 201477
201528 201528
201528 201528
201528 201528
201528 201528
201582 201582
201582 201582
201582 201582
201582 201582
201582 201582
201582 201582
201582 201582
201582 201582
201582 201582
201630 201630
201630 201630
201630 201630
201630 201630
201635 201635
201672 201672
201672 201672
201672 201672
201672 201672
201762 201762
201762 201762
201762 201762
201762 201762
201762 201762
201764 201764
201798 201798
201798 201798
201798 201798
201798 201798
201798 201798
201798 201798
201798 201798
201900 201900
201900 201900
201900 201900
201948 201948
201948 201948
201948 201948
201948 201948
201948 201948
201948 201948
201948 201948
201948 201948
201948 201948
201948 201948
201948 201948
201948 201948
201948 201948
201948 201948
201948 201948
201948 201948
201948 201948
201948 201948
201948 201948
201948 201948
201948 201948
201948 201948
201948 201948
201948 201948
201948 201948
201948 201948
201948 201948
201948 201948
201948 201948
201948 201948
201948 201948
201948 201948
201948 201948
201948 201948
201948 201948
201948 201948
201948 201948
201948 201948
201948 201948
201948 201948
201948 201948
201948 201948
201948 201948
201948 201948
201948 201948
201948 201948
201948 201948
201948 201948
201948 201948
201948 201948
201948 201948
201948 201948
201948 201948
201948 201948
201948 201948
201948 201948
201948 201948
201948 201948
201948 201948
201948 201948
201948 201948
201948 201948
202020 202020
202020 202020
202020 202020
202020 202020
202020 202020
202020 202020
202020 202020
202020 202020
202020 202020
202020 202020
202020 202020
202020 202020
202020 202020
202020 202020
202020 202020
202022 202022
202059 202059
202059 202059
202059 202059
202059 202059
202059 202059
202077 202077
202077 202077
202077 202077
202077 202077
202077 202077
202077 202077
202077 202077
202077 202077
202077 202077
202129 202129
202189 202189
202189 202189
202189 202189
202189 202189
202230 202230
202230 202230
202230 202230
202230 202230
202232 202232
202232 202232
202232 202232
202232 202232
202232 202232
202232 202232
202232 202232
202232 202232
202232 202232
202232 202232
202232 202232
202232 202232
202232 202232
202232 202232
202232 202232
202232 202232
202232 202232
202232 202232
202232 202232
202232 202232
202232 202232
202232 202232
202232 202232
202232 202232
202232 202232
202232 202232
202232 202232
202232 202232
202232 202232
202232 202232
202232 202232
202232 202232
202232 202232
202232 202232
202232 202232
202232 202232
202232 202232
202232 202232
202232 202232
202232 202232
202232 202232
202232 202232
202232 202232
202232 202232
202232 202232
202232 202232
202232 202232
202232 202232
202232 202232
202232 202232
202232 202232
202232 202232
202232 202232
202232 202232
202232 202232
202232 202232
202232 202232
202232 202232
202232 202232
202232 202232
202232 202232
202232 202232
202232 202232
202232 202232
202232 202232
202232 202232
202232 202232
202232 202232
202232 202232
202250 202250
202250 202250
202250 202250
202250 202250
202252 202252
202252 202252
202252 202252
202252 202252
202252 202252
202252 202252
202252 202252
202252 202252
202252 202252
202252 202252
202252 202252
202252 202252
202252 202252
202252 202252
202252 202252
202252 202252
202252 202252
202300 202300
202300 202300
202300 202300
202300 202300
202300 202300
202300 202300
202300 202300
202300 202300
202300 202300
202300 202300
202300 202300
202300 202300
202300 202300
202300 202300
202300 202300
202300 202300
202300 202300
202300 202300
202300 202300
202300 202300
202300 202300
202300 202300
202300 202300
202300 202300
202300 202300
202300 202300
202300 202300
202300 202300
202300 202300
202300 202300
202300 202300
202300 202300
202300 202300
202300 202300
202300 202300
202300 202300
202300 202300
202300 202300
202300 202300
202300 202300
202300 202300
202300 202300
202300 202300
202300 202300
202300 202300
202300 202300
202300 202300
202300 202300
202300 202300
202300 202300
202300 202300
202300 202300
202300 202300
202300 202300
202300 202300
202300 202300
202300 202300
202300 202300
