242687
164699 164699
167833 167833
174705 174705
175559 175559
175948 175948
176302 176302
178437 178437
180956 180956
183917 183917
191549 191549
193530 193530
194673 194673
196436 196436
198074 198074
200398 200398
202363 202363
204137 204137
204206 204206
205613 205613
205749 205749
209280 209280
209703 209703
211722 211722
211983 211983
214316 214316
218152 218152
219806 219806
221560 221560
222066 222066
222231 222231
222983 222983
223583 223583
224161 224161
224718 224718
225082 225082
225167 225167
227105 227105
229490 229490
231950 231950
231950 231950
232072 232072
232921 232921
232921 232921
232921 232921
233072 233072
233523 233523
233648 233648
233985 233985
234336 234336
234735 234735
234836 234836
234866 234866
235126 235126
235241 235241
235905 235905
235920 235920
236375 236375
236831 236831
236836 236836
236847 236847
238214 238214
238314 238314
238314 238314
238389 238389
238440 238440
238452 238452
238460 238460
238539 238539
238662 238662
238667 238667
239008 239008
239139 239139
239728 239728
239728 239728
239773 239773
239865 239865
239910 239910
240073 240073
240105 240105
240248 240248
240287 240287
240454 240454
240509 240509
240560 240560
240584 240584
240750 240750
240800 240800
240818 240818
240818 240818
240874 240874
240913 240913
240992 240992
240992 240992
240999 240999
241003 241003
241142 241142
241142 241142
241142 241142
241209 241209
241209 241209
241523 241523
241523 241523
241633 241633
241633 241633
241633 241633
241633 241633
241715 241715
241715 241715
241715 241715
241715 241715
241715 241715
241729 241729
241963 241963
241963 241963
241963 241963
241963 241963
241964 241964
241964 241964
241998 241998
241998 241998
241998 241998
242000 242000
242020 242020
242110 242110
242110 242110
242110 242110
242111 242111
242111 242111
242116 242116
242116 242116
242116 242116
242116 242116
242116 242116
242121 242121
242334 242334
242334 242334
242334 242334
242334 242334
242334 242334
242334 242334
242334 242334
242334 242334
242334 242334
242334 242334
242334 242334
242334 242334
242334 242334
242334 242334
242334 242334
242334 242334
242334 242334
242334 242334
242334 242334
242334 242334
242334 242334
242334 242334
242334 242334
242334 242334
242334 242334
242334 242334
242334 242334
242334 242334
242334 242334
242334 242334
242334 242334
242334 242334
242334 242334
242360 242360
242360 242360
242360 242360
242429 242429
242429 242429
242429 242429
242429 242429
242429 242429
242429 242429
242429 242429
242429 242429
242429 242429
242429 242429
242429 242429
242429 242429
242429 242429
242429 242429
242429 242429
242429 242429
242429 242429
242429 242429
242429 242429
242429 242429
242429 242429
242429 242429
242429 242429
242429 242429
242429 242429
242429 242429
242429 242429
242429 242429
242429 242429
242443 242443
242443 242443
242443 242443
242443 242443
242443 242443
242443 242443
242443 242443
242443 242443
242443 242443
242456 242456
242456 242456
242456 242456
242456 242456
242456 242456
242456 242456
242468 242468
242468 242468
242468 242468
242490 242490
242490 242490
242490 242490
242490 242490
242490 242490
242490 242490
242490 242490
242490 242490
242490 242490
242490 242490
242490 242490
242490 242490
242490 242490
242490 242490
242490 242490
242490 242490
242490 242490
242490 242490
242490 242490
242490 242490
242490 242490
242490 242490
242490 242490
242490 242490
242490 242490
242490 242490
242560 242560
242560 242560
242560 242560
242560 242560
242560 242560
242560 242560
242560 242560
242560 242560
242560 242560
242560 242560
242560 242560
242560 242560
242560 242560
242560 242560
242560 242560
242560 242560
242560 242560
242560 242560
242567 242567
242567 242567
242567 242567
242567 242567
242567 242567
242567 242567
242567 242567
242567 242567
242567 242567
242567 242567
242567 242567
242567 242567
242567 242567
242567 242567
242567 242567
242567 242567
242567 242567
242567 242567
242567 242567
242567 242567
242567 242567
242567 242567
242567 242567
242567 242567
242567 242567
242567 242567
242567 242567
242567 242567
242567 242567
242567 242567
242567 242567
242567 242567
242567 242567
242567 242567
242567 242567
242567 242567
242567 242567
242567 242567
242567 242567
242567 242567
242567 242567
242567 242567
242567 242567
242567 242567
242567 242567
242567 242567
242567 242567
242567 242567
242567 242567
242567 242567
242567 242567
242567 242567
242567 242567
242567 242567
242567 242567
242567 242567
242567 242567
242567 242567
242567 242567
242567 242567
242567 242567
242567 242567
242567 242567
242567 242567
242567 242567
242567 242567
242567 242567
242567 242567
242572 242572
242572 242572
242572 242572
242572 242572
242572 242572
242572 242572
242572 242572
242572 242572
242572 242572
242572 242572
242572 242572
242572 242572
242572 242572
242572 242572
242572 242572
242572 242572
242572 242572
242572 242572
242572 242572
242572 242572
242572 242572
242572 242572
242572 242572
242572 242572
242572 242572
242572 242572
242578 242578
242578 242578
242578 242578
242578 242578
242578 242578
242578 242578
242578 242578
242578 242578
242578 242578
242578 242578
242578 242578
242578 242578
242578 242578
242578 242578
242578 242578
242578 242578
242578 242578
242588 242588
242588 242588
242588 242588
242588 242588
242588 242588
242588 242588
242588 242588
242588 242588
242588 242588
242588 242588
242626 242626
242626 242626
242626 242626
242626 242626
242626 242626
242626 242626
242626 242626
242626 242626
242626 242626
242626 242626
242626 242626
242626 242626
242626 242626
242626 242626
242626 242626
242626 242626
242626 242626
242626 242626
242626 242626
242626 242626
242626 242626
242626 242626
242626 242626
242626 242626
242626 242626
242626 242626
242626 242626
242626 242626
242626 242626
242626 242626
242626 242626
242626 242626
242626 242626
242626 242626
242626 242626
242626 242626
242626 242626
242626 242626
242626 242626
242626 242626
242626 242626
242626 242626
242626 242626
242626 242626
242626 242626
242626 242626
242626 242626
242626 242626
242626 242626
242626 242626
242626 242626
242626 242626
242626 242626
242626 242626
242626 242626
242626 242626
242626 242626
242626 242626
242626 242626
242626 242626
242626 242626
242626 242626
242626 242626
242626 242626
242626 242626
242626 242626
242626 242626
242626 242626
242626 242626
242626 242626
242626 242626
242626 242626
242626 242626
242626 242626
242626 242626
242626 242626
242626 242626
242626 242626
242626 242626
242626 242626
242626 242626
242626 242626
242626 242626
242626 242626
242626 242626
242626 242626
242626 242626
242626 242626
242626 242626
242626 242626
242626 242626
242626 242626
242626 242626
242626 242626
242626 242626
242626 242626
242626 242626
242626 242626
242626 242626
242626 242626
242626 242626
242626 242626
242626 242626
242626 242626
242626 242626
242626 242626
242626 242626
242626 242626
242626 242626
242626 242626
242626 242626
242626 242626
242626 242626
242626 242626
242626 242626
242626 242626
242626 242626
242626 242626
242626 242626
242626 242626
242626 242626
242626 242626
242626 242626
242626 242626
242626 242626
242626 242626
242626 242626
242626 242626
242626 242626
242626 242626
242626 242626
242626 242626
242626 242626
242626 242626
242626 242626
242626 242626
242626 242626
242626 242626
242626 242626
242626 242626
242626 242626
242626 242626
242626 242626
242626 242626
242626 242626
242626 242626
242626 242626
242626 242626
242626 242626
242639 242639
242639 242639
242639 242639
242639 242639
242639 242639
242652 242652
242652 242652
242652 242652
242652 242652
242652 242652
242652 242652
242652 242652
242652 242652
242652 242652
242652 242652
242652 242652
242652 242652
242652 242652
242652 242652
242652 242652
242652 242652
242652 242652
242652 242652
242652 242652
242652 242652
242652 242652
242652 242652
242652 242652
242652 242652
242652 242652
242652 242652
242652 242652
242652 242652
242652 242652
242652 242652
242652 242652
242652 242652
242652 242652
242652 242652
242652 242652
242652 242652
242652 242652
242652 242652
242652 242652
242652 242652
242652 242652
242652 242652
242652 242652
242652 242652
242652 242652
242652 242652
242652 242652
242652 242652
242652 242652
242652 242652
242652 242652
242652 242652
242662 242662
242662 242662
242662 242662
242662 242662
242662 242662
242662 242662
242662 242662
242662 242662
242662 242662
242662 242662
242662 242662
242662 242662
242662 242662
242662 242662
242662 242662
242662 242662
242662 242662
242662 242662
242662 242662
242662 242662
242662 242662
242662 242662
242662 242662
242662 242662
242662 242662
242662 242662
242662 242662
242662 242662
242662 242662
242662 242662
242662 242662
242662 242662
242662 242662
242662 242662
242662 242662
242662 242662
242662 242662
242662 242662
242662 242662
242662 242662
242662 242662
242662 242662
242662 242662
242662 242662
242662 242662
242662 242662
242662 242662
242662 242662
242662 242662
242662 242662
242662 242662
242665 242665
242672 242672
242672 242672
242672 242672
242672 242672
242672 242672
242672 242672
242672 242672
242672 242672
242672 242672
242672 242672
242672 242672
242672 242672
242672 242672
242672 242672
242672 242672
242672 242672
242672 242672
242672 242672
242672 242672
242672 242672
242672 242672
242672 242672
242672 242672
242672 242672
242672 242672
242672 242672
242672 242672
242672 242672
242672 242672
242672 242672
242672 242672
242672 242672
242672 242672
242672 242672
242672 242672
242672 242672
242672 242672
242672 242672
242672 242672
242672 242672
242672 242672
242672 242672
242672 242672
242672 242672
242672 242672
242672 242672
242672 242672
242672 242672
242672 242672
242672 242672
242672 242672
242672 242672
242672 242672
242672 242672
242672 242672
242672 242672
242672 242672
242672 242672
242672 242672
242672 242672
242672 242672
242672 242672
242672 242672
242672 242672
242672 242672
242672 242672
242672 242672
242672 242672
242672 242672
242672 242672
242672 242672
242672 242672
242672 242672
242672 242672
242672 242672
242672 242672
242672 242672
242672 242672
242672 242672
242672 242672
242672 242672
242672 242672
242672 242672
242672 242672
242672 242672
242672 242672
242672 242672
242672 242672
242672 242672
242672 242672
242672 242672
242672 242672
242672 242672
242672 242672
242672 242672
242672 242672
242672 242672
242672 242672
242672 242672
242672 242672
242672 242672
242672 242672
242672 242672
242672 242672
242672 242672
242672 242672
242672 242672
242672 242672
242672 242672
242672 242672
242672 242672
242672 242672
242672 242672
242672 242672
242672 242672
242672 242672
242672 242672
242672 242672
242672 242672
242672 242672
242672 242672
242672 242672
242672 242672
242672 242672
242672 242672
242672 242672
242672 242672
242672 242672
242672 242672
242672 242672
242672 242672
242672 242672
242672 242672
242672 242672
242672 242672
242672 242672
242672 242672
242672 242672
242672 242672
242672 242672
242672 242672
242672 242672
242672 242672
242672 242672
242672 242672
242672 242672
242672 242672
242672 242672
242672 242672
242672 242672
242672 242672
242672 242672
242672 242672
242672 242672
242672 242672
242672 242672
242672 242672
242672 242672
242672 242672
242672 242672
242672 242672
242672 242672
242672 242672
242672 242672
242672 242672
242672 242672
242672 242672
242672 242672
242672 242672
242672 242672
242672 242672
242672 242672
242672 242672
242672 242672
242672 242672
242672 242672
242672 242672
242672 242672
242672 242672
242672 242672
242672 242672
242672 242672
242672 242672
242672 242672
242672 242672
242672 242672
242672 242672
242672 242672
242672 242672
242672 242672
242672 242672
242672 242672
242672 242672
242672 242672
242672 242672
242672 242672
242672 242672
242672 242672
242672 242672
242672 242672
242672 242672
242672 242672
242672 242672
242672 242672
242672 242672
242672 242672
242672 242672
242672 242672
242672 242672
242672 242672
242672 242672
242672 242672
242672 242672
242672 242672
242672 242672
242672 242672
242672 242672
242672 242672
242672 242672
242672 242672
242672 242672
242672 242672
242672 242672
242672 242672
242672 242672
242672 242672
242672 242672
242672 242672
242672 242672
242672 242672
242672 242672
242672 242672
242672 242672
242672 242672
242672 242672
242672 242672
242672 242672
242672 242672
242672 242672
242672 242672
242672 242672
242672 242672
242672 242672
242672 242672
242672 242672
242672 242672
242672 242672
242672 242672
242672 242672
242672 242672
242672 242672
242672 242672
242672 242672
242672 242672
242672 242672
242672 242672
242672 242672
242672 242672
242672 242672
242672 242672
242672 242672
242672 242672
242672 242672
242672 242672
242672 242672
242672 242672
242672 242672
242672 242672
242672 242672
242672 242672
242672 242672
242672 242672
242672 242672
242672 242672
242672 242672
242672 242672
242672 242672
242672 242672
242672 242672
242672 242672
242672 242672
242672 242672
242672 242672
242672 242672
242672 242672
242672 242672
242672 242672
242672 242672
242672 242672
242672 242672
242672 242672
242672 242672
242672 242672
242672 242672
242672 242672
242672 242672
242672 242672
242672 242672
242672 242672
242672 242672
242672 242672
242672 242672
242672 242672
242672 242672
242672 242672
242672 242672
242672 242672
242672 242672
242672 242672
242672 242672
242672 242672
242672 242672
242672 242672
242672 242672
242672 242672
242672 242672
242672 242672
242672 242672
242672 242672
242672 242672
242672 242672
242672 242672
242672 242672
242672 242672
242672 242672
242672 242672
242672 242672
242672 242672
242672 242672
242672 242672
242672 242672
242672 242672
242672 242672
242672 242672
242672 242672
242672 242672
242672 242672
242672 242672
242672 242672
242672 242672
242672 242672
242672 242672
242672 242672
242672 242672
242672 242672
242672 242672
242672 242672
242672 242672
242672 242672
242672 242672
242672 242672
242672 242672
242672 242672
242672 242672
242672 242672
242672 242672
242672 242672
242672 242672
242672 242672
242672 242672
242672 242672
242672 242672
242672 242672
242672 242672
242672 242672
242672 242672
242672 242672
242672 242672
242672 242672
242672 242672
242672 242672
242672 242672
242672 242672
242672 242672
242672 242672
242672 242672
242672 242672
242672 242672
242672 242672
242672 242672
242672 242672
242672 242672
242672 242672
242672 242672
242672 242672
242672 242672
242672 242672
242672 242672
242672 242672
242672 242672
242672 242672
242672 242672
242672 242672
242672 242672
242672 242672
242672 242672
242672 242672
242672 242672
242672 242672
242672 242672
242672 242672
242672 242672
242672 242672
242672 242672
242672 242672
242672 242672
242672 242672
242672 242672
242672 242672
242672 242672
242672 242672
242672 242672
242672 242672
242672 242672
242672 242672
242672 242672
242672 242672
242672 242672
242672 242672
242672 242672
242672 242672
242672 242672
242672 242672
242672 242672
242672 242672
242672 242672
242672 242672
242672 242672
242672 242672
242672 242672
242672 242672
242672 242672
242672 242672
242672 242672
242672 242672
242672 242672
242672 242672
242672 242672
242672 242672
242672 242672
242672 242672
242672 242672
242672 242672
242672 242672
242672 242672
242672 242672
242672 242672
242672 242672
242672 242672
242672 242672
242672 242672
242672 242672
242672 242672
242672 242672
242672 242672
242672 242672
242672 242672
242672 242672
242672 242672
242672 242672
242672 242672
242672 242672
242672 242672
242672 242672
242672 242672
242672 242672
242672 242672
242672 242672
242672 242672
242672 242672
242672 242672
242672 242672
242672 242672
242672 242672
242672 242672
242672 242672
242672 242672
242672 242672
242672 242672
242672 242672
242672 242672
242672 242672
242672 242672
242672 242672
242672 242672
242672 242672
242672 242672
242672 242672
242672 242672
242672 242672
242672 242672
242672 242672
242672 242672
242672 242672
242672 242672
242672 242672
242672 242672
242672 242672
242672 242672
242672 242672
242672 242672
242672 242672
242672 242672
242672 242672
242672 242672
242672 242672
242672 242672
242672 242672
242672 242672
242672 242672
242672 242672
242672 242672
242672 242672
242672 242672
242672 242672
242672 242672
242672 242672
242672 242672
242672 242672
242672 242672
242672 242672
242672 242672
242672 242672
242672 242672
242672 242672
242672 242672
242672 242672
242672 242672
242672 242672
242672 242672
242672 242672
242672 242672
242672 242672
242672 242672
242672 242672
242672 242672
242672 242672
242672 242672
242672 242672
242672 242672
242672 242672
242672 242672
242672 242672
242672 242672
242672 242672
242672 242672
242672 242672
242672 242672
242672 242672
242672 242672
242672 242672
242672 242672
242672 242672
242672 242672
242672 242672
242672 242672
242672 242672
242672 242672
242672 242672
242672 242672
242672 242672
242672 242672
242672 242672
242672 242672
242672 242672
242672 242672
242672 242672
242672 242672
242672 242672
242672 242672
242672 242672
242672 242672
242672 242672
242672 242672
242672 242672
242672 242672
242672 242672
242672 242672
242672 242672
242672 242672
242672 242672
242672 242672
242672 242672
242672 242672
242672 242672
242672 242672
242672 242672
242672 242672
242672 242672
242672 242672
242672 242672
242672 242672
242672 242672
242672 242672
242672 242672
242672 242672
242672 242672
242672 242672
242672 242672
242672 242672
242672 242672
242672 242672
242672 242672
242672 242672
242672 242672
242672 242672
242672 242672
242672 242672
242672 242672
242672 242672
242672 242672
242672 242672
242672 242672
242672 242672
242672 242672
242672 242672
242672 242672
242672 242672
242672 242672
242672 242672
242672 242672
242672 242672
242672 242672
242672 242672
242672 242672
242672 242672
242672 242672
242672 242672
242672 242672
242672 242672
242672 242672
242672 242672
242672 242672
242672 242672
242672 242672
242672 242672
242672 242672
242672 242672
242672 242672
242672 242672
242672 242672
242672 242672
242672 242672
242672 242672
242672 242672
242672 242672
242672 242672
242672 242672
242672 242672
242672 242672
242672 242672
242672 242672
242672 242672
242672 242672
242672 242672
242672 242672
242672 242672
242672 242672
242672 242672
242672 242672
242672 242672
242672 242672
242672 242672
242672 242672
242672 242672
242672 242672
242672 242672
242672 242672
242672 242672
242672 242672
242672 242672
242672 242672
242672 242672
242672 242672
242672 242672
242672 242672
242672 242672
242672 242672
242672 242672
242672 242672
242672 242672
242672 242672
242672 242672
242672 242672
242672 242672
242672 242672
242672 242672
242672 242672
242672 242672
242672 242672
242672 242672
242672 242672
242672 242672
242672 242672
242672 242672
242672 242672
242672 242672
242672 242672
242672 242672
242672 242672
242672 242672
242672 242672
242672 242672
242672 242672
242672 242672
242672 242672
242672 242672
242672 242672
242672 242672
242672 242672
242672 242672
242672 242672
242672 242672
242672 242672
242672 242672
242672 242672
242672 242672
242672 242672
242672 242672
242672 242672
242672 242672
242672 242672
242672 242672
242672 242672
242672 242672
242672 242672
242672 242672
242672 242672
242672 242672
242672 242672
242672 242672
242672 242672
242672 242672
242672 242672
242672 242672
242672 242672
242672 242672
242672 242672
242672 242672
242672 242672
242672 242672
242672 242672
242672 242672
242672 242672
242672 242672
242672 242672
242672 242672
242672 242672
242672 242672
242672 242672
242672 242672
242672 242672
242672 242672
242672 242672
242672 242672
242672 242672
242672 242672
242672 242672
242672 242672
242672 242672
242672 242672
242672 242672
242672 242672
242672 242672
242672 242672
242672 242672
242672 242672
242672 242672
242672 242672
242672 242672
242672 242672
242672 242672
242672 242672
242672 242672
242672 242672
242672 242672
242672 242672
242672 242672
242672 242672
242672 242672
242672 242672
242672 242672
242672 242672
242672 242672
242672 242672
242672 242672
242672 242672
242672 242672
242672 242672
242672 242672
242672 242672
242672 242672
242672 242672
242672 242672
242672 242672
242672 242672
242672 242672
242672 242672
242672 242672
242672 242672
242672 242672
242672 242672
242672 242672
242672 242672
242672 242672
242672 242672
242672 242672
242672 242672
242672 242672
242672 242672
242672 242672
242672 242672
242672 242672
242672 242672
242672 242672
242672 242672
242672 242672
242672 242672
242672 242672
242672 242672
242672 242672
242672 242672
242672 242672
242672 242672
242672 242672
242672 242672
242672 242672
242672 242672
242672 242672
242672 242672
242672 242672
242672 242672
242672 242672
242672 242672
242672 242672
242672 242672
242672 242672
242672 242672
242672 242672
242672 242672
242672 242672
242672 242672
242672 242672
242672 242672
242672 242672
242672 242672
242672 242672
242672 242672
242672 242672
242672 242672
242672 242672
242672 242672
242672 242672
242672 242672
242672 242672
242672 242672
242672 242672
242672 242672
242672 242672
242672 242672
242672 242672
242672 242672
242672 242672
242672 242672
242672 242672
242672 242672
242672 242672
242672 242672
242672 242672
242672 242672
242672 242672
242672 242672
242672 242672
242672 242672
242672 242672
242672 242672
242672 242672
242672 242672
242672 242672
242672 242672
242672 242672
242672 242672
242672 242672
242672 242672
242672 242672
242672 242672
242672 242672
242672 242672
242672 242672
242672 242672
242672 242672
242672 242672
242672 242672
242672 242672
242672 242672
242672 242672
242672 242672
242672 242672
242672 242672
242672 242672
242672 242672
242672 242672
242672 242672
242672 242672
242672 242672
242672 242672
242672 242672
242672 242672
242672 242672
242672 242672
242672 242672
242672 242672
242672 242672
242672 242672
242672 242672
242672 242672
242672 242672
242672 242672
242672 242672
242672 242672
242672 242672
242672 242672
242672 242672
242672 242672
242672 242672
242672 242672
242672 242672
242672 242672
242672 242672
242672 242672
242672 242672
242672 242672
242672 242672
242672 242672
242672 242672
242672 242672
242672 242672
242672 242672
242672 242672
242672 242672
242672 242672
242672 242672
242672 242672
242672 242672
242672 242672
242672 242672
242672 242672
242672 242672
242672 242672
242672 242672
242672 242672
242672 242672
242672 242672
242672 242672
242672 242672
242672 242672
242672 242672
242672 242672
242672 242672
242672 242672
242672 242672
242672 242672
242672 242672
242672 242672
242672 242672
242672 242672
242672 242672
242672 242672
242672 242672
242672 242672
242672 242672
242672 242672
242672 242672
242672 242672
242672 242672
242672 242672
242672 242672
242672 242672
242672 242672
242672 242672
242672 242672
242672 242672
242672 242672
242672 242672
242672 242672
242672 242672
242672 242672
242672 242672
242672 242672
242672 242672
242672 242672
242672 242672
242672 242672
242672 242672
242672 242672
242672 242672
242672 242672
242672 242672
242672 242672
242672 242672
242672 242672
242672 242672
242672 242672
242672 242672
242672 242672
242672 242672
242672 242672
242672 242672
242672 242672
242672 242672
242672 242672
242672 242672
242672 242672
242672 242672
242672 242672
242672 242672
242672 242672
242672 242672
242672 242672
242672 242672
242672 242672
242672 242672
242672 242672
242672 242672
242672 242672
242672 242672
242672 242672
242672 242672
242672 242672
242672 242672
242672 242672
242672 242672
242672 242672
242672 242672
242672 242672
242672 242672
242672 242672
242672 242672
242672 242672
242672 242672
242672 242672
242672 242672
242672 242672
242672 242672
242672 242672
242672 242672
242672 242672
242672 242672
242672 242672
242672 242672
242672 242672
242672 242672
242672 242672
242675 242675
242675 242675
242675 242675
242675 242675
242675 242675
242675 242675
242675 242675
242675 242675
242675 242675
242675 242675
242675 242675
242675 242675
242675 242675
242675 242675
242675 242675
242675 242675
242675 242675
242675 242675
242675 242675
242675 242675
242675 242675
242675 242675
242675 242675
242675 242675
242675 242675
242675 242675
242675 242675
242675 242675
242675 242675
242675 242675
242675 242675
242675 242675
242675 242675
242675 242675
242675 242675
242675 242675
242675 242675
242675 242675
242675 242675
242675 242675
242675 242675
242675 242675
242675 242675
242675 242675
242675 242675
242675 242675
242675 242675
242675 242675
242675 242675
242675 242675
242675 242675
242675 242675
242675 242675
242675 242675
242675 242675
242675 242675
242675 242675
242675 242675
242675 242675
242675 242675
242675 242675
242675 242675
242675 242675
242675 242675
242675 242675
242675 242675
242675 242675
242675 242675
242675 242675
242675 242675
242675 242675
242675 242675
242675 242675
242675 242675
242675 242675
242675 242675
242675 242675
242675 242675
242675 242675
242675 242675
242675 242675
242675 242675
242675 242675
242675 242675
242675 242675
242675 242675
242675 242675
242675 242675
242675 242675
242675 242675
242675 242675
242675 242675
242675 242675
242675 242675
242675 242675
242675 242675
242675 242675
242675 242675
242675 242675
242675 242675
242675 242675
242675 242675
242675 242675
242675 242675
242675 242675
242675 242675
242675 242675
242675 242675
242675 242675
242675 242675
242675 242675
242675 242675
242675 242675
242675 242675
242675 242675
242675 242675
242675 242675
242675 242675
242675 242675
242675 242675
242675 242675
242675 242675
242675 242675
242675 242675
242675 242675
242675 242675
242675 242675
242675 242675
242675 242675
242675 242675
242675 242675
242675 242675
242675 242675
242675 242675
242675 242675
242675 242675
242675 242675
242675 242675
242675 242675
242675 242675
242675 242675
242675 242675
242675 242675
242675 242675
242675 242675
242675 242675
242675 242675
242675 242675
242675 242675
242675 242675
242675 242675
242675 242675
242675 242675
242675 242675
242675 242675
242675 242675
242675 242675
242675 242675
242675 242675
242675 242675
242675 242675
242675 242675
242675 242675
242675 242675
242675 242675
242675 242675
242675 242675
242675 242675
242675 242675
242675 242675
242675 242675
242675 242675
242675 242675
242675 242675
242675 242675
242675 242675
242675 242675
242675 242675
242675 242675
242675 242675
242675 242675
242675 242675
242675 242675
242675 242675
242675 242675
242675 242675
242675 242675
242675 242675
242675 242675
242675 242675
242675 242675
242675 242675
242675 242675
242675 242675
242675 242675
242675 242675
242675 242675
242675 242675
242675 242675
242675 242675
242675 242675
242675 242675
242675 242675
242675 242675
242675 242675
242675 242675
242675 242675
242675 242675
242675 242675
242675 242675
242675 242675
242675 242675
242675 242675
242675 242675
242675 242675
242675 242675
242675 242675
242675 242675
242675 242675
242675 242675
242675 242675
242675 242675
242675 242675
242675 242675
242675 242675
242675 242675
242675 242675
242675 242675
242675 242675
242675 242675
242675 242675
242675 242675
242675 242675
242675 242675
242675 242675
242675 242675
242675 242675
242675 242675
242675 242675
242675 242675
242675 242675
242675 242675
242675 242675
242675 242675
242675 242675
242675 242675
242675 242675
242675 242675
242675 242675
242675 242675
242675 242675
242675 242675
242675 242675
242675 242675
242675 242675
242675 242675
242675 242675
242675 242675
242675 242675
242685 242685
242685 242685
242685 242685
242685 242685
242685 242685
242685 242685
242685 242685
242685 242685
242685 242685
242685 242685
242685 242685
242685 242685
242685 242685
242685 242685
242685 242685
242685 242685
242685 242685
242685 242685
242685 242685
242685 242685
242685 242685
242685 242685
242685 242685
242685 242685
242685 242685
242685 242685
242685 242685
242685 242685
242685 242685
242685 242685
242685 242685
242685 242685
242685 242685
242685 242685
242685 242685
242685 242685
242685 242685
242685 242685
242685 242685
242685 242685
242685 242685
242685 242685
242685 242685
242685 242685
242685 242685
242685 242685
242685 242685
242685 242685
242685 242685
242685 242685
242685 242685
242685 242685
242685 242685
242685 242685
242685 242685
242685 242685
242685 242685
242685 242685
242685 242685
242685 242685
242685 242685
242685 242685
242685 242685
242685 242685
242685 242685
242685 242685
242685 242685
242685 242685
242685 242685
242685 242685
242685 242685
242685 242685
242685 242685
242685 242685
242685 242685
242685 242685
242685 242685
242685 242685
242685 242685
242685 242685
242685 242685
242685 242685
242685 242685
242685 242685
242685 242685
242685 242685
242685 242685
242685 242685
242685 242685
242685 242685
242685 242685
242685 242685
242685 242685
242685 242685
242685 242685
242685 242685
242685 242685
242685 242685
242685 242685
242685 242685
242685 242685
242685 242685
242685 242685
242685 242685
242685 242685
242685 242685
242685 242685
242685 242685
242685 242685
242685 242685
242685 242685
242685 242685
242685 242685
242685 242685
242685 242685
242685 242685
242685 242685
242685 242685
242685 242685
242685 242685
242685 242685
242685 242685
242685 242685
242685 242685
242685 242685
242685 242685
242685 242685
242685 242685
242685 242685
242685 242685
242685 242685
242685 242685
242687 242687
242687 242687
242687 242687
242687 242687
242687 242687
242687 242687
242687 242687
242687 242687
242687 242687
242687 242687
242687 242687
242687 242687
242687 242687
242687 242687
242687 242687
242687 242687
242687 242687
242687 242687
242687 242687
242687 242687
242687 242687
242687 242687
242687 242687
242687 242687
242687 242687
242687 242687
242687 242687
242687 242687
242687 242687
242687 242687
242687 242687
242687 242687
242687 242687
242687 242687
242687 242687
242687 242687
242687 242687
242687 242687
242687 242687
242687 242687
242687 242687
242687 242687
242687 242687
242687 242687
242687 242687
242687 242687
242687 242687
242687 242687
242687 242687
242687 242687
242687 242687
242687 242687
242687 242687
242687 242687
242687 242687
242687 242687
242687 242687
242687 242687
242687 242687
242687 242687
242687 242687
242687 242687
242687 242687
242687 242687
242687 242687
242687 242687
242687 242687
242687 242687
242687 242687
242687 242687
242687 242687
242687 242687
242687 242687
242687 242687
242687 242687
242687 242687
242687 242687
242687 242687
242687 242687
242687 242687
242687 242687
242687 242687
