193177
193177 193177
186183 186183
184321 184321
0 178626
175613 175613
175771 175771
175406 175406
172865 172865
175187 175187
172494 172494
177350 177350
174939 174939
172801 172801
173290 173290
170999 170999
174141 174141
173541 173541
172802 172802
170525 170525
171321 171321
166661 166661
163243 163243
162253 162253
160997 160997
165509 165509
162489 162489
162848 162848
167311 167311
165283 165283
166676 166676
163295 163295
155862 155862
162856 162856
162139 162139
161457 161457
155199 155199
159091 159091
160610 160610
155448 155448
158915 158915
161493 161493
158656 158656
153983 153983
156507 156507
156150 156150
164866 164866
169089 169089
165986 165986
166506 166506
169258 169258
167876 167876
167302 167302
174430 174430
174892 174892
165932 165932
166005 166005
168479 168479
167449 167449
168634 168634
168182 168182
170118 170118
167974 167974
166870 166870
162758 162758
166058 166058
162648 162648
160560 160560
163495 163495
163274 163274
163714 163714
171070 171070
171072 171072
170504 170504
169627 169627
167375 167375
165465 165465
164311 164311
160780 160780
161451 161451
162202 162202
160730 160730
160952 160952
161911 161911
158246 158246
156405 156405
155038 155038
158478 158478
156001 156001
157763 157763
161637 161637
164832 164832
162169 162169
166830 166830
163587 163587
163520 163520
161568 161568
160016 160016
165037 165037
164904 164904
163395 163395
164931 164931
169585 169585
166025 166025
162938 162938
161740 161740
160907 160907
162353 162353
160292 160292
158640 158640
166492 166492
164973 164973
160114 160114
158612 158612
164466 164466
160922 160922
161288 161288
164272 164272
162369 162369
165654 165654
164217 164217
161207 161207
162151 162151
161125 161125
161544 161544
160180 160180
161579 161579
161855 161855
162376 162376
163519 163519
163625 163625
167489 167489
168662 168662
171761 171761
165705 165705
163497 163497
162170 162170
164453 164453
166453 166453
165776 165776
167319 167319
162375 162375
166257 166257
161605 161605
164940 164940
159242 159242
163441 163441
160082 160082
162710 162710
166201 166201
163343 163343
162169 162169
159152 159152
157333 157333
153982 153982
160204 160204
158763 158763
154817 154817
148157 148157
152112 152112
154362 154362
161784 161784
163485 163485
168825 168825
169737 169737
168292 168292
164890 164890
161893 161893
164617 164617
161975 161975
159412 159412
160634 160634
166499 166499
164099 164099
157680 157680
157506 157506
161428 161428
163375 163375
165020 165020
165624 165624
168863 168863
171130 171130
165069 165069
160415 160415
159605 159605
159319 159319
162307 162307
164997 164997
164028 164028
159846 159846
160209 160209
164916 164916
165393 165393
164319 164319
161580 161580
159873 159873
156923 156923
157532 157532
159625 159625
158260 158260
161657 161657
165759 165759
163541 163541
156705 156705
157494 157494
163992 163992
161503 161503
161994 161994
164230 164230
166324 166324
167964 167964
167089 167089
162384 162384
167365 167365
170045 170045
167682 167682
168367 168367
168063 168063
164814 164814
166065 166065
160624 160624
163845 163845
160738 160738
162808 162808
166154 166154
163406 163406
161843 161843
160670 160670
164072 164072
164679 164679
160577 160577
163606 163606
164539 164539
165817 165817
160578 160578
162075 162075
166388 166388
164938 164938
163679 163679
161216 161216
159803 159803
164478 164478
162009 162009
155975 155975
151446 151446
158832 158832
161595 161595
160516 160516
155412 155412
157600 157600
154507 154507
153069 153069
158539 158539
159862 159862
160123 160123
159700 159700
156235 156235
152807 152807
157706 157706
161390 161390
154540 154540
164433 164433
163634 163634
160237 160237
158200 158200
158683 158683
156009 156009
159635 159635
158994 158994
164726 164726
163676 163676
166461 166461
164413 164413
162984 162984
159471 159471
161261 161261
164025 164025
159064 159064
157162 157162
161962 161962
157230 157230
163669 163669
160578 160578
161661 161661
157269 157269
155635 155635
159220 159220
158868 158868
162255 162255
160629 160629
161808 161808
166977 166977
169686 169686
171261 171261
174656 174656
163102 163102
163099 163099
168695 168695
169018 169018
167471 167471
164629 164629
165841 165841
171341 171341
168211 168211
162614 162614
158150 158150
154980 154980
158698 158698
154581 154581
161487 161487
168446 168446
175337 175337
170792 170792
172851 172851
171079 171079
178733 178733
178243 178243
168773 168773
169029 169029
167495 167495
166740 166740
167970 167970
168920 168920
171712 171712
167581 167581
165759 165759
163186 163186
167790 167790
166458 166458
166044 166044
158602 158602
153270 153270
155441 155441
157331 157331
160313 160313
159310 159310
163679 163679
163946 163946
163080 163080
162045 162045
162776 162776
163791 163791
164819 164819
166621 166621
167027 167027
167414 167414
166646 166646
160009 160009
160082 160082
152937 152937
155260 155260
153689 153689
148076 148076
154591 154591
152497 152497
151077 151077
152772 152772
152431 152431
167533 167533
159916 159916
155024 155024
158488 158488
158130 158130
158162 158162
157732 157732
156234 156234
160936 160936
157814 157814
160549 160549
165313 165313
167343 167343
160811 160811
158130 158130
162027 162027
161399 161399
162063 162063
161957 161957
160140 160140
156733 156733
157127 157127
157301 157301
155796 155796
157409 157409
157908 157908
163378 163378
160363 160363
160699 160699
162944 162944
165525 165525
166111 166111
169002 169002
165064 165064
165519 165519
163401 163401
161916 161916
163158 163158
161582 161582
159977 159977
158689 158689
162680 162680
163117 163117
166157 166157
167705 167705
165260 165260
159173 159173
160106 160106
159557 159557
153377 153377
159498 159498
168540 168540
168734 168734
169226 169226
166022 166022
163239 163239
157198 157198
157101 157101
159982 159982
156881 156881
157661 157661
158335 158335
158768 158768
164770 164770
164462 164462
161494 161494
158831 158831
158609 158609
154160 154160
152273 152273
152889 152889
160905 160905
164750 164750
163070 163070
167659 167659
160883 160883
158119 158119
161035 161035
164224 164224
159173 159173
159764 159764
163657 163657
161868 161868
166010 166010
165408 165408
160834 160834
159488 159488
169091 169091
168708 168708
164379 164379
161185 161185
158505 158505
161412 161412
162018 162018
165320 165320
158454 158454
155293 155293
154227 154227
152356 152356
157362 157362
154638 154638
156522 156522
159322 159322
160243 160243
162605 162605
165793 165793
159124 159124
162870 162870
165367 165367
161772 161772
157688 157688
162202 162202
156027 156027
161711 161711
161712 161712
157162 157162
159739 159739
160172 160172
158120 158120
157962 157962
158432 158432
155397 155397
159280 159280
165927 165927
165808 165808
165534 165534
164921 164921
163392 163392
161431 161431
163205 163205
157886 157886
152268 152268
154538 154538
155946 155946
159434 159434
160468 160468
158741 158741
160657 160657
161070 161070
159857 159857
159617 159617
158702 158702
160548 160548
163112 163112
164348 164348
169505 169505
163329 163329
161331 161331
160735 160735
162193 162193
162251 162251
163890 163890
162963 162963
162739 162739
164600 164600
164007 164007
163277 163277
159315 159315
157796 157796
154527 154527
155147 155147
159714 159714
156449 156449
161255 161255
164403 164403
166292 166292
161333 161333
158640 158640
163887 163887
165317 165317
163205 163205
164041 164041
166680 166680
159524 159524
163048 163048
162965 162965
157380 157380
157910 157910
162449 162449
164510 164510
161605 161605
162308 162308
164887 164887
162192 162192
164508 164508
161902 161902
157961 157961
158772 158772
153717 153717
157899 157899
161568 161568
154881 154881
156962 156962
161099 161099
158751 158751
164136 164136
159116 159116
166659 166659
