202254
159580 159580
162267 162267
164765 164765
166046 166046
170086 170086
170372 170372
170575 170575
170927 170927
171028 171028
171750 171750
171756 171756
173407 173407
176163 176163
177757 177757
178251 178251
179698 179698
179981 179981
181411 181411
183287 183287
183289 183289
184420 184420
184692 184692
184770 184770
185012 185012
185088 185088
185916 185916
188178 188178
189943 189943
190101 190101
190702 190702
191598 191598
191616 191616
192124 192124
193938 193938
193938 193938
193938 193938
194632 194632
195006 195006
195006 195006
195064 195064
195244 195244
195268 195268
195571 195571
195616 195616
195830 195830
196559 196559
196710 196710
197121 197121
197133 197133
197447 197447
197828 197828
197828 197828
197897 197897
198101 198101
198115 198115
198227 198227
198232 198232
198379 198379
198679 198679
198828 198828
198961 198961
199247 199247
199325 199325
199325 199325
199325 199325
199388 199388
199574 199574
199687 199687
199885 199885
199885 199885
200350 200350
200350 200350
200350 200350
200350 200350
200350 200350
200471 200471
200471 200471
200471 200471
200471 200471
200487 200487
200649 200649
200677 200677
200677 200677
200975 200975
200975 200975
200975 200975
200975 200975
201019 201019
201019 201019
201019 201019
201019 201019
201019 201019
201019 201019
201019 201019
201019 201019
201169 201169
201169 201169
201169 201169
201169 201169
201169 201169
201169 201169
201169 201169
201169 201169
201169 201169
201169 201169
201169 201169
201169 201169
201169 201169
201169 201169
201169 201169
201169 201169
201169 201169
201169 201169
201169 201169
201169 201169
201169 201169
201169 201169
201169 201169
201169 201169
201169 201169
201169 201169
201169 201169
201169 201169
201169 201169
201169 201169
201169 201169
201169 201169
201169 201169
201169 201169
201169 201169
201169 201169
201169 201169
201169 201169
201169 201169
201169 201169
201169 201169
201169 201169
201169 201169
201169 201169
201170 201170
201197 201197
201197 201197
201212 201212
201280 201280
201341 201341
201516 201516
201532 201532
201532 201532
201532 201532
201672 201672
201672 201672
201672 201672
201672 201672
201672 201672
201672 201672
201672 201672
201672 201672
201672 201672
201672 201672
201685 201685
201696 201696
201741 201741
201741 201741
201743 201743
201794 201794
201794 201794
201843 201843
201843 201843
201843 201843
201896 201896
201955 201955
201955 201955
201955 201955
201955 201955
201955 201955
201955 201955
201955 201955
201955 201955
201955 201955
201955 201955
201955 201955
201976 201976
201988 201988
201988 201988
202016 202016
202016 202016
202016 202016
202016 202016
202016 202016
202037 202037
202037 202037
202037 202037
202065 202065
202065 202065
202065 202065
202065 202065
202065 202065
202065 202065
202065 202065
202065 202065
202065 202065
202065 202065
202065 202065
202065 202065
202065 202065
202065 202065
202065 202065
202065 202065
202065 202065
202065 202065
202065 202065
202065 202065
202065 202065
202065 202065
202065 202065
202065 202065
202065 202065
202065 202065
202065 202065
202065 202065
202065 202065
202065 202065
202065 202065
202065 202065
202065 202065
202065 202065
202065 202065
202065 202065
202065 202065
202065 202065
202065 202065
202106 202106
202106 202106
202106 202106
202106 202106
202106 202106
202106 202106
202106 202106
202106 202106
202106 202106
202106 202106
202106 202106
202121 202121
202136 202136
202136 202136
202136 202136
202136 202136
202136 202136
202136 202136
202136 202136
202136 202136
202136 202136
202136 202136
202136 202136
202136 202136
202136 202136
202136 202136
202136 202136
202157 202157
202157 202157
202168 202168
202168 202168
202168 202168
202168 202168
202168 202168
202168 202168
202168 202168
202168 202168
202213 202213
202213 202213
202213 202213
202217 202217
202217 202217
202217 202217
202217 202217
202217 202217
202217 202217
202217 202217
202217 202217
202217 202217
202222 202222
202222 202222
202222 202222
202222 202222
202222 202222
202231 202231
202231 202231
202254 202254
202254 202254
202254 202254
202254 202254
202254 202254
202254 202254
202254 202254
202254 202254
202254 202254
202254 202254
202254 202254
202254 202254
202254 202254
202254 202254
202254 202254
202254 202254
202254 202254
202254 202254
202254 202254
202254 202254
202254 202254
202254 202254
202254 202254
202254 202254
202254 202254
202254 202254
202254 202254
202254 202254
202254 202254
202254 202254
202254 202254
202254 202254
202254 202254
202254 202254
202254 202254
202254 202254
202254 202254
202254 202254
202254 202254
202254 202254
202254 202254
202254 202254
202254 202254
202254 202254
202254 202254
202254 202254
202254 202254
202254 202254
202254 202254
202254 202254
202254 202254
202254 202254
202254 202254
202254 202254
202254 202254
202254 202254
202254 202254
202254 202254
202254 202254
202254 202254
202254 202254
202254 202254
202254 202254
202254 202254
202254 202254
202254 202254
202254 202254
202254 202254
202254 202254
202254 202254
202254 202254
202254 202254
202254 202254
202254 202254
202254 202254
202254 202254
202254 202254
202254 202254
202254 202254
202254 202254
202254 202254
202254 202254
202254 202254
202254 202254
202254 202254
202254 202254
202254 202254
202254 202254
202254 202254
202254 202254
202254 202254
202254 202254
202254 202254
202254 202254
202254 202254
202254 202254
202254 202254
202254 202254
202254 202254
202254 202254
202254 202254
202254 202254
202254 202254
202254 202254
202254 202254
202254 202254
202254 202254
202254 202254
202254 202254
202254 202254
202254 202254
202254 202254
202254 202254
202254 202254
202254 202254
202254 202254
202254 202254
202254 202254
202254 202254
202254 202254
202254 202254
202254 202254
202254 202254
202254 202254
202254 202254
202254 202254
202254 202254
202254 202254
202254 202254
202254 202254
202254 202254
202254 202254
202254 202254
202254 202254
202254 202254
202254 202254
202254 202254
202254 202254
202254 202254
202254 202254
202254 202254
202254 202254
202254 202254
202254 202254
202254 202254
202254 202254
