202116
-525330 -525330
154725 154725
156394 156394
162212 162212
165066 165066
165180 165180
170574 170574
170786 170786
172517 172517
172815 172815
175594 175594
176409 176409
178988 178988
179175 179175
180229 180229
181066 181066
181901 181901
181925 181925
182448 182448
186632 186632
187239 187239
187562 187562
187745 187745
187759 187759
188028 188028
188294 188294
189971 189971
190155 190155
190595 190595
191161 191161
191372 191372
191591 191591
192024 192024
192449 192449
192722 192722
192738 192738
193191 193191
193734 193734
194217 194217
194892 194892
195825 195825
195825 195825
196113 196113
196195 196195
196252 196252
196484 196484
197055 197055
197211 197211
197854 197854
197941 197941
198093 198093
198158 198158
198285 198285
198410 198410
198494 198494
198518 198518
198676 198676
199092 199092
199179 199179
199179 199179
199245 199245
199251 199251
199398 199398
199458 199458
199615 199615
199853 199853
199929 199929
199929 199929
199929 199929
199929 199929
199929 199929
199929 199929
199929 199929
199993 199993
200048 200048
200129 200129
200233 200233
200233 200233
200285 200285
200303 200303
200303 200303
200330 200330
200367 200367
200367 200367
200411 200411
200411 200411
200479 200479
200682 200682
200682 200682
200682 200682
200682 200682
200825 200825
200825 200825
200825 200825
200825 200825
200825 200825
200825 200825
200825 200825
200825 200825
200825 200825
200825 200825
200825 200825
200825 200825
200825 200825
200825 200825
200825 200825
200825 200825
200825 200825
200825 200825
200825 200825
200825 200825
200825 200825
200825 200825
200825 200825
200825 200825
200825 200825
200825 200825
200825 200825
200825 200825
200825 200825
200825 200825
200825 200825
200825 200825
200825 200825
200825 200825
200825 200825
200825 200825
200825 200825
200825 200825
200825 200825
200825 200825
200825 200825
200825 200825
200825 200825
200825 200825
200825 200825
200840 200840
200840 200840
200840 200840
200840 200840
200911 200911
200911 200911
200911 200911
200980 200980
200980 200980
200980 200980
200980 200980
200980 200980
200986 200986
201134 201134
201134 201134
201134 201134
201134 201134
201134 201134
201134 201134
201134 201134
201149 201149
201149 201149
201200 201200
201200 201200
201200 201200
201200 201200
201209 201209
201209 201209
201226 201226
201333 201333
201333 201333
201606 201606
201606 201606
201606 201606
201606 201606
201606 201606
201606 201606
201606 201606
201606 201606
201606 201606
201606 201606
201606 201606
201606 201606
201606 201606
201606 201606
201606 201606
201606 201606
201606 201606
201692 201692
201692 201692
201692 201692
201692 201692
201692 201692
201692 201692
201692 201692
201692 201692
201692 201692
201692 201692
201692 201692
201692 201692
201692 201692
201692 201692
201692 201692
201692 201692
201692 201692
201692 201692
201692 201692
201692 201692
201692 201692
201692 201692
201692 201692
201692 201692
201692 201692
201692 201692
201692 201692
201692 201692
201692 201692
201692 201692
201692 201692
201692 201692
201692 201692
201692 201692
201692 201692
201692 201692
201692 201692
201692 201692
201692 201692
201692 201692
201692 201692
201731 201731
201731 201731
201745 201745
201745 201745
201745 201745
201745 201745
201745 201745
201835 201835
201835 201835
201835 201835
201835 201835
201835 201835
201835 201835
201835 201835
201835 201835
201835 201835
201835 201835
201863 201863
201863 201863
201863 201863
201863 201863
201863 201863
201916 201916
201916 201916
201942 201942
201942 201942
201942 201942
201942 201942
201942 201942
201942 201942
201942 201942
201942 201942
201942 201942
201942 201942
201942 201942
201942 201942
201942 201942
201942 201942
202019 202019
202019 202019
202019 202019
202019 202019
202019 202019
202019 202019
202019 202019
202019 202019
202019 202019
202019 202019
202019 202019
202019 202019
202057 202057
202057 202057
202057 202057
202057 202057
202057 202057
202077 202077
202077 202077
202114 202114
202114 202114
202114 202114
202114 202114
202114 202114
202114 202114
202114 202114
202114 202114
202114 202114
202114 202114
202114 202114
202114 202114
202114 202114
202114 202114
202114 202114
202114 202114
202114 202114
202114 202114
202114 202114
202114 202114
202114 202114
202114 202114
202114 202114
202114 202114
202114 202114
202114 202114
202114 202114
202114 202114
202114 202114
202114 202114
202114 202114
202114 202114
202114 202114
202114 202114
202114 202114
202114 202114
202114 202114
202114 202114
202114 202114
202114 202114
202114 202114
202114 202114
202114 202114
202114 202114
202114 202114
202114 202114
202114 202114
202114 202114
202114 202114
202114 202114
202114 202114
202114 202114
202114 202114
202114 202114
202114 202114
202114 202114
202114 202114
202114 202114
202114 202114
202114 202114
202114 202114
202114 202114
202114 202114
202114 202114
202114 202114
202114 202114
202114 202114
202114 202114
202114 202114
202114 202114
202114 202114
202114 202114
202114 202114
202114 202114
202114 202114
202114 202114
202114 202114
202114 202114
202114 202114
202114 202114
202114 202114
202114 202114
202114 202114
202114 202114
202114 202114
202114 202114
202114 202114
202114 202114
202114 202114
202114 202114
202114 202114
202114 202114
202114 202114
202116 202116
202116 202116
202116 202116
202116 202116
202116 202116
202116 202116
202116 202116
202116 202116
202116 202116
202116 202116
202116 202116
202116 202116
202116 202116
202116 202116
202116 202116
202116 202116
202116 202116
202116 202116
202116 202116
202116 202116
202116 202116
202116 202116
202116 202116
202116 202116
202116 202116
202116 202116
202116 202116
202116 202116
202116 202116
202116 202116
202116 202116
202116 202116
202116 202116
202116 202116
202116 202116
202116 202116
202116 202116
202116 202116
202116 202116
202116 202116
202116 202116
202116 202116
202116 202116
202116 202116
202116 202116
202116 202116
202116 202116
202116 202116
202116 202116
202116 202116
202116 202116
202116 202116
202116 202116
202116 202116
202116 202116
202116 202116
202116 202116
202116 202116
202116 202116
