242620
-659026 200169
191444 191444
193362 193362
195407 195407
201257 201257
202223 202223
205160 205160
205529 205529
206195 206195
207897 207897
211316 211316
212116 212116
216378 216378
217924 217924
218421 218421
218638 218638
220054 220054
222642 222642
222730 222730
223807 223807
225344 225344
225608 225608
225869 225869
226254 226254
227566 227566
228036 228036
229593 229593
229645 229645
230264 230264
231524 231524
232535 232535
233134 233134
233134 233134
233517 233517
233831 233831
234105 234105
234971 234971
235064 235064
235342 235342
235571 235571
236110 236110
236192 236192
236329 236329
236678 236678
236869 236869
236980 236980
237346 237346
237676 237676
237788 237788
237872 237872
238331 238331
238608 238608
238608 238608
238697 238697
238697 238697
238827 238827
238915 238915
239349 239349
239349 239349
239377 239377
239574 239574
239799 239799
239799 239799
240057 240057
240064 240064
240064 240064
240064 240064
240077 240077
240080 240080
240117 240117
240409 240409
240466 240466
240468 240468
240608 240608
240611 240611
240740 240740
240837 240837
240979 240979
240979 240979
240979 240979
241074 241074
241092 241092
241092 241092
241167 241167
241195 241195
241195 241195
241226 241226
241317 241317
241447 241447
241447 241447
241447 241447
241447 241447
241461 241461
241524 241524
241528 241528
241528 241528
241638 241638
241638 241638
241638 241638
241638 241638
241777 241777
241777 241777
241792 241792
241792 241792
241792 241792
241792 241792
241799 241799
241810 241810
241825 241825
241851 241851
241902 241902
241982 241982
242142 242142
242142 242142
242142 242142
242142 242142
242166 242166
242166 242166
242166 242166
242166 242166
242166 242166
242193 242193
242193 242193
242193 242193
242211 242211
242211 242211
242248 242248
242248 242248
242248 242248
242254 242254
242254 242254
242254 242254
242254 242254
242256 242256
242259 242259
242261 242261
242305 242305
242305 242305
242305 242305
242333 242333
242354 242354
242354 242354
242354 242354
242354 242354
242354 242354
242354 242354
242354 242354
242354 242354
242354 242354
242354 242354
242354 242354
242354 242354
242354 242354
242354 242354
242354 242354
242354 242354
242354 242354
242354 242354
242354 242354
242354 242354
242354 242354
242357 242357
242366 242366
242366 242366
242366 242366
242366 242366
242366 242366
242373 242373
242373 242373
242373 242373
242407 242407
242437 242437
242437 242437
242437 242437
242437 242437
242441 242441
242441 242441
242441 242441
242441 242441
242441 242441
242441 242441
242441 242441
242441 242441
242441 242441
242441 242441
242441 242441
242441 242441
242452 242452
242452 242452
242452 242452
242452 242452
242453 242453
242453 242453
242453 242453
242453 242453
242453 242453
242460 242460
242460 242460
242460 242460
242460 242460
242492 242492
242492 242492
242492 242492
242492 242492
242492 242492
242492 242492
242492 242492
242492 242492
242492 242492
242492 242492
242492 242492
242492 242492
242492 242492
242492 242492
242492 242492
242492 242492
242492 242492
242492 242492
242492 242492
242492 242492
242492 242492
242492 242492
242492 242492
242492 242492
242492 242492
242492 242492
242492 242492
242492 242492
242534 242534
242534 242534
242534 242534
242534 242534
242534 242534
242534 242534
242534 242534
242534 242534
242534 242534
242534 242534
242534 242534
242534 242534
242534 242534
242534 242534
242534 242534
242534 242534
242534 242534
242534 242534
242534 242534
242534 242534
242534 242534
242534 242534
242534 242534
242534 242534
242534 242534
242534 242534
242534 242534
242534 242534
242534 242534
242534 242534
242534 242534
242534 242534
242534 242534
242534 242534
242534 242534
242534 242534
242534 242534
242534 242534
242534 242534
242534 242534
242534 242534
242534 242534
242534 242534
242534 242534
242534 242534
242534 242534
242534 242534
242534 242534
242534 242534
242534 242534
242534 242534
242534 242534
242534 242534
242534 242534
242534 242534
242534 242534
242534 242534
242534 242534
242534 242534
242534 242534
242534 242534
242534 242534
242534 242534
242534 242534
242534 242534
242534 242534
242534 242534
242534 242534
242534 242534
242534 242534
242534 242534
242534 242534
242534 242534
242534 242534
242534 242534
242534 242534
242534 242534
242534 242534
242534 242534
242534 242534
242534 242534
242534 242534
242534 242534
242534 242534
242534 242534
242534 242534
242534 242534
242534 242534
242534 242534
242534 242534
242534 242534
242534 242534
242539 242539
242539 242539
242539 242539
242539 242539
242539 242539
242539 242539
242539 242539
242539 242539
242539 242539
242539 242539
242568 242568
242571 242571
242571 242571
242571 242571
242571 242571
242571 242571
242571 242571
242571 242571
242571 242571
242571 242571
242571 242571
242571 242571
242571 242571
242571 242571
242571 242571
242571 242571
242571 242571
242571 242571
242571 242571
242571 242571
242571 242571
242571 242571
242571 242571
242571 242571
242571 242571
242571 242571
242571 242571
242571 242571
242571 242571
242571 242571
242571 242571
242571 242571
242571 242571
242571 242571
242571 242571
242571 242571
242571 242571
242571 242571
242571 242571
242571 242571
242571 242571
242571 242571
242571 242571
242571 242571
242571 242571
242571 242571
242571 242571
242571 242571
242571 242571
242571 242571
242571 242571
242571 242571
242571 242571
242571 242571
242571 242571
242571 242571
242571 242571
242571 242571
242571 242571
242571 242571
242571 242571
242571 242571
242571 242571
242571 242571
242571 242571
242571 242571
242571 242571
242571 242571
242571 242571
242571 242571
242571 242571
242571 242571
242571 242571
242571 242571
242571 242571
242571 242571
242571 242571
242571 242571
242571 242571
242571 242571
242571 242571
242571 242571
242571 242571
242571 242571
242571 242571
242571 242571
242571 242571
242571 242571
242571 242571
242571 242571
242571 242571
242571 242571
242571 242571
242571 242571
242571 242571
242571 242571
242571 242571
242571 242571
242571 242571
242571 242571
242571 242571
242571 242571
242571 242571
242571 242571
242571 242571
242571 242571
242571 242571
242571 242571
242571 242571
242571 242571
242571 242571
242571 242571
242571 242571
242571 242571
242571 242571
242571 242571
242571 242571
242571 242571
242571 242571
242571 242571
242571 242571
242571 242571
242571 242571
242571 242571
242571 242571
242571 242571
242571 242571
242620 242620
242620 242620
242620 242620
242620 242620
242620 242620
242620 242620
242620 242620
242620 242620
242620 242620
242620 242620
242620 242620
242620 242620
242620 242620
242620 242620
242620 242620
242620 242620
242620 242620
242620 242620
242620 242620
242620 242620
242620 242620
242620 242620
242620 242620
242620 242620
242620 242620
242620 242620
242620 242620
242620 242620
242620 242620
242620 242620
242620 242620
242620 242620
242620 242620
242620 242620
242620 242620
242620 242620
242620 242620
242620 242620
242620 242620
242620 242620
242620 242620
242620 242620
242620 242620
242620 242620
242620 242620
242620 242620
242620 242620
242620 242620
242620 242620
242620 242620
242620 242620
242620 242620
