242669
-659024 191889
194333 194333
194918 194918
196330 196330
200441 200441
203248 203248
204240 204240
205296 205296
207367 207367
209424 209424
211808 211808
212485 212485
213125 213125
213952 213952
215330 215330
217150 217150
220522 220522
220882 220882
220908 220908
221515 221515
222306 222306
223019 223019
225864 225864
226663 226663
227073 227073
227128 227128
227680 227680
228763 228763
228899 228899
230374 230374
230656 230656
230788 230788
231157 231157
231655 231655
231812 231812
231982 231982
232556 232556
233241 233241
233324 233324
233567 233567
233921 233921
233999 233999
234436 234436
235599 235599
235704 235704
236180 236180
236305 236305
237822 237822
237989 237989
237989 237989
237989 237989
238366 238366
238595 238595
238595 238595
238595 238595
238990 238990
239243 239243
239421 239421
239446 239446
239700 239700
239841 239841
239892 239892
239924 239924
239953 239953
239953 239953
240017 240017
240017 240017
240149 240149
240157 240157
240171 240171
240385 240385
240392 240392
240416 240416
240496 240496
240825 240825
240825 240825
240825 240825
240843 240843
240923 240923
241324 241324
241324 241324
241324 241324
241324 241324
241368 241368
241381 241381
241381 241381
241381 241381
241572 241572
241572 241572
241572 241572
241572 241572
241613 241613
241613 241613
241617 241617
241617 241617
241645 241645
241656 241656
241686 241686
241846 241846
241850 241850
241888 241888
241888 241888
241888 241888
241888 241888
241892 241892
241974 241974
241974 241974
241974 241974
242012 242012
242028 242028
242062 242062
242062 242062
242081 242081
242081 242081
242211 242211
242211 242211
242211 242211
242211 242211
242211 242211
242231 242231
242231 242231
242231 242231
242246 242246
242246 242246
242246 242246
242246 242246
242246 242246
242246 242246
242246 242246
242283 242283
242283 242283
242283 242283
242294 242294
242294 242294
242302 242302
242302 242302
242302 242302
242302 242302
242302 242302
242302 242302
242310 242310
242310 242310
242310 242310
242310 242310
242310 242310
242310 242310
242379 242379
242379 242379
242379 242379
242379 242379
242379 242379
242379 242379
242427 242427
242427 242427
242427 242427
242427 242427
242427 242427
242432 242432
242432 242432
242432 242432
242432 242432
242432 242432
242432 242432
242432 242432
242432 242432
242432 242432
242439 242439
242439 242439
242439 242439
242439 242439
242439 242439
242439 242439
242439 242439
242439 242439
242439 242439
242451 242451
242451 242451
242469 242469
242469 242469
242469 242469
242469 242469
242469 242469
242469 242469
242469 242469
242469 242469
242469 242469
242469 242469
242469 242469
242469 242469
242469 242469
242469 242469
242469 242469
242469 242469
242469 242469
242497 242497
242497 242497
242497 242497
242497 242497
242497 242497
242497 242497
242497 242497
242497 242497
242497 242497
242497 242497
242497 242497
242497 242497
242497 242497
242520 242520
242520 242520
242520 242520
242551 242551
242551 242551
242551 242551
242551 242551
242551 242551
242551 242551
242551 242551
242551 242551
242551 242551
242551 242551
242551 242551
242551 242551
242551 242551
242551 242551
242551 242551
242554 242554
242554 242554
242554 242554
242575 242575
242575 242575
242575 242575
242575 242575
242575 242575
242575 242575
242575 242575
242575 242575
242575 242575
242575 242575
242575 242575
242575 242575
242575 242575
242575 242575
242575 242575
242575 242575
242575 242575
242575 242575
242575 242575
242575 242575
242575 242575
242575 242575
242575 242575
242575 242575
242575 242575
242575 242575
242575 242575
242575 242575
242575 242575
242575 242575
242575 242575
242575 242575
242575 242575
242575 242575
242575 242575
242575 242575
242575 242575
242575 242575
242575 242575
242575 242575
242575 242575
242575 242575
242575 242575
242575 242575
242575 242575
242575 242575
242575 242575
242575 242575
242575 242575
242575 242575
242575 242575
242575 242575
242575 242575
242575 242575
242575 242575
242575 242575
242575 242575
242575 242575
242575 242575
242575 242575
242575 242575
242575 242575
242575 242575
242575 242575
242575 242575
242575 242575
242575 242575
242575 242575
242575 242575
242575 242575
242575 242575
242582 242582
242582 242582
242582 242582
242582 242582
242582 242582
242582 242582
242582 242582
242582 242582
242582 242582
242582 242582
242582 242582
242582 242582
242582 242582
242582 242582
242582 242582
242582 242582
242582 242582
242582 242582
242582 242582
242582 242582
242582 242582
242582 242582
242582 242582
242582 242582
242582 242582
242582 242582
242582 242582
242582 242582
242582 242582
242582 242582
242582 242582
242582 242582
242582 242582
242582 242582
242582 242582
242582 242582
242582 242582
242582 242582
242582 242582
242582 242582
242582 242582
242582 242582
242582 242582
242598 242598
242598 242598
242598 242598
242598 242598
242598 242598
242598 242598
242598 242598
242598 242598
242598 242598
242598 242598
242598 242598
242598 242598
242598 242598
242598 242598
242598 242598
242598 242598
242598 242598
242598 242598
242598 242598
242598 242598
242598 242598
242598 242598
242598 242598
242598 242598
242598 242598
242598 242598
242598 242598
242598 242598
242598 242598
242598 242598
242598 242598
242598 242598
242598 242598
242598 242598
242598 242598
242598 242598
242598 242598
242598 242598
242598 242598
242598 242598
242598 242598
242598 242598
242598 242598
242598 242598
242598 242598
242598 242598
242609 242609
242609 242609
242609 242609
242609 242609
242618 242618
242618 242618
242618 242618
242618 242618
242618 242618
242618 242618
242618 242618
242618 242618
242618 242618
242618 242618
242618 242618
242618 242618
242618 242618
242618 242618
242618 242618
242618 242618
242618 242618
242618 242618
242618 242618
242618 242618
242618 242618
242618 242618
242618 242618
242618 242618
242618 242618
242618 242618
242618 242618
242618 242618
242618 242618
242618 242618
242618 242618
242618 242618
242618 242618
242618 242618
242631 242631
242631 242631
242631 242631
242631 242631
242631 242631
242631 242631
242631 242631
242631 242631
242631 242631
242661 242661
242661 242661
242661 242661
242661 242661
242661 242661
242661 242661
242661 242661
242661 242661
242661 242661
242661 242661
242661 242661
242661 242661
242661 242661
242661 242661
242661 242661
242661 242661
242661 242661
242661 242661
242661 242661
242661 242661
242661 242661
242661 242661
242661 242661
242661 242661
242661 242661
242661 242661
242661 242661
242661 242661
242661 242661
242661 242661
242661 242661
242661 242661
242661 242661
242661 242661
242661 242661
242661 242661
242661 242661
242661 242661
242661 242661
242661 242661
242661 242661
242661 242661
242661 242661
242661 242661
242663 242663
242663 242663
242663 242663
242663 242663
242663 242663
242663 242663
242663 242663
242663 242663
242663 242663
242663 242663
242669 242669
242669 242669
242669 242669
242669 242669
242669 242669
242669 242669
242669 242669
242669 242669
242669 242669
242669 242669
242669 242669
242669 242669
242669 242669
242669 242669
242669 242669
242669 242669
242669 242669
242669 242669
242669 242669
242669 242669
