242688
156902 156902
166034 166034
167703 167703
171486 171486
173340 173340
175766 175766
177885 177885
178915 178915
188711 188711
191066 191066
192242 192242
197732 197732
198600 198600
201884 201884
203353 203353
204658 204658
206316 206316
206909 206909
210012 210012
211957 211957
212659 212659
213338 213338
214063 214063
214143 214143
217071 217071
217609 217609
219232 219232
219411 219411
219444 219444
222159 222159
222381 222381
223208 223208
224270 224270
225956 225956
227163 227163
227442 227442
228432 228432
229169 229169
229545 229545
229898 229898
231448 231448
231643 231643
231928 231928
231973 231973
233622 233622
234506 234506
235067 235067
235140 235140
235172 235172
236055 236055
236055 236055
236139 236139
236174 236174
236668 236668
236688 236688
236931 236931
237053 237053
237171 237171
237222 237222
237834 237834
238026 238026
238026 238026
238160 238160
238390 238390
238552 238552
238607 238607
238612 238612
238613 238613
238701 238701
238804 238804
239055 239055
239133 239133
239410 239410
239480 239480
239634 239634
239685 239685
239876 239876
239887 239887
239975 239975
240051 240051
240142 240142
240212 240212
240259 240259
240295 240295
240417 240417
240449 240449
240527 240527
240572 240572
240711 240711
240985 240985
240985 240985
240988 240988
241108 241108
241194 241194
241367 241367
241419 241419
241419 241419
241419 241419
241419 241419
241542 241542
241542 241542
241551 241551
241551 241551
241551 241551
241551 241551
241674 241674
241674 241674
241674 241674
241674 241674
241674 241674
241686 241686
241696 241696
241823 241823
241823 241823
241823 241823
241883 241883
241883 241883
241886 241886
241913 241913
242006 242006
242038 242038
242038 242038
242158 242158
242158 242158
242158 242158
242158 242158
242158 242158
242170 242170
242170 242170
242170 242170
242170 242170
242170 242170
242170 242170
242194 242194
242194 242194
242194 242194
242194 242194
242255 242255
242255 242255
242255 242255
242255 242255
242255 242255
242255 242255
242255 242255
242255 242255
242255 242255
242255 242255
242255 242255
242255 242255
242255 242255
242276 242276
242352 242352
242352 242352
242352 242352
242352 242352
242352 242352
242377 242377
242377 242377
242377 242377
242377 242377
242377 242377
242382 242382
242382 242382
242382 242382
242393 242393
242393 242393
242393 242393
242419 242419
242419 242419
242419 242419
242419 242419
242419 242419
242419 242419
242432 242432
242508 242508
242508 242508
242508 242508
242508 242508
242508 242508
242508 242508
242508 242508
242508 242508
242508 242508
242508 242508
242508 242508
242508 242508
242508 242508
242508 242508
242508 242508
242508 242508
242508 242508
242508 242508
242508 242508
242508 242508
242508 242508
242508 242508
242508 242508
242508 242508
242508 242508
242508 242508
242508 242508
242508 242508
242508 242508
242508 242508
242516 242516
242516 242516
242516 242516
242520 242520
242536 242536
242536 242536
242536 242536
242536 242536
242536 242536
242536 242536
242536 242536
242536 242536
242536 242536
242536 242536
242536 242536
242536 242536
242536 242536
242536 242536
242536 242536
242536 242536
242536 242536
242536 242536
242536 242536
242543 242543
242543 242543
242543 242543
242543 242543
242543 242543
242543 242543
242543 242543
242543 242543
242543 242543
242543 242543
242543 242543
242543 242543
242543 242543
242543 242543
242543 242543
242543 242543
242543 242543
242543 242543
242543 242543
242543 242543
242543 242543
242543 242543
242543 242543
242543 242543
242543 242543
242543 242543
242543 242543
242543 242543
242543 242543
242543 242543
242543 242543
242543 242543
242543 242543
242543 242543
242543 242543
242543 242543
242543 242543
242543 242543
242543 242543
242543 242543
242543 242543
242543 242543
242543 242543
242543 242543
242543 242543
242543 242543
242543 242543
242543 242543
242543 242543
242548 242548
242548 242548
242548 242548
242548 242548
242548 242548
242548 242548
242548 242548
242548 242548
242548 242548
242548 242548
242548 242548
242548 242548
242548 242548
242548 242548
242548 242548
242548 242548
242548 242548
242548 242548
242548 242548
242548 242548
242548 242548
242548 242548
242548 242548
242548 242548
242548 242548
242548 242548
242548 242548
242548 242548
242568 242568
242568 242568
242568 242568
242568 242568
242568 242568
242606 242606
242606 242606
242606 242606
242606 242606
242606 242606
242606 242606
242606 242606
242606 242606
242606 242606
242606 242606
242606 242606
242606 242606
242606 242606
242606 242606
242606 242606
242606 242606
242606 242606
242606 242606
242606 242606
242606 242606
242606 242606
242606 242606
242606 242606
242606 242606
242606 242606
242606 242606
242606 242606
242606 242606
242606 242606
242606 242606
242606 242606
242606 242606
242606 242606
242606 242606
242606 242606
242606 242606
242606 242606
242606 242606
242606 242606
242606 242606
242606 242606
242606 242606
242606 242606
242606 242606
242606 242606
242606 242606
242606 242606
242606 242606
242606 242606
242606 242606
242606 242606
242606 242606
242606 242606
242606 242606
242606 242606
242606 242606
242606 242606
242607 242607
242607 242607
242607 242607
242607 242607
242607 242607
242607 242607
242607 242607
242644 242644
242644 242644
242644 242644
242644 242644
242644 242644
242644 242644
242644 242644
242644 242644
242644 242644
242644 242644
242644 242644
242644 242644
242644 242644
242644 242644
242644 242644
242644 242644
242644 242644
242644 242644
242644 242644
242644 242644
242644 242644
242644 242644
242644 242644
242644 242644
242644 242644
242644 242644
242644 242644
242644 242644
242644 242644
242644 242644
242644 242644
242644 242644
242644 242644
242644 242644
242644 242644
242644 242644
242644 242644
242644 242644
242644 242644
242644 242644
242644 242644
242644 242644
242644 242644
242644 242644
242644 242644
242644 242644
242644 242644
242644 242644
242644 242644
242644 242644
242644 242644
242644 242644
242644 242644
242644 242644
242644 242644
242644 242644
242644 242644
242644 242644
242644 242644
242644 242644
242644 242644
242644 242644
242644 242644
242644 242644
242644 242644
242644 242644
242644 242644
242644 242644
242644 242644
242644 242644
242644 242644
242644 242644
242644 242644
242644 242644
242644 242644
242644 242644
242644 242644
242644 242644
242644 242644
242644 242644
242644 242644
242644 242644
242644 242644
242644 242644
242644 242644
242644 242644
242644 242644
242644 242644
242644 242644
242644 242644
242644 242644
242644 242644
242644 242644
242644 242644
242644 242644
242644 242644
242644 242644
242644 242644
242644 242644
242644 242644
242644 242644
242644 242644
242644 242644
242644 242644
242649 242649
242649 242649
242649 242649
242649 242649
242649 242649
242649 242649
242649 242649
242649 242649
242649 242649
242649 242649
242649 242649
242649 242649
242649 242649
242649 242649
242649 242649
242649 242649
242649 242649
242649 242649
242649 242649
242649 242649
242649 242649
242649 242649
242649 242649
242649 242649
242649 242649
242649 242649
242649 242649
242649 242649
242649 242649
242649 242649
242649 242649
242649 242649
242649 242649
242649 242649
242649 242649
242649 242649
242649 242649
242649 242649
242649 242649
242649 242649
242649 242649
242649 242649
242649 242649
242649 242649
242649 242649
242649 242649
242649 242649
242649 242649
242649 242649
242649 242649
242649 242649
242649 242649
242649 242649
242649 242649
242649 242649
242649 242649
242649 242649
242649 242649
242649 242649
242649 242649
242649 242649
242649 242649
242649 242649
242649 242649
242649 242649
242649 242649
242649 242649
242649 242649
242649 242649
242649 242649
242649 242649
242649 242649
242649 242649
242649 242649
242649 242649
242649 242649
242649 242649
242649 242649
242649 242649
242649 242649
242649 242649
242649 242649
242649 242649
242649 242649
242649 242649
242649 242649
242649 242649
242649 242649
242649 242649
242649 242649
242649 242649
242649 242649
242649 242649
242649 242649
242649 242649
242649 242649
242649 242649
242649 242649
242649 242649
242649 242649
242649 242649
242649 242649
242649 242649
242649 242649
242649 242649
242649 242649
242649 242649
242649 242649
242649 242649
242649 242649
242663 242663
242663 242663
242663 242663
242663 242663
242663 242663
242663 242663
242663 242663
242663 242663
242663 242663
242663 242663
242663 242663
242663 242663
242663 242663
242663 242663
242663 242663
242663 242663
242663 242663
242663 242663
242663 242663
242663 242663
242663 242663
242663 242663
242663 242663
242663 242663
242663 242663
242663 242663
242663 242663
242663 242663
242663 242663
242663 242663
242663 242663
242663 242663
242663 242663
242663 242663
242663 242663
242663 242663
242663 242663
242663 242663
242663 242663
242663 242663
242663 242663
242663 242663
242663 242663
242663 242663
242663 242663
242663 242663
242663 242663
242663 242663
242663 242663
242663 242663
242663 242663
242663 242663
242663 242663
242663 242663
242663 242663
242663 242663
242663 242663
242663 242663
242663 242663
242663 242663
242663 242663
242663 242663
242663 242663
242663 242663
242663 242663
242663 242663
242663 242663
242663 242663
242663 242663
242663 242663
242663 242663
242663 242663
242663 242663
242663 242663
242663 242663
242663 242663
242663 242663
242663 242663
242663 242663
242663 242663
242663 242663
242663 242663
242663 242663
242663 242663
242663 242663
242663 242663
242663 242663
242663 242663
242663 242663
242663 242663
242663 242663
242663 242663
242663 242663
242663 242663
242663 242663
242663 242663
242663 242663
242663 242663
242663 242663
242663 242663
242663 242663
242663 242663
242663 242663
242663 242663
242663 242663
242663 242663
242663 242663
242663 242663
242663 242663
242663 242663
242663 242663
242663 242663
242663 242663
242663 242663
242663 242663
242663 242663
242663 242663
242663 242663
242663 242663
242663 242663
242663 242663
242663 242663
242663 242663
242663 242663
242663 242663
242663 242663
242663 242663
242663 242663
242663 242663
242663 242663
242663 242663
242663 242663
242663 242663
242663 242663
242663 242663
242663 242663
242663 242663
242663 242663
242663 242663
242663 242663
242663 242663
242663 242663
242663 242663
242663 242663
242663 242663
242663 242663
242663 242663
242663 242663
242663 242663
242663 242663
242663 242663
242663 242663
242663 242663
242663 242663
242663 242663
242663 242663
242663 242663
242663 242663
242663 242663
242663 242663
242663 242663
242663 242663
242663 242663
242663 242663
242663 242663
242663 242663
242663 242663
242663 242663
242663 242663
242663 242663
242663 242663
242663 242663
242663 242663
242663 242663
242663 242663
242663 242663
242663 242663
242663 242663
242663 242663
242663 242663
242663 242663
242663 242663
242663 242663
242663 242663
242663 242663
242663 242663
242663 242663
242663 242663
242663 242663
242663 242663
242663 242663
242663 242663
242663 242663
242663 242663
242663 242663
242663 242663
242663 242663
242663 242663
242663 242663
242663 242663
242663 242663
242663 242663
242663 242663
242663 242663
242663 242663
242663 242663
242663 242663
242663 242663
242663 242663
242663 242663
242663 242663
242663 242663
242663 242663
242663 242663
242663 242663
242663 242663
242663 242663
242663 242663
242663 242663
242663 242663
242663 242663
242663 242663
242663 242663
242663 242663
242663 242663
242663 242663
242663 242663
242663 242663
242663 242663
242663 242663
242663 242663
242663 242663
242663 242663
242663 242663
242663 242663
242663 242663
242663 242663
242663 242663
242663 242663
242663 242663
242663 242663
242663 242663
242663 242663
242663 242663
242663 242663
242663 242663
242663 242663
242663 242663
242663 242663
242663 242663
242663 242663
242663 242663
242663 242663
242663 242663
242663 242663
242663 242663
242663 242663
242663 242663
242663 242663
242663 242663
242663 242663
242663 242663
242663 242663
242663 242663
242663 242663
242663 242663
242663 242663
242663 242663
242663 242663
242663 242663
242663 242663
242663 242663
242663 242663
242663 242663
242663 242663
242663 242663
242663 242663
242663 242663
242663 242663
242663 242663
242663 242663
242663 242663
242663 242663
242663 242663
242663 242663
242663 242663
242663 242663
242663 242663
242663 242663
242663 242663
242663 242663
242663 242663
242663 242663
242663 242663
242663 242663
242663 242663
242663 242663
242663 242663
242663 242663
242663 242663
242663 242663
242663 242663
242663 242663
242663 242663
242663 242663
242663 242663
242663 242663
242663 242663
242663 242663
242663 242663
242663 242663
242663 242663
242663 242663
242663 242663
242663 242663
242663 242663
242663 242663
242663 242663
242663 242663
242663 242663
242663 242663
242663 242663
242663 242663
242663 242663
242663 242663
242663 242663
242663 242663
242663 242663
242663 242663
242663 242663
242663 242663
242663 242663
242663 242663
242663 242663
242663 242663
242663 242663
242663 242663
242663 242663
242663 242663
242663 242663
242663 242663
242663 242663
242663 242663
242663 242663
242663 242663
242663 242663
242663 242663
242663 242663
242663 242663
242663 242663
242663 242663
242663 242663
242663 242663
242663 242663
242663 242663
242663 242663
242663 242663
242663 242663
242663 242663
242663 242663
242663 242663
242663 242663
242663 242663
242663 242663
242663 242663
242663 242663
242663 242663
242663 242663
242663 242663
242663 242663
242663 242663
242663 242663
242663 242663
242663 242663
242663 242663
242663 242663
242663 242663
242663 242663
242663 242663
242663 242663
242663 242663
242663 242663
242663 242663
242663 242663
242663 242663
242663 242663
242663 242663
242663 242663
242663 242663
242663 242663
242663 242663
242663 242663
242663 242663
242663 242663
242663 242663
242663 242663
242663 242663
242663 242663
242663 242663
242663 242663
242663 242663
242663 242663
242663 242663
242663 242663
242663 242663
242663 242663
242663 242663
242663 242663
242663 242663
242663 242663
242663 242663
242663 242663
242663 242663
242663 242663
242663 242663
242663 242663
242663 242663
242663 242663
242663 242663
242663 242663
242663 242663
242663 242663
242663 242663
242663 242663
242663 242663
242663 242663
242663 242663
242663 242663
242663 242663
242663 242663
242663 242663
242663 242663
242663 242663
242663 242663
242663 242663
242663 242663
242663 242663
242663 242663
242663 242663
242663 242663
242663 242663
242663 242663
242663 242663
242663 242663
242663 242663
242663 242663
242663 242663
242663 242663
242663 242663
242663 242663
242663 242663
242663 242663
242663 242663
242663 242663
242663 242663
242663 242663
242663 242663
242663 242663
242663 242663
242663 242663
242663 242663
242663 242663
242663 242663
242663 242663
242663 242663
242663 242663
242663 242663
242663 242663
242663 242663
242663 242663
242663 242663
242663 242663
242663 242663
242663 242663
242663 242663
242663 242663
242663 242663
242663 242663
242663 242663
242663 242663
242663 242663
242663 242663
242663 242663
242663 242663
242663 242663
242663 242663
242663 242663
242663 242663
242663 242663
242663 242663
242663 242663
242663 242663
242663 242663
242663 242663
242663 242663
242663 242663
242663 242663
242663 242663
242663 242663
242663 242663
242663 242663
242663 242663
242663 242663
242663 242663
242663 242663
242663 242663
242663 242663
242663 242663
242663 242663
242663 242663
242663 242663
242663 242663
242663 242663
242663 242663
242663 242663
242663 242663
242663 242663
242663 242663
242663 242663
242663 242663
242663 242663
242663 242663
242663 242663
242663 242663
242663 242663
242663 242663
242663 242663
242663 242663
242663 242663
242663 242663
242663 242663
242663 242663
242663 242663
242663 242663
242663 242663
242663 242663
242663 242663
242663 242663
242663 242663
242663 242663
242663 242663
242663 242663
242663 242663
242663 242663
242663 242663
242663 242663
242663 242663
242663 242663
242663 242663
242663 242663
242663 242663
242663 242663
242663 242663
242663 242663
242663 242663
242663 242663
242663 242663
242663 242663
242663 242663
242663 242663
242663 242663
242663 242663
242663 242663
242663 242663
242663 242663
242663 242663
242663 242663
242663 242663
242663 242663
242663 242663
242663 242663
242663 242663
242663 242663
242663 242663
242663 242663
242663 242663
242663 242663
242663 242663
242663 242663
242663 242663
242663 242663
242663 242663
242663 242663
242663 242663
242663 242663
242663 242663
242663 242663
242663 242663
242663 242663
242663 242663
242663 242663
242663 242663
242663 242663
242663 242663
242663 242663
242663 242663
242663 242663
242663 242663
242663 242663
242663 242663
242663 242663
242663 242663
242663 242663
242663 242663
242663 242663
242663 242663
242663 242663
242663 242663
242663 242663
242663 242663
242663 242663
242663 242663
242663 242663
242663 242663
242663 242663
242663 242663
242663 242663
242663 242663
242663 242663
242663 242663
242663 242663
242663 242663
242663 242663
242663 242663
242663 242663
242663 242663
242663 242663
242663 242663
242663 242663
242663 242663
242663 242663
242663 242663
242663 242663
242663 242663
242663 242663
242663 242663
242663 242663
242663 242663
242663 242663
242663 242663
242663 242663
242663 242663
242663 242663
242663 242663
242663 242663
242663 242663
242663 242663
242663 242663
242663 242663
242663 242663
242663 242663
242663 242663
242663 242663
242663 242663
242663 242663
242663 242663
242663 242663
242663 242663
242663 242663
242663 242663
242663 242663
242663 242663
242663 242663
242663 242663
242663 242663
242663 242663
242663 242663
242663 242663
242663 242663
242663 242663
242663 242663
242663 242663
242663 242663
242663 242663
242663 242663
242663 242663
242663 242663
242663 242663
242663 242663
242663 242663
242663 242663
242663 242663
242663 242663
242663 242663
242663 242663
242663 242663
242663 242663
242663 242663
242663 242663
242663 242663
242663 242663
242663 242663
242663 242663
242663 242663
242663 242663
242663 242663
242663 242663
242663 242663
242663 242663
242663 242663
242663 242663
242663 242663
242663 242663
242663 242663
242663 242663
242663 242663
242663 242663
242663 242663
242663 242663
242663 242663
242663 242663
242663 242663
242663 242663
242663 242663
242663 242663
242663 242663
242663 242663
242663 242663
242663 242663
242663 242663
242663 242663
242663 242663
242663 242663
242663 242663
242663 242663
242663 242663
242663 242663
242663 242663
242663 242663
242663 242663
242663 242663
242663 242663
242663 242663
242663 242663
242663 242663
242663 242663
242663 242663
242663 242663
242663 242663
242663 242663
242663 242663
242663 242663
242663 242663
242663 242663
242663 242663
242663 242663
242663 242663
242663 242663
242663 242663
242663 242663
242663 242663
242663 242663
242663 242663
242663 242663
242663 242663
242663 242663
242663 242663
242663 242663
242663 242663
242663 242663
242663 242663
242663 242663
242663 242663
242663 242663
242663 242663
242663 242663
242663 242663
242663 242663
242663 242663
242663 242663
242663 242663
242663 242663
242663 242663
242663 242663
242663 242663
242663 242663
242663 242663
242663 242663
242663 242663
242663 242663
242663 242663
242663 242663
242663 242663
242663 242663
242663 242663
242663 242663
242663 242663
242663 242663
242663 242663
242663 242663
242663 242663
242663 242663
242663 242663
242663 242663
242663 242663
242663 242663
242663 242663
242663 242663
242663 242663
242663 242663
242663 242663
242663 242663
242663 242663
242663 242663
242663 242663
242663 242663
242663 242663
242663 242663
242663 242663
242663 242663
242663 242663
242663 242663
242663 242663
242663 242663
242663 242663
242663 242663
242663 242663
242663 242663
242663 242663
242663 242663
242663 242663
242663 242663
242663 242663
242663 242663
242663 242663
242663 242663
242663 242663
242663 242663
242663 242663
242663 242663
242663 242663
242663 242663
242663 242663
242663 242663
242663 242663
242663 242663
242663 242663
242663 242663
242663 242663
242663 242663
242663 242663
242663 242663
242663 242663
242663 242663
242663 242663
242663 242663
242663 242663
242663 242663
242663 242663
242665 242665
242665 242665
242665 242665
242665 242665
242665 242665
242665 242665
242665 242665
242665 242665
242665 242665
242665 242665
242665 242665
242665 242665
242665 242665
242665 242665
242665 242665
242665 242665
242665 242665
242665 242665
242665 242665
242665 242665
242665 242665
242665 242665
242665 242665
242665 242665
242665 242665
242665 242665
242665 242665
242665 242665
242665 242665
242665 242665
242665 242665
242665 242665
242665 242665
242665 242665
242665 242665
242665 242665
242665 242665
242665 242665
242665 242665
242665 242665
242665 242665
242665 242665
242665 242665
242665 242665
242665 242665
242665 242665
242665 242665
242665 242665
242665 242665
242665 242665
242665 242665
242665 242665
242665 242665
242665 242665
242665 242665
242665 242665
242665 242665
242665 242665
242665 242665
242665 242665
242665 242665
242665 242665
242665 242665
242665 242665
242665 242665
242665 242665
242665 242665
242665 242665
242665 242665
242665 242665
242665 242665
242665 242665
242665 242665
242665 242665
242665 242665
242665 242665
242665 242665
242665 242665
242665 242665
242665 242665
242665 242665
242665 242665
242665 242665
242665 242665
242665 242665
242665 242665
242665 242665
242665 242665
242665 242665
242665 242665
242665 242665
242665 242665
242665 242665
242665 242665
242665 242665
242665 242665
242665 242665
242665 242665
242665 242665
242665 242665
242665 242665
242665 242665
242665 242665
242665 242665
242665 242665
242665 242665
242665 242665
242665 242665
242665 242665
242665 242665
242665 242665
242665 242665
242665 242665
242665 242665
242665 242665
242665 242665
242665 242665
242665 242665
242665 242665
242665 242665
242665 242665
242665 242665
242665 242665
242665 242665
242665 242665
242665 242665
242665 242665
242665 242665
242665 242665
242665 242665
242665 242665
242665 242665
242665 242665
242665 242665
242665 242665
242665 242665
242665 242665
242665 242665
242665 242665
242665 242665
242665 242665
242665 242665
242665 242665
242665 242665
242665 242665
242665 242665
242665 242665
242665 242665
242665 242665
242665 242665
242665 242665
242665 242665
242665 242665
242665 242665
242665 242665
242665 242665
242665 242665
242665 242665
242665 242665
242665 242665
242665 242665
242665 242665
242665 242665
242665 242665
242665 242665
242665 242665
242665 242665
242665 242665
242665 242665
242665 242665
242665 242665
242665 242665
242665 242665
242665 242665
242665 242665
242665 242665
242665 242665
242665 242665
242665 242665
242665 242665
242665 242665
242665 242665
242665 242665
242665 242665
242665 242665
242665 242665
242665 242665
242665 242665
242665 242665
242665 242665
242665 242665
242665 242665
242665 242665
242665 242665
242665 242665
242665 242665
242665 242665
242665 242665
242665 242665
242665 242665
242665 242665
242665 242665
242665 242665
242665 242665
242665 242665
242665 242665
242665 242665
242665 242665
242665 242665
242665 242665
242665 242665
242665 242665
242665 242665
242665 242665
242665 242665
242665 242665
242665 242665
242665 242665
242665 242665
242665 242665
242665 242665
242665 242665
242665 242665
242665 242665
242665 242665
242665 242665
242665 242665
242665 242665
242665 242665
242665 242665
242665 242665
242665 242665
242665 242665
242665 242665
242665 242665
242665 242665
242665 242665
242665 242665
242665 242665
242665 242665
242665 242665
242665 242665
242665 242665
242665 242665
242665 242665
242665 242665
242665 242665
242665 242665
242665 242665
242665 242665
242665 242665
242665 242665
242665 242665
242665 242665
242665 242665
242665 242665
242684 242684
242684 242684
242684 242684
242684 242684
242684 242684
242684 242684
242684 242684
242684 242684
242684 242684
242684 242684
242684 242684
242684 242684
242684 242684
242684 242684
242684 242684
242684 242684
242684 242684
242684 242684
242684 242684
242684 242684
242684 242684
242684 242684
242684 242684
242684 242684
242684 242684
242684 242684
242684 242684
242684 242684
242684 242684
242684 242684
242684 242684
242684 242684
242684 242684
242684 242684
242684 242684
242684 242684
242684 242684
242684 242684
242684 242684
242684 242684
242684 242684
242684 242684
242684 242684
242684 242684
242684 242684
242684 242684
242684 242684
242684 242684
242684 242684
242684 242684
242684 242684
242684 242684
242684 242684
242684 242684
242684 242684
242684 242684
242684 242684
242684 242684
242684 242684
242684 242684
242684 242684
242684 242684
242684 242684
242684 242684
242684 242684
242684 242684
242684 242684
242684 242684
242684 242684
242684 242684
242684 242684
242684 242684
242684 242684
242684 242684
242684 242684
242684 242684
242684 242684
242684 242684
242684 242684
242684 242684
242684 242684
242684 242684
242684 242684
242684 242684
242684 242684
242684 242684
242684 242684
242684 242684
242684 242684
242684 242684
242684 242684
242684 242684
242684 242684
242684 242684
242684 242684
242684 242684
242684 242684
242684 242684
242684 242684
242684 242684
242684 242684
242684 242684
242684 242684
242684 242684
242684 242684
242684 242684
242684 242684
242684 242684
242684 242684
242684 242684
242684 242684
242684 242684
242684 242684
242684 242684
242684 242684
242684 242684
242684 242684
242684 242684
242684 242684
242684 242684
242684 242684
242684 242684
242684 242684
242684 242684
242684 242684
242684 242684
242684 242684
242684 242684
242684 242684
242684 242684
242684 242684
242684 242684
242684 242684
242684 242684
242684 242684
242684 242684
242684 242684
242684 242684
242684 242684
242687 242687
242687 242687
242687 242687
242687 242687
242687 242687
242687 242687
242687 242687
242687 242687
242687 242687
242687 242687
242687 242687
242687 242687
242687 242687
242687 242687
242687 242687
242687 242687
242687 242687
242687 242687
242687 242687
242687 242687
242687 242687
242687 242687
242687 242687
242687 242687
242687 242687
242687 242687
242687 242687
242687 242687
242687 242687
242687 242687
242687 242687
242687 242687
242687 242687
242687 242687
242687 242687
242687 242687
242687 242687
242687 242687
242687 242687
242687 242687
242687 242687
242687 242687
242687 242687
242687 242687
242687 242687
242687 242687
242687 242687
242687 242687
242687 242687
242687 242687
242687 242687
242687 242687
242687 242687
242687 242687
242687 242687
242687 242687
242687 242687
242687 242687
242687 242687
242687 242687
242687 242687
242687 242687
242687 242687
242687 242687
242687 242687
242687 242687
242687 242687
242687 242687
242687 242687
242687 242687
242687 242687
242688 242688
242688 242688
242688 242688
242688 242688
242688 242688
242688 242688
242688 242688
242688 242688
242688 242688
242688 242688
242688 242688
242688 242688
242688 242688
242688 242688
242688 242688
242688 242688
242688 242688
242688 242688
242688 242688
242688 242688
242688 242688
242688 242688
242688 242688
242688 242688
242688 242688
242688 242688
242688 242688
242688 242688
242688 242688
242688 242688
242688 242688
242688 242688
242688 242688
242688 242688
242688 242688
242688 242688
242688 242688
242688 242688
242688 242688
242688 242688
242688 242688
242688 242688
242688 242688
242688 242688
242688 242688
242688 242688
242688 242688
242688 242688
242688 242688
242688 242688
242688 242688
242688 242688
242688 242688
242688 242688
242688 242688
242688 242688
242688 242688
242688 242688
242688 242688
242688 242688
242688 242688
242688 242688
242688 242688
242688 242688
242688 242688
242688 242688
242688 242688
242688 242688
242688 242688
242688 242688
242688 242688
242688 242688
242688 242688
242688 242688
242688 242688
242688 242688
242688 242688
242688 242688
242688 242688
242688 242688
242688 242688
242688 242688
242688 242688
242688 242688
242688 242688
242688 242688
242688 242688
242688 242688
242688 242688
242688 242688
242688 242688
242688 242688
242688 242688
242688 242688
242688 242688
242688 242688
242688 242688
242688 242688
242688 242688
242688 242688
242688 242688
242688 242688
242688 242688
242688 242688
242688 242688
242688 242688
242688 242688
242688 242688
242688 242688
242688 242688
242688 242688
242688 242688
242688 242688
242688 242688
242688 242688
242688 242688
242688 242688
242688 242688
242688 242688
242688 242688
242688 242688
242688 242688
242688 242688
242688 242688
242688 242688
242688 242688
242688 242688
242688 242688
242688 242688
242688 242688
242688 242688
242688 242688
242688 242688
242688 242688
242688 242688
242688 242688
242688 242688
242688 242688
242688 242688
242688 242688
242688 242688
242688 242688
242688 242688
242688 242688
242688 242688
242688 242688
242688 242688
242688 242688
242688 242688
242688 242688
242688 242688
242688 242688
242688 242688
242688 242688
242688 242688
242688 242688
242688 242688
242688 242688
242688 242688
242688 242688
242688 242688
242688 242688
242688 242688
242688 242688
242688 242688
242688 242688
242688 242688
242688 242688
242688 242688
242688 242688
242688 242688
242688 242688
242688 242688
242688 242688
242688 242688
242688 242688
242688 242688
242688 242688
242688 242688
242688 242688
242688 242688
242688 242688
242688 242688
242688 242688
242688 242688
242688 242688
242688 242688
242688 242688
242688 242688
242688 242688
242688 242688
242688 242688
242688 242688
242688 242688
242688 242688
242688 242688
242688 242688
242688 242688
242688 242688
242688 242688
242688 242688
242688 242688
242688 242688
242688 242688
242688 242688
242688 242688
242688 242688
242688 242688
242688 242688
242688 242688
242688 242688
242688 242688
242688 242688
242688 242688
242688 242688
242688 242688
242688 242688
242688 242688
242688 242688
242688 242688
242688 242688
242688 242688
242688 242688
242688 242688
242688 242688
242688 242688
242688 242688
242688 242688
242688 242688
242688 242688
242688 242688
242688 242688
242688 242688
242688 242688
242688 242688
242688 242688
242688 242688
242688 242688
242688 242688
242688 242688
242688 242688
242688 242688
242688 242688
242688 242688
242688 242688
242688 242688
242688 242688
242688 242688
242688 242688
242688 242688
242688 242688
242688 242688
242688 242688
242688 242688
242688 242688
242688 242688
242688 242688
242688 242688
242688 242688
242688 242688
242688 242688
242688 242688
242688 242688
242688 242688
242688 242688
