202218
159352 159352
160337 160337
166468 166468
167516 167516
167996 167996
171307 171307
172289 172289
172695 172695
173874 173874
174989 174989
175060 175060
178552 178552
179348 179348
179468 179468
180801 180801
183351 183351
183998 183998
184046 184046
185708 185708
185708 185708
185933 185933
186216 186216
186985 186985
187785 187785
188154 188154
189834 189834
190189 190189
192122 192122
192201 192201
192445 192445
192795 192795
192826 192826
192966 192966
194298 194298
194623 194623
195999 195999
195999 195999
196493 196493
196641 196641
196960 196960
196960 196960
197665 197665
197665 197665
198000 198000
198322 198322
198322 198322
198450 198450
198631 198631
198705 198705
198828 198828
198828 198828
198895 198895
198978 198978
199005 199005
199125 199125
199125 199125
199244 199244
199464 199464
199516 199516
199640 199640
199640 199640
199648 199648
199666 199666
199891 199891
199921 199921
200031 200031
200068 200068
200082 200082
200250 200250
200351 200351
200530 200530
200530 200530
200566 200566
200586 200586
200586 200586
200732 200732
200741 200741
200741 200741
200766 200766
200816 200816
200816 200816
200816 200816
200979 200979
200979 200979
200979 200979
200992 200992
200992 200992
200992 200992
201032 201032
201114 201114
201114 201114
201114 201114
201114 201114
201299 201299
201326 201326
201367 201367
201367 201367
201367 201367
201367 201367
201367 201367
201367 201367
201367 201367
201367 201367
201367 201367
201367 201367
201367 201367
201367 201367
201367 201367
201367 201367
201367 201367
201367 201367
201367 201367
201367 201367
201367 201367
201367 201367
201367 201367
201367 201367
201367 201367
201367 201367
201367 201367
201367 201367
201367 201367
201367 201367
201367 201367
201367 201367
201367 201367
201367 201367
201367 201367
201367 201367
201367 201367
201367 201367
201367 201367
201367 201367
201370 201370
201390 201390
201390 201390
201390 201390
201405 201405
201405 201405
201405 201405
201678 201678
201678 201678
201678 201678
201678 201678
201678 201678
201678 201678
201688 201688
201688 201688
201738 201738
201738 201738
201738 201738
201762 201762
201762 201762
201762 201762
201762 201762
201762 201762
201762 201762
201762 201762
201762 201762
201778 201778
201778 201778
201778 201778
201778 201778
201863 201863
201863 201863
201863 201863
201863 201863
201888 201888
201888 201888
201993 201993
201993 201993
201993 201993
201993 201993
201993 201993
201993 201993
201993 201993
201993 201993
201993 201993
201993 201993
202056 202056
202056 202056
202056 202056
202056 202056
202056 202056
202056 202056
202056 202056
202056 202056
202056 202056
202066 202066
202066 202066
202066 202066
202066 202066
202066 202066
202066 202066
202066 202066
202066 202066
202066 202066
202066 202066
202066 202066
202066 202066
202066 202066
202066 202066
202066 202066
202066 202066
202066 202066
202066 202066
202066 202066
202066 202066
202066 202066
202066 202066
202066 202066
202066 202066
202066 202066
202066 202066
202066 202066
202066 202066
202066 202066
202066 202066
202066 202066
202066 202066
202066 202066
202066 202066
202066 202066
202066 202066
202066 202066
202066 202066
202066 202066
202066 202066
202066 202066
202066 202066
202066 202066
202066 202066
202066 202066
202066 202066
202066 202066
202066 202066
202066 202066
202066 202066
202066 202066
202066 202066
202066 202066
202066 202066
202066 202066
202066 202066
202066 202066
202066 202066
202108 202108
202108 202108
202110 202110
202110 202110
202110 202110
202122 202122
202134 202134
202134 202134
202134 202134
202148 202148
202153 202153
202153 202153
202155 202155
202155 202155
202155 202155
202156 202156
202156 202156
202156 202156
202162 202162
202162 202162
202162 202162
202182 202182
202182 202182
202182 202182
202182 202182
202182 202182
202182 202182
202182 202182
202215 202215
202215 202215
202215 202215
202218 202218
202218 202218
202218 202218
202218 202218
202218 202218
202218 202218
202218 202218
202218 202218
202218 202218
202218 202218
202218 202218
202218 202218
202218 202218
202218 202218
202218 202218
202218 202218
202218 202218
202218 202218
202218 202218
202218 202218
202218 202218
202218 202218
202218 202218
202218 202218
202218 202218
202218 202218
202218 202218
202218 202218
202218 202218
202218 202218
202218 202218
202218 202218
202218 202218
202218 202218
202218 202218
202218 202218
202218 202218
202218 202218
202218 202218
202218 202218
202218 202218
202218 202218
202218 202218
202218 202218
202218 202218
202218 202218
202218 202218
202218 202218
202218 202218
202218 202218
202218 202218
202218 202218
202218 202218
202218 202218
202218 202218
202218 202218
202218 202218
202218 202218
202218 202218
202218 202218
202218 202218
202218 202218
202218 202218
202218 202218
202218 202218
202218 202218
202218 202218
202218 202218
202218 202218
202218 202218
202218 202218
202218 202218
202218 202218
202218 202218
202218 202218
202218 202218
202218 202218
202218 202218
202218 202218
202218 202218
202218 202218
202218 202218
202218 202218
202218 202218
202218 202218
202218 202218
202218 202218
202218 202218
202218 202218
202218 202218
202218 202218
202218 202218
202218 202218
202218 202218
202218 202218
202218 202218
202218 202218
202218 202218
202218 202218
202218 202218
202218 202218
202218 202218
202218 202218
202218 202218
202218 202218
202218 202218
202218 202218
202218 202218
202218 202218
202218 202218
202218 202218
202218 202218
202218 202218
202218 202218
202218 202218
202218 202218
202218 202218
202218 202218
202218 202218
202218 202218
202218 202218
202218 202218
202218 202218
202218 202218
202218 202218
202218 202218
202218 202218
202218 202218
202218 202218
202218 202218
202218 202218
202218 202218
202218 202218
202218 202218
202218 202218
202218 202218
202218 202218
202218 202218
202218 202218
202218 202218
202218 202218
202218 202218
202218 202218
202218 202218
202218 202218
202218 202218
202218 202218
202218 202218
202218 202218
202218 202218
