164541
164541 164541
159904 159904
157576 157576
155396 155396
151635 151635
146021 146021
0 142991
141222 141222
138130 138130
137070 137070
133087 133087
0 131478
129994 129994
131735 131735
128763 128763
128627 128627
128411 128411
0 123317
121916 121916
121870 121870
0 116441
115434 115434
115128 115128
118694 118694
119645 119645
117539 117539
114795 114795
115718 115718
114784 114784
118387 118387
122089 122089
118264 118264
122841 122841
119713 119713
116777 116777
114406 114406
110390 110390
112336 112336
113479 113479
111174 111174
111674 111674
115382 115382
117358 117358
110533 110533
111032 111032
114590 114590
110555 110555
113852 113852
116223 116223
115874 115874
117922 117922
121338 121338
118967 118967
120804 120804
115435 115435
119593 119593
117026 117026
117266 117266
115364 115364
114555 114555
113480 113480
110788 110788
111534 111534
112545 112545
110886 110886
106574 106574
106139 106139
110450 110450
111641 111641
110643 110643
106886 106886
112396 112396
109303 109303
106785 106785
106806 106806
107147 107147
109845 109845
112345 112345
112954 112954
114929 114929
111720 111720
112198 112198
113552 113552
112964 112964
109455 109455
112105 112105
112127 112127
115911 115911
115537 115537
118196 118196
122971 122971
118621 118621
115989 115989
117128 117128
111640 111640
111163 111163
113455 113455
113960 113960
111106 111106
116768 116768
118119 118119
120634 120634
124851 124851
125789 125789
120291 120291
123963 123963
122921 122921
122287 122287
119515 119515
122077 122077
118018 118018
115213 115213
108820 108820
104161 104161
107432 107432
107864 107864
106585 106585
104941 104941
103730 103730
102218 102218
109687 109687
109536 109536
112753 112753
111138 111138
115027 115027
113846 113846
113980 113980
113492 113492
112892 112892
110890 110890
111227 111227
113020 113020
108498 108498
106389 106389
108554 108554
108414 108414
107999 107999
104571 104571
108133 108133
109292 109292
112354 112354
115116 115116
114275 114275
114554 114554
112106 112106
108028 108028
111602 111602
111404 111404
109325 109325
111827 111827
109176 109176
107219 107219
106773 106773
107655 107655
110099 110099
109314 109314
110640 110640
111509 111509
111233 111233
110831 110831
109157 109157
105600 105600
108859 108859
112689 112689
113474 113474
111897 111897
111505 111505
111744 111744
110371 110371
106193 106193
112583 112583
111705 111705
111398 111398
110056 110056
116915 116915
116446 116446
114367 114367
112428 112428
111273 111273
111705 111705
109475 109475
120016 120016
115877 115877
115165 115165
121037 121037
121052 121052
120028 120028
119479 119479
117681 117681
118276 118276
114553 114553
113329 113329
115694 115694
113896 113896
110690 110690
113811 113811
110773 110773
115069 115069
114214 114214
115853 115853
118949 118949
117457 117457
116232 116232
114314 114314
113187 113187
109685 109685
112580 112580
114305 114305
111605 111605
115339 115339
116810 116810
113803 113803
111782 111782
115316 115316
115461 115461
113366 113366
111888 111888
111037 111037
108712 108712
103130 103130
103033 103033
105033 105033
106464 106464
114163 114163
117930 117930
116696 116696
119737 119737
116107 116107
119442 119442
118062 118062
113963 113963
117568 117568
113948 113948
111710 111710
109442 109442
110540 110540
112842 112842
113486 113486
116739 116739
114093 114093
115477 115477
118043 118043
120329 120329
120225 120225
117117 117117
118987 118987
119225 119225
119964 119964
116190 116190
112599 112599
115029 115029
116535 116535
117529 117529
121117 121117
115933 115933
120274 120274
116895 116895
116144 116144
113542 113542
117544 117544
111775 111775
111282 111282
117142 117142
118636 118636
119915 119915
118684 118684
117132 117132
118958 118958
118806 118806
115101 115101
115135 115135
114525 114525
115819 115819
116784 116784
118568 118568
120122 120122
121504 121504
124064 124064
124543 124543
121302 121302
121027 121027
123418 123418
121367 121367
119333 119333
118703 118703
119602 119602
113871 113871
119044 119044
116393 116393
113143 113143
113758 113758
109899 109899
114766 114766
115575 115575
118792 118792
115866 115866
115505 115505
113074 113074
115531 115531
119144 119144
116581 116581
111751 111751
115615 115615
117316 117316
115868 115868
117462 117462
119245 119245
115719 115719
113779 113779
110484 110484
108477 108477
110288 110288
110009 110009
109832 109832
114425 114425
111992 111992
110281 110281
109489 109489
109742 109742
107760 107760
110706 110706
115123 115123
117254 117254
118445 118445
117787 117787
118366 118366
118819 118819
117210 117210
116431 116431
118018 118018
122686 122686
122927 122927
118797 118797
119984 119984
120683 120683
118582 118582
114759 114759
114150 114150
112698 112698
115873 115873
114042 114042
116853 116853
115396 115396
109653 109653
111127 111127
110778 110778
113955 113955
113820 113820
113384 113384
115283 115283
118748 118748
117021 117021
114613 114613
114318 114318
113217 113217
113953 113953
113472 113472
116910 116910
116569 116569
113840 113840
112990 112990
110670 110670
106302 106302
109982 109982
106509 106509
105605 105605
107939 107939
111884 111884
115797 115797
115685 115685
115184 115184
109993 109993
111338 111338
112702 112702
112959 112959
111919 111919
110063 110063
108611 108611
107340 107340
113857 113857
111067 111067
112994 112994
113474 113474
113548 113548
114895 114895
115691 115691
118203 118203
115116 115116
113039 113039
113862 113862
111216 111216
113333 113333
109276 109276
114134 114134
115548 115548
113566 113566
114648 114648
116660 116660
120410 120410
117937 117937
118620 118620
119465 119465
124525 124525
120334 120334
116509 116509
120236 120236
123031 123031
119933 119933
121494 121494
119186 119186
118744 118744
120894 120894
117384 117384
116976 116976
120339 120339
121457 121457
119262 119262
120044 120044
115018 115018
113524 113524
111098 111098
115651 115651
114760 114760
119299 119299
117545 117545
118203 118203
120894 120894
118846 118846
119903 119903
118197 118197
117007 117007
119517 119517
121748 121748
121643 121643
120535 120535
117805 117805
119394 119394
111721 111721
115588 115588
115334 115334
120442 120442
119284 119284
119794 119794
118250 118250
115682 115682
112555 112555
111454 111454
109030 109030
106775 106775
106164 106164
104416 104416
107379 107379
111361 111361
112333 112333
109795 109795
113065 113065
113718 113718
112008 112008
111758 111758
110273 110273
109603 109603
111717 111717
109043 109043
112128 112128
109807 109807
108542 108542
111379 111379
113843 113843
111795 111795
110423 110423
110538 110538
110093 110093
113791 113791
110004 110004
109513 109513
112557 112557
112310 112310
109515 109515
115846 115846
110433 110433
110792 110792
111484 111484
110659 110659
111707 111707
112434 112434
114614 114614
115325 115325
114205 114205
114547 114547
112479 112479
112448 112448
116490 116490
114718 114718
116904 116904
111174 111174
108993 108993
109190 109190
113377 113377
110149 110149
110382 110382
108926 108926
108143 108143
113815 113815
114066 114066
113334 113334
113463 113463
115427 115427
113873 113873
112310 112310
112807 112807
112265 112265
107198 107198
110757 110757
111357 111357
109111 109111
112872 112872
114275 114275
115093 115093
116585 116585
111034 111034
105204 105204
105836 105836
105963 105963
100615 100615
102696 102696
106577 106577
105575 105575
107513 107513
112508 112508
109160 109160
108098 108098
107561 107561
109788 109788
108113 108113
109509 109509
109432 109432
112834 112834
112849 112849
114693 114693
118050 118050
115675 115675
115504 115504
113019 113019
112254 112254
112783 112783
111353 111353
112507 112507
111205 111205
108855 108855
109528 109528
114462 114462
113702 113702
114520 114520
113504 113504
109030 109030
110022 110022
109873 109873
108319 108319
107760 107760
108012 108012
105500 105500
107950 107950
109181 109181
112003 112003
108097 108097
111669 111669
107859 107859
106467 106467
105611 105611
105621 105621
112624 112624
110062 110062
112125 112125
110754 110754
111364 111364
108102 108102
109334 109334
112375 112375
108979 108979
108908 108908
113297 113297
113506 113506
112282 112282
112617 112617
112641 112641
112735 112735
113707 113707
111780 111780
109772 109772
108521 108521
110551 110551
108258 108258
114513 114513
113505 113505
113890 113890
111576 111576
115726 115726
117035 117035
115246 115246
115848 115848
114728 114728
116007 116007
117615 117615
115689 115689
113502 113502
116518 116518
119554 119554
116914 116914
119082 119082
117694 117694
116333 116333
115352 115352
113199 113199
107511 107511
112164 112164
112298 112298
113005 113005
110503 110503
108625 108625
107818 107818
107766 107766
108776 108776
108624 108624
114977 114977
111233 111233
109742 109742
112869 112869
114700 114700
112184 112184
113436 113436
112326 112326
113011 113011
112734 112734
108325 108325
103929 103929
106337 106337
104638 104638
108815 108815
110053 110053
109854 109854
106880 106880
110293 110293
113431 113431
118209 118209
116536 116536
115816 115816
114339 114339
107993 107993
108000 108000
106549 106549
108791 108791
109726 109726
114129 114129
108754 108754
107956 107956
110510 110510
110236 110236
109343 109343
111450 111450
114767 114767
116455 116455
114667 114667
113410 113410
112745 112745
116986 116986
112905 112905
110286 110286
112441 112441
111346 111346
106363 106363
103688 103688
106622 106622
107741 107741
109530 109530
109529 109529
112162 112162
114986 114986
114489 114489
111772 111772
107879 107879
114032 114032
113265 113265
109364 109364
113678 113678
114538 114538
115530 115530
111737 111737
113960 113960
112533 112533
112684 112684
114075 114075
119680 119680
121484 121484
121719 121719
117673 117673
117661 117661
119790 119790
119850 119850
116462 116462
120422 120422
121618 121618
119519 119519
114224 114224
111990 111990
114237 114237
115621 115621
111915 111915
112503 112503
114728 114728
113469 113469
111007 111007
108121 108121
108606 108606
108113 108113
107582 107582
108908 108908
109754 109754
108750 108750
106593 106593
102496 102496
104785 104785
110472 110472
111035 111035
109237 109237
113456 113456
113472 113472
116818 116818
117906 117906
115122 115122
110328 110328
112194 112194
114773 114773
115025 115025
116067 116067
111641 111641
115200 115200
117153 117153
118441 118441
118234 118234
115447 115447
112746 112746
113576 113576
113260 113260
112513 112513
110517 110517
111030 111030
112127 112127
116673 116673
116672 116672
112745 112745
111127 111127
110495 110495
109876 109876
110653 110653
112425 112425
112963 112963
111443 111443
109522 109522
111829 111829
108321 108321
106289 106289
111284 111284
111068 111068
112908 112908
116455 116455
116933 116933
109754 109754
108719 108719
109064 109064
112757 112757
114015 114015
111423 111423
108742 108742
110140 110140
112238 112238
111115 111115
115193 115193
114286 114286
112026 112026
117349 117349
113755 113755
114003 114003
112670 112670
108451 108451
106908 106908
106880 106880
111172 111172
113652 113652
115362 115362
114015 114015
117056 117056
118961 118961
118875 118875
117576 117576
117077 117077
108851 108851
105981 105981
107930 107930
105477 105477
109353 109353
108633 108633
111463 111463
113394 113394
112435 112435
115101 115101
113251 113251
116808 116808
116733 116733
108810 108810
107516 107516
102614 102614
107550 107550
103227 103227
102515 102515
109463 109463
109352 109352
109726 109726
108841 108841
109757 109757
108929 108929
111168 111168
113051 113051
116059 116059
111716 111716
110969 110969
115938 115938
113362 113362
112844 112844
113209 113209
112838 112838
109476 109476
110778 110778
112979 112979
111006 111006
107631 107631
108021 108021
106388 106388
107408 107408
108089 108089
109697 109697
107574 107574
108823 108823
108192 108192
104034 104034
107844 107844
109851 109851
108456 108456
111222 111222
110253 110253
108044 108044
107783 107783
111733 111733
113737 113737
111750 111750
113475 113475
112471 112471
115715 115715
115256 115256
116974 116974
114929 114929
119559 119559
116378 116378
114062 114062
115056 115056
112935 112935
115210 115210
117066 117066
115271 115271
113282 113282
112509 112509
108228 108228
117110 117110
115454 115454
117924 117924
116161 116161
115344 115344
115503 115503
113700 113700
116121 116121
117212 117212
116444 116444
112951 112951
113864 113864
110746 110746
108804 108804
108535 108535
107597 107597
106147 106147
106837 106837
108225 108225
114018 114018
111666 111666
114117 114117
111340 111340
111270 111270
112917 112917
113786 113786
112362 112362
114069 114069
112503 112503
114222 114222
115141 115141
114037 114037
110957 110957
107915 107915
110650 110650
109320 109320
110146 110146
110139 110139
107248 107248
107421 107421
111383 111383
110884 110884
113117 113117
115075 115075
116717 116717
119483 119483
118653 118653
118547 118547
116005 116005
115344 115344
112939 112939
113195 113195
111380 111380
111117 111117
116145 116145
110602 110602
112414 112414
114231 114231
113169 113169
116223 116223
116296 116296
115765 115765
115646 115646
117505 117505
108010 108010
112286 112286
113266 113266
109703 109703
109592 109592
109354 109354
110375 110375
115072 115072
117768 117768
114108 114108
111773 111773
113789 113789
112054 112054
108755 108755
114268 114268
114859 114859
112706 112706
116160 116160
114632 114632
116602 116602
118321 118321
114956 114956
110194 110194
115998 115998
112895 112895
112625 112625
113505 113505
115941 115941
115987 115987
115804 115804
106711 106711
105553 105553
104328 104328
108229 108229
108264 108264
112228 112228
112416 112416
111119 111119
106194 106194
110713 110713
112588 112588
111829 111829
109065 109065
107833 107833
112039 112039
110384 110384
106256 106256
109891 109891
110460 110460
110219 110219
108020 108020
109897 109897
114660 114660
111263 111263
114427 114427
115638 115638
114396 114396
109345 109345
113292 113292
114649 114649
118567 118567
117726 117726
117071 117071
115034 115034
0 162403
157737 157737
0 152350
146018 146018
147817 147817
147775 147775
142838 142838
0 143241
140777 140777
134405 134405
134072 134072
131643 131643
131740 131740
127406 127406
126308 126308
124021 124021
122263 122263
127598 127598
126565 126565
126350 126350
122988 122988
119315 119315
118449 118449
117707 117707
122665 122665
122735 122735
122973 122973
120736 120736
120995 120995
125937 125937
120370 120370
122092 122092
120559 120559
117074 117074
121265 121265
123959 123959
116934 116934
113683 113683
110325 110325
112216 112216
113741 113741
114366 114366
115504 115504
112312 112312
111467 111467
110347 110347
111431 111431
112184 112184
111792 111792
113971 113971
114674 114674
114091 114091
112110 112110
112736 112736
115049 115049
113967 113967
114938 114938
114691 114691
115194 115194
116563 116563
117178 117178
112646 112646
118148 118148
113996 113996
116775 116775
115747 115747
112642 112642
109445 109445
110695 110695
112000 112000
110234 110234
111470 111470
115361 115361
111082 111082
116216 116216
115658 115658
113713 113713
112856 112856
113977 113977
115978 115978
114665 114665
114835 114835
111484 111484
105449 105449
108875 108875
107050 107050
110722 110722
106901 106901
108573 108573
110590 110590
112241 112241
116939 116939
117383 117383
118106 118106
115976 115976
112882 112882
114592 114592
116766 116766
117442 117442
112841 112841
119354 119354
120712 120712
114677 114677
119515 119515
121249 121249
119636 119636
118597 118597
120022 120022
118451 118451
120246 120246
118804 118804
116045 116045
115739 115739
117379 117379
113517 113517
112585 112585
111423 111423
112895 112895
113107 113107
115612 115612
117805 117805
114568 114568
108011 108011
104040 104040
103733 103733
102856 102856
101322 101322
103561 103561
104893 104893
107464 107464
107681 107681
107435 107435
110875 110875
108009 108009
109397 109397
112237 112237
112321 112321
112010 112010
113099 113099
114923 114923
120043 120043
120543 120543
118277 118277
117042 117042
114910 114910
118192 118192
122659 122659
122899 122899
119934 119934
116856 116856
119520 119520
120735 120735
118640 118640
117826 117826
117747 117747
113716 113716
118134 118134
116121 116121
114774 114774
113299 113299
109287 109287
104766 104766
104807 104807
107355 107355
112866 112866
111699 111699
109642 109642
107757 107757
115574 115574
118290 118290
117632 117632
117147 117147
113508 113508
114235 114235
112284 112284
112962 112962
112757 112757
116140 116140
115217 115217
119980 119980
120625 120625
119789 119789
116369 116369
117433 117433
113695 113695
114654 114654
114872 114872
117896 117896
116798 116798
112350 112350
113829 113829
111894 111894
113420 113420
113003 113003
113107 113107
113115 113115
114397 114397
117084 117084
109660 109660
111053 111053
109373 109373
108929 108929
111494 111494
116056 116056
113081 113081
114643 114643
117841 117841
113427 113427
114861 114861
112770 112770
109805 109805
109827 109827
108987 108987
104138 104138
105713 105713
107145 107145
110761 110761
111602 111602
114382 114382
116279 116279
117697 117697
112927 112927
113367 113367
110852 110852
110587 110587
108334 108334
105165 105165
102261 102261
105933 105933
110592 110592
108387 108387
106657 106657
111120 111120
108048 108048
110174 110174
111885 111885
112457 112457
109628 109628
108458 108458
113112 113112
115299 115299
112157 112157
109039 109039
108968 108968
107877 107877
112730 112730
113638 113638
115102 115102
115700 115700
113678 113678
113190 113190
111622 111622
114549 114549
113005 113005
112622 112622
113677 113677
114592 114592
116828 116828
114621 114621
111534 111534
110535 110535
109573 109573
111037 111037
113258 113258
110630 110630
115494 115494
116045 116045
117848 117848
120832 120832
118551 118551
118962 118962
117874 117874
113906 113906
113906 113906
115568 115568
114510 114510
114385 114385
111058 111058
110978 110978
110502 110502
111162 111162
112160 112160
114785 114785
113744 113744
112090 112090
114324 114324
112582 112582
111434 111434
114454 114454
120507 120507
118980 118980
116322 116322
114925 114925
114953 114953
109530 109530
106828 106828
111323 111323
111789 111789
108480 108480
111459 111459
109048 109048
108467 108467
108170 108170
109386 109386
111494 111494
110444 110444
111101 111101
113486 113486
116909 116909
116790 116790
113995 113995
113617 113617
116271 116271
118553 118553
116433 116433
117820 117820
113620 113620
115024 115024
117100 117100
113439 113439
114042 114042
113177 113177
111522 111522
109867 109867
111527 111527
111658 111658
111350 111350
108586 108586
105682 105682
101357 101357
102083 102083
106023 106023
109865 109865
111828 111828
111043 111043
112433 112433
113437 113437
112647 112647
111428 111428
112606 112606
114826 114826
111836 111836
109702 109702
105741 105741
105595 105595
104200 104200
108115 108115
111402 111402
117257 117257
116769 116769
113090 113090
115703 115703
113866 113866
115117 115117
115232 115232
114797 114797
111449 111449
111812 111812
115050 115050
108939 108939
111506 111506
108910 108910
106405 106405
104715 104715
107412 107412
110991 110991
111653 111653
110794 110794
108592 108592
114300 114300
115369 115369
116447 116447
116188 116188
114862 114862
116735 116735
119462 119462
118885 118885
116653 116653
117580 117580
117717 117717
117670 117670
121268 121268
117152 117152
116612 116612
115831 115831
115473 115473
111081 111081
109253 109253
108059 108059
112702 112702
110879 110879
114017 114017
106202 106202
110399 110399
112052 112052
109002 109002
111939 111939
109438 109438
109041 109041
109305 109305
114188 114188
111652 111652
110664 110664
110470 110470
112897 112897
112305 112305
112507 112507
114876 114876
118900 118900
116299 116299
111111 111111
112340 112340
114238 114238
112361 112361
104929 104929
107022 107022
105251 105251
110701 110701
111087 111087
110867 110867
108759 108759
105373 105373
109506 109506
110180 110180
111498 111498
111540 111540
109063 109063
105847 105847
105265 105265
106432 106432
111534 111534
110043 110043
109532 109532
106551 106551
107904 107904
113406 113406
115439 115439
112990 112990
111131 111131
110312 110312
107335 107335
107758 107758
110837 110837
110475 110475
108009 108009
107103 107103
107365 107365
109796 109796
109573 109573
114708 114708
114658 114658
110168 110168
109073 109073
110859 110859
108188 108188
110959 110959
112413 112413
108898 108898
109214 109214
109630 109630
112360 112360
114595 114595
115044 115044
118754 118754
117399 117399
113646 113646
117452 117452
121296 121296
119470 119470
115886 115886
116557 116557
113637 113637
114045 114045
114959 114959
116566 116566
117680 117680
114910 114910
110279 110279
110639 110639
104796 104796
108242 108242
109291 109291
111356 111356
109680 109680
109512 109512
110062 110062
113125 113125
110666 110666
106851 106851
106828 106828
107027 107027
107040 107040
112490 112490
114130 114130
111260 111260
111322 111322
114662 114662
115401 115401
114460 114460
115950 115950
110873 110873
107654 107654
107948 107948
110892 110892
114878 114878
110126 110126
104976 104976
106690 106690
111619 111619
111101 111101
109943 109943
111681 111681
109138 109138
109844 109844
109628 109628
108780 108780
107363 107363
106395 106395
109960 109960
110734 110734
107201 107201
114664 114664
113420 113420
113707 113707
116414 116414
120763 120763
115165 115165
114259 114259
114391 114391
112675 112675
114643 114643
114812 114812
111789 111789
110756 110756
112163 112163
114540 114540
110201 110201
108549 108549
106644 106644
109859 109859
107143 107143
106898 106898
109239 109239
104978 104978
103973 103973
103511 103511
106583 106583
108495 108495
110955 110955
106468 106468
108534 108534
112322 112322
112275 112275
114456 114456
116673 116673
112115 112115
112312 112312
113279 113279
112985 112985
111302 111302
113766 113766
116149 116149
115023 115023
115446 115446
114502 114502
116082 116082
118162 118162
117979 117979
113740 113740
115263 115263
115005 115005
111096 111096
113598 113598
107388 107388
105732 105732
105621 105621
104998 104998
103131 103131
104880 104880
105457 105457
102634 102634
102933 102933
108436 108436
105433 105433
108752 108752
109481 109481
113281 113281
115998 115998
111443 111443
109489 109489
110885 110885
104251 104251
108513 108513
112601 112601
112176 112176
112926 112926
112489 112489
112312 112312
110582 110582
109392 109392
109985 109985
107566 107566
111898 111898
116094 116094
115245 115245
113880 113880
110430 110430
115271 115271
112369 112369
119254 119254
119512 119512
123478 123478
123479 123479
123871 123871
125652 125652
119430 119430
120255 120255
116641 116641
118798 118798
117440 117440
121565 121565
119003 119003
116883 116883
117164 117164
118974 118974
120887 120887
119361 119361
117555 117555
115629 115629
111523 111523
109093 109093
107756 107756
109795 109795
112049 112049
113905 113905
114262 114262
116838 116838
116611 116611
117130 117130
118058 118058
117293 117293
115249 115249
114121 114121
116903 116903
111867 111867
112464 112464
115164 115164
115831 115831
118530 118530
108161 108161
109252 109252
111913 111913
113464 113464
115923 115923
115406 115406
115791 115791
115709 115709
115883 115883
118064 118064
115845 115845
118214 118214
110868 110868
109198 109198
116329 116329
112044 112044
113012 113012
107059 107059
108630 108630
107690 107690
103940 103940
109689 109689
114145 114145
109848 109848
116747 116747
109299 109299
103792 103792
104461 104461
106921 106921
107388 107388
106618 106618
106463 106463
110517 110517
112504 112504
112976 112976
114560 114560
110960 110960
110721 110721
110350 110350
112361 112361
112355 112355
113168 113168
119612 119612
114461 114461
115532 115532
113976 113976
113465 113465
112399 112399
116105 116105
115071 115071
113670 113670
109298 109298
109805 109805
112883 112883
115705 115705
115288 115288
112314 112314
104499 104499
102391 102391
102083 102083
107659 107659
109174 109174
114656 114656
114520 114520
113565 113565
121202 121202
117814 117814
116939 116939
115714 115714
120545 120545
121272 121272
120705 120705
119870 119870
114418 114418
113701 113701
110606 110606
112171 112171
111399 111399
114048 114048
112075 112075
107200 107200
110189 110189
112133 112133
114993 114993
118731 118731
114604 114604
116846 116846
115314 115314
117690 117690
114509 114509
114018 114018
119576 119576
117862 117862
116903 116903
117789 117789
117223 117223
115804 115804
110681 110681
116138 116138
115617 115617
116667 116667
115953 115953
116633 116633
113354 113354
113441 113441
115378 115378
113258 113258
113778 113778
115922 115922
113128 113128
113290 113290
108450 108450
110038 110038
112028 112028
118163 118163
113993 113993
109707 109707
109933 109933
108944 108944
109891 109891
114743 114743
116438 116438
112306 112306
112003 112003
108045 108045
114894 114894
114272 114272
116068 116068
113270 113270
116900 116900
115122 115122
119049 119049
120877 120877
122003 122003
120498 120498
119817 119817
118906 118906
119921 119921
117697 117697
114917 114917
118283 118283
118645 118645
117177 117177
117804 117804
117231 117231
110940 110940
115766 115766
112812 112812
113406 113406
114031 114031
114444 114444
111144 111144
117354 117354
118346 118346
114348 114348
113779 113779
116786 116786
120403 120403
117024 117024
115385 115385
116221 116221
111098 111098
108680 108680
107603 107603
111938 111938
113109 113109
112199 112199
111459 111459
108534 108534
109661 109661
111566 111566
111149 111149
111103 111103
111098 111098
111608 111608
109504 109504
108945 108945
111150 111150
112643 112643
110695 110695
114238 114238
109444 109444
109165 109165
110371 110371
106743 106743
108156 108156
111054 111054
110755 110755
108870 108870
107698 107698
108394 108394
107627 107627
103317 103317
106088 106088
104615 104615
108595 108595
107066 107066
105417 105417
104249 104249
102775 102775
109484 109484
115118 115118
111537 111537
113362 113362
110163 110163
110461 110461
109489 109489
112070 112070
112759 112759
112067 112067
113924 113924
118445 118445
119241 119241
120286 120286
118591 118591
114748 114748
114640 114640
112936 112936
110545 110545
110155 110155
109614 109614
108938 108938
115106 115106
115071 115071
115901 115901
116393 116393
115820 115820
113358 113358
115739 115739
116544 116544
116151 116151
112707 112707
112442 112442
113085 113085
112108 112108
117133 117133
118680 118680
119266 119266
118881 118881
121865 121865
120551 120551
116109 116109
116791 116791
118546 118546
117657 117657
114915 114915
114168 114168
109709 109709
109623 109623
109469 109469
111198 111198
107951 107951
110087 110087
110006 110006
110470 110470
110356 110356
112871 112871
113831 113831
109104 109104
107891 107891
107178 107178
104877 104877
106862 106862
108920 108920
108698 108698
111649 111649
110537 110537
110496 110496
112014 112014
115331 115331
113623 113623
112424 112424
112690 112690
109402 109402
109766 109766
108637 108637
113063 113063
107713 107713
106260 106260
108957 108957
107142 107142
108377 108377
108805 108805
113663 113663
113805 113805
111817 111817
113759 113759
113785 113785
108657 108657
104331 104331
105113 105113
111183 111183
110835 110835
110621 110621
114889 114889
113776 113776
113284 113284
113739 113739
111252 111252
109845 109845
107685 107685
109430 109430
109361 109361
110484 110484
114673 114673
109784 109784
108779 108779
113159 113159
112576 112576
107957 107957
109973 109973
110618 110618
111658 111658
109710 109710
109577 109577
108743 108743
110407 110407
105413 105413
110070 110070
113814 113814
106646 106646
109681 109681
106734 106734
111556 111556
104856 104856
96925 96925
103718 103718
107610 107610
106820 106820
109351 109351
108228 108228
108747 108747
110526 110526
107596 107596
108585 108585
112226 112226
111636 111636
117707 117707
115302 115302
115549 115549
116652 116652
119217 119217
115507 115507
118572 118572
117973 117973
118332 118332
118893 118893
114910 114910
115206 115206
112790 112790
0 162960
160435 160435
0 158358
0 151811
0 149930
141841 141841
138957 138957
133805 133805
124839 124839
122397 122397
123416 123416
126796 126796
122244 122244
120940 120940
123721 123721
122241 122241
118615 118615
115532 115532
118595 118595
115870 115870
118299 118299
116521 116521
118350 118350
120664 120664
118875 118875
118940 118940
117509 117509
116798 116798
116478 116478
118727 118727
121017 121017
117424 117424
116603 116603
116141 116141
116396 116396
111542 111542
106279 106279
111998 111998
111471 111471
117504 117504
114746 114746
114699 114699
116981 116981
114347 114347
115166 115166
115201 115201
114705 114705
109200 109200
106348 106348
112807 112807
110667 110667
114557 114557
111682 111682
104415 104415
108533 108533
107257 107257
107309 107309
112361 112361
108139 108139
109200 109200
111415 111415
109589 109589
114646 114646
112058 112058
112758 112758
113785 113785
112626 112626
113437 113437
115199 115199
110338 110338
109852 109852
112496 112496
114647 114647
113154 113154
110839 110839
109330 109330
115369 115369
113631 113631
117530 117530
120311 120311
116058 116058
114358 114358
114956 114956
113231 113231
107112 107112
110100 110100
108655 108655
105132 105132
111890 111890
108666 108666
112937 112937
109203 109203
110446 110446
111864 111864
109464 109464
112010 112010
113173 113173
115565 115565
111389 111389
108173 108173
108832 108832
112392 112392
111923 111923
109297 109297
109418 109418
107594 107594
112870 112870
113290 113290
114242 114242
109788 109788
115053 115053
113315 113315
112591 112591
112748 112748
117225 117225
112187 112187
112338 112338
114113 114113
116479 116479
112856 112856
113067 113067
112278 112278
111583 111583
110411 110411
112055 112055
112561 112561
109868 109868
114409 114409
114464 114464
116913 116913
120296 120296
117208 117208
122095 122095
119520 119520
116481 116481
120722 120722
120544 120544
116822 116822
115901 115901
109958 109958
112610 112610
112596 112596
110365 110365
113330 113330
109289 109289
105913 105913
103929 103929
107646 107646
111161 111161
109551 109551
107915 107915
113670 113670
113882 113882
113497 113497
114488 114488
108635 108635
108937 108937
113173 113173
113703 113703
112917 112917
115070 115070
118722 118722
115768 115768
116354 116354
113998 113998
116532 116532
115219 115219
113409 113409
114173 114173
115585 115585
114140 114140
116167 116167
113555 113555
106285 106285
105807 105807
111013 111013
112322 112322
116806 116806
115108 115108
115934 115934
116879 116879
117301 117301
116962 116962
120130 120130
118896 118896
116189 116189
112564 112564
112707 112707
116340 116340
113855 113855
115296 115296
110230 110230
112509 112509
109574 109574
110444 110444
111259 111259
113598 113598
113071 113071
116150 116150
114865 114865
117222 117222
117279 117279
115011 115011
113999 113999
114797 114797
113772 113772
114142 114142
114880 114880
116777 116777
114969 114969
111080 111080
111424 111424
111363 111363
112618 112618
115430 115430
113214 113214
111989 111989
113685 113685
113573 113573
115335 115335
116551 116551
114961 114961
113886 113886
113846 113846
114603 114603
113316 113316
115801 115801
116961 116961
118917 118917
116609 116609
112159 112159
110105 110105
103380 103380
102097 102097
102867 102867
104949 104949
108748 108748
106917 106917
105683 105683
111568 111568
109047 109047
106998 106998
105892 105892
106939 106939
107450 107450
114523 114523
112409 112409
110279 110279
112098 112098
113604 113604
113294 113294
115938 115938
115193 115193
114294 114294
111908 111908
110471 110471
111742 111742
108512 108512
110790 110790
110850 110850
106697 106697
102726 102726
106354 106354
106494 106494
107081 107081
110776 110776
113012 113012
112043 112043
113793 113793
111684 111684
111986 111986
112255 112255
112850 112850
108724 108724
110162 110162
107058 107058
109466 109466
105327 105327
109128 109128
106296 106296
105027 105027
101713 101713
106205 106205
106966 106966
107286 107286
109954 109954
108409 108409
108325 108325
105072 105072
102939 102939
101737 101737
102403 102403
103193 103193
101712 101712
104762 104762
108966 108966
107230 107230
104507 104507
107112 107112
108728 108728
110551 110551
113500 113500
112502 112502
115403 115403
116850 116850
113705 113705
117594 117594
118095 118095
113564 113564
117443 117443
115482 115482
114024 114024
114123 114123
113903 113903
114591 114591
112336 112336
117395 117395
117559 117559
114314 114314
117555 117555
112768 112768
115269 115269
114832 114832
112254 112254
110328 110328
109851 109851
112501 112501
110095 110095
107606 107606
115683 115683
109640 109640
110301 110301
111222 111222
112221 112221
108426 108426
105456 105456
105555 105555
111123 111123
109453 109453
110255 110255
109804 109804
107983 107983
107149 107149
111463 111463
110456 110456
117214 117214
111824 111824
112666 112666
111418 111418
114181 114181
116476 116476
113803 113803
117592 117592
112389 112389
104987 104987
106253 106253
105519 105519
108857 108857
107037 107037
112469 112469
110985 110985
111068 111068
113029 113029
110098 110098
100645 100645
105656 105656
105400 105400
110521 110521
116061 116061
114699 114699
114176 114176
115049 115049
119449 119449
118094 118094
115000 115000
113822 113822
110409 110409
111256 111256
111385 111385
110501 110501
111757 111757
114392 114392
111987 111987
111509 111509
112022 112022
111972 111972
107808 107808
111560 111560
111863 111863
110378 110378
112280 112280
111429 111429
110592 110592
118598 118598
114143 114143
110827 110827
111640 111640
114145 114145
114435 114435
115516 115516
114600 114600
117037 117037
114364 114364
114043 114043
110961 110961
113636 113636
115121 115121
118352 118352
111456 111456
114009 114009
112492 112492
109521 109521
109461 109461
115698 115698
115871 115871
115055 115055
116926 116926
118069 118069
114100 114100
114933 114933
113272 113272
112638 112638
114483 114483
112592 112592
112205 112205
111291 111291
117251 117251
116046 116046
115741 115741
112454 112454
110210 110210
112235 112235
115976 115976
115959 115959
116096 116096
110858 110858
113668 113668
110392 110392
114883 114883
111585 111585
109944 109944
109625 109625
108380 108380
108262 108262
104384 104384
103490 103490
109499 109499
113296 113296
116989 116989
118197 118197
111406 111406
112843 112843
111337 111337
113499 113499
116535 116535
112236 112236
112122 112122
112330 112330
108520 108520
111878 111878
114013 114013
115396 115396
116896 116896
112525 112525
111205 111205
107297 107297
107524 107524
107726 107726
108731 108731
111625 111625
109656 109656
112219 112219
114395 114395
114564 114564
112729 112729
111418 111418
107808 107808
110616 110616
109411 109411
112229 112229
113009 113009
114297 114297
117486 117486
117570 117570
117907 117907
118853 118853
116717 116717
114190 114190
113602 113602
113927 113927
111534 111534
113814 113814
113346 113346
119767 119767
116566 116566
117155 117155
115154 115154
114406 114406
110503 110503
112025 112025
111393 111393
112309 112309
120185 120185
119621 119621
117369 117369
116514 116514
115702 115702
113067 113067
110253 110253
112108 112108
115445 115445
118594 118594
114778 114778
113466 113466
111329 111329
110787 110787
109166 109166
110258 110258
109586 109586
109543 109543
108286 108286
109932 109932
105500 105500
107799 107799
108733 108733
112630 112630
110284 110284
109418 109418
107759 107759
103606 103606
102142 102142
106037 106037
108487 108487
111212 111212
113016 113016
115146 115146
118204 118204
116469 116469
112575 112575
109698 109698
110560 110560
109486 109486
109477 109477
108743 108743
111053 111053
109957 109957
111795 111795
115459 115459
114874 114874
111471 111471
106825 106825
104940 104940
108290 108290
110075 110075
113848 113848
115852 115852
114184 114184
116663 116663
119338 119338
118669 118669
122267 122267
115831 115831
113188 113188
113664 113664
112975 112975
109778 109778
113868 113868
108233 108233
111671 111671
113851 113851
113254 113254
112004 112004
110551 110551
109065 109065
110339 110339
107190 107190
110051 110051
112539 112539
115940 115940
112947 112947
114572 114572
109749 109749
109837 109837
110982 110982
111258 111258
118582 118582
123158 123158
124033 124033
121085 121085
121332 121332
119938 119938
118367 118367
118638 118638
114021 114021
116853 116853
116617 116617
116932 116932
117460 117460
114106 114106
110107 110107
108568 108568
108241 108241
109186 109186
110314 110314
113201 113201
115297 115297
118055 118055
118343 118343
114584 114584
113089 113089
109307 109307
110671 110671
106529 106529
107147 107147
110074 110074
116642 116642
115459 115459
114550 114550
114742 114742
115180 115180
110466 110466
109195 109195
115129 115129
110129 110129
112802 112802
110224 110224
113068 113068
114129 114129
116005 116005
116314 116314
115161 115161
114384 114384
114588 114588
113669 113669
113759 113759
112848 112848
116399 116399
116545 116545
113456 113456
112368 112368
114690 114690
111661 111661
112712 112712
109530 109530
106370 106370
110390 110390
112745 112745
109594 109594
108868 108868
110965 110965
115129 115129
115333 115333
113012 113012
109663 109663
108305 108305
113299 113299
115593 115593
117259 117259
115259 115259
117177 117177
112570 112570
104815 104815
106247 106247
103210 103210
105765 105765
109187 109187
107976 107976
108471 108471
105217 105217
107476 107476
110929 110929
108823 108823
111005 111005
109295 109295
109366 109366
109961 109961
111183 111183
113892 113892
113959 113959
116271 116271
113399 113399
114065 114065
112890 112890
115781 115781
116847 116847
110946 110946
109865 109865
109824 109824
109590 109590
111756 111756
109797 109797
110939 110939
112633 112633
114483 114483
113855 113855
111740 111740
106693 106693
106362 106362
111554 111554
108689 108689
107437 107437
111133 111133
110280 110280
110747 110747
105316 105316
110541 110541
108706 108706
109995 109995
111473 111473
113220 113220
111257 111257
116198 116198
114386 114386
117795 117795
116150 116150
115489 115489
118231 118231
120553 120553
116912 116912
110674 110674
117091 117091
112117 112117
113777 113777
109290 109290
102454 102454
110436 110436
112912 112912
108714 108714
113631 113631
110519 110519
107892 107892
104887 104887
106358 106358
109976 109976
114115 114115
113380 113380
117256 117256
114441 114441
113373 113373
114935 114935
116413 116413
115074 115074
115269 115269
116428 116428
114537 114537
113452 113452
110820 110820
112753 112753
110979 110979
114921 114921
118887 118887
118668 118668
121021 121021
116461 116461
116472 116472
120516 120516
116462 116462
109942 109942
110274 110274
110961 110961
115125 115125
109381 109381
108234 108234
107578 107578
105752 105752
107484 107484
103625 103625
103942 103942
105396 105396
108416 108416
109321 109321
113105 113105
109745 109745
112781 112781
109488 109488
115506 115506
112964 112964
111558 111558
108905 108905
110188 110188
112839 112839
115204 115204
117613 117613
117488 117488
115875 115875
118268 118268
118251 118251
117882 117882
115826 115826
114407 114407
119181 119181
123598 123598
120866 120866
117216 117216
115705 115705
119888 119888
123976 123976
121898 121898
121181 121181
123623 123623
124343 124343
119016 119016
111810 111810
109308 109308
110304 110304
112393 112393
111125 111125
118381 118381
115794 115794
116066 116066
118225 118225
118628 118628
115798 115798
110902 110902
111293 111293
112074 112074
112151 112151
112654 112654
116150 116150
116991 116991
115837 115837
114435 114435
113793 113793
112001 112001
115921 115921
110705 110705
116395 116395
109695 109695
