202262
163442 163442
164624 164624
165933 165933
167137 167137
169072 169072
169131 169131
169847 169847
171714 171714
172175 172175
174402 174402
174680 174680
175163 175163
175969 175969
176394 176394
177038 177038
177739 177739
178299 178299
179040 179040
180192 180192
180613 180613
182984 182984
186162 186162
186190 186190
186531 186531
186980 186980
187486 187486
187987 187987
188512 188512
189040 189040
189324 189324
189940 189940
191125 191125
191136 191136
191895 191895
192648 192648
193017 193017
193671 193671
193689 193689
194552 194552
195402 195402
195428 195428
195916 195916
196004 196004
196041 196041
196109 196109
196251 196251
196278 196278
196939 196939
196939 196939
197041 197041
197299 197299
197670 197670
198186 198186
198237 198237
198247 198247
198668 198668
198668 198668
198805 198805
198805 198805
198868 198868
198947 198947
199023 199023
199115 199115
199204 199204
199325 199325
199513 199513
199520 199520
199560 199560
199598 199598
199762 199762
199762 199762
199797 199797
199797 199797
199937 199937
199954 199954
200026 200026
200126 200126
200264 200264
200264 200264
200565 200565
200565 200565
200565 200565
200565 200565
200565 200565
200565 200565
200565 200565
200565 200565
200605 200605
200605 200605
200605 200605
200669 200669
200669 200669
200669 200669
200669 200669
200799 200799
200799 200799
200799 200799
200799 200799
200799 200799
200799 200799
200799 200799
200799 200799
200799 200799
200799 200799
200799 200799
200799 200799
200799 200799
200799 200799
200799 200799
200799 200799
200799 200799
200799 200799
200799 200799
200799 200799
200799 200799
200799 200799
200799 200799
200799 200799
200799 200799
200799 200799
200799 200799
200799 200799
200799 200799
200799 200799
200799 200799
200799 200799
200799 200799
200799 200799
200838 200838
200871 200871
200871 200871
200893 200893
200916 200916
200987 200987
201090 201090
201266 201266
201266 201266
201266 201266
201266 201266
201266 201266
201266 201266
201266 201266
201266 201266
201266 201266
201266 201266
201381 201381
201381 201381
201381 201381
201381 201381
201404 201404
201404 201404
201404 201404
201404 201404
201404 201404
201404 201404
201404 201404
201407 201407
201407 201407
201407 201407
201407 201407
201407 201407
201439 201439
201464 201464
201493 201493
201518 201518
201518 201518
201518 201518
201578 201578
201578 201578
201581 201581
201581 201581
201581 201581
201726 201726
201726 201726
201726 201726
201726 201726
201726 201726
201726 201726
201726 201726
201727 201727
201758 201758
201758 201758
201758 201758
201758 201758
201810 201810
201810 201810
201810 201810
201810 201810
201810 201810
201810 201810
201810 201810
201810 201810
201810 201810
201810 201810
201810 201810
201810 201810
201810 201810
201810 201810
201810 201810
201810 201810
201810 201810
201810 201810
201810 201810
201810 201810
201810 201810
201810 201810
201810 201810
201810 201810
201810 201810
201810 201810
201810 201810
201810 201810
201810 201810
201810 201810
201810 201810
201810 201810
201810 201810
201810 201810
201810 201810
201810 201810
201810 201810
201810 201810
201810 201810
201810 201810
201810 201810
201810 201810
201810 201810
201810 201810
201810 201810
201810 201810
201810 201810
201810 201810
201810 201810
201810 201810
201810 201810
201810 201810
201810 201810
201810 201810
201810 201810
201810 201810
201810 201810
201810 201810
201810 201810
201810 201810
201810 201810
201810 201810
201810 201810
201810 201810
201810 201810
201810 201810
201810 201810
201810 201810
201900 201900
201900 201900
201900 201900
201900 201900
201900 201900
201900 201900
201900 201900
201900 201900
201900 201900
201900 201900
201900 201900
201900 201900
201900 201900
201900 201900
201900 201900
201914 201914
201963 201963
202008 202008
202021 202021
202021 202021
202021 202021
202021 202021
202057 202057
202057 202057
202057 202057
202057 202057
202057 202057
202057 202057
202057 202057
202057 202057
202057 202057
202057 202057
202057 202057
202057 202057
202057 202057
202084 202084
202084 202084
202084 202084
202084 202084
202084 202084
202084 202084
202084 202084
202084 202084
202084 202084
202084 202084
202084 202084
202084 202084
202084 202084
202084 202084
202084 202084
202084 202084
202084 202084
202084 202084
202084 202084
202084 202084
202084 202084
202084 202084
202084 202084
202084 202084
202084 202084
202084 202084
202084 202084
202084 202084
202084 202084
202084 202084
202084 202084
202084 202084
202084 202084
202084 202084
202084 202084
202084 202084
202084 202084
202084 202084
202084 202084
202084 202084
202084 202084
202084 202084
202084 202084
202084 202084
202084 202084
202084 202084
202084 202084
202084 202084
202084 202084
202110 202110
202110 202110
202121 202121
202121 202121
202121 202121
202121 202121
202121 202121
202121 202121
202121 202121
202122 202122
202122 202122
202123 202123
202140 202140
202140 202140
202140 202140
202140 202140
202140 202140
202140 202140
202140 202140
202140 202140
202140 202140
202140 202140
202140 202140
202179 202179
202179 202179
202179 202179
202179 202179
202179 202179
202179 202179
202179 202179
202179 202179
202215 202215
202215 202215
202215 202215
202261 202261
202261 202261
202261 202261
202261 202261
202261 202261
202261 202261
202261 202261
202262 202262
202262 202262
202262 202262
202262 202262
202262 202262
202262 202262
202262 202262
202262 202262
202262 202262
202262 202262
202262 202262
202262 202262
202262 202262
202262 202262
202262 202262
202262 202262
202262 202262
202262 202262
202262 202262
202262 202262
202262 202262
202262 202262
202262 202262
202262 202262
202262 202262
202262 202262
202262 202262
202262 202262
202262 202262
202262 202262
202262 202262
202262 202262
202262 202262
202262 202262
202262 202262
202262 202262
202262 202262
202262 202262
202262 202262
202262 202262
202262 202262
202262 202262
202262 202262
202262 202262
202262 202262
202262 202262
202262 202262
202262 202262
202262 202262
202262 202262
202262 202262
202262 202262
202262 202262
202262 202262
202262 202262
202262 202262
202262 202262
202262 202262
202262 202262
202262 202262
202262 202262
202262 202262
202262 202262
202262 202262
202262 202262
202262 202262
202262 202262
202262 202262
202262 202262
202262 202262
202262 202262
202262 202262
202262 202262
202262 202262
202262 202262
202262 202262
202262 202262
202262 202262
202262 202262
202262 202262
202262 202262
202262 202262
202262 202262
202262 202262
202262 202262
202262 202262
