153831
0 145590
0 146831
143566 143566
139978 139978
134599 134599
136993 136993
137083 137083
134851 134851
134128 134128
133231 133231
141788 141788
140853 140853
136011 136011
136554 136554
135897 135897
139366 139366
141615 141615
142172 142172
138979 138979
140128 140128
143825 143825
141293 141293
136206 136206
130858 130858
136360 136360
139347 139347
133021 133021
138194 138194
134967 134967
135629 135629
137509 137509
138754 138754
137092 137092
138488 138488
137305 137305
134084 134084
131842 131842
135558 135558
137265 137265
134806 134806
135462 135462
138517 138517
137093 137093
140606 140606
140073 140073
140503 140503
141809 141809
136506 136506
136010 136010
134697 134697
132029 132029
135768 135768
139315 139315
134351 134351
132716 132716
129821 129821
130379 130379
127150 127150
126882 126882
130189 130189
127231 127231
130100 130100
133352 133352
134220 134220
128349 128349
130346 130346
128610 128610
131375 131375
131647 131647
133897 133897
138262 138262
143055 143055
144201 144201
144528 144528
139298 139298
133980 133980
128514 128514
125074 125074
128337 128337
127066 127066
133356 133356
132490 132490
132235 132235
130014 130014
129086 129086
129865 129865
131217 131217
133140 133140
136354 136354
139344 139344
136157 136157
135404 135404
134829 134829
132765 132765
132999 132999
135160 135160
131938 131938
133108 133108
134277 134277
133458 133458
131068 131068
133435 133435
128962 128962
127856 127856
122678 122678
126028 126028
128411 128411
129358 129358
126787 126787
132953 132953
134831 134831
136783 136783
138456 138456
139598 139598
136343 136343
138705 138705
138452 138452
136789 136789
135154 135154
130971 130971
133377 133377
132031 132031
133013 133013
129231 129231
128423 128423
127228 127228
127076 127076
131505 131505
139936 139936
141273 141273
139573 139573
141592 141592
136453 136453
135847 135847
138062 138062
134179 134179
136157 136157
137135 137135
144216 144216
143156 143156
141497 141497
141441 141441
141897 141897
136102 136102
135031 135031
131673 131673
132595 132595
133791 133791
132378 132378
132710 132710
130464 130464
128712 128712
132302 132302
128956 128956
127556 127556
129909 129909
131346 131346
130646 130646
134387 134387
135166 135166
133827 133827
141635 141635
141385 141385
137120 137120
131075 131075
132841 132841
134133 134133
133934 133934
133630 133630
133165 133165
138365 138365
136206 136206
136513 136513
137036 137036
134447 134447
133048 133048
132503 132503
134773 134773
138055 138055
135282 135282
137211 137211
136450 136450
140737 140737
138495 138495
136007 136007
136015 136015
128247 128247
127649 127649
137433 137433
133077 133077
135873 135873
135361 135361
132045 132045
132273 132273
132023 132023
131837 131837
132879 132879
131669 131669
134136 134136
135937 135937
133782 133782
133604 133604
133234 133234
133495 133495
133496 133496
130135 130135
133043 133043
131317 131317
128006 128006
128584 128584
129391 129391
135903 135903
134427 134427
133826 133826
139402 139402
140017 140017
140976 140976
136030 136030
129720 129720
127659 127659
130491 130491
132922 132922
137025 137025
133484 133484
131466 131466
129174 129174
131288 131288
133813 133813
127006 127006
128609 128609
131694 131694
132887 132887
134524 134524
134177 134177
139585 139585
140255 140255
141405 141405
141777 141777
138750 138750
133641 133641
134534 134534
135358 135358
133566 133566
134149 134149
134647 134647
134101 134101
136257 136257
134887 134887
128950 128950
130456 130456
131664 131664
133336 133336
130129 130129
130558 130558
130771 130771
132422 132422
134819 134819
134322 134322
131673 131673
133762 133762
135005 135005
134962 134962
136361 136361
141656 141656
141241 141241
138096 138096
137823 137823
140706 140706
142835 142835
141631 141631
142029 142029
138844 138844
137851 137851
137153 137153
134593 134593
132832 132832
130398 130398
132895 132895
133680 133680
134984 134984
135879 135879
132967 132967
133824 133824
129515 129515
130521 130521
130629 130629
137216 137216
138735 138735
139208 139208
137752 137752
138474 138474
134866 134866
126397 126397
130685 130685
132671 132671
132095 132095
132165 132165
136928 136928
139548 139548
134397 134397
132032 132032
137806 137806
137828 137828
133629 133629
131007 131007
135854 135854
134291 134291
136799 136799
139883 139883
141025 141025
140630 140630
141009 141009
138451 138451
136158 136158
133655 133655
131441 131441
131747 131747
133414 133414
129749 129749
134325 134325
131690 131690
136758 136758
132424 132424
132360 132360
130786 130786
129298 129298
133041 133041
136049 136049
134965 134965
135886 135886
133936 133936
132634 132634
134234 134234
135177 135177
136997 136997
129463 129463
129090 129090
132897 132897
130176 130176
133392 133392
133764 133764
129618 129618
126916 126916
124230 124230
125451 125451
127338 127338
130435 130435
128194 128194
129984 129984
131000 131000
131864 131864
133248 133248
131921 131921
127629 127629
129480 129480
133351 133351
136015 136015
137252 137252
138223 138223
136270 136270
136911 136911
137635 137635
137656 137656
137696 137696
134949 134949
133329 133329
133559 133559
125237 125237
127945 127945
127721 127721
130365 130365
132388 132388
133445 133445
133976 133976
132140 132140
128202 128202
131615 131615
132188 132188
131258 131258
134007 134007
130615 130615
133705 133705
130120 130120
131212 131212
130085 130085
129212 129212
127470 127470
130840 130840
132264 132264
130301 130301
131745 131745
130574 130574
129189 129189
129183 129183
128293 128293
131519 131519
134641 134641
136051 136051
134945 134945
135698 135698
134481 134481
130382 130382
132634 132634
133175 133175
133796 133796
136377 136377
139034 139034
137581 137581
137124 137124
133556 133556
131963 131963
133119 133119
131533 131533
132325 132325
132782 132782
132831 132831
131947 131947
133091 133091
127568 127568
128400 128400
131185 131185
128321 128321
131312 131312
136387 136387
137552 137552
131764 131764
134279 134279
132673 132673
127757 127757
128650 128650
128557 128557
133188 133188
129424 129424
129785 129785
132724 132724
136572 136572
130789 130789
134043 134043
131907 131907
135414 135414
140063 140063
132129 132129
133088 133088
134406 134406
138524 138524
137505 137505
138552 138552
137073 137073
134955 134955
136382 136382
133833 133833
130818 130818
131147 131147
131088 131088
128999 128999
130263 130263
129241 129241
131990 131990
131056 131056
133110 133110
137552 137552
139555 139555
139537 139537
134994 134994
140744 140744
136669 136669
137884 137884
134188 134188
134429 134429
129323 129323
131612 131612
129412 129412
135107 135107
129325 129325
128812 128812
128822 128822
131809 131809
131004 131004
134620 134620
135901 135901
139489 139489
137626 137626
138542 138542
133659 133659
131696 131696
136144 136144
137640 137640
134350 134350
132961 132961
130554 130554
129263 129263
127284 127284
124399 124399
124255 124255
124478 124478
123370 123370
132935 132935
129161 129161
132951 132951
136102 136102
134861 134861
136425 136425
135282 135282
132372 132372
136133 136133
135941 135941
131112 131112
131844 131844
134829 134829
133799 133799
128561 128561
130263 130263
130465 130465
130112 130112
131641 131641
138673 138673
138136 138136
139887 139887
139486 139486
129588 129588
128190 128190
124287 124287
124010 124010
128108 128108
133208 133208
131305 131305
132622 132622
129618 129618
131412 131412
131830 131830
131300 131300
129513 129513
125502 125502
124093 124093
132005 132005
129880 129880
136136 136136
136139 136139
134362 134362
129303 129303
128043 128043
125289 125289
127558 127558
128836 128836
133115 133115
135523 135523
135804 135804
134607 134607
133948 133948
128154 128154
131290 131290
131005 131005
126292 126292
125598 125598
127603 127603
127559 127559
125758 125758
127259 127259
125078 125078
133913 133913
133379 133379
137292 137292
137657 137657
137100 137100
132951 132951
129267 129267
130359 130359
137775 137775
129230 129230
127147 127147
127481 127481
132235 132235
134030 134030
133560 133560
131568 131568
130660 130660
131624 131624
135055 135055
140703 140703
137414 137414
136745 136745
139105 139105
141249 141249
138630 138630
140677 140677
140740 140740
140278 140278
137956 137956
140654 140654
138955 138955
139056 139056
140080 140080
139499 139499
141823 141823
140490 140490
139454 139454
136967 136967
137966 137966
139916 139916
134429 134429
133014 133014
134638 134638
130960 130960
130296 130296
130945 130945
132779 132779
132656 132656
125591 125591
129981 129981
135268 135268
137359 137359
133220 133220
138052 138052
139464 139464
136732 136732
133360 133360
125528 125528
127854 127854
124027 124027
124615 124615
126701 126701
129658 129658
135235 135235
134974 134974
133676 133676
135779 135779
134762 134762
133331 133331
132224 132224
130022 130022
131304 131304
130819 130819
129609 129609
127301 127301
126212 126212
128313 128313
124338 124338
129537 129537
129597 129597
125840 125840
130018 130018
126612 126612
129283 129283
134420 134420
130966 130966
135554 135554
136575 136575
131353 131353
135473 135473
140075 140075
136080 136080
132992 132992
132481 132481
135651 135651
131501 131501
129007 129007
130991 130991
129769 129769
123299 123299
124994 124994
127513 127513
131042 131042
130755 130755
130235 130235
130913 130913
130668 130668
132105 132105
135588 135588
130553 130553
130514 130514
127773 127773
131530 131530
133863 133863
137413 137413
133610 133610
133209 133209
132439 132439
132446 132446
133626 133626
134528 134528
131191 131191
130075 130075
129361 129361
128266 128266
131674 131674
131400 131400
130069 130069
128893 128893
129583 129583
130995 130995
132156 132156
135822 135822
135048 135048
132786 132786
130459 130459
130242 130242
129503 129503
131586 131586
124641 124641
129395 129395
129562 129562
125989 125989
128974 128974
126829 126829
125579 125579
124234 124234
126508 126508
129836 129836
127645 127645
131144 131144
133892 133892
134807 134807
132297 132297
136813 136813
133954 133954
138957 138957
133881 133881
132437 132437
130317 130317
128542 128542
129969 129969
134309 134309
136435 136435
133931 133931
133243 133243
130154 130154
130917 130917
126653 126653
129215 129215
135552 135552
138568 138568
139801 139801
140856 140856
138889 138889
134693 134693
133093 133093
134407 134407
138945 138945
141460 141460
131454 131454
133109 133109
134124 134124
130319 130319
130209 130209
130685 130685
136067 136067
137361 137361
135220 135220
136078 136078
133521 133521
134202 134202
132384 132384
129188 129188
135507 135507
137523 137523
139257 139257
144649 144649
137381 137381
139414 139414
137472 137472
138156 138156
136297 136297
135106 135106
134713 134713
138891 138891
134278 134278
135723 135723
138567 138567
135815 135815
135665 135665
136803 136803
132033 132033
136700 136700
138436 138436
134879 134879
135372 135372
140262 140262
142280 142280
141305 141305
138315 138315
140245 140245
139171 139171
139123 139123
138674 138674
137742 137742
135567 135567
133772 133772
133320 133320
134687 134687
136607 136607
132857 132857
131474 131474
129167 129167
130735 130735
133497 133497
130679 130679
132906 132906
128997 128997
127135 127135
131456 131456
133031 133031
134464 134464
135356 135356
134968 134968
137753 137753
133960 133960
130737 130737
135317 135317
136795 136795
135782 135782
131871 131871
132854 132854
131749 131749
130178 130178
128912 128912
130443 130443
127230 127230
133100 133100
130548 130548
132801 132801
136336 136336
135217 135217
133932 133932
134125 134125
133151 133151
134464 134464
136213 136213
132223 132223
132939 132939
135768 135768
132632 132632
132843 132843
134142 134142
135811 135811
132148 132148
137630 137630
140076 140076
138897 138897
139486 139486
137346 137346
133062 133062
137103 137103
135030 135030
129460 129460
134492 134492
135588 135588
131444 131444
132547 132547
129205 129205
128206 128206
131372 131372
129823 129823
128303 128303
126114 126114
124798 124798
127242 127242
125310 125310
129101 129101
133606 133606
137328 137328
137766 137766
138041 138041
137588 137588
138612 138612
134034 134034
137014 137014
134625 134625
134122 134122
134924 134924
132721 132721
132592 132592
139032 139032
135981 135981
139118 139118
138335 138335
132785 132785
133592 133592
134165 134165
131936 131936
130545 130545
131740 131740
135451 135451
136358 136358
136519 136519
135126 135126
128626 128626
129160 129160
127345 127345
128537 128537
123192 123192
127062 127062
130362 130362
130894 130894
129627 129627
133169 133169
128439 128439
130496 130496
130687 130687
131726 131726
131988 131988
128580 128580
126608 126608
129027 129027
130475 130475
129581 129581
126529 126529
129577 129577
129825 129825
134581 134581
131886 131886
136892 136892
136513 136513
135771 135771
135727 135727
133620 133620
130940 130940
133216 133216
128994 128994
128874 128874
130174 130174
133893 133893
135848 135848
135436 135436
135377 135377
134833 134833
134996 134996
136421 136421
138259 138259
136304 136304
136619 136619
136263 136263
137506 137506
134872 134872
133016 133016
134959 134959
134276 134276
135232 135232
132165 132165
131683 131683
131049 131049
131298 131298
130308 130308
130094 130094
128971 128971
131428 131428
133198 133198
132369 132369
129989 129989
130639 130639
127836 127836
124976 124976
131471 131471
133161 133161
132182 132182
132888 132888
138194 138194
135443 135443
135065 135065
131053 131053
128108 128108
128700 128700
127197 127197
131575 131575
132260 132260
135512 135512
132497 132497
136354 136354
138230 138230
140508 140508
136939 136939
136824 136824
131711 131711
132497 132497
132522 132522
133670 133670
133893 133893
135511 135511
128219 128219
127593 127593
129897 129897
127747 127747
133093 133093
134016 134016
131780 131780
130129 130129
129301 129301
133384 133384
135120 135120
135656 135656
136104 136104
131841 131841
133001 133001
135791 135791
133097 133097
133871 133871
136576 136576
138836 138836
136131 136131
136694 136694
153831 153831
148660 148660
151333 151333
147713 147713
153255 153255
148578 148578
0 146842
0 142485
144964 144964
142305 142305
143866 143866
146017 146017
142518 142518
135689 135689
137244 137244
135949 135949
133494 133494
135019 135019
137502 137502
143124 143124
145633 145633
142821 142821
138991 138991
135025 135025
134911 134911
132798 132798
133923 133923
134855 134855
127760 127760
131396 131396
132361 132361
126840 126840
126572 126572
129077 129077
130710 130710
126952 126952
130360 130360
136631 136631
135965 135965
134489 134489
136422 136422
140065 140065
137360 137360
139347 139347
136451 136451
134081 134081
135739 135739
136605 136605
134732 134732
132979 132979
132752 132752
131363 131363
134545 134545
132657 132657
131058 131058
135982 135982
138662 138662
137290 137290
133897 133897
135027 135027
133064 133064
131778 131778
133765 133765
135170 135170
135803 135803
137259 137259
141264 141264
141496 141496
140974 140974
143897 143897
144140 144140
139167 139167
137556 137556
137373 137373
132327 132327
132802 132802
136779 136779
140743 140743
132897 132897
137689 137689
132851 132851
136425 136425
139207 139207
136638 136638
134579 134579
135476 135476
135702 135702
133006 133006
134155 134155
137960 137960
138343 138343
139395 139395
139778 139778
138207 138207
137834 137834
138768 138768
137768 137768
138463 138463
137156 137156
135285 135285
135252 135252
136685 136685
134380 134380
135470 135470
133229 133229
131530 131530
130459 130459
127916 127916
127557 127557
129922 129922
133168 133168
134363 134363
133836 133836
135204 135204
134709 134709
139791 139791
141670 141670
138157 138157
137575 137575
137923 137923
136064 136064
141181 141181
138400 138400
137900 137900
134738 134738
131150 131150
136616 136616
134465 134465
132428 132428
132284 132284
133746 133746
137964 137964
137097 137097
134886 134886
132494 132494
128656 128656
129437 129437
133175 133175
131808 131808
132304 132304
129139 129139
134270 134270
133589 133589
132616 132616
136386 136386
136052 136052
134283 134283
132140 132140
127210 127210
136640 136640
132365 132365
135178 135178
132077 132077
132312 132312
132465 132465
128886 128886
131158 131158
134038 134038
129554 129554
129586 129586
133457 133457
129448 129448
130345 130345
130657 130657
130421 130421
130953 130953
133278 133278
133679 133679
132321 132321
133331 133331
136745 136745
138658 138658
136473 136473
136743 136743
136815 136815
