242681
164699 164699
167833 167833
174705 174705
176051 176051
177816 177816
181711 181711
186757 186757
186976 186976
187740 187740
189138 189138
189549 189549
193157 193157
199784 199784
200750 200750
202266 202266
205657 205657
207069 207069
209632 209632
211586 211586
212280 212280
212556 212556
213452 213452
213510 213510
215111 215111
215588 215588
218514 218514
219330 219330
219823 219823
220705 220705
225741 225741
227319 227319
227319 227319
227640 227640
227876 227876
228365 228365
228456 228456
229692 229692
229865 229865
230089 230089
231302 231302
231438 231438
232296 232296
233013 233013
233611 233611
233633 233633
233700 233700
234558 234558
235033 235033
235187 235187
235262 235262
235837 235837
235874 235874
236025 236025
236198 236198
237017 237017
237017 237017
237135 237135
237290 237290
237441 237441
237441 237441
237715 237715
238091 238091
238288 238288
238318 238318
238612 238612
238866 238866
238873 238873
239452 239452
239452 239452
239452 239452
239452 239452
239502 239502
239693 239693
239693 239693
239805 239805
239805 239805
240301 240301
240301 240301
240301 240301
240328 240328
240388 240388
240569 240569
240584 240584
240584 240584
240593 240593
240593 240593
240593 240593
240652 240652
240733 240733
240929 240929
240929 240929
241009 241009
241067 241067
241067 241067
241379 241379
241379 241379
241379 241379
241379 241379
241379 241379
241381 241381
241433 241433
241465 241465
241638 241638
241638 241638
241683 241683
241683 241683
241683 241683
241741 241741
241741 241741
241741 241741
241741 241741
241741 241741
241758 241758
241761 241761
241761 241761
241780 241780
241803 241803
241833 241833
241845 241845
242085 242085
242085 242085
242085 242085
242085 242085
242085 242085
242085 242085
242095 242095
242140 242140
242140 242140
242140 242140
242140 242140
242140 242140
242140 242140
242143 242143
242144 242144
242184 242184
242184 242184
242184 242184
242184 242184
242269 242269
242269 242269
242269 242269
242269 242269
242269 242269
242269 242269
242270 242270
242283 242283
242283 242283
242342 242342
242342 242342
242342 242342
242342 242342
242342 242342
242342 242342
242342 242342
242385 242385
242385 242385
242385 242385
242385 242385
242385 242385
242392 242392
242392 242392
242392 242392
242392 242392
242392 242392
242392 242392
242392 242392
242392 242392
242392 242392
242392 242392
242392 242392
242392 242392
242392 242392
242392 242392
242392 242392
242392 242392
242434 242434
242434 242434
242434 242434
242434 242434
242434 242434
242459 242459
242471 242471
242471 242471
242471 242471
242471 242471
242471 242471
242471 242471
242471 242471
242471 242471
242471 242471
242471 242471
242471 242471
242471 242471
242471 242471
242471 242471
242471 242471
242471 242471
242471 242471
242471 242471
242471 242471
242471 242471
242471 242471
242471 242471
242471 242471
242471 242471
242471 242471
242471 242471
242471 242471
242471 242471
242471 242471
242471 242471
242471 242471
242471 242471
242482 242482
242482 242482
242488 242488
242488 242488
242491 242491
242491 242491
242491 242491
242491 242491
242491 242491
242491 242491
242491 242491
242491 242491
242491 242491
242491 242491
242491 242491
242491 242491
242491 242491
242491 242491
242491 242491
242491 242491
242491 242491
242491 242491
242491 242491
242491 242491
242491 242491
242491 242491
242491 242491
242491 242491
242491 242491
242491 242491
242491 242491
242517 242517
242517 242517
242517 242517
242517 242517
242517 242517
242517 242517
242517 242517
242517 242517
242517 242517
242517 242517
242517 242517
242517 242517
242517 242517
242517 242517
242517 242517
242517 242517
242517 242517
242517 242517
242517 242517
242517 242517
242517 242517
242517 242517
242517 242517
242517 242517
242517 242517
242517 242517
242517 242517
242517 242517
242517 242517
242517 242517
242517 242517
242538 242538
242538 242538
242538 242538
242538 242538
242538 242538
242538 242538
242538 242538
242538 242538
242538 242538
242538 242538
242538 242538
242600 242600
242600 242600
242600 242600
242600 242600
242600 242600
242600 242600
242600 242600
242600 242600
242600 242600
242600 242600
242600 242600
242600 242600
242600 242600
242600 242600
242600 242600
242600 242600
242600 242600
242600 242600
242600 242600
242600 242600
242600 242600
242600 242600
242600 242600
242600 242600
242600 242600
242600 242600
242600 242600
242600 242600
242600 242600
242600 242600
242600 242600
242600 242600
242600 242600
242600 242600
242600 242600
242600 242600
242600 242600
242600 242600
242600 242600
242600 242600
242600 242600
242600 242600
242600 242600
242600 242600
242600 242600
242600 242600
242600 242600
242600 242600
242600 242600
242600 242600
242600 242600
242600 242600
242600 242600
242600 242600
242600 242600
242600 242600
242600 242600
242600 242600
242600 242600
242600 242600
242600 242600
242600 242600
242600 242600
242600 242600
242600 242600
242600 242600
242600 242600
242600 242600
242600 242600
242605 242605
242605 242605
242605 242605
242605 242605
242605 242605
242605 242605
242605 242605
242605 242605
242605 242605
242605 242605
242605 242605
242605 242605
242605 242605
242605 242605
242605 242605
242605 242605
242605 242605
242605 242605
242609 242609
242609 242609
242609 242609
242626 242626
242626 242626
242626 242626
242626 242626
242626 242626
242626 242626
242626 242626
242626 242626
242626 242626
242626 242626
242626 242626
242634 242634
242634 242634
242634 242634
242634 242634
242634 242634
242634 242634
242634 242634
242634 242634
242634 242634
242634 242634
242634 242634
242634 242634
242634 242634
242634 242634
242634 242634
242634 242634
242634 242634
242634 242634
242634 242634
242634 242634
242634 242634
242634 242634
242634 242634
242646 242646
242646 242646
242646 242646
242646 242646
242646 242646
242646 242646
242646 242646
242646 242646
242646 242646
242646 242646
242646 242646
242646 242646
242646 242646
242646 242646
242646 242646
242646 242646
242646 242646
242646 242646
242646 242646
242646 242646
242646 242646
242646 242646
242646 242646
242646 242646
242646 242646
242646 242646
242646 242646
242646 242646
242646 242646
242646 242646
242646 242646
242646 242646
242646 242646
242646 242646
242646 242646
242646 242646
242646 242646
242646 242646
242646 242646
242646 242646
242646 242646
242646 242646
242647 242647
242647 242647
242647 242647
242647 242647
242647 242647
242647 242647
242647 242647
242647 242647
242647 242647
242647 242647
242647 242647
242647 242647
242647 242647
242647 242647
242647 242647
242647 242647
242647 242647
242647 242647
242647 242647
242647 242647
242647 242647
242647 242647
242647 242647
242647 242647
242647 242647
242647 242647
242647 242647
242647 242647
242647 242647
242647 242647
242647 242647
242647 242647
242647 242647
242647 242647
242647 242647
242647 242647
242647 242647
242647 242647
242647 242647
242647 242647
242647 242647
242647 242647
242647 242647
242647 242647
242647 242647
242647 242647
242647 242647
242647 242647
242647 242647
242647 242647
242647 242647
242647 242647
242647 242647
242647 242647
242647 242647
242647 242647
242647 242647
242647 242647
242647 242647
242647 242647
242647 242647
242647 242647
242647 242647
242647 242647
242647 242647
242647 242647
242647 242647
242647 242647
242647 242647
242647 242647
242647 242647
242647 242647
242647 242647
242647 242647
242647 242647
242647 242647
242647 242647
242647 242647
242647 242647
242647 242647
242647 242647
242647 242647
242647 242647
242647 242647
242647 242647
242647 242647
242647 242647
242647 242647
242647 242647
242649 242649
242649 242649
242649 242649
242649 242649
242649 242649
242649 242649
242649 242649
242649 242649
242649 242649
242649 242649
242649 242649
242649 242649
242649 242649
242649 242649
242649 242649
242649 242649
242649 242649
242649 242649
242649 242649
242649 242649
242649 242649
242649 242649
242649 242649
242649 242649
242649 242649
242649 242649
242649 242649
242649 242649
242649 242649
242649 242649
242649 242649
242649 242649
242657 242657
242657 242657
242657 242657
242657 242657
242657 242657
242657 242657
242657 242657
242657 242657
242657 242657
242657 242657
242657 242657
242657 242657
242657 242657
242657 242657
242657 242657
242657 242657
242657 242657
242657 242657
242657 242657
242657 242657
242657 242657
242657 242657
242657 242657
242657 242657
242657 242657
242657 242657
242657 242657
242657 242657
242657 242657
242657 242657
242657 242657
242657 242657
242657 242657
242657 242657
242657 242657
242657 242657
242657 242657
242657 242657
242657 242657
242657 242657
242657 242657
242657 242657
242657 242657
242657 242657
242657 242657
242657 242657
242657 242657
242657 242657
242657 242657
242657 242657
242657 242657
242657 242657
242657 242657
242657 242657
242657 242657
242657 242657
242657 242657
242657 242657
242657 242657
242657 242657
242657 242657
242657 242657
242657 242657
242657 242657
242657 242657
242657 242657
242657 242657
242657 242657
242657 242657
242657 242657
242657 242657
242657 242657
242657 242657
242657 242657
242657 242657
242657 242657
242657 242657
242657 242657
242657 242657
242657 242657
242657 242657
242657 242657
242657 242657
242657 242657
242657 242657
242657 242657
242657 242657
242657 242657
242657 242657
242657 242657
242657 242657
242657 242657
242657 242657
242657 242657
242657 242657
242657 242657
242657 242657
242657 242657
242657 242657
242657 242657
242657 242657
242657 242657
242657 242657
242657 242657
242657 242657
242657 242657
242657 242657
242657 242657
242657 242657
242657 242657
242657 242657
242657 242657
242657 242657
242657 242657
242657 242657
242657 242657
242657 242657
242657 242657
242657 242657
242657 242657
242657 242657
242657 242657
242657 242657
242657 242657
242657 242657
242657 242657
242657 242657
242657 242657
242657 242657
242657 242657
242657 242657
242657 242657
242657 242657
242657 242657
242657 242657
242657 242657
242657 242657
242657 242657
242657 242657
242657 242657
242657 242657
242657 242657
242657 242657
242657 242657
242657 242657
242657 242657
242657 242657
242657 242657
242657 242657
242657 242657
242657 242657
242657 242657
242657 242657
242657 242657
242657 242657
242657 242657
242657 242657
242657 242657
242657 242657
242657 242657
242657 242657
242657 242657
242657 242657
242657 242657
242657 242657
242657 242657
242657 242657
242657 242657
242657 242657
242657 242657
242657 242657
242657 242657
242657 242657
242657 242657
242657 242657
242657 242657
242657 242657
242657 242657
242657 242657
242657 242657
242657 242657
242657 242657
242657 242657
242657 242657
242657 242657
242657 242657
242657 242657
242657 242657
242657 242657
242657 242657
242657 242657
242657 242657
242657 242657
242657 242657
242657 242657
242657 242657
242657 242657
242657 242657
242657 242657
242657 242657
242657 242657
242657 242657
242657 242657
242657 242657
242657 242657
242657 242657
242657 242657
242657 242657
242657 242657
242657 242657
242657 242657
242657 242657
242657 242657
242657 242657
242657 242657
242657 242657
242657 242657
242657 242657
242657 242657
242657 242657
242657 242657
242657 242657
242657 242657
242657 242657
242657 242657
242657 242657
242657 242657
242657 242657
242657 242657
242657 242657
242657 242657
242657 242657
242657 242657
242657 242657
242657 242657
242657 242657
242657 242657
242657 242657
242657 242657
242657 242657
242657 242657
242657 242657
242657 242657
242657 242657
242657 242657
242657 242657
242657 242657
242657 242657
242657 242657
242657 242657
242657 242657
242657 242657
242657 242657
242657 242657
242657 242657
242657 242657
242657 242657
242657 242657
242657 242657
242657 242657
242657 242657
242657 242657
242657 242657
242657 242657
242657 242657
242657 242657
242657 242657
242657 242657
242657 242657
242657 242657
242657 242657
242657 242657
242657 242657
242657 242657
242657 242657
242657 242657
242657 242657
242657 242657
242657 242657
242657 242657
242657 242657
242657 242657
242657 242657
242657 242657
242657 242657
242657 242657
242657 242657
242657 242657
242657 242657
242657 242657
242657 242657
242657 242657
242657 242657
242657 242657
242657 242657
242657 242657
242657 242657
242657 242657
242657 242657
242657 242657
242657 242657
242657 242657
242657 242657
242657 242657
242657 242657
242657 242657
242657 242657
242657 242657
242657 242657
242657 242657
242657 242657
242657 242657
242657 242657
242657 242657
242657 242657
242657 242657
242657 242657
242657 242657
242657 242657
242657 242657
242657 242657
242657 242657
242657 242657
242657 242657
242657 242657
242657 242657
242657 242657
242657 242657
242657 242657
242657 242657
242657 242657
242657 242657
242657 242657
242657 242657
242657 242657
242657 242657
242657 242657
242657 242657
242657 242657
242657 242657
242657 242657
242657 242657
242657 242657
242657 242657
242657 242657
242657 242657
242657 242657
242657 242657
242657 242657
242657 242657
242657 242657
242657 242657
242657 242657
242657 242657
242657 242657
242657 242657
242657 242657
242657 242657
242657 242657
242657 242657
242657 242657
242657 242657
242657 242657
242657 242657
242657 242657
242657 242657
242657 242657
242657 242657
242657 242657
242657 242657
242657 242657
242657 242657
242657 242657
242657 242657
242657 242657
242657 242657
242657 242657
242657 242657
242657 242657
242657 242657
242657 242657
242657 242657
242657 242657
242657 242657
242657 242657
242657 242657
242657 242657
242657 242657
242657 242657
242657 242657
242657 242657
242657 242657
242657 242657
242657 242657
242657 242657
242657 242657
242657 242657
242657 242657
242657 242657
242657 242657
242657 242657
242657 242657
242657 242657
242657 242657
242657 242657
242657 242657
242657 242657
242657 242657
242657 242657
242657 242657
242657 242657
242657 242657
242657 242657
242657 242657
242657 242657
242657 242657
242657 242657
242657 242657
242657 242657
242657 242657
242657 242657
242657 242657
242657 242657
242657 242657
242657 242657
242657 242657
242657 242657
242657 242657
242657 242657
242657 242657
242657 242657
242657 242657
242657 242657
242657 242657
242657 242657
242657 242657
242657 242657
242657 242657
242657 242657
242657 242657
242657 242657
242657 242657
242657 242657
242657 242657
242657 242657
242657 242657
242657 242657
242657 242657
242657 242657
242657 242657
242657 242657
242657 242657
242657 242657
242657 242657
242657 242657
242657 242657
242657 242657
242657 242657
242657 242657
242657 242657
242657 242657
242657 242657
242657 242657
242657 242657
242657 242657
242657 242657
242657 242657
242657 242657
242657 242657
242657 242657
242657 242657
242657 242657
242657 242657
242657 242657
242657 242657
242657 242657
242657 242657
242657 242657
242657 242657
242657 242657
242657 242657
242657 242657
242657 242657
242657 242657
242657 242657
242657 242657
242657 242657
242657 242657
242657 242657
242657 242657
242657 242657
242657 242657
242657 242657
242657 242657
242657 242657
242657 242657
242657 242657
242657 242657
242657 242657
242657 242657
242657 242657
242657 242657
242657 242657
242657 242657
242657 242657
242657 242657
242657 242657
242657 242657
242657 242657
242657 242657
242657 242657
242657 242657
242657 242657
242657 242657
242657 242657
242657 242657
242657 242657
242657 242657
242657 242657
242657 242657
242657 242657
242657 242657
242657 242657
242657 242657
242657 242657
242657 242657
242657 242657
242657 242657
242657 242657
242657 242657
242657 242657
242657 242657
242657 242657
242657 242657
242657 242657
242657 242657
242657 242657
242657 242657
242657 242657
242657 242657
242657 242657
242657 242657
242657 242657
242657 242657
242657 242657
242657 242657
242657 242657
242657 242657
242657 242657
242657 242657
242657 242657
242657 242657
242657 242657
242657 242657
242657 242657
242657 242657
242657 242657
242657 242657
242657 242657
242657 242657
242657 242657
242657 242657
242657 242657
242657 242657
242657 242657
242657 242657
242657 242657
242657 242657
242657 242657
242657 242657
242657 242657
242657 242657
242657 242657
242657 242657
242657 242657
242657 242657
242657 242657
242657 242657
242657 242657
242657 242657
242657 242657
242657 242657
242657 242657
242657 242657
242657 242657
242657 242657
242657 242657
242657 242657
242657 242657
242657 242657
242657 242657
242657 242657
242657 242657
242657 242657
242657 242657
242657 242657
242657 242657
242657 242657
242657 242657
242657 242657
242657 242657
242657 242657
242657 242657
242657 242657
242657 242657
242657 242657
242657 242657
242657 242657
242657 242657
242657 242657
242657 242657
242657 242657
242657 242657
242657 242657
242657 242657
242657 242657
242657 242657
242657 242657
242657 242657
242657 242657
242657 242657
242657 242657
242657 242657
242657 242657
242657 242657
242657 242657
242657 242657
242657 242657
242657 242657
242657 242657
242657 242657
242669 242669
242669 242669
242669 242669
242669 242669
242669 242669
242669 242669
242669 242669
242669 242669
242669 242669
242669 242669
242669 242669
242669 242669
242669 242669
242669 242669
242669 242669
242669 242669
242669 242669
242669 242669
242669 242669
242669 242669
242669 242669
242669 242669
242669 242669
242669 242669
242669 242669
242669 242669
242669 242669
242669 242669
242669 242669
242669 242669
242669 242669
242669 242669
242669 242669
242669 242669
242669 242669
242669 242669
242669 242669
242669 242669
242669 242669
242669 242669
242669 242669
242669 242669
242669 242669
242669 242669
242669 242669
242669 242669
242669 242669
242669 242669
242669 242669
242669 242669
242669 242669
242669 242669
242669 242669
242669 242669
242669 242669
242669 242669
242669 242669
242669 242669
242669 242669
242669 242669
242669 242669
242669 242669
242669 242669
242669 242669
242669 242669
242669 242669
242669 242669
242669 242669
242669 242669
242669 242669
242669 242669
242669 242669
242669 242669
242669 242669
242669 242669
242669 242669
242669 242669
242669 242669
242669 242669
242669 242669
242669 242669
242669 242669
242669 242669
242669 242669
242669 242669
242669 242669
242669 242669
242669 242669
242669 242669
242669 242669
242669 242669
242669 242669
242669 242669
242669 242669
242669 242669
242669 242669
242669 242669
242669 242669
242669 242669
242669 242669
242669 242669
242669 242669
242669 242669
242669 242669
242669 242669
242669 242669
242669 242669
242669 242669
242669 242669
242669 242669
242669 242669
242669 242669
242669 242669
242669 242669
242669 242669
242669 242669
242669 242669
242669 242669
242669 242669
242669 242669
242669 242669
242669 242669
242669 242669
242669 242669
242669 242669
242669 242669
242669 242669
242669 242669
242669 242669
242669 242669
242669 242669
242669 242669
242669 242669
242669 242669
242669 242669
242669 242669
242669 242669
242669 242669
242669 242669
242669 242669
242669 242669
242669 242669
242669 242669
242669 242669
242669 242669
242669 242669
242669 242669
242669 242669
242669 242669
242669 242669
242669 242669
242669 242669
242669 242669
242669 242669
242669 242669
242669 242669
242669 242669
242669 242669
242669 242669
242669 242669
242669 242669
242669 242669
242669 242669
242669 242669
242669 242669
242669 242669
242669 242669
242669 242669
242672 242672
242672 242672
242672 242672
242672 242672
242672 242672
242672 242672
242672 242672
242672 242672
242672 242672
242672 242672
242672 242672
242672 242672
242672 242672
242672 242672
242681 242681
242681 242681
242681 242681
242681 242681
242681 242681
242681 242681
242681 242681
242681 242681
242681 242681
242681 242681
242681 242681
242681 242681
242681 242681
242681 242681
242681 242681
242681 242681
242681 242681
242681 242681
242681 242681
242681 242681
242681 242681
242681 242681
242681 242681
242681 242681
242681 242681
242681 242681
242681 242681
242681 242681
242681 242681
242681 242681
242681 242681
242681 242681
242681 242681
242681 242681
242681 242681
242681 242681
242681 242681
242681 242681
242681 242681
242681 242681
242681 242681
242681 242681
242681 242681
242681 242681
242681 242681
242681 242681
242681 242681
242681 242681
242681 242681
242681 242681
242681 242681
242681 242681
242681 242681
242681 242681
242681 242681
242681 242681
242681 242681
242681 242681
242681 242681
242681 242681
242681 242681
242681 242681
242681 242681
242681 242681
242681 242681
242681 242681
242681 242681
242681 242681
242681 242681
242681 242681
242681 242681
242681 242681
242681 242681
242681 242681
242681 242681
242681 242681
242681 242681
242681 242681
242681 242681
242681 242681
242681 242681
242681 242681
242681 242681
242681 242681
242681 242681
242681 242681
242681 242681
242681 242681
242681 242681
242681 242681
242681 242681
242681 242681
242681 242681
242681 242681
242681 242681
242681 242681
242681 242681
242681 242681
242681 242681
242681 242681
242681 242681
242681 242681
242681 242681
242681 242681
242681 242681
242681 242681
242681 242681
242681 242681
242681 242681
242681 242681
242681 242681
242681 242681
242681 242681
242681 242681
242681 242681
242681 242681
242681 242681
242681 242681
242681 242681
242681 242681
242681 242681
242681 242681
242681 242681
242681 242681
242681 242681
242681 242681
242681 242681
242681 242681
242681 242681
242681 242681
242681 242681
242681 242681
242681 242681
242681 242681
242681 242681
242681 242681
242681 242681
242681 242681
242681 242681
242681 242681
242681 242681
242681 242681
242681 242681
242681 242681
242681 242681
242681 242681
242681 242681
242681 242681
242681 242681
242681 242681
242681 242681
242681 242681
242681 242681
242681 242681
242681 242681
242681 242681
242681 242681
242681 242681
242681 242681
242681 242681
242681 242681
242681 242681
242681 242681
242681 242681
242681 242681
242681 242681
242681 242681
242681 242681
242681 242681
242681 242681
242681 242681
242681 242681
242681 242681
242681 242681
242681 242681
242681 242681
242681 242681
242681 242681
242681 242681
242681 242681
242681 242681
242681 242681
242681 242681
242681 242681
242681 242681
242681 242681
242681 242681
242681 242681
242681 242681
242681 242681
242681 242681
242681 242681
242681 242681
242681 242681
242681 242681
242681 242681
242681 242681
242681 242681
242681 242681
242681 242681
242681 242681
242681 242681
242681 242681
242681 242681
242681 242681
242681 242681
242681 242681
242681 242681
242681 242681
242681 242681
242681 242681
242681 242681
242681 242681
242681 242681
242681 242681
242681 242681
242681 242681
242681 242681
242681 242681
242681 242681
242681 242681
242681 242681
242681 242681
242681 242681
242681 242681
242681 242681
242681 242681
242681 242681
242681 242681
242681 242681
242681 242681
242681 242681
242681 242681
242681 242681
242681 242681
242681 242681
242681 242681
242681 242681
242681 242681
242681 242681
242681 242681
242681 242681
242681 242681
242681 242681
242681 242681
242681 242681
242681 242681
242681 242681
242681 242681
242681 242681
242681 242681
242681 242681
242681 242681
242681 242681
242681 242681
242681 242681
242681 242681
242681 242681
242681 242681
242681 242681
242681 242681
242681 242681
242681 242681
242681 242681
242681 242681
242681 242681
242681 242681
242681 242681
242681 242681
242681 242681
242681 242681
242681 242681
242681 242681
242681 242681
242681 242681
242681 242681
242681 242681
242681 242681
242681 242681
242681 242681
242681 242681
242681 242681
242681 242681
242681 242681
242681 242681
242681 242681
242681 242681
242681 242681
242681 242681
242681 242681
242681 242681
242681 242681
242681 242681
242681 242681
242681 242681
242681 242681
242681 242681
242681 242681
242681 242681
242681 242681
242681 242681
242681 242681
242681 242681
242681 242681
242681 242681
242681 242681
242681 242681
242681 242681
242681 242681
242681 242681
242681 242681
242681 242681
242681 242681
242681 242681
242681 242681
242681 242681
242681 242681
242681 242681
242681 242681
242681 242681
242681 242681
242681 242681
242681 242681
242681 242681
242681 242681
242681 242681
242681 242681
242681 242681
242681 242681
242681 242681
242681 242681
242681 242681
242681 242681
242681 242681
242681 242681
242681 242681
242681 242681
242681 242681
242681 242681
242681 242681
242681 242681
242681 242681
242681 242681
242681 242681
242681 242681
242681 242681
242681 242681
242681 242681
242681 242681
242681 242681
242681 242681
242681 242681
242681 242681
242681 242681
242681 242681
242681 242681
242681 242681
242681 242681
242681 242681
242681 242681
242681 242681
242681 242681
242681 242681
242681 242681
242681 242681
242681 242681
242681 242681
242681 242681
242681 242681
242681 242681
242681 242681
242681 242681
242681 242681
242681 242681
242681 242681
242681 242681
242681 242681
242681 242681
242681 242681
242681 242681
242681 242681
242681 242681
242681 242681
242681 242681
242681 242681
242681 242681
242681 242681
242681 242681
242681 242681
242681 242681
242681 242681
242681 242681
242681 242681
242681 242681
242681 242681
242681 242681
242681 242681
242681 242681
242681 242681
242681 242681
242681 242681
242681 242681
242681 242681
242681 242681
242681 242681
242681 242681
242681 242681
242681 242681
242681 242681
242681 242681
242681 242681
242681 242681
242681 242681
242681 242681
242681 242681
242681 242681
242681 242681
242681 242681
242681 242681
242681 242681
242681 242681
242681 242681
242681 242681
242681 242681
242681 242681
242681 242681
242681 242681
242681 242681
242681 242681
242681 242681
242681 242681
242681 242681
242681 242681
242681 242681
242681 242681
242681 242681
242681 242681
242681 242681
242681 242681
242681 242681
242681 242681
242681 242681
242681 242681
242681 242681
242681 242681
242681 242681
242681 242681
242681 242681
242681 242681
242681 242681
242681 242681
242681 242681
242681 242681
242681 242681
242681 242681
242681 242681
242681 242681
242681 242681
242681 242681
242681 242681
242681 242681
242681 242681
242681 242681
242681 242681
242681 242681
242681 242681
242681 242681
242681 242681
242681 242681
242681 242681
242681 242681
242681 242681
242681 242681
242681 242681
242681 242681
242681 242681
242681 242681
242681 242681
242681 242681
242681 242681
242681 242681
242681 242681
242681 242681
242681 242681
242681 242681
242681 242681
242681 242681
242681 242681
242681 242681
242681 242681
242681 242681
242681 242681
242681 242681
242681 242681
242681 242681
242681 242681
242681 242681
242681 242681
242681 242681
242681 242681
242681 242681
242681 242681
242681 242681
242681 242681
242681 242681
242681 242681
242681 242681
242681 242681
242681 242681
242681 242681
242681 242681
242681 242681
242681 242681
242681 242681
242681 242681
242681 242681
242681 242681
242681 242681
242681 242681
242681 242681
242681 242681
242681 242681
242681 242681
242681 242681
242681 242681
242681 242681
242681 242681
242681 242681
242681 242681
242681 242681
242681 242681
242681 242681
242681 242681
242681 242681
242681 242681
242681 242681
242681 242681
242681 242681
242681 242681
242681 242681
242681 242681
242681 242681
242681 242681
242681 242681
242681 242681
242681 242681
242681 242681
242681 242681
242681 242681
242681 242681
242681 242681
242681 242681
242681 242681
242681 242681
242681 242681
242681 242681
242681 242681
242681 242681
242681 242681
242681 242681
242681 242681
242681 242681
242681 242681
242681 242681
242681 242681
242681 242681
242681 242681
242681 242681
242681 242681
242681 242681
242681 242681
242681 242681
242681 242681
242681 242681
242681 242681
242681 242681
242681 242681
242681 242681
242681 242681
242681 242681
242681 242681
242681 242681
242681 242681
242681 242681
242681 242681
242681 242681
242681 242681
242681 242681
242681 242681
242681 242681
242681 242681
242681 242681
242681 242681
242681 242681
242681 242681
242681 242681
242681 242681
242681 242681
242681 242681
242681 242681
242681 242681
242681 242681
242681 242681
242681 242681
242681 242681
242681 242681
242681 242681
242681 242681
242681 242681
242681 242681
242681 242681
242681 242681
242681 242681
242681 242681
242681 242681
242681 242681
242681 242681
242681 242681
242681 242681
242681 242681
242681 242681
242681 242681
242681 242681
242681 242681
242681 242681
242681 242681
242681 242681
242681 242681
242681 242681
242681 242681
242681 242681
242681 242681
242681 242681
242681 242681
242681 242681
242681 242681
242681 242681
242681 242681
242681 242681
242681 242681
242681 242681
242681 242681
242681 242681
242681 242681
242681 242681
242681 242681
242681 242681
242681 242681
242681 242681
242681 242681
242681 242681
242681 242681
242681 242681
242681 242681
242681 242681
242681 242681
242681 242681
242681 242681
242681 242681
242681 242681
242681 242681
242681 242681
242681 242681
242681 242681
242681 242681
242681 242681
242681 242681
242681 242681
242681 242681
242681 242681
242681 242681
242681 242681
242681 242681
242681 242681
242681 242681
242681 242681
242681 242681
242681 242681
242681 242681
242681 242681
242681 242681
242681 242681
242681 242681
242681 242681
242681 242681
242681 242681
242681 242681
242681 242681
242681 242681
242681 242681
242681 242681
242681 242681
242681 242681
242681 242681
242681 242681
242681 242681
242681 242681
242681 242681
242681 242681
242681 242681
242681 242681
242681 242681
242681 242681
242681 242681
242681 242681
242681 242681
242681 242681
242681 242681
242681 242681
242681 242681
242681 242681
242681 242681
242681 242681
242681 242681
242681 242681
242681 242681
242681 242681
242681 242681
242681 242681
242681 242681
242681 242681
242681 242681
242681 242681
242681 242681
242681 242681
242681 242681
242681 242681
242681 242681
242681 242681
242681 242681
242681 242681
242681 242681
242681 242681
242681 242681
242681 242681
242681 242681
242681 242681
242681 242681
242681 242681
242681 242681
242681 242681
242681 242681
242681 242681
242681 242681
242681 242681
242681 242681
242681 242681
242681 242681
242681 242681
242681 242681
242681 242681
242681 242681
242681 242681
242681 242681
242681 242681
242681 242681
242681 242681
242681 242681
242681 242681
242681 242681
242681 242681
242681 242681
242681 242681
242681 242681
242681 242681
242681 242681
242681 242681
242681 242681
242681 242681
242681 242681
242681 242681
242681 242681
242681 242681
242681 242681
242681 242681
242681 242681
242681 242681
242681 242681
242681 242681
242681 242681
242681 242681
242681 242681
242681 242681
242681 242681
242681 242681
242681 242681
242681 242681
242681 242681
242681 242681
242681 242681
242681 242681
242681 242681
242681 242681
242681 242681
242681 242681
242681 242681
242681 242681
242681 242681
242681 242681
242681 242681
242681 242681
242681 242681
242681 242681
242681 242681
242681 242681
242681 242681
242681 242681
242681 242681
242681 242681
242681 242681
242681 242681
242681 242681
242681 242681
242681 242681
242681 242681
242681 242681
242681 242681
242681 242681
242681 242681
242681 242681
242681 242681
242681 242681
242681 242681
242681 242681
242681 242681
242681 242681
242681 242681
242681 242681
242681 242681
242681 242681
242681 242681
242681 242681
242681 242681
242681 242681
242681 242681
242681 242681
242681 242681
242681 242681
242681 242681
242681 242681
242681 242681
242681 242681
242681 242681
242681 242681
242681 242681
242681 242681
242681 242681
242681 242681
242681 242681
242681 242681
242681 242681
242681 242681
242681 242681
242681 242681
242681 242681
242681 242681
242681 242681
242681 242681
242681 242681
242681 242681
242681 242681
242681 242681
242681 242681
242681 242681
242681 242681
242681 242681
242681 242681
242681 242681
242681 242681
242681 242681
242681 242681
242681 242681
242681 242681
242681 242681
242681 242681
242681 242681
242681 242681
242681 242681
242681 242681
242681 242681
242681 242681
242681 242681
242681 242681
242681 242681
242681 242681
242681 242681
242681 242681
242681 242681
242681 242681
242681 242681
