242613
-659024 191889
194333 194333
194987 194987
196330 196330
197970 197970
198667 198667
200248 200248
200921 200921
202984 202984
206168 206168
208004 208004
209612 209612
210698 210698
214759 214759
215164 215164
216000 216000
220043 220043
220443 220443
221185 221185
221967 221967
224258 224258
225462 225462
225855 225855
226035 226035
226349 226349
227746 227746
228351 228351
228406 228406
228796 228796
228930 228930
229065 229065
229391 229391
231245 231245
232186 232186
233352 233352
233648 233648
233679 233679
233958 233958
233971 233971
234450 234450
234902 234902
234946 234946
235582 235582
235835 235835
236087 236087
236294 236294
236357 236357
236422 236422
236610 236610
237281 237281
237326 237326
237443 237443
237480 237480
237573 237573
238162 238162
238469 238469
238790 238790
238909 238909
239077 239077
239078 239078
239090 239090
239234 239234
239243 239243
239771 239771
239798 239798
239798 239798
239798 239798
239910 239910
239964 239964
240101 240101
240121 240121
240402 240402
240419 240419
240420 240420
240420 240420
240453 240453
240594 240594
240790 240790
240790 240790
240810 240810
240828 240828
240882 240882
240946 240946
241030 241030
241102 241102
241121 241121
241182 241182
241407 241407
241407 241407
241407 241407
241475 241475
241600 241600
241600 241600
241608 241608
241608 241608
241638 241638
241638 241638
241744 241744
241748 241748
241784 241784
241789 241789
241965 241965
241965 241965
241965 241965
241965 241965
242031 242031
242031 242031
242031 242031
242031 242031
242031 242031
242031 242031
242088 242088
242088 242088
242088 242088
242088 242088
242096 242096
242096 242096
242277 242277
242277 242277
242277 242277
242277 242277
242277 242277
242277 242277
242277 242277
242277 242277
242277 242277
242277 242277
242277 242277
242277 242277
242277 242277
242277 242277
242277 242277
242277 242277
242285 242285
242301 242301
242301 242301
242301 242301
242301 242301
242344 242344
242344 242344
242347 242347
242347 242347
242347 242347
242347 242347
242347 242347
242347 242347
242347 242347
242347 242347
242347 242347
242347 242347
242362 242362
242413 242413
242413 242413
242413 242413
242413 242413
242413 242413
242413 242413
242413 242413
242413 242413
242413 242413
242413 242413
242413 242413
242413 242413
242413 242413
242413 242413
242413 242413
242417 242417
242417 242417
242417 242417
242417 242417
242417 242417
242417 242417
242417 242417
242417 242417
242417 242417
242417 242417
242417 242417
242417 242417
242417 242417
242417 242417
242417 242417
242417 242417
242417 242417
242417 242417
242417 242417
242417 242417
242417 242417
242417 242417
242417 242417
242438 242438
242438 242438
242438 242438
242438 242438
242438 242438
242438 242438
242438 242438
242438 242438
242438 242438
242438 242438
242438 242438
242438 242438
242450 242450
242450 242450
242450 242450
242450 242450
242450 242450
242450 242450
242464 242464
242483 242483
242483 242483
242525 242525
242525 242525
242525 242525
242525 242525
242525 242525
242525 242525
242525 242525
242525 242525
242525 242525
242525 242525
242525 242525
242525 242525
242525 242525
242525 242525
242525 242525
242525 242525
242525 242525
242525 242525
242530 242530
242530 242530
242548 242548
242548 242548
242548 242548
242548 242548
242548 242548
242548 242548
242557 242557
242557 242557
242557 242557
242557 242557
242557 242557
242557 242557
242557 242557
242557 242557
242557 242557
242557 242557
242557 242557
242557 242557
242563 242563
242564 242564
242564 242564
242564 242564
242564 242564
242564 242564
242564 242564
242564 242564
242564 242564
242564 242564
242564 242564
242564 242564
242564 242564
242564 242564
242564 242564
242576 242576
242576 242576
242576 242576
242576 242576
242576 242576
242576 242576
242576 242576
242576 242576
242576 242576
242576 242576
242576 242576
242576 242576
242576 242576
242576 242576
242576 242576
242576 242576
242576 242576
242576 242576
242576 242576
242576 242576
242576 242576
242576 242576
242576 242576
242576 242576
242576 242576
242576 242576
242576 242576
242576 242576
242576 242576
242576 242576
242576 242576
242576 242576
242576 242576
242576 242576
242576 242576
242576 242576
242576 242576
242576 242576
242576 242576
242576 242576
242576 242576
242576 242576
242576 242576
242576 242576
242576 242576
242576 242576
242576 242576
242576 242576
242576 242576
242576 242576
242576 242576
242576 242576
242576 242576
242576 242576
242592 242592
242592 242592
242592 242592
242592 242592
242592 242592
242592 242592
242592 242592
242592 242592
242592 242592
242592 242592
242592 242592
242592 242592
242592 242592
242592 242592
242592 242592
242592 242592
242592 242592
242592 242592
242592 242592
242592 242592
242592 242592
242592 242592
242592 242592
242592 242592
242592 242592
242592 242592
242592 242592
242592 242592
242592 242592
242592 242592
242592 242592
242592 242592
242592 242592
242592 242592
242592 242592
242592 242592
242592 242592
242592 242592
242592 242592
242592 242592
242592 242592
242592 242592
242592 242592
242592 242592
242592 242592
242592 242592
242592 242592
242592 242592
242592 242592
242592 242592
242592 242592
242592 242592
242592 242592
242592 242592
242592 242592
242592 242592
242592 242592
242592 242592
242592 242592
242592 242592
242592 242592
242592 242592
242592 242592
242592 242592
242592 242592
242592 242592
242592 242592
242592 242592
242592 242592
242592 242592
242592 242592
242592 242592
242592 242592
242592 242592
242592 242592
242592 242592
242592 242592
242592 242592
242592 242592
242592 242592
242592 242592
242592 242592
242592 242592
242592 242592
242592 242592
242592 242592
242592 242592
242592 242592
242592 242592
242592 242592
242592 242592
242592 242592
242592 242592
242592 242592
242592 242592
242592 242592
242592 242592
242592 242592
242592 242592
242592 242592
242592 242592
242592 242592
242592 242592
242592 242592
242592 242592
242592 242592
242592 242592
242592 242592
242592 242592
242592 242592
242592 242592
242592 242592
242592 242592
242592 242592
242592 242592
242592 242592
242592 242592
242592 242592
242592 242592
242592 242592
242592 242592
242592 242592
242592 242592
242592 242592
242592 242592
242592 242592
242592 242592
242592 242592
242592 242592
242592 242592
242592 242592
242592 242592
242592 242592
242592 242592
242592 242592
242592 242592
242592 242592
242592 242592
242592 242592
242592 242592
242592 242592
242592 242592
242592 242592
242592 242592
242592 242592
242592 242592
242592 242592
242592 242592
242592 242592
242592 242592
242592 242592
242592 242592
242592 242592
242592 242592
242592 242592
242592 242592
242592 242592
242592 242592
242592 242592
242592 242592
242592 242592
242592 242592
242592 242592
242592 242592
242592 242592
242592 242592
242592 242592
242592 242592
242592 242592
242592 242592
242592 242592
242592 242592
242592 242592
242592 242592
242592 242592
242592 242592
242592 242592
242592 242592
242592 242592
242592 242592
242592 242592
242592 242592
242610 242610
242610 242610
242610 242610
242610 242610
242610 242610
242610 242610
242610 242610
242613 242613
242613 242613
242613 242613
