202347
124364 124364
134491 134491
136880 136880
141553 141553
145956 145956
146858 146858
153528 153528
155857 155857
159284 159284
159923 159923
161954 161954
163460 163460
164807 164807
166428 166428
167409 167409
171111 171111
171674 171674
172147 172147
172171 172171
173455 173455
173686 173686
177956 177956
179085 179085
180882 180882
181889 181889
182342 182342
182642 182642
183010 183010
184011 184011
185619 185619
188051 188051
188432 188432
188752 188752
188836 188836
189650 189650
190800 190800
191239 191239
191519 191519
191607 191607
192076 192076
193005 193005
193162 193162
194499 194499
195075 195075
195075 195075
195667 195667
195917 195917
195917 195917
196073 196073
196087 196087
196566 196566
196614 196614
196614 196614
196699 196699
196810 196810
196861 196861
196951 196951
197091 197091
197390 197390
197449 197449
197601 197601
197866 197866
198168 198168
198301 198301
198389 198389
198542 198542
198542 198542
198594 198594
198650 198650
198888 198888
199333 199333
199333 199333
199333 199333
199656 199656
199656 199656
199656 199656
199656 199656
199965 199965
199965 199965
199965 199965
199998 199998
199998 199998
200401 200401
200401 200401
200401 200401
200495 200495
200495 200495
200515 200515
200558 200558
200558 200558
200558 200558
200584 200584
200603 200603
200714 200714
200714 200714
200717 200717
200807 200807
200807 200807
200824 200824
200824 200824
200824 200824
200900 200900
201129 201129
201129 201129
201129 201129
201188 201188
201188 201188
201188 201188
201188 201188
201188 201188
201188 201188
201220 201220
201220 201220
201220 201220
201220 201220
201220 201220
201220 201220
201365 201365
201365 201365
201365 201365
201365 201365
201365 201365
201365 201365
201519 201519
201519 201519
201519 201519
201519 201519
201519 201519
201541 201541
201541 201541
201541 201541
201541 201541
201572 201572
201598 201598
201598 201598
201664 201664
201664 201664
201664 201664
201664 201664
201700 201700
201700 201700
201713 201713
201713 201713
201723 201723
201723 201723
201723 201723
201754 201754
201788 201788
201788 201788
201810 201810
201810 201810
201826 201826
201882 201882
201882 201882
201882 201882
201882 201882
201882 201882
201882 201882
201885 201885
201885 201885
201885 201885
201885 201885
201885 201885
201885 201885
201885 201885
201885 201885
202035 202035
202035 202035
202035 202035
202035 202035
202054 202054
202054 202054
202054 202054
202054 202054
202054 202054
202054 202054
202054 202054
202054 202054
202054 202054
202054 202054
202054 202054
202054 202054
202054 202054
202096 202096
202096 202096
202096 202096
202096 202096
202096 202096
202096 202096
202096 202096
202096 202096
202096 202096
202096 202096
202096 202096
202096 202096
202096 202096
202099 202099
202099 202099
202099 202099
202099 202099
202099 202099
202099 202099
202099 202099
202116 202116
202116 202116
202116 202116
202116 202116
202162 202162
202162 202162
202162 202162
202189 202189
202189 202189
202189 202189
202189 202189
202189 202189
202189 202189
202189 202189
202189 202189
202189 202189
202189 202189
202189 202189
202189 202189
202227 202227
202227 202227
202227 202227
202255 202255
202255 202255
202255 202255
202255 202255
202255 202255
202255 202255
202255 202255
202255 202255
202255 202255
202255 202255
202255 202255
202267 202267
202267 202267
202267 202267
202267 202267
202267 202267
202267 202267
202267 202267
202267 202267
202267 202267
202267 202267
202267 202267
202267 202267
202267 202267
202267 202267
202267 202267
202267 202267
202267 202267
202267 202267
202267 202267
202275 202275
202275 202275
202275 202275
202275 202275
202275 202275
202275 202275
202275 202275
202275 202275
202275 202275
202275 202275
202275 202275
202275 202275
202275 202275
202275 202275
202275 202275
202275 202275
202275 202275
202275 202275
202275 202275
202275 202275
202275 202275
202275 202275
202275 202275
202275 202275
202275 202275
202275 202275
202275 202275
202275 202275
202275 202275
202275 202275
202275 202275
202275 202275
202275 202275
202275 202275
202275 202275
202275 202275
202275 202275
202275 202275
202275 202275
202275 202275
202275 202275
202275 202275
202275 202275
202275 202275
202275 202275
202275 202275
202275 202275
202275 202275
202275 202275
202275 202275
202275 202275
202275 202275
202275 202275
202275 202275
202275 202275
202275 202275
202275 202275
202275 202275
202275 202275
202275 202275
202275 202275
202275 202275
202275 202275
202275 202275
202275 202275
202275 202275
202275 202275
202275 202275
202275 202275
202275 202275
202275 202275
202275 202275
202275 202275
202275 202275
202275 202275
202275 202275
202275 202275
202275 202275
202275 202275
202275 202275
202275 202275
202275 202275
202275 202275
202275 202275
202275 202275
202275 202275
202275 202275
202275 202275
202275 202275
202275 202275
202280 202280
202280 202280
202280 202280
202280 202280
202280 202280
202280 202280
202280 202280
202280 202280
202280 202280
202280 202280
202280 202280
202280 202280
202280 202280
202280 202280
202280 202280
202280 202280
202280 202280
202280 202280
202280 202280
202280 202280
202280 202280
202280 202280
202280 202280
202280 202280
202280 202280
202280 202280
202280 202280
202280 202280
202280 202280
202280 202280
202280 202280
202280 202280
202280 202280
202280 202280
202280 202280
202280 202280
202280 202280
202280 202280
202280 202280
202295 202295
202295 202295
202295 202295
202295 202295
202295 202295
202295 202295
202295 202295
202295 202295
202295 202295
202295 202295
202295 202295
202295 202295
202295 202295
202295 202295
202295 202295
202295 202295
202295 202295
202295 202295
202295 202295
202295 202295
202295 202295
202295 202295
202295 202295
202295 202295
202295 202295
202295 202295
202295 202295
202295 202295
202295 202295
202295 202295
202295 202295
202295 202295
202295 202295
202295 202295
202295 202295
202295 202295
202295 202295
202295 202295
202295 202295
202295 202295
202295 202295
202295 202295
202295 202295
202295 202295
202295 202295
202295 202295
202295 202295
202295 202295
202295 202295
202295 202295
202295 202295
202295 202295
202295 202295
202295 202295
202295 202295
202295 202295
202295 202295
202295 202295
202295 202295
202295 202295
202295 202295
202295 202295
202295 202295
202295 202295
202295 202295
202295 202295
202295 202295
202295 202295
202295 202295
202295 202295
202295 202295
202295 202295
202295 202295
202295 202295
202295 202295
202295 202295
202295 202295
202295 202295
202295 202295
202295 202295
202295 202295
202295 202295
202295 202295
202295 202295
202295 202295
202295 202295
202295 202295
202295 202295
202295 202295
202295 202295
202295 202295
202295 202295
202295 202295
202295 202295
202295 202295
202295 202295
202295 202295
202295 202295
202295 202295
202295 202295
202295 202295
202295 202295
202295 202295
202295 202295
202335 202335
202335 202335
202335 202335
202335 202335
202335 202335
202335 202335
202335 202335
202335 202335
202335 202335
202335 202335
202335 202335
202335 202335
202335 202335
202335 202335
202335 202335
202335 202335
202335 202335
202335 202335
202335 202335
202335 202335
202335 202335
202335 202335
202335 202335
202335 202335
202335 202335
202335 202335
202335 202335
202335 202335
202335 202335
202335 202335
202335 202335
202335 202335
202335 202335
202335 202335
202335 202335
202335 202335
202335 202335
202335 202335
202335 202335
202335 202335
202335 202335
202335 202335
202335 202335
202335 202335
202335 202335
202335 202335
202335 202335
202335 202335
202335 202335
202335 202335
202335 202335
202335 202335
202335 202335
202335 202335
202335 202335
202335 202335
202335 202335
202335 202335
202335 202335
202335 202335
202335 202335
202335 202335
202335 202335
202335 202335
202335 202335
202335 202335
202335 202335
202335 202335
202335 202335
202335 202335
202335 202335
202335 202335
202335 202335
202335 202335
202335 202335
202335 202335
202335 202335
202335 202335
202335 202335
202335 202335
202335 202335
202335 202335
202335 202335
202335 202335
202335 202335
202335 202335
202335 202335
202335 202335
202335 202335
202335 202335
202335 202335
202335 202335
202335 202335
202335 202335
202335 202335
202335 202335
202335 202335
202335 202335
202335 202335
202335 202335
202335 202335
202335 202335
202335 202335
202335 202335
202335 202335
202335 202335
202335 202335
202335 202335
202335 202335
202335 202335
202335 202335
202335 202335
202335 202335
202335 202335
202335 202335
202335 202335
202335 202335
202335 202335
202335 202335
202335 202335
202335 202335
202335 202335
202335 202335
202335 202335
202335 202335
202335 202335
202335 202335
202335 202335
202335 202335
202335 202335
202335 202335
202335 202335
202335 202335
202335 202335
202335 202335
202335 202335
202335 202335
202335 202335
202335 202335
202335 202335
202335 202335
202335 202335
202335 202335
202335 202335
202335 202335
202335 202335
202335 202335
202335 202335
202335 202335
202335 202335
202335 202335
202335 202335
202335 202335
202335 202335
202335 202335
202335 202335
202335 202335
202335 202335
202335 202335
202335 202335
202335 202335
202335 202335
202335 202335
202335 202335
202335 202335
202335 202335
202335 202335
202335 202335
202335 202335
202335 202335
202335 202335
202335 202335
202335 202335
202335 202335
202335 202335
202335 202335
202335 202335
202335 202335
202335 202335
202335 202335
202335 202335
202335 202335
202335 202335
202335 202335
202335 202335
202335 202335
202335 202335
202335 202335
202335 202335
202335 202335
202335 202335
202335 202335
202335 202335
202335 202335
202335 202335
202335 202335
202335 202335
202335 202335
202335 202335
202335 202335
202335 202335
202335 202335
202335 202335
202335 202335
202335 202335
202335 202335
202335 202335
202335 202335
202335 202335
202335 202335
202335 202335
202335 202335
202335 202335
202335 202335
202335 202335
202335 202335
202335 202335
202335 202335
202335 202335
202335 202335
202335 202335
202335 202335
202335 202335
202335 202335
202335 202335
202335 202335
202335 202335
202335 202335
202335 202335
202335 202335
202335 202335
202335 202335
202335 202335
202335 202335
202335 202335
202335 202335
202335 202335
202335 202335
202335 202335
202335 202335
202335 202335
202335 202335
202335 202335
202335 202335
202335 202335
202335 202335
202335 202335
202335 202335
202335 202335
202335 202335
202335 202335
202335 202335
202335 202335
202335 202335
202335 202335
202335 202335
202335 202335
202335 202335
202335 202335
202335 202335
202335 202335
202335 202335
202335 202335
202335 202335
202335 202335
202335 202335
202335 202335
202335 202335
202335 202335
202335 202335
202335 202335
202335 202335
202335 202335
202335 202335
202335 202335
202335 202335
202335 202335
202335 202335
202335 202335
202335 202335
202335 202335
202335 202335
202335 202335
202335 202335
202335 202335
202335 202335
202335 202335
202335 202335
202335 202335
202335 202335
202335 202335
202335 202335
202335 202335
202335 202335
202335 202335
202335 202335
202335 202335
202335 202335
202335 202335
202335 202335
202335 202335
202335 202335
202335 202335
202335 202335
202335 202335
202335 202335
202335 202335
202335 202335
202335 202335
202335 202335
202335 202335
202335 202335
202335 202335
202335 202335
202335 202335
202335 202335
202335 202335
202335 202335
202335 202335
202335 202335
202335 202335
202335 202335
202335 202335
202335 202335
202335 202335
202335 202335
202335 202335
202335 202335
202335 202335
202335 202335
202335 202335
202335 202335
202335 202335
202335 202335
202335 202335
202335 202335
202335 202335
202335 202335
202335 202335
202335 202335
202335 202335
202335 202335
202335 202335
202335 202335
202335 202335
202335 202335
202335 202335
202335 202335
202335 202335
202335 202335
202335 202335
202335 202335
202335 202335
202335 202335
202335 202335
202335 202335
202335 202335
202335 202335
202335 202335
202335 202335
202335 202335
202335 202335
202335 202335
202335 202335
202335 202335
202335 202335
202335 202335
202335 202335
202335 202335
202335 202335
202335 202335
202335 202335
202335 202335
202335 202335
202335 202335
202335 202335
202335 202335
202335 202335
202335 202335
202335 202335
202335 202335
202335 202335
202335 202335
202335 202335
202335 202335
202335 202335
202335 202335
202335 202335
202335 202335
202335 202335
202335 202335
202335 202335
202335 202335
202335 202335
202335 202335
202335 202335
202335 202335
202335 202335
202335 202335
202335 202335
202335 202335
202335 202335
202335 202335
202335 202335
202335 202335
202335 202335
202335 202335
202335 202335
202335 202335
202335 202335
202335 202335
202335 202335
202335 202335
202335 202335
202335 202335
202335 202335
202335 202335
202335 202335
202335 202335
202335 202335
202335 202335
202335 202335
202335 202335
202335 202335
202335 202335
202335 202335
202335 202335
202335 202335
202335 202335
202335 202335
202335 202335
202335 202335
202335 202335
202335 202335
202335 202335
202335 202335
202335 202335
202335 202335
202335 202335
202335 202335
202335 202335
202335 202335
202335 202335
202335 202335
202335 202335
202335 202335
202335 202335
202335 202335
202335 202335
202335 202335
202335 202335
202335 202335
202335 202335
202335 202335
202335 202335
202335 202335
202335 202335
202335 202335
202335 202335
202335 202335
202335 202335
202335 202335
202335 202335
202335 202335
202335 202335
202335 202335
202335 202335
202335 202335
202335 202335
202335 202335
202335 202335
202335 202335
202335 202335
202335 202335
202335 202335
202335 202335
202335 202335
202335 202335
202335 202335
202335 202335
202335 202335
202335 202335
202335 202335
202335 202335
202335 202335
202335 202335
202335 202335
202335 202335
202335 202335
202335 202335
202335 202335
202335 202335
202335 202335
202335 202335
202335 202335
202335 202335
202335 202335
202335 202335
202335 202335
202335 202335
202335 202335
202335 202335
202335 202335
202335 202335
202335 202335
202335 202335
202335 202335
202335 202335
202335 202335
202335 202335
202335 202335
202335 202335
202335 202335
202335 202335
202335 202335
202335 202335
202335 202335
202335 202335
202335 202335
202335 202335
202335 202335
202335 202335
202335 202335
202335 202335
202335 202335
202335 202335
202335 202335
202335 202335
202335 202335
202335 202335
202335 202335
202335 202335
202335 202335
202335 202335
202335 202335
202335 202335
202335 202335
202335 202335
202335 202335
202335 202335
202335 202335
202335 202335
202335 202335
202335 202335
202335 202335
202335 202335
202335 202335
202335 202335
202335 202335
202335 202335
202335 202335
202335 202335
202335 202335
202335 202335
202335 202335
202335 202335
202335 202335
202335 202335
202335 202335
202335 202335
202335 202335
202335 202335
202335 202335
202335 202335
202335 202335
202335 202335
202335 202335
202335 202335
202335 202335
202335 202335
202335 202335
202335 202335
202335 202335
202335 202335
202335 202335
202335 202335
202335 202335
202335 202335
202335 202335
202335 202335
202335 202335
202335 202335
202335 202335
202335 202335
202335 202335
202335 202335
202335 202335
202335 202335
202335 202335
202335 202335
202335 202335
202335 202335
202335 202335
202335 202335
202335 202335
202335 202335
202335 202335
202335 202335
202335 202335
202335 202335
202335 202335
202335 202335
202335 202335
202335 202335
202335 202335
202335 202335
202335 202335
202335 202335
202335 202335
202335 202335
202335 202335
202335 202335
202335 202335
202335 202335
202335 202335
202335 202335
202335 202335
202335 202335
202335 202335
202335 202335
202335 202335
202335 202335
202335 202335
202335 202335
202335 202335
202335 202335
202335 202335
202335 202335
202335 202335
202335 202335
202335 202335
202335 202335
202335 202335
202335 202335
202335 202335
202335 202335
202335 202335
202335 202335
202335 202335
202335 202335
202335 202335
202335 202335
202335 202335
202335 202335
202335 202335
202335 202335
202335 202335
202335 202335
202335 202335
202335 202335
202335 202335
202335 202335
202335 202335
202335 202335
202335 202335
202335 202335
202335 202335
202335 202335
202335 202335
202335 202335
202335 202335
202335 202335
202335 202335
202335 202335
202335 202335
202335 202335
202335 202335
202335 202335
202335 202335
202335 202335
202335 202335
202335 202335
202335 202335
202335 202335
202335 202335
202335 202335
202335 202335
202335 202335
202335 202335
202335 202335
202335 202335
202335 202335
202335 202335
202335 202335
202335 202335
202335 202335
202335 202335
202335 202335
202335 202335
202335 202335
202335 202335
202335 202335
202335 202335
202335 202335
202335 202335
202335 202335
202335 202335
202335 202335
202335 202335
202335 202335
202335 202335
202335 202335
202335 202335
202335 202335
202335 202335
202335 202335
202335 202335
202335 202335
202335 202335
202335 202335
202335 202335
202335 202335
202335 202335
202335 202335
202335 202335
202335 202335
202335 202335
202335 202335
202335 202335
202335 202335
202335 202335
202335 202335
202335 202335
202335 202335
202335 202335
202335 202335
202335 202335
202335 202335
202335 202335
202335 202335
202335 202335
202335 202335
202335 202335
202335 202335
202335 202335
202335 202335
202335 202335
202335 202335
202335 202335
202335 202335
202335 202335
202335 202335
202335 202335
202335 202335
202335 202335
202335 202335
202335 202335
202335 202335
202335 202335
202335 202335
202335 202335
202335 202335
202335 202335
202335 202335
202335 202335
202335 202335
202335 202335
202335 202335
202335 202335
202335 202335
202335 202335
202335 202335
202335 202335
202335 202335
202335 202335
202335 202335
202335 202335
202335 202335
202335 202335
202335 202335
202335 202335
202335 202335
202335 202335
202335 202335
202335 202335
202335 202335
202335 202335
202335 202335
202335 202335
202335 202335
202335 202335
202335 202335
202335 202335
202335 202335
202335 202335
202335 202335
202335 202335
202335 202335
202335 202335
202335 202335
202335 202335
202335 202335
202335 202335
202335 202335
202335 202335
202335 202335
202335 202335
202335 202335
202335 202335
202335 202335
202335 202335
202335 202335
202335 202335
202335 202335
202335 202335
202335 202335
202335 202335
202335 202335
202335 202335
202335 202335
202335 202335
202335 202335
202335 202335
202335 202335
202335 202335
202335 202335
202335 202335
202335 202335
202335 202335
202335 202335
202335 202335
202335 202335
202335 202335
202335 202335
202335 202335
202335 202335
202335 202335
202335 202335
202335 202335
202335 202335
202335 202335
202335 202335
202335 202335
202335 202335
202335 202335
202335 202335
202335 202335
202335 202335
202335 202335
202335 202335
202335 202335
202335 202335
202335 202335
202335 202335
202335 202335
202335 202335
202335 202335
202335 202335
202335 202335
202335 202335
202335 202335
202335 202335
202335 202335
202335 202335
202335 202335
202335 202335
202335 202335
202335 202335
202335 202335
202335 202335
202335 202335
202335 202335
202335 202335
202335 202335
202335 202335
202335 202335
202335 202335
202335 202335
202335 202335
202335 202335
202335 202335
202335 202335
202335 202335
202335 202335
202335 202335
202335 202335
202335 202335
202335 202335
202335 202335
202335 202335
202335 202335
202335 202335
202335 202335
202335 202335
202335 202335
202335 202335
202335 202335
202335 202335
202335 202335
202335 202335
202335 202335
202335 202335
202335 202335
202335 202335
202335 202335
202335 202335
202335 202335
202335 202335
202335 202335
202335 202335
202335 202335
202335 202335
202335 202335
202335 202335
202335 202335
202335 202335
202335 202335
202335 202335
202335 202335
202335 202335
202335 202335
202335 202335
202335 202335
202335 202335
202335 202335
202335 202335
202335 202335
202335 202335
202335 202335
202335 202335
202335 202335
202335 202335
202335 202335
202335 202335
202335 202335
202335 202335
202335 202335
202335 202335
202335 202335
202335 202335
202335 202335
202335 202335
202335 202335
202335 202335
202335 202335
202335 202335
202335 202335
202335 202335
202335 202335
202335 202335
202335 202335
202335 202335
202335 202335
202335 202335
202335 202335
202335 202335
202335 202335
202335 202335
202335 202335
202335 202335
202335 202335
202335 202335
202335 202335
202335 202335
202335 202335
202335 202335
202335 202335
202335 202335
202335 202335
202335 202335
202335 202335
202335 202335
202335 202335
202335 202335
202335 202335
202335 202335
202335 202335
202335 202335
202335 202335
202335 202335
202335 202335
202335 202335
202335 202335
202335 202335
202335 202335
202335 202335
202335 202335
202335 202335
202335 202335
202335 202335
202335 202335
202335 202335
202335 202335
202335 202335
202335 202335
202335 202335
202335 202335
202335 202335
202335 202335
202335 202335
202335 202335
202335 202335
202335 202335
202335 202335
202335 202335
202335 202335
202335 202335
202335 202335
202335 202335
202335 202335
202335 202335
202335 202335
202335 202335
202335 202335
202335 202335
202335 202335
202335 202335
202335 202335
202335 202335
202335 202335
202335 202335
202335 202335
202335 202335
202335 202335
202335 202335
202335 202335
202335 202335
202335 202335
202335 202335
202335 202335
202335 202335
202335 202335
202335 202335
202335 202335
202335 202335
202335 202335
202335 202335
202335 202335
202335 202335
202335 202335
202335 202335
202335 202335
202335 202335
202335 202335
202335 202335
202335 202335
202335 202335
202335 202335
202335 202335
202335 202335
202335 202335
202335 202335
202335 202335
202335 202335
202335 202335
202335 202335
202335 202335
202335 202335
202335 202335
202335 202335
202335 202335
202335 202335
202335 202335
202335 202335
202335 202335
202335 202335
202335 202335
202335 202335
202335 202335
202335 202335
202335 202335
202335 202335
202335 202335
202335 202335
202335 202335
202335 202335
202335 202335
202335 202335
202335 202335
202335 202335
202335 202335
202335 202335
202335 202335
202335 202335
202335 202335
202335 202335
202335 202335
202335 202335
202335 202335
202335 202335
202335 202335
202335 202335
202335 202335
202335 202335
202335 202335
202335 202335
202335 202335
202335 202335
202335 202335
202335 202335
202335 202335
202335 202335
202335 202335
202335 202335
202335 202335
202335 202335
202335 202335
202335 202335
202335 202335
202335 202335
202335 202335
202335 202335
202335 202335
202335 202335
202335 202335
202335 202335
202335 202335
202335 202335
202335 202335
202335 202335
202335 202335
202335 202335
202335 202335
202335 202335
202335 202335
202335 202335
202335 202335
202335 202335
202335 202335
202335 202335
202335 202335
202335 202335
202335 202335
202335 202335
202335 202335
202335 202335
202335 202335
202335 202335
202335 202335
202335 202335
202335 202335
202335 202335
202335 202335
202335 202335
202335 202335
202335 202335
202335 202335
202335 202335
202335 202335
202335 202335
202335 202335
202335 202335
202335 202335
202335 202335
202335 202335
202335 202335
202335 202335
202335 202335
202335 202335
202335 202335
202335 202335
202335 202335
202335 202335
202335 202335
202335 202335
202335 202335
202335 202335
202335 202335
202335 202335
202335 202335
202335 202335
202335 202335
202335 202335
202335 202335
202335 202335
202335 202335
202335 202335
202335 202335
202335 202335
202335 202335
202335 202335
202335 202335
202335 202335
202335 202335
202335 202335
202335 202335
202335 202335
202335 202335
202335 202335
202335 202335
202335 202335
202335 202335
202335 202335
202335 202335
202335 202335
202335 202335
202335 202335
202335 202335
202335 202335
202344 202344
202344 202344
202344 202344
202344 202344
202344 202344
202344 202344
202344 202344
202344 202344
202344 202344
202344 202344
202344 202344
202344 202344
202344 202344
202344 202344
202344 202344
202344 202344
202344 202344
202344 202344
202344 202344
202344 202344
202344 202344
202344 202344
202344 202344
202344 202344
202344 202344
202344 202344
202344 202344
202344 202344
202344 202344
202344 202344
202344 202344
202344 202344
202344 202344
202344 202344
202344 202344
202344 202344
202344 202344
202344 202344
202344 202344
202344 202344
202344 202344
202344 202344
202344 202344
202344 202344
202344 202344
202344 202344
202344 202344
202344 202344
202344 202344
202344 202344
202344 202344
202344 202344
202344 202344
202344 202344
202344 202344
202344 202344
202344 202344
202344 202344
202344 202344
202344 202344
202344 202344
202344 202344
202344 202344
202344 202344
202344 202344
202344 202344
202344 202344
202344 202344
202344 202344
202344 202344
202344 202344
202344 202344
202344 202344
202344 202344
202344 202344
202344 202344
202344 202344
202344 202344
202344 202344
202344 202344
202344 202344
202344 202344
202344 202344
202344 202344
202344 202344
202344 202344
202344 202344
202344 202344
202344 202344
202344 202344
202344 202344
202344 202344
202344 202344
202344 202344
202344 202344
202344 202344
202344 202344
202344 202344
202344 202344
202344 202344
202344 202344
202344 202344
202344 202344
202344 202344
202344 202344
202344 202344
202344 202344
202344 202344
202344 202344
202344 202344
202344 202344
202344 202344
202344 202344
202344 202344
202344 202344
202344 202344
202344 202344
202344 202344
202344 202344
202344 202344
202344 202344
202344 202344
202344 202344
202344 202344
202344 202344
202344 202344
202344 202344
202344 202344
202344 202344
202344 202344
202344 202344
202344 202344
202344 202344
202344 202344
202344 202344
202344 202344
202344 202344
202344 202344
202344 202344
202344 202344
202344 202344
202344 202344
202344 202344
202344 202344
202344 202344
202344 202344
202344 202344
202344 202344
202344 202344
202344 202344
202344 202344
202344 202344
202344 202344
202344 202344
202344 202344
202344 202344
202344 202344
202344 202344
202344 202344
202344 202344
202344 202344
202344 202344
202344 202344
202344 202344
202344 202344
202344 202344
202344 202344
202344 202344
202344 202344
202344 202344
202344 202344
202344 202344
202344 202344
202344 202344
202344 202344
202344 202344
202344 202344
202344 202344
202344 202344
202344 202344
202344 202344
202344 202344
202344 202344
202344 202344
202344 202344
202344 202344
202344 202344
202344 202344
202344 202344
202344 202344
202344 202344
202344 202344
202344 202344
202344 202344
202344 202344
202344 202344
202344 202344
202344 202344
202344 202344
202344 202344
202344 202344
202344 202344
202344 202344
202344 202344
202344 202344
202344 202344
202344 202344
202344 202344
202344 202344
202344 202344
202344 202344
202344 202344
202344 202344
202344 202344
202344 202344
202344 202344
202344 202344
202344 202344
202344 202344
202344 202344
202344 202344
202344 202344
202344 202344
202344 202344
202344 202344
202344 202344
202344 202344
202344 202344
202344 202344
202344 202344
202344 202344
202344 202344
202344 202344
202344 202344
202344 202344
202344 202344
202344 202344
202344 202344
202344 202344
202344 202344
202344 202344
202344 202344
202344 202344
202344 202344
202344 202344
202344 202344
202344 202344
202344 202344
202344 202344
202344 202344
202344 202344
202344 202344
202344 202344
202344 202344
202344 202344
202344 202344
202344 202344
202344 202344
202344 202344
202344 202344
202344 202344
202344 202344
202344 202344
202344 202344
202344 202344
202344 202344
202344 202344
202344 202344
202344 202344
202344 202344
202344 202344
202344 202344
202344 202344
202344 202344
202344 202344
202344 202344
202344 202344
202344 202344
202344 202344
202344 202344
202344 202344
202344 202344
202344 202344
202344 202344
202344 202344
202344 202344
202344 202344
202344 202344
202344 202344
202344 202344
202344 202344
202344 202344
202344 202344
202344 202344
202344 202344
202344 202344
202344 202344
202344 202344
202344 202344
202344 202344
202344 202344
202344 202344
202344 202344
202344 202344
202344 202344
202344 202344
202344 202344
202344 202344
202344 202344
202344 202344
202344 202344
202344 202344
202344 202344
202344 202344
202344 202344
202344 202344
202344 202344
202344 202344
202344 202344
202344 202344
202344 202344
202344 202344
202344 202344
202344 202344
202344 202344
202344 202344
202344 202344
202344 202344
202344 202344
202344 202344
202344 202344
202344 202344
202344 202344
202344 202344
202344 202344
202344 202344
202344 202344
202344 202344
202344 202344
202344 202344
202347 202347
202347 202347
202347 202347
202347 202347
202347 202347
202347 202347
202347 202347
202347 202347
202347 202347
202347 202347
202347 202347
202347 202347
202347 202347
202347 202347
202347 202347
202347 202347
202347 202347
202347 202347
202347 202347
202347 202347
202347 202347
202347 202347
202347 202347
202347 202347
202347 202347
202347 202347
202347 202347
202347 202347
202347 202347
202347 202347
202347 202347
202347 202347
202347 202347
202347 202347
202347 202347
202347 202347
202347 202347
202347 202347
202347 202347
202347 202347
202347 202347
202347 202347
202347 202347
202347 202347
202347 202347
202347 202347
202347 202347
202347 202347
202347 202347
202347 202347
202347 202347
202347 202347
202347 202347
202347 202347
202347 202347
202347 202347
202347 202347
202347 202347
202347 202347
202347 202347
202347 202347
202347 202347
202347 202347
202347 202347
202347 202347
202347 202347
202347 202347
202347 202347
202347 202347
202347 202347
202347 202347
202347 202347
202347 202347
202347 202347
202347 202347
202347 202347
202347 202347
202347 202347
202347 202347
202347 202347
202347 202347
202347 202347
202347 202347
202347 202347
202347 202347
202347 202347
202347 202347
202347 202347
202347 202347
202347 202347
202347 202347
202347 202347
202347 202347
202347 202347
202347 202347
202347 202347
202347 202347
202347 202347
202347 202347
202347 202347
202347 202347
202347 202347
202347 202347
202347 202347
202347 202347
202347 202347
202347 202347
202347 202347
202347 202347
202347 202347
202347 202347
202347 202347
202347 202347
202347 202347
202347 202347
202347 202347
202347 202347
202347 202347
202347 202347
202347 202347
202347 202347
202347 202347
202347 202347
202347 202347
202347 202347
202347 202347
202347 202347
202347 202347
202347 202347
202347 202347
202347 202347
202347 202347
202347 202347
202347 202347
202347 202347
202347 202347
202347 202347
202347 202347
202347 202347
202347 202347
202347 202347
202347 202347
202347 202347
202347 202347
202347 202347
202347 202347
202347 202347
202347 202347
202347 202347
202347 202347
202347 202347
202347 202347
202347 202347
202347 202347
202347 202347
202347 202347
202347 202347
202347 202347
202347 202347
202347 202347
202347 202347
202347 202347
202347 202347
202347 202347
202347 202347
202347 202347
202347 202347
202347 202347
202347 202347
202347 202347
202347 202347
202347 202347
202347 202347
202347 202347
202347 202347
202347 202347
202347 202347
202347 202347
202347 202347
202347 202347
202347 202347
202347 202347
202347 202347
202347 202347
202347 202347
202347 202347
202347 202347
202347 202347
202347 202347
202347 202347
202347 202347
202347 202347
202347 202347
202347 202347
202347 202347
202347 202347
202347 202347
202347 202347
202347 202347
202347 202347
202347 202347
202347 202347
202347 202347
202347 202347
202347 202347
202347 202347
202347 202347
202347 202347
202347 202347
202347 202347
202347 202347
202347 202347
202347 202347
202347 202347
202347 202347
202347 202347
202347 202347
202347 202347
202347 202347
202347 202347
202347 202347
202347 202347
202347 202347
202347 202347
202347 202347
202347 202347
202347 202347
202347 202347
202347 202347
202347 202347
202347 202347
202347 202347
202347 202347
202347 202347
202347 202347
202347 202347
202347 202347
202347 202347
202347 202347
202347 202347
202347 202347
202347 202347
202347 202347
202347 202347
202347 202347
202347 202347
202347 202347
202347 202347
202347 202347
202347 202347
202347 202347
202347 202347
202347 202347
202347 202347
202347 202347
202347 202347
202347 202347
202347 202347
202347 202347
202347 202347
202347 202347
202347 202347
202347 202347
202347 202347
202347 202347
202347 202347
202347 202347
202347 202347
202347 202347
202347 202347
202347 202347
202347 202347
202347 202347
202347 202347
202347 202347
202347 202347
202347 202347
202347 202347
202347 202347
202347 202347
202347 202347
202347 202347
202347 202347
202347 202347
202347 202347
202347 202347
202347 202347
202347 202347
202347 202347
202347 202347
202347 202347
202347 202347
202347 202347
202347 202347
202347 202347
202347 202347
202347 202347
202347 202347
202347 202347
202347 202347
202347 202347
202347 202347
202347 202347
202347 202347
202347 202347
202347 202347
202347 202347
202347 202347
202347 202347
202347 202347
202347 202347
202347 202347
202347 202347
202347 202347
202347 202347
202347 202347
202347 202347
202347 202347
202347 202347
202347 202347
202347 202347
202347 202347
202347 202347
202347 202347
202347 202347
202347 202347
202347 202347
202347 202347
202347 202347
202347 202347
202347 202347
202347 202347
202347 202347
202347 202347
202347 202347
202347 202347
202347 202347
202347 202347
202347 202347
202347 202347
202347 202347
202347 202347
202347 202347
202347 202347
202347 202347
202347 202347
202347 202347
202347 202347
202347 202347
202347 202347
202347 202347
202347 202347
202347 202347
202347 202347
202347 202347
202347 202347
202347 202347
202347 202347
202347 202347
202347 202347
202347 202347
202347 202347
202347 202347
202347 202347
202347 202347
202347 202347
202347 202347
202347 202347
202347 202347
202347 202347
202347 202347
202347 202347
202347 202347
202347 202347
202347 202347
202347 202347
202347 202347
202347 202347
202347 202347
202347 202347
202347 202347
202347 202347
202347 202347
202347 202347
202347 202347
202347 202347
202347 202347
202347 202347
202347 202347
202347 202347
202347 202347
202347 202347
202347 202347
202347 202347
202347 202347
202347 202347
202347 202347
202347 202347
202347 202347
202347 202347
202347 202347
202347 202347
202347 202347
202347 202347
202347 202347
202347 202347
202347 202347
202347 202347
202347 202347
202347 202347
202347 202347
202347 202347
202347 202347
202347 202347
202347 202347
202347 202347
202347 202347
202347 202347
202347 202347
202347 202347
202347 202347
202347 202347
202347 202347
202347 202347
202347 202347
202347 202347
202347 202347
202347 202347
202347 202347
202347 202347
202347 202347
202347 202347
202347 202347
202347 202347
202347 202347
202347 202347
202347 202347
202347 202347
202347 202347
202347 202347
202347 202347
202347 202347
202347 202347
202347 202347
202347 202347
202347 202347
202347 202347
202347 202347
202347 202347
202347 202347
202347 202347
202347 202347
202347 202347
202347 202347
202347 202347
202347 202347
202347 202347
202347 202347
202347 202347
202347 202347
202347 202347
202347 202347
202347 202347
202347 202347
202347 202347
202347 202347
202347 202347
202347 202347
202347 202347
202347 202347
202347 202347
202347 202347
202347 202347
202347 202347
202347 202347
202347 202347
202347 202347
202347 202347
202347 202347
202347 202347
202347 202347
202347 202347
202347 202347
202347 202347
202347 202347
202347 202347
202347 202347
202347 202347
202347 202347
202347 202347
202347 202347
202347 202347
202347 202347
202347 202347
202347 202347
202347 202347
202347 202347
202347 202347
202347 202347
202347 202347
202347 202347
202347 202347
202347 202347
202347 202347
202347 202347
202347 202347
202347 202347
202347 202347
202347 202347
202347 202347
202347 202347
202347 202347
202347 202347
202347 202347
202347 202347
202347 202347
202347 202347
202347 202347
202347 202347
202347 202347
202347 202347
202347 202347
202347 202347
202347 202347
202347 202347
202347 202347
202347 202347
202347 202347
202347 202347
202347 202347
202347 202347
202347 202347
202347 202347
202347 202347
202347 202347
202347 202347
202347 202347
202347 202347
202347 202347
202347 202347
202347 202347
202347 202347
202347 202347
202347 202347
202347 202347
202347 202347
202347 202347
202347 202347
202347 202347
202347 202347
202347 202347
202347 202347
202347 202347
202347 202347
202347 202347
202347 202347
202347 202347
202347 202347
202347 202347
202347 202347
202347 202347
202347 202347
202347 202347
202347 202347
202347 202347
202347 202347
202347 202347
202347 202347
202347 202347
202347 202347
202347 202347
202347 202347
202347 202347
202347 202347
202347 202347
202347 202347
202347 202347
202347 202347
202347 202347
202347 202347
202347 202347
202347 202347
202347 202347
202347 202347
202347 202347
202347 202347
202347 202347
202347 202347
202347 202347
202347 202347
202347 202347
202347 202347
202347 202347
202347 202347
202347 202347
202347 202347
202347 202347
202347 202347
202347 202347
202347 202347
202347 202347
202347 202347
202347 202347
202347 202347
202347 202347
202347 202347
202347 202347
202347 202347
202347 202347
202347 202347
202347 202347
202347 202347
202347 202347
202347 202347
202347 202347
202347 202347
202347 202347
202347 202347
202347 202347
202347 202347
202347 202347
202347 202347
202347 202347
202347 202347
202347 202347
202347 202347
202347 202347
202347 202347
202347 202347
202347 202347
202347 202347
202347 202347
202347 202347
202347 202347
202347 202347
202347 202347
202347 202347
202347 202347
202347 202347
202347 202347
202347 202347
202347 202347
202347 202347
202347 202347
202347 202347
202347 202347
202347 202347
202347 202347
202347 202347
202347 202347
202347 202347
202347 202347
202347 202347
202347 202347
202347 202347
202347 202347
202347 202347
202347 202347
202347 202347
202347 202347
202347 202347
202347 202347
202347 202347
202347 202347
202347 202347
202347 202347
202347 202347
202347 202347
202347 202347
202347 202347
202347 202347
202347 202347
202347 202347
202347 202347
202347 202347
202347 202347
202347 202347
202347 202347
202347 202347
202347 202347
202347 202347
202347 202347
202347 202347
202347 202347
202347 202347
202347 202347
202347 202347
202347 202347
202347 202347
202347 202347
202347 202347
202347 202347
202347 202347
202347 202347
202347 202347
202347 202347
202347 202347
202347 202347
202347 202347
202347 202347
202347 202347
202347 202347
202347 202347
202347 202347
202347 202347
202347 202347
202347 202347
202347 202347
202347 202347
202347 202347
202347 202347
202347 202347
202347 202347
202347 202347
202347 202347
202347 202347
202347 202347
202347 202347
202347 202347
202347 202347
202347 202347
202347 202347
202347 202347
202347 202347
202347 202347
202347 202347
202347 202347
202347 202347
202347 202347
202347 202347
202347 202347
202347 202347
202347 202347
202347 202347
202347 202347
202347 202347
202347 202347
202347 202347
202347 202347
202347 202347
202347 202347
202347 202347
202347 202347
202347 202347
202347 202347
202347 202347
202347 202347
202347 202347
202347 202347
202347 202347
202347 202347
202347 202347
202347 202347
202347 202347
202347 202347
202347 202347
202347 202347
202347 202347
202347 202347
202347 202347
202347 202347
202347 202347
202347 202347
202347 202347
202347 202347
202347 202347
202347 202347
202347 202347
202347 202347
202347 202347
202347 202347
202347 202347
202347 202347
202347 202347
202347 202347
202347 202347
202347 202347
202347 202347
202347 202347
202347 202347
202347 202347
202347 202347
202347 202347
202347 202347
202347 202347
202347 202347
202347 202347
202347 202347
202347 202347
202347 202347
202347 202347
202347 202347
202347 202347
202347 202347
202347 202347
202347 202347
202347 202347
202347 202347
202347 202347
202347 202347
202347 202347
202347 202347
202347 202347
202347 202347
202347 202347
202347 202347
202347 202347
202347 202347
202347 202347
202347 202347
202347 202347
202347 202347
202347 202347
202347 202347
202347 202347
202347 202347
202347 202347
202347 202347
202347 202347
202347 202347
202347 202347
202347 202347
202347 202347
202347 202347
202347 202347
202347 202347
202347 202347
202347 202347
202347 202347
202347 202347
202347 202347
202347 202347
202347 202347
202347 202347
202347 202347
202347 202347
202347 202347
202347 202347
202347 202347
202347 202347
202347 202347
202347 202347
202347 202347
202347 202347
202347 202347
202347 202347
202347 202347
202347 202347
202347 202347
202347 202347
202347 202347
202347 202347
202347 202347
202347 202347
202347 202347
202347 202347
202347 202347
202347 202347
202347 202347
202347 202347
202347 202347
202347 202347
202347 202347
202347 202347
202347 202347
202347 202347
202347 202347
202347 202347
202347 202347
202347 202347
202347 202347
202347 202347
202347 202347
202347 202347
202347 202347
202347 202347
202347 202347
202347 202347
202347 202347
202347 202347
202347 202347
202347 202347
202347 202347
202347 202347
202347 202347
202347 202347
202347 202347
202347 202347
202347 202347
202347 202347
202347 202347
202347 202347
202347 202347
202347 202347
202347 202347
202347 202347
202347 202347
202347 202347
202347 202347
202347 202347
202347 202347
202347 202347
202347 202347
202347 202347
202347 202347
202347 202347
202347 202347
202347 202347
202347 202347
202347 202347
202347 202347
202347 202347
202347 202347
202347 202347
202347 202347
202347 202347
202347 202347
202347 202347
202347 202347
202347 202347
202347 202347
202347 202347
202347 202347
202347 202347
202347 202347
202347 202347
202347 202347
202347 202347
202347 202347
202347 202347
202347 202347
202347 202347
202347 202347
202347 202347
202347 202347
202347 202347
202347 202347
202347 202347
202347 202347
202347 202347
202347 202347
202347 202347
202347 202347
202347 202347
202347 202347
202347 202347
202347 202347
202347 202347
202347 202347
202347 202347
202347 202347
202347 202347
202347 202347
202347 202347
202347 202347
202347 202347
202347 202347
202347 202347
202347 202347
202347 202347
202347 202347
202347 202347
202347 202347
202347 202347
202347 202347
202347 202347
202347 202347
202347 202347
202347 202347
202347 202347
202347 202347
202347 202347
202347 202347
202347 202347
202347 202347
202347 202347
202347 202347
202347 202347
202347 202347
202347 202347
202347 202347
202347 202347
202347 202347
202347 202347
202347 202347
202347 202347
202347 202347
202347 202347
202347 202347
202347 202347
202347 202347
202347 202347
202347 202347
202347 202347
202347 202347
202347 202347
202347 202347
202347 202347
202347 202347
202347 202347
202347 202347
202347 202347
202347 202347
202347 202347
202347 202347
202347 202347
202347 202347
202347 202347
202347 202347
202347 202347
202347 202347
202347 202347
202347 202347
202347 202347
202347 202347
202347 202347
202347 202347
202347 202347
202347 202347
202347 202347
202347 202347
202347 202347
202347 202347
202347 202347
202347 202347
202347 202347
202347 202347
202347 202347
202347 202347
202347 202347
202347 202347
202347 202347
202347 202347
202347 202347
202347 202347
202347 202347
202347 202347
202347 202347
202347 202347
202347 202347
202347 202347
202347 202347
202347 202347
202347 202347
202347 202347
202347 202347
202347 202347
202347 202347
202347 202347
202347 202347
202347 202347
202347 202347
202347 202347
202347 202347
202347 202347
202347 202347
202347 202347
202347 202347
202347 202347
202347 202347
202347 202347
202347 202347
202347 202347
202347 202347
202347 202347
202347 202347
202347 202347
202347 202347
202347 202347
202347 202347
202347 202347
202347 202347
202347 202347
202347 202347
202347 202347
202347 202347
202347 202347
202347 202347
202347 202347
202347 202347
202347 202347
202347 202347
202347 202347
202347 202347
202347 202347
202347 202347
202347 202347
202347 202347
202347 202347
202347 202347
202347 202347
202347 202347
202347 202347
202347 202347
202347 202347
202347 202347
202347 202347
202347 202347
202347 202347
202347 202347
202347 202347
202347 202347
202347 202347
202347 202347
202347 202347
202347 202347
202347 202347
202347 202347
202347 202347
202347 202347
202347 202347
202347 202347
202347 202347
202347 202347
202347 202347
202347 202347
202347 202347
202347 202347
202347 202347
202347 202347
202347 202347
202347 202347
202347 202347
202347 202347
202347 202347
202347 202347
202347 202347
202347 202347
202347 202347
202347 202347
202347 202347
202347 202347
202347 202347
202347 202347
202347 202347
202347 202347
202347 202347
202347 202347
202347 202347
202347 202347
202347 202347
202347 202347
202347 202347
202347 202347
202347 202347
202347 202347
202347 202347
202347 202347
202347 202347
202347 202347
202347 202347
202347 202347
202347 202347
202347 202347
202347 202347
202347 202347
202347 202347
202347 202347
202347 202347
202347 202347
202347 202347
202347 202347
202347 202347
202347 202347
202347 202347
202347 202347
202347 202347
202347 202347
202347 202347
202347 202347
202347 202347
202347 202347
202347 202347
202347 202347
202347 202347
202347 202347
202347 202347
202347 202347
202347 202347
202347 202347
202347 202347
202347 202347
202347 202347
202347 202347
202347 202347
202347 202347
202347 202347
202347 202347
202347 202347
202347 202347
202347 202347
202347 202347
202347 202347
202347 202347
202347 202347
202347 202347
202347 202347
202347 202347
202347 202347
202347 202347
202347 202347
202347 202347
202347 202347
202347 202347
202347 202347
202347 202347
202347 202347
202347 202347
202347 202347
202347 202347
202347 202347
202347 202347
202347 202347
202347 202347
202347 202347
202347 202347
202347 202347
202347 202347
202347 202347
202347 202347
202347 202347
202347 202347
202347 202347
202347 202347
202347 202347
202347 202347
202347 202347
202347 202347
202347 202347
202347 202347
202347 202347
202347 202347
202347 202347
202347 202347
202347 202347
202347 202347
202347 202347
202347 202347
202347 202347
202347 202347
202347 202347
202347 202347
202347 202347
202347 202347
202347 202347
202347 202347
202347 202347
202347 202347
202347 202347
202347 202347
202347 202347
202347 202347
202347 202347
202347 202347
202347 202347
202347 202347
202347 202347
202347 202347
202347 202347
202347 202347
202347 202347
202347 202347
202347 202347
202347 202347
202347 202347
202347 202347
202347 202347
202347 202347
202347 202347
202347 202347
202347 202347
202347 202347
202347 202347
202347 202347
202347 202347
202347 202347
202347 202347
202347 202347
202347 202347
202347 202347
202347 202347
202347 202347
202347 202347
202347 202347
202347 202347
202347 202347
202347 202347
202347 202347
202347 202347
202347 202347
202347 202347
202347 202347
202347 202347
202347 202347
202347 202347
202347 202347
202347 202347
202347 202347
202347 202347
202347 202347
202347 202347
202347 202347
202347 202347
202347 202347
202347 202347
202347 202347
202347 202347
202347 202347
202347 202347
202347 202347
202347 202347
202347 202347
202347 202347
202347 202347
202347 202347
202347 202347
202347 202347
202347 202347
202347 202347
202347 202347
202347 202347
202347 202347
202347 202347
202347 202347
202347 202347
202347 202347
202347 202347
202347 202347
202347 202347
202347 202347
202347 202347
202347 202347
202347 202347
202347 202347
202347 202347
202347 202347
202347 202347
202347 202347
