160152
0 160617
160152 160152
154464 154464
153414 153414
151051 151051
148469 148469
146940 146940
140415 140415
138626 138626
140127 140127
137637 137637
135943 135943
126736 126736
131882 131882
131905 131905
134017 134017
138152 138152
137006 137006
136538 136538
136788 136788
138112 138112
139458 139458
135502 135502
135922 135922
136655 136655
136527 136527
139518 139518
136505 136505
135729 135729
132436 132436
136064 136064
133992 133992
137024 137024
136467 136467
133551 133551
131122 131122
134714 134714
133922 133922
134859 134859
133416 133416
136468 136468
136318 136318
134887 134887
135267 135267
137309 137309
139599 139599
139202 139202
137276 137276
140745 140745
142421 142421
140543 140543
138540 138540
136531 136531
136788 136788
132848 132848
135657 135657
137978 137978
136138 136138
135595 135595
129904 129904
130185 130185
136894 136894
130231 130231
129775 129775
127056 127056
128687 128687
131333 131333
129591 129591
132154 132154
134431 134431
134981 134981
134295 134295
134074 134074
133223 133223
133750 133750
135416 135416
134859 134859
138294 138294
138964 138964
136727 136727
135754 135754
139218 139218
136502 136502
134789 134789
138298 138298
138294 138294
138907 138907
142137 142137
135913 135913
135104 135104
135791 135791
129014 129014
133661 133661
132689 132689
131782 131782
137745 137745
140362 140362
140442 140442
138461 138461
133091 133091
139816 139816
136411 136411
135709 135709
130401 130401
132669 132669
130787 130787
130471 130471
127534 127534
130196 130196
136090 136090
139575 139575
137562 137562
137857 137857
137334 137334
136538 136538
136950 136950
135775 135775
133911 133911
131990 131990
136897 136897
136218 136218
130879 130879
129410 129410
126643 126643
129352 129352
135857 135857
133929 133929
133446 133446
134393 134393
134759 134759
130038 130038
128093 128093
129601 129601
127489 127489
126672 126672
124872 124872
124785 124785
129338 129338
132977 132977
134930 134930
141857 141857
139709 139709
144453 144453
139656 139656
139242 139242
138292 138292
136013 136013
136398 136398
135974 135974
136543 136543
132785 132785
133441 133441
137205 137205
138234 138234
138903 138903
138421 138421
135965 135965
131335 131335
130633 130633
134260 134260
136643 136643
133404 133404
132511 132511
135793 135793
133146 133146
132440 132440
129899 129899
131187 131187
129860 129860
134349 134349
133846 133846
130727 130727
132340 132340
130371 130371
128828 128828
134213 134213
134467 134467
129813 129813
132139 132139
135910 135910
129813 129813
133104 133104
132560 132560
136551 136551
132698 132698
131253 131253
133269 133269
136716 136716
134493 134493
133502 133502
132712 132712
128383 128383
132115 132115
131039 131039
131801 131801
126989 126989
131357 131357
131062 131062
129724 129724
121574 121574
121653 121653
119036 119036
121621 121621
121585 121585
125585 125585
129519 129519
137519 137519
132284 132284
132286 132286
133544 133544
128508 128508
129075 129075
127471 127471
131627 131627
130591 130591
129821 129821
126786 126786
127764 127764
130107 130107
134440 134440
130959 130959
126503 126503
128049 128049
127451 127451
129506 129506
126337 126337
124444 124444
130489 130489
132127 132127
137004 137004
136165 136165
143538 143538
139200 139200
137562 137562
138761 138761
137246 137246
137766 137766
146015 146015
143348 143348
145036 145036
141263 141263
140752 140752
140410 140410
140964 140964
134125 134125
134325 134325
134540 134540
130790 130790
135148 135148
134965 134965
126426 126426
126280 126280
128149 128149
132422 132422
138478 138478
142081 142081
143631 143631
141161 141161
139313 139313
142264 142264
137031 137031
136272 136272
134335 134335
131394 131394
136025 136025
129533 129533
127248 127248
125580 125580
126504 126504
128620 128620
129157 129157
136142 136142
144363 144363
139991 139991
135630 135630
136799 136799
135657 135657
135950 135950
134242 134242
133352 133352
134105 134105
132723 132723
136792 136792
136984 136984
137102 137102
137450 137450
139757 139757
141873 141873
138993 138993
138709 138709
131731 131731
131374 131374
135780 135780
133411 133411
135468 135468
139802 139802
139768 139768
133971 133971
136405 136405
132255 132255
129659 129659
130369 130369
128682 128682
129842 129842
131135 131135
133896 133896
134913 134913
136610 136610
135849 135849
133898 133898
136890 136890
137588 137588
139593 139593
134945 134945
132634 132634
136772 136772
134094 134094
138009 138009
138585 138585
136050 136050
137781 137781
129634 129634
129286 129286
129634 129634
131357 131357
136965 136965
131087 131087
131826 131826
135769 135769
134547 134547
128618 128618
125747 125747
127167 127167
123577 123577
126463 126463
125900 125900
123759 123759
127573 127573
128215 128215
128015 128015
121986 121986
125897 125897
126683 126683
128481 128481
127651 127651
131898 131898
136467 136467
139841 139841
138616 138616
138410 138410
133896 133896
130440 130440
130215 130215
129503 129503
127694 127694
129471 129471
129602 129602
131589 131589
133511 133511
131812 131812
130797 130797
129280 129280
130548 130548
130059 130059
136462 136462
138765 138765
135499 135499
136654 136654
133777 133777
130758 130758
131265 131265
135449 135449
127696 127696
131849 131849
132957 132957
132447 132447
126809 126809
129662 129662
125838 125838
127880 127880
130069 130069
128289 128289
129680 129680
134221 134221
136929 136929
135907 135907
137617 137617
136972 136972
140125 140125
139884 139884
139279 139279
135542 135542
136854 136854
135257 135257
134545 134545
137693 137693
133185 133185
139022 139022
132973 132973
133118 133118
134452 134452
135590 135590
137407 137407
140615 140615
141103 141103
141599 141599
138860 138860
134288 134288
134590 134590
137105 137105
138610 138610
136307 136307
134528 134528
134475 134475
137470 137470
136611 136611
134292 134292
136096 136096
138387 138387
139675 139675
132737 132737
133206 133206
127687 127687
132506 132506
135513 135513
135969 135969
140704 140704
141637 141637
141477 141477
142891 142891
140745 140745
137893 137893
136495 136495
133753 133753
135981 135981
135591 135591
136371 136371
137287 137287
135782 135782
136617 136617
137571 137571
138132 138132
139017 139017
136014 136014
140527 140527
142566 142566
143943 143943
147529 147529
145861 145861
146590 146590
143481 143481
144459 144459
142247 142247
138603 138603
138204 138204
141035 141035
137722 137722
135237 135237
136653 136653
135933 135933
139042 139042
139816 139816
138768 138768
136492 136492
139402 139402
137895 137895
139677 139677
137046 137046
144121 144121
144993 144993
140622 140622
137541 137541
137921 137921
136734 136734
132813 132813
135990 135990
133231 133231
133346 133346
131990 131990
133855 133855
131828 131828
129454 129454
124672 124672
128184 128184
126525 126525
133286 133286
132173 132173
129212 129212
127354 127354
133017 133017
134485 134485
129413 129413
127723 127723
130082 130082
132019 132019
138208 138208
139682 139682
138568 138568
136540 136540
136265 136265
131281 131281
127988 127988
122733 122733
124517 124517
118760 118760
119918 119918
122413 122413
127688 127688
126699 126699
126793 126793
130427 130427
134270 134270
136976 136976
131913 131913
130486 130486
134367 134367
132784 132784
133173 133173
128760 128760
131808 131808
133496 133496
137407 137407
141201 141201
140384 140384
140388 140388
140107 140107
132745 132745
130720 130720
128518 128518
132120 132120
131984 131984
133595 133595
131468 131468
133669 133669
133962 133962
130353 130353
131575 131575
127237 127237
128895 128895
134778 134778
132697 132697
133023 133023
133624 133624
132671 132671
136651 136651
137965 137965
140810 140810
136756 136756
133313 133313
137260 137260
134077 134077
136387 136387
140155 140155
139134 139134
138726 138726
136654 136654
137606 137606
136968 136968
136111 136111
134718 134718
135285 135285
140721 140721
138203 138203
135768 135768
133481 133481
134927 134927
133178 133178
138137 138137
140950 140950
144716 144716
142457 142457
135532 135532
133624 133624
138312 138312
143756 143756
147623 147623
146082 146082
140324 140324
144427 144427
139023 139023
133723 133723
135294 135294
134382 134382
125707 125707
130765 130765
134120 134120
136577 136577
141278 141278
144675 144675
144268 144268
142015 142015
137151 137151
138065 138065
137389 137389
137046 137046
139942 139942
136271 136271
134314 134314
129320 129320
125288 125288
122754 122754
122952 122952
132464 132464
132365 132365
125329 125329
123613 123613
123675 123675
124638 124638
125479 125479
122239 122239
120335 120335
125001 125001
126475 126475
124642 124642
128524 128524
128610 128610
131841 131841
131299 131299
129028 129028
124447 124447
121858 121858
122047 122047
122755 122755
125073 125073
127098 127098
127898 127898
125816 125816
132210 132210
136241 136241
134623 134623
129640 129640
130478 130478
130722 130722
129351 129351
128020 128020
131467 131467
131947 131947
134300 134300
130017 130017
129669 129669
127389 127389
125105 125105
122714 122714
127240 127240
125700 125700
134616 134616
130245 130245
128644 128644
133124 133124
132812 132812
134940 134940
137393 137393
135725 135725
135220 135220
137795 137795
135785 135785
135146 135146
134058 134058
134560 134560
135056 135056
135537 135537
138286 138286
139951 139951
140257 140257
139165 139165
142041 142041
138587 138587
132916 132916
133413 133413
133912 133912
136313 136313
136953 136953
130829 130829
126700 126700
121999 121999
126831 126831
130723 130723
133968 133968
137975 137975
133353 133353
132432 132432
130905 130905
137309 137309
134521 134521
131563 131563
131307 131307
131947 131947
134500 134500
134081 134081
134051 134051
135419 135419
135177 135177
135020 135020
136358 136358
136039 136039
132361 132361
132727 132727
131090 131090
136805 136805
133907 133907
137780 137780
140265 140265
137907 137907
138152 138152
134079 134079
130186 130186
130734 130734
129882 129882
131609 131609
131583 131583
132485 132485
134973 134973
136493 136493
131020 131020
133076 133076
135836 135836
138369 138369
138818 138818
137578 137578
134472 134472
136589 136589
131159 131159
132909 132909
131381 131381
129515 129515
129121 129121
128665 128665
129417 129417
125124 125124
123039 123039
124529 124529
126683 126683
132298 132298
132685 132685
137579 137579
130991 130991
129785 129785
126630 126630
131608 131608
133813 133813
136935 136935
136263 136263
128433 128433
133747 133747
131874 131874
129788 129788
131209 131209
129868 129868
131964 131964
134439 134439
132714 132714
133563 133563
139448 139448
136611 136611
133327 133327
135950 135950
135802 135802
136157 136157
135046 135046
136644 136644
132860 132860
128474 128474
122921 122921
126558 126558
126243 126243
126696 126696
124182 124182
125955 125955
125770 125770
130833 130833
132448 132448
132107 132107
136640 136640
134222 134222
134525 134525
140210 140210
137013 137013
139454 139454
138398 138398
138912 138912
136480 136480
137828 137828
139469 139469
136972 136972
138859 138859
137986 137986
135369 135369
136933 136933
134407 134407
136616 136616
135667 135667
134638 134638
132610 132610
131948 131948
132635 132635
134299 134299
130517 130517
129443 129443
135368 135368
135590 135590
135759 135759
133954 133954
133320 133320
133313 133313
134998 134998
133110 133110
131169 131169
129624 129624
129696 129696
122954 122954
120770 120770
124560 124560
130044 130044
135370 135370
135971 135971
136646 136646
137572 137572
137638 137638
132401 132401
130728 130728
125431 125431
127229 127229
124190 124190
124188 124188
125907 125907
127541 127541
135199 135199
135471 135471
137829 137829
137520 137520
133138 133138
136230 136230
137071 137071
138851 138851
132951 132951
131182 131182
132759 132759
133068 133068
135991 135991
133655 133655
135505 135505
137525 137525
135639 135639
137219 137219
138775 138775
135290 135290
135934 135934
133080 133080
139107 139107
130719 130719
132175 132175
131073 131073
129928 129928
127729 127729
128336 128336
127442 127442
130198 130198
132806 132806
135210 135210
137017 137017
138281 138281
137013 137013
138453 138453
140789 140789
137632 137632
136239 136239
137037 137037
136947 136947
136423 136423
134625 134625
130486 130486
130453 130453
131540 131540
137303 137303
137845 137845
141439 141439
140602 140602
134912 134912
136567 136567
134840 134840
134694 134694
133024 133024
134611 134611
133078 133078
132834 132834
130130 130130
132032 132032
134837 134837
135059 135059
135793 135793
138794 138794
145343 145343
142810 142810
137135 137135
139186 139186
134463 134463
135740 135740
137445 137445
131914 131914
132861 132861
131008 131008
128395 128395
128089 128089
130253 130253
125817 125817
131459 131459
131657 131657
131515 131515
127405 127405
131385 131385
131452 131452
131172 131172
126235 126235
125397 125397
127340 127340
124669 124669
125600 125600
124411 124411
125762 125762
126781 126781
128562 128562
129533 129533
130745 130745
134064 134064
133921 133921
135650 135650
138090 138090
135614 135614
138751 138751
133675 133675
129812 129812
126402 126402
126807 126807
126440 126440
126595 126595
125570 125570
127874 127874
135852 135852
129507 129507
129784 129784
131579 131579
131409 131409
134975 134975
132248 132248
137897 137897
135268 135268
132859 132859
137075 137075
137928 137928
138643 138643
134557 134557
133942 133942
138915 138915
133790 133790
133049 133049
135913 135913
136948 136948
136439 136439
137619 137619
138890 138890
134003 134003
132503 132503
127431 127431
130720 130720
128966 128966
134286 134286
135978 135978
133395 133395
133439 133439
136114 136114
138057 138057
136121 136121
137588 137588
137357 137357
134161 134161
140710 140710
143619 143619
142859 142859
139243 139243
134850 134850
131498 131498
132007 132007
134338 134338
133314 133314
134291 134291
135257 135257
133327 133327
130715 130715
135008 135008
132545 132545
133196 133196
134500 134500
133984 133984
136887 136887
137755 137755
135000 135000
131275 131275
129252 129252
134237 134237
149849 149849
149164 149164
148232 148232
142347 142347
143855 143855
145278 145278
143020 143020
139383 139383
140357 140357
138735 138735
140789 140789
138680 138680
137834 137834
137471 137471
137528 137528
137432 137432
137409 137409
141676 141676
140923 140923
138086 138086
137839 137839
137330 137330
133809 133809
132586 132586
132806 132806
131846 131846
135898 135898
137917 137917
133260 133260
133099 133099
130356 130356
129900 129900
130126 130126
133219 133219
130280 130280
129606 129606
131917 131917
135135 135135
136035 136035
133348 133348
131509 131509
133001 133001
134177 134177
133807 133807
130103 130103
129598 129598
127843 127843
130746 130746
129942 129942
132544 132544
127942 127942
130556 130556
131466 131466
135396 135396
135406 135406
135958 135958
136411 136411
136340 136340
132376 132376
129484 129484
132776 132776
134380 134380
139293 139293
140602 140602
138233 138233
139850 139850
139262 139262
134272 134272
138351 138351
137064 137064
129163 129163
131535 131535
133001 133001
130012 130012
129542 129542
121723 121723
126104 126104
127075 127075
130729 130729
128702 128702
123699 123699
121773 121773
123652 123652
120812 120812
123134 123134
126613 126613
125913 125913
130898 130898
129114 129114
128198 128198
125853 125853
131150 131150
130195 130195
127702 127702
127620 127620
125451 125451
127823 127823
132439 132439
130910 130910
128308 128308
132557 132557
136859 136859
134878 134878
133889 133889
134123 134123
136230 136230
134156 134156
133800 133800
131471 131471
130330 130330
124881 124881
127037 127037
128259 128259
123368 123368
125659 125659
127307 127307
122849 122849
120400 120400
122485 122485
123131 123131
129270 129270
132161 132161
134003 134003
129655 129655
128967 128967
131869 131869
132567 132567
129563 129563
127871 127871
128019 128019
124557 124557
127382 127382
131614 131614
134031 134031
137619 137619
142796 142796
140242 140242
135488 135488
136346 136346
141934 141934
138393 138393
136121 136121
135556 135556
135970 135970
132810 132810
132531 132531
130887 130887
130741 130741
136224 136224
134383 134383
135177 135177
136979 136979
134149 134149
137853 137853
139175 139175
136415 136415
135469 135469
134845 134845
136364 136364
134701 134701
135614 135614
133177 133177
131261 131261
131157 131157
131329 131329
134726 134726
136865 136865
135972 135972
135094 135094
134739 134739
134497 134497
135490 135490
135151 135151
133030 133030
129096 129096
127079 127079
