202336
127011 127011
131419 131419
134916 134916
138749 138749
143964 143964
145451 145451
146574 146574
148899 148899
155412 155412
158175 158175
158730 158730
159849 159849
161438 161438
164025 164025
164561 164561
168430 168430
169093 169093
169716 169716
170311 170311
177349 177349
178197 178197
179486 179486
180034 180034
182898 182898
183282 183282
184623 184623
186745 186745
186745 186745
187723 187723
187934 187934
188172 188172
189700 189700
189992 189992
190307 190307
191039 191039
191039 191039
191154 191154
191240 191240
192070 192070
192309 192309
192428 192428
192635 192635
193832 193832
194211 194211
195029 195029
195048 195048
195576 195576
195830 195830
196000 196000
196277 196277
196508 196508
196573 196573
196916 196916
197093 197093
197139 197139
197157 197157
197203 197203
197306 197306
197391 197391
197686 197686
197863 197863
197895 197895
197970 197970
198189 198189
198209 198209
198223 198223
198328 198328
198378 198378
198857 198857
198967 198967
199267 199267
199267 199267
199267 199267
199328 199328
199533 199533
199598 199598
199685 199685
199744 199744
199761 199761
199808 199808
199922 199922
199965 199965
200100 200100
200100 200100
200100 200100
200125 200125
200159 200159
200172 200172
200284 200284
200304 200304
200321 200321
200495 200495
200512 200512
200685 200685
200730 200730
200730 200730
200806 200806
200806 200806
200891 200891
200980 200980
200980 200980
201077 201077
201077 201077
201077 201077
201077 201077
201093 201093
201093 201093
201093 201093
201093 201093
201093 201093
201176 201176
201176 201176
201226 201226
201226 201226
201226 201226
201226 201226
201226 201226
201242 201242
201259 201259
201259 201259
201259 201259
201468 201468
201468 201468
201468 201468
201468 201468
201558 201558
201558 201558
201558 201558
201558 201558
201558 201558
201558 201558
201558 201558
201558 201558
201558 201558
201558 201558
201558 201558
201600 201600
201600 201600
201611 201611
201611 201611
201611 201611
201812 201812
201812 201812
201812 201812
201812 201812
201812 201812
201812 201812
201812 201812
201812 201812
201812 201812
201812 201812
201812 201812
201812 201812
201848 201848
201848 201848
201848 201848
201848 201848
201924 201924
201924 201924
201924 201924
201924 201924
201924 201924
201924 201924
201924 201924
201924 201924
201924 201924
201949 201949
201949 201949
201988 201988
201988 201988
201988 201988
202129 202129
202129 202129
202129 202129
202129 202129
202129 202129
202129 202129
202129 202129
202129 202129
202129 202129
202129 202129
202129 202129
202129 202129
202143 202143
202143 202143
202143 202143
202143 202143
202143 202143
202143 202143
202143 202143
202143 202143
202143 202143
202143 202143
202143 202143
202143 202143
202146 202146
202146 202146
202146 202146
202149 202149
202149 202149
202196 202196
202196 202196
202196 202196
202196 202196
202196 202196
202196 202196
202197 202197
202197 202197
202197 202197
202197 202197
202197 202197
202197 202197
202197 202197
202197 202197
202197 202197
202197 202197
202215 202215
202215 202215
202215 202215
202215 202215
202215 202215
202215 202215
202215 202215
202215 202215
202215 202215
202215 202215
202215 202215
202215 202215
202215 202215
202275 202275
202275 202275
202275 202275
202275 202275
202275 202275
202275 202275
202275 202275
202275 202275
202275 202275
202275 202275
202275 202275
202275 202275
202275 202275
202275 202275
202275 202275
202275 202275
202275 202275
202275 202275
202275 202275
202275 202275
202275 202275
202275 202275
202275 202275
202275 202275
202275 202275
202275 202275
202275 202275
202288 202288
202288 202288
202288 202288
202288 202288
202288 202288
202288 202288
202288 202288
202288 202288
202288 202288
202288 202288
202288 202288
202304 202304
202304 202304
202304 202304
202304 202304
202304 202304
202304 202304
202304 202304
202304 202304
202304 202304
202304 202304
202304 202304
202304 202304
202304 202304
202304 202304
202304 202304
202304 202304
202304 202304
202304 202304
202304 202304
202304 202304
202304 202304
202304 202304
202304 202304
202304 202304
202304 202304
202304 202304
202304 202304
202304 202304
202304 202304
202304 202304
202304 202304
202304 202304
202304 202304
202304 202304
202336 202336
202336 202336
202336 202336
202336 202336
202336 202336
202336 202336
202336 202336
202336 202336
202336 202336
202336 202336
202336 202336
202336 202336
202336 202336
202336 202336
202336 202336
202336 202336
202336 202336
202336 202336
202336 202336
202336 202336
202336 202336
202336 202336
202336 202336
202336 202336
202336 202336
202336 202336
202336 202336
202336 202336
202336 202336
202336 202336
202336 202336
202336 202336
202336 202336
202336 202336
202336 202336
202336 202336
202336 202336
202336 202336
202336 202336
202336 202336
202336 202336
202336 202336
202336 202336
202336 202336
202336 202336
202336 202336
202336 202336
202336 202336
202336 202336
202336 202336
202336 202336
202336 202336
202336 202336
202336 202336
202336 202336
202336 202336
202336 202336
202336 202336
202336 202336
202336 202336
202336 202336
202336 202336
202336 202336
202336 202336
202336 202336
202336 202336
202336 202336
202336 202336
202336 202336
202336 202336
202336 202336
202336 202336
202336 202336
202336 202336
202336 202336
202336 202336
202336 202336
202336 202336
202336 202336
202336 202336
202336 202336
202336 202336
202336 202336
202336 202336
202336 202336
202336 202336
202336 202336
202336 202336
202336 202336
202336 202336
202336 202336
202336 202336
202336 202336
202336 202336
202336 202336
202336 202336
202336 202336
202336 202336
202336 202336
202336 202336
202336 202336
202336 202336
202336 202336
202336 202336
202336 202336
202336 202336
202336 202336
202336 202336
202336 202336
202336 202336
202336 202336
202336 202336
202336 202336
202336 202336
202336 202336
202336 202336
202336 202336
202336 202336
202336 202336
202336 202336
202336 202336
202336 202336
202336 202336
202336 202336
202336 202336
202336 202336
202336 202336
202336 202336
202336 202336
202336 202336
202336 202336
202336 202336
202336 202336
202336 202336
202336 202336
202336 202336
202336 202336
202336 202336
202336 202336
202336 202336
202336 202336
202336 202336
202336 202336
202336 202336
202336 202336
202336 202336
202336 202336
202336 202336
202336 202336
202336 202336
202336 202336
202336 202336
202336 202336
202336 202336
202336 202336
202336 202336
202336 202336
202336 202336
202336 202336
202336 202336
202336 202336
202336 202336
202336 202336
202336 202336
202336 202336
202336 202336
202336 202336
202336 202336
202336 202336
202336 202336
202336 202336
202336 202336
202336 202336
202336 202336
202336 202336
202336 202336
202336 202336
202336 202336
202336 202336
202336 202336
202336 202336
202336 202336
202336 202336
202336 202336
202336 202336
202336 202336
202336 202336
202336 202336
202336 202336
202336 202336
202336 202336
202336 202336
202336 202336
202336 202336
202336 202336
202336 202336
202336 202336
202336 202336
202336 202336
202336 202336
202336 202336
202336 202336
202336 202336
202336 202336
202336 202336
202336 202336
202336 202336
202336 202336
202336 202336
202336 202336
202336 202336
202336 202336
202336 202336
202336 202336
202336 202336
202336 202336
202336 202336
202336 202336
202336 202336
202336 202336
202336 202336
202336 202336
202336 202336
202336 202336
202336 202336
202336 202336
202336 202336
202336 202336
202336 202336
202336 202336
202336 202336
202336 202336
202336 202336
202336 202336
202336 202336
202336 202336
202336 202336
202336 202336
202336 202336
202336 202336
202336 202336
202336 202336
202336 202336
202336 202336
202336 202336
202336 202336
202336 202336
202336 202336
202336 202336
202336 202336
202336 202336
202336 202336
202336 202336
202336 202336
202336 202336
202336 202336
202336 202336
202336 202336
202336 202336
202336 202336
202336 202336
202336 202336
202336 202336
202336 202336
202336 202336
202336 202336
202336 202336
202336 202336
202336 202336
202336 202336
202336 202336
202336 202336
202336 202336
202336 202336
202336 202336
202336 202336
202336 202336
202336 202336
202336 202336
202336 202336
202336 202336
202336 202336
202336 202336
202336 202336
202336 202336
202336 202336
202336 202336
202336 202336
202336 202336
202336 202336
202336 202336
202336 202336
202336 202336
202336 202336
202336 202336
202336 202336
202336 202336
202336 202336
202336 202336
202336 202336
202336 202336
202336 202336
202336 202336
202336 202336
202336 202336
202336 202336
202336 202336
202336 202336
202336 202336
202336 202336
202336 202336
202336 202336
202336 202336
202336 202336
202336 202336
202336 202336
202336 202336
202336 202336
202336 202336
202336 202336
202336 202336
202336 202336
202336 202336
202336 202336
202336 202336
202336 202336
202336 202336
202336 202336
202336 202336
202336 202336
202336 202336
202336 202336
202336 202336
202336 202336
202336 202336
202336 202336
202336 202336
202336 202336
202336 202336
202336 202336
202336 202336
202336 202336
202336 202336
202336 202336
202336 202336
202336 202336
202336 202336
202336 202336
202336 202336
202336 202336
202336 202336
202336 202336
202336 202336
202336 202336
202336 202336
202336 202336
202336 202336
202336 202336
202336 202336
202336 202336
202336 202336
202336 202336
202336 202336
202336 202336
202336 202336
202336 202336
202336 202336
202336 202336
202336 202336
202336 202336
202336 202336
202336 202336
202336 202336
202336 202336
202336 202336
202336 202336
202336 202336
202336 202336
202336 202336
202336 202336
202336 202336
202336 202336
202336 202336
202336 202336
202336 202336
202336 202336
202336 202336
202336 202336
202336 202336
202336 202336
202336 202336
202336 202336
202336 202336
202336 202336
202336 202336
202336 202336
202336 202336
202336 202336
202336 202336
202336 202336
202336 202336
202336 202336
202336 202336
202336 202336
202336 202336
202336 202336
202336 202336
202336 202336
202336 202336
202336 202336
202336 202336
202336 202336
202336 202336
202336 202336
202336 202336
202336 202336
202336 202336
202336 202336
202336 202336
202336 202336
202336 202336
202336 202336
202336 202336
202336 202336
202336 202336
202336 202336
202336 202336
202336 202336
202336 202336
202336 202336
202336 202336
202336 202336
202336 202336
202336 202336
202336 202336
202336 202336
202336 202336
202336 202336
202336 202336
202336 202336
202336 202336
202336 202336
202336 202336
202336 202336
202336 202336
202336 202336
202336 202336
202336 202336
202336 202336
202336 202336
202336 202336
202336 202336
202336 202336
202336 202336
202336 202336
202336 202336
202336 202336
202336 202336
202336 202336
202336 202336
202336 202336
202336 202336
202336 202336
202336 202336
202336 202336
202336 202336
202336 202336
202336 202336
202336 202336
202336 202336
202336 202336
202336 202336
202336 202336
202336 202336
202336 202336
202336 202336
202336 202336
202336 202336
202336 202336
202336 202336
202336 202336
202336 202336
202336 202336
202336 202336
202336 202336
202336 202336
202336 202336
202336 202336
202336 202336
202336 202336
202336 202336
202336 202336
202336 202336
202336 202336
202336 202336
202336 202336
202336 202336
202336 202336
202336 202336
202336 202336
202336 202336
202336 202336
202336 202336
202336 202336
202336 202336
202336 202336
202336 202336
202336 202336
202336 202336
202336 202336
202336 202336
202336 202336
202336 202336
202336 202336
202336 202336
202336 202336
202336 202336
202336 202336
202336 202336
202336 202336
202336 202336
202336 202336
202336 202336
202336 202336
202336 202336
202336 202336
202336 202336
202336 202336
202336 202336
202336 202336
202336 202336
202336 202336
202336 202336
202336 202336
202336 202336
202336 202336
202336 202336
202336 202336
202336 202336
202336 202336
202336 202336
202336 202336
202336 202336
202336 202336
202336 202336
202336 202336
202336 202336
202336 202336
202336 202336
202336 202336
202336 202336
202336 202336
202336 202336
202336 202336
202336 202336
202336 202336
202336 202336
202336 202336
202336 202336
202336 202336
202336 202336
202336 202336
202336 202336
202336 202336
202336 202336
202336 202336
202336 202336
202336 202336
202336 202336
202336 202336
202336 202336
202336 202336
202336 202336
202336 202336
202336 202336
202336 202336
202336 202336
202336 202336
202336 202336
202336 202336
202336 202336
202336 202336
202336 202336
202336 202336
202336 202336
202336 202336
202336 202336
202336 202336
202336 202336
202336 202336
202336 202336
202336 202336
202336 202336
202336 202336
202336 202336
202336 202336
202336 202336
202336 202336
202336 202336
202336 202336
202336 202336
202336 202336
202336 202336
202336 202336
202336 202336
202336 202336
202336 202336
202336 202336
202336 202336
202336 202336
202336 202336
202336 202336
202336 202336
202336 202336
202336 202336
202336 202336
202336 202336
202336 202336
202336 202336
202336 202336
202336 202336
202336 202336
202336 202336
202336 202336
202336 202336
202336 202336
202336 202336
202336 202336
202336 202336
202336 202336
202336 202336
202336 202336
202336 202336
202336 202336
202336 202336
202336 202336
202336 202336
202336 202336
202336 202336
202336 202336
202336 202336
202336 202336
202336 202336
202336 202336
202336 202336
202336 202336
202336 202336
202336 202336
202336 202336
202336 202336
202336 202336
202336 202336
202336 202336
202336 202336
202336 202336
202336 202336
202336 202336
202336 202336
202336 202336
202336 202336
202336 202336
202336 202336
202336 202336
202336 202336
202336 202336
202336 202336
202336 202336
202336 202336
202336 202336
202336 202336
202336 202336
202336 202336
202336 202336
202336 202336
202336 202336
202336 202336
202336 202336
202336 202336
202336 202336
202336 202336
202336 202336
202336 202336
202336 202336
202336 202336
202336 202336
202336 202336
202336 202336
202336 202336
202336 202336
202336 202336
202336 202336
202336 202336
202336 202336
202336 202336
202336 202336
202336 202336
202336 202336
202336 202336
202336 202336
202336 202336
202336 202336
202336 202336
202336 202336
202336 202336
202336 202336
202336 202336
202336 202336
202336 202336
202336 202336
202336 202336
202336 202336
202336 202336
202336 202336
202336 202336
202336 202336
202336 202336
202336 202336
202336 202336
202336 202336
202336 202336
202336 202336
202336 202336
202336 202336
202336 202336
202336 202336
202336 202336
202336 202336
202336 202336
202336 202336
202336 202336
202336 202336
202336 202336
202336 202336
202336 202336
202336 202336
202336 202336
202336 202336
202336 202336
202336 202336
202336 202336
202336 202336
202336 202336
202336 202336
202336 202336
202336 202336
202336 202336
202336 202336
202336 202336
202336 202336
202336 202336
202336 202336
202336 202336
202336 202336
202336 202336
202336 202336
202336 202336
202336 202336
202336 202336
202336 202336
202336 202336
202336 202336
202336 202336
202336 202336
202336 202336
202336 202336
202336 202336
202336 202336
202336 202336
202336 202336
202336 202336
202336 202336
202336 202336
202336 202336
202336 202336
202336 202336
202336 202336
202336 202336
202336 202336
202336 202336
202336 202336
202336 202336
202336 202336
202336 202336
202336 202336
202336 202336
202336 202336
202336 202336
202336 202336
202336 202336
202336 202336
202336 202336
202336 202336
202336 202336
202336 202336
202336 202336
202336 202336
202336 202336
202336 202336
202336 202336
202336 202336
202336 202336
202336 202336
202336 202336
202336 202336
202336 202336
202336 202336
202336 202336
202336 202336
202336 202336
202336 202336
202336 202336
202336 202336
202336 202336
202336 202336
202336 202336
202336 202336
202336 202336
202336 202336
202336 202336
202336 202336
202336 202336
202336 202336
202336 202336
202336 202336
202336 202336
202336 202336
202336 202336
202336 202336
202336 202336
202336 202336
202336 202336
202336 202336
202336 202336
202336 202336
202336 202336
202336 202336
202336 202336
202336 202336
202336 202336
202336 202336
202336 202336
202336 202336
202336 202336
202336 202336
202336 202336
202336 202336
202336 202336
202336 202336
202336 202336
202336 202336
202336 202336
202336 202336
202336 202336
202336 202336
202336 202336
202336 202336
202336 202336
202336 202336
202336 202336
202336 202336
202336 202336
202336 202336
202336 202336
202336 202336
202336 202336
202336 202336
202336 202336
202336 202336
202336 202336
202336 202336
202336 202336
202336 202336
202336 202336
202336 202336
202336 202336
202336 202336
202336 202336
202336 202336
202336 202336
202336 202336
202336 202336
202336 202336
202336 202336
202336 202336
202336 202336
202336 202336
202336 202336
202336 202336
202336 202336
202336 202336
202336 202336
202336 202336
202336 202336
202336 202336
202336 202336
202336 202336
202336 202336
202336 202336
202336 202336
202336 202336
202336 202336
202336 202336
202336 202336
202336 202336
202336 202336
202336 202336
202336 202336
202336 202336
202336 202336
202336 202336
202336 202336
202336 202336
202336 202336
202336 202336
202336 202336
202336 202336
202336 202336
202336 202336
202336 202336
202336 202336
202336 202336
202336 202336
202336 202336
202336 202336
202336 202336
202336 202336
202336 202336
202336 202336
202336 202336
202336 202336
202336 202336
202336 202336
202336 202336
202336 202336
202336 202336
202336 202336
202336 202336
202336 202336
202336 202336
202336 202336
202336 202336
202336 202336
202336 202336
202336 202336
202336 202336
202336 202336
202336 202336
202336 202336
202336 202336
202336 202336
202336 202336
202336 202336
202336 202336
202336 202336
202336 202336
202336 202336
202336 202336
202336 202336
202336 202336
202336 202336
202336 202336
202336 202336
202336 202336
202336 202336
202336 202336
202336 202336
202336 202336
202336 202336
202336 202336
202336 202336
202336 202336
202336 202336
202336 202336
202336 202336
202336 202336
202336 202336
202336 202336
202336 202336
202336 202336
202336 202336
202336 202336
202336 202336
202336 202336
202336 202336
202336 202336
202336 202336
202336 202336
202336 202336
202336 202336
202336 202336
202336 202336
202336 202336
202336 202336
202336 202336
202336 202336
202336 202336
202336 202336
202336 202336
202336 202336
202336 202336
202336 202336
202336 202336
202336 202336
202336 202336
202336 202336
202336 202336
202336 202336
202336 202336
202336 202336
202336 202336
202336 202336
202336 202336
202336 202336
202336 202336
202336 202336
202336 202336
202336 202336
202336 202336
202336 202336
202336 202336
202336 202336
202336 202336
202336 202336
202336 202336
202336 202336
202336 202336
202336 202336
202336 202336
202336 202336
202336 202336
202336 202336
202336 202336
202336 202336
202336 202336
202336 202336
202336 202336
202336 202336
202336 202336
202336 202336
202336 202336
202336 202336
202336 202336
202336 202336
202336 202336
202336 202336
202336 202336
202336 202336
202336 202336
202336 202336
202336 202336
202336 202336
202336 202336
202336 202336
202336 202336
202336 202336
202336 202336
202336 202336
202336 202336
202336 202336
202336 202336
202336 202336
202336 202336
202336 202336
202336 202336
202336 202336
202336 202336
202336 202336
202336 202336
202336 202336
202336 202336
202336 202336
202336 202336
202336 202336
202336 202336
202336 202336
202336 202336
202336 202336
202336 202336
202336 202336
202336 202336
202336 202336
202336 202336
202336 202336
202336 202336
202336 202336
202336 202336
202336 202336
202336 202336
202336 202336
202336 202336
202336 202336
202336 202336
202336 202336
202336 202336
202336 202336
202336 202336
202336 202336
202336 202336
202336 202336
202336 202336
202336 202336
202336 202336
202336 202336
202336 202336
202336 202336
202336 202336
202336 202336
202336 202336
202336 202336
202336 202336
202336 202336
202336 202336
202336 202336
202336 202336
202336 202336
202336 202336
202336 202336
202336 202336
202336 202336
202336 202336
202336 202336
202336 202336
202336 202336
202336 202336
202336 202336
202336 202336
202336 202336
202336 202336
202336 202336
202336 202336
202336 202336
202336 202336
202336 202336
202336 202336
202336 202336
202336 202336
202336 202336
202336 202336
202336 202336
202336 202336
202336 202336
202336 202336
202336 202336
202336 202336
202336 202336
202336 202336
202336 202336
202336 202336
202336 202336
202336 202336
202336 202336
202336 202336
202336 202336
202336 202336
202336 202336
202336 202336
202336 202336
202336 202336
202336 202336
202336 202336
202336 202336
202336 202336
202336 202336
202336 202336
202336 202336
202336 202336
202336 202336
202336 202336
202336 202336
202336 202336
202336 202336
202336 202336
202336 202336
202336 202336
202336 202336
202336 202336
202336 202336
202336 202336
202336 202336
202336 202336
202336 202336
202336 202336
202336 202336
202336 202336
202336 202336
202336 202336
202336 202336
202336 202336
202336 202336
202336 202336
202336 202336
202336 202336
202336 202336
202336 202336
202336 202336
202336 202336
202336 202336
202336 202336
202336 202336
202336 202336
202336 202336
202336 202336
202336 202336
202336 202336
202336 202336
202336 202336
202336 202336
202336 202336
202336 202336
202336 202336
202336 202336
202336 202336
202336 202336
202336 202336
202336 202336
202336 202336
202336 202336
202336 202336
202336 202336
202336 202336
202336 202336
202336 202336
202336 202336
202336 202336
202336 202336
202336 202336
202336 202336
202336 202336
202336 202336
202336 202336
202336 202336
202336 202336
202336 202336
202336 202336
202336 202336
202336 202336
202336 202336
202336 202336
202336 202336
202336 202336
202336 202336
202336 202336
202336 202336
202336 202336
202336 202336
202336 202336
202336 202336
202336 202336
202336 202336
202336 202336
202336 202336
202336 202336
202336 202336
202336 202336
202336 202336
202336 202336
202336 202336
202336 202336
202336 202336
202336 202336
202336 202336
202336 202336
202336 202336
202336 202336
202336 202336
202336 202336
202336 202336
202336 202336
202336 202336
202336 202336
202336 202336
202336 202336
202336 202336
202336 202336
202336 202336
202336 202336
202336 202336
202336 202336
202336 202336
202336 202336
202336 202336
202336 202336
202336 202336
202336 202336
202336 202336
202336 202336
202336 202336
202336 202336
202336 202336
202336 202336
202336 202336
202336 202336
202336 202336
202336 202336
202336 202336
202336 202336
202336 202336
202336 202336
202336 202336
202336 202336
202336 202336
202336 202336
202336 202336
202336 202336
202336 202336
202336 202336
202336 202336
202336 202336
202336 202336
202336 202336
202336 202336
202336 202336
202336 202336
202336 202336
202336 202336
202336 202336
202336 202336
202336 202336
202336 202336
202336 202336
202336 202336
202336 202336
202336 202336
202336 202336
202336 202336
202336 202336
202336 202336
202336 202336
202336 202336
202336 202336
202336 202336
202336 202336
202336 202336
202336 202336
202336 202336
202336 202336
202336 202336
202336 202336
202336 202336
202336 202336
202336 202336
202336 202336
202336 202336
202336 202336
202336 202336
202336 202336
202336 202336
202336 202336
202336 202336
202336 202336
202336 202336
202336 202336
202336 202336
202336 202336
202336 202336
202336 202336
202336 202336
202336 202336
202336 202336
202336 202336
202336 202336
202336 202336
202336 202336
202336 202336
202336 202336
202336 202336
202336 202336
202336 202336
202336 202336
202336 202336
202336 202336
202336 202336
202336 202336
202336 202336
202336 202336
202336 202336
202336 202336
202336 202336
202336 202336
202336 202336
202336 202336
202336 202336
202336 202336
202336 202336
202336 202336
202336 202336
202336 202336
202336 202336
202336 202336
202336 202336
202336 202336
202336 202336
202336 202336
202336 202336
202336 202336
202336 202336
202336 202336
202336 202336
202336 202336
202336 202336
202336 202336
202336 202336
202336 202336
202336 202336
202336 202336
202336 202336
202336 202336
202336 202336
202336 202336
202336 202336
202336 202336
202336 202336
202336 202336
202336 202336
202336 202336
202336 202336
202336 202336
202336 202336
202336 202336
202336 202336
202336 202336
202336 202336
202336 202336
202336 202336
202336 202336
202336 202336
202336 202336
202336 202336
202336 202336
202336 202336
202336 202336
202336 202336
202336 202336
202336 202336
202336 202336
202336 202336
202336 202336
202336 202336
202336 202336
202336 202336
202336 202336
202336 202336
202336 202336
202336 202336
202336 202336
202336 202336
202336 202336
202336 202336
202336 202336
202336 202336
202336 202336
202336 202336
202336 202336
202336 202336
202336 202336
202336 202336
202336 202336
202336 202336
202336 202336
202336 202336
202336 202336
202336 202336
202336 202336
202336 202336
202336 202336
202336 202336
202336 202336
202336 202336
202336 202336
202336 202336
202336 202336
202336 202336
202336 202336
202336 202336
202336 202336
202336 202336
202336 202336
202336 202336
202336 202336
202336 202336
202336 202336
202336 202336
202336 202336
202336 202336
202336 202336
202336 202336
202336 202336
202336 202336
202336 202336
202336 202336
202336 202336
202336 202336
202336 202336
202336 202336
202336 202336
202336 202336
202336 202336
202336 202336
202336 202336
202336 202336
202336 202336
202336 202336
202336 202336
202336 202336
202336 202336
202336 202336
202336 202336
202336 202336
202336 202336
202336 202336
202336 202336
202336 202336
202336 202336
202336 202336
202336 202336
202336 202336
202336 202336
202336 202336
202336 202336
202336 202336
202336 202336
202336 202336
202336 202336
202336 202336
202336 202336
202336 202336
202336 202336
202336 202336
202336 202336
202336 202336
202336 202336
202336 202336
202336 202336
202336 202336
202336 202336
202336 202336
202336 202336
202336 202336
202336 202336
202336 202336
202336 202336
202336 202336
202336 202336
202336 202336
202336 202336
202336 202336
202336 202336
202336 202336
202336 202336
202336 202336
202336 202336
202336 202336
202336 202336
202336 202336
202336 202336
202336 202336
202336 202336
202336 202336
202336 202336
202336 202336
202336 202336
202336 202336
202336 202336
202336 202336
202336 202336
202336 202336
202336 202336
202336 202336
202336 202336
202336 202336
202336 202336
202336 202336
202336 202336
202336 202336
202336 202336
202336 202336
202336 202336
202336 202336
202336 202336
202336 202336
202336 202336
202336 202336
202336 202336
202336 202336
202336 202336
202336 202336
202336 202336
202336 202336
202336 202336
202336 202336
202336 202336
202336 202336
202336 202336
202336 202336
202336 202336
202336 202336
202336 202336
202336 202336
202336 202336
202336 202336
202336 202336
202336 202336
202336 202336
202336 202336
202336 202336
202336 202336
202336 202336
202336 202336
202336 202336
202336 202336
202336 202336
202336 202336
202336 202336
202336 202336
202336 202336
202336 202336
202336 202336
202336 202336
202336 202336
202336 202336
202336 202336
202336 202336
202336 202336
202336 202336
202336 202336
202336 202336
202336 202336
202336 202336
202336 202336
202336 202336
202336 202336
202336 202336
202336 202336
202336 202336
202336 202336
202336 202336
202336 202336
202336 202336
202336 202336
202336 202336
202336 202336
202336 202336
202336 202336
202336 202336
202336 202336
202336 202336
202336 202336
202336 202336
202336 202336
202336 202336
202336 202336
202336 202336
202336 202336
202336 202336
202336 202336
202336 202336
202336 202336
202336 202336
202336 202336
202336 202336
202336 202336
202336 202336
202336 202336
202336 202336
202336 202336
202336 202336
202336 202336
202336 202336
202336 202336
202336 202336
202336 202336
202336 202336
202336 202336
202336 202336
202336 202336
202336 202336
202336 202336
202336 202336
202336 202336
202336 202336
202336 202336
202336 202336
202336 202336
202336 202336
202336 202336
202336 202336
202336 202336
202336 202336
202336 202336
202336 202336
202336 202336
202336 202336
202336 202336
202336 202336
202336 202336
202336 202336
202336 202336
202336 202336
202336 202336
202336 202336
202336 202336
202336 202336
202336 202336
202336 202336
202336 202336
202336 202336
202336 202336
202336 202336
202336 202336
202336 202336
202336 202336
202336 202336
202336 202336
202336 202336
202336 202336
202336 202336
202336 202336
202336 202336
202336 202336
202336 202336
202336 202336
202336 202336
202336 202336
202336 202336
202336 202336
202336 202336
202336 202336
202336 202336
202336 202336
202336 202336
202336 202336
202336 202336
202336 202336
202336 202336
202336 202336
202336 202336
202336 202336
202336 202336
202336 202336
202336 202336
202336 202336
202336 202336
202336 202336
202336 202336
202336 202336
202336 202336
202336 202336
202336 202336
202336 202336
202336 202336
202336 202336
202336 202336
202336 202336
202336 202336
202336 202336
202336 202336
202336 202336
202336 202336
202336 202336
202336 202336
202336 202336
202336 202336
202336 202336
202336 202336
202336 202336
202336 202336
202336 202336
202336 202336
202336 202336
202336 202336
202336 202336
202336 202336
202336 202336
202336 202336
202336 202336
202336 202336
202336 202336
202336 202336
202336 202336
202336 202336
202336 202336
202336 202336
202336 202336
202336 202336
202336 202336
202336 202336
202336 202336
202336 202336
202336 202336
202336 202336
202336 202336
202336 202336
202336 202336
202336 202336
202336 202336
202336 202336
202336 202336
202336 202336
202336 202336
202336 202336
202336 202336
202336 202336
202336 202336
202336 202336
202336 202336
202336 202336
202336 202336
202336 202336
202336 202336
202336 202336
202336 202336
202336 202336
202336 202336
202336 202336
202336 202336
202336 202336
202336 202336
202336 202336
202336 202336
202336 202336
202336 202336
202336 202336
202336 202336
202336 202336
202336 202336
202336 202336
202336 202336
202336 202336
202336 202336
202336 202336
202336 202336
202336 202336
202336 202336
202336 202336
202336 202336
202336 202336
202336 202336
202336 202336
202336 202336
202336 202336
202336 202336
202336 202336
202336 202336
202336 202336
202336 202336
202336 202336
202336 202336
202336 202336
202336 202336
202336 202336
202336 202336
202336 202336
202336 202336
202336 202336
202336 202336
202336 202336
202336 202336
202336 202336
202336 202336
202336 202336
202336 202336
202336 202336
202336 202336
202336 202336
202336 202336
202336 202336
202336 202336
202336 202336
202336 202336
202336 202336
202336 202336
202336 202336
202336 202336
202336 202336
202336 202336
202336 202336
202336 202336
202336 202336
202336 202336
202336 202336
202336 202336
202336 202336
202336 202336
202336 202336
202336 202336
202336 202336
202336 202336
202336 202336
202336 202336
202336 202336
202336 202336
202336 202336
202336 202336
202336 202336
202336 202336
202336 202336
202336 202336
202336 202336
202336 202336
202336 202336
202336 202336
202336 202336
202336 202336
202336 202336
202336 202336
202336 202336
202336 202336
202336 202336
202336 202336
202336 202336
202336 202336
202336 202336
202336 202336
202336 202336
202336 202336
202336 202336
202336 202336
202336 202336
202336 202336
202336 202336
202336 202336
202336 202336
202336 202336
202336 202336
202336 202336
202336 202336
202336 202336
202336 202336
202336 202336
202336 202336
202336 202336
202336 202336
202336 202336
202336 202336
202336 202336
202336 202336
202336 202336
202336 202336
202336 202336
202336 202336
202336 202336
202336 202336
202336 202336
202336 202336
202336 202336
202336 202336
202336 202336
202336 202336
202336 202336
202336 202336
202336 202336
202336 202336
202336 202336
202336 202336
202336 202336
202336 202336
202336 202336
202336 202336
202336 202336
202336 202336
202336 202336
202336 202336
202336 202336
202336 202336
202336 202336
202336 202336
202336 202336
202336 202336
202336 202336
202336 202336
202336 202336
202336 202336
202336 202336
202336 202336
202336 202336
202336 202336
202336 202336
202336 202336
202336 202336
202336 202336
202336 202336
202336 202336
202336 202336
202336 202336
202336 202336
202336 202336
202336 202336
202336 202336
202336 202336
202336 202336
202336 202336
202336 202336
202336 202336
202336 202336
202336 202336
202336 202336
202336 202336
202336 202336
202336 202336
202336 202336
202336 202336
202336 202336
202336 202336
202336 202336
202336 202336
202336 202336
202336 202336
202336 202336
202336 202336
202336 202336
202336 202336
202336 202336
202336 202336
202336 202336
202336 202336
202336 202336
202336 202336
202336 202336
202336 202336
202336 202336
202336 202336
202336 202336
202336 202336
202336 202336
202336 202336
202336 202336
202336 202336
202336 202336
202336 202336
202336 202336
202336 202336
202336 202336
202336 202336
202336 202336
202336 202336
202336 202336
202336 202336
202336 202336
202336 202336
202336 202336
202336 202336
202336 202336
202336 202336
202336 202336
202336 202336
202336 202336
202336 202336
202336 202336
202336 202336
202336 202336
202336 202336
202336 202336
202336 202336
202336 202336
202336 202336
202336 202336
202336 202336
202336 202336
202336 202336
202336 202336
202336 202336
202336 202336
202336 202336
202336 202336
202336 202336
202336 202336
202336 202336
202336 202336
202336 202336
202336 202336
202336 202336
202336 202336
202336 202336
202336 202336
202336 202336
202336 202336
202336 202336
202336 202336
202336 202336
202336 202336
202336 202336
202336 202336
202336 202336
202336 202336
202336 202336
202336 202336
202336 202336
202336 202336
202336 202336
202336 202336
202336 202336
202336 202336
202336 202336
202336 202336
202336 202336
202336 202336
202336 202336
202336 202336
202336 202336
202336 202336
202336 202336
202336 202336
202336 202336
202336 202336
202336 202336
202336 202336
202336 202336
202336 202336
202336 202336
202336 202336
202336 202336
202336 202336
202336 202336
202336 202336
202336 202336
202336 202336
202336 202336
202336 202336
202336 202336
202336 202336
202336 202336
202336 202336
202336 202336
202336 202336
202336 202336
202336 202336
202336 202336
202336 202336
202336 202336
202336 202336
202336 202336
202336 202336
202336 202336
202336 202336
202336 202336
202336 202336
202336 202336
202336 202336
202336 202336
202336 202336
202336 202336
202336 202336
202336 202336
202336 202336
202336 202336
202336 202336
202336 202336
202336 202336
202336 202336
202336 202336
202336 202336
202336 202336
202336 202336
202336 202336
202336 202336
202336 202336
202336 202336
202336 202336
202336 202336
202336 202336
202336 202336
202336 202336
202336 202336
202336 202336
202336 202336
202336 202336
202336 202336
202336 202336
202336 202336
202336 202336
202336 202336
202336 202336
202336 202336
202336 202336
202336 202336
202336 202336
202336 202336
202336 202336
202336 202336
202336 202336
202336 202336
202336 202336
202336 202336
202336 202336
202336 202336
202336 202336
202336 202336
202336 202336
202336 202336
202336 202336
202336 202336
202336 202336
202336 202336
202336 202336
202336 202336
202336 202336
202336 202336
202336 202336
202336 202336
202336 202336
202336 202336
202336 202336
202336 202336
202336 202336
202336 202336
202336 202336
202336 202336
202336 202336
202336 202336
202336 202336
202336 202336
202336 202336
202336 202336
202336 202336
202336 202336
202336 202336
202336 202336
202336 202336
202336 202336
202336 202336
202336 202336
202336 202336
202336 202336
202336 202336
202336 202336
202336 202336
202336 202336
202336 202336
202336 202336
202336 202336
202336 202336
202336 202336
202336 202336
202336 202336
202336 202336
202336 202336
202336 202336
202336 202336
202336 202336
202336 202336
202336 202336
202336 202336
202336 202336
202336 202336
202336 202336
202336 202336
202336 202336
202336 202336
202336 202336
202336 202336
202336 202336
202336 202336
202336 202336
202336 202336
202336 202336
202336 202336
202336 202336
202336 202336
202336 202336
202336 202336
202336 202336
202336 202336
202336 202336
202336 202336
202336 202336
202336 202336
202336 202336
202336 202336
202336 202336
202336 202336
202336 202336
202336 202336
202336 202336
202336 202336
202336 202336
202336 202336
202336 202336
202336 202336
202336 202336
202336 202336
202336 202336
202336 202336
202336 202336
202336 202336
202336 202336
202336 202336
202336 202336
202336 202336
202336 202336
202336 202336
202336 202336
202336 202336
202336 202336
202336 202336
202336 202336
202336 202336
202336 202336
202336 202336
202336 202336
202336 202336
202336 202336
202336 202336
202336 202336
202336 202336
202336 202336
202336 202336
202336 202336
202336 202336
202336 202336
202336 202336
202336 202336
202336 202336
202336 202336
202336 202336
202336 202336
202336 202336
202336 202336
202336 202336
202336 202336
202336 202336
202336 202336
202336 202336
202336 202336
202336 202336
202336 202336
202336 202336
202336 202336
202336 202336
202336 202336
202336 202336
202336 202336
202336 202336
202336 202336
202336 202336
202336 202336
202336 202336
202336 202336
202336 202336
202336 202336
202336 202336
202336 202336
202336 202336
202336 202336
202336 202336
202336 202336
202336 202336
202336 202336
202336 202336
202336 202336
202336 202336
202336 202336
202336 202336
202336 202336
202336 202336
202336 202336
202336 202336
202336 202336
202336 202336
202336 202336
202336 202336
202336 202336
202336 202336
202336 202336
202336 202336
202336 202336
202336 202336
202336 202336
202336 202336
202336 202336
202336 202336
202336 202336
202336 202336
202336 202336
202336 202336
202336 202336
202336 202336
202336 202336
202336 202336
202336 202336
202336 202336
202336 202336
202336 202336
202336 202336
202336 202336
202336 202336
202336 202336
202336 202336
202336 202336
202336 202336
202336 202336
202336 202336
202336 202336
202336 202336
202336 202336
202336 202336
202336 202336
202336 202336
202336 202336
202336 202336
202336 202336
202336 202336
202336 202336
202336 202336
202336 202336
202336 202336
202336 202336
202336 202336
202336 202336
202336 202336
202336 202336
202336 202336
202336 202336
202336 202336
202336 202336
202336 202336
202336 202336
202336 202336
202336 202336
202336 202336
202336 202336
202336 202336
202336 202336
202336 202336
202336 202336
202336 202336
202336 202336
202336 202336
202336 202336
202336 202336
202336 202336
202336 202336
202336 202336
202336 202336
202336 202336
202336 202336
202336 202336
202336 202336
202336 202336
202336 202336
202336 202336
202336 202336
202336 202336
202336 202336
202336 202336
202336 202336
202336 202336
202336 202336
202336 202336
202336 202336
202336 202336
202336 202336
202336 202336
202336 202336
202336 202336
202336 202336
202336 202336
202336 202336
202336 202336
202336 202336
202336 202336
202336 202336
202336 202336
202336 202336
202336 202336
202336 202336
202336 202336
202336 202336
202336 202336
202336 202336
202336 202336
202336 202336
202336 202336
202336 202336
202336 202336
202336 202336
202336 202336
202336 202336
202336 202336
202336 202336
202336 202336
202336 202336
202336 202336
202336 202336
202336 202336
202336 202336
202336 202336
202336 202336
202336 202336
202336 202336
202336 202336
202336 202336
202336 202336
202336 202336
202336 202336
202336 202336
202336 202336
202336 202336
202336 202336
202336 202336
202336 202336
202336 202336
202336 202336
202336 202336
202336 202336
202336 202336
202336 202336
202336 202336
202336 202336
202336 202336
202336 202336
202336 202336
202336 202336
202336 202336
202336 202336
202336 202336
202336 202336
202336 202336
202336 202336
202336 202336
202336 202336
202336 202336
202336 202336
202336 202336
202336 202336
202336 202336
202336 202336
202336 202336
202336 202336
202336 202336
202336 202336
202336 202336
202336 202336
202336 202336
202336 202336
202336 202336
202336 202336
202336 202336
202336 202336
202336 202336
202336 202336
202336 202336
202336 202336
202336 202336
202336 202336
202336 202336
202336 202336
202336 202336
202336 202336
202336 202336
202336 202336
202336 202336
202336 202336
202336 202336
202336 202336
202336 202336
202336 202336
202336 202336
202336 202336
202336 202336
202336 202336
202336 202336
202336 202336
202336 202336
202336 202336
202336 202336
202336 202336
202336 202336
202336 202336
202336 202336
202336 202336
202336 202336
202336 202336
202336 202336
202336 202336
202336 202336
202336 202336
202336 202336
202336 202336
202336 202336
202336 202336
202336 202336
202336 202336
202336 202336
202336 202336
202336 202336
202336 202336
202336 202336
202336 202336
202336 202336
202336 202336
202336 202336
202336 202336
202336 202336
202336 202336
202336 202336
202336 202336
202336 202336
202336 202336
202336 202336
202336 202336
202336 202336
202336 202336
202336 202336
202336 202336
202336 202336
202336 202336
202336 202336
202336 202336
202336 202336
202336 202336
202336 202336
202336 202336
202336 202336
202336 202336
202336 202336
202336 202336
202336 202336
202336 202336
202336 202336
202336 202336
202336 202336
202336 202336
202336 202336
202336 202336
202336 202336
202336 202336
202336 202336
202336 202336
202336 202336
202336 202336
202336 202336
202336 202336
202336 202336
202336 202336
202336 202336
202336 202336
202336 202336
202336 202336
202336 202336
202336 202336
202336 202336
202336 202336
202336 202336
202336 202336
202336 202336
202336 202336
202336 202336
202336 202336
202336 202336
202336 202336
202336 202336
202336 202336
202336 202336
202336 202336
202336 202336
202336 202336
202336 202336
202336 202336
202336 202336
202336 202336
202336 202336
202336 202336
202336 202336
202336 202336
202336 202336
202336 202336
202336 202336
202336 202336
202336 202336
202336 202336
202336 202336
202336 202336
202336 202336
202336 202336
202336 202336
202336 202336
202336 202336
202336 202336
202336 202336
202336 202336
202336 202336
202336 202336
202336 202336
202336 202336
202336 202336
202336 202336
202336 202336
202336 202336
202336 202336
202336 202336
202336 202336
202336 202336
202336 202336
202336 202336
202336 202336
202336 202336
202336 202336
202336 202336
202336 202336
202336 202336
202336 202336
202336 202336
202336 202336
202336 202336
202336 202336
202336 202336
202336 202336
202336 202336
202336 202336
202336 202336
202336 202336
202336 202336
202336 202336
202336 202336
202336 202336
202336 202336
202336 202336
202336 202336
202336 202336
202336 202336
202336 202336
202336 202336
202336 202336
202336 202336
202336 202336
202336 202336
202336 202336
202336 202336
202336 202336
202336 202336
202336 202336
202336 202336
202336 202336
202336 202336
202336 202336
202336 202336
202336 202336
202336 202336
202336 202336
202336 202336
202336 202336
202336 202336
202336 202336
202336 202336
202336 202336
202336 202336
202336 202336
202336 202336
202336 202336
202336 202336
202336 202336
202336 202336
202336 202336
202336 202336
202336 202336
202336 202336
202336 202336
202336 202336
202336 202336
202336 202336
202336 202336
202336 202336
202336 202336
202336 202336
202336 202336
202336 202336
202336 202336
202336 202336
202336 202336
202336 202336
202336 202336
202336 202336
202336 202336
202336 202336
202336 202336
202336 202336
202336 202336
202336 202336
202336 202336
202336 202336
202336 202336
202336 202336
202336 202336
202336 202336
202336 202336
202336 202336
202336 202336
202336 202336
202336 202336
202336 202336
202336 202336
202336 202336
202336 202336
202336 202336
202336 202336
202336 202336
202336 202336
202336 202336
202336 202336
202336 202336
202336 202336
202336 202336
202336 202336
202336 202336
202336 202336
202336 202336
202336 202336
202336 202336
202336 202336
202336 202336
202336 202336
202336 202336
202336 202336
202336 202336
202336 202336
202336 202336
202336 202336
202336 202336
202336 202336
202336 202336
202336 202336
202336 202336
202336 202336
202336 202336
202336 202336
202336 202336
202336 202336
202336 202336
202336 202336
202336 202336
202336 202336
202336 202336
202336 202336
202336 202336
202336 202336
202336 202336
202336 202336
202336 202336
202336 202336
202336 202336
202336 202336
202336 202336
202336 202336
202336 202336
202336 202336
202336 202336
202336 202336
202336 202336
202336 202336
202336 202336
202336 202336
202336 202336
202336 202336
202336 202336
202336 202336
202336 202336
202336 202336
202336 202336
202336 202336
202336 202336
202336 202336
202336 202336
202336 202336
202336 202336
202336 202336
202336 202336
202336 202336
202336 202336
202336 202336
202336 202336
202336 202336
202336 202336
202336 202336
202336 202336
202336 202336
202336 202336
202336 202336
202336 202336
202336 202336
202336 202336
202336 202336
202336 202336
202336 202336
202336 202336
202336 202336
202336 202336
202336 202336
202336 202336
202336 202336
202336 202336
202336 202336
202336 202336
202336 202336
202336 202336
202336 202336
202336 202336
202336 202336
202336 202336
202336 202336
202336 202336
202336 202336
202336 202336
202336 202336
202336 202336
202336 202336
202336 202336
202336 202336
202336 202336
202336 202336
202336 202336
202336 202336
202336 202336
202336 202336
202336 202336
202336 202336
202336 202336
202336 202336
202336 202336
202336 202336
202336 202336
202336 202336
202336 202336
202336 202336
202336 202336
202336 202336
202336 202336
202336 202336
202336 202336
202336 202336
202336 202336
202336 202336
202336 202336
202336 202336
202336 202336
202336 202336
202336 202336
202336 202336
202336 202336
202336 202336
202336 202336
202336 202336
202336 202336
202336 202336
202336 202336
202336 202336
202336 202336
202336 202336
202336 202336
202336 202336
202336 202336
202336 202336
202336 202336
202336 202336
202336 202336
202336 202336
202336 202336
202336 202336
202336 202336
202336 202336
202336 202336
202336 202336
202336 202336
202336 202336
202336 202336
202336 202336
202336 202336
202336 202336
202336 202336
202336 202336
202336 202336
202336 202336
202336 202336
202336 202336
202336 202336
202336 202336
202336 202336
202336 202336
202336 202336
202336 202336
202336 202336
202336 202336
202336 202336
202336 202336
202336 202336
202336 202336
202336 202336
202336 202336
202336 202336
202336 202336
202336 202336
202336 202336
202336 202336
202336 202336
202336 202336
202336 202336
202336 202336
202336 202336
202336 202336
202336 202336
202336 202336
202336 202336
202336 202336
202336 202336
202336 202336
202336 202336
202336 202336
202336 202336
202336 202336
202336 202336
202336 202336
202336 202336
202336 202336
202336 202336
202336 202336
202336 202336
202336 202336
202336 202336
202336 202336
202336 202336
202336 202336
202336 202336
202336 202336
202336 202336
202336 202336
202336 202336
202336 202336
202336 202336
202336 202336
202336 202336
202336 202336
202336 202336
202336 202336
202336 202336
202336 202336
202336 202336
202336 202336
202336 202336
202336 202336
202336 202336
202336 202336
202336 202336
202336 202336
202336 202336
202336 202336
202336 202336
202336 202336
202336 202336
202336 202336
202336 202336
202336 202336
202336 202336
202336 202336
202336 202336
202336 202336
202336 202336
202336 202336
202336 202336
202336 202336
202336 202336
202336 202336
202336 202336
202336 202336
202336 202336
202336 202336
202336 202336
202336 202336
202336 202336
202336 202336
202336 202336
202336 202336
202336 202336
202336 202336
202336 202336
202336 202336
202336 202336
202336 202336
202336 202336
202336 202336
202336 202336
202336 202336
202336 202336
202336 202336
202336 202336
202336 202336
202336 202336
202336 202336
202336 202336
202336 202336
202336 202336
202336 202336
202336 202336
202336 202336
202336 202336
202336 202336
202336 202336
202336 202336
202336 202336
202336 202336
202336 202336
202336 202336
202336 202336
202336 202336
202336 202336
202336 202336
202336 202336
202336 202336
202336 202336
202336 202336
202336 202336
202336 202336
202336 202336
202336 202336
202336 202336
202336 202336
202336 202336
202336 202336
202336 202336
202336 202336
202336 202336
202336 202336
202336 202336
202336 202336
202336 202336
202336 202336
202336 202336
202336 202336
202336 202336
202336 202336
202336 202336
202336 202336
202336 202336
202336 202336
202336 202336
202336 202336
202336 202336
202336 202336
202336 202336
202336 202336
202336 202336
202336 202336
202336 202336
202336 202336
202336 202336
202336 202336
202336 202336
202336 202336
202336 202336
202336 202336
202336 202336
202336 202336
202336 202336
202336 202336
202336 202336
202336 202336
202336 202336
202336 202336
202336 202336
202336 202336
202336 202336
202336 202336
202336 202336
202336 202336
202336 202336
202336 202336
202336 202336
202336 202336
202336 202336
202336 202336
202336 202336
202336 202336
202336 202336
202336 202336
202336 202336
202336 202336
202336 202336
202336 202336
202336 202336
202336 202336
202336 202336
202336 202336
202336 202336
202336 202336
202336 202336
202336 202336
202336 202336
202336 202336
202336 202336
202336 202336
202336 202336
202336 202336
202336 202336
202336 202336
202336 202336
202336 202336
202336 202336
202336 202336
202336 202336
202336 202336
202336 202336
202336 202336
202336 202336
202336 202336
202336 202336
202336 202336
202336 202336
202336 202336
202336 202336
202336 202336
