242657
-659040 197621
190342 190342
200942 200942
200962 200962
201761 201761
201790 201790
204671 204671
204743 204743
209514 209514
210106 210106
210491 210491
212037 212037
212384 212384
213866 213866
214395 214395
215551 215551
215693 215693
216153 216153
219202 219202
222036 222036
222076 222076
222540 222540
223357 223357
224794 224794
226318 226318
226710 226710
226960 226960
227055 227055
229001 229001
229210 229210
229435 229435
230327 230327
231248 231248
232000 232000
232174 232174
233037 233037
233630 233630
233990 233990
234135 234135
234959 234959
235140 235140
235811 235811
236139 236139
236224 236224
236499 236499
236744 236744
237045 237045
237630 237630
237656 237656
237767 237767
237890 237890
238259 238259
238438 238438
238533 238533
238615 238615
238685 238685
238729 238729
238966 238966
239061 239061
239075 239075
239089 239089
239128 239128
239477 239477
239704 239704
239915 239915
239915 239915
240053 240053
240217 240217
240217 240217
240453 240453
240453 240453
240528 240528
240543 240543
240558 240558
240601 240601
240672 240672
240674 240674
240844 240844
240984 240984
241003 241003
241003 241003
241003 241003
241103 241103
241207 241207
241298 241298
241379 241379
241379 241379
241379 241379
241391 241391
241553 241553
241553 241553
241553 241553
241553 241553
241553 241553
241553 241553
241553 241553
241553 241553
241599 241599
241599 241599
241619 241619
241619 241619
241625 241625
241625 241625
241785 241785
241794 241794
241894 241894
241894 241894
241894 241894
241894 241894
241894 241894
241894 241894
242032 242032
242032 242032
242032 242032
242040 242040
242040 242040
242040 242040
242040 242040
242053 242053
242061 242061
242120 242120
242120 242120
242120 242120
242157 242157
242224 242224
242224 242224
242224 242224
242224 242224
242224 242224
242224 242224
242224 242224
242224 242224
242233 242233
242233 242233
242233 242233
242233 242233
242233 242233
242233 242233
242342 242342
242342 242342
242342 242342
242342 242342
242342 242342
242342 242342
242342 242342
242371 242371
242371 242371
242371 242371
242371 242371
242371 242371
242371 242371
242371 242371
242371 242371
242371 242371
242371 242371
242371 242371
242371 242371
242371 242371
242371 242371
242371 242371
242371 242371
242371 242371
242371 242371
242371 242371
242411 242411
242411 242411
242411 242411
242411 242411
242411 242411
242411 242411
242411 242411
242411 242411
242411 242411
242411 242411
242411 242411
242468 242468
242468 242468
242468 242468
242468 242468
242468 242468
242468 242468
242468 242468
242468 242468
242468 242468
242468 242468
242468 242468
242468 242468
242468 242468
242468 242468
242468 242468
242468 242468
242468 242468
242468 242468
242468 242468
242468 242468
242468 242468
242468 242468
242468 242468
242468 242468
242491 242491
242491 242491
242491 242491
242491 242491
242491 242491
242491 242491
242491 242491
242491 242491
242491 242491
242491 242491
242491 242491
242491 242491
242491 242491
242491 242491
242491 242491
242491 242491
242491 242491
242491 242491
242491 242491
242491 242491
242491 242491
242491 242491
242491 242491
242491 242491
242491 242491
242491 242491
242491 242491
242502 242502
242502 242502
242502 242502
242502 242502
242502 242502
242548 242548
242548 242548
242548 242548
242548 242548
242548 242548
242548 242548
242548 242548
242548 242548
242548 242548
242548 242548
242548 242548
242548 242548
242548 242548
242548 242548
242548 242548
242548 242548
242548 242548
242548 242548
242548 242548
242548 242548
242548 242548
242566 242566
242566 242566
242566 242566
242566 242566
242566 242566
242566 242566
242566 242566
242566 242566
242566 242566
242566 242566
242566 242566
242566 242566
242566 242566
242566 242566
242566 242566
242566 242566
242566 242566
242566 242566
242566 242566
242566 242566
242566 242566
242566 242566
242566 242566
242566 242566
242566 242566
242566 242566
242566 242566
242566 242566
242566 242566
242566 242566
242566 242566
242566 242566
242566 242566
242566 242566
242566 242566
242566 242566
242566 242566
242566 242566
242566 242566
242566 242566
242566 242566
242566 242566
242566 242566
242566 242566
242566 242566
242566 242566
242566 242566
242566 242566
242566 242566
242566 242566
242566 242566
242566 242566
242566 242566
242566 242566
242566 242566
242566 242566
242566 242566
242566 242566
242566 242566
242566 242566
242566 242566
242566 242566
242566 242566
242568 242568
242568 242568
242568 242568
242568 242568
242568 242568
242568 242568
242568 242568
242568 242568
242568 242568
242568 242568
242568 242568
242568 242568
242568 242568
242568 242568
242568 242568
242568 242568
242568 242568
242568 242568
242584 242584
242584 242584
242584 242584
242584 242584
242584 242584
242584 242584
242584 242584
242584 242584
242584 242584
242584 242584
242584 242584
242584 242584
242584 242584
242584 242584
242584 242584
242584 242584
242584 242584
242584 242584
242584 242584
242584 242584
242584 242584
242584 242584
242584 242584
242584 242584
242584 242584
242584 242584
242584 242584
242584 242584
242584 242584
242584 242584
242584 242584
242584 242584
242584 242584
242584 242584
242584 242584
242584 242584
242584 242584
242584 242584
242584 242584
242584 242584
242584 242584
242585 242585
242585 242585
242637 242637
242637 242637
242637 242637
242637 242637
242637 242637
242637 242637
242637 242637
242637 242637
242637 242637
242637 242637
242637 242637
242637 242637
242637 242637
242637 242637
242637 242637
242637 242637
242637 242637
242637 242637
242637 242637
242637 242637
242637 242637
242637 242637
242637 242637
242637 242637
242637 242637
242637 242637
242637 242637
242637 242637
242637 242637
242637 242637
242637 242637
242637 242637
242637 242637
242637 242637
242637 242637
242637 242637
242637 242637
242637 242637
242637 242637
242637 242637
242637 242637
242637 242637
242637 242637
242637 242637
242637 242637
242637 242637
242637 242637
242637 242637
242637 242637
242637 242637
242637 242637
242637 242637
242637 242637
242637 242637
242637 242637
242637 242637
242637 242637
242637 242637
242637 242637
242637 242637
242637 242637
242637 242637
242637 242637
242637 242637
242637 242637
242637 242637
242637 242637
242637 242637
242637 242637
242637 242637
242641 242641
242641 242641
242641 242641
242641 242641
242641 242641
242641 242641
242641 242641
242641 242641
242641 242641
242641 242641
242641 242641
242641 242641
242641 242641
242641 242641
242641 242641
242641 242641
242641 242641
242641 242641
242641 242641
242641 242641
242641 242641
242641 242641
242641 242641
242641 242641
242641 242641
242641 242641
242641 242641
242641 242641
242641 242641
242641 242641
242641 242641
242641 242641
242641 242641
242657 242657
242657 242657
242657 242657
242657 242657
242657 242657
242657 242657
242657 242657
242657 242657
242657 242657
242657 242657
242657 242657
242657 242657
242657 242657
242657 242657
242657 242657
242657 242657
242657 242657
242657 242657
242657 242657
242657 242657
242657 242657
242657 242657
242657 242657
242657 242657
242657 242657
242657 242657
242657 242657
242657 242657
242657 242657
242657 242657
