202309
163442 163442
164624 164624
165563 165563
165803 165803
166287 166287
168829 168829
172715 172715
173351 173351
174601 174601
174788 174788
175582 175582
176877 176877
180628 180628
181230 181230
181285 181285
181442 181442
182117 182117
183848 183848
184474 184474
185690 185690
186727 186727
187088 187088
187273 187273
187903 187903
189433 189433
190521 190521
190677 190677
190767 190767
191033 191033
192355 192355
192675 192675
192800 192800
192808 192808
193160 193160
194390 194390
194447 194447
194856 194856
195342 195342
195404 195404
195730 195730
195730 195730
196075 196075
196131 196131
196175 196175
196854 196854
197025 197025
197309 197309
197415 197415
197415 197415
197572 197572
197711 197711
197799 197799
197987 197987
198336 198336
198639 198639
198639 198639
198639 198639
198854 198854
199087 199087
199135 199135
199135 199135
199189 199189
199633 199633
199633 199633
199633 199633
199633 199633
199633 199633
199633 199633
199759 199759
199768 199768
199852 199852
200086 200086
200086 200086
200134 200134
200230 200230
200230 200230
200230 200230
200230 200230
200283 200283
200296 200296
200446 200446
200525 200525
200568 200568
200699 200699
200699 200699
200699 200699
200812 200812
200812 200812
200812 200812
200862 200862
200973 200973
200973 200973
200973 200973
201025 201025
201025 201025
201053 201053
201053 201053
201053 201053
201053 201053
201053 201053
201053 201053
201053 201053
201053 201053
201053 201053
201053 201053
201053 201053
201053 201053
201053 201053
201053 201053
201053 201053
201053 201053
201053 201053
201053 201053
201053 201053
201053 201053
201053 201053
201053 201053
201053 201053
201053 201053
201053 201053
201053 201053
201053 201053
201053 201053
201053 201053
201053 201053
201053 201053
201053 201053
201053 201053
201053 201053
201053 201053
201053 201053
201053 201053
201053 201053
201074 201074
201178 201178
201214 201214
201214 201214
201327 201327
201327 201327
201327 201327
201327 201327
201327 201327
201327 201327
201441 201441
201441 201441
201575 201575
201594 201594
201594 201594
201594 201594
201612 201612
201653 201653
201653 201653
201653 201653
201683 201683
201745 201745
201745 201745
201745 201745
201745 201745
201745 201745
201745 201745
201750 201750
201750 201750
201750 201750
201767 201767
201767 201767
201767 201767
201767 201767
201871 201871
201871 201871
201871 201871
201891 201891
201891 201891
201891 201891
201891 201891
201891 201891
201891 201891
201891 201891
201891 201891
201891 201891
201907 201907
201907 201907
201907 201907
201907 201907
201920 201920
201920 201920
201920 201920
201920 201920
201920 201920
201920 201920
201920 201920
201920 201920
201920 201920
201920 201920
201920 201920
201920 201920
201920 201920
201920 201920
201920 201920
201920 201920
201920 201920
201920 201920
201920 201920
201920 201920
201920 201920
201920 201920
201920 201920
201920 201920
201920 201920
201920 201920
201920 201920
201920 201920
201920 201920
201920 201920
201920 201920
201920 201920
201920 201920
201920 201920
201920 201920
201920 201920
201920 201920
201920 201920
201920 201920
201920 201920
201920 201920
201920 201920
201920 201920
201920 201920
201920 201920
201920 201920
201920 201920
202011 202011
202011 202011
202011 202011
202011 202011
202011 202011
202011 202011
202011 202011
202011 202011
202011 202011
202011 202011
202011 202011
202011 202011
202011 202011
202036 202036
202036 202036
202036 202036
202036 202036
202036 202036
202036 202036
202036 202036
202036 202036
202044 202044
202044 202044
202044 202044
202084 202084
202084 202084
202084 202084
202084 202084
202084 202084
202084 202084
202084 202084
202084 202084
202113 202113
202113 202113
202113 202113
202124 202124
202124 202124
202124 202124
202124 202124
202124 202124
202124 202124
202124 202124
202124 202124
202124 202124
202125 202125
202125 202125
202168 202168
202193 202193
202193 202193
202193 202193
202193 202193
202205 202205
202205 202205
202205 202205
202205 202205
202205 202205
202205 202205
202229 202229
202229 202229
202229 202229
202229 202229
202229 202229
202229 202229
202229 202229
202229 202229
202229 202229
202229 202229
202229 202229
202229 202229
202229 202229
202229 202229
202229 202229
202229 202229
202229 202229
202229 202229
202229 202229
202229 202229
202229 202229
202229 202229
202229 202229
202229 202229
202229 202229
202229 202229
202229 202229
202229 202229
202229 202229
202229 202229
202229 202229
202229 202229
202229 202229
202229 202229
202229 202229
202229 202229
202229 202229
202229 202229
202229 202229
202229 202229
202229 202229
202229 202229
202229 202229
202229 202229
202229 202229
202229 202229
202229 202229
202229 202229
202229 202229
202229 202229
202229 202229
202229 202229
202229 202229
202229 202229
202229 202229
202229 202229
202229 202229
202229 202229
202229 202229
202229 202229
202229 202229
202229 202229
202229 202229
202229 202229
202229 202229
202229 202229
202229 202229
202229 202229
202251 202251
202251 202251
202251 202251
202251 202251
202251 202251
202251 202251
202251 202251
202251 202251
202251 202251
202251 202251
202251 202251
202251 202251
202251 202251
202251 202251
202251 202251
202251 202251
202251 202251
202251 202251
202251 202251
202251 202251
202251 202251
202251 202251
202251 202251
202251 202251
202251 202251
202251 202251
202251 202251
202251 202251
202251 202251
202251 202251
202251 202251
202251 202251
202251 202251
202251 202251
202251 202251
202251 202251
202251 202251
202251 202251
202251 202251
202251 202251
202251 202251
202251 202251
202251 202251
202251 202251
202251 202251
202251 202251
202251 202251
202251 202251
202251 202251
202251 202251
202251 202251
202251 202251
202251 202251
202251 202251
202251 202251
202251 202251
202251 202251
202251 202251
202251 202251
202251 202251
202251 202251
202251 202251
202251 202251
202251 202251
202251 202251
202251 202251
202251 202251
202251 202251
202251 202251
202251 202251
202251 202251
202251 202251
202251 202251
202251 202251
202251 202251
202251 202251
202251 202251
202251 202251
202251 202251
202251 202251
202251 202251
202251 202251
202251 202251
202251 202251
202251 202251
202251 202251
202269 202269
202269 202269
202269 202269
202309 202309
202309 202309
202309 202309
202309 202309
202309 202309
202309 202309
202309 202309
202309 202309
202309 202309
202309 202309
202309 202309
202309 202309
202309 202309
202309 202309
202309 202309
202309 202309
202309 202309
202309 202309
