242630
-659055 -659055
-659020 -659020
198575 198575
201384 201384
202761 202761
202965 202965
204724 204724
206453 206453
208778 208778
208907 208907
210871 210871
210879 210879
214293 214293
216300 216300
217617 217617
218022 218022
219695 219695
220478 220478
220903 220903
221070 221070
222623 222623
222632 222632
223357 223357
225120 225120
225583 225583
226728 226728
228362 228362
228747 228747
229178 229178
230230 230230
230784 230784
231060 231060
231287 231287
231518 231518
232208 232208
232511 232511
232675 232675
233044 233044
233286 233286
233384 233384
234655 234655
234746 234746
235063 235063
235179 235179
235497 235497
235516 235516
235972 235972
236378 236378
236399 236399
236405 236405
236500 236500
237246 237246
237596 237596
237839 237839
237862 237862
238010 238010
238199 238199
238305 238305
238443 238443
238672 238672
238775 238775
239012 239012
239036 239036
239339 239339
239384 239384
239436 239436
239517 239517
239578 239578
239655 239655
239966 239966
239970 239970
240085 240085
240403 240403
240561 240561
240583 240583
240583 240583
240767 240767
240923 240923
240923 240923
240923 240923
240923 240923
240923 240923
241080 241080
241178 241178
241178 241178
241178 241178
241178 241178
241195 241195
241305 241305
241360 241360
241360 241360
241360 241360
241360 241360
241455 241455
241455 241455
241455 241455
241666 241666
241666 241666
241666 241666
241666 241666
241666 241666
241666 241666
241760 241760
241760 241760
241761 241761
241761 241761
241761 241761
241786 241786
241786 241786
241855 241855
241855 241855
241855 241855
241884 241884
241910 241910
241910 241910
241910 241910
241910 241910
241966 241966
241966 241966
241966 241966
241966 241966
241966 241966
241981 241981
241981 241981
241981 241981
242034 242034
242112 242112
242112 242112
242112 242112
242177 242177
242177 242177
242177 242177
242177 242177
242183 242183
242183 242183
242183 242183
242268 242268
242268 242268
242268 242268
242268 242268
242268 242268
242268 242268
242268 242268
242268 242268
242268 242268
242268 242268
242268 242268
242268 242268
242268 242268
242268 242268
242268 242268
242283 242283
242283 242283
242283 242283
242283 242283
242283 242283
242283 242283
242283 242283
242283 242283
242283 242283
242283 242283
242283 242283
242283 242283
242312 242312
242312 242312
242312 242312
242312 242312
242312 242312
242312 242312
242312 242312
242312 242312
242312 242312
242312 242312
242312 242312
242312 242312
242312 242312
242312 242312
242312 242312
242312 242312
242312 242312
242312 242312
242320 242320
242320 242320
242355 242355
242355 242355
242355 242355
242355 242355
242355 242355
242355 242355
242355 242355
242355 242355
242355 242355
242355 242355
242355 242355
242355 242355
242355 242355
242355 242355
242355 242355
242355 242355
242355 242355
242368 242368
242368 242368
242398 242398
242398 242398
242398 242398
242398 242398
242398 242398
242398 242398
242398 242398
242398 242398
242398 242398
242398 242398
242399 242399
242399 242399
242399 242399
242413 242413
242446 242446
242446 242446
242446 242446
242446 242446
242446 242446
242446 242446
242446 242446
242446 242446
242446 242446
242446 242446
242446 242446
242446 242446
242447 242447
242447 242447
242447 242447
242447 242447
242447 242447
242447 242447
242447 242447
242480 242480
242480 242480
242480 242480
242480 242480
242480 242480
242480 242480
242480 242480
242480 242480
242480 242480
242480 242480
242480 242480
242480 242480
242480 242480
242497 242497
242497 242497
242497 242497
242497 242497
242497 242497
242497 242497
242497 242497
242497 242497
242497 242497
242497 242497
242497 242497
242497 242497
242497 242497
242497 242497
242497 242497
242497 242497
242497 242497
242497 242497
242497 242497
242497 242497
242497 242497
242497 242497
242497 242497
242497 242497
242497 242497
242497 242497
242497 242497
242497 242497
242497 242497
242497 242497
242497 242497
242497 242497
242497 242497
242497 242497
242497 242497
242497 242497
242497 242497
242497 242497
242497 242497
242497 242497
242497 242497
242497 242497
242497 242497
242497 242497
242497 242497
242497 242497
242497 242497
242497 242497
242497 242497
242497 242497
242497 242497
242497 242497
242497 242497
242497 242497
242497 242497
242497 242497
242497 242497
242497 242497
242497 242497
242497 242497
242497 242497
242497 242497
242497 242497
242497 242497
242497 242497
242497 242497
242497 242497
242497 242497
242497 242497
242497 242497
242497 242497
242497 242497
242497 242497
242497 242497
242497 242497
242497 242497
242497 242497
242497 242497
242497 242497
242497 242497
242497 242497
242502 242502
242502 242502
242502 242502
242502 242502
242502 242502
242502 242502
242502 242502
242502 242502
242502 242502
242502 242502
242502 242502
242502 242502
242502 242502
242502 242502
242502 242502
242502 242502
242502 242502
242502 242502
242502 242502
242502 242502
242502 242502
242502 242502
242502 242502
242502 242502
242502 242502
242502 242502
242502 242502
242502 242502
242505 242505
242505 242505
242521 242521
242521 242521
242546 242546
242546 242546
242546 242546
242546 242546
242546 242546
242546 242546
242564 242564
242564 242564
242564 242564
242564 242564
242564 242564
242564 242564
242564 242564
242564 242564
242564 242564
242564 242564
242564 242564
242564 242564
242564 242564
242564 242564
242584 242584
242584 242584
242584 242584
242584 242584
242584 242584
242584 242584
242584 242584
242584 242584
242584 242584
242584 242584
242584 242584
242584 242584
242584 242584
242584 242584
242584 242584
242584 242584
242584 242584
242584 242584
242584 242584
242584 242584
242584 242584
242584 242584
242584 242584
242584 242584
242584 242584
242584 242584
242584 242584
242584 242584
242584 242584
242584 242584
242584 242584
242584 242584
242603 242603
242603 242603
242603 242603
242603 242603
242603 242603
242603 242603
242603 242603
242603 242603
242603 242603
242603 242603
242603 242603
242603 242603
242603 242603
242607 242607
242607 242607
242607 242607
242607 242607
242607 242607
242607 242607
242607 242607
242607 242607
242607 242607
242607 242607
242607 242607
242607 242607
242607 242607
242607 242607
242607 242607
242607 242607
242607 242607
242607 242607
242607 242607
242607 242607
242607 242607
242607 242607
242607 242607
242607 242607
242607 242607
242607 242607
242607 242607
242607 242607
242607 242607
242607 242607
242607 242607
242607 242607
242607 242607
242607 242607
242607 242607
242607 242607
242607 242607
242607 242607
242607 242607
242607 242607
242607 242607
242607 242607
242607 242607
242607 242607
242607 242607
242607 242607
242607 242607
242607 242607
242607 242607
242607 242607
242607 242607
242607 242607
242607 242607
242607 242607
242607 242607
242607 242607
242607 242607
242607 242607
242607 242607
242607 242607
242607 242607
242607 242607
242607 242607
242607 242607
242607 242607
242607 242607
242607 242607
242607 242607
242630 242630
242630 242630
242630 242630
242630 242630
242630 242630
242630 242630
242630 242630
242630 242630
242630 242630
242630 242630
242630 242630
242630 242630
242630 242630
242630 242630
242630 242630
