164093
164093 164093
161370 161370
0 155122
0 151353
146289 146289
140113 140113
136476 136476
132083 132083
129050 129050
0 126746
128604 128604
125755 125755
126705 126705
123534 123534
0 122169
125921 125921
0 123302
0 122878
119167 119167
123437 123437
120966 120966
120654 120654
123167 123167
120395 120395
122300 122300
125992 125992
124160 124160
118411 118411
121771 121771
122640 122640
123213 123213
120373 120373
124567 124567
121337 121337
119281 119281
119527 119527
116362 116362
117938 117938
116674 116674
116456 116456
114568 114568
114616 114616
116604 116604
115225 115225
117443 117443
117424 117424
119890 119890
118851 118851
114881 114881
114793 114793
110464 110464
109703 109703
107168 107168
109895 109895
110132 110132
112103 112103
111396 111396
111897 111897
112508 112508
110533 110533
112082 112082
114561 114561
111995 111995
113188 113188
110880 110880
111954 111954
113479 113479
107689 107689
105292 105292
108429 108429
109514 109514
106596 106596
112339 112339
113965 113965
114996 114996
116429 116429
115901 115901
115797 115797
118927 118927
123343 123343
122725 122725
120214 120214
118423 118423
115238 115238
116425 116425
119591 119591
115172 115172
112068 112068
109192 109192
106540 106540
108671 108671
111903 111903
112473 112473
107196 107196
110640 110640
110480 110480
109443 109443
108742 108742
106761 106761
111809 111809
108932 108932
111905 111905
115472 115472
111752 111752
106647 106647
113032 113032
114613 114613
118360 118360
114947 114947
111373 111373
112413 112413
110717 110717
106959 106959
106535 106535
106420 106420
110557 110557
112526 112526
108363 108363
108190 108190
111823 111823
113515 113515
114343 114343
115014 115014
113421 113421
116485 116485
113912 113912
106246 106246
108025 108025
107206 107206
109538 109538
107511 107511
108984 108984
108777 108777
108378 108378
109713 109713
109974 109974
113505 113505
111683 111683
110314 110314
113010 113010
109548 109548
115195 115195
117830 117830
121140 121140
117269 117269
114081 114081
114568 114568
118634 118634
112695 112695
114947 114947
114472 114472
116667 116667
114049 114049
110962 110962
106281 106281
103657 103657
109185 109185
111754 111754
112710 112710
117383 117383
114239 114239
117029 117029
119194 119194
120047 120047
116508 116508
117946 117946
117781 117781
111555 111555
112225 112225
113134 113134
114223 114223
116442 116442
121031 121031
116943 116943
114985 114985
115129 115129
115473 115473
116228 116228
117854 117854
115939 115939
118025 118025
113198 113198
115932 115932
114577 114577
113295 113295
117501 117501
115604 115604
115575 115575
113696 113696
109061 109061
112874 112874
112344 112344
110233 110233
109791 109791
111093 111093
110909 110909
114422 114422
113744 113744
116766 116766
115271 115271
114390 114390
113614 113614
111851 111851
112993 112993
111688 111688
110359 110359
110095 110095
115014 115014
112458 112458
112119 112119
115953 115953
115097 115097
117603 117603
118075 118075
117470 117470
115580 115580
111478 111478
110964 110964
114868 114868
112605 112605
114855 114855
115653 115653
116355 116355
114861 114861
112528 112528
119893 119893
119186 119186
118662 118662
118194 118194
119573 119573
116033 116033
113789 113789
120183 120183
120076 120076
117792 117792
119340 119340
113083 113083
110986 110986
113666 113666
112332 112332
115437 115437
117735 117735
117351 117351
115651 115651
113634 113634
118433 118433
121196 121196
120458 120458
114455 114455
113834 113834
113077 113077
111546 111546
112944 112944
107905 107905
106917 106917
106060 106060
110052 110052
116725 116725
113319 113319
114096 114096
112020 112020
110723 110723
108288 108288
109425 109425
112326 112326
112496 112496
112466 112466
114290 114290
112252 112252
112646 112646
108460 108460
108067 108067
109344 109344
110128 110128
110990 110990
110489 110489
114473 114473
115182 115182
114147 114147
112638 112638
107925 107925
109188 109188
109977 109977
107442 107442
112008 112008
111418 111418
109414 109414
112140 112140
110783 110783
111450 111450
107556 107556
107132 107132
108421 108421
111033 111033
112760 112760
117269 117269
117680 117680
118554 118554
116330 116330
114361 114361
116528 116528
111914 111914
113515 113515
112039 112039
110081 110081
110425 110425
110639 110639
110805 110805
110875 110875
112045 112045
109031 109031
110338 110338
113640 113640
108206 108206
113261 113261
112734 112734
109688 109688
113968 113968
111905 111905
114482 114482
110001 110001
113864 113864
115761 115761
116145 116145
116906 116906
115171 115171
113936 113936
111775 111775
115527 115527
114547 114547
112396 112396
110809 110809
111806 111806
113840 113840
113071 113071
106909 106909
106660 106660
110855 110855
111327 111327
114547 114547
110219 110219
110234 110234
107415 107415
106609 106609
105899 105899
115092 115092
113013 113013
114711 114711
109647 109647
104036 104036
105564 105564
104291 104291
108136 108136
106628 106628
108274 108274
106638 106638
107459 107459
108224 108224
106869 106869
103676 103676
102386 102386
103142 103142
104713 104713
110230 110230
107854 107854
108224 108224
106471 106471
112612 112612
111098 111098
107093 107093
110972 110972
112917 112917
112877 112877
117500 117500
113393 113393
112617 112617
110906 110906
108870 108870
112057 112057
118189 118189
120009 120009
116052 116052
112139 112139
115250 115250
119292 119292
119640 119640
121675 121675
118037 118037
115672 115672
119745 119745
119722 119722
119256 119256
116297 116297
112978 112978
113878 113878
115300 115300
111459 111459
111626 111626
113699 113699
115195 115195
107512 107512
108628 108628
107310 107310
105701 105701
101781 101781
106013 106013
105926 105926
104261 104261
106491 106491
104428 104428
101629 101629
103911 103911
104560 104560
104795 104795
108485 108485
108535 108535
108600 108600
105604 105604
105592 105592
106955 106955
109658 109658
106593 106593
108636 108636
111254 111254
111120 111120
111016 111016
108480 108480
108943 108943
114149 114149
111053 111053
108100 108100
110097 110097
104929 104929
110294 110294
111278 111278
111328 111328
111021 111021
108524 108524
105574 105574
108778 108778
111147 111147
112912 112912
116691 116691
116224 116224
112743 112743
114678 114678
116496 116496
117405 117405
115402 115402
117985 117985
120291 120291
114741 114741
114632 114632
114103 114103
112380 112380
112766 112766
111241 111241
115699 115699
116194 116194
113586 113586
115827 115827
115182 115182
115511 115511
118665 118665
116768 116768
120077 120077
114329 114329
116221 116221
117361 117361
113999 113999
115268 115268
117178 117178
114372 114372
113645 113645
111896 111896
116848 116848
110942 110942
111702 111702
110917 110917
111325 111325
110706 110706
110271 110271
115407 115407
115686 115686
114268 114268
111793 111793
112994 112994
115890 115890
113593 113593
112118 112118
110911 110911
109842 109842
113007 113007
112580 112580
111824 111824
108892 108892
113341 113341
111976 111976
113172 113172
112815 112815
112702 112702
110311 110311
114340 114340
108219 108219
110159 110159
111033 111033
112576 112576
111857 111857
113397 113397
113113 113113
115756 115756
118909 118909
113406 113406
109077 109077
108486 108486
111173 111173
113507 113507
113512 113512
110424 110424
107129 107129
106173 106173
107215 107215
105553 105553
104187 104187
103898 103898
105940 105940
105660 105660
109208 109208
110424 110424
105498 105498
111630 111630
110383 110383
111556 111556
109262 109262
107993 107993
109396 109396
111139 111139
114667 114667
113575 113575
111989 111989
115037 115037
113302 113302
114595 114595
111386 111386
113943 113943
114232 114232
106703 106703
110696 110696
111835 111835
110998 110998
115059 115059
114971 114971
113771 113771
108135 108135
108063 108063
110150 110150
110811 110811
113679 113679
113600 113600
114682 114682
119874 119874
120254 120254
115283 115283
111945 111945
115594 115594
121312 121312
121853 121853
119371 119371
119894 119894
120906 120906
119714 119714
114668 114668
118684 118684
117853 117853
121334 121334
119159 119159
116949 116949
116749 116749
120993 120993
120706 120706
117772 117772
117827 117827
119004 119004
120237 120237
120963 120963
120028 120028
121595 121595
118498 118498
115567 115567
116958 116958
119274 119274
118131 118131
114585 114585
116487 116487
116910 116910
116803 116803
115670 115670
114080 114080
115114 115114
108187 108187
114261 114261
112809 112809
115073 115073
116204 116204
116609 116609
120822 120822
118867 118867
117622 117622
116209 116209
114807 114807
113680 113680
118018 118018
119001 119001
119703 119703
114441 114441
109505 109505
109601 109601
110830 110830
110480 110480
111839 111839
109974 109974
111393 111393
110860 110860
107605 107605
105589 105589
102383 102383
106156 106156
111062 111062
112379 112379
116116 116116
119109 119109
115845 115845
122449 122449
121472 121472
117568 117568
119977 119977
114374 114374
112969 112969
112250 112250
111609 111609
116400 116400
116938 116938
111685 111685
109438 109438
111312 111312
110196 110196
112609 112609
106379 106379
109091 109091
108228 108228
108885 108885
109379 109379
110647 110647
112042 112042
108269 108269
111294 111294
108476 108476
109637 109637
110965 110965
114396 114396
119750 119750
120403 120403
118441 118441
115160 115160
110157 110157
110788 110788
107952 107952
108949 108949
110025 110025
109000 109000
106343 106343
105004 105004
104579 104579
109103 109103
110779 110779
113671 113671
111800 111800
111837 111837
112072 112072
114518 114518
115245 115245
113524 113524
112131 112131
111873 111873
115013 115013
112373 112373
112076 112076
109616 109616
104954 104954
105581 105581
110395 110395
112466 112466
111845 111845
116957 116957
118070 118070
118923 118923
118691 118691
112873 112873
115141 115141
121905 121905
122401 122401
121296 121296
122698 122698
116265 116265
117788 117788
116911 116911
117148 117148
116042 116042
114005 114005
110831 110831
107466 107466
111374 111374
111429 111429
112325 112325
112740 112740
113078 113078
112439 112439
110859 110859
115497 115497
110959 110959
109983 109983
111402 111402
108777 108777
110149 110149
109247 109247
111892 111892
114477 114477
115347 115347
115351 115351
110789 110789
111076 111076
112924 112924
113496 113496
114764 114764
115054 115054
114739 114739
117291 117291
118254 118254
112719 112719
115382 115382
113448 113448
116050 116050
114309 114309
114925 114925
117329 117329
112410 112410
113125 113125
111265 111265
114625 114625
113941 113941
109870 109870
112189 112189
109420 109420
104482 104482
105718 105718
105313 105313
109440 109440
113696 113696
116020 116020
115039 115039
113006 113006
112135 112135
114035 114035
107959 107959
110092 110092
102876 102876
101677 101677
106992 106992
107448 107448
111865 111865
112562 112562
113470 113470
114510 114510
112365 112365
113798 113798
112554 112554
111781 111781
115266 115266
113699 113699
119537 119537
116395 116395
112624 112624
114411 114411
118192 118192
117190 117190
116133 116133
113488 113488
115479 115479
114652 114652
112380 112380
108541 108541
111663 111663
109638 109638
109517 109517
110277 110277
114734 114734
116373 116373
115742 115742
114785 114785
112370 112370
111543 111543
111283 111283
116709 116709
115118 115118
115930 115930
113426 113426
108228 108228
107028 107028
107429 107429
107356 107356
108184 108184
107840 107840
107174 107174
106798 106798
110576 110576
110964 110964
111165 111165
113303 113303
114261 114261
115559 115559
110011 110011
109972 109972
108996 108996
113651 113651
109619 109619
108669 108669
112785 112785
111358 111358
114457 114457
113732 113732
116582 116582
115843 115843
113969 113969
110682 110682
108347 108347
110208 110208
111734 111734
113090 113090
110391 110391
110779 110779
116397 116397
117803 117803
119072 119072
118885 118885
118292 118292
116452 116452
114492 114492
118187 118187
117419 117419
114642 114642
112444 112444
114489 114489
114562 114562
110936 110936
111595 111595
116024 116024
114940 114940
112864 112864
110808 110808
111165 111165
108719 108719
111955 111955
113150 113150
113429 113429
111710 111710
112147 112147
109110 109110
108345 108345
115106 115106
119382 119382
117621 117621
117570 117570
118349 118349
118133 118133
119745 119745
114665 114665
113233 113233
110193 110193
111780 111780
112897 112897
115885 115885
118410 118410
113823 113823
112383 112383
108323 108323
113674 113674
119382 119382
117625 117625
116760 116760
115087 115087
113971 113971
113290 113290
105309 105309
108701 108701
114988 114988
116578 116578
112781 112781
111716 111716
111953 111953
113047 113047
114923 114923
112970 112970
113901 113901
115795 115795
117424 117424
117102 117102
115890 115890
117282 117282
116725 116725
114477 114477
119224 119224
123435 123435
120419 120419
119707 119707
121097 121097
119123 119123
117746 117746
115648 115648
116791 116791
118125 118125
111107 111107
115322 115322
115615 115615
113904 113904
113697 113697
116685 116685
111609 111609
110192 110192
111382 111382
112114 112114
113208 113208
112235 112235
110249 110249
110311 110311
109182 109182
109822 109822
111890 111890
111793 111793
111959 111959
105802 105802
104224 104224
106986 106986
108996 108996
111630 111630
110317 110317
109984 109984
112202 112202
112783 112783
114365 114365
113571 113571
114529 114529
112987 112987
110901 110901
113735 113735
111972 111972
114450 114450
111235 111235
111916 111916
113899 113899
111924 111924
116456 116456
116339 116339
112658 112658
109835 109835
110116 110116
110648 110648
112576 112576
114163 114163
118338 118338
117864 117864
116893 116893
116652 116652
114321 114321
116787 116787
109209 109209
110466 110466
104151 104151
107497 107497
111732 111732
113224 113224
108453 108453
109803 109803
113619 113619
109241 109241
111184 111184
113714 113714
113848 113848
116556 116556
111825 111825
111309 111309
109130 109130
110448 110448
116149 116149
115209 115209
114640 114640
116306 116306
117282 117282
116570 116570
117588 117588
0 164163
162397 162397
157866 157866
152269 152269
145222 145222
145419 145419
139119 139119
135791 135791
132925 132925
129863 129863
127158 127158
121454 121454
123742 123742
122537 122537
126507 126507
124421 124421
127205 127205
126430 126430
122416 122416
0 119793
124420 124420
124501 124501
123319 123319
119786 119786
122651 122651
119594 119594
115983 115983
116431 116431
116594 116594
120288 120288
118047 118047
120636 120636
121983 121983
119099 119099
118684 118684
117736 117736
118286 118286
112475 112475
112421 112421
111433 111433
115949 115949
117458 117458
120471 120471
116649 116649
114462 114462
114003 114003
115052 115052
114885 114885
114453 114453
114024 114024
112992 112992
108818 108818
110368 110368
111775 111775
109863 109863
107746 107746
108438 108438
107073 107073
103563 103563
109830 109830
109595 109595
110231 110231
114210 114210
115124 115124
115882 115882
115133 115133
116227 116227
121444 121444
122999 122999
117719 117719
120553 120553
122344 122344
123677 123677
124452 124452
124306 124306
118656 118656
113339 113339
111834 111834
112337 112337
116097 116097
116637 116637
113672 113672
111555 111555
108053 108053
109950 109950
112675 112675
113907 113907
118778 118778
119968 119968
119401 119401
118531 118531
120025 120025
121956 121956
121151 121151
120659 120659
120684 120684
118041 118041
115631 115631
116277 116277
118794 118794
123508 123508
121892 121892
126355 126355
123004 123004
120006 120006
116643 116643
118572 118572
118294 118294
119249 119249
118668 118668
118781 118781
120216 120216
117444 117444
116629 116629
118029 118029
116417 116417
113389 113389
115630 115630
120103 120103
119966 119966
120799 120799
115524 115524
111366 111366
108627 108627
108339 108339
111040 111040
117147 117147
118795 118795
117610 117610
113639 113639
108052 108052
105968 105968
107053 107053
104150 104150
108926 108926
110312 110312
108636 108636
109646 109646
110765 110765
108885 108885
109261 109261
112311 112311
112607 112607
112076 112076
111079 111079
117009 117009
112648 112648
118316 118316
118188 118188
118753 118753
111694 111694
109874 109874
111845 111845
111950 111950
112098 112098
110960 110960
112232 112232
112709 112709
113270 113270
112695 112695
112852 112852
110425 110425
106150 106150
105921 105921
106867 106867
106596 106596
105018 105018
108218 108218
111130 111130
114091 114091
116191 116191
118838 118838
117945 117945
117073 117073
117861 117861
119050 119050
114833 114833
114266 114266
114831 114831
114220 114220
114327 114327
113775 113775
115981 115981
115167 115167
117679 117679
116389 116389
118503 118503
116524 116524
119231 119231
114320 114320
115444 115444
115178 115178
114696 114696
119115 119115
120413 120413
115176 115176
116608 116608
119731 119731
122184 122184
121245 121245
117717 117717
122071 122071
119684 119684
111574 111574
112867 112867
113622 113622
112489 112489
113342 113342
117390 117390
111983 111983
116871 116871
118803 118803
117658 117658
119966 119966
120146 120146
114051 114051
114802 114802
113862 113862
113244 113244
109939 109939
111737 111737
115005 115005
112278 112278
115682 115682
114390 114390
116882 116882
113174 113174
115603 115603
115107 115107
117931 117931
119887 119887
120527 120527
120288 120288
119068 119068
120550 120550
114744 114744
112731 112731
110948 110948
114230 114230
111286 111286
114894 114894
115884 115884
116974 116974
115029 115029
114920 114920
113922 113922
115230 115230
115205 115205
112839 112839
109795 109795
114769 114769
118268 118268
119952 119952
117499 117499
115329 115329
116219 116219
116883 116883
118634 118634
118419 118419
119337 119337
113460 113460
108917 108917
111686 111686
113589 113589
112706 112706
112202 112202
111872 111872
109404 109404
109286 109286
104260 104260
105294 105294
106317 106317
107918 107918
106031 106031
108508 108508
113193 113193
113742 113742
115790 115790
116091 116091
118045 118045
115297 115297
110035 110035
117899 117899
119831 119831
116557 116557
110190 110190
114547 114547
112412 112412
110462 110462
110938 110938
111219 111219
108137 108137
114754 114754
112004 112004
112052 112052
113820 113820
113329 113329
114141 114141
109327 109327
104648 104648
106065 106065
113493 113493
112987 112987
112610 112610
114513 114513
113080 113080
111262 111262
111419 111419
108826 108826
107699 107699
104236 104236
101701 101701
101881 101881
104090 104090
103602 103602
102527 102527
107933 107933
111103 111103
112364 112364
112428 112428
115002 115002
115336 115336
115018 115018
112369 112369
113203 113203
112916 112916
110607 110607
110686 110686
110520 110520
109619 109619
107468 107468
108436 108436
110357 110357
109142 109142
109449 109449
108616 108616
111351 111351
108951 108951
107625 107625
108458 108458
108317 108317
113302 113302
112973 112973
111378 111378
112003 112003
111325 111325
112040 112040
111372 111372
112608 112608
109059 109059
114058 114058
113272 113272
113056 113056
110266 110266
108001 108001
109429 109429
107050 107050
111480 111480
111047 111047
114050 114050
114882 114882
117837 117837
114831 114831
116178 116178
114484 114484
115262 115262
114901 114901
116405 116405
111602 111602
112176 112176
108480 108480
113349 113349
112261 112261
112588 112588
109049 109049
106962 106962
110545 110545
110442 110442
109902 109902
110763 110763
109061 109061
112413 112413
111514 111514
110213 110213
109659 109659
109889 109889
107414 107414
109617 109617
112672 112672
110224 110224
109016 109016
115122 115122
112204 112204
115552 115552
115538 115538
117290 117290
111617 111617
110396 110396
112134 112134
114354 114354
119245 119245
116144 116144
120908 120908
117320 117320
114299 114299
116858 116858
117125 117125
113786 113786
114058 114058
116802 116802
118330 118330
115951 115951
114039 114039
108237 108237
113008 113008
115375 115375
115160 115160
117505 117505
114049 114049
116965 116965
118877 118877
116175 116175
113746 113746
113491 113491
115166 115166
112835 112835
112166 112166
118348 118348
112762 112762
109688 109688
108687 108687
107513 107513
112402 112402
117996 117996
121344 121344
118807 118807
113736 113736
121222 121222
117785 117785
120000 120000
117087 117087
112676 112676
111416 111416
111846 111846
108975 108975
109727 109727
107854 107854
107216 107216
112464 112464
112995 112995
109861 109861
112754 112754
112390 112390
116205 116205
115973 115973
113579 113579
115669 115669
111089 111089
112919 112919
112340 112340
114307 114307
110173 110173
112728 112728
109158 109158
113214 113214
119669 119669
117144 117144
114927 114927
118536 118536
118238 118238
114042 114042
109482 109482
109215 109215
110108 110108
113592 113592
113630 113630
113254 113254
111350 111350
117886 117886
117072 117072
114767 114767
111781 111781
111244 111244
110346 110346
113017 113017
112793 112793
113976 113976
114825 114825
113284 113284
114150 114150
113276 113276
112186 112186
111334 111334
108195 108195
108108 108108
104004 104004
103391 103391
108271 108271
110385 110385
111127 111127
112842 112842
111927 111927
113349 113349
112660 112660
108901 108901
107587 107587
109142 109142
105390 105390
107630 107630
109121 109121
106250 106250
108258 108258
108542 108542
111520 111520
112664 112664
114789 114789
114026 114026
111377 111377
111604 111604
110719 110719
108739 108739
109883 109883
108659 108659
109341 109341
112601 112601
112132 112132
112460 112460
110023 110023
107544 107544
107413 107413
109159 109159
106219 106219
102698 102698
106053 106053
108340 108340
106119 106119
103790 103790
107084 107084
109727 109727
106885 106885
108349 108349
109267 109267
105909 105909
109447 109447
107080 107080
111155 111155
107786 107786
107363 107363
110041 110041
105637 105637
105301 105301
105063 105063
103975 103975
105128 105128
103090 103090
108401 108401
109696 109696
111319 111319
116343 116343
118746 118746
118685 118685
112727 112727
116952 116952
117982 117982
114427 114427
113583 113583
115922 115922
120261 120261
118789 118789
117081 117081
117849 117849
116258 116258
113208 113208
110985 110985
115729 115729
114957 114957
117287 117287
118758 118758
118428 118428
120148 120148
119909 119909
116960 116960
117252 117252
116680 116680
118310 118310
115407 115407
112970 112970
110051 110051
109338 109338
111097 111097
112194 112194
111441 111441
113841 113841
110927 110927
115135 115135
114289 114289
118022 118022
115865 115865
112476 112476
115917 115917
110570 110570
112181 112181
110728 110728
109891 109891
112006 112006
113011 113011
115347 115347
118609 118609
113358 113358
115841 115841
115297 115297
116035 116035
119450 119450
117424 117424
115567 115567
117803 117803
122042 122042
119274 119274
117172 117172
117714 117714
119767 119767
122123 122123
122620 122620
125229 125229
120081 120081
116002 116002
113169 113169
112919 112919
115977 115977
114908 114908
116781 116781
117741 117741
113265 113265
117135 117135
116617 116617
115527 115527
114637 114637
115439 115439
113573 113573
112142 112142
109223 109223
113112 113112
116113 116113
115668 115668
117180 117180
116897 116897
114852 114852
112359 112359
112971 112971
119039 119039
122201 122201
122015 122015
114285 114285
117723 117723
120063 120063
115789 115789
114067 114067
106862 106862
103611 103611
107992 107992
108951 108951
114113 114113
115459 115459
113060 113060
114348 114348
114747 114747
112381 112381
114194 114194
117192 117192
114163 114163
110867 110867
109867 109867
109073 109073
111108 111108
104925 104925
110018 110018
110605 110605
110822 110822
113912 113912
111124 111124
109778 109778
108836 108836
111536 111536
109054 109054
107451 107451
108630 108630
111162 111162
114707 114707
116031 116031
115541 115541
116957 116957
114191 114191
110987 110987
117013 117013
117366 117366
116295 116295
114843 114843
119073 119073
118556 118556
114030 114030
117790 117790
115870 115870
115077 115077
116429 116429
112123 112123
113668 113668
107921 107921
108035 108035
111204 111204
110896 110896
109449 109449
109850 109850
109753 109753
114647 114647
113627 113627
111358 111358
114472 114472
110103 110103
113864 113864
112654 112654
114373 114373
113510 113510
111359 111359
112256 112256
105700 105700
110010 110010
107585 107585
111246 111246
111728 111728
114385 114385
115375 115375
114645 114645
114324 114324
116967 116967
118893 118893
117189 117189
110239 110239
112164 112164
106939 106939
112634 112634
109210 109210
111856 111856
113455 113455
110922 110922
115944 115944
112837 112837
110772 110772
107852 107852
112588 112588
113577 113577
108584 108584
110452 110452
111354 111354
113685 113685
109248 109248
111047 111047
116202 116202
114138 114138
115968 115968
115124 115124
112479 112479
117021 117021
119175 119175
111194 111194
108631 108631
112691 112691
110403 110403
111855 111855
110336 110336
108591 108591
110034 110034
109497 109497
111598 111598
104555 104555
105039 105039
106773 106773
108337 108337
110139 110139
111184 111184
111561 111561
114046 114046
112579 112579
111789 111789
113249 113249
114926 114926
112711 112711
111563 111563
110526 110526
109753 109753
109034 109034
109646 109646
111718 111718
110180 110180
106615 106615
111155 111155
110194 110194
109729 109729
108959 108959
110785 110785
112622 112622
116073 116073
112703 112703
116284 116284
112624 112624
113660 113660
112560 112560
116004 116004
112329 112329
116175 116175
113197 113197
116391 116391
117240 117240
114674 114674
114600 114600
114763 114763
119027 119027
119007 119007
121501 121501
119837 119837
116874 116874
116528 116528
119056 119056
120379 120379
120024 120024
116353 116353
119487 119487
115638 115638
116334 116334
115538 115538
114779 114779
113494 113494
118862 118862
113534 113534
115305 115305
118289 118289
114910 114910
115843 115843
113785 113785
115048 115048
115014 115014
114239 114239
110741 110741
109761 109761
107515 107515
111562 111562
109677 109677
111984 111984
111173 111173
108998 108998
111544 111544
112320 112320
110651 110651
108705 108705
110555 110555
107152 107152
100932 100932
100224 100224
103933 103933
105357 105357
113364 113364
111612 111612
108766 108766
114570 114570
108926 108926
107714 107714
109386 109386
106687 106687
106320 106320
105464 105464
102148 102148
98805 98805
104824 104824
109945 109945
110911 110911
110643 110643
114786 114786
110281 110281
109233 109233
109368 109368
111769 111769
112728 112728
114902 114902
114386 114386
114187 114187
108500 108500
104893 104893
107670 107670
109932 109932
111929 111929
114242 114242
115925 115925
114518 114518
114910 114910
115984 115984
117475 117475
118788 118788
117178 117178
116738 116738
112684 112684
111012 111012
107669 107669
108505 108505
114953 114953
109400 109400
108092 108092
111271 111271
109549 109549
106535 106535
111016 111016
112527 112527
113741 113741
119258 119258
118701 118701
120315 120315
118115 118115
111793 111793
112760 112760
112867 112867
114572 114572
116897 116897
113634 113634
113900 113900
116324 116324
111318 111318
111075 111075
110984 110984
111803 111803
111525 111525
112934 112934
113461 113461
114541 114541
113243 113243
116388 116388
117820 117820
114095 114095
112608 112608
113962 113962
116821 116821
116852 116852
120157 120157
112522 112522
112810 112810
110610 110610
113248 113248
111861 111861
115233 115233
114621 114621
112764 112764
109867 109867
107382 107382
109048 109048
111983 111983
114574 114574
113783 113783
114875 114875
118817 118817
118084 118084
116858 116858
117141 117141
118009 118009
116118 116118
113094 113094
113613 113613
110632 110632
107787 107787
107469 107469
110346 110346
110055 110055
110802 110802
108302 108302
107146 107146
112368 112368
115040 115040
112542 112542
108485 108485
111344 111344
111041 111041
110547 110547
109723 109723
110001 110001
107980 107980
107926 107926
112763 112763
113660 113660
116146 116146
116243 116243
116953 116953
114121 114121
111965 111965
111878 111878
108056 108056
107470 107470
114528 114528
117251 117251
112830 112830
114113 114113
111592 111592
111321 111321
110965 110965
0 162678
0 161177
0 158079
148207 148207
141910 141910
0 141282
139055 139055
138739 138739
135913 135913
130463 130463
130048 130048
125284 125284
123744 123744
123313 123313
122518 122518
116517 116517
116794 116794
0 116241
118985 118985
117582 117582
119642 119642
119151 119151
116199 116199
117404 117404
118611 118611
116110 116110
117772 117772
118974 118974
118851 118851
112249 112249
118542 118542
119310 119310
114831 114831
120823 120823
118752 118752
120795 120795
114639 114639
114190 114190
114718 114718
111259 111259
112144 112144
110105 110105
113899 113899
113695 113695
112199 112199
117612 117612
114651 114651
115731 115731
117591 117591
120036 120036
121946 121946
124445 124445
119938 119938
119867 119867
119343 119343
118475 118475
120628 120628
118561 118561
114355 114355
113257 113257
113409 113409
109152 109152
115918 115918
114021 114021
113873 113873
116217 116217
118246 118246
117555 117555
118584 118584
115897 115897
117152 117152
113313 113313
113115 113115
115480 115480
115940 115940
110420 110420
107538 107538
105467 105467
104854 104854
104567 104567
106750 106750
104948 104948
108975 108975
105843 105843
110178 110178
114756 114756
112361 112361
113038 113038
111286 111286
113174 113174
113762 113762
112130 112130
113682 113682
116956 116956
116252 116252
116560 116560
115253 115253
113322 113322
107779 107779
106219 106219
108653 108653
113377 113377
109243 109243
108219 108219
106446 106446
111855 111855
111868 111868
115129 115129
114700 114700
110887 110887
109146 109146
105107 105107
107925 107925
106864 106864
110413 110413
109737 109737
110808 110808
111335 111335
111180 111180
104110 104110
106615 106615
108159 108159
105252 105252
108203 108203
108548 108548
109410 109410
108864 108864
103909 103909
103563 103563
106763 106763
105512 105512
112718 112718
112565 112565
113574 113574
110442 110442
105144 105144
107369 107369
108652 108652
110364 110364
111933 111933
108128 108128
110627 110627
111998 111998
112376 112376
115627 115627
109857 109857
111436 111436
113547 113547
113221 113221
114914 114914
112735 112735
114831 114831
112506 112506
111444 111444
114643 114643
118810 118810
115360 115360
117565 117565
116779 116779
117598 117598
115317 115317
118588 118588
116013 116013
114436 114436
110441 110441
107871 107871
109770 109770
110180 110180
113277 113277
114256 114256
113547 113547
116231 116231
114666 114666
116402 116402
118744 118744
118876 118876
114696 114696
114503 114503
112635 112635
111805 111805
112573 112573
109055 109055
111863 111863
112582 112582
109372 109372
110972 110972
111816 111816
114880 114880
113865 113865
113210 113210
114656 114656
116123 116123
119409 119409
116834 116834
117683 117683
118110 118110
114852 114852
115827 115827
112842 112842
112634 112634
110763 110763
111344 111344
107466 107466
102851 102851
105403 105403
105985 105985
108035 108035
106469 106469
109173 109173
115729 115729
110718 110718
109282 109282
110434 110434
112266 112266
111939 111939
115784 115784
116943 116943
116930 116930
115694 115694
114981 114981
116657 116657
112066 112066
114681 114681
115730 115730
115623 115623
113654 113654
118388 118388
119682 119682
114175 114175
113985 113985
117173 117173
117812 117812
118112 118112
116518 116518
119495 119495
116982 116982
119233 119233
118555 118555
113894 113894
112589 112589
114546 114546
113676 113676
116339 116339
121699 121699
123689 123689
120455 120455
118268 118268
116055 116055
114078 114078
112056 112056
112171 112171
113468 113468
120487 120487
120329 120329
115463 115463
114897 114897
113275 113275
111944 111944
112231 112231
116456 116456
120367 120367
117117 117117
117110 117110
112870 112870
111645 111645
109642 109642
110088 110088
113469 113469
114337 114337
111479 111479
111571 111571
113948 113948
117476 117476
117315 117315
120223 120223
121057 121057
114148 114148
115189 115189
117820 117820
114866 114866
115247 115247
113875 113875
111482 111482
111498 111498
111356 111356
110618 110618
109679 109679
111375 111375
110436 110436
108379 108379
106667 106667
106172 106172
109901 109901
112040 112040
113544 113544
112993 112993
106352 106352
111706 111706
107537 107537
113233 113233
112972 112972
114171 114171
115092 115092
113417 113417
115623 115623
116921 116921
115557 115557
113864 113864
116479 116479
113140 113140
111782 111782
111352 111352
109799 109799
113297 113297
110587 110587
108686 108686
109563 109563
113227 113227
115551 115551
116741 116741
118445 118445
119292 119292
118619 118619
120081 120081
121460 121460
117301 117301
118636 118636
117140 117140
116909 116909
118746 118746
120282 120282
117145 117145
117445 117445
116309 116309
114885 114885
111430 111430
114392 114392
116401 116401
117610 117610
113692 113692
113154 113154
118774 118774
117685 117685
116117 116117
114682 114682
111020 111020
106750 106750
113452 113452
116569 116569
115345 115345
116207 116207
113401 113401
113510 113510
114554 114554
115280 115280
116194 116194
110580 110580
111943 111943
112163 112163
111977 111977
112603 112603
110035 110035
108489 108489
109857 109857
111939 111939
113943 113943
117559 117559
115885 115885
113850 113850
117743 117743
117116 117116
119359 119359
114610 114610
114961 114961
112251 112251
113887 113887
113154 113154
109269 109269
105645 105645
105495 105495
105179 105179
106393 106393
105194 105194
108206 108206
107007 107007
107513 107513
110619 110619
109276 109276
111376 111376
113291 113291
113918 113918
113933 113933
117450 117450
119544 119544
121371 121371
123782 123782
125109 125109
123126 123126
119602 119602
120328 120328
120321 120321
120733 120733
117502 117502
117371 117371
118161 118161
120791 120791
120434 120434
119735 119735
120058 120058
117826 117826
111363 111363
115439 115439
113745 113745
116449 116449
111611 111611
115297 115297
116073 116073
115280 115280
111143 111143
111702 111702
111773 111773
107976 107976
106289 106289
105401 105401
108900 108900
110365 110365
106700 106700
109059 109059
114563 114563
116996 116996
113798 113798
115679 115679
115179 115179
115990 115990
112821 112821
113285 113285
112103 112103
117434 117434
116336 116336
115474 115474
119856 119856
118431 118431
123292 123292
117818 117818
118262 118262
120513 120513
114513 114513
114965 114965
112386 112386
111726 111726
111255 111255
110145 110145
112197 112197
117072 117072
116648 116648
114983 114983
116778 116778
117612 117612
117247 117247
116373 116373
109459 109459
106387 106387
111729 111729
119483 119483
114226 114226
119962 119962
118342 118342
119721 119721
113737 113737
118295 118295
119863 119863
118611 118611
120511 120511
119216 119216
117766 117766
117678 117678
120351 120351
117722 117722
120225 120225
118702 118702
116698 116698
114990 114990
117001 117001
114975 114975
112166 112166
111696 111696
109936 109936
108103 108103
112140 112140
111348 111348
107732 107732
108652 108652
106347 106347
105665 105665
103885 103885
108293 108293
106390 106390
106107 106107
108681 108681
110359 110359
111503 111503
112800 112800
112085 112085
115650 115650
115647 115647
115442 115442
115315 115315
115477 115477
117561 117561
120623 120623
118982 118982
119217 119217
113768 113768
112600 112600
109243 109243
115251 115251
113062 113062
113207 113207
114292 114292
119979 119979
119579 119579
112240 112240
108146 108146
105628 105628
106410 106410
113079 113079
113796 113796
117763 117763
114984 114984
111187 111187
110134 110134
111246 111246
109268 109268
109782 109782
114021 114021
114199 114199
117976 117976
121082 121082
123786 123786
125075 125075
118916 118916
113076 113076
109841 109841
112150 112150
110658 110658
107578 107578
107231 107231
108092 108092
109142 109142
113998 113998
114453 114453
114969 114969
117744 117744
119853 119853
118187 118187
119973 119973
118186 118186
120102 120102
118167 118167
119101 119101
118118 118118
120525 120525
111267 111267
113353 113353
117219 117219
119990 119990
118244 118244
117706 117706
116213 116213
119051 119051
120109 120109
119886 119886
119346 119346
116229 116229
110097 110097
110893 110893
112389 112389
111354 111354
111119 111119
108006 108006
112248 112248
109960 109960
108063 108063
112357 112357
109604 109604
112930 112930
111724 111724
115222 115222
110373 110373
108418 108418
105917 105917
110845 110845
112942 112942
116155 116155
116963 116963
116681 116681
112490 112490
115047 115047
117815 117815
119649 119649
117627 117627
119374 119374
118336 118336
116565 116565
116121 116121
114982 114982
112750 112750
110875 110875
115629 115629
113470 113470
114229 114229
113726 113726
113393 113393
110094 110094
111878 111878
111827 111827
113731 113731
114650 114650
111918 111918
115404 115404
111287 111287
107734 107734
110915 110915
113483 113483
118741 118741
116068 116068
113248 113248
113975 113975
111533 111533
115337 115337
115198 115198
115425 115425
119388 119388
116296 116296
113187 113187
109807 109807
113449 113449
113229 113229
114169 114169
113746 113746
113440 113440
110951 110951
112569 112569
112730 112730
112991 112991
112414 112414
113345 113345
119521 119521
116533 116533
118074 118074
116587 116587
113755 113755
114899 114899
115427 115427
117635 117635
118882 118882
115206 115206
111956 111956
110058 110058
108198 108198
105904 105904
105910 105910
105551 105551
111665 111665
117141 117141
114139 114139
111928 111928
110606 110606
107831 107831
108779 108779
115410 115410
113884 113884
121768 121768
117318 117318
120506 120506
120225 120225
116429 116429
117027 117027
116458 116458
119611 119611
123340 123340
119941 119941
119632 119632
122754 122754
121655 121655
116036 116036
113426 113426
110964 110964
112957 112957
114350 114350
106104 106104
104033 104033
108265 108265
108084 108084
106611 106611
105268 105268
106614 106614
108533 108533
108456 108456
110574 110574
112115 112115
111666 111666
111095 111095
113582 113582
113043 113043
117983 117983
118960 118960
114583 114583
114283 114283
114973 114973
111198 111198
110113 110113
109934 109934
110763 110763
105383 105383
105174 105174
105903 105903
106438 106438
107367 107367
109216 109216
106592 106592
105749 105749
107335 107335
110756 110756
110147 110147
106989 106989
111926 111926
110223 110223
113870 113870
114375 114375
113520 113520
113928 113928
115814 115814
112768 112768
114114 114114
112849 112849
110003 110003
110873 110873
111754 111754
111766 111766
114326 114326
114893 114893
117168 117168
114812 114812
114829 114829
112972 112972
111112 111112
110171 110171
112494 112494
110676 110676
111566 111566
113227 113227
115934 115934
113704 113704
109376 109376
115346 115346
113241 113241
111432 111432
111253 111253
108828 108828
109099 109099
109493 109493
111460 111460
110288 110288
110578 110578
113699 113699
109281 109281
110778 110778
114814 114814
115241 115241
114920 114920
116104 116104
113098 113098
110670 110670
109549 109549
110399 110399
114462 114462
114557 114557
113146 113146
107787 107787
104206 104206
105069 105069
108662 108662
109321 109321
110056 110056
111744 111744
111896 111896
119513 119513
121335 121335
115466 115466
115625 115625
111699 111699
113442 113442
118767 118767
117016 117016
117623 117623
114000 114000
113600 113600
110368 110368
108693 108693
111852 111852
118478 118478
117063 117063
114654 114654
115300 115300
115348 115348
113233 113233
113918 113918
112926 112926
112908 112908
118231 118231
118371 118371
116112 116112
113756 113756
114217 114217
110219 110219
114922 114922
118405 118405
118283 118283
118935 118935
118985 118985
