164532
164532 164532
0 160570
153772 153772
0 150572
144677 144677
141284 141284
0 140736
0 136161
130327 130327
133296 133296
132269 132269
0 125641
124027 124027
128045 128045
121473 121473
119728 119728
118912 118912
118095 118095
120550 120550
122908 122908
118991 118991
121102 121102
116753 116753
117256 117256
112869 112869
114824 114824
114359 114359
119424 119424
122706 122706
122126 122126
118604 118604
114775 114775
115615 115615
118111 118111
115522 115522
119302 119302
118929 118929
116296 116296
113754 113754
111612 111612
114496 114496
113877 113877
116773 116773
114393 114393
111422 111422
114202 114202
110797 110797
106214 106214
107578 107578
112949 112949
113850 113850
114551 114551
117489 117489
114010 114010
117469 117469
118356 118356
118718 118718
120693 120693
123004 123004
118757 118757
119816 119816
120614 120614
120041 120041
115699 115699
114468 114468
115835 115835
113708 113708
120542 120542
118696 118696
115412 115412
114022 114022
116017 116017
118007 118007
119983 119983
120039 120039
118236 118236
119480 119480
117720 117720
120081 120081
120758 120758
116699 116699
115907 115907
118464 118464
119200 119200
113381 113381
113911 113911
115367 115367
110659 110659
114287 114287
115685 115685
113930 113930
112785 112785
108775 108775
109148 109148
112035 112035
106008 106008
107163 107163
106401 106401
112767 112767
115160 115160
109271 109271
112522 112522
111120 111120
108682 108682
105139 105139
109386 109386
110682 110682
116850 116850
118880 118880
117408 117408
116436 116436
114374 114374
109076 109076
113282 113282
114394 114394
115065 115065
114747 114747
115305 115305
114564 114564
114223 114223
114544 114544
115028 115028
115389 115389
118015 118015
112337 112337
111095 111095
112088 112088
116285 116285
114439 114439
112960 112960
116433 116433
117258 117258
119091 119091
119553 119553
123206 123206
119621 119621
115450 115450
120881 120881
122488 122488
121560 121560
117701 117701
111300 111300
108704 108704
102141 102141
102587 102587
100923 100923
97183 97183
101230 101230
101285 101285
102925 102925
103087 103087
106050 106050
106682 106682
101253 101253
103947 103947
101527 101527
104718 104718
108486 108486
109968 109968
113874 113874
109793 109793
112096 112096
114634 114634
116068 116068
120176 120176
118965 118965
115756 115756
115909 115909
112995 112995
118487 118487
118917 118917
122312 122312
122343 122343
122454 122454
122510 122510
119278 119278
119543 119543
120321 120321
115669 115669
113307 113307
114763 114763
111547 111547
117655 117655
117007 117007
119248 119248
117501 117501
117658 117658
120720 120720
119283 119283
117267 117267
116332 116332
112367 112367
109851 109851
107885 107885
105284 105284
107047 107047
112534 112534
110444 110444
106627 106627
111515 111515
113419 113419
112671 112671
111273 111273
109153 109153
111727 111727
112044 112044
115667 115667
112293 112293
113439 113439
109387 109387
111947 111947
116896 116896
118288 118288
116450 116450
113878 113878
112973 112973
117479 117479
120412 120412
121087 121087
121437 121437
124287 124287
123734 123734
117506 117506
117506 117506
113587 113587
115929 115929
112921 112921
110774 110774
112087 112087
114608 114608
116884 116884
118978 118978
119675 119675
121986 121986
122448 122448
120541 120541
122782 122782
123797 123797
119175 119175
113598 113598
111913 111913
110733 110733
111103 111103
110914 110914
108146 108146
111351 111351
112139 112139
114447 114447
113984 113984
113518 113518
117125 117125
115911 115911
116259 116259
117613 117613
122338 122338
119161 119161
116065 116065
113911 113911
111478 111478
106816 106816
113033 113033
109679 109679
107773 107773
111243 111243
114440 114440
116325 116325
115644 115644
117581 117581
115563 115563
115293 115293
117865 117865
117670 117670
117614 117614
116032 116032
116194 116194
115699 115699
117231 117231
113154 113154
115094 115094
117713 117713
118762 118762
114484 114484
116670 116670
111132 111132
112182 112182
112963 112963
107496 107496
106439 106439
105877 105877
108666 108666
108430 108430
109552 109552
109088 109088
105025 105025
111657 111657
108922 108922
111546 111546
114705 114705
114222 114222
114119 114119
113935 113935
109888 109888
110990 110990
115375 115375
116352 116352
115567 115567
117689 117689
114721 114721
120804 120804
115976 115976
116728 116728
114880 114880
114362 114362
111062 111062
112162 112162
112540 112540
113209 113209
106635 106635
109715 109715
109859 109859
106824 106824
106411 106411
105797 105797
112689 112689
108129 108129
103032 103032
107854 107854
105589 105589
101258 101258
107212 107212
103688 103688
104528 104528
104075 104075
104639 104639
111186 111186
108030 108030
110472 110472
111773 111773
114946 114946
117885 117885
118469 118469
114936 114936
109982 109982
110906 110906
113755 113755
118306 118306
118374 118374
116046 116046
115957 115957
114906 114906
114063 114063
112590 112590
117702 117702
114166 114166
110478 110478
109814 109814
109870 109870
109348 109348
107859 107859
112459 112459
114784 114784
116590 116590
108583 108583
110932 110932
111390 111390
109795 109795
113032 113032
109005 109005
110282 110282
112885 112885
114500 114500
114446 114446
115532 115532
115748 115748
117062 117062
114739 114739
113110 113110
113470 113470
110904 110904
114830 114830
118587 118587
116922 116922
117092 117092
119538 119538
119165 119165
118905 118905
118891 118891
118057 118057
112223 112223
112384 112384
111566 111566
110364 110364
109442 109442
115008 115008
113116 113116
113425 113425
115069 115069
115326 115326
115107 115107
111004 111004
111595 111595
112640 112640
112549 112549
110570 110570
112159 112159
108776 108776
108953 108953
107695 107695
111477 111477
112441 112441
114769 114769
114866 114866
113849 113849
115933 115933
116576 116576
112559 112559
114064 114064
110120 110120
115337 115337
113451 113451
112638 112638
114141 114141
113521 113521
118420 118420
112850 112850
112496 112496
116067 116067
119199 119199
117250 117250
114766 114766
114730 114730
115031 115031
111257 111257
112056 112056
112793 112793
110149 110149
110247 110247
107797 107797
106420 106420
106748 106748
110672 110672
111346 111346
117631 117631
118397 118397
112903 112903
110221 110221
111624 111624
110654 110654
113624 113624
112047 112047
114735 114735
111768 111768
113211 113211
113355 113355
109063 109063
107224 107224
110209 110209
107841 107841
110245 110245
112895 112895
106532 106532
106699 106699
105712 105712
107827 107827
105597 105597
103412 103412
103950 103950
108963 108963
105574 105574
107799 107799
107630 107630
109166 109166
108912 108912
106278 106278
107673 107673
111253 111253
109271 109271
115326 115326
118182 118182
114788 114788
114073 114073
112999 112999
113926 113926
114124 114124
115452 115452
115407 115407
114450 114450
115731 115731
115138 115138
115416 115416
108983 108983
112694 112694
114444 114444
113067 113067
109868 109868
112943 112943
116429 116429
117248 117248
113261 113261
113908 113908
114784 114784
109551 109551
111389 111389
114418 114418
115781 115781
114681 114681
116962 116962
115244 115244
114519 114519
110601 110601
107305 107305
109470 109470
108099 108099
107087 107087
109125 109125
108220 108220
108774 108774
109064 109064
108344 108344
110232 110232
113341 113341
109761 109761
104059 104059
105431 105431
110797 110797
108162 108162
113000 113000
112924 112924
114927 114927
113511 113511
116196 116196
111659 111659
112478 112478
112308 112308
111629 111629
111330 111330
114545 114545
111705 111705
112457 112457
112313 112313
115015 115015
118879 118879
118691 118691
116764 116764
115668 115668
119987 119987
119297 119297
116556 116556
115807 115807
107071 107071
105837 105837
104906 104906
102417 102417
101963 101963
106599 106599
106931 106931
104693 104693
109619 109619
111734 111734
111404 111404
111222 111222
111754 111754
113213 113213
113479 113479
112493 112493
113023 113023
115289 115289
119439 119439
122158 122158
120200 120200
111783 111783
116092 116092
110003 110003
111109 111109
116100 116100
117918 117918
117737 117737
116855 116855
111304 111304
108597 108597
105130 105130
107475 107475
109752 109752
106638 106638
109737 109737
109323 109323
112159 112159
111042 111042
109608 109608
110734 110734
110112 110112
114404 114404
121088 121088
120342 120342
120980 120980
120961 120961
122336 122336
122780 122780
120199 120199
118409 118409
119592 119592
119993 119993
118592 118592
112165 112165
114343 114343
114289 114289
116690 116690
118229 118229
121356 121356
122152 122152
124459 124459
123149 123149
120803 120803
116832 116832
119525 119525
117862 117862
114930 114930
113805 113805
111994 111994
111780 111780
110655 110655
105228 105228
108522 108522
112905 112905
116754 116754
117424 117424
111588 111588
111624 111624
115918 115918
114293 114293
117899 117899
113593 113593
110814 110814
112082 112082
113458 113458
111797 111797
112276 112276
112939 112939
110568 110568
107544 107544
107588 107588
109471 109471
111953 111953
116496 116496
115020 115020
119869 119869
119756 119756
116049 116049
115711 115711
111434 111434
105373 105373
105646 105646
108685 108685
108140 108140
109316 109316
111704 111704
111318 111318
107929 107929
109008 109008
107067 107067
107668 107668
104935 104935
103437 103437
101770 101770
100388 100388
104356 104356
107287 107287
107938 107938
105148 105148
109785 109785
112005 112005
113155 113155
111128 111128
111606 111606
106175 106175
110972 110972
111004 111004
108419 108419
110203 110203
112408 112408
113833 113833
113379 113379
109164 109164
111397 111397
112416 112416
113398 113398
114893 114893
118699 118699
119039 119039
116603 116603
117861 117861
113850 113850
114514 114514
115502 115502
120032 120032
119640 119640
117699 117699
120796 120796
117535 117535
115113 115113
114612 114612
111195 111195
112790 112790
112071 112071
111933 111933
112568 112568
109068 109068
112848 112848
115525 115525
109591 109591
106459 106459
105902 105902
106834 106834
106714 106714
105101 105101
104810 104810
104211 104211
107897 107897
110811 110811
111740 111740
115424 115424
113999 113999
114841 114841
110339 110339
113731 113731
112701 112701
111971 111971
111458 111458
111683 111683
113283 113283
115551 115551
116186 116186
115193 115193
115996 115996
113753 113753
113088 113088
111172 111172
110263 110263
112982 112982
113882 113882
119014 119014
119160 119160
119107 119107
116631 116631
115192 115192
115392 115392
119978 119978
115606 115606
111542 111542
109756 109756
108279 108279
109043 109043
110241 110241
110752 110752
110021 110021
105790 105790
109167 109167
111911 111911
110562 110562
108071 108071
108610 108610
109410 109410
103940 103940
105189 105189
108118 108118
111807 111807
110408 110408
110169 110169
112737 112737
110153 110153
110566 110566
113763 113763
111579 111579
109768 109768
109977 109977
112145 112145
114150 114150
113938 113938
117212 117212
112440 112440
112613 112613
116601 116601
116733 116733
118152 118152
117964 117964
110575 110575
109707 109707
102522 102522
102657 102657
101529 101529
105143 105143
109194 109194
112857 112857
111009 111009
110314 110314
115161 115161
118763 118763
114323 114323
118331 118331
115022 115022
114106 114106
116365 116365
114002 114002
115915 115915
116615 116615
120025 120025
111944 111944
115796 115796
115307 115307
115828 115828
116537 116537
113692 113692
111164 111164
111984 111984
110191 110191
110276 110276
110832 110832
110168 110168
108812 108812
104759 104759
106940 106940
109270 109270
111568 111568
112221 112221
108719 108719
109751 109751
112298 112298
106604 106604
109928 109928
110531 110531
110462 110462
110830 110830
110569 110569
110986 110986
110215 110215
108372 108372
111610 111610
119145 119145
120483 120483
118949 118949
113036 113036
115661 115661
114453 114453
109556 109556
108078 108078
111518 111518
113716 113716
112123 112123
113651 113651
110055 110055
111036 111036
108326 108326
114809 114809
116438 116438
118339 118339
116098 116098
115593 115593
114525 114525
115248 115248
120984 120984
119955 119955
122207 122207
121184 121184
116105 116105
115627 115627
113440 113440
113009 113009
116172 116172
110886 110886
115504 115504
111146 111146
114615 114615
111339 111339
110214 110214
108464 108464
110184 110184
113332 113332
110929 110929
112339 112339
114540 114540
114108 114108
113683 113683
115128 115128
119942 119942
114170 114170
114073 114073
116322 116322
113349 113349
117839 117839
114173 114173
111639 111639
111209 111209
110927 110927
109555 109555
109615 109615
108337 108337
113083 113083
112443 112443
113223 113223
114767 114767
114124 114124
109862 109862
110423 110423
110274 110274
113407 113407
107837 107837
109635 109635
110167 110167
112633 112633
110910 110910
108903 108903
107953 107953
109730 109730
110621 110621
114540 114540
115728 115728
115782 115782
116079 116079
119045 119045
117595 117595
113155 113155
114132 114132
116738 116738
117300 117300
122314 122314
117622 117622
111745 111745
107756 107756
107212 107212
107875 107875
110243 110243
110254 110254
108405 108405
115610 115610
116580 116580
120621 120621
122440 122440
118580 118580
122288 122288
119399 119399
111396 111396
114617 114617
116054 116054
118668 118668
114762 114762
116641 116641
117472 117472
114684 114684
115051 115051
119962 119962
117128 117128
118624 118624
113963 113963
113592 113592
110096 110096
112410 112410
111781 111781
109091 109091
114056 114056
110700 110700
107001 107001
108857 108857
107755 107755
108281 108281
108827 108827
107141 107141
111824 111824
113438 113438
114193 114193
113298 113298
111179 111179
107644 107644
107459 107459
104172 104172
109845 109845
113292 113292
111308 111308
113126 113126
110515 110515
111035 111035
109409 109409
111978 111978
113770 113770
109471 109471
111357 111357
111589 111589
109747 109747
113657 113657
108188 108188
106173 106173
107281 107281
109286 109286
112189 112189
112407 112407
114999 114999
114045 114045
112435 112435
109425 109425
112075 112075
163088 163088
159697 159697
154785 154785
0 151097
0 142954
141292 141292
141599 141599
0 139048
0 134082
124204 124204
123400 123400
126727 126727
125862 125862
127836 127836
125920 125920
123816 123816
126213 126213
121786 121786
122364 122364
118592 118592
119229 119229
120046 120046
120532 120532
120544 120544
122268 122268
121320 121320
121615 121615
120429 120429
121040 121040
119500 119500
0 116994
117625 117625
114681 114681
117840 117840
113072 113072
111430 111430
108099 108099
108754 108754
106073 106073
111479 111479
108595 108595
113197 113197
115537 115537
118757 118757
119160 119160
114587 114587
114672 114672
114348 114348
117219 117219
118809 118809
118935 118935
121637 121637
117821 117821
118179 118179
118326 118326
115109 115109
116626 116626
118476 118476
117303 117303
117728 117728
116214 116214
114434 114434
117323 117323
119428 119428
116800 116800
115264 115264
112483 112483
113062 113062
109077 109077
109234 109234
110613 110613
113879 113879
118594 118594
120104 120104
119060 119060
115256 115256
116359 116359
111795 111795
109810 109810
108600 108600
109263 109263
107294 107294
109319 109319
104893 104893
111117 111117
112183 112183
111790 111790
113170 113170
113205 113205
114115 114115
117104 117104
121435 121435
120069 120069
110710 110710
110136 110136
109232 109232
113764 113764
113082 113082
113778 113778
114140 114140
111630 111630
110500 110500
117859 117859
118404 118404
115207 115207
116313 116313
117214 117214
114906 114906
111115 111115
112255 112255
114009 114009
112033 112033
105554 105554
107222 107222
109581 109581
105324 105324
109521 109521
113219 113219
106545 106545
103766 103766
102907 102907
107813 107813
109075 109075
110901 110901
110253 110253
112529 112529
113314 113314
113773 113773
113960 113960
113405 113405
115809 115809
114984 114984
115442 115442
116876 116876
116371 116371
114916 114916
113269 113269
113546 113546
113512 113512
113887 113887
115321 115321
115956 115956
111433 111433
107364 107364
112972 112972
108576 108576
109704 109704
111762 111762
112971 112971
115457 115457
113719 113719
118047 118047
112061 112061
110946 110946
112925 112925
115971 115971
118814 118814
116309 116309
112527 112527
111537 111537
111157 111157
113047 113047
116237 116237
116450 116450
112574 112574
111423 111423
113461 113461
118709 118709
117859 117859
118866 118866
117314 117314
112013 112013
113909 113909
114248 114248
112942 112942
109558 109558
106465 106465
108428 108428
111574 111574
112365 112365
113480 113480
114194 114194
114673 114673
112857 112857
112948 112948
110284 110284
110259 110259
111945 111945
112160 112160
111266 111266
112141 112141
108652 108652
102844 102844
104990 104990
108970 108970
107684 107684
108177 108177
104653 104653
105733 105733
109671 109671
108737 108737
107095 107095
110867 110867
109462 109462
110778 110778
108710 108710
114579 114579
117659 117659
117480 117480
116112 116112
116398 116398
115349 115349
113670 113670
110848 110848
111068 111068
112693 112693
116467 116467
116732 116732
117105 117105
115073 115073
111406 111406
109719 109719
106561 106561
110961 110961
107915 107915
112643 112643
110789 110789
113522 113522
113881 113881
114336 114336
110432 110432
110470 110470
110368 110368
108947 108947
111563 111563
112550 112550
112592 112592
112524 112524
111550 111550
110086 110086
121235 121235
119109 119109
121723 121723
119006 119006
119572 119572
118591 118591
114798 114798
113159 113159
112280 112280
111592 111592
109406 109406
104703 104703
104267 104267
108329 108329
112385 112385
106225 106225
106805 106805
104180 104180
107007 107007
108964 108964
115421 115421
112251 112251
108831 108831
108461 108461
110858 110858
106285 106285
107993 107993
104513 104513
99791 99791
105166 105166
109492 109492
107510 107510
106785 106785
103639 103639
102386 102386
103808 103808
109666 109666
107476 107476
103531 103531
108885 108885
107337 107337
111338 111338
111902 111902
110687 110687
111258 111258
110437 110437
104365 104365
109171 109171
109939 109939
106158 106158
105982 105982
107083 107083
108315 108315
113302 113302
109268 109268
115760 115760
115412 115412
116269 116269
115966 115966
112413 112413
111643 111643
108364 108364
108345 108345
110159 110159
108928 108928
110130 110130
106479 106479
109880 109880
109829 109829
113518 113518
115875 115875
118916 118916
123068 123068
117991 117991
119234 119234
118838 118838
118348 118348
118234 118234
118222 118222
117569 117569
113009 113009
109549 109549
109881 109881
109525 109525
107153 107153
107723 107723
108702 108702
109403 109403
105723 105723
105384 105384
109243 109243
110447 110447
107398 107398
106101 106101
107667 107667
110652 110652
112937 112937
115946 115946
113155 113155
111364 111364
109956 109956
109266 109266
113520 113520
114833 114833
115363 115363
117207 117207
115389 115389
115354 115354
118256 118256
119546 119546
120195 120195
117812 117812
118447 118447
120318 120318
119246 119246
119524 119524
117605 117605
115775 115775
115103 115103
108013 108013
112947 112947
112686 112686
109023 109023
106198 106198
107676 107676
108330 108330
109165 109165
108312 108312
102838 102838
107249 107249
107395 107395
110035 110035
113376 113376
108682 108682
111935 111935
113632 113632
109381 109381
113660 113660
112670 112670
111002 111002
112220 112220
113460 113460
115112 115112
118014 118014
116932 116932
116365 116365
114227 114227
113293 113293
111858 111858
111262 111262
109996 109996
111391 111391
112600 112600
112578 112578
111822 111822
112300 112300
110173 110173
110986 110986
111417 111417
112201 112201
112401 112401
112366 112366
113116 113116
111190 111190
107320 107320
110148 110148
108337 108337
108570 108570
111410 111410
109402 109402
111261 111261
113996 113996
111310 111310
110427 110427
108622 108622
110277 110277
107113 107113
108082 108082
109308 109308
113796 113796
116506 116506
113975 113975
112840 112840
112818 112818
110895 110895
110574 110574
114028 114028
115852 115852
116110 116110
120925 120925
119500 119500
123010 123010
119895 119895
122955 122955
122742 122742
118695 118695
118088 118088
114719 114719
112568 112568
112908 112908
110975 110975
110613 110613
108397 108397
111288 111288
106658 106658
110996 110996
109210 109210
107047 107047
108126 108126
109707 109707
111584 111584
116142 116142
113892 113892
112469 112469
113754 113754
116436 116436
111310 111310
115908 115908
113897 113897
112940 112940
109514 109514
110588 110588
109936 109936
112151 112151
117180 117180
120131 120131
116350 116350
115314 115314
112906 112906
110790 110790
114668 114668
113479 113479
114662 114662
116192 116192
115319 115319
113248 113248
106438 106438
108624 108624
110229 110229
112413 112413
110141 110141
110294 110294
112171 112171
107450 107450
110913 110913
109528 109528
109243 109243
110945 110945
111131 111131
114920 114920
114855 114855
116145 116145
115426 115426
115121 115121
115470 115470
114641 114641
112394 112394
107161 107161
110777 110777
114667 114667
116166 116166
115450 115450
117504 117504
115575 115575
115837 115837
111520 111520
111359 111359
110416 110416
112015 112015
113585 113585
111105 111105
115992 115992
115167 115167
114122 114122
113799 113799
116554 116554
117372 117372
111338 111338
105664 105664
101646 101646
101247 101247
109976 109976
109006 109006
106545 106545
111500 111500
111532 111532
111067 111067
110546 110546
111398 111398
108245 108245
110564 110564
108877 108877
106460 106460
108431 108431
105677 105677
101415 101415
103146 103146
99306 99306
105287 105287
106060 106060
105558 105558
103471 103471
103240 103240
106497 106497
109312 109312
107615 107615
111188 111188
107033 107033
106839 106839
106324 106324
108086 108086
105840 105840
111415 111415
117383 117383
116208 116208
112321 112321
112251 112251
108509 108509
105814 105814
109545 109545
109964 109964
111763 111763
113454 113454
108166 108166
109925 109925
106892 106892
108352 108352
107585 107585
111181 111181
111003 111003
109452 109452
111060 111060
107767 107767
109921 109921
112839 112839
115185 115185
113478 113478
114001 114001
114111 114111
113410 113410
114727 114727
112720 112720
113387 113387
114033 114033
116940 116940
121563 121563
122752 122752
122872 122872
122278 122278
122874 122874
122579 122579
120750 120750
116846 116846
114150 114150
120016 120016
119056 119056
112889 112889
121392 121392
119806 119806
116409 116409
115921 115921
108901 108901
110804 110804
111075 111075
107035 107035
109908 109908
114053 114053
115417 115417
113556 113556
113165 113165
111038 111038
113508 113508
110494 110494
111711 111711
115723 115723
112659 112659
110170 110170
107539 107539
110122 110122
111568 111568
105351 105351
109754 109754
109984 109984
107794 107794
114677 114677
115380 115380
113306 113306
108920 108920
110233 110233
107820 107820
106902 106902
108742 108742
104749 104749
105416 105416
109514 109514
112628 112628
115242 115242
120136 120136
117521 117521
118256 118256
115512 115512
118439 118439
114786 114786
114096 114096
113635 113635
113001 113001
112305 112305
112333 112333
111309 111309
111890 111890
114864 114864
112991 112991
112629 112629
108834 108834
115705 115705
116061 116061
113549 113549
111700 111700
112246 112246
112997 112997
110454 110454
108745 108745
107411 107411
106215 106215
107248 107248
108221 108221
105312 105312
105938 105938
105094 105094
104718 104718
107587 107587
110871 110871
111263 111263
114676 114676
113944 113944
110463 110463
112312 112312
114735 114735
112207 112207
112376 112376
114250 114250
115594 115594
115821 115821
117432 117432
115214 115214
113359 113359
110165 110165
113270 113270
114521 114521
115605 115605
113633 113633
114154 114154
111439 111439
109158 109158
104913 104913
107715 107715
106129 106129
105653 105653
111159 111159
106334 106334
106581 106581
110655 110655
109414 109414
106340 106340
104367 104367
104262 104262
108116 108116
107379 107379
107856 107856
110886 110886
108025 108025
109284 109284
109001 109001
108589 108589
108354 108354
113392 113392
114265 114265
114990 114990
115105 115105
113775 113775
116831 116831
116653 116653
117202 117202
112931 112931
115220 115220
115799 115799
117758 117758
115521 115521
111683 111683
112728 112728
109507 109507
112029 112029
115445 115445
116654 116654
114348 114348
117404 117404
118730 118730
113249 113249
112472 112472
110969 110969
113073 113073
112259 112259
116603 116603
119043 119043
114467 114467
110331 110331
106567 106567
109945 109945
117733 117733
115553 115553
118417 118417
120628 120628
116548 116548
118717 118717
116665 116665
116383 116383
112822 112822
114265 114265
114298 114298
117920 117920
119205 119205
119572 119572
115814 115814
114517 114517
111828 111828
108475 108475
109167 109167
108817 108817
108041 108041
108058 108058
109186 109186
110446 110446
110538 110538
112217 112217
113757 113757
113659 113659
111939 111939
112531 112531
110615 110615
112547 112547
108858 108858
113977 113977
114437 114437
114301 114301
113591 113591
115720 115720
114040 114040
108203 108203
106742 106742
109156 109156
108612 108612
110829 110829
107014 107014
107838 107838
106983 106983
104094 104094
103894 103894
107987 107987
113651 113651
109040 109040
111075 111075
111220 111220
108965 108965
109616 109616
106104 106104
104723 104723
106175 106175
105454 105454
103294 103294
106152 106152
109091 109091
112811 112811
113065 113065
111883 111883
109956 109956
109534 109534
104563 104563
108474 108474
109656 109656
109349 109349
107952 107952
110429 110429
105225 105225
107682 107682
108674 108674
109850 109850
110629 110629
111312 111312
110520 110520
110130 110130
109347 109347
108575 108575
105039 105039
111041 111041
113531 113531
110338 110338
111028 111028
113126 113126
113050 113050
111582 111582
110590 110590
108748 108748
110415 110415
111697 111697
113148 113148
111409 111409
110869 110869
113694 113694
115010 115010
112908 112908
110317 110317
113210 113210
113436 113436
114798 114798
114880 114880
114141 114141
116326 116326
115239 115239
115233 115233
116315 116315
119869 119869
115757 115757
118110 118110
115724 115724
118741 118741
119655 119655
119058 119058
115425 115425
110382 110382
112937 112937
110202 110202
106873 106873
111486 111486
110168 110168
113572 113572
120265 120265
116832 116832
118926 118926
113843 113843
110029 110029
110420 110420
108454 108454
110662 110662
110676 110676
114097 114097
117366 117366
114112 114112
112047 112047
113564 113564
113887 113887
114409 114409
113471 113471
109446 109446
103820 103820
99917 99917
105790 105790
101655 101655
102009 102009
102313 102313
103964 103964
99894 99894
98152 98152
99307 99307
104385 104385
104017 104017
110276 110276
114186 114186
107776 107776
110060 110060
109798 109798
110926 110926
105929 105929
111238 111238
115513 115513
111202 111202
113836 113836
115360 115360
114417 114417
115312 115312
116437 116437
110929 110929
109957 109957
107412 107412
108943 108943
114015 114015
112470 112470
114624 114624
115554 115554
115773 115773
114741 114741
112062 112062
114101 114101
110619 110619
115035 115035
112220 112220
112029 112029
115769 115769
114149 114149
112725 112725
113378 113378
112258 112258
116227 116227
115878 115878
112575 112575
112581 112581
107370 107370
108165 108165
110867 110867
110851 110851
114569 114569
118102 118102
117834 117834
115457 115457
114558 114558
117037 117037
113490 113490
113879 113879
109376 109376
111984 111984
108713 108713
112961 112961
115193 115193
114938 114938
114695 114695
116117 116117
115454 115454
117446 117446
117117 117117
115960 115960
111207 111207
113493 113493
111623 111623
115420 115420
112030 112030
109493 109493
107206 107206
102329 102329
102030 102030
100508 100508
104730 104730
107623 107623
109749 109749
108435 108435
107770 107770
112330 112330
116152 116152
118075 118075
116504 116504
116109 116109
112449 112449
109869 109869
113353 113353
116270 116270
114662 114662
115622 115622
113593 113593
115494 115494
111529 111529
113911 113911
0 161866
158952 158952
0 150033
150331 150331
146805 146805
0 144355
0 141057
136481 136481
128830 128830
127424 127424
124768 124768
128292 128292
127046 127046
118188 118188
116821 116821
118064 118064
116481 116481
117812 117812
116912 116912
117504 117504
114880 114880
117028 117028
113433 113433
109094 109094
114232 114232
116937 116937
115978 115978
113990 113990
110521 110521
114381 114381
117221 117221
119580 119580
120666 120666
117786 117786
117612 117612
114378 114378
114258 114258
110150 110150
110294 110294
109456 109456
108386 108386
113517 113517
113635 113635
113713 113713
114636 114636
116789 116789
114967 114967
111879 111879
112409 112409
112059 112059
109832 109832
112344 112344
111210 111210
112865 112865
110987 110987
110243 110243
111548 111548
108679 108679
111439 111439
110015 110015
110245 110245
116083 116083
114169 114169
109576 109576
112119 112119
112409 112409
110540 110540
110621 110621
111698 111698
115791 115791
116814 116814
117925 117925
117553 117553
113793 113793
111232 111232
104239 104239
110004 110004
110347 110347
111983 111983
111060 111060
113952 113952
110097 110097
111083 111083
110014 110014
107653 107653
106749 106749
108381 108381
106524 106524
106064 106064
108492 108492
110311 110311
114228 114228
113539 113539
113304 113304
111713 111713
110568 110568
110995 110995
111656 111656
111506 111506
111328 111328
110315 110315
114876 114876
116880 116880
113289 113289
113783 113783
111855 111855
108897 108897
112387 112387
112709 112709
117215 117215
117953 117953
118947 118947
116344 116344
117844 117844
120581 120581
121598 121598
117207 117207
122887 122887
118837 118837
121594 121594
122911 122911
117535 117535
120595 120595
117368 117368
121459 121459
122367 122367
119172 119172
121034 121034
121320 121320
119758 119758
119538 119538
121064 121064
124285 124285
119650 119650
114846 114846
114062 114062
115818 115818
113698 113698
114660 114660
116143 116143
115485 115485
110690 110690
117074 117074
118782 118782
116318 116318
119905 119905
116684 116684
116690 116690
121464 121464
118221 118221
119188 119188
118391 118391
117148 117148
115356 115356
112874 112874
114572 114572
112194 112194
108332 108332
109948 109948
110392 110392
114554 114554
111744 111744
111628 111628
113075 113075
109414 109414
106796 106796
113564 113564
113376 113376
113570 113570
110864 110864
112699 112699
112208 112208
110575 110575
109541 109541
111803 111803
113462 113462
113491 113491
118086 118086
115053 115053
116333 116333
113800 113800
119773 119773
116833 116833
118304 118304
114440 114440
117234 117234
118867 118867
116005 116005
115048 115048
113575 113575
108768 108768
108904 108904
108289 108289
104968 104968
109986 109986
109582 109582
109603 109603
110125 110125
112720 112720
113291 113291
111812 111812
109636 109636
114594 114594
108974 108974
110058 110058
112181 112181
109778 109778
109862 109862
106620 106620
104584 104584
107290 107290
114041 114041
116338 116338
112894 112894
115781 115781
110538 110538
108259 108259
105644 105644
106341 106341
115340 115340
113301 113301
115505 115505
116686 116686
118774 118774
112066 112066
114381 114381
109897 109897
112870 112870
113904 113904
113619 113619
117529 117529
117343 117343
115576 115576
113833 113833
117241 117241
115678 115678
116306 116306
117607 117607
119514 119514
117459 117459
116697 116697
111201 111201
115962 115962
116672 116672
115742 115742
117407 117407
115830 115830
113443 113443
113318 113318
112197 112197
115536 115536
110320 110320
114257 114257
112193 112193
111475 111475
111044 111044
113305 113305
111552 111552
109315 109315
107442 107442
111243 111243
111792 111792
111717 111717
109886 109886
112481 112481
111810 111810
115794 115794
112773 112773
115890 115890
113961 113961
113413 113413
115329 115329
110317 110317
111365 111365
112212 112212
110024 110024
110328 110328
112241 112241
114299 114299
116430 116430
112997 112997
112238 112238
110362 110362
111600 111600
110335 110335
108821 108821
109445 109445
106335 106335
110374 110374
112447 112447
113765 113765
116639 116639
117025 117025
117134 117134
117706 117706
113940 113940
112719 112719
114416 114416
116796 116796
113616 113616
108826 108826
108702 108702
108564 108564
109712 109712
111073 111073
106698 106698
106974 106974
109727 109727
111548 111548
108861 108861
111654 111654
108747 108747
105819 105819
105480 105480
109816 109816
114858 114858
114037 114037
112689 112689
112873 112873
113360 113360
116472 116472
114325 114325
117336 117336
117083 117083
116271 116271
116348 116348
119354 119354
116880 116880
112324 112324
110447 110447
112644 112644
111207 111207
114834 114834
111913 111913
112309 112309
110964 110964
110018 110018
110398 110398
108484 108484
114053 114053
112780 112780
113687 113687
114454 114454
115235 115235
117056 117056
115471 115471
113195 113195
112879 112879
112238 112238
114121 114121
117258 117258
115939 115939
118772 118772
115242 115242
111783 111783
112239 112239
113301 113301
114397 114397
114023 114023
112555 112555
112401 112401
114697 114697
115532 115532
113996 113996
110617 110617
113074 113074
116910 116910
117155 117155
118010 118010
118506 118506
116154 116154
117209 117209
117593 117593
112272 112272
115549 115549
114457 114457
112282 112282
110653 110653
114251 114251
109620 109620
111690 111690
108283 108283
110501 110501
107668 107668
112942 112942
108581 108581
109009 109009
110014 110014
110546 110546
110399 110399
116169 116169
115821 115821
117033 117033
113684 113684
114308 114308
112106 112106
111814 111814
108474 108474
110607 110607
111491 111491
114927 114927
116868 116868
114101 114101
107996 107996
110225 110225
111879 111879
114101 114101
117673 117673
116053 116053
113053 113053
112841 112841
115068 115068
109823 109823
113159 113159
112947 112947
113502 113502
122547 122547
117553 117553
118747 118747
116780 116780
112631 112631
108889 108889
106064 106064
111231 111231
110573 110573
108388 108388
112826 112826
116052 116052
117107 117107
116838 116838
120567 120567
119769 119769
119965 119965
116904 116904
115665 115665
120247 120247
114051 114051
112829 112829
117115 117115
116766 116766
115147 115147
118632 118632
112761 112761
112543 112543
110547 110547
106696 106696
109697 109697
111359 111359
111831 111831
111068 111068
113515 113515
111343 111343
112867 112867
109227 109227
110916 110916
112398 112398
111827 111827
111037 111037
109810 109810
111127 111127
101181 101181
107374 107374
107240 107240
108528 108528
104974 104974
107817 107817
106104 106104
105195 105195
107497 107497
109232 109232
109650 109650
113878 113878
114466 114466
118788 118788
117567 117567
117428 117428
112449 112449
115922 115922
114818 114818
115082 115082
113523 113523
112163 112163
114627 114627
113050 113050
115460 115460
108901 108901
110962 110962
106245 106245
107951 107951
106602 106602
108084 108084
108443 108443
107262 107262
105316 105316
109356 109356
108072 108072
112675 112675
110486 110486
108757 108757
104338 104338
104619 104619
112132 112132
109619 109619
112430 112430
105636 105636
103973 103973
104847 104847
104777 104777
105397 105397
106818 106818
114031 114031
113599 113599
118062 118062
122818 122818
119842 119842
118228 118228
117016 117016
116597 116597
114562 114562
117294 117294
120669 120669
118439 118439
117545 117545
115591 115591
117222 117222
115513 115513
116188 116188
116461 116461
113675 113675
114021 114021
114120 114120
115129 115129
113318 113318
113787 113787
112455 112455
109691 109691
108870 108870
107740 107740
104466 104466
109841 109841
112043 112043
114154 114154
111723 111723
112086 112086
115952 115952
114974 114974
111849 111849
115546 115546
112104 112104
111260 111260
111108 111108
112566 112566
109763 109763
113268 113268
117112 117112
115356 115356
112993 112993
113224 113224
113980 113980
113879 113879
115095 115095
115157 115157
118653 118653
116371 116371
114887 114887
117659 117659
117447 117447
118841 118841
113811 113811
109019 109019
110406 110406
112965 112965
115273 115273
117049 117049
116321 116321
119206 119206
117546 117546
117158 117158
115486 115486
113349 113349
114819 114819
110428 110428
107953 107953
102068 102068
107113 107113
108632 108632
110688 110688
115726 115726
119105 119105
117975 117975
116105 116105
114799 114799
113666 113666
108101 108101
107291 107291
112714 112714
114058 114058
113030 113030
113073 113073
114271 114271
114762 114762
114440 114440
112642 112642
117015 117015
114787 114787
113436 113436
111468 111468
109341 109341
109593 109593
107395 107395
105103 105103
103633 103633
107954 107954
110650 110650
110854 110854
118064 118064
112255 112255
108385 108385
110001 110001
110021 110021
110824 110824
112912 112912
107227 107227
111224 111224
114611 114611
114620 114620
111250 111250
110300 110300
109216 109216
110345 110345
103301 103301
101694 101694
102293 102293
103768 103768
102555 102555
104992 104992
106872 106872
110308 110308
105123 105123
102014 102014
105690 105690
105988 105988
106984 106984
107180 107180
107334 107334
112636 112636
115794 115794
116341 116341
110936 110936
113563 113563
111202 111202
115070 115070
117384 117384
111996 111996
115675 115675
116139 116139
116962 116962
113539 113539
113816 113816
114754 114754
118436 118436
113140 113140
108579 108579
106308 106308
112430 112430
112804 112804
111260 111260
111030 111030
112461 112461
113442 113442
114221 114221
114283 114283
118588 118588
118587 118587
120137 120137
121146 121146
116771 116771
118304 118304
119509 119509
119986 119986
120732 120732
121746 121746
122548 122548
116258 116258
112052 112052
115921 115921
113754 113754
111424 111424
113116 113116
112319 112319
112770 112770
115005 115005
115283 115283
112434 112434
112107 112107
112293 112293
117094 117094
113137 113137
110017 110017
104158 104158
104163 104163
107909 107909
110197 110197
110521 110521
109206 109206
106418 106418
109089 109089
111188 111188
113716 113716
114050 114050
117975 117975
121061 121061
115668 115668
115968 115968
116322 116322
119812 119812
119781 119781
116660 116660
121555 121555
124896 124896
126552 126552
119735 119735
121604 121604
117389 117389
115501 115501
114585 114585
112957 112957
113991 113991
112412 112412
114563 114563
115552 115552
115207 115207
116899 116899
113704 113704
115921 115921
117063 117063
115317 115317
114426 114426
115896 115896
110858 110858
112109 112109
111908 111908
112165 112165
111347 111347
112644 112644
113243 113243
109198 109198
110489 110489
113581 113581
117302 117302
118465 118465
119530 119530
119061 119061
118731 118731
121313 121313
122717 122717
121449 121449
120709 120709
120387 120387
119749 119749
116428 116428
114873 114873
113279 113279
116786 116786
118915 118915
119587 119587
118411 118411
116285 116285
119448 119448
121758 121758
114076 114076
112607 112607
112954 112954
108468 108468
104959 104959
105772 105772
108081 108081
104833 104833
105301 105301
109019 109019
112655 112655
105895 105895
104639 104639
103531 103531
104176 104176
107322 107322
104226 104226
110277 110277
107876 107876
111401 111401
111309 111309
115983 115983
116296 116296
112645 112645
116270 116270
110445 110445
112058 112058
112982 112982
114054 114054
113783 113783
118527 118527
115738 115738
112788 112788
111144 111144
111162 111162
108820 108820
108251 108251
109479 109479
106688 106688
105788 105788
104723 104723
109040 109040
109309 109309
113685 113685
112760 112760
112797 112797
114319 114319
111659 111659
114423 114423
114074 114074
111709 111709
110076 110076
113673 113673
112900 112900
108645 108645
113229 113229
112139 112139
111208 111208
107726 107726
112243 112243
110216 110216
115099 115099
110938 110938
104204 104204
105792 105792
110214 110214
111004 111004
111046 111046
