202221
159352 159352
161937 161937
163233 163233
164208 164208
166814 166814
167824 167824
171962 171962
173116 173116
174796 174796
175861 175861
176593 176593
177212 177212
177950 177950
180127 180127
183283 183283
183283 183283
183287 183287
183454 183454
184407 184407
184495 184495
187633 187633
187931 187931
187977 187977
188023 188023
188049 188049
190196 190196
191604 191604
192104 192104
192252 192252
193803 193803
193803 193803
194067 194067
194582 194582
194631 194631
194829 194829
194841 194841
194871 194871
196217 196217
196217 196217
196217 196217
196802 196802
196892 196892
196929 196929
197768 197768
197768 197768
198057 198057
198057 198057
198417 198417
198441 198441
198441 198441
198441 198441
198441 198441
198610 198610
198641 198641
198696 198696
198742 198742
198931 198931
199087 199087
199105 199105
199315 199315
199415 199415
199415 199415
199500 199500
199500 199500
199500 199500
199647 199647
199673 199673
199784 199784
199845 199845
199845 199845
200162 200162
200162 200162
200327 200327
200327 200327
200327 200327
200479 200479
200496 200496
200678 200678
200678 200678
200707 200707
200757 200757
200846 200846
200846 200846
200921 200921
200939 200939
200972 200972
200972 200972
201028 201028
201151 201151
201274 201274
201274 201274
201308 201308
201308 201308
201345 201345
201345 201345
201345 201345
201345 201345
201345 201345
201345 201345
201345 201345
201345 201345
201345 201345
201345 201345
201345 201345
201345 201345
201345 201345
201345 201345
201345 201345
201345 201345
201345 201345
201345 201345
201345 201345
201345 201345
201345 201345
201345 201345
201345 201345
201345 201345
201345 201345
201345 201345
201345 201345
201345 201345
201345 201345
201345 201345
201368 201368
201368 201368
201368 201368
201368 201368
201368 201368
201368 201368
201368 201368
201383 201383
201561 201561
201566 201566
201566 201566
201566 201566
201581 201581
201740 201740
201740 201740
201740 201740
201740 201740
201740 201740
201740 201740
201740 201740
201751 201751
201751 201751
201761 201761
201761 201761
201761 201761
201761 201761
201761 201761
201776 201776
201776 201776
201824 201824
201851 201851
201851 201851
201851 201851
201851 201851
201851 201851
201909 201909
201909 201909
201990 201990
201990 201990
201990 201990
201990 201990
201990 201990
201990 201990
201990 201990
201990 201990
201995 201995
201995 201995
201995 201995
201995 201995
202003 202003
202003 202003
202003 202003
202003 202003
202003 202003
202003 202003
202003 202003
202003 202003
202003 202003
202003 202003
202003 202003
202025 202025
202061 202061
202061 202061
202061 202061
202061 202061
202061 202061
202061 202061
202061 202061
202061 202061
202061 202061
202061 202061
202061 202061
202061 202061
202061 202061
202061 202061
202061 202061
202061 202061
202061 202061
202061 202061
202061 202061
202061 202061
202061 202061
202061 202061
202061 202061
202061 202061
202061 202061
202061 202061
202061 202061
202061 202061
202061 202061
202061 202061
202061 202061
202061 202061
202061 202061
202061 202061
202061 202061
202061 202061
202061 202061
202061 202061
202061 202061
202061 202061
202061 202061
202061 202061
202061 202061
202061 202061
202061 202061
202061 202061
202061 202061
202061 202061
202061 202061
202061 202061
202061 202061
202061 202061
202061 202061
202061 202061
202061 202061
202061 202061
202061 202061
202061 202061
202061 202061
202061 202061
202061 202061
202061 202061
202061 202061
202061 202061
202061 202061
202061 202061
202061 202061
202061 202061
202061 202061
202061 202061
202061 202061
202061 202061
202061 202061
202061 202061
202061 202061
202061 202061
202061 202061
202066 202066
202066 202066
202066 202066
202081 202081
202096 202096
202096 202096
202096 202096
202096 202096
202096 202096
202096 202096
202117 202117
202117 202117
202121 202121
202121 202121
202121 202121
202121 202121
202121 202121
202121 202121
202121 202121
202157 202157
202157 202157
202157 202157
202157 202157
202157 202157
202157 202157
202157 202157
202157 202157
202157 202157
202157 202157
202157 202157
202157 202157
202157 202157
202157 202157
202157 202157
202157 202157
202157 202157
202157 202157
202157 202157
202157 202157
202157 202157
202157 202157
202157 202157
202157 202157
202157 202157
202157 202157
202157 202157
202157 202157
202157 202157
202157 202157
202157 202157
202157 202157
202157 202157
202157 202157
202157 202157
202157 202157
202157 202157
202157 202157
202157 202157
202157 202157
202157 202157
202157 202157
202157 202157
202157 202157
202157 202157
202157 202157
202157 202157
202157 202157
202157 202157
202157 202157
202157 202157
202157 202157
202157 202157
202157 202157
202157 202157
202157 202157
202157 202157
202157 202157
202157 202157
202157 202157
202157 202157
202157 202157
202157 202157
202160 202160
202160 202160
202160 202160
202160 202160
202160 202160
202160 202160
202160 202160
202160 202160
202160 202160
202188 202188
202188 202188
202188 202188
202188 202188
202188 202188
202188 202188
202188 202188
202188 202188
202188 202188
202188 202188
202188 202188
202188 202188
202188 202188
202188 202188
202188 202188
202188 202188
202188 202188
202188 202188
202188 202188
202188 202188
202188 202188
202212 202212
202221 202221
202221 202221
202221 202221
202221 202221
202221 202221
202221 202221
202221 202221
202221 202221
202221 202221
202221 202221
202221 202221
202221 202221
202221 202221
202221 202221
202221 202221
202221 202221
202221 202221
202221 202221
202221 202221
202221 202221
202221 202221
202221 202221
202221 202221
202221 202221
202221 202221
202221 202221
202221 202221
202221 202221
202221 202221
202221 202221
202221 202221
202221 202221
202221 202221
202221 202221
202221 202221
202221 202221
202221 202221
202221 202221
202221 202221
202221 202221
202221 202221
202221 202221
202221 202221
202221 202221
202221 202221
202221 202221
202221 202221
202221 202221
202221 202221
202221 202221
202221 202221
202221 202221
202221 202221
202221 202221
202221 202221
202221 202221
202221 202221
202221 202221
202221 202221
202221 202221
202221 202221
202221 202221
202221 202221
