202210
159352 159352
161937 161937
163258 163258
164208 164208
167377 167377
167480 167480
168359 168359
170300 170300
172281 172281
174012 174012
177058 177058
178501 178501
179727 179727
181668 181668
182382 182382
183002 183002
184978 184978
185020 185020
186682 186682
188286 188286
188530 188530
189015 189015
190875 190875
191582 191582
192661 192661
192661 192661
192661 192661
192899 192899
192899 192899
193385 193385
193702 193702
193857 193857
194181 194181
194731 194731
195495 195495
195560 195560
195651 195651
196004 196004
196004 196004
196004 196004
196148 196148
196238 196238
196526 196526
196612 196612
196935 196935
196996 196996
197197 197197
197385 197385
197626 197626
197931 197931
198035 198035
198359 198359
198366 198366
198600 198600
198600 198600
198692 198692
198692 198692
199121 199121
199121 199121
199141 199141
199202 199202
199202 199202
199202 199202
199219 199219
199419 199419
199434 199434
199509 199509
199536 199536
199921 199921
199921 199921
199921 199921
199921 199921
200038 200038
200038 200038
200040 200040
200040 200040
200040 200040
200040 200040
200126 200126
200126 200126
200178 200178
200346 200346
200346 200346
200346 200346
200356 200356
200356 200356
200434 200434
200699 200699
200699 200699
200699 200699
200789 200789
200789 200789
200836 200836
200836 200836
200836 200836
200999 200999
200999 200999
200999 200999
200999 200999
200999 200999
200999 200999
200999 200999
200999 200999
200999 200999
200999 200999
200999 200999
200999 200999
200999 200999
200999 200999
200999 200999
200999 200999
200999 200999
200999 200999
200999 200999
200999 200999
200999 200999
200999 200999
200999 200999
200999 200999
200999 200999
200999 200999
200999 200999
200999 200999
200999 200999
200999 200999
200999 200999
200999 200999
200999 200999
200999 200999
200999 200999
200999 200999
200999 200999
200999 200999
200999 200999
200999 200999
201028 201028
201028 201028
201028 201028
201042 201042
201106 201106
201175 201175
201196 201196
201312 201312
201312 201312
201312 201312
201348 201348
201439 201439
201439 201439
201439 201439
201439 201439
201439 201439
201495 201495
201495 201495
201512 201512
201512 201512
201512 201512
201512 201512
201512 201512
201512 201512
201541 201541
201566 201566
201625 201625
201625 201625
201625 201625
201666 201666
201666 201666
201666 201666
201666 201666
201673 201673
201673 201673
201797 201797
201797 201797
201819 201819
201819 201819
201831 201831
201831 201831
201901 201901
201901 201901
201901 201901
201901 201901
201901 201901
201901 201901
201901 201901
201901 201901
201901 201901
201901 201901
201901 201901
201956 201956
201956 201956
201956 201956
201956 201956
201956 201956
201956 201956
201956 201956
201956 201956
201956 201956
201956 201956
201956 201956
201956 201956
201956 201956
201956 201956
201956 201956
201956 201956
201956 201956
201956 201956
201956 201956
201956 201956
201956 201956
201956 201956
201956 201956
201956 201956
201956 201956
201956 201956
201956 201956
201956 201956
201956 201956
201956 201956
201956 201956
201956 201956
201956 201956
201956 201956
201956 201956
201956 201956
201956 201956
201956 201956
201956 201956
201956 201956
201956 201956
201956 201956
201956 201956
201956 201956
201956 201956
201956 201956
201956 201956
201956 201956
201956 201956
201956 201956
201956 201956
201956 201956
201956 201956
201956 201956
201956 201956
201967 201967
201967 201967
201967 201967
201967 201967
202009 202009
202009 202009
202009 202009
202009 202009
202009 202009
202009 202009
202009 202009
202009 202009
202009 202009
202009 202009
202009 202009
202009 202009
202009 202009
202016 202016
202091 202091
202091 202091
202093 202093
202093 202093
202095 202095
202103 202103
202103 202103
202103 202103
202103 202103
202103 202103
202103 202103
202103 202103
202103 202103
202103 202103
202103 202103
202103 202103
202103 202103
202103 202103
202118 202118
202118 202118
202118 202118
202118 202118
202118 202118
202118 202118
202118 202118
202118 202118
202118 202118
202118 202118
202118 202118
202118 202118
202118 202118
202118 202118
202118 202118
202118 202118
202118 202118
202118 202118
202118 202118
202118 202118
202118 202118
202118 202118
202118 202118
202118 202118
202118 202118
202118 202118
202118 202118
202118 202118
202118 202118
202118 202118
202118 202118
202118 202118
202118 202118
202118 202118
202118 202118
202118 202118
202118 202118
202118 202118
202118 202118
202118 202118
202118 202118
202118 202118
202118 202118
202118 202118
202118 202118
202118 202118
202118 202118
202118 202118
202118 202118
202118 202118
202118 202118
202118 202118
202118 202118
202118 202118
202118 202118
202118 202118
202118 202118
202118 202118
202118 202118
202118 202118
202118 202118
202118 202118
202118 202118
202118 202118
202118 202118
202118 202118
202118 202118
202118 202118
202118 202118
202118 202118
202118 202118
202118 202118
202118 202118
202186 202186
202186 202186
202186 202186
202186 202186
202186 202186
202186 202186
202186 202186
202186 202186
202186 202186
202186 202186
202186 202186
202186 202186
202189 202189
202189 202189
202197 202197
202197 202197
202197 202197
202197 202197
202197 202197
202197 202197
202197 202197
202204 202204
202204 202204
202204 202204
202210 202210
202210 202210
202210 202210
202210 202210
202210 202210
202210 202210
202210 202210
202210 202210
202210 202210
202210 202210
202210 202210
202210 202210
202210 202210
202210 202210
202210 202210
202210 202210
202210 202210
202210 202210
202210 202210
202210 202210
202210 202210
202210 202210
202210 202210
202210 202210
202210 202210
202210 202210
202210 202210
202210 202210
202210 202210
202210 202210
202210 202210
202210 202210
202210 202210
202210 202210
202210 202210
202210 202210
202210 202210
202210 202210
202210 202210
202210 202210
202210 202210
202210 202210
202210 202210
202210 202210
202210 202210
202210 202210
202210 202210
202210 202210
202210 202210
202210 202210
202210 202210
202210 202210
202210 202210
202210 202210
202210 202210
202210 202210
202210 202210
202210 202210
202210 202210
202210 202210
202210 202210
202210 202210
