189549
0 192823
189549 189549
186071 186071
188226 188226
182336 182336
178664 178664
0 180490
181968 181968
180180 180180
178684 178684
173490 173490
171854 171854
164191 164191
159790 159790
153946 153946
156148 156148
158175 158175
165025 165025
168181 168181
169737 169737
165288 165288
163408 163408
164832 164832
166014 166014
168386 168386
167490 167490
162230 162230
165629 165629
169871 169871
164799 164799
165842 165842
163358 163358
165755 165755
164077 164077
163678 163678
158714 158714
153244 153244
157128 157128
159450 159450
160329 160329
159652 159652
161292 161292
157963 157963
161657 161657
168441 168441
170611 170611
171808 171808
168439 168439
167360 167360
164642 164642
167486 167486
164647 164647
171600 171600
163977 163977
166485 166485
169901 169901
165941 165941
167529 167529
169482 169482
167435 167435
176144 176144
172655 172655
169925 169925
166646 166646
168555 168555
164814 164814
160484 160484
157375 157375
162950 162950
157089 157089
155649 155649
155124 155124
153609 153609
154380 154380
156723 156723
154378 154378
152190 152190
154631 154631
155099 155099
157912 157912
155971 155971
159107 159107
161784 161784
165526 165526
156836 156836
158281 158281
161054 161054
161926 161926
166147 166147
166511 166511
168752 168752
171540 171540
173406 173406
171431 171431
170296 170296
166580 166580
164077 164077
158955 158955
154552 154552
147801 147801
152641 152641
150940 150940
157697 157697
159913 159913
164212 164212
162491 162491
160035 160035
163361 163361
161604 161604
164378 164378
163777 163777
163577 163577
159512 159512
160074 160074
163554 163554
159775 159775
161784 161784
161410 161410
159662 159662
164226 164226
161237 161237
162112 162112
166209 166209
167595 167595
167923 167923
167721 167721
168431 168431
170434 170434
165595 165595
163766 163766
161927 161927
156361 156361
154036 154036
156760 156760
156703 156703
157495 157495
158192 158192
160756 160756
157056 157056
158290 158290
161146 161146
163590 163590
166487 166487
166396 166396
161284 161284
157835 157835
153958 153958
151806 151806
152694 152694
156245 156245
157698 157698
161095 161095
158942 158942
159838 159838
160614 160614
158716 158716
155800 155800
147638 147638
151490 151490
153807 153807
155464 155464
156698 156698
157348 157348
161063 161063
155354 155354
155175 155175
162270 162270
158311 158311
156027 156027
155337 155337
157566 157566
151230 151230
156971 156971
158232 158232
157094 157094
159400 159400
157088 157088
159958 159958
160940 160940
161604 161604
158223 158223
160111 160111
159304 159304
158671 158671
157279 157279
159970 159970
162944 162944
157425 157425
160101 160101
161630 161630
168711 168711
170866 170866
167680 167680
166061 166061
164534 164534
168408 168408
166029 166029
155206 155206
157670 157670
162847 162847
165924 165924
165082 165082
168016 168016
171661 171661
166137 166137
163912 163912
164221 164221
162826 162826
158132 158132
160236 160236
153766 153766
155884 155884
156132 156132
156577 156577
156667 156667
163210 163210
163255 163255
164934 164934
164645 164645
163452 163452
165982 165982
161687 161687
163966 163966
164454 164454
158240 158240
155666 155666
156677 156677
155437 155437
156282 156282
159585 159585
160883 160883
163430 163430
158396 158396
154219 154219
157849 157849
150350 150350
154948 154948
157439 157439
162389 162389
158684 158684
153808 153808
157215 157215
158415 158415
162794 162794
159935 159935
157415 157415
161416 161416
162614 162614
163686 163686
161278 161278
162851 162851
160638 160638
160737 160737
156222 156222
154100 154100
151868 151868
154964 154964
160981 160981
163222 163222
166480 166480
162311 162311
162755 162755
164087 164087
161738 161738
163857 163857
163343 163343
158503 158503
155914 155914
156550 156550
159051 159051
159728 159728
157636 157636
158667 158667
158159 158159
153540 153540
147933 147933
146238 146238
148586 148586
154003 154003
161225 161225
162272 162272
157824 157824
156228 156228
150921 150921
160558 160558
163257 163257
158811 158811
160713 160713
160184 160184
160417 160417
157322 157322
159873 159873
162174 162174
159521 159521
164987 164987
160978 160978
160199 160199
161752 161752
156271 156271
157120 157120
149294 149294
149997 149997
150276 150276
153808 153808
157512 157512
157086 157086
156564 156564
160795 160795
157297 157297
162760 162760
161549 161549
161587 161587
162333 162333
158959 158959
155480 155480
156685 156685
163978 163978
160430 160430
160824 160824
163786 163786
162802 162802
167018 167018
163408 163408
168480 168480
166369 166369
161801 161801
158494 158494
154842 154842
154915 154915
154981 154981
157673 157673
161216 161216
165785 165785
161822 161822
162918 162918
158999 158999
163713 163713
163825 163825
163905 163905
163967 163967
159284 159284
160737 160737
165696 165696
168172 168172
160899 160899
161665 161665
165441 165441
166971 166971
166846 166846
161602 161602
162736 162736
156683 156683
153766 153766
152298 152298
160490 160490
166495 166495
165804 165804
166924 166924
167116 167116
163050 163050
163295 163295
160265 160265
160804 160804
162916 162916
159594 159594
162001 162001
159150 159150
162668 162668
159964 159964
159791 159791
160671 160671
157614 157614
159025 159025
159664 159664
159328 159328
162935 162935
163302 163302
161150 161150
157098 157098
160048 160048
158134 158134
159872 159872
161109 161109
160508 160508
156294 156294
159756 159756
157179 157179
156346 156346
159333 159333
160459 160459
158535 158535
161363 161363
165806 165806
160901 160901
157360 157360
157787 157787
152206 152206
155358 155358
158500 158500
156124 156124
154053 154053
157641 157641
156034 156034
158832 158832
159668 159668
160435 160435
163610 163610
164980 164980
158203 158203
162121 162121
165121 165121
169367 169367
171513 171513
176074 176074
167718 167718
168305 168305
171399 171399
167945 167945
162699 162699
159780 159780
155942 155942
158258 158258
155327 155327
156411 156411
155328 155328
158157 158157
158023 158023
161043 161043
157325 157325
157137 157137
158209 158209
153970 153970
155890 155890
155051 155051
156967 156967
160087 160087
161918 161918
154741 154741
159539 159539
164800 164800
164213 164213
159104 159104
157200 157200
156737 156737
156114 156114
156575 156575
156204 156204
154652 154652
158568 158568
157088 157088
156659 156659
151243 151243
151746 151746
153853 153853
155532 155532
157402 157402
160237 160237
159791 159791
159385 159385
158384 158384
161326 161326
163782 163782
167004 167004
163601 163601
168416 168416
166071 166071
168933 168933
167772 167772
168628 168628
167642 167642
172031 172031
164878 164878
164607 164607
163875 163875
164248 164248
162842 162842
159361 159361
161402 161402
156317 156317
158001 158001
156414 156414
155349 155349
158612 158612
155226 155226
162007 162007
159217 159217
160209 160209
155307 155307
154057 154057
156021 156021
161682 161682
158534 158534
158410 158410
158952 158952
164841 164841
163426 163426
163512 163512
166344 166344
167593 167593
169372 169372
164021 164021
159261 159261
152973 152973
151079 151079
158995 158995
157429 157429
157916 157916
154800 154800
153858 153858
157210 157210
163317 163317
165334 165334
164600 164600
157643 157643
159565 159565
160885 160885
158389 158389
156187 156187
153382 153382
158941 158941
163256 163256
161741 161741
166801 166801
166873 166873
168821 168821
168472 168472
169797 169797
169018 169018
162993 162993
168867 168867
168480 168480
172726 172726
171277 171277
169120 169120
167223 167223
165771 165771
165763 165763
161041 161041
162668 162668
160670 160670
156329 156329
161881 161881
161581 161581
160188 160188
158371 158371
153877 153877
154303 154303
164106 164106
159530 159530
163585 163585
161665 161665
162371 162371
163087 163087
163240 163240
167213 167213
