202208
-525330 154919
156065 156065
157995 157995
159493 159493
165688 165688
165804 165804
166707 166707
169521 169521
171820 171820
172592 172592
174748 174748
177428 177428
178625 178625
179247 179247
183115 183115
183755 183755
183980 183980
184339 184339
184615 184615
186853 186853
187516 187516
187642 187642
188122 188122
188981 188981
189426 189426
189508 189508
190142 190142
190284 190284
190435 190435
192910 192910
193238 193238
194105 194105
194168 194168
194792 194792
195100 195100
195181 195181
195283 195283
195592 195592
195741 195741
195955 195955
196993 196993
197061 197061
197230 197230
197250 197250
197516 197516
197817 197817
198050 198050
198148 198148
198271 198271
198292 198292
198572 198572
198595 198595
198889 198889
198892 198892
198962 198962
199079 199079
199129 199129
199322 199322
199322 199322
199322 199322
199322 199322
199322 199322
199415 199415
199551 199551
199551 199551
199647 199647
199647 199647
199743 199743
199835 199835
199840 199840
199840 199840
199867 199867
199867 199867
199906 199906
199952 199952
200034 200034
200227 200227
200227 200227
200227 200227
200227 200227
200227 200227
200227 200227
200227 200227
200261 200261
200261 200261
200261 200261
200299 200299
200299 200299
200404 200404
200404 200404
200404 200404
200404 200404
200431 200431
200589 200589
200589 200589
200681 200681
200681 200681
200681 200681
200681 200681
200681 200681
200681 200681
200681 200681
200681 200681
200681 200681
200681 200681
200681 200681
200681 200681
200681 200681
200681 200681
200681 200681
200681 200681
200681 200681
200681 200681
200681 200681
200681 200681
200681 200681
200681 200681
200681 200681
200681 200681
200681 200681
200681 200681
200681 200681
200681 200681
200681 200681
200681 200681
200681 200681
200681 200681
200681 200681
200681 200681
200681 200681
200681 200681
200681 200681
200681 200681
200743 200743
200743 200743
200743 200743
200743 200743
200760 200760
200780 200780
200792 200792
200851 200851
200851 200851
200858 200858
200858 200858
201044 201044
201129 201129
201129 201129
201129 201129
201129 201129
201129 201129
201172 201172
201327 201327
201327 201327
201327 201327
201327 201327
201327 201327
201327 201327
201327 201327
201346 201346
201346 201346
201346 201346
201408 201408
201408 201408
201408 201408
201408 201408
201408 201408
201408 201408
201408 201408
201408 201408
201408 201408
201452 201452
201452 201452
201482 201482
201482 201482
201482 201482
201482 201482
201562 201562
201562 201562
201562 201562
201562 201562
201562 201562
201562 201562
201566 201566
201566 201566
201566 201566
201566 201566
201584 201584
201584 201584
201584 201584
201584 201584
201593 201593
201761 201761
201761 201761
201761 201761
201761 201761
201761 201761
201761 201761
201761 201761
201761 201761
201761 201761
201761 201761
201761 201761
201761 201761
201761 201761
201761 201761
201761 201761
201761 201761
201761 201761
201761 201761
201761 201761
201761 201761
201761 201761
201761 201761
201761 201761
201761 201761
201761 201761
201761 201761
201761 201761
201761 201761
201761 201761
201761 201761
201761 201761
201761 201761
201761 201761
201761 201761
201761 201761
201761 201761
201761 201761
201761 201761
201761 201761
201761 201761
201761 201761
201761 201761
201761 201761
201761 201761
201761 201761
201801 201801
201801 201801
201807 201807
201807 201807
201807 201807
201807 201807
201814 201814
201829 201829
201837 201837
201869 201869
201911 201911
201937 201937
201937 201937
201937 201937
201937 201937
201937 201937
201974 201974
201974 201974
202018 202018
202018 202018
202018 202018
202018 202018
202018 202018
202018 202018
202018 202018
202018 202018
202018 202018
202018 202018
202018 202018
202018 202018
202082 202082
202082 202082
202082 202082
202082 202082
202082 202082
202082 202082
202088 202088
202088 202088
202088 202088
202088 202088
202088 202088
202096 202096
202103 202103
202103 202103
202103 202103
202103 202103
202103 202103
202103 202103
202103 202103
202103 202103
202103 202103
202109 202109
202109 202109
202109 202109
202109 202109
202109 202109
202109 202109
202109 202109
202109 202109
202109 202109
202109 202109
202109 202109
202109 202109
202109 202109
202109 202109
202109 202109
202109 202109
202109 202109
202109 202109
202109 202109
202109 202109
202109 202109
202109 202109
202109 202109
202109 202109
202109 202109
202109 202109
202109 202109
202109 202109
202109 202109
202109 202109
202109 202109
202109 202109
202109 202109
202109 202109
202109 202109
202109 202109
202109 202109
202109 202109
202109 202109
202109 202109
202109 202109
202109 202109
202109 202109
202109 202109
202109 202109
202109 202109
202109 202109
202109 202109
202109 202109
202109 202109
202109 202109
202109 202109
202109 202109
202109 202109
202109 202109
202109 202109
202109 202109
202109 202109
202120 202120
202120 202120
202120 202120
202120 202120
202120 202120
202120 202120
202120 202120
202120 202120
202120 202120
202120 202120
202142 202142
202154 202154
202154 202154
202154 202154
202154 202154
202154 202154
202154 202154
202154 202154
202154 202154
202154 202154
202154 202154
202154 202154
202154 202154
202154 202154
202154 202154
202154 202154
202154 202154
202154 202154
202154 202154
202202 202202
202202 202202
202208 202208
202208 202208
202208 202208
202208 202208
202208 202208
202208 202208
202208 202208
202208 202208
202208 202208
202208 202208
202208 202208
202208 202208
202208 202208
202208 202208
202208 202208
202208 202208
202208 202208
202208 202208
202208 202208
202208 202208
202208 202208
202208 202208
202208 202208
202208 202208
202208 202208
202208 202208
202208 202208
202208 202208
202208 202208
202208 202208
202208 202208
202208 202208
202208 202208
202208 202208
202208 202208
202208 202208
202208 202208
202208 202208
202208 202208
202208 202208
202208 202208
202208 202208
202208 202208
202208 202208
202208 202208
202208 202208
202208 202208
202208 202208
202208 202208
202208 202208
202208 202208
202208 202208
202208 202208
202208 202208
202208 202208
202208 202208
202208 202208
202208 202208
202208 202208
202208 202208
