242692
151339 151339
167389 167389
173029 173029
174555 174555
176740 176740
177843 177843
180449 180449
183012 183012
191774 191774
193896 193896
195128 195128
195513 195513
196990 196990
197649 197649
199424 199424
202546 202546
203774 203774
203831 203831
206496 206496
211833 211833
213875 213875
214757 214757
215465 215465
218703 218703
219172 219172
221039 221039
222627 222627
223194 223194
223904 223904
224830 224830
225117 225117
225208 225208
226101 226101
227266 227266
227996 227996
228189 228189
228247 228247
229004 229004
229045 229045
230492 230492
232143 232143
232464 232464
232529 232529
233263 233263
233367 233367
233592 233592
233632 233632
234034 234034
234254 234254
234477 234477
235125 235125
235898 235898
236079 236079
236256 236256
236613 236613
236719 236719
237393 237393
237515 237515
237546 237546
237781 237781
238085 238085
238345 238345
238345 238345
238377 238377
238409 238409
238568 238568
238734 238734
238820 238820
238908 238908
239037 239037
239391 239391
239477 239477
239656 239656
239897 239897
239967 239967
240068 240068
240086 240086
240257 240257
240258 240258
240289 240289
240379 240379
240388 240388
240425 240425
240449 240449
240513 240513
240570 240570
240633 240633
240658 240658
240719 240719
240735 240735
240781 240781
240839 240839
240856 240856
240863 240863
240874 240874
241092 241092
241224 241224
241224 241224
241514 241514
241514 241514
241514 241514
241666 241666
241666 241666
241670 241670
241670 241670
241670 241670
241670 241670
241670 241670
241670 241670
241670 241670
241739 241739
241739 241739
241739 241739
241748 241748
241748 241748
241898 241898
241898 241898
241974 241974
241974 241974
241974 241974
241974 241974
242017 242017
242017 242017
242017 242017
242017 242017
242031 242031
242058 242058
242058 242058
242058 242058
242119 242119
242119 242119
242119 242119
242119 242119
242119 242119
242166 242166
242166 242166
242166 242166
242166 242166
242248 242248
242248 242248
242248 242248
242248 242248
242248 242248
242248 242248
242248 242248
242248 242248
242248 242248
242248 242248
242248 242248
242248 242248
242248 242248
242248 242248
242248 242248
242248 242248
242248 242248
242248 242248
242248 242248
242417 242417
242417 242417
242417 242417
242417 242417
242417 242417
242417 242417
242417 242417
242417 242417
242417 242417
242417 242417
242417 242417
242417 242417
242417 242417
242417 242417
242417 242417
242417 242417
242417 242417
242417 242417
242417 242417
242417 242417
242417 242417
242417 242417
242417 242417
242417 242417
242417 242417
242417 242417
242417 242417
242417 242417
242417 242417
242417 242417
242417 242417
242417 242417
242417 242417
242417 242417
242417 242417
242417 242417
242417 242417
242417 242417
242417 242417
242417 242417
242417 242417
242425 242425
242425 242425
242425 242425
242425 242425
242425 242425
242425 242425
242427 242427
242427 242427
242431 242431
242433 242433
242433 242433
242500 242500
242500 242500
242500 242500
242500 242500
242500 242500
242500 242500
242500 242500
242500 242500
242500 242500
242500 242500
242500 242500
242500 242500
242500 242500
242500 242500
242500 242500
242504 242504
242504 242504
242504 242504
242504 242504
242520 242520
242522 242522
242522 242522
242522 242522
242522 242522
242522 242522
242522 242522
242522 242522
242522 242522
242522 242522
242522 242522
242522 242522
242522 242522
242522 242522
242522 242522
242522 242522
242522 242522
242522 242522
242522 242522
242540 242540
242540 242540
242540 242540
242540 242540
242574 242574
242574 242574
242574 242574
242574 242574
242574 242574
242574 242574
242574 242574
242574 242574
242574 242574
242574 242574
242574 242574
242574 242574
242574 242574
242574 242574
242574 242574
242574 242574
242574 242574
242574 242574
242574 242574
242574 242574
242574 242574
242574 242574
242574 242574
242574 242574
242574 242574
242574 242574
242574 242574
242574 242574
242574 242574
242574 242574
242574 242574
242574 242574
242578 242578
242578 242578
242578 242578
242578 242578
242578 242578
242578 242578
242578 242578
242578 242578
242578 242578
242588 242588
242588 242588
242588 242588
242588 242588
242588 242588
242588 242588
242588 242588
242588 242588
242588 242588
242588 242588
242588 242588
242588 242588
242588 242588
242588 242588
242588 242588
242588 242588
242588 242588
242588 242588
242588 242588
242588 242588
242588 242588
242588 242588
242588 242588
242588 242588
242588 242588
242588 242588
242588 242588
242588 242588
242588 242588
242588 242588
242588 242588
242588 242588
242588 242588
242588 242588
242588 242588
242588 242588
242588 242588
242588 242588
242588 242588
242588 242588
242588 242588
242588 242588
242588 242588
242588 242588
242588 242588
242588 242588
242588 242588
242588 242588
242588 242588
242588 242588
242588 242588
242588 242588
242588 242588
242588 242588
242588 242588
242588 242588
242588 242588
242588 242588
242588 242588
242588 242588
242588 242588
242588 242588
242588 242588
242588 242588
242588 242588
242588 242588
242593 242593
242593 242593
242593 242593
242593 242593
242593 242593
242593 242593
242593 242593
242593 242593
242593 242593
242593 242593
242593 242593
242593 242593
242593 242593
242593 242593
242593 242593
242593 242593
242593 242593
242593 242593
242593 242593
242593 242593
242593 242593
242593 242593
242593 242593
242593 242593
242593 242593
242593 242593
242593 242593
242593 242593
242593 242593
242595 242595
242595 242595
242595 242595
242595 242595
242595 242595
242595 242595
242595 242595
242595 242595
242595 242595
242595 242595
242595 242595
242595 242595
242595 242595
242595 242595
242598 242598
242598 242598
242598 242598
242598 242598
242598 242598
242598 242598
242598 242598
242598 242598
242598 242598
242598 242598
242598 242598
242598 242598
242598 242598
242598 242598
242598 242598
242598 242598
242598 242598
242598 242598
242598 242598
242598 242598
242598 242598
242598 242598
242598 242598
242598 242598
242598 242598
242598 242598
242598 242598
242598 242598
242598 242598
242598 242598
242598 242598
242598 242598
242598 242598
242598 242598
242598 242598
242598 242598
242598 242598
242598 242598
242598 242598
242598 242598
242598 242598
242598 242598
242598 242598
242598 242598
242598 242598
242598 242598
242598 242598
242598 242598
242598 242598
242604 242604
242604 242604
242604 242604
242604 242604
242604 242604
242604 242604
242609 242609
242609 242609
242609 242609
242609 242609
242609 242609
242609 242609
242609 242609
242609 242609
242609 242609
242609 242609
242609 242609
242609 242609
242609 242609
242609 242609
242609 242609
242609 242609
242609 242609
242609 242609
242609 242609
242609 242609
242609 242609
242609 242609
242609 242609
242609 242609
242609 242609
242609 242609
242609 242609
242609 242609
242609 242609
242609 242609
242609 242609
242609 242609
242609 242609
242609 242609
242609 242609
242619 242619
242619 242619
242619 242619
242619 242619
242619 242619
242619 242619
242619 242619
242619 242619
242619 242619
242619 242619
242619 242619
242619 242619
242619 242619
242619 242619
242619 242619
242619 242619
242619 242619
242619 242619
242619 242619
242619 242619
242619 242619
242619 242619
242619 242619
242619 242619
242619 242619
242619 242619
242619 242619
242619 242619
242619 242619
242619 242619
242619 242619
242619 242619
242619 242619
242619 242619
242619 242619
242619 242619
242619 242619
242619 242619
242619 242619
242619 242619
242619 242619
242619 242619
242619 242619
242619 242619
242619 242619
242619 242619
242619 242619
242619 242619
242619 242619
242619 242619
242619 242619
242619 242619
242619 242619
242619 242619
242619 242619
242619 242619
242619 242619
242619 242619
242619 242619
242619 242619
242619 242619
242619 242619
242619 242619
242619 242619
242619 242619
242619 242619
242619 242619
242619 242619
242626 242626
242626 242626
242626 242626
242626 242626
242626 242626
242626 242626
242626 242626
242626 242626
242626 242626
242626 242626
242626 242626
242626 242626
242626 242626
242626 242626
242626 242626
242626 242626
242626 242626
242626 242626
242626 242626
242626 242626
242626 242626
242626 242626
242626 242626
242626 242626
242626 242626
242626 242626
242626 242626
242626 242626
242626 242626
242626 242626
242626 242626
242626 242626
242626 242626
242626 242626
242626 242626
242626 242626
242626 242626
242626 242626
242626 242626
242626 242626
242626 242626
242626 242626
242626 242626
242626 242626
242626 242626
242626 242626
242626 242626
242626 242626
242626 242626
242626 242626
242626 242626
242626 242626
242626 242626
242626 242626
242626 242626
242626 242626
242626 242626
242626 242626
242626 242626
242626 242626
242626 242626
242626 242626
242626 242626
242626 242626
242626 242626
242626 242626
242626 242626
242626 242626
242626 242626
242626 242626
242626 242626
242626 242626
242626 242626
242626 242626
242626 242626
242626 242626
242626 242626
242626 242626
242626 242626
242626 242626
242626 242626
242626 242626
242626 242626
242626 242626
242626 242626
242626 242626
242626 242626
242626 242626
242626 242626
242626 242626
242626 242626
242626 242626
242626 242626
242626 242626
242626 242626
242626 242626
242626 242626
242630 242630
242630 242630
242652 242652
242652 242652
242652 242652
242652 242652
242652 242652
242652 242652
242652 242652
242652 242652
242652 242652
242652 242652
242652 242652
242652 242652
242652 242652
242652 242652
242652 242652
242652 242652
242652 242652
242652 242652
242652 242652
242652 242652
242652 242652
242652 242652
242652 242652
242652 242652
242652 242652
242652 242652
242652 242652
242652 242652
242652 242652
242652 242652
242652 242652
242652 242652
242652 242652
242652 242652
242652 242652
242652 242652
242652 242652
242652 242652
242652 242652
242652 242652
242652 242652
242652 242652
242652 242652
242652 242652
242652 242652
242652 242652
242652 242652
242652 242652
242652 242652
242652 242652
242652 242652
242652 242652
242652 242652
242652 242652
242652 242652
242652 242652
242652 242652
242652 242652
242652 242652
242652 242652
242652 242652
242652 242652
242652 242652
242652 242652
242652 242652
242652 242652
242652 242652
242652 242652
242652 242652
242652 242652
242652 242652
242652 242652
242652 242652
242652 242652
242652 242652
242659 242659
242659 242659
242659 242659
242659 242659
242659 242659
242659 242659
242659 242659
242659 242659
242659 242659
242659 242659
242659 242659
242659 242659
242659 242659
242659 242659
242659 242659
242659 242659
242659 242659
242659 242659
242659 242659
242659 242659
242659 242659
242659 242659
242659 242659
242659 242659
242659 242659
242659 242659
242659 242659
242659 242659
242659 242659
242659 242659
242659 242659
242659 242659
242659 242659
242659 242659
242659 242659
242659 242659
242659 242659
242659 242659
242659 242659
242659 242659
242659 242659
242659 242659
242659 242659
242659 242659
242659 242659
242659 242659
242659 242659
242659 242659
242659 242659
242659 242659
242659 242659
242659 242659
242659 242659
242659 242659
242659 242659
242659 242659
242659 242659
242659 242659
242659 242659
242659 242659
242659 242659
242659 242659
242659 242659
242659 242659
242659 242659
242659 242659
242659 242659
242659 242659
242659 242659
242659 242659
242659 242659
242659 242659
242659 242659
242659 242659
242659 242659
242659 242659
242659 242659
242659 242659
242659 242659
242659 242659
242659 242659
242659 242659
242659 242659
242659 242659
242659 242659
242659 242659
242659 242659
242659 242659
242659 242659
242659 242659
242659 242659
242659 242659
242659 242659
242659 242659
242659 242659
242659 242659
242659 242659
242659 242659
242659 242659
242659 242659
242659 242659
242659 242659
242659 242659
242659 242659
242659 242659
242659 242659
242659 242659
242659 242659
242659 242659
242659 242659
242659 242659
242659 242659
242659 242659
242659 242659
242659 242659
242659 242659
242659 242659
242659 242659
242659 242659
242659 242659
242659 242659
242659 242659
242659 242659
242659 242659
242659 242659
242659 242659
242659 242659
242659 242659
242659 242659
242659 242659
242659 242659
242659 242659
242659 242659
242659 242659
242659 242659
242659 242659
242659 242659
242659 242659
242659 242659
242659 242659
242659 242659
242659 242659
242659 242659
242659 242659
242659 242659
242659 242659
242659 242659
242659 242659
242659 242659
242659 242659
242659 242659
242659 242659
242659 242659
242659 242659
242659 242659
242659 242659
242659 242659
242659 242659
242659 242659
242659 242659
242659 242659
242659 242659
242659 242659
242659 242659
242659 242659
242659 242659
242659 242659
242659 242659
242659 242659
242659 242659
242659 242659
242659 242659
242659 242659
242659 242659
242659 242659
242659 242659
242659 242659
242659 242659
242659 242659
242659 242659
242659 242659
242659 242659
242659 242659
242659 242659
242659 242659
242659 242659
242659 242659
242659 242659
242659 242659
242659 242659
242659 242659
242659 242659
242659 242659
242659 242659
242659 242659
242659 242659
242659 242659
242659 242659
242659 242659
242659 242659
242659 242659
242659 242659
242659 242659
242659 242659
242659 242659
242659 242659
242659 242659
242659 242659
242659 242659
242659 242659
242659 242659
242659 242659
242659 242659
242659 242659
242659 242659
242659 242659
242659 242659
242659 242659
242659 242659
242659 242659
242659 242659
242659 242659
242659 242659
242659 242659
242659 242659
242659 242659
242659 242659
242659 242659
242659 242659
242659 242659
242659 242659
242659 242659
242659 242659
242659 242659
242659 242659
242659 242659
242659 242659
242659 242659
242659 242659
242659 242659
242659 242659
242659 242659
242659 242659
242659 242659
242659 242659
242659 242659
242659 242659
242659 242659
242659 242659
242659 242659
242659 242659
242659 242659
242659 242659
242659 242659
242659 242659
242659 242659
242659 242659
242659 242659
242659 242659
242659 242659
242659 242659
242659 242659
242659 242659
242659 242659
242659 242659
242659 242659
242659 242659
242659 242659
242659 242659
242659 242659
242659 242659
242659 242659
242659 242659
242659 242659
242659 242659
242659 242659
242659 242659
242659 242659
242659 242659
242659 242659
242659 242659
242659 242659
242659 242659
242659 242659
242659 242659
242659 242659
242659 242659
242659 242659
242659 242659
242659 242659
242659 242659
242659 242659
242659 242659
242659 242659
242659 242659
242659 242659
242659 242659
242659 242659
242659 242659
242659 242659
242659 242659
242659 242659
242659 242659
242659 242659
242659 242659
242659 242659
242659 242659
242659 242659
242659 242659
242659 242659
242659 242659
242659 242659
242659 242659
242659 242659
242659 242659
242659 242659
242659 242659
242659 242659
242659 242659
242659 242659
242659 242659
242659 242659
242659 242659
242676 242676
242676 242676
242676 242676
242676 242676
242676 242676
242676 242676
242676 242676
242676 242676
242676 242676
242676 242676
242676 242676
242676 242676
242676 242676
242676 242676
242676 242676
242676 242676
242676 242676
242676 242676
242676 242676
242676 242676
242676 242676
242676 242676
242676 242676
242676 242676
242676 242676
242676 242676
242676 242676
242676 242676
242676 242676
242676 242676
242676 242676
242676 242676
242676 242676
242676 242676
242676 242676
242676 242676
242676 242676
242676 242676
242676 242676
242676 242676
242676 242676
242676 242676
242676 242676
242676 242676
242676 242676
242676 242676
242676 242676
242676 242676
242676 242676
242676 242676
242676 242676
242676 242676
242676 242676
242676 242676
242676 242676
242676 242676
242676 242676
242676 242676
242676 242676
242676 242676
242676 242676
242676 242676
242676 242676
242676 242676
242676 242676
242676 242676
242676 242676
242676 242676
242676 242676
242676 242676
242676 242676
242676 242676
242676 242676
242676 242676
242676 242676
242676 242676
242676 242676
242676 242676
242676 242676
242676 242676
242676 242676
242676 242676
242676 242676
242676 242676
242676 242676
242676 242676
242676 242676
242676 242676
242676 242676
242676 242676
242676 242676
242676 242676
242676 242676
242676 242676
242676 242676
242676 242676
242676 242676
242676 242676
242676 242676
242676 242676
242676 242676
242676 242676
242676 242676
242676 242676
242676 242676
242676 242676
242676 242676
242676 242676
242676 242676
242676 242676
242676 242676
242676 242676
242676 242676
242676 242676
242676 242676
242676 242676
242676 242676
242676 242676
242676 242676
242676 242676
242676 242676
242676 242676
242676 242676
242676 242676
242676 242676
242676 242676
242676 242676
242676 242676
242676 242676
242676 242676
242676 242676
242676 242676
242676 242676
242676 242676
242676 242676
242676 242676
242676 242676
242676 242676
242676 242676
242676 242676
242676 242676
242676 242676
242676 242676
242676 242676
242676 242676
242676 242676
242676 242676
242676 242676
242676 242676
242676 242676
242676 242676
242676 242676
242676 242676
242676 242676
242676 242676
242676 242676
242676 242676
242676 242676
242676 242676
242676 242676
242676 242676
242676 242676
242676 242676
242676 242676
242676 242676
242676 242676
242676 242676
242676 242676
242676 242676
242676 242676
242676 242676
242676 242676
242676 242676
242676 242676
242676 242676
242676 242676
242676 242676
242676 242676
242676 242676
242676 242676
242676 242676
242676 242676
242676 242676
242676 242676
242676 242676
242676 242676
242676 242676
242676 242676
242676 242676
242676 242676
242676 242676
242676 242676
242676 242676
242676 242676
242676 242676
242676 242676
242676 242676
242676 242676
242676 242676
242676 242676
242676 242676
242676 242676
242676 242676
242676 242676
242676 242676
242676 242676
242676 242676
242676 242676
242676 242676
242676 242676
242676 242676
242676 242676
242676 242676
242676 242676
242676 242676
242676 242676
242676 242676
242676 242676
242676 242676
242676 242676
242676 242676
242676 242676
242676 242676
242676 242676
242676 242676
242676 242676
242676 242676
242676 242676
242676 242676
242676 242676
242676 242676
242676 242676
242676 242676
242676 242676
242676 242676
242676 242676
242676 242676
242676 242676
242676 242676
242676 242676
242676 242676
242676 242676
242676 242676
242676 242676
242676 242676
242676 242676
242676 242676
242676 242676
242676 242676
242676 242676
242676 242676
242676 242676
242676 242676
242676 242676
242676 242676
242676 242676
242676 242676
242676 242676
242676 242676
242676 242676
242676 242676
242676 242676
242676 242676
242676 242676
242676 242676
242676 242676
242676 242676
242676 242676
242676 242676
242676 242676
242676 242676
242676 242676
242676 242676
242676 242676
242676 242676
242676 242676
242676 242676
242676 242676
242676 242676
242676 242676
242676 242676
242676 242676
242676 242676
242676 242676
242676 242676
242676 242676
242676 242676
242676 242676
242676 242676
242676 242676
242676 242676
242676 242676
242676 242676
242676 242676
242676 242676
242676 242676
242676 242676
242676 242676
242676 242676
242676 242676
242676 242676
242676 242676
242676 242676
242676 242676
242676 242676
242676 242676
242676 242676
242676 242676
242676 242676
242676 242676
242676 242676
242676 242676
242676 242676
242676 242676
242676 242676
242676 242676
242676 242676
242676 242676
242676 242676
242676 242676
242676 242676
242676 242676
242676 242676
242676 242676
242676 242676
242676 242676
242676 242676
242676 242676
242676 242676
242676 242676
242676 242676
242676 242676
242676 242676
242676 242676
242676 242676
242676 242676
242676 242676
242676 242676
242676 242676
242676 242676
242676 242676
242676 242676
242676 242676
242676 242676
242676 242676
242676 242676
242676 242676
242676 242676
242676 242676
242676 242676
242676 242676
242676 242676
242676 242676
242676 242676
242676 242676
242676 242676
242676 242676
242676 242676
242676 242676
242676 242676
242676 242676
242676 242676
242676 242676
242676 242676
242676 242676
242676 242676
242676 242676
242676 242676
242676 242676
242676 242676
242676 242676
242676 242676
242676 242676
242676 242676
242676 242676
242676 242676
242676 242676
242676 242676
242676 242676
242676 242676
242676 242676
242676 242676
242676 242676
242676 242676
242676 242676
242676 242676
242676 242676
242676 242676
242676 242676
242676 242676
242676 242676
242676 242676
242676 242676
242676 242676
242676 242676
242676 242676
242676 242676
242676 242676
242676 242676
242676 242676
242676 242676
242676 242676
242676 242676
242676 242676
242676 242676
242676 242676
242676 242676
242676 242676
242676 242676
242676 242676
242676 242676
242676 242676
242676 242676
242676 242676
242676 242676
242676 242676
242676 242676
242676 242676
242676 242676
242676 242676
242676 242676
242676 242676
242676 242676
242676 242676
242676 242676
242676 242676
242676 242676
242676 242676
242676 242676
242676 242676
242676 242676
242676 242676
242676 242676
242676 242676
242676 242676
242676 242676
242676 242676
242676 242676
242676 242676
242676 242676
242676 242676
242676 242676
242676 242676
242676 242676
242676 242676
242676 242676
242676 242676
242676 242676
242676 242676
242676 242676
242676 242676
242676 242676
242676 242676
242676 242676
242676 242676
242676 242676
242676 242676
242676 242676
242676 242676
242676 242676
242676 242676
242676 242676
242676 242676
242676 242676
242676 242676
242676 242676
242676 242676
242676 242676
242676 242676
242676 242676
242676 242676
242676 242676
242676 242676
242676 242676
242676 242676
242676 242676
242676 242676
242676 242676
242676 242676
242676 242676
242676 242676
242676 242676
242676 242676
242676 242676
242676 242676
242676 242676
242676 242676
242676 242676
242676 242676
242676 242676
242676 242676
242676 242676
242676 242676
242676 242676
242676 242676
242676 242676
242676 242676
242676 242676
242676 242676
242676 242676
242676 242676
242676 242676
242676 242676
242676 242676
242676 242676
242676 242676
242676 242676
242676 242676
242676 242676
242676 242676
242676 242676
242676 242676
242676 242676
242676 242676
242676 242676
242676 242676
242676 242676
242676 242676
242676 242676
242676 242676
242676 242676
242676 242676
242676 242676
242676 242676
242676 242676
242676 242676
242676 242676
242676 242676
242676 242676
242676 242676
242676 242676
242676 242676
242676 242676
242676 242676
242676 242676
242676 242676
242676 242676
242676 242676
242676 242676
242676 242676
242676 242676
242676 242676
242676 242676
242676 242676
242676 242676
242676 242676
242676 242676
242676 242676
242676 242676
242676 242676
242676 242676
242676 242676
242676 242676
242676 242676
242676 242676
242676 242676
242676 242676
242676 242676
242676 242676
242676 242676
242676 242676
242676 242676
242676 242676
242676 242676
242676 242676
242676 242676
242676 242676
242676 242676
242676 242676
242676 242676
242676 242676
242676 242676
242676 242676
242676 242676
242676 242676
242676 242676
242676 242676
242676 242676
242676 242676
242676 242676
242676 242676
242676 242676
242676 242676
242676 242676
242676 242676
242676 242676
242676 242676
242676 242676
242676 242676
242676 242676
242676 242676
242676 242676
242676 242676
242676 242676
242676 242676
242676 242676
242676 242676
242676 242676
242676 242676
242676 242676
242676 242676
242676 242676
242676 242676
242676 242676
242676 242676
242676 242676
242676 242676
242676 242676
242676 242676
242676 242676
242676 242676
242676 242676
242676 242676
242676 242676
242676 242676
242676 242676
242676 242676
242676 242676
242676 242676
242676 242676
242676 242676
242676 242676
242676 242676
242676 242676
242676 242676
242676 242676
242676 242676
242676 242676
242676 242676
242676 242676
242676 242676
242676 242676
242676 242676
242676 242676
242676 242676
242676 242676
242676 242676
242676 242676
242676 242676
242676 242676
242676 242676
242676 242676
242676 242676
242676 242676
242676 242676
242676 242676
242676 242676
242676 242676
242676 242676
242676 242676
242676 242676
242676 242676
242676 242676
242676 242676
242676 242676
242676 242676
242676 242676
242676 242676
242676 242676
242676 242676
242676 242676
242676 242676
242676 242676
242676 242676
242676 242676
242676 242676
242676 242676
242676 242676
242676 242676
242676 242676
242676 242676
242676 242676
242676 242676
242676 242676
242676 242676
242676 242676
242676 242676
242676 242676
242676 242676
242676 242676
242676 242676
242676 242676
242676 242676
242676 242676
242676 242676
242676 242676
242676 242676
242676 242676
242676 242676
242676 242676
242676 242676
242676 242676
242676 242676
242676 242676
242676 242676
242676 242676
242676 242676
242676 242676
242676 242676
242676 242676
242676 242676
242676 242676
242676 242676
242676 242676
242676 242676
242676 242676
242676 242676
242676 242676
242676 242676
242676 242676
242676 242676
242676 242676
242676 242676
242676 242676
242676 242676
242676 242676
242676 242676
242676 242676
242676 242676
242676 242676
242676 242676
242676 242676
242676 242676
242676 242676
242676 242676
242676 242676
242676 242676
242676 242676
242676 242676
242676 242676
242676 242676
242676 242676
242676 242676
242676 242676
242676 242676
242676 242676
242676 242676
242676 242676
242676 242676
242676 242676
242676 242676
242676 242676
242676 242676
242676 242676
242676 242676
242676 242676
242676 242676
242676 242676
242676 242676
242676 242676
242676 242676
242676 242676
242676 242676
242676 242676
242676 242676
242676 242676
242676 242676
242676 242676
242676 242676
242676 242676
242676 242676
242676 242676
242676 242676
242676 242676
242676 242676
242676 242676
242676 242676
242676 242676
242676 242676
242676 242676
242676 242676
242676 242676
242676 242676
242676 242676
242676 242676
242676 242676
242676 242676
242676 242676
242676 242676
242676 242676
242676 242676
242676 242676
242676 242676
242676 242676
242676 242676
242676 242676
242676 242676
242676 242676
242676 242676
242676 242676
242676 242676
242676 242676
242676 242676
242676 242676
242676 242676
242676 242676
242676 242676
242676 242676
242676 242676
242676 242676
242676 242676
242676 242676
242676 242676
242676 242676
242676 242676
242676 242676
242676 242676
242676 242676
242676 242676
242676 242676
242676 242676
242676 242676
242676 242676
242676 242676
242676 242676
242676 242676
242676 242676
242676 242676
242676 242676
242676 242676
242676 242676
242676 242676
242676 242676
242676 242676
242676 242676
242676 242676
242676 242676
242676 242676
242676 242676
242676 242676
242676 242676
242676 242676
242676 242676
242676 242676
242676 242676
242676 242676
242676 242676
242676 242676
242676 242676
242676 242676
242676 242676
242676 242676
242676 242676
242676 242676
242676 242676
242676 242676
242676 242676
242676 242676
242676 242676
242676 242676
242676 242676
242676 242676
242676 242676
242676 242676
242676 242676
242676 242676
242676 242676
242676 242676
242676 242676
242676 242676
242676 242676
242676 242676
242676 242676
242676 242676
242676 242676
242676 242676
242676 242676
242676 242676
242676 242676
242676 242676
242676 242676
242676 242676
242676 242676
242676 242676
242676 242676
242676 242676
242676 242676
242676 242676
242676 242676
242676 242676
242676 242676
242676 242676
242676 242676
242676 242676
242676 242676
242676 242676
242676 242676
242676 242676
242676 242676
242676 242676
242676 242676
242676 242676
242676 242676
242676 242676
242676 242676
242676 242676
242676 242676
242676 242676
242676 242676
242676 242676
242676 242676
242676 242676
242676 242676
242676 242676
242676 242676
242676 242676
242676 242676
242676 242676
242676 242676
242676 242676
242676 242676
242676 242676
242676 242676
242676 242676
242676 242676
242676 242676
242676 242676
242676 242676
242676 242676
242676 242676
242676 242676
242676 242676
242676 242676
242676 242676
242676 242676
242676 242676
242676 242676
242676 242676
242676 242676
242676 242676
242676 242676
242676 242676
242676 242676
242676 242676
242676 242676
242676 242676
242676 242676
242676 242676
242676 242676
242676 242676
242676 242676
242676 242676
242676 242676
242676 242676
242676 242676
242676 242676
242676 242676
242676 242676
242676 242676
242676 242676
242676 242676
242676 242676
242676 242676
242676 242676
242676 242676
242676 242676
242676 242676
242676 242676
242676 242676
242676 242676
242676 242676
242676 242676
242676 242676
242676 242676
242676 242676
242676 242676
242676 242676
242676 242676
242676 242676
242676 242676
242676 242676
242676 242676
242676 242676
242676 242676
242676 242676
242676 242676
242676 242676
242676 242676
242676 242676
242676 242676
242676 242676
242676 242676
242676 242676
242676 242676
242676 242676
242676 242676
242676 242676
242676 242676
242676 242676
242676 242676
242676 242676
242676 242676
242676 242676
242676 242676
242676 242676
242676 242676
242676 242676
242676 242676
242676 242676
242676 242676
242676 242676
242676 242676
242676 242676
242676 242676
242676 242676
242676 242676
242676 242676
242676 242676
242676 242676
242676 242676
242676 242676
242676 242676
242676 242676
242676 242676
242676 242676
242676 242676
242676 242676
242676 242676
242676 242676
242676 242676
242676 242676
242676 242676
242676 242676
242676 242676
242676 242676
242676 242676
242676 242676
242676 242676
242676 242676
242676 242676
242676 242676
242676 242676
242676 242676
242684 242684
242684 242684
242684 242684
242684 242684
242684 242684
242684 242684
242684 242684
242684 242684
242684 242684
242684 242684
242684 242684
242684 242684
242684 242684
242684 242684
242684 242684
242684 242684
242684 242684
242684 242684
242684 242684
242684 242684
242684 242684
242684 242684
242684 242684
242684 242684
242684 242684
242684 242684
242684 242684
242684 242684
242684 242684
242684 242684
242684 242684
242684 242684
242684 242684
242684 242684
242684 242684
242684 242684
242684 242684
242684 242684
242684 242684
242684 242684
242684 242684
242684 242684
242684 242684
242684 242684
242684 242684
242684 242684
242684 242684
242684 242684
242684 242684
242684 242684
242684 242684
242684 242684
242684 242684
242684 242684
242684 242684
242692 242692
242692 242692
242692 242692
242692 242692
242692 242692
242692 242692
242692 242692
242692 242692
242692 242692
242692 242692
242692 242692
242692 242692
242692 242692
242692 242692
242692 242692
242692 242692
242692 242692
242692 242692
242692 242692
242692 242692
242692 242692
242692 242692
242692 242692
242692 242692
242692 242692
242692 242692
242692 242692
242692 242692
242692 242692
242692 242692
242692 242692
242692 242692
242692 242692
242692 242692
242692 242692
242692 242692
242692 242692
242692 242692
242692 242692
242692 242692
242692 242692
242692 242692
242692 242692
242692 242692
242692 242692
242692 242692
242692 242692
242692 242692
242692 242692
242692 242692
242692 242692
242692 242692
242692 242692
242692 242692
242692 242692
242692 242692
242692 242692
242692 242692
242692 242692
242692 242692
242692 242692
242692 242692
242692 242692
242692 242692
242692 242692
242692 242692
242692 242692
242692 242692
242692 242692
242692 242692
242692 242692
242692 242692
242692 242692
242692 242692
242692 242692
242692 242692
242692 242692
242692 242692
242692 242692
242692 242692
242692 242692
242692 242692
242692 242692
242692 242692
242692 242692
242692 242692
242692 242692
242692 242692
242692 242692
242692 242692
242692 242692
242692 242692
242692 242692
242692 242692
242692 242692
242692 242692
242692 242692
242692 242692
242692 242692
242692 242692
242692 242692
242692 242692
242692 242692
242692 242692
242692 242692
242692 242692
242692 242692
242692 242692
242692 242692
242692 242692
242692 242692
242692 242692
242692 242692
242692 242692
242692 242692
242692 242692
242692 242692
242692 242692
242692 242692
242692 242692
242692 242692
242692 242692
242692 242692
242692 242692
242692 242692
242692 242692
242692 242692
242692 242692
242692 242692
