242648
-659026 200169
184557 184557
193362 193362
197936 197936
199956 199956
200338 200338
202535 202535
205387 205387
206130 206130
208094 208094
213189 213189
214111 214111
214374 214374
217365 217365
217603 217603
219301 219301
219611 219611
219822 219822
221232 221232
222291 222291
225109 225109
225114 225114
226316 226316
226816 226816
226879 226879
227045 227045
227635 227635
227869 227869
228004 228004
229490 229490
230587 230587
231993 231993
232554 232554
233681 233681
233711 233711
234268 234268
234749 234749
234835 234835
235137 235137
235218 235218
236418 236418
236497 236497
236509 236509
236827 236827
237287 237287
238282 238282
238282 238282
238371 238371
238641 238641
238641 238641
238933 238933
238933 238933
238933 238933
238967 238967
239004 239004
239187 239187
239209 239209
239296 239296
239350 239350
239524 239524
239530 239530
239543 239543
240117 240117
240247 240247
240359 240359
240379 240379
240461 240461
240568 240568
240570 240570
240670 240670
240731 240731
240945 240945
240981 240981
240983 240983
241073 241073
241073 241073
241145 241145
241202 241202
241294 241294
241294 241294
241294 241294
241329 241329
241340 241340
241461 241461
241498 241498
241565 241565
241572 241572
241615 241615
241615 241615
241719 241719
241737 241737
241776 241776
241776 241776
241776 241776
241776 241776
241776 241776
241798 241798
241805 241805
241839 241839
241885 241885
241896 241896
241975 241975
241994 241994
241997 241997
241997 241997
242002 242002
242064 242064
242064 242064
242064 242064
242064 242064
242091 242091
242091 242091
242091 242091
242091 242091
242122 242122
242166 242166
242184 242184
242184 242184
242184 242184
242287 242287
242287 242287
242287 242287
242287 242287
242287 242287
242287 242287
242287 242287
242293 242293
242293 242293
242293 242293
242293 242293
242293 242293
242293 242293
242340 242340
242340 242340
242340 242340
242340 242340
242340 242340
242340 242340
242340 242340
242340 242340
242340 242340
242340 242340
242340 242340
242340 242340
242340 242340
242340 242340
242340 242340
242340 242340
242340 242340
242340 242340
242363 242363
242363 242363
242363 242363
242363 242363
242363 242363
242363 242363
242405 242405
242405 242405
242405 242405
242405 242405
242405 242405
242405 242405
242405 242405
242405 242405
242405 242405
242427 242427
242427 242427
242427 242427
242427 242427
242498 242498
242498 242498
242498 242498
242498 242498
242498 242498
242498 242498
242498 242498
242498 242498
242498 242498
242498 242498
242498 242498
242531 242531
242531 242531
242531 242531
242531 242531
242531 242531
242531 242531
242531 242531
242531 242531
242531 242531
242531 242531
242531 242531
242531 242531
242531 242531
242531 242531
242531 242531
242531 242531
242531 242531
242531 242531
242531 242531
242531 242531
242571 242571
242571 242571
242571 242571
242571 242571
242571 242571
242571 242571
242571 242571
242571 242571
242571 242571
242571 242571
242571 242571
242571 242571
242571 242571
242571 242571
242571 242571
242571 242571
242571 242571
242571 242571
242571 242571
242571 242571
242571 242571
242571 242571
242571 242571
242571 242571
242571 242571
242571 242571
242571 242571
242571 242571
242571 242571
242571 242571
242571 242571
242571 242571
242571 242571
242571 242571
242571 242571
242571 242571
242571 242571
242571 242571
242571 242571
242571 242571
242571 242571
242571 242571
242571 242571
242571 242571
242571 242571
242571 242571
242571 242571
242571 242571
242571 242571
242571 242571
242571 242571
242571 242571
242571 242571
242571 242571
242571 242571
242571 242571
242571 242571
242571 242571
242571 242571
242571 242571
242571 242571
242571 242571
242571 242571
242571 242571
242571 242571
242571 242571
242571 242571
242571 242571
242571 242571
242571 242571
242571 242571
242571 242571
242571 242571
242571 242571
242571 242571
242571 242571
242571 242571
242571 242571
242571 242571
242571 242571
242571 242571
242571 242571
242571 242571
242571 242571
242571 242571
242571 242571
242571 242571
242571 242571
242571 242571
242571 242571
242571 242571
242571 242571
242571 242571
242571 242571
242571 242571
242571 242571
242571 242571
242571 242571
242571 242571
242571 242571
242571 242571
242571 242571
242571 242571
242571 242571
242571 242571
242571 242571
242571 242571
242571 242571
242571 242571
242571 242571
242582 242582
242582 242582
242582 242582
242582 242582
242582 242582
242582 242582
242582 242582
242582 242582
242582 242582
242582 242582
242582 242582
242582 242582
242582 242582
242582 242582
242582 242582
242582 242582
242582 242582
242582 242582
242582 242582
242582 242582
242582 242582
242582 242582
242582 242582
242582 242582
242582 242582
242582 242582
242582 242582
242582 242582
242582 242582
242582 242582
242582 242582
242582 242582
242582 242582
242637 242637
242637 242637
242637 242637
242637 242637
242637 242637
242637 242637
242637 242637
242637 242637
242637 242637
242637 242637
242637 242637
242637 242637
242637 242637
242637 242637
242637 242637
242637 242637
242637 242637
242637 242637
242637 242637
242637 242637
242637 242637
242637 242637
242637 242637
242637 242637
242637 242637
242637 242637
242637 242637
242637 242637
242637 242637
242637 242637
242637 242637
242637 242637
242637 242637
242637 242637
242637 242637
242637 242637
242637 242637
242637 242637
242637 242637
242637 242637
242637 242637
242637 242637
242637 242637
242637 242637
242637 242637
242637 242637
242637 242637
242637 242637
242637 242637
242637 242637
242637 242637
242637 242637
242637 242637
242637 242637
242637 242637
242637 242637
242637 242637
242637 242637
242637 242637
242637 242637
242637 242637
242637 242637
242637 242637
242637 242637
242637 242637
242637 242637
242637 242637
242637 242637
242637 242637
242637 242637
242637 242637
242637 242637
242637 242637
242637 242637
242637 242637
242637 242637
242637 242637
242637 242637
242637 242637
242637 242637
242637 242637
242637 242637
242647 242647
242647 242647
242647 242647
242647 242647
242647 242647
242647 242647
242647 242647
242647 242647
242647 242647
242647 242647
242647 242647
242647 242647
242647 242647
242647 242647
242647 242647
242647 242647
242647 242647
242647 242647
242647 242647
242647 242647
242647 242647
242647 242647
242647 242647
242647 242647
242647 242647
242647 242647
242647 242647
242647 242647
242647 242647
242647 242647
242647 242647
242647 242647
242647 242647
242647 242647
242647 242647
242647 242647
242647 242647
242647 242647
242647 242647
242647 242647
242647 242647
242647 242647
242647 242647
242647 242647
242647 242647
242647 242647
242647 242647
242647 242647
242647 242647
242647 242647
242647 242647
242647 242647
242647 242647
242647 242647
242647 242647
242647 242647
242647 242647
242647 242647
242647 242647
242647 242647
242647 242647
242647 242647
242647 242647
242647 242647
242647 242647
242647 242647
242647 242647
242647 242647
242647 242647
242647 242647
242647 242647
242647 242647
242647 242647
242647 242647
242647 242647
242647 242647
242647 242647
242648 242648
242648 242648
242648 242648
242648 242648
242648 242648
242648 242648
242648 242648
