202272
-525330 154919
156065 156065
157995 157995
163422 163422
164378 164378
165804 165804
167310 167310
169496 169496
174158 174158
176060 176060
176557 176557
177662 177662
178613 178613
181125 181125
181302 181302
181664 181664
183920 183920
184532 184532
184800 184800
184986 184986
186133 186133
187472 187472
187482 187482
189255 189255
189256 189256
190308 190308
190652 190652
190673 190673
191943 191943
192587 192587
192665 192665
193050 193050
193273 193273
194239 194239
195243 195243
195405 195405
195873 195873
195985 195985
196950 196950
196950 196950
196950 196950
196963 196963
196986 196986
197103 197103
197160 197160
197443 197443
197951 197951
197980 197980
198055 198055
198239 198239
198337 198337
198479 198479
198646 198646
198755 198755
198880 198880
199016 199016
199092 199092
199201 199201
199214 199214
199541 199541
199541 199541
199577 199577
199581 199581
199675 199675
199893 199893
199893 199893
199893 199893
199893 199893
200035 200035
200035 200035
200080 200080
200105 200105
200408 200408
200408 200408
200408 200408
200541 200541
200541 200541
200765 200765
200765 200765
200765 200765
200765 200765
200765 200765
200824 200824
200824 200824
200824 200824
200880 200880
201043 201043
201043 201043
201043 201043
201073 201073
201073 201073
201073 201073
201073 201073
201172 201172
201172 201172
201172 201172
201172 201172
201172 201172
201172 201172
201172 201172
201172 201172
201172 201172
201172 201172
201172 201172
201172 201172
201172 201172
201172 201172
201172 201172
201172 201172
201172 201172
201172 201172
201172 201172
201172 201172
201172 201172
201172 201172
201172 201172
201172 201172
201172 201172
201172 201172
201172 201172
201172 201172
201172 201172
201172 201172
201172 201172
201172 201172
201172 201172
201172 201172
201172 201172
201283 201283
201283 201283
201283 201283
201328 201328
201450 201450
201482 201482
201482 201482
201482 201482
201482 201482
201482 201482
201482 201482
201482 201482
201482 201482
201482 201482
201482 201482
201482 201482
201553 201553
201553 201553
201603 201603
201614 201614
201706 201706
201706 201706
201706 201706
201706 201706
201706 201706
201706 201706
201706 201706
201746 201746
201747 201747
201747 201747
201747 201747
201747 201747
201747 201747
201893 201893
201893 201893
201893 201893
201893 201893
201893 201893
201893 201893
201893 201893
201893 201893
201893 201893
201893 201893
201897 201897
201897 201897
201897 201897
201897 201897
201897 201897
201897 201897
201897 201897
201899 201899
201998 201998
202102 202102
202102 202102
202102 202102
202102 202102
202102 202102
202102 202102
202102 202102
202102 202102
202102 202102
202102 202102
202102 202102
202102 202102
202102 202102
202102 202102
202102 202102
202102 202102
202102 202102
202102 202102
202102 202102
202102 202102
202102 202102
202102 202102
202102 202102
202102 202102
202102 202102
202102 202102
202102 202102
202102 202102
202102 202102
202102 202102
202102 202102
202102 202102
202102 202102
202102 202102
202102 202102
202102 202102
202102 202102
202102 202102
202102 202102
202102 202102
202102 202102
202102 202102
202102 202102
202102 202102
202102 202102
202102 202102
202102 202102
202102 202102
202102 202102
202102 202102
202102 202102
202102 202102
202102 202102
202102 202102
202102 202102
202102 202102
202102 202102
202102 202102
202102 202102
202102 202102
202102 202102
202102 202102
202102 202102
202102 202102
202102 202102
202102 202102
202102 202102
202124 202124
202124 202124
202124 202124
202124 202124
202124 202124
202124 202124
202124 202124
202124 202124
202124 202124
202124 202124
202124 202124
202124 202124
202124 202124
202162 202162
202162 202162
202162 202162
202162 202162
202162 202162
202162 202162
202202 202202
202202 202202
202202 202202
202202 202202
202202 202202
202202 202202
202202 202202
202202 202202
202202 202202
202202 202202
202202 202202
202202 202202
202202 202202
202202 202202
202202 202202
202202 202202
202202 202202
202202 202202
202202 202202
202202 202202
202202 202202
202202 202202
202202 202202
202207 202207
202207 202207
202207 202207
202207 202207
202207 202207
202207 202207
202207 202207
202207 202207
202207 202207
202207 202207
202207 202207
202207 202207
202207 202207
202207 202207
202207 202207
202207 202207
202207 202207
202207 202207
202207 202207
202207 202207
202207 202207
202207 202207
202207 202207
202207 202207
202207 202207
202207 202207
202207 202207
202207 202207
202207 202207
202207 202207
202207 202207
202207 202207
202207 202207
202207 202207
202207 202207
202207 202207
202207 202207
202207 202207
202207 202207
202207 202207
202207 202207
202207 202207
202207 202207
202207 202207
202207 202207
202207 202207
202207 202207
202207 202207
202207 202207
202207 202207
202207 202207
202207 202207
202207 202207
202207 202207
202207 202207
202207 202207
202207 202207
202207 202207
202207 202207
202207 202207
202207 202207
202207 202207
202207 202207
202207 202207
202207 202207
202207 202207
202207 202207
202207 202207
202207 202207
202207 202207
202207 202207
202272 202272
202272 202272
202272 202272
202272 202272
202272 202272
202272 202272
202272 202272
202272 202272
202272 202272
202272 202272
202272 202272
202272 202272
202272 202272
202272 202272
202272 202272
202272 202272
202272 202272
202272 202272
202272 202272
202272 202272
202272 202272
202272 202272
202272 202272
202272 202272
202272 202272
202272 202272
202272 202272
202272 202272
202272 202272
202272 202272
202272 202272
202272 202272
202272 202272
202272 202272
202272 202272
202272 202272
202272 202272
202272 202272
202272 202272
202272 202272
202272 202272
202272 202272
202272 202272
202272 202272
202272 202272
202272 202272
202272 202272
202272 202272
202272 202272
202272 202272
202272 202272
202272 202272
202272 202272
202272 202272
202272 202272
202272 202272
202272 202272
202272 202272
202272 202272
202272 202272
202272 202272
202272 202272
202272 202272
202272 202272
202272 202272
202272 202272
202272 202272
