202337
134749 134749
137146 137146
143809 143809
149517 149517
150728 150728
158284 158284
159263 159263
159680 159680
160156 160156
161968 161968
162341 162341
162410 162410
164016 164016
164486 164486
169178 169178
174007 174007
174966 174966
175676 175676
177923 177923
178920 178920
179195 179195
180273 180273
181333 181333
181349 181349
182360 182360
184168 184168
184338 184338
184663 184663
186443 186443
186765 186765
187727 187727
187815 187815
187948 187948
189755 189755
190442 190442
190898 190898
191070 191070
191540 191540
191636 191636
192036 192036
192124 192124
192313 192313
192798 192798
193138 193138
193171 193171
193460 193460
193668 193668
194575 194575
194631 194631
194733 194733
195166 195166
195578 195578
195638 195638
196054 196054
196252 196252
196363 196363
196475 196475
196823 196823
197857 197857
198113 198113
198234 198234
198510 198510
198510 198510
198516 198516
198565 198565
198706 198706
198925 198925
198925 198925
198930 198930
198956 198956
199165 199165
199254 199254
199277 199277
199385 199385
199474 199474
199644 199644
199742 199742
199964 199964
199964 199964
200151 200151
200151 200151
200151 200151
200151 200151
200182 200182
200182 200182
200182 200182
200515 200515
200515 200515
200515 200515
200515 200515
200515 200515
200776 200776
200872 200872
200872 200872
200872 200872
200872 200872
200872 200872
200872 200872
200921 200921
200921 200921
200921 200921
200921 200921
200958 200958
201240 201240
201240 201240
201240 201240
201240 201240
201318 201318
201318 201318
201330 201330
201330 201330
201330 201330
201330 201330
201425 201425
201425 201425
201425 201425
201425 201425
201521 201521
201521 201521
201521 201521
201521 201521
201521 201521
201521 201521
201582 201582
201582 201582
201582 201582
201582 201582
201582 201582
201582 201582
201660 201660
201660 201660
201660 201660
201660 201660
201660 201660
201660 201660
201660 201660
201660 201660
201660 201660
201660 201660
201660 201660
201697 201697
201714 201714
201722 201722
201722 201722
201722 201722
201781 201781
201788 201788
201788 201788
201788 201788
201788 201788
201788 201788
201788 201788
201865 201865
201865 201865
201867 201867
201867 201867
201867 201867
201867 201867
201867 201867
201867 201867
201867 201867
201884 201884
201947 201947
201947 201947
201947 201947
201947 201947
201947 201947
201947 201947
201947 201947
201947 201947
201947 201947
201947 201947
201947 201947
201947 201947
201947 201947
201947 201947
201947 201947
201947 201947
201947 201947
201947 201947
201947 201947
201947 201947
201947 201947
201947 201947
201947 201947
202024 202024
202024 202024
202024 202024
202024 202024
202024 202024
202024 202024
202024 202024
202024 202024
202024 202024
202024 202024
202024 202024
202024 202024
202036 202036
202036 202036
202036 202036
202036 202036
202036 202036
202058 202058
202058 202058
202058 202058
202058 202058
202058 202058
202058 202058
202058 202058
202058 202058
202058 202058
202058 202058
202058 202058
202058 202058
202058 202058
202058 202058
202058 202058
202058 202058
202100 202100
202100 202100
202100 202100
202100 202100
202100 202100
202100 202100
202100 202100
202100 202100
202100 202100
202100 202100
202106 202106
202106 202106
202106 202106
202161 202161
202161 202161
202161 202161
202161 202161
202161 202161
202161 202161
202161 202161
202161 202161
202161 202161
202161 202161
202161 202161
202161 202161
202161 202161
202161 202161
202161 202161
202161 202161
202203 202203
202203 202203
202203 202203
202203 202203
202203 202203
202203 202203
202203 202203
202203 202203
202203 202203
202203 202203
202203 202203
202203 202203
202203 202203
202203 202203
202203 202203
202203 202203
202203 202203
202203 202203
202203 202203
202203 202203
202203 202203
202252 202252
202252 202252
202252 202252
202252 202252
202252 202252
202252 202252
202252 202252
202252 202252
202252 202252
202252 202252
202252 202252
202252 202252
202252 202252
202252 202252
202252 202252
202252 202252
202252 202252
202252 202252
202252 202252
202252 202252
202252 202252
202252 202252
202252 202252
202252 202252
202252 202252
202252 202252
202252 202252
202252 202252
202252 202252
202252 202252
202252 202252
202252 202252
202274 202274
202274 202274
202274 202274
202274 202274
202274 202274
202274 202274
202274 202274
202274 202274
202274 202274
202274 202274
202274 202274
202274 202274
202274 202274
202274 202274
202274 202274
202274 202274
202274 202274
202274 202274
202274 202274
202274 202274
202274 202274
202274 202274
202274 202274
202274 202274
202274 202274
202274 202274
202274 202274
202274 202274
202274 202274
202274 202274
202274 202274
202274 202274
202274 202274
202274 202274
202274 202274
202274 202274
202274 202274
202274 202274
202274 202274
202274 202274
202274 202274
202274 202274
202274 202274
202274 202274
202274 202274
202274 202274
202274 202274
202274 202274
202274 202274
202274 202274
202274 202274
202274 202274
202274 202274
202274 202274
202274 202274
202274 202274
202274 202274
202274 202274
202274 202274
202274 202274
202274 202274
202274 202274
202274 202274
202274 202274
202274 202274
202274 202274
202274 202274
202274 202274
202274 202274
202274 202274
202274 202274
202274 202274
202274 202274
202274 202274
202274 202274
202274 202274
202274 202274
202274 202274
202274 202274
202274 202274
202274 202274
202274 202274
202274 202274
202288 202288
202288 202288
202288 202288
202288 202288
202288 202288
202288 202288
202288 202288
202288 202288
202288 202288
202288 202288
202288 202288
202288 202288
202288 202288
202288 202288
202288 202288
202288 202288
202288 202288
202288 202288
202288 202288
202288 202288
202288 202288
202288 202288
202288 202288
202288 202288
202288 202288
202288 202288
202288 202288
202288 202288
202288 202288
202288 202288
202288 202288
202288 202288
202288 202288
202288 202288
202288 202288
202288 202288
202288 202288
202288 202288
202288 202288
202288 202288
202288 202288
202288 202288
202288 202288
202288 202288
202288 202288
202288 202288
202288 202288
202288 202288
202288 202288
202288 202288
202288 202288
202288 202288
202288 202288
202288 202288
202288 202288
202288 202288
202288 202288
202288 202288
202288 202288
202288 202288
202288 202288
202288 202288
202288 202288
202288 202288
202288 202288
202288 202288
202288 202288
202288 202288
202288 202288
202288 202288
202288 202288
202288 202288
202288 202288
202288 202288
202288 202288
202288 202288
202288 202288
202288 202288
202288 202288
202304 202304
202304 202304
202304 202304
202304 202304
202304 202304
202304 202304
202304 202304
202304 202304
202304 202304
202304 202304
202304 202304
202304 202304
202304 202304
202304 202304
202304 202304
202304 202304
202304 202304
202304 202304
202304 202304
202304 202304
202304 202304
202304 202304
202304 202304
202304 202304
202304 202304
202304 202304
202304 202304
202304 202304
202304 202304
202304 202304
202304 202304
202304 202304
202304 202304
202304 202304
202304 202304
202304 202304
202304 202304
202304 202304
202304 202304
202304 202304
202304 202304
202304 202304
202304 202304
202304 202304
202304 202304
202304 202304
202304 202304
202304 202304
202304 202304
202304 202304
202304 202304
202304 202304
202304 202304
202304 202304
202304 202304
202304 202304
202304 202304
202304 202304
202304 202304
202304 202304
202304 202304
202304 202304
202304 202304
202304 202304
202304 202304
202304 202304
202304 202304
202304 202304
202304 202304
202304 202304
202304 202304
202304 202304
202304 202304
202304 202304
202304 202304
202304 202304
202304 202304
202304 202304
202304 202304
202304 202304
202304 202304
202304 202304
202304 202304
202304 202304
202304 202304
202304 202304
202304 202304
202304 202304
202304 202304
202304 202304
202304 202304
202304 202304
202304 202304
202304 202304
202304 202304
202304 202304
202304 202304
202304 202304
202304 202304
202304 202304
202304 202304
202304 202304
202304 202304
202304 202304
202304 202304
202304 202304
202304 202304
202304 202304
202304 202304
202304 202304
202304 202304
202304 202304
202304 202304
202304 202304
202304 202304
202304 202304
202304 202304
202304 202304
202304 202304
202304 202304
202304 202304
202304 202304
202304 202304
202304 202304
202304 202304
202304 202304
202304 202304
202304 202304
202304 202304
202304 202304
202304 202304
202304 202304
202304 202304
202304 202304
202304 202304
202304 202304
202304 202304
202304 202304
202304 202304
202304 202304
202304 202304
202304 202304
202304 202304
202304 202304
202304 202304
202304 202304
202304 202304
202304 202304
202304 202304
202304 202304
202304 202304
202304 202304
202304 202304
202304 202304
202304 202304
202304 202304
202304 202304
202304 202304
202304 202304
202304 202304
202304 202304
202304 202304
202304 202304
202304 202304
202304 202304
202304 202304
202304 202304
202304 202304
202304 202304
202304 202304
202304 202304
202304 202304
202304 202304
202304 202304
202304 202304
202304 202304
202304 202304
202304 202304
202304 202304
202304 202304
202304 202304
202304 202304
202304 202304
202304 202304
202304 202304
202304 202304
202304 202304
202304 202304
202304 202304
202304 202304
202304 202304
202304 202304
202304 202304
202304 202304
202304 202304
202304 202304
202304 202304
202304 202304
202304 202304
202304 202304
202304 202304
202304 202304
202304 202304
202304 202304
202304 202304
202304 202304
202304 202304
202304 202304
202304 202304
202304 202304
202304 202304
202304 202304
202304 202304
202304 202304
202304 202304
202304 202304
202304 202304
202304 202304
202304 202304
202304 202304
202304 202304
202304 202304
202304 202304
202304 202304
202304 202304
202304 202304
202304 202304
202304 202304
202304 202304
202304 202304
202304 202304
202304 202304
202304 202304
202304 202304
202304 202304
202304 202304
202304 202304
202304 202304
202304 202304
202304 202304
202304 202304
202304 202304
202304 202304
202304 202304
202304 202304
202304 202304
202304 202304
202304 202304
202304 202304
202304 202304
202304 202304
202304 202304
202304 202304
202304 202304
202304 202304
202304 202304
202304 202304
202304 202304
202304 202304
202304 202304
202304 202304
202304 202304
202304 202304
202304 202304
202304 202304
202304 202304
202304 202304
202304 202304
202304 202304
202304 202304
202304 202304
202304 202304
202304 202304
202304 202304
202304 202304
202304 202304
202304 202304
202304 202304
202304 202304
202304 202304
202304 202304
202304 202304
202304 202304
202304 202304
202304 202304
202304 202304
202304 202304
202304 202304
202304 202304
202304 202304
202304 202304
202304 202304
202304 202304
202304 202304
202304 202304
202304 202304
202304 202304
202304 202304
202304 202304
202304 202304
202304 202304
202304 202304
202304 202304
202304 202304
202304 202304
202304 202304
202304 202304
202304 202304
202304 202304
202304 202304
202304 202304
202304 202304
202304 202304
202304 202304
202304 202304
202304 202304
202304 202304
202304 202304
202304 202304
202304 202304
202304 202304
202304 202304
202304 202304
202304 202304
202304 202304
202304 202304
202304 202304
202304 202304
202304 202304
202304 202304
202304 202304
202304 202304
202318 202318
202318 202318
202318 202318
202318 202318
202318 202318
202318 202318
202318 202318
202318 202318
202318 202318
202318 202318
202318 202318
202318 202318
202318 202318
202318 202318
202318 202318
202318 202318
202318 202318
202318 202318
202318 202318
202318 202318
202318 202318
202318 202318
202318 202318
202318 202318
202326 202326
202326 202326
202326 202326
202326 202326
202326 202326
202326 202326
202326 202326
202326 202326
202326 202326
202326 202326
202326 202326
202326 202326
202326 202326
202326 202326
202326 202326
202326 202326
202326 202326
202326 202326
202326 202326
202326 202326
202326 202326
202326 202326
202326 202326
202326 202326
202326 202326
202326 202326
202326 202326
202326 202326
202326 202326
202326 202326
202326 202326
202326 202326
202326 202326
202326 202326
202326 202326
202326 202326
202326 202326
202326 202326
202326 202326
202326 202326
202326 202326
202326 202326
202326 202326
202326 202326
202326 202326
202326 202326
202326 202326
202326 202326
202326 202326
202326 202326
202326 202326
202326 202326
202326 202326
202326 202326
202326 202326
202326 202326
202326 202326
202326 202326
202326 202326
202326 202326
202326 202326
202326 202326
202326 202326
202326 202326
202326 202326
202326 202326
202326 202326
202326 202326
202326 202326
202326 202326
202326 202326
202326 202326
202326 202326
202326 202326
202326 202326
202326 202326
202326 202326
202326 202326
202326 202326
202326 202326
202326 202326
202326 202326
202326 202326
202326 202326
202326 202326
202326 202326
202326 202326
202326 202326
202335 202335
202335 202335
202335 202335
202335 202335
202335 202335
202335 202335
202335 202335
202335 202335
202335 202335
202335 202335
202335 202335
202335 202335
202335 202335
202335 202335
202335 202335
202335 202335
202335 202335
202335 202335
202335 202335
202335 202335
202335 202335
202335 202335
202335 202335
202335 202335
202335 202335
202335 202335
202335 202335
202335 202335
202335 202335
202335 202335
202335 202335
202335 202335
202335 202335
202335 202335
202335 202335
202335 202335
202335 202335
202335 202335
202335 202335
202335 202335
202335 202335
202335 202335
202335 202335
202335 202335
202335 202335
202335 202335
202335 202335
202335 202335
202335 202335
202335 202335
202335 202335
202335 202335
202335 202335
202335 202335
202335 202335
202335 202335
202335 202335
202335 202335
202335 202335
202335 202335
202335 202335
202335 202335
202335 202335
202335 202335
202335 202335
202335 202335
202335 202335
202335 202335
202335 202335
202335 202335
202335 202335
202335 202335
202335 202335
202335 202335
202335 202335
202335 202335
202335 202335
202335 202335
202335 202335
202335 202335
202335 202335
202335 202335
202335 202335
202335 202335
202335 202335
202335 202335
202335 202335
202335 202335
202335 202335
202335 202335
202335 202335
202335 202335
202335 202335
202335 202335
202335 202335
202335 202335
202335 202335
202335 202335
202335 202335
202335 202335
202335 202335
202335 202335
202335 202335
202335 202335
202335 202335
202335 202335
202335 202335
202335 202335
202335 202335
202335 202335
202335 202335
202335 202335
202335 202335
202335 202335
202335 202335
202335 202335
202335 202335
202335 202335
202335 202335
202335 202335
202335 202335
202335 202335
202335 202335
202335 202335
202335 202335
202335 202335
202335 202335
202335 202335
202335 202335
202335 202335
202335 202335
202335 202335
202335 202335
202335 202335
202335 202335
202335 202335
202335 202335
202335 202335
202335 202335
202335 202335
202335 202335
202335 202335
202335 202335
202335 202335
202335 202335
202335 202335
202335 202335
202335 202335
202335 202335
202335 202335
202335 202335
202335 202335
202335 202335
202335 202335
202335 202335
202335 202335
202335 202335
202335 202335
202335 202335
202335 202335
202335 202335
202335 202335
202335 202335
202335 202335
202335 202335
202335 202335
202335 202335
202335 202335
202335 202335
202335 202335
202335 202335
202335 202335
202335 202335
202335 202335
202335 202335
202335 202335
202335 202335
202335 202335
202335 202335
202335 202335
202335 202335
202335 202335
202335 202335
202335 202335
202335 202335
202335 202335
202335 202335
202335 202335
202335 202335
202335 202335
202335 202335
202335 202335
202335 202335
202335 202335
202335 202335
202335 202335
202335 202335
202335 202335
202335 202335
202335 202335
202335 202335
202335 202335
202335 202335
202335 202335
202335 202335
202335 202335
202335 202335
202335 202335
202335 202335
202335 202335
202335 202335
202335 202335
202335 202335
202335 202335
202335 202335
202335 202335
202335 202335
202335 202335
202335 202335
202335 202335
202335 202335
202335 202335
202335 202335
202335 202335
202335 202335
202335 202335
202335 202335
202335 202335
202335 202335
202335 202335
202335 202335
202335 202335
202335 202335
202335 202335
202335 202335
202335 202335
202335 202335
202335 202335
202335 202335
202335 202335
202335 202335
202335 202335
202335 202335
202335 202335
202335 202335
202335 202335
202335 202335
202335 202335
202335 202335
202335 202335
202335 202335
202335 202335
202335 202335
202335 202335
202335 202335
202335 202335
202335 202335
202335 202335
202335 202335
202335 202335
202335 202335
202335 202335
202335 202335
202335 202335
202335 202335
202335 202335
202335 202335
202335 202335
202335 202335
202335 202335
202335 202335
202335 202335
202335 202335
202335 202335
202335 202335
202335 202335
202335 202335
202335 202335
202335 202335
202335 202335
202335 202335
202335 202335
202335 202335
202335 202335
202335 202335
202335 202335
202335 202335
202335 202335
202335 202335
202335 202335
202335 202335
202335 202335
202335 202335
202335 202335
202335 202335
202335 202335
202335 202335
202335 202335
202335 202335
202335 202335
202335 202335
202335 202335
202335 202335
202335 202335
202335 202335
202335 202335
202335 202335
202335 202335
202335 202335
202335 202335
202335 202335
202335 202335
202335 202335
202335 202335
202335 202335
202335 202335
202335 202335
202335 202335
202335 202335
202335 202335
202335 202335
202335 202335
202335 202335
202335 202335
202335 202335
202335 202335
202335 202335
202335 202335
202335 202335
202335 202335
202335 202335
202335 202335
202335 202335
202335 202335
202335 202335
202335 202335
202335 202335
202335 202335
202335 202335
202335 202335
202335 202335
202335 202335
202335 202335
202335 202335
202335 202335
202335 202335
202335 202335
202335 202335
202335 202335
202335 202335
202335 202335
202335 202335
202335 202335
202335 202335
202335 202335
202335 202335
202335 202335
202335 202335
202335 202335
202335 202335
202335 202335
202335 202335
202335 202335
202335 202335
202335 202335
202335 202335
202335 202335
202335 202335
202335 202335
202335 202335
202335 202335
202335 202335
202335 202335
202335 202335
202335 202335
202335 202335
202335 202335
202335 202335
202335 202335
202335 202335
202335 202335
202335 202335
202335 202335
202335 202335
202335 202335
202335 202335
202335 202335
202335 202335
202335 202335
202335 202335
202335 202335
202335 202335
202335 202335
202335 202335
202335 202335
202335 202335
202335 202335
202335 202335
202335 202335
202335 202335
202335 202335
202335 202335
202335 202335
202335 202335
202335 202335
202335 202335
202335 202335
202335 202335
202335 202335
202335 202335
202335 202335
202335 202335
202335 202335
202335 202335
202335 202335
202335 202335
202335 202335
202335 202335
202335 202335
202335 202335
202335 202335
202335 202335
202335 202335
202335 202335
202335 202335
202335 202335
202335 202335
202335 202335
202335 202335
202335 202335
202335 202335
202335 202335
202335 202335
202335 202335
202335 202335
202335 202335
202335 202335
202335 202335
202335 202335
202335 202335
202335 202335
202335 202335
202335 202335
202335 202335
202335 202335
202335 202335
202335 202335
202335 202335
202335 202335
202335 202335
202335 202335
202335 202335
202335 202335
202335 202335
202335 202335
202335 202335
202335 202335
202335 202335
202335 202335
202335 202335
202335 202335
202335 202335
202335 202335
202335 202335
202335 202335
202335 202335
202335 202335
202335 202335
202335 202335
202335 202335
202335 202335
202335 202335
202335 202335
202335 202335
202335 202335
202335 202335
202335 202335
202335 202335
202335 202335
202335 202335
202335 202335
202335 202335
202335 202335
202335 202335
202335 202335
202335 202335
202335 202335
202335 202335
202335 202335
202335 202335
202335 202335
202335 202335
202335 202335
202335 202335
202335 202335
202335 202335
202335 202335
202335 202335
202335 202335
202335 202335
202335 202335
202335 202335
202335 202335
202335 202335
202335 202335
202335 202335
202335 202335
202335 202335
202335 202335
202335 202335
202335 202335
202335 202335
202335 202335
202335 202335
202335 202335
202335 202335
202335 202335
202335 202335
202335 202335
202335 202335
202335 202335
202335 202335
202335 202335
202335 202335
202335 202335
202335 202335
202335 202335
202335 202335
202335 202335
202335 202335
202335 202335
202335 202335
202335 202335
202335 202335
202335 202335
202335 202335
202335 202335
202335 202335
202335 202335
202335 202335
202335 202335
202335 202335
202335 202335
202335 202335
202335 202335
202335 202335
202335 202335
202335 202335
202335 202335
202335 202335
202335 202335
202335 202335
202335 202335
202335 202335
202335 202335
202335 202335
202335 202335
202335 202335
202335 202335
202335 202335
202335 202335
202335 202335
202335 202335
202335 202335
202335 202335
202335 202335
202335 202335
202335 202335
202335 202335
202335 202335
202335 202335
202335 202335
202335 202335
202335 202335
202335 202335
202335 202335
202335 202335
202335 202335
202335 202335
202335 202335
202335 202335
202335 202335
202335 202335
202335 202335
202335 202335
202335 202335
202335 202335
202335 202335
202335 202335
202335 202335
202335 202335
202335 202335
202335 202335
202335 202335
202335 202335
202335 202335
202335 202335
202335 202335
202335 202335
202335 202335
202335 202335
202335 202335
202335 202335
202335 202335
202335 202335
202335 202335
202335 202335
202335 202335
202335 202335
202335 202335
202335 202335
202335 202335
202335 202335
202335 202335
202335 202335
202335 202335
202335 202335
202335 202335
202335 202335
202335 202335
202335 202335
202335 202335
202335 202335
202335 202335
202335 202335
202335 202335
202335 202335
202335 202335
202335 202335
202335 202335
202335 202335
202335 202335
202335 202335
202335 202335
202335 202335
202335 202335
202335 202335
202335 202335
202335 202335
202335 202335
202335 202335
202335 202335
202335 202335
202335 202335
202335 202335
202335 202335
202335 202335
202335 202335
202335 202335
202335 202335
202335 202335
202335 202335
202335 202335
202335 202335
202335 202335
202335 202335
202335 202335
202335 202335
202335 202335
202335 202335
202335 202335
202335 202335
202335 202335
202335 202335
202336 202336
202336 202336
202336 202336
202336 202336
202336 202336
202336 202336
202336 202336
202336 202336
202336 202336
202336 202336
202336 202336
202336 202336
202336 202336
202336 202336
202336 202336
202336 202336
202336 202336
202336 202336
202336 202336
202336 202336
202336 202336
202336 202336
202336 202336
202336 202336
202336 202336
202336 202336
202336 202336
202336 202336
202336 202336
202336 202336
202336 202336
202336 202336
202336 202336
202336 202336
202336 202336
202336 202336
202336 202336
202336 202336
202336 202336
202336 202336
202336 202336
202336 202336
202336 202336
202336 202336
202336 202336
202336 202336
202336 202336
202336 202336
202336 202336
202336 202336
202336 202336
202336 202336
202336 202336
202336 202336
202336 202336
202336 202336
202336 202336
202336 202336
202336 202336
202336 202336
202336 202336
202336 202336
202336 202336
202336 202336
202336 202336
202336 202336
202336 202336
202336 202336
202336 202336
202336 202336
202336 202336
202336 202336
202336 202336
202336 202336
202336 202336
202336 202336
202336 202336
202336 202336
202336 202336
202336 202336
202336 202336
202336 202336
202336 202336
202336 202336
202336 202336
202336 202336
202336 202336
202336 202336
202336 202336
202336 202336
202336 202336
202336 202336
202336 202336
202336 202336
202336 202336
202336 202336
202336 202336
202336 202336
202336 202336
202336 202336
202336 202336
202336 202336
202336 202336
202336 202336
202336 202336
202336 202336
202336 202336
202336 202336
202336 202336
202336 202336
202336 202336
202336 202336
202336 202336
202336 202336
202336 202336
202336 202336
202336 202336
202336 202336
202336 202336
202336 202336
202336 202336
202336 202336
202336 202336
202336 202336
202336 202336
202336 202336
202336 202336
202336 202336
202336 202336
202336 202336
202336 202336
202336 202336
202336 202336
202336 202336
202336 202336
202336 202336
202336 202336
202336 202336
202336 202336
202336 202336
202336 202336
202336 202336
202336 202336
202336 202336
202336 202336
202336 202336
202336 202336
202336 202336
202336 202336
202336 202336
202336 202336
202336 202336
202336 202336
202336 202336
202336 202336
202336 202336
202336 202336
202336 202336
202336 202336
202336 202336
202336 202336
202336 202336
202336 202336
202336 202336
202336 202336
202336 202336
202336 202336
202336 202336
202336 202336
202336 202336
202336 202336
202336 202336
202336 202336
202336 202336
202336 202336
202336 202336
202336 202336
202336 202336
202336 202336
202336 202336
202336 202336
202336 202336
202336 202336
202336 202336
202336 202336
202336 202336
202336 202336
202336 202336
202336 202336
202336 202336
202336 202336
202336 202336
202336 202336
202336 202336
202336 202336
202336 202336
202336 202336
202336 202336
202336 202336
202336 202336
202336 202336
202336 202336
202336 202336
202336 202336
202336 202336
202336 202336
202336 202336
202336 202336
202336 202336
202336 202336
202336 202336
202336 202336
202336 202336
202336 202336
202336 202336
202336 202336
202336 202336
202336 202336
202336 202336
202336 202336
202336 202336
202336 202336
202336 202336
202336 202336
202336 202336
202336 202336
202336 202336
202336 202336
202336 202336
202336 202336
202336 202336
202336 202336
202336 202336
202336 202336
202336 202336
202336 202336
202336 202336
202336 202336
202336 202336
202336 202336
202336 202336
202336 202336
202336 202336
202336 202336
202336 202336
202336 202336
202336 202336
202336 202336
202336 202336
202336 202336
202336 202336
202336 202336
202336 202336
202336 202336
202336 202336
202336 202336
202336 202336
202336 202336
202336 202336
202336 202336
202336 202336
202336 202336
202336 202336
202336 202336
202336 202336
202336 202336
202336 202336
202336 202336
202336 202336
202336 202336
202336 202336
202336 202336
202336 202336
202336 202336
202336 202336
202336 202336
202336 202336
202336 202336
202336 202336
202336 202336
202336 202336
202336 202336
202336 202336
202336 202336
202336 202336
202336 202336
202336 202336
202336 202336
202336 202336
202336 202336
202336 202336
202336 202336
202336 202336
202336 202336
202336 202336
202336 202336
202336 202336
202336 202336
202336 202336
202336 202336
202336 202336
202336 202336
202336 202336
202336 202336
202336 202336
202336 202336
202336 202336
202336 202336
202336 202336
202336 202336
202336 202336
202336 202336
202336 202336
202336 202336
202336 202336
202336 202336
202336 202336
202336 202336
202336 202336
202336 202336
202336 202336
202336 202336
202336 202336
202336 202336
202336 202336
202336 202336
202336 202336
202336 202336
202336 202336
202336 202336
202336 202336
202336 202336
202336 202336
202336 202336
202336 202336
202336 202336
202336 202336
202336 202336
202336 202336
202336 202336
202336 202336
202336 202336
202336 202336
202336 202336
202336 202336
202336 202336
202336 202336
202336 202336
202336 202336
202336 202336
202336 202336
202336 202336
202336 202336
202336 202336
202336 202336
202336 202336
202336 202336
202336 202336
202336 202336
202336 202336
202336 202336
202336 202336
202336 202336
202336 202336
202336 202336
202336 202336
202336 202336
202336 202336
202336 202336
202336 202336
202336 202336
202336 202336
202336 202336
202336 202336
202336 202336
202336 202336
202336 202336
202336 202336
202336 202336
202336 202336
202336 202336
202336 202336
202336 202336
202336 202336
202336 202336
202336 202336
202336 202336
202336 202336
202336 202336
202336 202336
202336 202336
202336 202336
202336 202336
202336 202336
202336 202336
202336 202336
202336 202336
202336 202336
202336 202336
202336 202336
202336 202336
202336 202336
202336 202336
202336 202336
202336 202336
202336 202336
202336 202336
202336 202336
202336 202336
202336 202336
202336 202336
202336 202336
202336 202336
202336 202336
202336 202336
202336 202336
202336 202336
202336 202336
202336 202336
202336 202336
202336 202336
202336 202336
202336 202336
202336 202336
202336 202336
202336 202336
202336 202336
202336 202336
202336 202336
202336 202336
202336 202336
202336 202336
202336 202336
202336 202336
202336 202336
202336 202336
202336 202336
202336 202336
202336 202336
202336 202336
202336 202336
202336 202336
202336 202336
202336 202336
202336 202336
202336 202336
202336 202336
202336 202336
202336 202336
202336 202336
202336 202336
202336 202336
202336 202336
202336 202336
202336 202336
202336 202336
202336 202336
202336 202336
202336 202336
202336 202336
202336 202336
202336 202336
202336 202336
202336 202336
202336 202336
202336 202336
202336 202336
202336 202336
202336 202336
202336 202336
202336 202336
202336 202336
202336 202336
202336 202336
202336 202336
202336 202336
202336 202336
202336 202336
202336 202336
202336 202336
202336 202336
202336 202336
202336 202336
202336 202336
202336 202336
202336 202336
202336 202336
202336 202336
202336 202336
202336 202336
202336 202336
202336 202336
202336 202336
202336 202336
202336 202336
202336 202336
202336 202336
202336 202336
202336 202336
202336 202336
202336 202336
202336 202336
202336 202336
202336 202336
202336 202336
202336 202336
202336 202336
202336 202336
202336 202336
202336 202336
202336 202336
202336 202336
202336 202336
202336 202336
202336 202336
202336 202336
202336 202336
202336 202336
202336 202336
202336 202336
202336 202336
202336 202336
202336 202336
202336 202336
202336 202336
202336 202336
202336 202336
202336 202336
202336 202336
202336 202336
202336 202336
202336 202336
202336 202336
202336 202336
202336 202336
202336 202336
202336 202336
202336 202336
202336 202336
202336 202336
202336 202336
202336 202336
202336 202336
202336 202336
202336 202336
202336 202336
202336 202336
202336 202336
202336 202336
202336 202336
202336 202336
202336 202336
202336 202336
202336 202336
202336 202336
202336 202336
202336 202336
202336 202336
202336 202336
202336 202336
202336 202336
202336 202336
202336 202336
202336 202336
202336 202336
202336 202336
202336 202336
202336 202336
202336 202336
202336 202336
202336 202336
202336 202336
202336 202336
202336 202336
202336 202336
202336 202336
202336 202336
202336 202336
202336 202336
202336 202336
202336 202336
202336 202336
202336 202336
202336 202336
202336 202336
202336 202336
202336 202336
202336 202336
202336 202336
202336 202336
202336 202336
202336 202336
202336 202336
202336 202336
202336 202336
202336 202336
202336 202336
202336 202336
202336 202336
202336 202336
202336 202336
202336 202336
202336 202336
202336 202336
202336 202336
202336 202336
202336 202336
202336 202336
202336 202336
202336 202336
202336 202336
202336 202336
202336 202336
202336 202336
202336 202336
202336 202336
202336 202336
202336 202336
202336 202336
202336 202336
202336 202336
202336 202336
202336 202336
202336 202336
202336 202336
202336 202336
202336 202336
202336 202336
202336 202336
202336 202336
202336 202336
202336 202336
202336 202336
202336 202336
202336 202336
202336 202336
202336 202336
202336 202336
202336 202336
202336 202336
202336 202336
202336 202336
202336 202336
202336 202336
202336 202336
202336 202336
202336 202336
202336 202336
202336 202336
202336 202336
202336 202336
202336 202336
202336 202336
202336 202336
202336 202336
202336 202336
202336 202336
202336 202336
202336 202336
202336 202336
202336 202336
202336 202336
202336 202336
202336 202336
202336 202336
202336 202336
202336 202336
202336 202336
202336 202336
202336 202336
202336 202336
202336 202336
202336 202336
202336 202336
202336 202336
202336 202336
202336 202336
202336 202336
202336 202336
202336 202336
202336 202336
202336 202336
202336 202336
202336 202336
202336 202336
202336 202336
202336 202336
202336 202336
202336 202336
202336 202336
202336 202336
202336 202336
202336 202336
202336 202336
202336 202336
202336 202336
202336 202336
202336 202336
202336 202336
202336 202336
202336 202336
202336 202336
202336 202336
202336 202336
202336 202336
202336 202336
202336 202336
202336 202336
202336 202336
202336 202336
202336 202336
202336 202336
202336 202336
202336 202336
202336 202336
202336 202336
202336 202336
202336 202336
202336 202336
202336 202336
202336 202336
202336 202336
202336 202336
202336 202336
202336 202336
202336 202336
202336 202336
202336 202336
202336 202336
202336 202336
202336 202336
202336 202336
202336 202336
202336 202336
202336 202336
202336 202336
202336 202336
202336 202336
202336 202336
202336 202336
202336 202336
202336 202336
202336 202336
202336 202336
202336 202336
202336 202336
202336 202336
202336 202336
202336 202336
202336 202336
202336 202336
202336 202336
202336 202336
202336 202336
202336 202336
202336 202336
202336 202336
202336 202336
202336 202336
202336 202336
202336 202336
202336 202336
202336 202336
202336 202336
202336 202336
202336 202336
202336 202336
202336 202336
202336 202336
202336 202336
202336 202336
202336 202336
202336 202336
202336 202336
202336 202336
202336 202336
202336 202336
202336 202336
202336 202336
202336 202336
202336 202336
202336 202336
202336 202336
202336 202336
202336 202336
202336 202336
202336 202336
202336 202336
202336 202336
202336 202336
202336 202336
202336 202336
202336 202336
202336 202336
202336 202336
202336 202336
202336 202336
202336 202336
202336 202336
202336 202336
202336 202336
202336 202336
202336 202336
202336 202336
202336 202336
202336 202336
202336 202336
202336 202336
202336 202336
202336 202336
202336 202336
202336 202336
202336 202336
202336 202336
202336 202336
202336 202336
202336 202336
202336 202336
202336 202336
202336 202336
202336 202336
202336 202336
202336 202336
202336 202336
202336 202336
202336 202336
202336 202336
202336 202336
202336 202336
202336 202336
202336 202336
202336 202336
202336 202336
202336 202336
202336 202336
202336 202336
202336 202336
202336 202336
202336 202336
202336 202336
202336 202336
202336 202336
202336 202336
202336 202336
202336 202336
202336 202336
202336 202336
202336 202336
202336 202336
202336 202336
202336 202336
202336 202336
202336 202336
202336 202336
202336 202336
202336 202336
202336 202336
202336 202336
202336 202336
202336 202336
202336 202336
202336 202336
202336 202336
202336 202336
202336 202336
202336 202336
202336 202336
202336 202336
202336 202336
202336 202336
202336 202336
202336 202336
202336 202336
202336 202336
202336 202336
202336 202336
202336 202336
202336 202336
202336 202336
202336 202336
202336 202336
202336 202336
202336 202336
202336 202336
202336 202336
202336 202336
202336 202336
202336 202336
202336 202336
202336 202336
202336 202336
202336 202336
202336 202336
202336 202336
202336 202336
202336 202336
202336 202336
202336 202336
202336 202336
202336 202336
202336 202336
202336 202336
202336 202336
202336 202336
202336 202336
202336 202336
202336 202336
202336 202336
202336 202336
202336 202336
202336 202336
202336 202336
202336 202336
202336 202336
202336 202336
202336 202336
202336 202336
202336 202336
202336 202336
202336 202336
202336 202336
202336 202336
202336 202336
202336 202336
202336 202336
202336 202336
202336 202336
202336 202336
202336 202336
202336 202336
202336 202336
202336 202336
202336 202336
202336 202336
202336 202336
202336 202336
202336 202336
202336 202336
202336 202336
202336 202336
202336 202336
202336 202336
202336 202336
202336 202336
202336 202336
202336 202336
202336 202336
202336 202336
202336 202336
202336 202336
202336 202336
202336 202336
202336 202336
202336 202336
202336 202336
202336 202336
202336 202336
202336 202336
202336 202336
202336 202336
202336 202336
202336 202336
202336 202336
202336 202336
202336 202336
202336 202336
202336 202336
202336 202336
202336 202336
202336 202336
202336 202336
202336 202336
202336 202336
202336 202336
202336 202336
202336 202336
202336 202336
202336 202336
202336 202336
202336 202336
202336 202336
202336 202336
202336 202336
202336 202336
202336 202336
202336 202336
202336 202336
202336 202336
202336 202336
202336 202336
202336 202336
202336 202336
202336 202336
202336 202336
202336 202336
202336 202336
202336 202336
202336 202336
202336 202336
202336 202336
202336 202336
202336 202336
202336 202336
202336 202336
202336 202336
202336 202336
202336 202336
202336 202336
202336 202336
202336 202336
202336 202336
202336 202336
202336 202336
202336 202336
202336 202336
202336 202336
202336 202336
202336 202336
202336 202336
202336 202336
202336 202336
202336 202336
202336 202336
202336 202336
202336 202336
202336 202336
202336 202336
202336 202336
202336 202336
202336 202336
202336 202336
202336 202336
202336 202336
202336 202336
202336 202336
202336 202336
202336 202336
202336 202336
202336 202336
202336 202336
202336 202336
202336 202336
202336 202336
202336 202336
202336 202336
202336 202336
202336 202336
202336 202336
202336 202336
202336 202336
202336 202336
202336 202336
202336 202336
202336 202336
202336 202336
202336 202336
202336 202336
202336 202336
202336 202336
202336 202336
202336 202336
202336 202336
202336 202336
202336 202336
202336 202336
202336 202336
202336 202336
202336 202336
202336 202336
202336 202336
202336 202336
202336 202336
202336 202336
202336 202336
202336 202336
202336 202336
202336 202336
202336 202336
202336 202336
202336 202336
202336 202336
202336 202336
202336 202336
202336 202336
202336 202336
202336 202336
202336 202336
202336 202336
202336 202336
202336 202336
202336 202336
202336 202336
202336 202336
202336 202336
202336 202336
202336 202336
202336 202336
202336 202336
202336 202336
202336 202336
202336 202336
202336 202336
202336 202336
202336 202336
202336 202336
202336 202336
202336 202336
202336 202336
202336 202336
202336 202336
202336 202336
202336 202336
202336 202336
202336 202336
202336 202336
202336 202336
202336 202336
202336 202336
202336 202336
202336 202336
202336 202336
202336 202336
202336 202336
202336 202336
202336 202336
202336 202336
202336 202336
202336 202336
202336 202336
202336 202336
202336 202336
202336 202336
202336 202336
202336 202336
202336 202336
202336 202336
202336 202336
202336 202336
202336 202336
202336 202336
202336 202336
202336 202336
202336 202336
202336 202336
202336 202336
202336 202336
202336 202336
202336 202336
202336 202336
202336 202336
202336 202336
202336 202336
202336 202336
202336 202336
202336 202336
202336 202336
202336 202336
202336 202336
202336 202336
202336 202336
202336 202336
202336 202336
202336 202336
202336 202336
202336 202336
202336 202336
202336 202336
202336 202336
202336 202336
202336 202336
202336 202336
202336 202336
202336 202336
202336 202336
202336 202336
202336 202336
202336 202336
202336 202336
202336 202336
202336 202336
202336 202336
202336 202336
202336 202336
202336 202336
202336 202336
202336 202336
202336 202336
202336 202336
202336 202336
202336 202336
202336 202336
202336 202336
202336 202336
202336 202336
202336 202336
202336 202336
202336 202336
202336 202336
202336 202336
202336 202336
202336 202336
202336 202336
202336 202336
202336 202336
202336 202336
202336 202336
202336 202336
202336 202336
202336 202336
202336 202336
202336 202336
202336 202336
202336 202336
202336 202336
202336 202336
202336 202336
202336 202336
202336 202336
202336 202336
202336 202336
202336 202336
202336 202336
202336 202336
202336 202336
202336 202336
202336 202336
202336 202336
202336 202336
202336 202336
202336 202336
202336 202336
202336 202336
202336 202336
202336 202336
202336 202336
202336 202336
202336 202336
202336 202336
202336 202336
202336 202336
202336 202336
202336 202336
202336 202336
202336 202336
202336 202336
202336 202336
202336 202336
202336 202336
202336 202336
202336 202336
202336 202336
202336 202336
202336 202336
202336 202336
202336 202336
202336 202336
202336 202336
202336 202336
202336 202336
202336 202336
202336 202336
202336 202336
202336 202336
202336 202336
202336 202336
202336 202336
202336 202336
202336 202336
202336 202336
202336 202336
202336 202336
202336 202336
202336 202336
202336 202336
202336 202336
202336 202336
202336 202336
202336 202336
202336 202336
202336 202336
202336 202336
202336 202336
202336 202336
202336 202336
202336 202336
202336 202336
202336 202336
202336 202336
202336 202336
202336 202336
202336 202336
202336 202336
202336 202336
202336 202336
202336 202336
202336 202336
202336 202336
202336 202336
202336 202336
202336 202336
202336 202336
202336 202336
202336 202336
202336 202336
202336 202336
202336 202336
202336 202336
202336 202336
202336 202336
202336 202336
202336 202336
202336 202336
202336 202336
202336 202336
202336 202336
202336 202336
202336 202336
202336 202336
202336 202336
202336 202336
202336 202336
202336 202336
202336 202336
202336 202336
202336 202336
202336 202336
202336 202336
202336 202336
202336 202336
202336 202336
202336 202336
202336 202336
202336 202336
202336 202336
202336 202336
202336 202336
202336 202336
202336 202336
202336 202336
202336 202336
202336 202336
202336 202336
202336 202336
202336 202336
202336 202336
202336 202336
202336 202336
202336 202336
202336 202336
202336 202336
202336 202336
202336 202336
202336 202336
202336 202336
202336 202336
202336 202336
202336 202336
202336 202336
202336 202336
202336 202336
202336 202336
202336 202336
202336 202336
202336 202336
202336 202336
202336 202336
202336 202336
202336 202336
202336 202336
202336 202336
202336 202336
202336 202336
202336 202336
202336 202336
202336 202336
202336 202336
202336 202336
202336 202336
202336 202336
202336 202336
202336 202336
202336 202336
202336 202336
202336 202336
202336 202336
202336 202336
202336 202336
202336 202336
202336 202336
202336 202336
202336 202336
202336 202336
202336 202336
202336 202336
202336 202336
202337 202337
202337 202337
202337 202337
202337 202337
202337 202337
202337 202337
202337 202337
202337 202337
202337 202337
202337 202337
202337 202337
202337 202337
202337 202337
202337 202337
202337 202337
202337 202337
202337 202337
202337 202337
202337 202337
202337 202337
202337 202337
202337 202337
202337 202337
202337 202337
202337 202337
202337 202337
202337 202337
202337 202337
202337 202337
202337 202337
202337 202337
202337 202337
202337 202337
202337 202337
202337 202337
202337 202337
202337 202337
202337 202337
202337 202337
202337 202337
202337 202337
202337 202337
202337 202337
202337 202337
202337 202337
202337 202337
202337 202337
202337 202337
202337 202337
202337 202337
202337 202337
202337 202337
202337 202337
202337 202337
202337 202337
202337 202337
202337 202337
202337 202337
202337 202337
202337 202337
202337 202337
202337 202337
202337 202337
202337 202337
202337 202337
202337 202337
202337 202337
202337 202337
202337 202337
202337 202337
202337 202337
202337 202337
202337 202337
202337 202337
202337 202337
202337 202337
202337 202337
202337 202337
202337 202337
202337 202337
202337 202337
202337 202337
202337 202337
202337 202337
202337 202337
202337 202337
202337 202337
202337 202337
202337 202337
202337 202337
202337 202337
202337 202337
202337 202337
202337 202337
202337 202337
202337 202337
202337 202337
202337 202337
202337 202337
202337 202337
202337 202337
202337 202337
202337 202337
202337 202337
202337 202337
202337 202337
202337 202337
202337 202337
202337 202337
202337 202337
202337 202337
202337 202337
202337 202337
202337 202337
202337 202337
202337 202337
202337 202337
202337 202337
202337 202337
202337 202337
202337 202337
202337 202337
202337 202337
202337 202337
202337 202337
202337 202337
202337 202337
202337 202337
202337 202337
202337 202337
202337 202337
202337 202337
202337 202337
202337 202337
202337 202337
202337 202337
202337 202337
202337 202337
202337 202337
202337 202337
202337 202337
202337 202337
202337 202337
202337 202337
202337 202337
202337 202337
202337 202337
202337 202337
202337 202337
202337 202337
202337 202337
202337 202337
202337 202337
202337 202337
202337 202337
202337 202337
202337 202337
202337 202337
202337 202337
202337 202337
202337 202337
202337 202337
202337 202337
202337 202337
202337 202337
202337 202337
202337 202337
202337 202337
202337 202337
202337 202337
202337 202337
202337 202337
202337 202337
202337 202337
202337 202337
202337 202337
202337 202337
202337 202337
202337 202337
202337 202337
202337 202337
202337 202337
202337 202337
202337 202337
202337 202337
202337 202337
202337 202337
202337 202337
202337 202337
202337 202337
202337 202337
202337 202337
202337 202337
202337 202337
202337 202337
202337 202337
202337 202337
202337 202337
202337 202337
202337 202337
202337 202337
202337 202337
202337 202337
202337 202337
202337 202337
202337 202337
202337 202337
202337 202337
202337 202337
202337 202337
202337 202337
202337 202337
202337 202337
202337 202337
202337 202337
202337 202337
202337 202337
202337 202337
202337 202337
202337 202337
202337 202337
202337 202337
202337 202337
202337 202337
202337 202337
202337 202337
202337 202337
202337 202337
202337 202337
202337 202337
202337 202337
202337 202337
202337 202337
202337 202337
202337 202337
202337 202337
202337 202337
202337 202337
202337 202337
202337 202337
202337 202337
202337 202337
202337 202337
202337 202337
202337 202337
202337 202337
202337 202337
202337 202337
202337 202337
202337 202337
202337 202337
202337 202337
202337 202337
202337 202337
202337 202337
202337 202337
202337 202337
202337 202337
202337 202337
202337 202337
202337 202337
202337 202337
202337 202337
202337 202337
202337 202337
202337 202337
202337 202337
202337 202337
202337 202337
202337 202337
202337 202337
202337 202337
202337 202337
202337 202337
202337 202337
202337 202337
202337 202337
202337 202337
202337 202337
202337 202337
202337 202337
202337 202337
202337 202337
202337 202337
202337 202337
202337 202337
202337 202337
202337 202337
202337 202337
202337 202337
202337 202337
202337 202337
202337 202337
202337 202337
202337 202337
202337 202337
202337 202337
202337 202337
202337 202337
202337 202337
202337 202337
202337 202337
202337 202337
202337 202337
202337 202337
202337 202337
202337 202337
202337 202337
202337 202337
202337 202337
202337 202337
202337 202337
202337 202337
202337 202337
202337 202337
202337 202337
202337 202337
202337 202337
202337 202337
202337 202337
202337 202337
202337 202337
202337 202337
202337 202337
202337 202337
202337 202337
202337 202337
202337 202337
202337 202337
202337 202337
202337 202337
202337 202337
202337 202337
202337 202337
202337 202337
202337 202337
202337 202337
202337 202337
202337 202337
202337 202337
202337 202337
202337 202337
202337 202337
202337 202337
202337 202337
202337 202337
202337 202337
202337 202337
202337 202337
202337 202337
202337 202337
202337 202337
202337 202337
202337 202337
202337 202337
202337 202337
202337 202337
202337 202337
202337 202337
202337 202337
202337 202337
202337 202337
202337 202337
202337 202337
202337 202337
202337 202337
202337 202337
202337 202337
202337 202337
202337 202337
202337 202337
202337 202337
202337 202337
202337 202337
202337 202337
202337 202337
202337 202337
202337 202337
202337 202337
202337 202337
202337 202337
202337 202337
202337 202337
202337 202337
202337 202337
202337 202337
202337 202337
202337 202337
202337 202337
202337 202337
202337 202337
202337 202337
