242698
148297 148297
159207 159207
170841 170841
172273 172273
176067 176067
178820 178820
179463 179463
179744 179744
186575 186575
187846 187846
192224 192224
192995 192995
196708 196708
197504 197504
200375 200375
205176 205176
207029 207029
208961 208961
210718 210718
212312 212312
213210 213210
213723 213723
213850 213850
216138 216138
218693 218693
219633 219633
222286 222286
224655 224655
225276 225276
226014 226014
226069 226069
228262 228262
228755 228755
230863 230863
230863 230863
230863 230863
231777 231777
231777 231777
231951 231951
231956 231956
232437 232437
232443 232443
232660 232660
232958 232958
234197 234197
234213 234213
234536 234536
234655 234655
234715 234715
234914 234914
235376 235376
235659 235659
235843 235843
236452 236452
236839 236839
236954 236954
237306 237306
237354 237354
237394 237394
237760 237760
238052 238052
238052 238052
238063 238063
238127 238127
238139 238139
238467 238467
238546 238546
238685 238685
239005 239005
239358 239358
239358 239358
239358 239358
239403 239403
239478 239478
239632 239632
239633 239633
239633 239633
239854 239854
239854 239854
239854 239854
239854 239854
239940 239940
240052 240052
240150 240150
240270 240270
240297 240297
240327 240327
240356 240356
240452 240452
240518 240518
240561 240561
240625 240625
241015 241015
241015 241015
241015 241015
241031 241031
241031 241031
241036 241036
241114 241114
241114 241114
241210 241210
241283 241283
241283 241283
241283 241283
241283 241283
241288 241288
241540 241540
241540 241540
241540 241540
241540 241540
241540 241540
241540 241540
241543 241543
241560 241560
241730 241730
241730 241730
241730 241730
241730 241730
241730 241730
241730 241730
241730 241730
241730 241730
241893 241893
241893 241893
241893 241893
242008 242008
242008 242008
242008 242008
242081 242081
242081 242081
242081 242081
242081 242081
242081 242081
242081 242081
242081 242081
242084 242084
242219 242219
242219 242219
242219 242219
242219 242219
242219 242219
242219 242219
242223 242223
242223 242223
242223 242223
242239 242239
242250 242250
242250 242250
242250 242250
242302 242302
242302 242302
242302 242302
242302 242302
242302 242302
242302 242302
242302 242302
242302 242302
242302 242302
242370 242370
242370 242370
242370 242370
242370 242370
242371 242371
242371 242371
242371 242371
242384 242384
242384 242384
242422 242422
242422 242422
242422 242422
242422 242422
242422 242422
242422 242422
242422 242422
242422 242422
242422 242422
242438 242438
242438 242438
242438 242438
242438 242438
242438 242438
242438 242438
242438 242438
242438 242438
242438 242438
242438 242438
242438 242438
242438 242438
242438 242438
242438 242438
242438 242438
242465 242465
242465 242465
242465 242465
242466 242466
242466 242466
242466 242466
242466 242466
242466 242466
242466 242466
242466 242466
242466 242466
242466 242466
242466 242466
242466 242466
242466 242466
242466 242466
242466 242466
242485 242485
242485 242485
242485 242485
242485 242485
242534 242534
242534 242534
242534 242534
242534 242534
242534 242534
242534 242534
242534 242534
242534 242534
242534 242534
242534 242534
242537 242537
242565 242565
242565 242565
242565 242565
242565 242565
242574 242574
242574 242574
242574 242574
242574 242574
242574 242574
242574 242574
242574 242574
242574 242574
242583 242583
242583 242583
242583 242583
242583 242583
242583 242583
242583 242583
242583 242583
242583 242583
242583 242583
242583 242583
242583 242583
242583 242583
242583 242583
242583 242583
242583 242583
242583 242583
242583 242583
242583 242583
242583 242583
242583 242583
242583 242583
242583 242583
242583 242583
242583 242583
242583 242583
242583 242583
242583 242583
242583 242583
242583 242583
242583 242583
242583 242583
242583 242583
242583 242583
242583 242583
242583 242583
242583 242583
242583 242583
242583 242583
242583 242583
242583 242583
242583 242583
242583 242583
242583 242583
242583 242583
242583 242583
242583 242583
242583 242583
242583 242583
242583 242583
242583 242583
242583 242583
242583 242583
242583 242583
242583 242583
242583 242583
242583 242583
242583 242583
242583 242583
242583 242583
242583 242583
242583 242583
242583 242583
242611 242611
242611 242611
242611 242611
242611 242611
242611 242611
242611 242611
242611 242611
242611 242611
242611 242611
242611 242611
242611 242611
242611 242611
242611 242611
242611 242611
242611 242611
242611 242611
242611 242611
242611 242611
242611 242611
242611 242611
242611 242611
242611 242611
242611 242611
242611 242611
242611 242611
242611 242611
242611 242611
242611 242611
242611 242611
242611 242611
242611 242611
242611 242611
242611 242611
242611 242611
242611 242611
242611 242611
242611 242611
242611 242611
242611 242611
242611 242611
242611 242611
242611 242611
242611 242611
242611 242611
242611 242611
242611 242611
242611 242611
242611 242611
242611 242611
242611 242611
242611 242611
242611 242611
242611 242611
242611 242611
242611 242611
242611 242611
242611 242611
242611 242611
242611 242611
242611 242611
242611 242611
242611 242611
242611 242611
242611 242611
242611 242611
242611 242611
242611 242611
242611 242611
242611 242611
242611 242611
242611 242611
242611 242611
242611 242611
242611 242611
242611 242611
242611 242611
242611 242611
242611 242611
242611 242611
242611 242611
242611 242611
242611 242611
242611 242611
242611 242611
242611 242611
242611 242611
242611 242611
242611 242611
242611 242611
242611 242611
242611 242611
242611 242611
242611 242611
242611 242611
242611 242611
242611 242611
242611 242611
242611 242611
242611 242611
242611 242611
242611 242611
242611 242611
242611 242611
242611 242611
242611 242611
242611 242611
242611 242611
242611 242611
242611 242611
242611 242611
242611 242611
242611 242611
242611 242611
242611 242611
242611 242611
242611 242611
242611 242611
242611 242611
242611 242611
242611 242611
242611 242611
242611 242611
242611 242611
242611 242611
242611 242611
242611 242611
242611 242611
242611 242611
242611 242611
242611 242611
242611 242611
242611 242611
242611 242611
242611 242611
242611 242611
242611 242611
242611 242611
242611 242611
242611 242611
242611 242611
242611 242611
242611 242611
242611 242611
242611 242611
242611 242611
242611 242611
242611 242611
242611 242611
242611 242611
242611 242611
242611 242611
242611 242611
242611 242611
242611 242611
242611 242611
242611 242611
242611 242611
242611 242611
242611 242611
242611 242611
242611 242611
242611 242611
242611 242611
242611 242611
242611 242611
242611 242611
242611 242611
242611 242611
242611 242611
242611 242611
242611 242611
242611 242611
242611 242611
242611 242611
242611 242611
242611 242611
242611 242611
242611 242611
242611 242611
242611 242611
242611 242611
242611 242611
242611 242611
242611 242611
242611 242611
242611 242611
242611 242611
242611 242611
242611 242611
242611 242611
242611 242611
242611 242611
242611 242611
242611 242611
242611 242611
242611 242611
242611 242611
242611 242611
242611 242611
242611 242611
242624 242624
242624 242624
242624 242624
242624 242624
242624 242624
242624 242624
242624 242624
242624 242624
242624 242624
242624 242624
242624 242624
242624 242624
242624 242624
242624 242624
242624 242624
242624 242624
242624 242624
242624 242624
242624 242624
242624 242624
242624 242624
242624 242624
242624 242624
242624 242624
242624 242624
242624 242624
242624 242624
242624 242624
242624 242624
242624 242624
242624 242624
242624 242624
242624 242624
242624 242624
242624 242624
242624 242624
242624 242624
242624 242624
242624 242624
242624 242624
242624 242624
242624 242624
242624 242624
242624 242624
242624 242624
242624 242624
242624 242624
242624 242624
242624 242624
242624 242624
242624 242624
242624 242624
242624 242624
242624 242624
242624 242624
242624 242624
242624 242624
242624 242624
242624 242624
242624 242624
242624 242624
242624 242624
242624 242624
242624 242624
242624 242624
242624 242624
242624 242624
242624 242624
242624 242624
242624 242624
242624 242624
242624 242624
242624 242624
242624 242624
242624 242624
242624 242624
242624 242624
242624 242624
242624 242624
242624 242624
242624 242624
242624 242624
242624 242624
242624 242624
242624 242624
242624 242624
242624 242624
242624 242624
242624 242624
242624 242624
242624 242624
242624 242624
242624 242624
242624 242624
242624 242624
242624 242624
242624 242624
242624 242624
242624 242624
242624 242624
242624 242624
242624 242624
242624 242624
242624 242624
242624 242624
242624 242624
242624 242624
242624 242624
242624 242624
242624 242624
242624 242624
242624 242624
242624 242624
242624 242624
242624 242624
242624 242624
242624 242624
242624 242624
242624 242624
242624 242624
242624 242624
242624 242624
242631 242631
242631 242631
242631 242631
242631 242631
242631 242631
242631 242631
242631 242631
242631 242631
242631 242631
242631 242631
242631 242631
242631 242631
242631 242631
242631 242631
242631 242631
242631 242631
242631 242631
242631 242631
242631 242631
242631 242631
242631 242631
242631 242631
242631 242631
242631 242631
242631 242631
242631 242631
242631 242631
242631 242631
242631 242631
242631 242631
242631 242631
242631 242631
242631 242631
242631 242631
242631 242631
242631 242631
242631 242631
242631 242631
242631 242631
242631 242631
242631 242631
242631 242631
242631 242631
242631 242631
242631 242631
242631 242631
242631 242631
242631 242631
242631 242631
242631 242631
242631 242631
242631 242631
242631 242631
242631 242631
242631 242631
242631 242631
242631 242631
242631 242631
242631 242631
242631 242631
242631 242631
242631 242631
242631 242631
242631 242631
242631 242631
242631 242631
242631 242631
242631 242631
242631 242631
242631 242631
242631 242631
242631 242631
242631 242631
242631 242631
242631 242631
242631 242631
242631 242631
242631 242631
242631 242631
242631 242631
242631 242631
242631 242631
242631 242631
242631 242631
242631 242631
242631 242631
242631 242631
242631 242631
242631 242631
242631 242631
242631 242631
242631 242631
242631 242631
242631 242631
242631 242631
242631 242631
242631 242631
242631 242631
242631 242631
242631 242631
242631 242631
242631 242631
242631 242631
242631 242631
242631 242631
242631 242631
242631 242631
242631 242631
242631 242631
242631 242631
242631 242631
242631 242631
242631 242631
242631 242631
242631 242631
242631 242631
242631 242631
242631 242631
242631 242631
242631 242631
242631 242631
242631 242631
242631 242631
242631 242631
242631 242631
242631 242631
242631 242631
242631 242631
242631 242631
242631 242631
242631 242631
242631 242631
242631 242631
242631 242631
242631 242631
242631 242631
242631 242631
242631 242631
242631 242631
242631 242631
242631 242631
242631 242631
242631 242631
242631 242631
242631 242631
242631 242631
242631 242631
242631 242631
242631 242631
242631 242631
242631 242631
242631 242631
242631 242631
242631 242631
242631 242631
242631 242631
242631 242631
242631 242631
242631 242631
242631 242631
242631 242631
242631 242631
242631 242631
242631 242631
242631 242631
242631 242631
242631 242631
242631 242631
242631 242631
242631 242631
242631 242631
242631 242631
242631 242631
242631 242631
242631 242631
242631 242631
242631 242631
242631 242631
242631 242631
242631 242631
242631 242631
242631 242631
242631 242631
242631 242631
242631 242631
242631 242631
242631 242631
242631 242631
242631 242631
242631 242631
242631 242631
242631 242631
242631 242631
242631 242631
242631 242631
242631 242631
242631 242631
242631 242631
242631 242631
242631 242631
242631 242631
242631 242631
242631 242631
242631 242631
242631 242631
242631 242631
242631 242631
242631 242631
242631 242631
242631 242631
242631 242631
242631 242631
242631 242631
242631 242631
242631 242631
242631 242631
242631 242631
242631 242631
242631 242631
242631 242631
242631 242631
242631 242631
242631 242631
242631 242631
242631 242631
242631 242631
242631 242631
242631 242631
242631 242631
242631 242631
242631 242631
242631 242631
242631 242631
242631 242631
242631 242631
242631 242631
242631 242631
242631 242631
242631 242631
242631 242631
242631 242631
242631 242631
242631 242631
242631 242631
242631 242631
242631 242631
242631 242631
242631 242631
242631 242631
242631 242631
242631 242631
242631 242631
242631 242631
242631 242631
242631 242631
242631 242631
242631 242631
242631 242631
242631 242631
242631 242631
242631 242631
242631 242631
242631 242631
242631 242631
242631 242631
242631 242631
242631 242631
242631 242631
242631 242631
242631 242631
242631 242631
242631 242631
242631 242631
242631 242631
242631 242631
242631 242631
242631 242631
242631 242631
242631 242631
242631 242631
242631 242631
242631 242631
242631 242631
242631 242631
242631 242631
242631 242631
242631 242631
242631 242631
242631 242631
242631 242631
242631 242631
242631 242631
242631 242631
242631 242631
242631 242631
242631 242631
242631 242631
242631 242631
242631 242631
242631 242631
242631 242631
242631 242631
242631 242631
242631 242631
242631 242631
242631 242631
242631 242631
242631 242631
242631 242631
242631 242631
242631 242631
242631 242631
242631 242631
242631 242631
242631 242631
242631 242631
242631 242631
242631 242631
242631 242631
242631 242631
242631 242631
242631 242631
242631 242631
242631 242631
242631 242631
242631 242631
242631 242631
242631 242631
242631 242631
242631 242631
242631 242631
242631 242631
242631 242631
242631 242631
242631 242631
242631 242631
242631 242631
242631 242631
242631 242631
242631 242631
242631 242631
242631 242631
242631 242631
242631 242631
242631 242631
242631 242631
242631 242631
242631 242631
242631 242631
242631 242631
242631 242631
242631 242631
242631 242631
242631 242631
242631 242631
242631 242631
242631 242631
242631 242631
242631 242631
242631 242631
242631 242631
242631 242631
242631 242631
242631 242631
242631 242631
242631 242631
242631 242631
242631 242631
242631 242631
242631 242631
242631 242631
242631 242631
242631 242631
242631 242631
242631 242631
242631 242631
242631 242631
242631 242631
242631 242631
242640 242640
242640 242640
242640 242640
242640 242640
242640 242640
242640 242640
242640 242640
242640 242640
242640 242640
242640 242640
242640 242640
242656 242656
242656 242656
242656 242656
242656 242656
242656 242656
242656 242656
242656 242656
242656 242656
242656 242656
242656 242656
242656 242656
242656 242656
242656 242656
242656 242656
242656 242656
242656 242656
242656 242656
242656 242656
242656 242656
242656 242656
242656 242656
242656 242656
242656 242656
242656 242656
242656 242656
242656 242656
242656 242656
242656 242656
242656 242656
242656 242656
242661 242661
242661 242661
242661 242661
242661 242661
242661 242661
242661 242661
242661 242661
242661 242661
242661 242661
242661 242661
242661 242661
242661 242661
242661 242661
242661 242661
242661 242661
242661 242661
242661 242661
242661 242661
242661 242661
242661 242661
242661 242661
242661 242661
242661 242661
242661 242661
242661 242661
242661 242661
242661 242661
242661 242661
242661 242661
242661 242661
242661 242661
242661 242661
242661 242661
242661 242661
242661 242661
242661 242661
242661 242661
242661 242661
242661 242661
242661 242661
242676 242676
242676 242676
242676 242676
242676 242676
242676 242676
242676 242676
242676 242676
242676 242676
242676 242676
242676 242676
242676 242676
242676 242676
242676 242676
242676 242676
242676 242676
242676 242676
242676 242676
242676 242676
242676 242676
242676 242676
242676 242676
242676 242676
242676 242676
242676 242676
242676 242676
242676 242676
242676 242676
242676 242676
242676 242676
242676 242676
242676 242676
242676 242676
242676 242676
242688 242688
242688 242688
242688 242688
242688 242688
242688 242688
242688 242688
242688 242688
242688 242688
242688 242688
242688 242688
242688 242688
242688 242688
242688 242688
242688 242688
242688 242688
242688 242688
242688 242688
242688 242688
242688 242688
242688 242688
242688 242688
242688 242688
242688 242688
242688 242688
242688 242688
242688 242688
242688 242688
242688 242688
242688 242688
242688 242688
242688 242688
242688 242688
242688 242688
242688 242688
242688 242688
242688 242688
242688 242688
242688 242688
242688 242688
242688 242688
242688 242688
242688 242688
242688 242688
242688 242688
242688 242688
242688 242688
242688 242688
242688 242688
242688 242688
242688 242688
242688 242688
242688 242688
242688 242688
242688 242688
242688 242688
242688 242688
242688 242688
242688 242688
242688 242688
242688 242688
242688 242688
242688 242688
242688 242688
242688 242688
242688 242688
242688 242688
242688 242688
242688 242688
242688 242688
242688 242688
242688 242688
242688 242688
242688 242688
242688 242688
242688 242688
242688 242688
242688 242688
242688 242688
242688 242688
242688 242688
242688 242688
242688 242688
242688 242688
242688 242688
242688 242688
242688 242688
242688 242688
242688 242688
242688 242688
242688 242688
242688 242688
242688 242688
242688 242688
242688 242688
242688 242688
242688 242688
242688 242688
242688 242688
242688 242688
242688 242688
242688 242688
242688 242688
242688 242688
242688 242688
242688 242688
242688 242688
242688 242688
242688 242688
242688 242688
242688 242688
242688 242688
242688 242688
242688 242688
242688 242688
242688 242688
242688 242688
242688 242688
242688 242688
242688 242688
242688 242688
242688 242688
242688 242688
242688 242688
242688 242688
242688 242688
242688 242688
242688 242688
242688 242688
242688 242688
242688 242688
242688 242688
242688 242688
242688 242688
242688 242688
242688 242688
242688 242688
242688 242688
242688 242688
242688 242688
242688 242688
242688 242688
242688 242688
242688 242688
242688 242688
242688 242688
242688 242688
242688 242688
242688 242688
242688 242688
242688 242688
242688 242688
242688 242688
242688 242688
242688 242688
242688 242688
242688 242688
242688 242688
242688 242688
242688 242688
242688 242688
242688 242688
242688 242688
242688 242688
242688 242688
242688 242688
242688 242688
242688 242688
242688 242688
242688 242688
242688 242688
242688 242688
242688 242688
242688 242688
242688 242688
242688 242688
242688 242688
242688 242688
242688 242688
242688 242688
242688 242688
242688 242688
242688 242688
242688 242688
242688 242688
242688 242688
242688 242688
242688 242688
242688 242688
242688 242688
242688 242688
242688 242688
242688 242688
242688 242688
242688 242688
242688 242688
242688 242688
242688 242688
242688 242688
242688 242688
242688 242688
242688 242688
242688 242688
242688 242688
242688 242688
242688 242688
242688 242688
242688 242688
242688 242688
242688 242688
242688 242688
242688 242688
242688 242688
242688 242688
242688 242688
242688 242688
242688 242688
242688 242688
242688 242688
242688 242688
242688 242688
242688 242688
242688 242688
242688 242688
242688 242688
242688 242688
242688 242688
242688 242688
242688 242688
242688 242688
242688 242688
242698 242698
242698 242698
242698 242698
242698 242698
242698 242698
242698 242698
242698 242698
242698 242698
242698 242698
242698 242698
242698 242698
242698 242698
242698 242698
242698 242698
242698 242698
242698 242698
242698 242698
242698 242698
242698 242698
242698 242698
242698 242698
242698 242698
242698 242698
242698 242698
242698 242698
242698 242698
242698 242698
242698 242698
242698 242698
242698 242698
242698 242698
242698 242698
242698 242698
242698 242698
242698 242698
242698 242698
242698 242698
242698 242698
242698 242698
242698 242698
242698 242698
242698 242698
242698 242698
242698 242698
242698 242698
242698 242698
242698 242698
242698 242698
242698 242698
242698 242698
242698 242698
242698 242698
242698 242698
242698 242698
242698 242698
242698 242698
242698 242698
242698 242698
242698 242698
242698 242698
242698 242698
242698 242698
242698 242698
242698 242698
242698 242698
242698 242698
242698 242698
242698 242698
242698 242698
242698 242698
242698 242698
242698 242698
242698 242698
242698 242698
242698 242698
242698 242698
242698 242698
242698 242698
242698 242698
242698 242698
242698 242698
242698 242698
242698 242698
242698 242698
242698 242698
242698 242698
242698 242698
242698 242698
242698 242698
242698 242698
242698 242698
242698 242698
242698 242698
242698 242698
242698 242698
242698 242698
242698 242698
242698 242698
242698 242698
242698 242698
242698 242698
242698 242698
242698 242698
242698 242698
242698 242698
242698 242698
242698 242698
242698 242698
242698 242698
242698 242698
242698 242698
242698 242698
242698 242698
242698 242698
242698 242698
242698 242698
242698 242698
242698 242698
242698 242698
242698 242698
242698 242698
242698 242698
242698 242698
242698 242698
242698 242698
242698 242698
242698 242698
242698 242698
242698 242698
242698 242698
242698 242698
242698 242698
242698 242698
242698 242698
242698 242698
242698 242698
242698 242698
242698 242698
242698 242698
242698 242698
242698 242698
242698 242698
242698 242698
242698 242698
242698 242698
242698 242698
242698 242698
242698 242698
242698 242698
242698 242698
242698 242698
242698 242698
242698 242698
242698 242698
242698 242698
242698 242698
242698 242698
242698 242698
242698 242698
242698 242698
242698 242698
242698 242698
242698 242698
242698 242698
242698 242698
242698 242698
242698 242698
242698 242698
242698 242698
242698 242698
242698 242698
242698 242698
242698 242698
242698 242698
242698 242698
242698 242698
242698 242698
242698 242698
242698 242698
242698 242698
242698 242698
242698 242698
242698 242698
242698 242698
242698 242698
242698 242698
242698 242698
242698 242698
242698 242698
242698 242698
242698 242698
242698 242698
242698 242698
242698 242698
242698 242698
242698 242698
242698 242698
242698 242698
242698 242698
242698 242698
242698 242698
242698 242698
242698 242698
242698 242698
242698 242698
242698 242698
242698 242698
242698 242698
242698 242698
242698 242698
242698 242698
242698 242698
242698 242698
242698 242698
242698 242698
242698 242698
242698 242698
242698 242698
242698 242698
242698 242698
242698 242698
242698 242698
242698 242698
242698 242698
242698 242698
242698 242698
242698 242698
242698 242698
242698 242698
242698 242698
242698 242698
242698 242698
242698 242698
242698 242698
242698 242698
242698 242698
242698 242698
242698 242698
242698 242698
242698 242698
242698 242698
242698 242698
242698 242698
242698 242698
242698 242698
242698 242698
242698 242698
242698 242698
242698 242698
242698 242698
242698 242698
242698 242698
242698 242698
242698 242698
242698 242698
242698 242698
242698 242698
242698 242698
242698 242698
242698 242698
242698 242698
242698 242698
242698 242698
242698 242698
242698 242698
242698 242698
242698 242698
242698 242698
242698 242698
242698 242698
242698 242698
242698 242698
242698 242698
242698 242698
242698 242698
242698 242698
242698 242698
242698 242698
242698 242698
242698 242698
242698 242698
242698 242698
242698 242698
242698 242698
242698 242698
242698 242698
242698 242698
242698 242698
242698 242698
242698 242698
242698 242698
242698 242698
242698 242698
242698 242698
242698 242698
242698 242698
242698 242698
242698 242698
242698 242698
242698 242698
242698 242698
242698 242698
242698 242698
242698 242698
242698 242698
242698 242698
242698 242698
242698 242698
242698 242698
242698 242698
242698 242698
242698 242698
242698 242698
242698 242698
242698 242698
242698 242698
242698 242698
242698 242698
242698 242698
242698 242698
242698 242698
242698 242698
242698 242698
242698 242698
242698 242698
242698 242698
242698 242698
242698 242698
242698 242698
242698 242698
242698 242698
242698 242698
242698 242698
242698 242698
242698 242698
242698 242698
242698 242698
242698 242698
242698 242698
242698 242698
242698 242698
242698 242698
242698 242698
242698 242698
242698 242698
242698 242698
242698 242698
242698 242698
242698 242698
242698 242698
242698 242698
242698 242698
242698 242698
242698 242698
242698 242698
242698 242698
242698 242698
242698 242698
242698 242698
242698 242698
242698 242698
242698 242698
242698 242698
242698 242698
242698 242698
242698 242698
242698 242698
242698 242698
242698 242698
242698 242698
242698 242698
242698 242698
242698 242698
242698 242698
242698 242698
242698 242698
242698 242698
242698 242698
242698 242698
242698 242698
242698 242698
242698 242698
242698 242698
242698 242698
242698 242698
242698 242698
242698 242698
242698 242698
242698 242698
242698 242698
242698 242698
242698 242698
242698 242698
242698 242698
242698 242698
242698 242698
242698 242698
242698 242698
242698 242698
242698 242698
242698 242698
242698 242698
242698 242698
242698 242698
242698 242698
242698 242698
242698 242698
242698 242698
242698 242698
242698 242698
242698 242698
242698 242698
242698 242698
242698 242698
242698 242698
242698 242698
242698 242698
242698 242698
242698 242698
242698 242698
242698 242698
242698 242698
242698 242698
242698 242698
242698 242698
242698 242698
242698 242698
242698 242698
242698 242698
242698 242698
242698 242698
242698 242698
242698 242698
242698 242698
242698 242698
242698 242698
242698 242698
242698 242698
242698 242698
242698 242698
242698 242698
242698 242698
242698 242698
242698 242698
242698 242698
242698 242698
242698 242698
242698 242698
242698 242698
242698 242698
242698 242698
242698 242698
242698 242698
242698 242698
242698 242698
242698 242698
242698 242698
242698 242698
242698 242698
242698 242698
242698 242698
242698 242698
242698 242698
242698 242698
242698 242698
242698 242698
242698 242698
242698 242698
242698 242698
242698 242698
242698 242698
242698 242698
242698 242698
242698 242698
242698 242698
242698 242698
242698 242698
242698 242698
242698 242698
242698 242698
242698 242698
242698 242698
242698 242698
242698 242698
242698 242698
242698 242698
242698 242698
242698 242698
242698 242698
242698 242698
242698 242698
242698 242698
242698 242698
242698 242698
242698 242698
242698 242698
242698 242698
242698 242698
242698 242698
242698 242698
242698 242698
242698 242698
242698 242698
242698 242698
242698 242698
242698 242698
242698 242698
242698 242698
242698 242698
242698 242698
242698 242698
242698 242698
242698 242698
242698 242698
242698 242698
242698 242698
242698 242698
242698 242698
242698 242698
242698 242698
242698 242698
242698 242698
242698 242698
242698 242698
242698 242698
242698 242698
242698 242698
242698 242698
242698 242698
242698 242698
242698 242698
242698 242698
242698 242698
242698 242698
242698 242698
242698 242698
242698 242698
242698 242698
242698 242698
242698 242698
242698 242698
242698 242698
242698 242698
242698 242698
242698 242698
242698 242698
242698 242698
242698 242698
242698 242698
242698 242698
242698 242698
242698 242698
242698 242698
242698 242698
242698 242698
242698 242698
242698 242698
242698 242698
242698 242698
242698 242698
242698 242698
242698 242698
242698 242698
242698 242698
242698 242698
242698 242698
242698 242698
242698 242698
242698 242698
242698 242698
242698 242698
242698 242698
242698 242698
242698 242698
242698 242698
242698 242698
242698 242698
242698 242698
242698 242698
242698 242698
242698 242698
242698 242698
242698 242698
242698 242698
242698 242698
242698 242698
242698 242698
242698 242698
242698 242698
242698 242698
242698 242698
242698 242698
242698 242698
242698 242698
242698 242698
242698 242698
242698 242698
242698 242698
242698 242698
242698 242698
242698 242698
242698 242698
242698 242698
242698 242698
242698 242698
242698 242698
242698 242698
242698 242698
242698 242698
242698 242698
242698 242698
242698 242698
242698 242698
242698 242698
242698 242698
242698 242698
242698 242698
242698 242698
242698 242698
242698 242698
242698 242698
242698 242698
242698 242698
242698 242698
242698 242698
242698 242698
242698 242698
242698 242698
242698 242698
242698 242698
242698 242698
242698 242698
242698 242698
242698 242698
242698 242698
242698 242698
242698 242698
242698 242698
242698 242698
242698 242698
242698 242698
242698 242698
242698 242698
242698 242698
242698 242698
242698 242698
242698 242698
242698 242698
242698 242698
242698 242698
242698 242698
242698 242698
242698 242698
242698 242698
242698 242698
242698 242698
242698 242698
242698 242698
242698 242698
242698 242698
242698 242698
242698 242698
242698 242698
242698 242698
242698 242698
242698 242698
242698 242698
242698 242698
242698 242698
242698 242698
242698 242698
242698 242698
242698 242698
242698 242698
242698 242698
242698 242698
242698 242698
242698 242698
242698 242698
242698 242698
242698 242698
242698 242698
242698 242698
242698 242698
242698 242698
242698 242698
242698 242698
242698 242698
242698 242698
242698 242698
242698 242698
242698 242698
242698 242698
242698 242698
242698 242698
242698 242698
242698 242698
242698 242698
242698 242698
242698 242698
242698 242698
242698 242698
242698 242698
242698 242698
242698 242698
242698 242698
242698 242698
242698 242698
242698 242698
242698 242698
242698 242698
242698 242698
242698 242698
242698 242698
242698 242698
242698 242698
242698 242698
242698 242698
242698 242698
242698 242698
242698 242698
242698 242698
242698 242698
242698 242698
242698 242698
242698 242698
242698 242698
242698 242698
242698 242698
242698 242698
242698 242698
242698 242698
242698 242698
242698 242698
242698 242698
242698 242698
242698 242698
242698 242698
242698 242698
242698 242698
242698 242698
242698 242698
242698 242698
242698 242698
242698 242698
242698 242698
242698 242698
242698 242698
242698 242698
242698 242698
242698 242698
242698 242698
242698 242698
242698 242698
242698 242698
242698 242698
242698 242698
242698 242698
242698 242698
242698 242698
242698 242698
242698 242698
242698 242698
242698 242698
242698 242698
242698 242698
242698 242698
242698 242698
242698 242698
242698 242698
242698 242698
242698 242698
242698 242698
242698 242698
242698 242698
242698 242698
242698 242698
242698 242698
242698 242698
242698 242698
242698 242698
242698 242698
242698 242698
242698 242698
242698 242698
242698 242698
242698 242698
242698 242698
242698 242698
242698 242698
242698 242698
242698 242698
242698 242698
242698 242698
242698 242698
242698 242698
242698 242698
242698 242698
242698 242698
242698 242698
242698 242698
242698 242698
242698 242698
242698 242698
242698 242698
242698 242698
242698 242698
242698 242698
242698 242698
242698 242698
242698 242698
242698 242698
242698 242698
242698 242698
242698 242698
242698 242698
242698 242698
242698 242698
242698 242698
242698 242698
242698 242698
242698 242698
242698 242698
242698 242698
242698 242698
242698 242698
242698 242698
242698 242698
242698 242698
242698 242698
242698 242698
242698 242698
242698 242698
242698 242698
242698 242698
242698 242698
242698 242698
242698 242698
242698 242698
242698 242698
242698 242698
242698 242698
242698 242698
242698 242698
242698 242698
242698 242698
242698 242698
242698 242698
242698 242698
242698 242698
242698 242698
242698 242698
242698 242698
242698 242698
242698 242698
242698 242698
242698 242698
242698 242698
242698 242698
242698 242698
242698 242698
242698 242698
242698 242698
242698 242698
242698 242698
242698 242698
242698 242698
242698 242698
242698 242698
242698 242698
242698 242698
242698 242698
242698 242698
242698 242698
242698 242698
242698 242698
242698 242698
242698 242698
242698 242698
242698 242698
242698 242698
242698 242698
242698 242698
242698 242698
242698 242698
242698 242698
242698 242698
242698 242698
242698 242698
242698 242698
242698 242698
242698 242698
242698 242698
242698 242698
242698 242698
242698 242698
242698 242698
242698 242698
242698 242698
242698 242698
242698 242698
242698 242698
242698 242698
242698 242698
242698 242698
242698 242698
242698 242698
242698 242698
242698 242698
242698 242698
242698 242698
242698 242698
242698 242698
242698 242698
242698 242698
242698 242698
242698 242698
242698 242698
242698 242698
242698 242698
242698 242698
242698 242698
242698 242698
242698 242698
242698 242698
242698 242698
242698 242698
242698 242698
242698 242698
242698 242698
242698 242698
242698 242698
242698 242698
