202270
159580 159580
165140 165140
165406 165406
165815 165815
167333 167333
169546 169546
169974 169974
171025 171025
175122 175122
175880 175880
177032 177032
179122 179122
179416 179416
181080 181080
181101 181101
182279 182279
182300 182300
184139 184139
184143 184143
185702 185702
185738 185738
187209 187209
187628 187628
187849 187849
188651 188651
189735 189735
191509 191509
191509 191509
192113 192113
192452 192452
192486 192486
192570 192570
192603 192603
192999 192999
193224 193224
193228 193228
193389 193389
194062 194062
195528 195528
195732 195732
195981 195981
196425 196425
196485 196485
196631 196631
196652 196652
197028 197028
197283 197283
197317 197317
197343 197343
197483 197483
197719 197719
197845 197845
198062 198062
198419 198419
198419 198419
198653 198653
198816 198816
198816 198816
198816 198816
198868 198868
199057 199057
199057 199057
199120 199120
199158 199158
199366 199366
199366 199366
199394 199394
199394 199394
199751 199751
199751 199751
199751 199751
199751 199751
199751 199751
199754 199754
199754 199754
199874 199874
199881 199881
200067 200067
200084 200084
200223 200223
200231 200231
200231 200231
200331 200331
200331 200331
200418 200418
200418 200418
200419 200419
200447 200447
200509 200509
200551 200551
200551 200551
200551 200551
200592 200592
200732 200732
200897 200897
200913 200913
200913 200913
200913 200913
200913 200913
200913 200913
200913 200913
200913 200913
200960 200960
200960 200960
200960 200960
200960 200960
200960 200960
200960 200960
200960 200960
200960 200960
200960 200960
200960 200960
200960 200960
200960 200960
200960 200960
200960 200960
200960 200960
200960 200960
200960 200960
200960 200960
200960 200960
200960 200960
200960 200960
200960 200960
200960 200960
200960 200960
200960 200960
200960 200960
200960 200960
200960 200960
200960 200960
200960 200960
200960 200960
200960 200960
200960 200960
200960 200960
200960 200960
201013 201013
201230 201230
201230 201230
201230 201230
201230 201230
201230 201230
201230 201230
201308 201308
201308 201308
201308 201308
201308 201308
201308 201308
201308 201308
201352 201352
201380 201380
201380 201380
201430 201430
201430 201430
201465 201465
201473 201473
201516 201516
201516 201516
201516 201516
201520 201520
201520 201520
201605 201605
201605 201605
201735 201735
201735 201735
201735 201735
201735 201735
201735 201735
201735 201735
201735 201735
201735 201735
201735 201735
201735 201735
201751 201751
201765 201765
201765 201765
201807 201807
201807 201807
201807 201807
201807 201807
201807 201807
201901 201901
201901 201901
201901 201901
201908 201908
201908 201908
201945 201945
201945 201945
201945 201945
201945 201945
201945 201945
201975 201975
201975 201975
201975 201975
201975 201975
201975 201975
201975 201975
201975 201975
201975 201975
201975 201975
201975 201975
201975 201975
201975 201975
201975 201975
201975 201975
201975 201975
201975 201975
201975 201975
201975 201975
201975 201975
201975 201975
201975 201975
201975 201975
201975 201975
201975 201975
201975 201975
201975 201975
201975 201975
201975 201975
201975 201975
201975 201975
201975 201975
201975 201975
201975 201975
201975 201975
201975 201975
201975 201975
201975 201975
201975 201975
201975 201975
201975 201975
201975 201975
201975 201975
201975 201975
201975 201975
201975 201975
201975 201975
201975 201975
201998 201998
201998 201998
201998 201998
201998 201998
201998 201998
201998 201998
201998 201998
201998 201998
201998 201998
201998 201998
201998 201998
201998 201998
201998 201998
201998 201998
201998 201998
201998 201998
201998 201998
201998 201998
201998 201998
202006 202006
202006 202006
202006 202006
202006 202006
202006 202006
202006 202006
202006 202006
202006 202006
202006 202006
202006 202006
202006 202006
202006 202006
202006 202006
202071 202071
202151 202151
202151 202151
202151 202151
202151 202151
202151 202151
202151 202151
202151 202151
202151 202151
202151 202151
202151 202151
202151 202151
202151 202151
202151 202151
202151 202151
202151 202151
202151 202151
202151 202151
202151 202151
202151 202151
202151 202151
202151 202151
202151 202151
202151 202151
202151 202151
202151 202151
202151 202151
202151 202151
202151 202151
202151 202151
202151 202151
202151 202151
202151 202151
202151 202151
202151 202151
202151 202151
202151 202151
202151 202151
202151 202151
202151 202151
202151 202151
202151 202151
202151 202151
202151 202151
202151 202151
202151 202151
202151 202151
202151 202151
202151 202151
202151 202151
202151 202151
202151 202151
202151 202151
202151 202151
202151 202151
202151 202151
202151 202151
202151 202151
202151 202151
202151 202151
202151 202151
202151 202151
202151 202151
202151 202151
202151 202151
202151 202151
202151 202151
202151 202151
202151 202151
202151 202151
202151 202151
202151 202151
202151 202151
202151 202151
202151 202151
202151 202151
202151 202151
202151 202151
202151 202151
202151 202151
202151 202151
202151 202151
202151 202151
202151 202151
202151 202151
202151 202151
202151 202151
202151 202151
202151 202151
202162 202162
202162 202162
202162 202162
202162 202162
202162 202162
202162 202162
202162 202162
202162 202162
202164 202164
202164 202164
202164 202164
202164 202164
202173 202173
202173 202173
202173 202173
202173 202173
202173 202173
202194 202194
202194 202194
202194 202194
202194 202194
202270 202270
202270 202270
202270 202270
202270 202270
202270 202270
202270 202270
202270 202270
202270 202270
202270 202270
202270 202270
202270 202270
202270 202270
202270 202270
202270 202270
202270 202270
202270 202270
202270 202270
202270 202270
202270 202270
202270 202270
202270 202270
202270 202270
202270 202270
202270 202270
202270 202270
202270 202270
202270 202270
202270 202270
202270 202270
202270 202270
202270 202270
202270 202270
202270 202270
202270 202270
202270 202270
202270 202270
202270 202270
202270 202270
202270 202270
202270 202270
202270 202270
202270 202270
202270 202270
202270 202270
202270 202270
202270 202270
202270 202270
202270 202270
202270 202270
202270 202270
202270 202270
202270 202270
202270 202270
202270 202270
