168195
102393 102393
108180 108180
117097 117097
121078 121078
121627 121627
121787 121787
126612 126612
127747 127747
129024 129024
134222 134222
134713 134713
134876 134876
135946 135946
138093 138093
139639 139639
142479 142479
142633 142633
142935 142935
145611 145611
147291 147291
149807 149807
150376 150376
152648 152648
152920 152920
154397 154397
154692 154692
155388 155388
155844 155844
155959 155959
156510 156510
157955 157955
157980 157980
158540 158540
158546 158546
158957 158957
159371 159371
159753 159753
159828 159828
159959 159959
160670 160670
160784 160784
161210 161210
161449 161449
162369 162369
162432 162432
162779 162779
162977 162977
163134 163134
163369 163369
163416 163416
163550 163550
163605 163605
163997 163997
164106 164106
164322 164322
164322 164322
164322 164322
164348 164348
164348 164348
164412 164412
164679 164679
164679 164679
165251 165251
165251 165251
165251 165251
165325 165325
165375 165375
165375 165375
165375 165375
165521 165521
165538 165538
165939 165939
166031 166031
166031 166031
166037 166037
166089 166089
166156 166156
166489 166489
166489 166489
166489 166489
166489 166489
166489 166489
166489 166489
166489 166489
166489 166489
166535 166535
166535 166535
166590 166590
166590 166590
166590 166590
166590 166590
166672 166672
166672 166672
166824 166824
166824 166824
166942 166942
166942 166942
166942 166942
166952 166952
166952 166952
166952 166952
166952 166952
166952 166952
166952 166952
166952 166952
166994 166994
167065 167065
167065 167065
167085 167085
167197 167197
167285 167285
167285 167285
167285 167285
167285 167285
167285 167285
167303 167303
167309 167309
167309 167309
167309 167309
167410 167410
167410 167410
167410 167410
167410 167410
167410 167410
167410 167410
167410 167410
167410 167410
167410 167410
167410 167410
167590 167590
167590 167590
167590 167590
167590 167590
167590 167590
167590 167590
167590 167590
167654 167654
167666 167666
167666 167666
167666 167666
167666 167666
167666 167666
167666 167666
167678 167678
167678 167678
167686 167686
167715 167715
167715 167715
167836 167836
167836 167836
167836 167836
167836 167836
167836 167836
167836 167836
167836 167836
167836 167836
167836 167836
167842 167842
167842 167842
167842 167842
167856 167856
167856 167856
167856 167856
167856 167856
167856 167856
167856 167856
167862 167862
167862 167862
167862 167862
167877 167877
167928 167928
167928 167928
167928 167928
167928 167928
167928 167928
167928 167928
167928 167928
167928 167928
167928 167928
167928 167928
167928 167928
167928 167928
167928 167928
167928 167928
167928 167928
167928 167928
167942 167942
167942 167942
167942 167942
167942 167942
167942 167942
167942 167942
167942 167942
167942 167942
167942 167942
167942 167942
167942 167942
167952 167952
167952 167952
167952 167952
167961 167961
168003 168003
168012 168012
168012 168012
168012 168012
168012 168012
168012 168012
168012 168012
168012 168012
168012 168012
168038 168038
168038 168038
168038 168038
168038 168038
168038 168038
168038 168038
168038 168038
168038 168038
168038 168038
168038 168038
168038 168038
168038 168038
168038 168038
168038 168038
168038 168038
168038 168038
168038 168038
168038 168038
168038 168038
168038 168038
168074 168074
168074 168074
168074 168074
168074 168074
168074 168074
168074 168074
168074 168074
168074 168074
168074 168074
168074 168074
168074 168074
168074 168074
168077 168077
168077 168077
168077 168077
168097 168097
168097 168097
168097 168097
168097 168097
168097 168097
168097 168097
168097 168097
168097 168097
168097 168097
168097 168097
168097 168097
168097 168097
168097 168097
168122 168122
168122 168122
168122 168122
168122 168122
168122 168122
168122 168122
168122 168122
168122 168122
168122 168122
168122 168122
168122 168122
168122 168122
168122 168122
168122 168122
168122 168122
168122 168122
168122 168122
168122 168122
168122 168122
168122 168122
168122 168122
168122 168122
168122 168122
168122 168122
168122 168122
168122 168122
168122 168122
168122 168122
168122 168122
168122 168122
168122 168122
168122 168122
168122 168122
168122 168122
168122 168122
168122 168122
168122 168122
168122 168122
168122 168122
168122 168122
168122 168122
168122 168122
168122 168122
168122 168122
168122 168122
168122 168122
168122 168122
168122 168122
168122 168122
168122 168122
168122 168122
168122 168122
168122 168122
168122 168122
168122 168122
168122 168122
168122 168122
168122 168122
168122 168122
168122 168122
168122 168122
168122 168122
168122 168122
168137 168137
168137 168137
168137 168137
168137 168137
168137 168137
168137 168137
168137 168137
168137 168137
168137 168137
168137 168137
168137 168137
168137 168137
168137 168137
168137 168137
168137 168137
168137 168137
168137 168137
168137 168137
168137 168137
168137 168137
168137 168137
168137 168137
168137 168137
168137 168137
168137 168137
168137 168137
168137 168137
168137 168137
168137 168137
168137 168137
168137 168137
168137 168137
168137 168137
168137 168137
168137 168137
168137 168137
168137 168137
168137 168137
168137 168137
168137 168137
168137 168137
168137 168137
168137 168137
168137 168137
168137 168137
168137 168137
168137 168137
168137 168137
168137 168137
168137 168137
168137 168137
168137 168137
168137 168137
168137 168137
168137 168137
168137 168137
168137 168137
168137 168137
168137 168137
168137 168137
168137 168137
168137 168137
168137 168137
168137 168137
168137 168137
168137 168137
168137 168137
168137 168137
168137 168137
168137 168137
168148 168148
168148 168148
168148 168148
168148 168148
168148 168148
168148 168148
168148 168148
168148 168148
168148 168148
168148 168148
168148 168148
168148 168148
168148 168148
168148 168148
168148 168148
168148 168148
168148 168148
168148 168148
168148 168148
168148 168148
168148 168148
168148 168148
168148 168148
168148 168148
168148 168148
168148 168148
168148 168148
168148 168148
168148 168148
168148 168148
168148 168148
168148 168148
168148 168148
168148 168148
168148 168148
168148 168148
168148 168148
168148 168148
168148 168148
168148 168148
168148 168148
168148 168148
168148 168148
168148 168148
168148 168148
168148 168148
168148 168148
168148 168148
168148 168148
168148 168148
168163 168163
168163 168163
168163 168163
168163 168163
168163 168163
168163 168163
168163 168163
168169 168169
168169 168169
168169 168169
168169 168169
168169 168169
168169 168169
168169 168169
168169 168169
168169 168169
168169 168169
168169 168169
168169 168169
168169 168169
168169 168169
168169 168169
168169 168169
168169 168169
168169 168169
168169 168169
168169 168169
168169 168169
168169 168169
168169 168169
168169 168169
168169 168169
168169 168169
168169 168169
168169 168169
168169 168169
168169 168169
168169 168169
168169 168169
168178 168178
168178 168178
168178 168178
168178 168178
168178 168178
168178 168178
168178 168178
168178 168178
168178 168178
168178 168178
168178 168178
168178 168178
168178 168178
168178 168178
168178 168178
168178 168178
168178 168178
168178 168178
168178 168178
168178 168178
168178 168178
168178 168178
168178 168178
168178 168178
168178 168178
168178 168178
168178 168178
168178 168178
168178 168178
168178 168178
168178 168178
168178 168178
168178 168178
168178 168178
168178 168178
168178 168178
168178 168178
168178 168178
168178 168178
168178 168178
168178 168178
168178 168178
168178 168178
168178 168178
168178 168178
168178 168178
168178 168178
168178 168178
168178 168178
168178 168178
168178 168178
168178 168178
168178 168178
168178 168178
168178 168178
168178 168178
168178 168178
168178 168178
168178 168178
168178 168178
168178 168178
168178 168178
168178 168178
168178 168178
168178 168178
168178 168178
168178 168178
168178 168178
168178 168178
168178 168178
168178 168178
168178 168178
168178 168178
168178 168178
168178 168178
168178 168178
168178 168178
168178 168178
168178 168178
168178 168178
168178 168178
168178 168178
168178 168178
168178 168178
168178 168178
168178 168178
168178 168178
168178 168178
168178 168178
168178 168178
168178 168178
168178 168178
168178 168178
168178 168178
168178 168178
168178 168178
168178 168178
168178 168178
168178 168178
168178 168178
168178 168178
168178 168178
168178 168178
168178 168178
168178 168178
168178 168178
168178 168178
168178 168178
168178 168178
168178 168178
168178 168178
168178 168178
168178 168178
168178 168178
168178 168178
168178 168178
168178 168178
168178 168178
168178 168178
168178 168178
168178 168178
168178 168178
168178 168178
168178 168178
168178 168178
168178 168178
168178 168178
168178 168178
168178 168178
168178 168178
168178 168178
168178 168178
168178 168178
168178 168178
168178 168178
168178 168178
168178 168178
168178 168178
168178 168178
168178 168178
168178 168178
168178 168178
168178 168178
168178 168178
168178 168178
168178 168178
168178 168178
168178 168178
168178 168178
168178 168178
168178 168178
168178 168178
168178 168178
168178 168178
168178 168178
168178 168178
168178 168178
168178 168178
168178 168178
168178 168178
168178 168178
168178 168178
168178 168178
168178 168178
168178 168178
168178 168178
168178 168178
168178 168178
168178 168178
168178 168178
168178 168178
168178 168178
168178 168178
168178 168178
168178 168178
168178 168178
168178 168178
168178 168178
168178 168178
168178 168178
168178 168178
168178 168178
168178 168178
168178 168178
168178 168178
168178 168178
168178 168178
168178 168178
168178 168178
168178 168178
168178 168178
168178 168178
168178 168178
168178 168178
168178 168178
168178 168178
168178 168178
168178 168178
168178 168178
168178 168178
168178 168178
168178 168178
168178 168178
168178 168178
168178 168178
168178 168178
168178 168178
168178 168178
168178 168178
168178 168178
168178 168178
168178 168178
168178 168178
168178 168178
168178 168178
168178 168178
168178 168178
168178 168178
168178 168178
168178 168178
168186 168186
168186 168186
168186 168186
168186 168186
168186 168186
168186 168186
168186 168186
168186 168186
168186 168186
168186 168186
168186 168186
168186 168186
168186 168186
168186 168186
168186 168186
168186 168186
168186 168186
168186 168186
168186 168186
168186 168186
168186 168186
168186 168186
168186 168186
168186 168186
168186 168186
168186 168186
168186 168186
168186 168186
168186 168186
168186 168186
168186 168186
168186 168186
168186 168186
168186 168186
168186 168186
168186 168186
168186 168186
168186 168186
168186 168186
168186 168186
168186 168186
168186 168186
168186 168186
168186 168186
168186 168186
168186 168186
168186 168186
168186 168186
168186 168186
168186 168186
168186 168186
168186 168186
168186 168186
168186 168186
168186 168186
168186 168186
168186 168186
168186 168186
168186 168186
168186 168186
168186 168186
168186 168186
168186 168186
168186 168186
168186 168186
168186 168186
168186 168186
168186 168186
168186 168186
168186 168186
168186 168186
168186 168186
168186 168186
168186 168186
168186 168186
168186 168186
168186 168186
168186 168186
168186 168186
168186 168186
168186 168186
168186 168186
168186 168186
168186 168186
168186 168186
168186 168186
168186 168186
168186 168186
168186 168186
168186 168186
168186 168186
168186 168186
168186 168186
168186 168186
168186 168186
168186 168186
168186 168186
168186 168186
168186 168186
168186 168186
168186 168186
168186 168186
168186 168186
168186 168186
168186 168186
168186 168186
168186 168186
168186 168186
168186 168186
168186 168186
168186 168186
168186 168186
168186 168186
168186 168186
168186 168186
168186 168186
168186 168186
168186 168186
168186 168186
168186 168186
168186 168186
168186 168186
168186 168186
168186 168186
168186 168186
168186 168186
168186 168186
168186 168186
168186 168186
168186 168186
168186 168186
168186 168186
168186 168186
168186 168186
168186 168186
168186 168186
168186 168186
168186 168186
168186 168186
168186 168186
168186 168186
168186 168186
168186 168186
168186 168186
168186 168186
168186 168186
168186 168186
168186 168186
168186 168186
168186 168186
168186 168186
168186 168186
168186 168186
168186 168186
168186 168186
168186 168186
168186 168186
168186 168186
168186 168186
168186 168186
168186 168186
168186 168186
168186 168186
168186 168186
168186 168186
168186 168186
168186 168186
168186 168186
168186 168186
168186 168186
168186 168186
168186 168186
168186 168186
168186 168186
168186 168186
168186 168186
168186 168186
168186 168186
168186 168186
168186 168186
168186 168186
168186 168186
168186 168186
168186 168186
168186 168186
168186 168186
168186 168186
168186 168186
168186 168186
168186 168186
168186 168186
168186 168186
168186 168186
168186 168186
168186 168186
168186 168186
168186 168186
168186 168186
168186 168186
168186 168186
168186 168186
168186 168186
168186 168186
168186 168186
168186 168186
168186 168186
168186 168186
168186 168186
168186 168186
168186 168186
168186 168186
168186 168186
168186 168186
168186 168186
168186 168186
168186 168186
168186 168186
168186 168186
168186 168186
168186 168186
168186 168186
168186 168186
168186 168186
168186 168186
168186 168186
168186 168186
168186 168186
168186 168186
168186 168186
168186 168186
168186 168186
168186 168186
168186 168186
168186 168186
168186 168186
168186 168186
168186 168186
168186 168186
168186 168186
168186 168186
168186 168186
168186 168186
168186 168186
168186 168186
168186 168186
168186 168186
168186 168186
168186 168186
168186 168186
168186 168186
168186 168186
168186 168186
168186 168186
168186 168186
168186 168186
168186 168186
168186 168186
168186 168186
168186 168186
168186 168186
168186 168186
168186 168186
168186 168186
168186 168186
168186 168186
168186 168186
168186 168186
168186 168186
168186 168186
168186 168186
168186 168186
168186 168186
168186 168186
168186 168186
168186 168186
168186 168186
168186 168186
168186 168186
168186 168186
168186 168186
168186 168186
168186 168186
168186 168186
168186 168186
168186 168186
168186 168186
168186 168186
168186 168186
168186 168186
168186 168186
168186 168186
168186 168186
168186 168186
168186 168186
168186 168186
168186 168186
168186 168186
168186 168186
168186 168186
168186 168186
168186 168186
168186 168186
168186 168186
168186 168186
168186 168186
168186 168186
168186 168186
168186 168186
168186 168186
168186 168186
168186 168186
168186 168186
168186 168186
168186 168186
168186 168186
168186 168186
168186 168186
168186 168186
168186 168186
168186 168186
168186 168186
168186 168186
168186 168186
168186 168186
168186 168186
168186 168186
168186 168186
168186 168186
168186 168186
168186 168186
168186 168186
168186 168186
168186 168186
168186 168186
168186 168186
168186 168186
168186 168186
168186 168186
168186 168186
168186 168186
168186 168186
168186 168186
168186 168186
168186 168186
168186 168186
168186 168186
168186 168186
168186 168186
168186 168186
168186 168186
168186 168186
168186 168186
168186 168186
168186 168186
168186 168186
168186 168186
168186 168186
168186 168186
168186 168186
168186 168186
168186 168186
168186 168186
168186 168186
168186 168186
168186 168186
168186 168186
168186 168186
168186 168186
168186 168186
168186 168186
168186 168186
168186 168186
168186 168186
168186 168186
168186 168186
168186 168186
168186 168186
168186 168186
168186 168186
168186 168186
168186 168186
168186 168186
168186 168186
168186 168186
168186 168186
168186 168186
168186 168186
168186 168186
168186 168186
168186 168186
168186 168186
168186 168186
168186 168186
168186 168186
168186 168186
168186 168186
168190 168190
168190 168190
168190 168190
168190 168190
168190 168190
168190 168190
168190 168190
168190 168190
168190 168190
168190 168190
168190 168190
168190 168190
168190 168190
168190 168190
168190 168190
168190 168190
168190 168190
168190 168190
168190 168190
168190 168190
168190 168190
168190 168190
168190 168190
168190 168190
168190 168190
168190 168190
168190 168190
168190 168190
168190 168190
168190 168190
168190 168190
168190 168190
168190 168190
168190 168190
168190 168190
168190 168190
168190 168190
168190 168190
168190 168190
168190 168190
168190 168190
168190 168190
168190 168190
168190 168190
168190 168190
168190 168190
168190 168190
168190 168190
168190 168190
168190 168190
168190 168190
168190 168190
168190 168190
168190 168190
168190 168190
168190 168190
168190 168190
168190 168190
168190 168190
168190 168190
168190 168190
168190 168190
168190 168190
168190 168190
168190 168190
168190 168190
168190 168190
168190 168190
168190 168190
168190 168190
168190 168190
168190 168190
168190 168190
168190 168190
168190 168190
168190 168190
168190 168190
168190 168190
168190 168190
168190 168190
168190 168190
168190 168190
168190 168190
168190 168190
168190 168190
168190 168190
168190 168190
168190 168190
168190 168190
168190 168190
168190 168190
168190 168190
168190 168190
168190 168190
168190 168190
168190 168190
168190 168190
168190 168190
168190 168190
168190 168190
168190 168190
168190 168190
168190 168190
168190 168190
168190 168190
168190 168190
168190 168190
168190 168190
168190 168190
168190 168190
168190 168190
168190 168190
168190 168190
168190 168190
168190 168190
168190 168190
168190 168190
168190 168190
168190 168190
168190 168190
168190 168190
168190 168190
168190 168190
168190 168190
168190 168190
168190 168190
168190 168190
168190 168190
168190 168190
168190 168190
168190 168190
168190 168190
168190 168190
168190 168190
168190 168190
168190 168190
168190 168190
168190 168190
168190 168190
168190 168190
168190 168190
168190 168190
168190 168190
168190 168190
168190 168190
168190 168190
168190 168190
168190 168190
168190 168190
168190 168190
168190 168190
168190 168190
168190 168190
168190 168190
168190 168190
168190 168190
168190 168190
168190 168190
168190 168190
168190 168190
168190 168190
168190 168190
168190 168190
168190 168190
168190 168190
168190 168190
168190 168190
168190 168190
168190 168190
168190 168190
168190 168190
168190 168190
168190 168190
168190 168190
168190 168190
168190 168190
168190 168190
168190 168190
168190 168190
168190 168190
168190 168190
168190 168190
168190 168190
168190 168190
168190 168190
168190 168190
168190 168190
168190 168190
168190 168190
168190 168190
168190 168190
168190 168190
168190 168190
168190 168190
168190 168190
168190 168190
168190 168190
168190 168190
168190 168190
168190 168190
168190 168190
168190 168190
168190 168190
168190 168190
168190 168190
168190 168190
168190 168190
168190 168190
168190 168190
168190 168190
168190 168190
168190 168190
168190 168190
168190 168190
168190 168190
168190 168190
168190 168190
168190 168190
168190 168190
168190 168190
168190 168190
168190 168190
168190 168190
168190 168190
168190 168190
168190 168190
168190 168190
168190 168190
168190 168190
168190 168190
168190 168190
168190 168190
168190 168190
168190 168190
168190 168190
168190 168190
168190 168190
168190 168190
168190 168190
168190 168190
168190 168190
168190 168190
168190 168190
168190 168190
168190 168190
168190 168190
168190 168190
168190 168190
168190 168190
168190 168190
168190 168190
168190 168190
168190 168190
168190 168190
168190 168190
168190 168190
168190 168190
168190 168190
168190 168190
168190 168190
168190 168190
168190 168190
168190 168190
168190 168190
168190 168190
168190 168190
168190 168190
168190 168190
168190 168190
168190 168190
168190 168190
168190 168190
168190 168190
168190 168190
168190 168190
168190 168190
168190 168190
168190 168190
168190 168190
168190 168190
168190 168190
168190 168190
168190 168190
168190 168190
168190 168190
168190 168190
168190 168190
168190 168190
168190 168190
168190 168190
168190 168190
168190 168190
168190 168190
168190 168190
168190 168190
168190 168190
168190 168190
168190 168190
168190 168190
168190 168190
168190 168190
168190 168190
168190 168190
168190 168190
168190 168190
168190 168190
168190 168190
168190 168190
168190 168190
168190 168190
168190 168190
168190 168190
168190 168190
168190 168190
168190 168190
168190 168190
168190 168190
168190 168190
168190 168190
168190 168190
168190 168190
168190 168190
168190 168190
168190 168190
168190 168190
168190 168190
168190 168190
168190 168190
168190 168190
168190 168190
168190 168190
168190 168190
168190 168190
168190 168190
168190 168190
168190 168190
168190 168190
168190 168190
168190 168190
168190 168190
168190 168190
168190 168190
168190 168190
168190 168190
168190 168190
168190 168190
168190 168190
168190 168190
168190 168190
168190 168190
168190 168190
168190 168190
168190 168190
168190 168190
168190 168190
168190 168190
168190 168190
168190 168190
168190 168190
168190 168190
168190 168190
168190 168190
168190 168190
168190 168190
168190 168190
168190 168190
168190 168190
168190 168190
168190 168190
168190 168190
168190 168190
168190 168190
168190 168190
168190 168190
168190 168190
168190 168190
168190 168190
168190 168190
168190 168190
168190 168190
168190 168190
168190 168190
168190 168190
168190 168190
168190 168190
168190 168190
168190 168190
168190 168190
168190 168190
168190 168190
168190 168190
168190 168190
168190 168190
168190 168190
168190 168190
168190 168190
168190 168190
168190 168190
168190 168190
168190 168190
168190 168190
168190 168190
168190 168190
168190 168190
168190 168190
168190 168190
168190 168190
168190 168190
168190 168190
168190 168190
168190 168190
168190 168190
168190 168190
168190 168190
168190 168190
168190 168190
168190 168190
168190 168190
168190 168190
168190 168190
168190 168190
168190 168190
168190 168190
168190 168190
168190 168190
168190 168190
168190 168190
168190 168190
168190 168190
168190 168190
168190 168190
168190 168190
168190 168190
168190 168190
168190 168190
168190 168190
168190 168190
168190 168190
168190 168190
168190 168190
168190 168190
168190 168190
168190 168190
168190 168190
168190 168190
168190 168190
168190 168190
168190 168190
168190 168190
168190 168190
168190 168190
168190 168190
168190 168190
168190 168190
168190 168190
168190 168190
168190 168190
168190 168190
168190 168190
168190 168190
168190 168190
168190 168190
168190 168190
168190 168190
168190 168190
168190 168190
168190 168190
168190 168190
168190 168190
168190 168190
168190 168190
168190 168190
168190 168190
168190 168190
168190 168190
168190 168190
168190 168190
168190 168190
168190 168190
168190 168190
168190 168190
168190 168190
168190 168190
168190 168190
168190 168190
168190 168190
168190 168190
168190 168190
168190 168190
168190 168190
168190 168190
168190 168190
168190 168190
168190 168190
168190 168190
168190 168190
168190 168190
168190 168190
168190 168190
168190 168190
168190 168190
168190 168190
168190 168190
168190 168190
168190 168190
168190 168190
168190 168190
168190 168190
168190 168190
168190 168190
168190 168190
168190 168190
168190 168190
168190 168190
168190 168190
168190 168190
168190 168190
168190 168190
168190 168190
168190 168190
168190 168190
168190 168190
168190 168190
168190 168190
168190 168190
168190 168190
168190 168190
168190 168190
168190 168190
168190 168190
168190 168190
168190 168190
168190 168190
168190 168190
168190 168190
168190 168190
168190 168190
168190 168190
168190 168190
168190 168190
168190 168190
168190 168190
168190 168190
168190 168190
168190 168190
168190 168190
168190 168190
168190 168190
168190 168190
168190 168190
168190 168190
168190 168190
168190 168190
168190 168190
168190 168190
168190 168190
168190 168190
168190 168190
168190 168190
168190 168190
168190 168190
168190 168190
168190 168190
168190 168190
168190 168190
168190 168190
168190 168190
168190 168190
168190 168190
168190 168190
168190 168190
168190 168190
168190 168190
168190 168190
168190 168190
168190 168190
168190 168190
168190 168190
168190 168190
168190 168190
168190 168190
168190 168190
168190 168190
168190 168190
168190 168190
168190 168190
168190 168190
168190 168190
168190 168190
168190 168190
168190 168190
168190 168190
168190 168190
168190 168190
168190 168190
168190 168190
168190 168190
168190 168190
168190 168190
168190 168190
168190 168190
168190 168190
168190 168190
168190 168190
168190 168190
168190 168190
168190 168190
168190 168190
168190 168190
168190 168190
168190 168190
168190 168190
168190 168190
168190 168190
168190 168190
168190 168190
168190 168190
168190 168190
168190 168190
168190 168190
168190 168190
168190 168190
168190 168190
168190 168190
168190 168190
168190 168190
168190 168190
168190 168190
168190 168190
168190 168190
168195 168195
168195 168195
168195 168195
168195 168195
168195 168195
168195 168195
168195 168195
168195 168195
168195 168195
168195 168195
168195 168195
168195 168195
168195 168195
168195 168195
168195 168195
168195 168195
168195 168195
168195 168195
168195 168195
168195 168195
168195 168195
168195 168195
168195 168195
168195 168195
168195 168195
168195 168195
168195 168195
168195 168195
168195 168195
168195 168195
168195 168195
168195 168195
168195 168195
168195 168195
168195 168195
168195 168195
168195 168195
168195 168195
168195 168195
168195 168195
168195 168195
168195 168195
168195 168195
168195 168195
168195 168195
168195 168195
168195 168195
168195 168195
168195 168195
168195 168195
168195 168195
168195 168195
168195 168195
168195 168195
168195 168195
168195 168195
168195 168195
168195 168195
168195 168195
168195 168195
168195 168195
168195 168195
168195 168195
168195 168195
168195 168195
168195 168195
168195 168195
168195 168195
168195 168195
168195 168195
168195 168195
168195 168195
168195 168195
168195 168195
168195 168195
168195 168195
168195 168195
168195 168195
168195 168195
168195 168195
168195 168195
168195 168195
168195 168195
168195 168195
168195 168195
168195 168195
168195 168195
168195 168195
168195 168195
168195 168195
168195 168195
168195 168195
168195 168195
168195 168195
168195 168195
168195 168195
168195 168195
168195 168195
168195 168195
168195 168195
168195 168195
168195 168195
168195 168195
168195 168195
168195 168195
168195 168195
168195 168195
168195 168195
168195 168195
168195 168195
168195 168195
168195 168195
168195 168195
168195 168195
168195 168195
168195 168195
168195 168195
168195 168195
168195 168195
168195 168195
168195 168195
168195 168195
168195 168195
168195 168195
168195 168195
168195 168195
168195 168195
168195 168195
168195 168195
168195 168195
168195 168195
168195 168195
168195 168195
168195 168195
168195 168195
168195 168195
168195 168195
168195 168195
168195 168195
168195 168195
168195 168195
168195 168195
168195 168195
168195 168195
168195 168195
168195 168195
168195 168195
168195 168195
168195 168195
168195 168195
168195 168195
168195 168195
168195 168195
168195 168195
168195 168195
168195 168195
168195 168195
168195 168195
168195 168195
168195 168195
168195 168195
168195 168195
168195 168195
168195 168195
168195 168195
168195 168195
168195 168195
168195 168195
168195 168195
168195 168195
168195 168195
168195 168195
168195 168195
168195 168195
168195 168195
168195 168195
168195 168195
168195 168195
168195 168195
168195 168195
168195 168195
168195 168195
168195 168195
168195 168195
168195 168195
168195 168195
168195 168195
168195 168195
168195 168195
168195 168195
168195 168195
168195 168195
168195 168195
168195 168195
168195 168195
168195 168195
168195 168195
168195 168195
168195 168195
168195 168195
168195 168195
168195 168195
168195 168195
168195 168195
168195 168195
168195 168195
168195 168195
168195 168195
168195 168195
168195 168195
168195 168195
168195 168195
168195 168195
168195 168195
168195 168195
168195 168195
168195 168195
168195 168195
168195 168195
168195 168195
168195 168195
168195 168195
168195 168195
168195 168195
168195 168195
168195 168195
168195 168195
168195 168195
168195 168195
168195 168195
168195 168195
168195 168195
168195 168195
168195 168195
168195 168195
168195 168195
168195 168195
168195 168195
168195 168195
168195 168195
168195 168195
168195 168195
168195 168195
168195 168195
168195 168195
168195 168195
168195 168195
168195 168195
168195 168195
168195 168195
168195 168195
168195 168195
168195 168195
168195 168195
168195 168195
168195 168195
168195 168195
168195 168195
168195 168195
168195 168195
168195 168195
168195 168195
168195 168195
168195 168195
168195 168195
168195 168195
168195 168195
168195 168195
168195 168195
168195 168195
168195 168195
168195 168195
168195 168195
168195 168195
168195 168195
168195 168195
168195 168195
168195 168195
168195 168195
168195 168195
168195 168195
168195 168195
168195 168195
168195 168195
168195 168195
168195 168195
168195 168195
168195 168195
168195 168195
168195 168195
168195 168195
168195 168195
168195 168195
168195 168195
168195 168195
168195 168195
168195 168195
168195 168195
168195 168195
168195 168195
168195 168195
168195 168195
168195 168195
168195 168195
168195 168195
168195 168195
168195 168195
168195 168195
168195 168195
168195 168195
168195 168195
168195 168195
168195 168195
168195 168195
168195 168195
168195 168195
168195 168195
168195 168195
168195 168195
168195 168195
168195 168195
168195 168195
168195 168195
168195 168195
168195 168195
168195 168195
168195 168195
168195 168195
168195 168195
168195 168195
168195 168195
168195 168195
168195 168195
168195 168195
168195 168195
168195 168195
168195 168195
168195 168195
168195 168195
168195 168195
168195 168195
168195 168195
168195 168195
168195 168195
168195 168195
168195 168195
168195 168195
168195 168195
168195 168195
168195 168195
168195 168195
168195 168195
168195 168195
168195 168195
168195 168195
168195 168195
168195 168195
168195 168195
168195 168195
168195 168195
168195 168195
168195 168195
168195 168195
168195 168195
168195 168195
168195 168195
168195 168195
168195 168195
168195 168195
168195 168195
168195 168195
168195 168195
168195 168195
168195 168195
168195 168195
168195 168195
168195 168195
168195 168195
168195 168195
168195 168195
168195 168195
168195 168195
168195 168195
168195 168195
168195 168195
168195 168195
168195 168195
168195 168195
168195 168195
168195 168195
168195 168195
168195 168195
168195 168195
168195 168195
168195 168195
168195 168195
168195 168195
168195 168195
168195 168195
168195 168195
168195 168195
168195 168195
168195 168195
168195 168195
168195 168195
168195 168195
168195 168195
168195 168195
168195 168195
168195 168195
168195 168195
168195 168195
168195 168195
168195 168195
168195 168195
168195 168195
168195 168195
168195 168195
168195 168195
168195 168195
168195 168195
168195 168195
168195 168195
168195 168195
168195 168195
168195 168195
168195 168195
168195 168195
168195 168195
168195 168195
168195 168195
168195 168195
168195 168195
168195 168195
168195 168195
168195 168195
168195 168195
168195 168195
168195 168195
168195 168195
168195 168195
168195 168195
168195 168195
168195 168195
168195 168195
168195 168195
168195 168195
168195 168195
168195 168195
168195 168195
168195 168195
168195 168195
168195 168195
168195 168195
168195 168195
168195 168195
168195 168195
168195 168195
168195 168195
168195 168195
168195 168195
168195 168195
168195 168195
168195 168195
168195 168195
168195 168195
168195 168195
168195 168195
168195 168195
168195 168195
168195 168195
168195 168195
168195 168195
168195 168195
168195 168195
168195 168195
168195 168195
168195 168195
168195 168195
168195 168195
168195 168195
168195 168195
168195 168195
168195 168195
168195 168195
168195 168195
168195 168195
168195 168195
168195 168195
168195 168195
168195 168195
168195 168195
168195 168195
168195 168195
168195 168195
168195 168195
168195 168195
168195 168195
168195 168195
168195 168195
168195 168195
168195 168195
168195 168195
168195 168195
168195 168195
168195 168195
168195 168195
168195 168195
168195 168195
168195 168195
168195 168195
168195 168195
168195 168195
168195 168195
168195 168195
168195 168195
168195 168195
168195 168195
168195 168195
168195 168195
168195 168195
168195 168195
168195 168195
168195 168195
168195 168195
168195 168195
168195 168195
168195 168195
168195 168195
168195 168195
168195 168195
168195 168195
168195 168195
168195 168195
168195 168195
168195 168195
168195 168195
168195 168195
168195 168195
168195 168195
168195 168195
168195 168195
168195 168195
168195 168195
168195 168195
168195 168195
168195 168195
168195 168195
168195 168195
168195 168195
168195 168195
168195 168195
168195 168195
168195 168195
168195 168195
168195 168195
168195 168195
168195 168195
168195 168195
168195 168195
168195 168195
168195 168195
168195 168195
168195 168195
168195 168195
168195 168195
168195 168195
168195 168195
168195 168195
168195 168195
168195 168195
168195 168195
168195 168195
168195 168195
168195 168195
168195 168195
168195 168195
168195 168195
168195 168195
168195 168195
168195 168195
168195 168195
168195 168195
168195 168195
168195 168195
168195 168195
168195 168195
168195 168195
168195 168195
168195 168195
168195 168195
168195 168195
168195 168195
168195 168195
168195 168195
168195 168195
168195 168195
168195 168195
168195 168195
168195 168195
168195 168195
168195 168195
168195 168195
168195 168195
168195 168195
168195 168195
168195 168195
168195 168195
168195 168195
168195 168195
168195 168195
168195 168195
168195 168195
168195 168195
168195 168195
168195 168195
168195 168195
168195 168195
168195 168195
168195 168195
168195 168195
168195 168195
168195 168195
168195 168195
168195 168195
168195 168195
168195 168195
168195 168195
168195 168195
168195 168195
168195 168195
168195 168195
168195 168195
168195 168195
168195 168195
168195 168195
168195 168195
168195 168195
168195 168195
168195 168195
168195 168195
168195 168195
168195 168195
168195 168195
168195 168195
168195 168195
168195 168195
168195 168195
168195 168195
168195 168195
168195 168195
168195 168195
168195 168195
168195 168195
168195 168195
168195 168195
168195 168195
168195 168195
168195 168195
168195 168195
168195 168195
168195 168195
168195 168195
168195 168195
168195 168195
168195 168195
168195 168195
168195 168195
168195 168195
168195 168195
168195 168195
168195 168195
168195 168195
168195 168195
168195 168195
168195 168195
168195 168195
168195 168195
168195 168195
168195 168195
168195 168195
168195 168195
168195 168195
168195 168195
168195 168195
168195 168195
168195 168195
168195 168195
168195 168195
168195 168195
168195 168195
168195 168195
168195 168195
168195 168195
168195 168195
168195 168195
168195 168195
168195 168195
168195 168195
168195 168195
168195 168195
168195 168195
168195 168195
168195 168195
168195 168195
168195 168195
168195 168195
168195 168195
168195 168195
168195 168195
168195 168195
168195 168195
168195 168195
168195 168195
168195 168195
168195 168195
168195 168195
168195 168195
168195 168195
168195 168195
168195 168195
168195 168195
168195 168195
168195 168195
168195 168195
168195 168195
168195 168195
168195 168195
168195 168195
168195 168195
168195 168195
168195 168195
168195 168195
168195 168195
168195 168195
168195 168195
168195 168195
168195 168195
168195 168195
168195 168195
168195 168195
168195 168195
168195 168195
168195 168195
168195 168195
168195 168195
168195 168195
168195 168195
168195 168195
168195 168195
168195 168195
168195 168195
168195 168195
168195 168195
168195 168195
168195 168195
168195 168195
168195 168195
168195 168195
168195 168195
168195 168195
168195 168195
168195 168195
168195 168195
168195 168195
168195 168195
168195 168195
168195 168195
168195 168195
168195 168195
168195 168195
168195 168195
168195 168195
168195 168195
168195 168195
168195 168195
168195 168195
168195 168195
168195 168195
168195 168195
168195 168195
168195 168195
168195 168195
168195 168195
168195 168195
168195 168195
168195 168195
168195 168195
168195 168195
168195 168195
168195 168195
168195 168195
168195 168195
168195 168195
168195 168195
168195 168195
168195 168195
168195 168195
168195 168195
168195 168195
168195 168195
168195 168195
168195 168195
168195 168195
168195 168195
168195 168195
168195 168195
168195 168195
168195 168195
168195 168195
168195 168195
168195 168195
168195 168195
168195 168195
168195 168195
168195 168195
168195 168195
168195 168195
168195 168195
168195 168195
168195 168195
168195 168195
168195 168195
168195 168195
168195 168195
168195 168195
168195 168195
168195 168195
168195 168195
168195 168195
168195 168195
168195 168195
168195 168195
168195 168195
168195 168195
168195 168195
168195 168195
168195 168195
168195 168195
168195 168195
168195 168195
168195 168195
168195 168195
168195 168195
168195 168195
168195 168195
168195 168195
168195 168195
168195 168195
168195 168195
168195 168195
168195 168195
168195 168195
168195 168195
168195 168195
168195 168195
168195 168195
168195 168195
168195 168195
168195 168195
168195 168195
168195 168195
168195 168195
168195 168195
168195 168195
168195 168195
168195 168195
168195 168195
168195 168195
168195 168195
168195 168195
168195 168195
168195 168195
168195 168195
168195 168195
168195 168195
168195 168195
168195 168195
168195 168195
168195 168195
168195 168195
168195 168195
168195 168195
168195 168195
168195 168195
168195 168195
168195 168195
168195 168195
168195 168195
168195 168195
168195 168195
168195 168195
168195 168195
168195 168195
168195 168195
168195 168195
168195 168195
168195 168195
168195 168195
168195 168195
168195 168195
168195 168195
168195 168195
168195 168195
168195 168195
168195 168195
168195 168195
168195 168195
168195 168195
168195 168195
168195 168195
168195 168195
168195 168195
168195 168195
168195 168195
168195 168195
168195 168195
168195 168195
168195 168195
168195 168195
168195 168195
168195 168195
168195 168195
168195 168195
168195 168195
168195 168195
168195 168195
168195 168195
168195 168195
168195 168195
168195 168195
168195 168195
168195 168195
168195 168195
168195 168195
168195 168195
168195 168195
168195 168195
168195 168195
168195 168195
168195 168195
168195 168195
168195 168195
168195 168195
168195 168195
168195 168195
168195 168195
168195 168195
168195 168195
168195 168195
168195 168195
168195 168195
168195 168195
168195 168195
168195 168195
168195 168195
168195 168195
168195 168195
168195 168195
168195 168195
168195 168195
168195 168195
168195 168195
168195 168195
168195 168195
168195 168195
168195 168195
168195 168195
168195 168195
168195 168195
168195 168195
168195 168195
168195 168195
168195 168195
168195 168195
168195 168195
168195 168195
168195 168195
168195 168195
168195 168195
168195 168195
168195 168195
168195 168195
168195 168195
168195 168195
168195 168195
168195 168195
168195 168195
168195 168195
168195 168195
168195 168195
168195 168195
168195 168195
168195 168195
168195 168195
168195 168195
168195 168195
168195 168195
168195 168195
168195 168195
168195 168195
168195 168195
168195 168195
168195 168195
168195 168195
168195 168195
168195 168195
168195 168195
168195 168195
168195 168195
168195 168195
168195 168195
168195 168195
168195 168195
168195 168195
168195 168195
168195 168195
168195 168195
168195 168195
168195 168195
168195 168195
168195 168195
168195 168195
168195 168195
168195 168195
168195 168195
168195 168195
168195 168195
168195 168195
168195 168195
168195 168195
168195 168195
168195 168195
168195 168195
168195 168195
168195 168195
168195 168195
168195 168195
168195 168195
168195 168195
168195 168195
168195 168195
168195 168195
168195 168195
168195 168195
168195 168195
168195 168195
168195 168195
168195 168195
168195 168195
168195 168195
168195 168195
168195 168195
168195 168195
168195 168195
168195 168195
168195 168195
168195 168195
168195 168195
168195 168195
168195 168195
168195 168195
168195 168195
168195 168195
168195 168195
168195 168195
168195 168195
168195 168195
168195 168195
168195 168195
168195 168195
168195 168195
168195 168195
168195 168195
168195 168195
168195 168195
168195 168195
168195 168195
168195 168195
168195 168195
168195 168195
168195 168195
168195 168195
168195 168195
168195 168195
168195 168195
168195 168195
168195 168195
168195 168195
168195 168195
168195 168195
168195 168195
168195 168195
168195 168195
168195 168195
168195 168195
168195 168195
168195 168195
168195 168195
168195 168195
168195 168195
168195 168195
168195 168195
168195 168195
168195 168195
168195 168195
168195 168195
168195 168195
168195 168195
168195 168195
168195 168195
168195 168195
168195 168195
168195 168195
168195 168195
168195 168195
168195 168195
168195 168195
168195 168195
168195 168195
168195 168195
168195 168195
168195 168195
168195 168195
168195 168195
168195 168195
168195 168195
168195 168195
168195 168195
168195 168195
168195 168195
168195 168195
168195 168195
168195 168195
168195 168195
168195 168195
168195 168195
168195 168195
168195 168195
168195 168195
168195 168195
168195 168195
168195 168195
168195 168195
168195 168195
168195 168195
168195 168195
168195 168195
168195 168195
168195 168195
168195 168195
168195 168195
168195 168195
168195 168195
168195 168195
168195 168195
168195 168195
168195 168195
168195 168195
168195 168195
168195 168195
168195 168195
168195 168195
168195 168195
168195 168195
168195 168195
168195 168195
168195 168195
168195 168195
168195 168195
168195 168195
168195 168195
168195 168195
168195 168195
168195 168195
168195 168195
168195 168195
168195 168195
168195 168195
168195 168195
168195 168195
168195 168195
168195 168195
168195 168195
168195 168195
168195 168195
168195 168195
168195 168195
168195 168195
168195 168195
168195 168195
168195 168195
168195 168195
168195 168195
168195 168195
168195 168195
168195 168195
168195 168195
168195 168195
168195 168195
168195 168195
168195 168195
168195 168195
168195 168195
168195 168195
168195 168195
168195 168195
168195 168195
168195 168195
168195 168195
168195 168195
168195 168195
168195 168195
168195 168195
168195 168195
168195 168195
168195 168195
168195 168195
168195 168195
168195 168195
168195 168195
168195 168195
168195 168195
168195 168195
168195 168195
168195 168195
168195 168195
168195 168195
168195 168195
168195 168195
168195 168195
168195 168195
168195 168195
168195 168195
168195 168195
168195 168195
168195 168195
168195 168195
168195 168195
168195 168195
168195 168195
168195 168195
168195 168195
168195 168195
168195 168195
168195 168195
168195 168195
168195 168195
168195 168195
168195 168195
168195 168195
168195 168195
168195 168195
168195 168195
168195 168195
168195 168195
168195 168195
168195 168195
168195 168195
168195 168195
168195 168195
168195 168195
168195 168195
168195 168195
168195 168195
168195 168195
168195 168195
168195 168195
168195 168195
168195 168195
168195 168195
168195 168195
168195 168195
168195 168195
168195 168195
168195 168195
168195 168195
168195 168195
168195 168195
168195 168195
168195 168195
168195 168195
168195 168195
168195 168195
168195 168195
168195 168195
168195 168195
168195 168195
168195 168195
168195 168195
168195 168195
168195 168195
168195 168195
168195 168195
168195 168195
168195 168195
168195 168195
168195 168195
168195 168195
168195 168195
168195 168195
168195 168195
168195 168195
168195 168195
168195 168195
168195 168195
168195 168195
168195 168195
168195 168195
168195 168195
168195 168195
168195 168195
168195 168195
168195 168195
168195 168195
168195 168195
168195 168195
168195 168195
168195 168195
168195 168195
168195 168195
168195 168195
168195 168195
168195 168195
168195 168195
168195 168195
168195 168195
168195 168195
168195 168195
168195 168195
168195 168195
168195 168195
168195 168195
168195 168195
168195 168195
168195 168195
168195 168195
168195 168195
168195 168195
168195 168195
168195 168195
168195 168195
168195 168195
168195 168195
168195 168195
168195 168195
168195 168195
168195 168195
168195 168195
168195 168195
168195 168195
168195 168195
168195 168195
168195 168195
168195 168195
168195 168195
168195 168195
168195 168195
168195 168195
168195 168195
168195 168195
168195 168195
168195 168195
168195 168195
168195 168195
168195 168195
168195 168195
168195 168195
168195 168195
168195 168195
168195 168195
168195 168195
168195 168195
168195 168195
168195 168195
168195 168195
168195 168195
168195 168195
168195 168195
168195 168195
168195 168195
168195 168195
168195 168195
168195 168195
168195 168195
168195 168195
168195 168195
168195 168195
168195 168195
168195 168195
168195 168195
168195 168195
168195 168195
168195 168195
168195 168195
168195 168195
168195 168195
168195 168195
168195 168195
168195 168195
168195 168195
168195 168195
168195 168195
168195 168195
168195 168195
168195 168195
168195 168195
168195 168195
168195 168195
168195 168195
168195 168195
168195 168195
168195 168195
168195 168195
168195 168195
168195 168195
168195 168195
168195 168195
168195 168195
168195 168195
168195 168195
168195 168195
168195 168195
168195 168195
168195 168195
168195 168195
168195 168195
168195 168195
168195 168195
168195 168195
168195 168195
168195 168195
168195 168195
168195 168195
168195 168195
168195 168195
168195 168195
168195 168195
168195 168195
168195 168195
168195 168195
168195 168195
168195 168195
168195 168195
168195 168195
168195 168195
168195 168195
168195 168195
168195 168195
168195 168195
168195 168195
168195 168195
168195 168195
168195 168195
168195 168195
168195 168195
168195 168195
168195 168195
168195 168195
168195 168195
168195 168195
168195 168195
168195 168195
168195 168195
168195 168195
168195 168195
168195 168195
168195 168195
168195 168195
168195 168195
168195 168195
168195 168195
168195 168195
168195 168195
168195 168195
168195 168195
168195 168195
168195 168195
168195 168195
168195 168195
168195 168195
168195 168195
168195 168195
168195 168195
168195 168195
168195 168195
168195 168195
168195 168195
168195 168195
168195 168195
168195 168195
168195 168195
168195 168195
168195 168195
168195 168195
168195 168195
168195 168195
168195 168195
168195 168195
168195 168195
168195 168195
168195 168195
168195 168195
168195 168195
168195 168195
168195 168195
168195 168195
168195 168195
168195 168195
168195 168195
168195 168195
168195 168195
168195 168195
168195 168195
168195 168195
168195 168195
168195 168195
168195 168195
168195 168195
168195 168195
168195 168195
168195 168195
168195 168195
168195 168195
168195 168195
168195 168195
168195 168195
168195 168195
168195 168195
168195 168195
168195 168195
168195 168195
168195 168195
168195 168195
168195 168195
168195 168195
168195 168195
168195 168195
168195 168195
168195 168195
168195 168195
168195 168195
168195 168195
168195 168195
168195 168195
168195 168195
168195 168195
168195 168195
168195 168195
168195 168195
168195 168195
168195 168195
168195 168195
168195 168195
168195 168195
168195 168195
168195 168195
168195 168195
168195 168195
168195 168195
168195 168195
168195 168195
168195 168195
168195 168195
168195 168195
168195 168195
168195 168195
168195 168195
168195 168195
168195 168195
168195 168195
168195 168195
168195 168195
168195 168195
168195 168195
168195 168195
168195 168195
168195 168195
168195 168195
168195 168195
168195 168195
168195 168195
168195 168195
168195 168195
168195 168195
168195 168195
168195 168195
168195 168195
168195 168195
168195 168195
168195 168195
168195 168195
168195 168195
168195 168195
168195 168195
168195 168195
168195 168195
168195 168195
168195 168195
168195 168195
168195 168195
168195 168195
168195 168195
168195 168195
168195 168195
168195 168195
168195 168195
168195 168195
168195 168195
168195 168195
168195 168195
168195 168195
168195 168195
168195 168195
168195 168195
168195 168195
168195 168195
168195 168195
168195 168195
168195 168195
168195 168195
168195 168195
168195 168195
168195 168195
168195 168195
168195 168195
168195 168195
168195 168195
168195 168195
168195 168195
168195 168195
168195 168195
168195 168195
168195 168195
168195 168195
168195 168195
168195 168195
168195 168195
168195 168195
168195 168195
168195 168195
168195 168195
168195 168195
168195 168195
168195 168195
168195 168195
168195 168195
168195 168195
168195 168195
168195 168195
168195 168195
168195 168195
168195 168195
168195 168195
168195 168195
168195 168195
168195 168195
168195 168195
168195 168195
168195 168195
168195 168195
168195 168195
168195 168195
168195 168195
168195 168195
168195 168195
168195 168195
168195 168195
168195 168195
168195 168195
168195 168195
168195 168195
168195 168195
168195 168195
168195 168195
168195 168195
168195 168195
168195 168195
168195 168195
168195 168195
168195 168195
168195 168195
168195 168195
168195 168195
168195 168195
168195 168195
168195 168195
168195 168195
168195 168195
168195 168195
168195 168195
168195 168195
168195 168195
168195 168195
168195 168195
168195 168195
168195 168195
168195 168195
168195 168195
168195 168195
168195 168195
168195 168195
168195 168195
168195 168195
168195 168195
168195 168195
168195 168195
168195 168195
168195 168195
168195 168195
168195 168195
168195 168195
168195 168195
168195 168195
168195 168195
168195 168195
168195 168195
168195 168195
168195 168195
168195 168195
168195 168195
168195 168195
168195 168195
168195 168195
168195 168195
168195 168195
168195 168195
168195 168195
168195 168195
168195 168195
168195 168195
168195 168195
168195 168195
168195 168195
168195 168195
168195 168195
168195 168195
168195 168195
168195 168195
168195 168195
168195 168195
168195 168195
168195 168195
168195 168195
168195 168195
168195 168195
168195 168195
168195 168195
168195 168195
168195 168195
168195 168195
168195 168195
168195 168195
168195 168195
168195 168195
168195 168195
168195 168195
168195 168195
168195 168195
168195 168195
168195 168195
168195 168195
168195 168195
168195 168195
168195 168195
168195 168195
168195 168195
168195 168195
168195 168195
168195 168195
168195 168195
168195 168195
168195 168195
168195 168195
168195 168195
168195 168195
168195 168195
168195 168195
168195 168195
168195 168195
168195 168195
168195 168195
168195 168195
168195 168195
168195 168195
168195 168195
168195 168195
168195 168195
168195 168195
168195 168195
168195 168195
168195 168195
168195 168195
168195 168195
168195 168195
168195 168195
168195 168195
168195 168195
168195 168195
168195 168195
168195 168195
168195 168195
168195 168195
168195 168195
168195 168195
168195 168195
168195 168195
168195 168195
168195 168195
168195 168195
168195 168195
168195 168195
168195 168195
168195 168195
168195 168195
168195 168195
168195 168195
168195 168195
168195 168195
168195 168195
168195 168195
168195 168195
168195 168195
168195 168195
168195 168195
168195 168195
168195 168195
168195 168195
168195 168195
168195 168195
168195 168195
168195 168195
168195 168195
168195 168195
168195 168195
168195 168195
168195 168195
168195 168195
168195 168195
168195 168195
168195 168195
168195 168195
168195 168195
168195 168195
168195 168195
168195 168195
168195 168195
168195 168195
168195 168195
168195 168195
168195 168195
168195 168195
168195 168195
168195 168195
168195 168195
168195 168195
168195 168195
168195 168195
168195 168195
168195 168195
168195 168195
168195 168195
168195 168195
168195 168195
168195 168195
168195 168195
168195 168195
168195 168195
168195 168195
168195 168195
168195 168195
168195 168195
168195 168195
168195 168195
168195 168195
168195 168195
168195 168195
168195 168195
168195 168195
168195 168195
168195 168195
168195 168195
168195 168195
168195 168195
168195 168195
168195 168195
168195 168195
168195 168195
168195 168195
168195 168195
168195 168195
168195 168195
168195 168195
168195 168195
168195 168195
168195 168195
168195 168195
168195 168195
168195 168195
168195 168195
168195 168195
168195 168195
168195 168195
168195 168195
168195 168195
168195 168195
168195 168195
168195 168195
168195 168195
168195 168195
168195 168195
168195 168195
168195 168195
168195 168195
168195 168195
168195 168195
168195 168195
168195 168195
168195 168195
168195 168195
168195 168195
168195 168195
168195 168195
168195 168195
168195 168195
168195 168195
168195 168195
168195 168195
168195 168195
168195 168195
168195 168195
168195 168195
168195 168195
168195 168195
168195 168195
168195 168195
168195 168195
168195 168195
168195 168195
168195 168195
168195 168195
168195 168195
168195 168195
168195 168195
168195 168195
168195 168195
168195 168195
168195 168195
168195 168195
168195 168195
168195 168195
168195 168195
168195 168195
168195 168195
168195 168195
168195 168195
168195 168195
168195 168195
168195 168195
168195 168195
168195 168195
168195 168195
168195 168195
168195 168195
168195 168195
168195 168195
168195 168195
168195 168195
168195 168195
168195 168195
168195 168195
168195 168195
168195 168195
168195 168195
168195 168195
168195 168195
168195 168195
168195 168195
168195 168195
168195 168195
168195 168195
168195 168195
168195 168195
168195 168195
168195 168195
168195 168195
168195 168195
168195 168195
168195 168195
168195 168195
168195 168195
168195 168195
168195 168195
168195 168195
168195 168195
168195 168195
168195 168195
168195 168195
168195 168195
168195 168195
168195 168195
168195 168195
168195 168195
168195 168195
168195 168195
168195 168195
168195 168195
168195 168195
168195 168195
168195 168195
168195 168195
168195 168195
168195 168195
168195 168195
168195 168195
168195 168195
168195 168195
168195 168195
168195 168195
168195 168195
168195 168195
168195 168195
168195 168195
168195 168195
168195 168195
168195 168195
168195 168195
168195 168195
168195 168195
168195 168195
168195 168195
168195 168195
168195 168195
168195 168195
168195 168195
168195 168195
168195 168195
168195 168195
168195 168195
168195 168195
168195 168195
168195 168195
168195 168195
168195 168195
168195 168195
168195 168195
168195 168195
168195 168195
168195 168195
168195 168195
168195 168195
168195 168195
168195 168195
168195 168195
168195 168195
168195 168195
168195 168195
168195 168195
168195 168195
168195 168195
168195 168195
168195 168195
168195 168195
168195 168195
168195 168195
168195 168195
168195 168195
168195 168195
168195 168195
168195 168195
168195 168195
168195 168195
168195 168195
168195 168195
168195 168195
168195 168195
168195 168195
168195 168195
168195 168195
168195 168195
168195 168195
168195 168195
168195 168195
168195 168195
168195 168195
168195 168195
168195 168195
168195 168195
168195 168195
168195 168195
168195 168195
168195 168195
168195 168195
168195 168195
168195 168195
168195 168195
168195 168195
168195 168195
168195 168195
168195 168195
168195 168195
168195 168195
168195 168195
168195 168195
168195 168195
168195 168195
168195 168195
168195 168195
168195 168195
168195 168195
168195 168195
168195 168195
168195 168195
168195 168195
168195 168195
168195 168195
168195 168195
168195 168195
168195 168195
168195 168195
168195 168195
168195 168195
168195 168195
168195 168195
168195 168195
168195 168195
168195 168195
168195 168195
168195 168195
168195 168195
168195 168195
168195 168195
168195 168195
168195 168195
168195 168195
168195 168195
168195 168195
168195 168195
168195 168195
168195 168195
168195 168195
168195 168195
168195 168195
168195 168195
168195 168195
168195 168195
168195 168195
168195 168195
168195 168195
168195 168195
168195 168195
168195 168195
168195 168195
168195 168195
168195 168195
168195 168195
168195 168195
168195 168195
168195 168195
168195 168195
168195 168195
168195 168195
168195 168195
168195 168195
168195 168195
168195 168195
168195 168195
168195 168195
168195 168195
168195 168195
168195 168195
168195 168195
168195 168195
168195 168195
168195 168195
168195 168195
168195 168195
168195 168195
168195 168195
168195 168195
168195 168195
168195 168195
168195 168195
168195 168195
168195 168195
168195 168195
168195 168195
168195 168195
168195 168195
168195 168195
168195 168195
168195 168195
168195 168195
168195 168195
168195 168195
168195 168195
168195 168195
168195 168195
168195 168195
168195 168195
168195 168195
168195 168195
168195 168195
168195 168195
168195 168195
168195 168195
168195 168195
168195 168195
168195 168195
168195 168195
168195 168195
168195 168195
168195 168195
168195 168195
168195 168195
168195 168195
168195 168195
168195 168195
168195 168195
168195 168195
168195 168195
168195 168195
168195 168195
168195 168195
168195 168195
168195 168195
168195 168195
168195 168195
168195 168195
168195 168195
168195 168195
168195 168195
168195 168195
168195 168195
168195 168195
168195 168195
168195 168195
168195 168195
168195 168195
168195 168195
168195 168195
168195 168195
168195 168195
168195 168195
168195 168195
168195 168195
168195 168195
168195 168195
168195 168195
168195 168195
168195 168195
168195 168195
168195 168195
168195 168195
168195 168195
168195 168195
168195 168195
168195 168195
168195 168195
168195 168195
168195 168195
168195 168195
168195 168195
168195 168195
168195 168195
168195 168195
168195 168195
168195 168195
168195 168195
168195 168195
168195 168195
168195 168195
168195 168195
168195 168195
168195 168195
168195 168195
168195 168195
168195 168195
168195 168195
168195 168195
168195 168195
168195 168195
168195 168195
168195 168195
168195 168195
168195 168195
168195 168195
168195 168195
168195 168195
168195 168195
168195 168195
168195 168195
168195 168195
168195 168195
168195 168195
168195 168195
168195 168195
168195 168195
168195 168195
168195 168195
168195 168195
168195 168195
168195 168195
168195 168195
168195 168195
168195 168195
168195 168195
168195 168195
168195 168195
168195 168195
168195 168195
168195 168195
168195 168195
168195 168195
168195 168195
168195 168195
168195 168195
168195 168195
168195 168195
168195 168195
168195 168195
168195 168195
168195 168195
168195 168195
168195 168195
168195 168195
168195 168195
168195 168195
168195 168195
168195 168195
168195 168195
168195 168195
168195 168195
168195 168195
168195 168195
168195 168195
168195 168195
168195 168195
168195 168195
168195 168195
168195 168195
168195 168195
168195 168195
168195 168195
168195 168195
168195 168195
168195 168195
168195 168195
168195 168195
168195 168195
168195 168195
168195 168195
168195 168195
168195 168195
168195 168195
168195 168195
168195 168195
168195 168195
168195 168195
168195 168195
168195 168195
168195 168195
168195 168195
168195 168195
168195 168195
168195 168195
168195 168195
168195 168195
168195 168195
168195 168195
168195 168195
168195 168195
168195 168195
168195 168195
168195 168195
168195 168195
168195 168195
168195 168195
168195 168195
168195 168195
168195 168195
168195 168195
168195 168195
168195 168195
168195 168195
168195 168195
168195 168195
168195 168195
168195 168195
168195 168195
168195 168195
168195 168195
168195 168195
168195 168195
168195 168195
168195 168195
168195 168195
168195 168195
168195 168195
168195 168195
168195 168195
168195 168195
168195 168195
168195 168195
168195 168195
168195 168195
168195 168195
168195 168195
168195 168195
168195 168195
168195 168195
168195 168195
168195 168195
168195 168195
168195 168195
168195 168195
168195 168195
168195 168195
168195 168195
168195 168195
168195 168195
168195 168195
168195 168195
168195 168195
168195 168195
168195 168195
168195 168195
168195 168195
168195 168195
168195 168195
168195 168195
168195 168195
168195 168195
168195 168195
168195 168195
168195 168195
168195 168195
168195 168195
168195 168195
168195 168195
168195 168195
168195 168195
168195 168195
168195 168195
168195 168195
168195 168195
168195 168195
168195 168195
168195 168195
168195 168195
168195 168195
168195 168195
168195 168195
168195 168195
168195 168195
168195 168195
168195 168195
168195 168195
168195 168195
168195 168195
168195 168195
168195 168195
168195 168195
168195 168195
168195 168195
168195 168195
168195 168195
168195 168195
168195 168195
168195 168195
168195 168195
168195 168195
168195 168195
168195 168195
168195 168195
168195 168195
168195 168195
168195 168195
168195 168195
168195 168195
168195 168195
168195 168195
168195 168195
168195 168195
168195 168195
168195 168195
168195 168195
168195 168195
168195 168195
168195 168195
168195 168195
168195 168195
168195 168195
168195 168195
168195 168195
168195 168195
168195 168195
168195 168195
168195 168195
168195 168195
168195 168195
168195 168195
168195 168195
168195 168195
168195 168195
168195 168195
168195 168195
168195 168195
168195 168195
168195 168195
168195 168195
168195 168195
168195 168195
168195 168195
168195 168195
168195 168195
168195 168195
168195 168195
168195 168195
168195 168195
168195 168195
168195 168195
168195 168195
168195 168195
168195 168195
168195 168195
168195 168195
168195 168195
168195 168195
168195 168195
168195 168195
168195 168195
168195 168195
168195 168195
168195 168195
168195 168195
168195 168195
168195 168195
168195 168195
168195 168195
168195 168195
168195 168195
168195 168195
168195 168195
168195 168195
168195 168195
168195 168195
168195 168195
168195 168195
168195 168195
168195 168195
168195 168195
168195 168195
168195 168195
168195 168195
168195 168195
168195 168195
168195 168195
168195 168195
168195 168195
168195 168195
168195 168195
168195 168195
168195 168195
168195 168195
168195 168195
168195 168195
168195 168195
168195 168195
168195 168195
168195 168195
168195 168195
168195 168195
168195 168195
168195 168195
168195 168195
168195 168195
168195 168195
168195 168195
168195 168195
168195 168195
168195 168195
168195 168195
168195 168195
168195 168195
168195 168195
168195 168195
168195 168195
168195 168195
168195 168195
168195 168195
168195 168195
168195 168195
168195 168195
168195 168195
168195 168195
168195 168195
168195 168195
168195 168195
168195 168195
168195 168195
168195 168195
168195 168195
168195 168195
168195 168195
168195 168195
168195 168195
168195 168195
168195 168195
168195 168195
168195 168195
168195 168195
168195 168195
168195 168195
168195 168195
168195 168195
168195 168195
168195 168195
168195 168195
168195 168195
168195 168195
168195 168195
168195 168195
168195 168195
168195 168195
168195 168195
168195 168195
168195 168195
168195 168195
168195 168195
168195 168195
168195 168195
168195 168195
168195 168195
168195 168195
168195 168195
168195 168195
168195 168195
168195 168195
168195 168195
168195 168195
168195 168195
168195 168195
168195 168195
168195 168195
168195 168195
168195 168195
168195 168195
168195 168195
168195 168195
168195 168195
168195 168195
168195 168195
168195 168195
168195 168195
168195 168195
168195 168195
168195 168195
168195 168195
168195 168195
168195 168195
168195 168195
168195 168195
168195 168195
168195 168195
168195 168195
168195 168195
168195 168195
168195 168195
168195 168195
168195 168195
168195 168195
168195 168195
168195 168195
168195 168195
168195 168195
168195 168195
168195 168195
168195 168195
168195 168195
168195 168195
168195 168195
168195 168195
168195 168195
168195 168195
168195 168195
168195 168195
168195 168195
168195 168195
168195 168195
168195 168195
168195 168195
168195 168195
168195 168195
168195 168195
168195 168195
168195 168195
168195 168195
168195 168195
168195 168195
168195 168195
168195 168195
168195 168195
168195 168195
168195 168195
168195 168195
168195 168195
168195 168195
168195 168195
168195 168195
168195 168195
168195 168195
168195 168195
168195 168195
168195 168195
168195 168195
168195 168195
168195 168195
168195 168195
168195 168195
168195 168195
168195 168195
168195 168195
168195 168195
168195 168195
168195 168195
168195 168195
168195 168195
168195 168195
168195 168195
168195 168195
168195 168195
168195 168195
168195 168195
168195 168195
168195 168195
168195 168195
168195 168195
168195 168195
168195 168195
168195 168195
168195 168195
168195 168195
168195 168195
168195 168195
168195 168195
168195 168195
168195 168195
168195 168195
168195 168195
168195 168195
168195 168195
168195 168195
168195 168195
168195 168195
168195 168195
168195 168195
168195 168195
168195 168195
168195 168195
168195 168195
168195 168195
168195 168195
168195 168195
168195 168195
168195 168195
168195 168195
168195 168195
168195 168195
168195 168195
168195 168195
168195 168195
168195 168195
168195 168195
168195 168195
168195 168195
168195 168195
168195 168195
168195 168195
168195 168195
168195 168195
168195 168195
168195 168195
168195 168195
168195 168195
168195 168195
168195 168195
168195 168195
168195 168195
168195 168195
168195 168195
168195 168195
168195 168195
168195 168195
168195 168195
168195 168195
168195 168195
168195 168195
168195 168195
168195 168195
168195 168195
168195 168195
168195 168195
168195 168195
168195 168195
168195 168195
168195 168195
168195 168195
168195 168195
168195 168195
168195 168195
168195 168195
168195 168195
168195 168195
168195 168195
168195 168195
168195 168195
168195 168195
168195 168195
168195 168195
168195 168195
168195 168195
168195 168195
168195 168195
168195 168195
168195 168195
168195 168195
168195 168195
168195 168195
168195 168195
168195 168195
168195 168195
168195 168195
168195 168195
168195 168195
168195 168195
168195 168195
168195 168195
168195 168195
168195 168195
168195 168195
168195 168195
168195 168195
168195 168195
168195 168195
168195 168195
168195 168195
168195 168195
168195 168195
168195 168195
168195 168195
168195 168195
168195 168195
168195 168195
168195 168195
168195 168195
168195 168195
168195 168195
168195 168195
168195 168195
168195 168195
168195 168195
168195 168195
168195 168195
168195 168195
168195 168195
168195 168195
168195 168195
168195 168195
168195 168195
168195 168195
168195 168195
168195 168195
168195 168195
168195 168195
168195 168195
168195 168195
168195 168195
168195 168195
168195 168195
168195 168195
168195 168195
168195 168195
168195 168195
168195 168195
168195 168195
168195 168195
168195 168195
168195 168195
168195 168195
168195 168195
168195 168195
168195 168195
168195 168195
168195 168195
168195 168195
168195 168195
168195 168195
168195 168195
168195 168195
168195 168195
168195 168195
168195 168195
168195 168195
168195 168195
168195 168195
168195 168195
168195 168195
168195 168195
168195 168195
168195 168195
168195 168195
168195 168195
168195 168195
168195 168195
168195 168195
168195 168195
168195 168195
168195 168195
168195 168195
168195 168195
168195 168195
168195 168195
168195 168195
168195 168195
168195 168195
168195 168195
168195 168195
168195 168195
168195 168195
168195 168195
168195 168195
168195 168195
168195 168195
168195 168195
168195 168195
168195 168195
168195 168195
168195 168195
168195 168195
168195 168195
168195 168195
168195 168195
168195 168195
168195 168195
168195 168195
168195 168195
168195 168195
168195 168195
168195 168195
168195 168195
168195 168195
168195 168195
168195 168195
168195 168195
168195 168195
168195 168195
168195 168195
168195 168195
168195 168195
168195 168195
168195 168195
168195 168195
168195 168195
168195 168195
168195 168195
168195 168195
168195 168195
168195 168195
168195 168195
168195 168195
168195 168195
168195 168195
168195 168195
168195 168195
168195 168195
168195 168195
168195 168195
168195 168195
168195 168195
168195 168195
168195 168195
168195 168195
168195 168195
168195 168195
168195 168195
168195 168195
168195 168195
168195 168195
168195 168195
168195 168195
168195 168195
168195 168195
168195 168195
168195 168195
168195 168195
168195 168195
168195 168195
168195 168195
168195 168195
168195 168195
168195 168195
168195 168195
168195 168195
168195 168195
168195 168195
168195 168195
168195 168195
168195 168195
168195 168195
168195 168195
168195 168195
168195 168195
168195 168195
168195 168195
168195 168195
168195 168195
168195 168195
168195 168195
168195 168195
168195 168195
168195 168195
168195 168195
168195 168195
168195 168195
168195 168195
168195 168195
168195 168195
168195 168195
168195 168195
168195 168195
168195 168195
168195 168195
168195 168195
168195 168195
168195 168195
168195 168195
168195 168195
168195 168195
168195 168195
168195 168195
168195 168195
168195 168195
168195 168195
168195 168195
168195 168195
168195 168195
168195 168195
168195 168195
168195 168195
168195 168195
168195 168195
168195 168195
168195 168195
168195 168195
168195 168195
168195 168195
168195 168195
168195 168195
168195 168195
168195 168195
168195 168195
168195 168195
168195 168195
168195 168195
168195 168195
168195 168195
168195 168195
168195 168195
168195 168195
168195 168195
168195 168195
168195 168195
168195 168195
168195 168195
168195 168195
168195 168195
168195 168195
168195 168195
168195 168195
168195 168195
168195 168195
168195 168195
168195 168195
168195 168195
168195 168195
168195 168195
168195 168195
168195 168195
168195 168195
168195 168195
168195 168195
168195 168195
168195 168195
168195 168195
168195 168195
168195 168195
168195 168195
168195 168195
168195 168195
168195 168195
168195 168195
168195 168195
168195 168195
168195 168195
168195 168195
168195 168195
168195 168195
168195 168195
168195 168195
168195 168195
168195 168195
168195 168195
168195 168195
168195 168195
168195 168195
168195 168195
168195 168195
168195 168195
168195 168195
168195 168195
168195 168195
168195 168195
168195 168195
168195 168195
168195 168195
168195 168195
168195 168195
168195 168195
168195 168195
168195 168195
168195 168195
168195 168195
168195 168195
168195 168195
168195 168195
168195 168195
168195 168195
168195 168195
168195 168195
168195 168195
168195 168195
168195 168195
168195 168195
168195 168195
168195 168195
168195 168195
168195 168195
168195 168195
168195 168195
168195 168195
168195 168195
168195 168195
168195 168195
168195 168195
168195 168195
168195 168195
168195 168195
168195 168195
168195 168195
168195 168195
168195 168195
168195 168195
168195 168195
168195 168195
168195 168195
168195 168195
168195 168195
168195 168195
168195 168195
168195 168195
168195 168195
168195 168195
168195 168195
168195 168195
168195 168195
168195 168195
168195 168195
168195 168195
168195 168195
168195 168195
168195 168195
168195 168195
168195 168195
168195 168195
168195 168195
168195 168195
168195 168195
168195 168195
168195 168195
168195 168195
168195 168195
168195 168195
168195 168195
168195 168195
168195 168195
168195 168195
168195 168195
168195 168195
168195 168195
168195 168195
168195 168195
168195 168195
168195 168195
168195 168195
168195 168195
168195 168195
168195 168195
168195 168195
168195 168195
168195 168195
168195 168195
168195 168195
168195 168195
168195 168195
168195 168195
168195 168195
168195 168195
168195 168195
168195 168195
168195 168195
168195 168195
168195 168195
168195 168195
168195 168195
168195 168195
168195 168195
168195 168195
168195 168195
168195 168195
168195 168195
168195 168195
168195 168195
168195 168195
168195 168195
168195 168195
168195 168195
168195 168195
168195 168195
168195 168195
168195 168195
168195 168195
168195 168195
168195 168195
168195 168195
168195 168195
168195 168195
168195 168195
168195 168195
168195 168195
168195 168195
168195 168195
168195 168195
168195 168195
168195 168195
168195 168195
168195 168195
168195 168195
168195 168195
168195 168195
168195 168195
168195 168195
168195 168195
168195 168195
168195 168195
168195 168195
168195 168195
168195 168195
168195 168195
168195 168195
168195 168195
168195 168195
168195 168195
168195 168195
168195 168195
168195 168195
168195 168195
168195 168195
168195 168195
168195 168195
168195 168195
168195 168195
168195 168195
168195 168195
168195 168195
168195 168195
168195 168195
168195 168195
168195 168195
168195 168195
168195 168195
168195 168195
168195 168195
168195 168195
168195 168195
168195 168195
168195 168195
168195 168195
168195 168195
168195 168195
168195 168195
168195 168195
168195 168195
168195 168195
168195 168195
168195 168195
168195 168195
168195 168195
168195 168195
168195 168195
168195 168195
168195 168195
168195 168195
168195 168195
168195 168195
168195 168195
168195 168195
168195 168195
168195 168195
168195 168195
168195 168195
168195 168195
168195 168195
168195 168195
168195 168195
168195 168195
168195 168195
168195 168195
168195 168195
168195 168195
168195 168195
168195 168195
168195 168195
168195 168195
168195 168195
168195 168195
168195 168195
168195 168195
168195 168195
168195 168195
168195 168195
168195 168195
168195 168195
168195 168195
168195 168195
168195 168195
168195 168195
168195 168195
168195 168195
168195 168195
168195 168195
168195 168195
168195 168195
168195 168195
168195 168195
168195 168195
168195 168195
168195 168195
168195 168195
168195 168195
168195 168195
168195 168195
168195 168195
168195 168195
168195 168195
168195 168195
168195 168195
168195 168195
168195 168195
168195 168195
168195 168195
168195 168195
168195 168195
168195 168195
168195 168195
168195 168195
168195 168195
168195 168195
168195 168195
168195 168195
168195 168195
168195 168195
168195 168195
168195 168195
168195 168195
168195 168195
168195 168195
168195 168195
168195 168195
168195 168195
168195 168195
168195 168195
168195 168195
168195 168195
168195 168195
168195 168195
168195 168195
168195 168195
168195 168195
168195 168195
168195 168195
168195 168195
168195 168195
168195 168195
168195 168195
168195 168195
168195 168195
168195 168195
168195 168195
168195 168195
168195 168195
168195 168195
168195 168195
168195 168195
168195 168195
168195 168195
168195 168195
168195 168195
168195 168195
168195 168195
168195 168195
168195 168195
168195 168195
168195 168195
168195 168195
168195 168195
168195 168195
168195 168195
168195 168195
168195 168195
168195 168195
168195 168195
168195 168195
168195 168195
168195 168195
168195 168195
168195 168195
168195 168195
168195 168195
168195 168195
168195 168195
168195 168195
168195 168195
168195 168195
168195 168195
168195 168195
168195 168195
168195 168195
168195 168195
168195 168195
168195 168195
168195 168195
168195 168195
168195 168195
168195 168195
168195 168195
168195 168195
168195 168195
168195 168195
168195 168195
168195 168195
168195 168195
168195 168195
168195 168195
168195 168195
168195 168195
168195 168195
168195 168195
168195 168195
168195 168195
168195 168195
168195 168195
168195 168195
168195 168195
168195 168195
168195 168195
168195 168195
168195 168195
168195 168195
168195 168195
168195 168195
168195 168195
168195 168195
168195 168195
168195 168195
168195 168195
168195 168195
168195 168195
168195 168195
168195 168195
168195 168195
168195 168195
168195 168195
168195 168195
168195 168195
168195 168195
168195 168195
168195 168195
168195 168195
168195 168195
168195 168195
168195 168195
168195 168195
168195 168195
168195 168195
168195 168195
168195 168195
168195 168195
168195 168195
168195 168195
168195 168195
168195 168195
168195 168195
168195 168195
168195 168195
168195 168195
168195 168195
168195 168195
168195 168195
168195 168195
168195 168195
168195 168195
168195 168195
168195 168195
168195 168195
168195 168195
168195 168195
168195 168195
168195 168195
168195 168195
168195 168195
168195 168195
168195 168195
168195 168195
168195 168195
168195 168195
168195 168195
168195 168195
168195 168195
168195 168195
168195 168195
168195 168195
168195 168195
168195 168195
168195 168195
168195 168195
168195 168195
168195 168195
168195 168195
168195 168195
168195 168195
168195 168195
168195 168195
168195 168195
168195 168195
168195 168195
168195 168195
168195 168195
168195 168195
168195 168195
168195 168195
168195 168195
168195 168195
168195 168195
168195 168195
168195 168195
168195 168195
168195 168195
168195 168195
168195 168195
168195 168195
168195 168195
168195 168195
168195 168195
168195 168195
168195 168195
168195 168195
168195 168195
168195 168195
168195 168195
168195 168195
168195 168195
168195 168195
168195 168195
168195 168195
168195 168195
168195 168195
168195 168195
168195 168195
168195 168195
168195 168195
168195 168195
168195 168195
168195 168195
168195 168195
168195 168195
168195 168195
168195 168195
168195 168195
168195 168195
168195 168195
168195 168195
168195 168195
168195 168195
168195 168195
168195 168195
168195 168195
168195 168195
168195 168195
168195 168195
168195 168195
168195 168195
168195 168195
168195 168195
168195 168195
168195 168195
168195 168195
168195 168195
168195 168195
168195 168195
168195 168195
168195 168195
168195 168195
168195 168195
168195 168195
168195 168195
168195 168195
168195 168195
168195 168195
168195 168195
168195 168195
168195 168195
168195 168195
168195 168195
168195 168195
168195 168195
168195 168195
168195 168195
168195 168195
168195 168195
168195 168195
168195 168195
168195 168195
168195 168195
168195 168195
168195 168195
168195 168195
168195 168195
168195 168195
168195 168195
168195 168195
168195 168195
168195 168195
168195 168195
