242646
-659035 -659035
188664 188664
196814 196814
197373 197373
201160 201160
201267 201267
202494 202494
204957 204957
205199 205199
205680 205680
209113 209113
210953 210953
212071 212071
212414 212414
214770 214770
214911 214911
215985 215985
217494 217494
218255 218255
219738 219738
220847 220847
221623 221623
222151 222151
224016 224016
225193 225193
226019 226019
226317 226317
227125 227125
227535 227535
228274 228274
229523 229523
229737 229737
230242 230242
231050 231050
231104 231104
232353 232353
232927 232927
233464 233464
234414 234414
234414 234414
234445 234445
234822 234822
234876 234876
235597 235597
235754 235754
236125 236125
236389 236389
236476 236476
236779 236779
237156 237156
237156 237156
237290 237290
237346 237346
237483 237483
237533 237533
237800 237800
238089 238089
238097 238097
238160 238160
238197 238197
238791 238791
239338 239338
239349 239349
239558 239558
239558 239558
239607 239607
239690 239690
239871 239871
239871 239871
240159 240159
240159 240159
240159 240159
240224 240224
240224 240224
240276 240276
240351 240351
240351 240351
240406 240406
240451 240451
240570 240570
240592 240592
240593 240593
240736 240736
240766 240766
240780 240780
240974 240974
241099 241099
241113 241113
241212 241212
241212 241212
241212 241212
241398 241398
241398 241398
241576 241576
241585 241585
241585 241585
241585 241585
241888 241888
241888 241888
241888 241888
241888 241888
241888 241888
241888 241888
241888 241888
241888 241888
241888 241888
241888 241888
241888 241888
241888 241888
241888 241888
241888 241888
241901 241901
241901 241901
241901 241901
241901 241901
241960 241960
241988 241988
241988 241988
241988 241988
241988 241988
241988 241988
241988 241988
241988 241988
242029 242029
242029 242029
242045 242045
242127 242127
242127 242127
242127 242127
242127 242127
242144 242144
242144 242144
242144 242144
242162 242162
242169 242169
242211 242211
242211 242211
242211 242211
242211 242211
242211 242211
242211 242211
242211 242211
242212 242212
242212 242212
242212 242212
242212 242212
242212 242212
242212 242212
242212 242212
242212 242212
242212 242212
242212 242212
242212 242212
242212 242212
242212 242212
242222 242222
242222 242222
242222 242222
242222 242222
242222 242222
242261 242261
242261 242261
242261 242261
242261 242261
242261 242261
242261 242261
242261 242261
242261 242261
242261 242261
242271 242271
242271 242271
242271 242271
242335 242335
242335 242335
242335 242335
242335 242335
242335 242335
242335 242335
242335 242335
242362 242362
242362 242362
242362 242362
242362 242362
242362 242362
242362 242362
242362 242362
242405 242405
242417 242417
242417 242417
242417 242417
242417 242417
242417 242417
242417 242417
242417 242417
242417 242417
242420 242420
242461 242461
242461 242461
242461 242461
242461 242461
242461 242461
242461 242461
242461 242461
242461 242461
242461 242461
242461 242461
242461 242461
242461 242461
242461 242461
242461 242461
242486 242486
242486 242486
242486 242486
242486 242486
242492 242492
242492 242492
242492 242492
242492 242492
242492 242492
242492 242492
242492 242492
242492 242492
242527 242527
242527 242527
242527 242527
242527 242527
242547 242547
242547 242547
242547 242547
242547 242547
242547 242547
242547 242547
242547 242547
242558 242558
242558 242558
242577 242577
242577 242577
242577 242577
242577 242577
242605 242605
242605 242605
242605 242605
242605 242605
242605 242605
242605 242605
242605 242605
242605 242605
242605 242605
242605 242605
242605 242605
242605 242605
242605 242605
242605 242605
242605 242605
242605 242605
242605 242605
242605 242605
242605 242605
242605 242605
242605 242605
242605 242605
242605 242605
242605 242605
242605 242605
242605 242605
242605 242605
242605 242605
242605 242605
242605 242605
242605 242605
242605 242605
242605 242605
242605 242605
242605 242605
242605 242605
242605 242605
242605 242605
242605 242605
242605 242605
242605 242605
242605 242605
242605 242605
242605 242605
242605 242605
242605 242605
242605 242605
242605 242605
242605 242605
242605 242605
242605 242605
242605 242605
242605 242605
242605 242605
242605 242605
242605 242605
242605 242605
242605 242605
242605 242605
242605 242605
242605 242605
242605 242605
242605 242605
242605 242605
242605 242605
242605 242605
242605 242605
242605 242605
242605 242605
242605 242605
242605 242605
242605 242605
242605 242605
242605 242605
242605 242605
242605 242605
242605 242605
242605 242605
242605 242605
242605 242605
242605 242605
242605 242605
242605 242605
242605 242605
242605 242605
242605 242605
242605 242605
242605 242605
242605 242605
242605 242605
242605 242605
242605 242605
242605 242605
242605 242605
242605 242605
242605 242605
242620 242620
242620 242620
242620 242620
242620 242620
242620 242620
242620 242620
242620 242620
242620 242620
242620 242620
242620 242620
242620 242620
242620 242620
242620 242620
242620 242620
242620 242620
242620 242620
242620 242620
242620 242620
242620 242620
242620 242620
242620 242620
242620 242620
242620 242620
242620 242620
242620 242620
242620 242620
242620 242620
242620 242620
242620 242620
242620 242620
242620 242620
242620 242620
242620 242620
242620 242620
242620 242620
242620 242620
242620 242620
242620 242620
242620 242620
242620 242620
242620 242620
242620 242620
242620 242620
242620 242620
242620 242620
242620 242620
242620 242620
242620 242620
242620 242620
242620 242620
242634 242634
242646 242646
242646 242646
242646 242646
242646 242646
242646 242646
242646 242646
242646 242646
242646 242646
242646 242646
242646 242646
242646 242646
242646 242646
242646 242646
242646 242646
242646 242646
242646 242646
242646 242646
242646 242646
242646 242646
242646 242646
242646 242646
242646 242646
242646 242646
242646 242646
242646 242646
242646 242646
242646 242646
242646 242646
242646 242646
242646 242646
242646 242646
242646 242646
242646 242646
242646 242646
242646 242646
242646 242646
242646 242646
242646 242646
242646 242646
242646 242646
242646 242646
242646 242646
242646 242646
242646 242646
242646 242646
242646 242646
242646 242646
242646 242646
242646 242646
242646 242646
242646 242646
242646 242646
242646 242646
242646 242646
242646 242646
242646 242646
242646 242646
242646 242646
242646 242646
242646 242646
242646 242646
242646 242646
242646 242646
242646 242646
242646 242646
242646 242646
242646 242646
242646 242646
242646 242646
242646 242646
242646 242646
242646 242646
242646 242646
242646 242646
242646 242646
242646 242646
242646 242646
242646 242646
242646 242646
242646 242646
242646 242646
242646 242646
242646 242646
242646 242646
242646 242646
242646 242646
242646 242646
242646 242646
242646 242646
242646 242646
242646 242646
242646 242646
242646 242646
242646 242646
242646 242646
242646 242646
242646 242646
242646 242646
242646 242646
242646 242646
242646 242646
242646 242646
242646 242646
242646 242646
242646 242646
242646 242646
242646 242646
242646 242646
242646 242646
242646 242646
242646 242646
242646 242646
242646 242646
242646 242646
242646 242646
242646 242646
242646 242646
242646 242646
242646 242646
242646 242646
242646 242646
242646 242646
242646 242646
