202340
123764 123764
134491 134491
135846 135846
140740 140740
141439 141439
143089 143089
148132 148132
150423 150423
154105 154105
159501 159501
161193 161193
163784 163784
164595 164595
168180 168180
168221 168221
169011 169011
169689 169689
171447 171447
172748 172748
173085 173085
174558 174558
176597 176597
177328 177328
179341 179341
179824 179824
181946 181946
183033 183033
183803 183803
185325 185325
185794 185794
186707 186707
187763 187763
189139 189139
189197 189197
189241 189241
190059 190059
190490 190490
191211 191211
192093 192093
192774 192774
192932 192932
192952 192952
193245 193245
193648 193648
193886 193886
194959 194959
195507 195507
196118 196118
196301 196301
196622 196622
196980 196980
196985 196985
197012 197012
197089 197089
197185 197185
197277 197277
197335 197335
197412 197412
197449 197449
197770 197770
197819 197819
198019 198019
198175 198175
198290 198290
198597 198597
198831 198831
198940 198940
199077 199077
199111 199111
199238 199238
199858 199858
199858 199858
199858 199858
199858 199858
200007 200007
200007 200007
200179 200179
200179 200179
200290 200290
200298 200298
200455 200455
200494 200494
200593 200593
200593 200593
200595 200595
200666 200666
200666 200666
200828 200828
200828 200828
200905 200905
201074 201074
201074 201074
201074 201074
201076 201076
201076 201076
201076 201076
201224 201224
201224 201224
201224 201224
201453 201453
201453 201453
201453 201453
201453 201453
201453 201453
201453 201453
201453 201453
201453 201453
201453 201453
201453 201453
201453 201453
201453 201453
201453 201453
201453 201453
201545 201545
201545 201545
201545 201545
201545 201545
201545 201545
201605 201605
201605 201605
201605 201605
201657 201657
201735 201735
201735 201735
201761 201761
201817 201817
201817 201817
201817 201817
201817 201817
201823 201823
201823 201823
201829 201829
201829 201829
201829 201829
201829 201829
201829 201829
201829 201829
201829 201829
201829 201829
201850 201850
201850 201850
201850 201850
201919 201919
201919 201919
201919 201919
201919 201919
201919 201919
201919 201919
201940 201940
201940 201940
201940 201940
201940 201940
201940 201940
201940 201940
201940 201940
201940 201940
201940 201940
201940 201940
201940 201940
201945 201945
201959 201959
201959 201959
201973 201973
201973 201973
201973 201973
201973 201973
201973 201973
201973 201973
201973 201973
201973 201973
201973 201973
201988 201988
201988 201988
201988 201988
201988 201988
201988 201988
201988 201988
201988 201988
202006 202006
202139 202139
202139 202139
202139 202139
202139 202139
202139 202139
202139 202139
202139 202139
202139 202139
202139 202139
202139 202139
202139 202139
202139 202139
202139 202139
202139 202139
202139 202139
202139 202139
202139 202139
202139 202139
202139 202139
202139 202139
202139 202139
202139 202139
202139 202139
202139 202139
202139 202139
202139 202139
202139 202139
202139 202139
202139 202139
202139 202139
202139 202139
202139 202139
202139 202139
202139 202139
202139 202139
202139 202139
202139 202139
202168 202168
202168 202168
202168 202168
202168 202168
202168 202168
202168 202168
202168 202168
202168 202168
202168 202168
202168 202168
202177 202177
202177 202177
202177 202177
202177 202177
202186 202186
202186 202186
202186 202186
202186 202186
202186 202186
202186 202186
202186 202186
202186 202186
202186 202186
202186 202186
202186 202186
202186 202186
202186 202186
202186 202186
202186 202186
202186 202186
202186 202186
202230 202230
202230 202230
202230 202230
202230 202230
202230 202230
202230 202230
202230 202230
202230 202230
202230 202230
202230 202230
202230 202230
202230 202230
202230 202230
202278 202278
202278 202278
202278 202278
202278 202278
202278 202278
202278 202278
202278 202278
202278 202278
202278 202278
202278 202278
202278 202278
202278 202278
202278 202278
202278 202278
202278 202278
202278 202278
202278 202278
202278 202278
202278 202278
202278 202278
202278 202278
202278 202278
202278 202278
202278 202278
202278 202278
202278 202278
202278 202278
202278 202278
202278 202278
202278 202278
202314 202314
202314 202314
202314 202314
202314 202314
202314 202314
202314 202314
202314 202314
202314 202314
202314 202314
202314 202314
202314 202314
202314 202314
202314 202314
202314 202314
202314 202314
202314 202314
202314 202314
202314 202314
202314 202314
202314 202314
202314 202314
202314 202314
202314 202314
202314 202314
202314 202314
202314 202314
202314 202314
202314 202314
202314 202314
202314 202314
202314 202314
202314 202314
202314 202314
202314 202314
202314 202314
202314 202314
202314 202314
202314 202314
202314 202314
202314 202314
202314 202314
202314 202314
202314 202314
202314 202314
202314 202314
202314 202314
202314 202314
202314 202314
202314 202314
202314 202314
202314 202314
202314 202314
202314 202314
202314 202314
202314 202314
202314 202314
202314 202314
202314 202314
202314 202314
202314 202314
202314 202314
202314 202314
202314 202314
202314 202314
202314 202314
202314 202314
202314 202314
202314 202314
202314 202314
202314 202314
202314 202314
202314 202314
202336 202336
202336 202336
202336 202336
202336 202336
202336 202336
202336 202336
202336 202336
202336 202336
202336 202336
202336 202336
202336 202336
202336 202336
202336 202336
202336 202336
202336 202336
202336 202336
202336 202336
202336 202336
202336 202336
202336 202336
202336 202336
202336 202336
202336 202336
202336 202336
202336 202336
202336 202336
202336 202336
202336 202336
202336 202336
202336 202336
202336 202336
202336 202336
202336 202336
202336 202336
202336 202336
202336 202336
202336 202336
202336 202336
202336 202336
202336 202336
202336 202336
202336 202336
202336 202336
202336 202336
202336 202336
202336 202336
202336 202336
202336 202336
202336 202336
202336 202336
202336 202336
202336 202336
202336 202336
202336 202336
202336 202336
202336 202336
202336 202336
202336 202336
202336 202336
202336 202336
202336 202336
202336 202336
202336 202336
202336 202336
202336 202336
202336 202336
202336 202336
202336 202336
202336 202336
202336 202336
202336 202336
202336 202336
202336 202336
202336 202336
202336 202336
202336 202336
202336 202336
202336 202336
202336 202336
202336 202336
202336 202336
202336 202336
202336 202336
202336 202336
202336 202336
202336 202336
202336 202336
202336 202336
202336 202336
202336 202336
202336 202336
202336 202336
202336 202336
202336 202336
202336 202336
202336 202336
202336 202336
202336 202336
202336 202336
202336 202336
202336 202336
202336 202336
202336 202336
202336 202336
202336 202336
202336 202336
202336 202336
202336 202336
202336 202336
202336 202336
202336 202336
202336 202336
202336 202336
202336 202336
202336 202336
202336 202336
202336 202336
202336 202336
202336 202336
202336 202336
202336 202336
202336 202336
202336 202336
202336 202336
202336 202336
202336 202336
202336 202336
202336 202336
202336 202336
202336 202336
202336 202336
202336 202336
202336 202336
202336 202336
202336 202336
202336 202336
202336 202336
202336 202336
202336 202336
202336 202336
202336 202336
202336 202336
202336 202336
202336 202336
202336 202336
202336 202336
202336 202336
202336 202336
202336 202336
202336 202336
202336 202336
202336 202336
202336 202336
202336 202336
202336 202336
202336 202336
202336 202336
202336 202336
202336 202336
202336 202336
202336 202336
202336 202336
202336 202336
202336 202336
202336 202336
202336 202336
202336 202336
202336 202336
202336 202336
202336 202336
202336 202336
202336 202336
202336 202336
202336 202336
202336 202336
202336 202336
202336 202336
202336 202336
202336 202336
202336 202336
202336 202336
202336 202336
202336 202336
202336 202336
202336 202336
202336 202336
202336 202336
202336 202336
202336 202336
202336 202336
202336 202336
202336 202336
202336 202336
202336 202336
202336 202336
202336 202336
202336 202336
202336 202336
202336 202336
202336 202336
202336 202336
202336 202336
202336 202336
202336 202336
202336 202336
202336 202336
202336 202336
202336 202336
202336 202336
202336 202336
202336 202336
202336 202336
202336 202336
202336 202336
202336 202336
202336 202336
202336 202336
202336 202336
202336 202336
202336 202336
202336 202336
202336 202336
202336 202336
202336 202336
202336 202336
202336 202336
202336 202336
202336 202336
202336 202336
202336 202336
202336 202336
202336 202336
202336 202336
202336 202336
202336 202336
202336 202336
202336 202336
202336 202336
202336 202336
202336 202336
202336 202336
202336 202336
202336 202336
202336 202336
202336 202336
202336 202336
202336 202336
202336 202336
202336 202336
202336 202336
202336 202336
202336 202336
202336 202336
202336 202336
202336 202336
202336 202336
202336 202336
202336 202336
202336 202336
202336 202336
202336 202336
202336 202336
202336 202336
202336 202336
202336 202336
202336 202336
202336 202336
202336 202336
202336 202336
202336 202336
202336 202336
202336 202336
202336 202336
202336 202336
202336 202336
202336 202336
202336 202336
202336 202336
202336 202336
202336 202336
202336 202336
202336 202336
202336 202336
202336 202336
202336 202336
202336 202336
202336 202336
202336 202336
202336 202336
202336 202336
202336 202336
202336 202336
202336 202336
202336 202336
202336 202336
202336 202336
202336 202336
202336 202336
202336 202336
202336 202336
202336 202336
202336 202336
202336 202336
202336 202336
202336 202336
202336 202336
202336 202336
202336 202336
202336 202336
202336 202336
202336 202336
202336 202336
202336 202336
202336 202336
202336 202336
202336 202336
202336 202336
202336 202336
202336 202336
202336 202336
202336 202336
202336 202336
202336 202336
202336 202336
202336 202336
202336 202336
202336 202336
202336 202336
202336 202336
202336 202336
202336 202336
202336 202336
202336 202336
202336 202336
202336 202336
202336 202336
202336 202336
202336 202336
202336 202336
202336 202336
202336 202336
202336 202336
202336 202336
202336 202336
202336 202336
202336 202336
202336 202336
202336 202336
202336 202336
202336 202336
202336 202336
202336 202336
202336 202336
202336 202336
202336 202336
202336 202336
202336 202336
202336 202336
202336 202336
202336 202336
202336 202336
202336 202336
202336 202336
202336 202336
202336 202336
202336 202336
202336 202336
202336 202336
202336 202336
202336 202336
202336 202336
202336 202336
202336 202336
202336 202336
202336 202336
202336 202336
202336 202336
202336 202336
202336 202336
202336 202336
202336 202336
202336 202336
202336 202336
202336 202336
202336 202336
202336 202336
202336 202336
202336 202336
202336 202336
202336 202336
202336 202336
202336 202336
202336 202336
202336 202336
202336 202336
202336 202336
202336 202336
202336 202336
202336 202336
202336 202336
202336 202336
202336 202336
202336 202336
202336 202336
202336 202336
202336 202336
202336 202336
202336 202336
202336 202336
202336 202336
202336 202336
202336 202336
202336 202336
202336 202336
202336 202336
202336 202336
202336 202336
202336 202336
202336 202336
202336 202336
202336 202336
202336 202336
202336 202336
202336 202336
202336 202336
202336 202336
202336 202336
202336 202336
202336 202336
202336 202336
202336 202336
202336 202336
202336 202336
202336 202336
202336 202336
202336 202336
202336 202336
202336 202336
202336 202336
202336 202336
202336 202336
202336 202336
202336 202336
202336 202336
202336 202336
202336 202336
202336 202336
202336 202336
202336 202336
202336 202336
202336 202336
202336 202336
202336 202336
202336 202336
202336 202336
202336 202336
202336 202336
202336 202336
202336 202336
202336 202336
202336 202336
202336 202336
202336 202336
202336 202336
202336 202336
202336 202336
202336 202336
202336 202336
202336 202336
202336 202336
202336 202336
202336 202336
202336 202336
202336 202336
202336 202336
202336 202336
202336 202336
202336 202336
202336 202336
202336 202336
202336 202336
202336 202336
202336 202336
202336 202336
202336 202336
202336 202336
202336 202336
202336 202336
202336 202336
202336 202336
202336 202336
202336 202336
202336 202336
202336 202336
202336 202336
202336 202336
202336 202336
202336 202336
202336 202336
202336 202336
202336 202336
202336 202336
202336 202336
202336 202336
202336 202336
202336 202336
202336 202336
202336 202336
202336 202336
202336 202336
202336 202336
202336 202336
202336 202336
202336 202336
202336 202336
202336 202336
202336 202336
202336 202336
202336 202336
202336 202336
202336 202336
202336 202336
202336 202336
202336 202336
202336 202336
202336 202336
202336 202336
202336 202336
202336 202336
202336 202336
202336 202336
202336 202336
202336 202336
202336 202336
202336 202336
202336 202336
202336 202336
202336 202336
202336 202336
202336 202336
202336 202336
202336 202336
202336 202336
202336 202336
202336 202336
202336 202336
202336 202336
202336 202336
202336 202336
202336 202336
202336 202336
202336 202336
202336 202336
202336 202336
202336 202336
202336 202336
202336 202336
202336 202336
202336 202336
202336 202336
202336 202336
202336 202336
202336 202336
202336 202336
202336 202336
202336 202336
202336 202336
202336 202336
202336 202336
202336 202336
202336 202336
202336 202336
202336 202336
202336 202336
202336 202336
202336 202336
202336 202336
202336 202336
202336 202336
202336 202336
202336 202336
202336 202336
202336 202336
202336 202336
202336 202336
202336 202336
202336 202336
202336 202336
202336 202336
202336 202336
202336 202336
202336 202336
202336 202336
202336 202336
202336 202336
202336 202336
202336 202336
202336 202336
202336 202336
202336 202336
202336 202336
202336 202336
202336 202336
202336 202336
202336 202336
202336 202336
202336 202336
202336 202336
202336 202336
202336 202336
202336 202336
202336 202336
202336 202336
202336 202336
202336 202336
202336 202336
202336 202336
202336 202336
202336 202336
202336 202336
202336 202336
202336 202336
202336 202336
202336 202336
202336 202336
202336 202336
202336 202336
202336 202336
202336 202336
202336 202336
202336 202336
202336 202336
202336 202336
202336 202336
202336 202336
202336 202336
202336 202336
202336 202336
202336 202336
202336 202336
202336 202336
202336 202336
202336 202336
202336 202336
202336 202336
202336 202336
202336 202336
202336 202336
202336 202336
202336 202336
202336 202336
202336 202336
202336 202336
202336 202336
202336 202336
202336 202336
202336 202336
202336 202336
202336 202336
202336 202336
202336 202336
202336 202336
202336 202336
202336 202336
202336 202336
202336 202336
202336 202336
202336 202336
202336 202336
202336 202336
202336 202336
202336 202336
202336 202336
202336 202336
202336 202336
202336 202336
202336 202336
202336 202336
202336 202336
202336 202336
202336 202336
202336 202336
202336 202336
202336 202336
202336 202336
202336 202336
202336 202336
202336 202336
202336 202336
202336 202336
202336 202336
202336 202336
202336 202336
202336 202336
202336 202336
202336 202336
202336 202336
202336 202336
202336 202336
202336 202336
202336 202336
202336 202336
202336 202336
202336 202336
202336 202336
202336 202336
202336 202336
202336 202336
202336 202336
202336 202336
202336 202336
202336 202336
202336 202336
202336 202336
202336 202336
202336 202336
202336 202336
202336 202336
202336 202336
202336 202336
202336 202336
202336 202336
202336 202336
202336 202336
202336 202336
202336 202336
202336 202336
202336 202336
202336 202336
202336 202336
202336 202336
202336 202336
202336 202336
202336 202336
202336 202336
202336 202336
202336 202336
202336 202336
202336 202336
202336 202336
202336 202336
202336 202336
202336 202336
202336 202336
202336 202336
202336 202336
202336 202336
202336 202336
202336 202336
202336 202336
202336 202336
202336 202336
202336 202336
202336 202336
202336 202336
202336 202336
202336 202336
202336 202336
202336 202336
202336 202336
202336 202336
202336 202336
202336 202336
202336 202336
202336 202336
202336 202336
202336 202336
202336 202336
202336 202336
202336 202336
202336 202336
202336 202336
202336 202336
202336 202336
202336 202336
202336 202336
202336 202336
202336 202336
202336 202336
202336 202336
202336 202336
202336 202336
202336 202336
202336 202336
202336 202336
202336 202336
202336 202336
202336 202336
202336 202336
202336 202336
202336 202336
202336 202336
202336 202336
202336 202336
202336 202336
202336 202336
202336 202336
202336 202336
202336 202336
202336 202336
202336 202336
202336 202336
202336 202336
202336 202336
202336 202336
202336 202336
202336 202336
202336 202336
202336 202336
202336 202336
202336 202336
202336 202336
202336 202336
202336 202336
202336 202336
202336 202336
202336 202336
202336 202336
202336 202336
202336 202336
202336 202336
202336 202336
202336 202336
202336 202336
202336 202336
202336 202336
202336 202336
202336 202336
202336 202336
202336 202336
202336 202336
202336 202336
202336 202336
202336 202336
202336 202336
202336 202336
202336 202336
202336 202336
202336 202336
202336 202336
202336 202336
202336 202336
202336 202336
202336 202336
202336 202336
202336 202336
202336 202336
202336 202336
202336 202336
202336 202336
202336 202336
202336 202336
202336 202336
202336 202336
202336 202336
202336 202336
202336 202336
202336 202336
202336 202336
202336 202336
202336 202336
202336 202336
202336 202336
202336 202336
202336 202336
202336 202336
202336 202336
202336 202336
202336 202336
202336 202336
202336 202336
202336 202336
202336 202336
202336 202336
202336 202336
202336 202336
202336 202336
202336 202336
202336 202336
202336 202336
202336 202336
202336 202336
202336 202336
202336 202336
202336 202336
202336 202336
202336 202336
202336 202336
202336 202336
202336 202336
202336 202336
202336 202336
202336 202336
202336 202336
202336 202336
202336 202336
202336 202336
202336 202336
202336 202336
202336 202336
202336 202336
202336 202336
202336 202336
202336 202336
202336 202336
202336 202336
202336 202336
202336 202336
202336 202336
202336 202336
202336 202336
202336 202336
202336 202336
202336 202336
202336 202336
202336 202336
202336 202336
202336 202336
202336 202336
202336 202336
202336 202336
202336 202336
202336 202336
202336 202336
202336 202336
202336 202336
202336 202336
202336 202336
202336 202336
202336 202336
202336 202336
202336 202336
202336 202336
202336 202336
202336 202336
202336 202336
202336 202336
202336 202336
202336 202336
202336 202336
202336 202336
202336 202336
202336 202336
202336 202336
202336 202336
202336 202336
202336 202336
202336 202336
202336 202336
202336 202336
202336 202336
202336 202336
202336 202336
202336 202336
202336 202336
202336 202336
202336 202336
202336 202336
202336 202336
202336 202336
202336 202336
202336 202336
202336 202336
202336 202336
202336 202336
202336 202336
202336 202336
202336 202336
202336 202336
202336 202336
202336 202336
202336 202336
202336 202336
202336 202336
202336 202336
202336 202336
202336 202336
202336 202336
202336 202336
202336 202336
202336 202336
202336 202336
202336 202336
202336 202336
202336 202336
202336 202336
202336 202336
202336 202336
202336 202336
202336 202336
202336 202336
202336 202336
202336 202336
202336 202336
202336 202336
202336 202336
202336 202336
202336 202336
202336 202336
202336 202336
202336 202336
202336 202336
202336 202336
202336 202336
202336 202336
202336 202336
202336 202336
202336 202336
202336 202336
202336 202336
202336 202336
202336 202336
202336 202336
202336 202336
202336 202336
202336 202336
202336 202336
202336 202336
202336 202336
202336 202336
202336 202336
202336 202336
202336 202336
202336 202336
202336 202336
202336 202336
202336 202336
202336 202336
202336 202336
202336 202336
202336 202336
202336 202336
202336 202336
202336 202336
202336 202336
202336 202336
202336 202336
202336 202336
202336 202336
202336 202336
202336 202336
202336 202336
202336 202336
202336 202336
202336 202336
202336 202336
202336 202336
202336 202336
202336 202336
202336 202336
202336 202336
202336 202336
202336 202336
202336 202336
202336 202336
202336 202336
202336 202336
202336 202336
202336 202336
202336 202336
202336 202336
202336 202336
202336 202336
202336 202336
202336 202336
202336 202336
202336 202336
202340 202340
202340 202340
202340 202340
202340 202340
202340 202340
202340 202340
202340 202340
202340 202340
202340 202340
202340 202340
202340 202340
202340 202340
202340 202340
202340 202340
202340 202340
202340 202340
202340 202340
202340 202340
202340 202340
202340 202340
202340 202340
202340 202340
202340 202340
202340 202340
202340 202340
202340 202340
202340 202340
202340 202340
202340 202340
202340 202340
202340 202340
202340 202340
202340 202340
202340 202340
202340 202340
202340 202340
202340 202340
202340 202340
202340 202340
202340 202340
202340 202340
202340 202340
202340 202340
202340 202340
202340 202340
202340 202340
202340 202340
202340 202340
202340 202340
202340 202340
202340 202340
202340 202340
202340 202340
202340 202340
202340 202340
202340 202340
202340 202340
202340 202340
202340 202340
202340 202340
202340 202340
202340 202340
202340 202340
202340 202340
202340 202340
202340 202340
202340 202340
202340 202340
202340 202340
202340 202340
202340 202340
202340 202340
202340 202340
202340 202340
202340 202340
202340 202340
202340 202340
202340 202340
202340 202340
202340 202340
202340 202340
202340 202340
202340 202340
202340 202340
202340 202340
202340 202340
202340 202340
202340 202340
202340 202340
202340 202340
202340 202340
202340 202340
202340 202340
202340 202340
202340 202340
202340 202340
202340 202340
202340 202340
202340 202340
202340 202340
202340 202340
202340 202340
202340 202340
202340 202340
202340 202340
202340 202340
202340 202340
202340 202340
202340 202340
202340 202340
202340 202340
202340 202340
202340 202340
202340 202340
202340 202340
202340 202340
202340 202340
202340 202340
202340 202340
202340 202340
202340 202340
202340 202340
202340 202340
202340 202340
202340 202340
202340 202340
202340 202340
202340 202340
202340 202340
202340 202340
202340 202340
202340 202340
202340 202340
202340 202340
202340 202340
202340 202340
202340 202340
202340 202340
202340 202340
202340 202340
202340 202340
202340 202340
202340 202340
202340 202340
202340 202340
202340 202340
202340 202340
202340 202340
202340 202340
202340 202340
202340 202340
202340 202340
202340 202340
202340 202340
202340 202340
202340 202340
202340 202340
202340 202340
202340 202340
202340 202340
202340 202340
202340 202340
202340 202340
202340 202340
202340 202340
202340 202340
202340 202340
202340 202340
202340 202340
202340 202340
202340 202340
202340 202340
202340 202340
202340 202340
202340 202340
202340 202340
202340 202340
202340 202340
202340 202340
202340 202340
202340 202340
202340 202340
202340 202340
202340 202340
202340 202340
202340 202340
202340 202340
202340 202340
202340 202340
202340 202340
202340 202340
202340 202340
202340 202340
202340 202340
202340 202340
202340 202340
202340 202340
202340 202340
202340 202340
202340 202340
202340 202340
202340 202340
202340 202340
202340 202340
202340 202340
202340 202340
202340 202340
202340 202340
202340 202340
202340 202340
202340 202340
202340 202340
202340 202340
202340 202340
202340 202340
202340 202340
202340 202340
202340 202340
202340 202340
202340 202340
202340 202340
202340 202340
202340 202340
202340 202340
202340 202340
202340 202340
202340 202340
202340 202340
202340 202340
202340 202340
202340 202340
202340 202340
202340 202340
202340 202340
202340 202340
202340 202340
202340 202340
202340 202340
202340 202340
202340 202340
202340 202340
202340 202340
202340 202340
202340 202340
202340 202340
202340 202340
202340 202340
202340 202340
202340 202340
202340 202340
202340 202340
202340 202340
202340 202340
202340 202340
202340 202340
202340 202340
202340 202340
202340 202340
202340 202340
202340 202340
202340 202340
202340 202340
202340 202340
202340 202340
202340 202340
202340 202340
202340 202340
202340 202340
202340 202340
202340 202340
202340 202340
202340 202340
202340 202340
202340 202340
202340 202340
202340 202340
202340 202340
202340 202340
202340 202340
202340 202340
202340 202340
202340 202340
202340 202340
202340 202340
202340 202340
202340 202340
202340 202340
202340 202340
202340 202340
202340 202340
202340 202340
202340 202340
202340 202340
202340 202340
202340 202340
202340 202340
202340 202340
202340 202340
202340 202340
202340 202340
202340 202340
202340 202340
202340 202340
202340 202340
202340 202340
202340 202340
202340 202340
202340 202340
202340 202340
202340 202340
202340 202340
202340 202340
202340 202340
202340 202340
202340 202340
202340 202340
202340 202340
202340 202340
202340 202340
202340 202340
202340 202340
202340 202340
202340 202340
202340 202340
202340 202340
202340 202340
202340 202340
202340 202340
202340 202340
202340 202340
202340 202340
202340 202340
202340 202340
202340 202340
202340 202340
202340 202340
202340 202340
202340 202340
202340 202340
202340 202340
202340 202340
202340 202340
202340 202340
202340 202340
202340 202340
202340 202340
202340 202340
202340 202340
202340 202340
202340 202340
202340 202340
202340 202340
202340 202340
202340 202340
202340 202340
202340 202340
202340 202340
202340 202340
202340 202340
202340 202340
202340 202340
202340 202340
202340 202340
202340 202340
202340 202340
202340 202340
202340 202340
202340 202340
202340 202340
202340 202340
202340 202340
202340 202340
202340 202340
202340 202340
202340 202340
202340 202340
202340 202340
202340 202340
202340 202340
202340 202340
202340 202340
202340 202340
202340 202340
202340 202340
202340 202340
202340 202340
202340 202340
202340 202340
202340 202340
202340 202340
202340 202340
202340 202340
202340 202340
202340 202340
202340 202340
202340 202340
202340 202340
202340 202340
202340 202340
202340 202340
202340 202340
202340 202340
202340 202340
202340 202340
202340 202340
202340 202340
202340 202340
202340 202340
202340 202340
202340 202340
202340 202340
202340 202340
202340 202340
202340 202340
202340 202340
202340 202340
202340 202340
202340 202340
202340 202340
202340 202340
202340 202340
202340 202340
202340 202340
202340 202340
202340 202340
202340 202340
202340 202340
202340 202340
202340 202340
202340 202340
202340 202340
202340 202340
202340 202340
202340 202340
202340 202340
202340 202340
202340 202340
202340 202340
202340 202340
202340 202340
202340 202340
202340 202340
202340 202340
202340 202340
202340 202340
202340 202340
202340 202340
202340 202340
202340 202340
202340 202340
202340 202340
202340 202340
202340 202340
202340 202340
202340 202340
202340 202340
202340 202340
202340 202340
202340 202340
202340 202340
202340 202340
202340 202340
202340 202340
202340 202340
202340 202340
202340 202340
202340 202340
202340 202340
202340 202340
202340 202340
202340 202340
202340 202340
202340 202340
202340 202340
202340 202340
202340 202340
202340 202340
202340 202340
202340 202340
202340 202340
202340 202340
202340 202340
202340 202340
202340 202340
202340 202340
202340 202340
202340 202340
202340 202340
202340 202340
202340 202340
202340 202340
202340 202340
202340 202340
202340 202340
202340 202340
202340 202340
202340 202340
202340 202340
202340 202340
202340 202340
202340 202340
202340 202340
202340 202340
202340 202340
202340 202340
202340 202340
202340 202340
202340 202340
202340 202340
202340 202340
202340 202340
202340 202340
202340 202340
202340 202340
202340 202340
202340 202340
202340 202340
202340 202340
202340 202340
202340 202340
202340 202340
202340 202340
202340 202340
202340 202340
202340 202340
202340 202340
202340 202340
202340 202340
202340 202340
202340 202340
202340 202340
202340 202340
202340 202340
202340 202340
202340 202340
202340 202340
202340 202340
202340 202340
202340 202340
202340 202340
202340 202340
202340 202340
202340 202340
202340 202340
202340 202340
202340 202340
202340 202340
202340 202340
202340 202340
202340 202340
202340 202340
202340 202340
202340 202340
202340 202340
202340 202340
202340 202340
202340 202340
202340 202340
202340 202340
202340 202340
202340 202340
202340 202340
202340 202340
202340 202340
202340 202340
202340 202340
202340 202340
202340 202340
202340 202340
202340 202340
202340 202340
202340 202340
202340 202340
202340 202340
202340 202340
202340 202340
202340 202340
202340 202340
202340 202340
202340 202340
202340 202340
202340 202340
202340 202340
202340 202340
202340 202340
202340 202340
202340 202340
202340 202340
202340 202340
202340 202340
202340 202340
202340 202340
202340 202340
202340 202340
202340 202340
202340 202340
202340 202340
202340 202340
202340 202340
202340 202340
202340 202340
202340 202340
202340 202340
202340 202340
202340 202340
202340 202340
202340 202340
202340 202340
202340 202340
202340 202340
202340 202340
202340 202340
202340 202340
202340 202340
202340 202340
202340 202340
202340 202340
202340 202340
202340 202340
202340 202340
202340 202340
202340 202340
202340 202340
202340 202340
202340 202340
202340 202340
202340 202340
202340 202340
202340 202340
202340 202340
202340 202340
202340 202340
202340 202340
202340 202340
202340 202340
202340 202340
202340 202340
202340 202340
202340 202340
202340 202340
202340 202340
202340 202340
202340 202340
202340 202340
202340 202340
202340 202340
202340 202340
202340 202340
202340 202340
202340 202340
202340 202340
202340 202340
202340 202340
202340 202340
202340 202340
202340 202340
202340 202340
202340 202340
202340 202340
202340 202340
202340 202340
202340 202340
202340 202340
202340 202340
202340 202340
202340 202340
202340 202340
202340 202340
202340 202340
202340 202340
202340 202340
202340 202340
202340 202340
202340 202340
202340 202340
202340 202340
202340 202340
202340 202340
202340 202340
202340 202340
202340 202340
202340 202340
202340 202340
202340 202340
202340 202340
202340 202340
202340 202340
202340 202340
202340 202340
202340 202340
202340 202340
202340 202340
202340 202340
202340 202340
202340 202340
202340 202340
202340 202340
202340 202340
202340 202340
202340 202340
202340 202340
202340 202340
202340 202340
202340 202340
202340 202340
202340 202340
202340 202340
202340 202340
202340 202340
202340 202340
202340 202340
202340 202340
202340 202340
202340 202340
202340 202340
202340 202340
202340 202340
202340 202340
202340 202340
202340 202340
202340 202340
202340 202340
202340 202340
202340 202340
202340 202340
202340 202340
202340 202340
202340 202340
202340 202340
202340 202340
202340 202340
202340 202340
202340 202340
202340 202340
202340 202340
202340 202340
202340 202340
202340 202340
202340 202340
202340 202340
202340 202340
202340 202340
202340 202340
202340 202340
202340 202340
202340 202340
202340 202340
202340 202340
202340 202340
202340 202340
202340 202340
202340 202340
202340 202340
202340 202340
202340 202340
202340 202340
202340 202340
202340 202340
202340 202340
202340 202340
202340 202340
202340 202340
202340 202340
202340 202340
202340 202340
202340 202340
202340 202340
202340 202340
202340 202340
202340 202340
202340 202340
202340 202340
202340 202340
202340 202340
202340 202340
202340 202340
202340 202340
202340 202340
202340 202340
202340 202340
202340 202340
202340 202340
202340 202340
202340 202340
202340 202340
202340 202340
202340 202340
202340 202340
202340 202340
202340 202340
202340 202340
202340 202340
202340 202340
202340 202340
202340 202340
202340 202340
202340 202340
202340 202340
202340 202340
202340 202340
202340 202340
202340 202340
202340 202340
202340 202340
202340 202340
202340 202340
202340 202340
202340 202340
202340 202340
202340 202340
202340 202340
202340 202340
202340 202340
202340 202340
202340 202340
202340 202340
202340 202340
202340 202340
202340 202340
202340 202340
202340 202340
202340 202340
202340 202340
202340 202340
202340 202340
202340 202340
202340 202340
202340 202340
202340 202340
202340 202340
202340 202340
202340 202340
202340 202340
202340 202340
202340 202340
202340 202340
202340 202340
202340 202340
202340 202340
202340 202340
202340 202340
202340 202340
202340 202340
202340 202340
202340 202340
202340 202340
202340 202340
202340 202340
202340 202340
202340 202340
202340 202340
202340 202340
202340 202340
202340 202340
202340 202340
202340 202340
202340 202340
202340 202340
202340 202340
202340 202340
202340 202340
202340 202340
202340 202340
202340 202340
202340 202340
202340 202340
202340 202340
202340 202340
202340 202340
202340 202340
202340 202340
202340 202340
202340 202340
202340 202340
202340 202340
202340 202340
202340 202340
202340 202340
202340 202340
202340 202340
202340 202340
202340 202340
202340 202340
202340 202340
202340 202340
202340 202340
202340 202340
202340 202340
202340 202340
202340 202340
202340 202340
202340 202340
202340 202340
202340 202340
202340 202340
202340 202340
202340 202340
202340 202340
202340 202340
202340 202340
202340 202340
202340 202340
202340 202340
202340 202340
202340 202340
202340 202340
202340 202340
202340 202340
202340 202340
202340 202340
202340 202340
202340 202340
202340 202340
202340 202340
202340 202340
202340 202340
202340 202340
202340 202340
202340 202340
202340 202340
202340 202340
202340 202340
202340 202340
202340 202340
202340 202340
202340 202340
202340 202340
202340 202340
202340 202340
202340 202340
202340 202340
202340 202340
202340 202340
202340 202340
202340 202340
202340 202340
202340 202340
202340 202340
202340 202340
202340 202340
202340 202340
202340 202340
202340 202340
202340 202340
202340 202340
202340 202340
202340 202340
202340 202340
202340 202340
202340 202340
202340 202340
202340 202340
202340 202340
202340 202340
202340 202340
202340 202340
202340 202340
202340 202340
202340 202340
202340 202340
202340 202340
202340 202340
202340 202340
202340 202340
202340 202340
202340 202340
202340 202340
202340 202340
202340 202340
202340 202340
202340 202340
202340 202340
202340 202340
202340 202340
202340 202340
202340 202340
202340 202340
202340 202340
202340 202340
202340 202340
202340 202340
202340 202340
202340 202340
202340 202340
202340 202340
202340 202340
202340 202340
202340 202340
202340 202340
202340 202340
202340 202340
202340 202340
202340 202340
202340 202340
202340 202340
202340 202340
202340 202340
202340 202340
202340 202340
202340 202340
202340 202340
202340 202340
202340 202340
202340 202340
202340 202340
202340 202340
202340 202340
202340 202340
202340 202340
202340 202340
202340 202340
202340 202340
202340 202340
202340 202340
202340 202340
202340 202340
202340 202340
202340 202340
202340 202340
202340 202340
202340 202340
202340 202340
202340 202340
202340 202340
202340 202340
202340 202340
202340 202340
202340 202340
202340 202340
202340 202340
202340 202340
202340 202340
202340 202340
202340 202340
202340 202340
202340 202340
202340 202340
202340 202340
202340 202340
202340 202340
202340 202340
202340 202340
202340 202340
202340 202340
202340 202340
202340 202340
202340 202340
202340 202340
202340 202340
202340 202340
202340 202340
202340 202340
202340 202340
202340 202340
202340 202340
202340 202340
202340 202340
202340 202340
202340 202340
202340 202340
202340 202340
202340 202340
202340 202340
202340 202340
202340 202340
202340 202340
202340 202340
202340 202340
202340 202340
202340 202340
202340 202340
202340 202340
202340 202340
202340 202340
202340 202340
202340 202340
202340 202340
202340 202340
202340 202340
202340 202340
202340 202340
202340 202340
202340 202340
202340 202340
202340 202340
202340 202340
202340 202340
202340 202340
202340 202340
202340 202340
202340 202340
202340 202340
202340 202340
202340 202340
202340 202340
202340 202340
202340 202340
202340 202340
202340 202340
202340 202340
202340 202340
202340 202340
202340 202340
202340 202340
202340 202340
202340 202340
202340 202340
202340 202340
202340 202340
202340 202340
202340 202340
202340 202340
202340 202340
202340 202340
202340 202340
202340 202340
202340 202340
202340 202340
202340 202340
202340 202340
202340 202340
202340 202340
202340 202340
202340 202340
202340 202340
202340 202340
202340 202340
202340 202340
202340 202340
202340 202340
202340 202340
202340 202340
202340 202340
202340 202340
202340 202340
202340 202340
202340 202340
202340 202340
202340 202340
202340 202340
202340 202340
202340 202340
202340 202340
202340 202340
202340 202340
202340 202340
202340 202340
202340 202340
202340 202340
202340 202340
202340 202340
202340 202340
202340 202340
202340 202340
202340 202340
202340 202340
202340 202340
202340 202340
202340 202340
202340 202340
202340 202340
202340 202340
202340 202340
202340 202340
202340 202340
202340 202340
202340 202340
202340 202340
202340 202340
202340 202340
202340 202340
202340 202340
202340 202340
202340 202340
202340 202340
202340 202340
202340 202340
202340 202340
202340 202340
202340 202340
202340 202340
202340 202340
202340 202340
202340 202340
202340 202340
202340 202340
202340 202340
202340 202340
202340 202340
202340 202340
202340 202340
202340 202340
202340 202340
202340 202340
202340 202340
202340 202340
202340 202340
202340 202340
202340 202340
202340 202340
202340 202340
202340 202340
202340 202340
202340 202340
202340 202340
202340 202340
202340 202340
202340 202340
202340 202340
202340 202340
202340 202340
202340 202340
202340 202340
202340 202340
202340 202340
202340 202340
202340 202340
202340 202340
202340 202340
202340 202340
202340 202340
202340 202340
202340 202340
202340 202340
202340 202340
202340 202340
202340 202340
202340 202340
202340 202340
202340 202340
202340 202340
202340 202340
202340 202340
202340 202340
202340 202340
202340 202340
202340 202340
202340 202340
202340 202340
202340 202340
202340 202340
202340 202340
202340 202340
202340 202340
202340 202340
202340 202340
202340 202340
202340 202340
202340 202340
202340 202340
202340 202340
202340 202340
202340 202340
202340 202340
202340 202340
202340 202340
202340 202340
202340 202340
202340 202340
202340 202340
202340 202340
202340 202340
202340 202340
202340 202340
202340 202340
202340 202340
202340 202340
202340 202340
202340 202340
202340 202340
202340 202340
202340 202340
202340 202340
202340 202340
202340 202340
202340 202340
202340 202340
202340 202340
202340 202340
202340 202340
202340 202340
202340 202340
202340 202340
202340 202340
202340 202340
202340 202340
202340 202340
202340 202340
202340 202340
202340 202340
202340 202340
202340 202340
202340 202340
202340 202340
202340 202340
202340 202340
202340 202340
202340 202340
202340 202340
202340 202340
202340 202340
202340 202340
202340 202340
202340 202340
202340 202340
202340 202340
202340 202340
202340 202340
202340 202340
202340 202340
202340 202340
202340 202340
202340 202340
202340 202340
202340 202340
202340 202340
202340 202340
202340 202340
202340 202340
202340 202340
202340 202340
202340 202340
202340 202340
202340 202340
202340 202340
202340 202340
202340 202340
202340 202340
202340 202340
202340 202340
202340 202340
202340 202340
202340 202340
202340 202340
202340 202340
202340 202340
202340 202340
202340 202340
202340 202340
202340 202340
202340 202340
202340 202340
202340 202340
202340 202340
202340 202340
202340 202340
202340 202340
202340 202340
202340 202340
202340 202340
202340 202340
202340 202340
202340 202340
202340 202340
202340 202340
202340 202340
202340 202340
202340 202340
202340 202340
202340 202340
202340 202340
202340 202340
202340 202340
202340 202340
202340 202340
202340 202340
202340 202340
202340 202340
202340 202340
202340 202340
202340 202340
202340 202340
202340 202340
202340 202340
202340 202340
202340 202340
202340 202340
202340 202340
202340 202340
202340 202340
202340 202340
202340 202340
202340 202340
202340 202340
202340 202340
202340 202340
202340 202340
202340 202340
202340 202340
202340 202340
202340 202340
202340 202340
202340 202340
202340 202340
202340 202340
202340 202340
202340 202340
202340 202340
202340 202340
202340 202340
202340 202340
202340 202340
202340 202340
202340 202340
202340 202340
202340 202340
202340 202340
202340 202340
202340 202340
202340 202340
202340 202340
202340 202340
202340 202340
202340 202340
202340 202340
202340 202340
202340 202340
202340 202340
202340 202340
202340 202340
202340 202340
202340 202340
202340 202340
202340 202340
202340 202340
202340 202340
202340 202340
202340 202340
202340 202340
202340 202340
202340 202340
202340 202340
202340 202340
202340 202340
202340 202340
202340 202340
202340 202340
202340 202340
202340 202340
202340 202340
202340 202340
202340 202340
202340 202340
202340 202340
202340 202340
202340 202340
202340 202340
202340 202340
202340 202340
202340 202340
202340 202340
202340 202340
202340 202340
202340 202340
202340 202340
202340 202340
202340 202340
202340 202340
202340 202340
202340 202340
202340 202340
202340 202340
202340 202340
202340 202340
202340 202340
202340 202340
202340 202340
202340 202340
202340 202340
202340 202340
202340 202340
202340 202340
202340 202340
202340 202340
202340 202340
202340 202340
202340 202340
202340 202340
202340 202340
202340 202340
202340 202340
202340 202340
202340 202340
202340 202340
202340 202340
202340 202340
202340 202340
202340 202340
202340 202340
202340 202340
202340 202340
202340 202340
202340 202340
202340 202340
202340 202340
202340 202340
202340 202340
202340 202340
202340 202340
202340 202340
202340 202340
202340 202340
202340 202340
202340 202340
202340 202340
202340 202340
202340 202340
202340 202340
202340 202340
202340 202340
202340 202340
202340 202340
202340 202340
202340 202340
202340 202340
202340 202340
202340 202340
202340 202340
202340 202340
202340 202340
202340 202340
202340 202340
202340 202340
202340 202340
202340 202340
202340 202340
202340 202340
202340 202340
202340 202340
202340 202340
202340 202340
202340 202340
202340 202340
202340 202340
202340 202340
202340 202340
202340 202340
202340 202340
202340 202340
202340 202340
202340 202340
202340 202340
202340 202340
202340 202340
202340 202340
202340 202340
202340 202340
202340 202340
202340 202340
202340 202340
202340 202340
202340 202340
202340 202340
202340 202340
202340 202340
202340 202340
202340 202340
202340 202340
202340 202340
202340 202340
202340 202340
202340 202340
202340 202340
202340 202340
202340 202340
202340 202340
202340 202340
202340 202340
202340 202340
202340 202340
202340 202340
202340 202340
202340 202340
202340 202340
202340 202340
202340 202340
202340 202340
202340 202340
202340 202340
202340 202340
202340 202340
202340 202340
202340 202340
202340 202340
202340 202340
202340 202340
202340 202340
202340 202340
202340 202340
202340 202340
202340 202340
202340 202340
202340 202340
202340 202340
202340 202340
202340 202340
202340 202340
202340 202340
202340 202340
202340 202340
202340 202340
202340 202340
202340 202340
202340 202340
202340 202340
202340 202340
202340 202340
202340 202340
202340 202340
202340 202340
202340 202340
202340 202340
202340 202340
202340 202340
202340 202340
202340 202340
202340 202340
202340 202340
202340 202340
202340 202340
202340 202340
202340 202340
202340 202340
202340 202340
202340 202340
202340 202340
202340 202340
202340 202340
202340 202340
202340 202340
202340 202340
202340 202340
202340 202340
202340 202340
202340 202340
202340 202340
202340 202340
202340 202340
202340 202340
202340 202340
202340 202340
202340 202340
202340 202340
202340 202340
202340 202340
202340 202340
202340 202340
202340 202340
202340 202340
202340 202340
202340 202340
202340 202340
202340 202340
202340 202340
202340 202340
202340 202340
202340 202340
202340 202340
202340 202340
202340 202340
202340 202340
202340 202340
202340 202340
202340 202340
202340 202340
202340 202340
202340 202340
202340 202340
202340 202340
202340 202340
202340 202340
202340 202340
202340 202340
202340 202340
202340 202340
202340 202340
202340 202340
202340 202340
202340 202340
202340 202340
202340 202340
202340 202340
202340 202340
202340 202340
202340 202340
202340 202340
202340 202340
202340 202340
202340 202340
202340 202340
202340 202340
202340 202340
202340 202340
202340 202340
202340 202340
202340 202340
202340 202340
202340 202340
202340 202340
202340 202340
202340 202340
202340 202340
202340 202340
202340 202340
202340 202340
202340 202340
202340 202340
202340 202340
202340 202340
202340 202340
202340 202340
202340 202340
202340 202340
202340 202340
202340 202340
202340 202340
202340 202340
202340 202340
202340 202340
202340 202340
202340 202340
202340 202340
202340 202340
202340 202340
202340 202340
202340 202340
202340 202340
202340 202340
202340 202340
202340 202340
202340 202340
202340 202340
202340 202340
202340 202340
202340 202340
202340 202340
202340 202340
202340 202340
202340 202340
202340 202340
202340 202340
202340 202340
202340 202340
202340 202340
202340 202340
202340 202340
202340 202340
202340 202340
202340 202340
202340 202340
202340 202340
202340 202340
202340 202340
202340 202340
202340 202340
202340 202340
202340 202340
202340 202340
202340 202340
202340 202340
202340 202340
202340 202340
202340 202340
202340 202340
202340 202340
202340 202340
202340 202340
202340 202340
202340 202340
202340 202340
202340 202340
202340 202340
202340 202340
202340 202340
202340 202340
202340 202340
202340 202340
202340 202340
202340 202340
202340 202340
202340 202340
202340 202340
202340 202340
202340 202340
202340 202340
202340 202340
202340 202340
202340 202340
202340 202340
202340 202340
202340 202340
202340 202340
202340 202340
202340 202340
202340 202340
202340 202340
202340 202340
202340 202340
202340 202340
202340 202340
202340 202340
202340 202340
202340 202340
202340 202340
202340 202340
202340 202340
202340 202340
202340 202340
202340 202340
202340 202340
202340 202340
202340 202340
202340 202340
202340 202340
202340 202340
202340 202340
202340 202340
202340 202340
202340 202340
202340 202340
202340 202340
202340 202340
202340 202340
202340 202340
202340 202340
202340 202340
202340 202340
202340 202340
202340 202340
202340 202340
202340 202340
202340 202340
202340 202340
202340 202340
202340 202340
202340 202340
202340 202340
202340 202340
202340 202340
202340 202340
202340 202340
202340 202340
202340 202340
202340 202340
202340 202340
202340 202340
202340 202340
202340 202340
202340 202340
202340 202340
202340 202340
202340 202340
202340 202340
202340 202340
202340 202340
202340 202340
202340 202340
202340 202340
202340 202340
202340 202340
202340 202340
202340 202340
202340 202340
202340 202340
202340 202340
202340 202340
202340 202340
202340 202340
202340 202340
202340 202340
202340 202340
202340 202340
202340 202340
202340 202340
202340 202340
202340 202340
202340 202340
202340 202340
202340 202340
202340 202340
202340 202340
202340 202340
202340 202340
202340 202340
202340 202340
202340 202340
202340 202340
202340 202340
202340 202340
202340 202340
202340 202340
202340 202340
202340 202340
202340 202340
202340 202340
202340 202340
202340 202340
202340 202340
202340 202340
202340 202340
202340 202340
202340 202340
202340 202340
202340 202340
202340 202340
202340 202340
202340 202340
202340 202340
202340 202340
202340 202340
202340 202340
202340 202340
202340 202340
202340 202340
202340 202340
202340 202340
202340 202340
202340 202340
202340 202340
202340 202340
202340 202340
202340 202340
202340 202340
202340 202340
202340 202340
202340 202340
202340 202340
202340 202340
202340 202340
202340 202340
202340 202340
202340 202340
202340 202340
202340 202340
202340 202340
202340 202340
202340 202340
202340 202340
202340 202340
202340 202340
202340 202340
202340 202340
202340 202340
202340 202340
202340 202340
202340 202340
202340 202340
202340 202340
202340 202340
202340 202340
202340 202340
202340 202340
202340 202340
202340 202340
202340 202340
202340 202340
202340 202340
202340 202340
202340 202340
202340 202340
202340 202340
202340 202340
202340 202340
202340 202340
202340 202340
202340 202340
202340 202340
202340 202340
202340 202340
202340 202340
202340 202340
202340 202340
202340 202340
202340 202340
202340 202340
202340 202340
202340 202340
202340 202340
202340 202340
202340 202340
202340 202340
202340 202340
202340 202340
202340 202340
202340 202340
202340 202340
202340 202340
202340 202340
202340 202340
202340 202340
202340 202340
202340 202340
202340 202340
202340 202340
202340 202340
202340 202340
202340 202340
202340 202340
202340 202340
202340 202340
202340 202340
202340 202340
202340 202340
202340 202340
202340 202340
202340 202340
202340 202340
202340 202340
202340 202340
202340 202340
202340 202340
202340 202340
202340 202340
202340 202340
202340 202340
202340 202340
202340 202340
202340 202340
202340 202340
202340 202340
202340 202340
202340 202340
202340 202340
202340 202340
202340 202340
202340 202340
202340 202340
202340 202340
202340 202340
202340 202340
202340 202340
202340 202340
202340 202340
202340 202340
202340 202340
202340 202340
202340 202340
202340 202340
202340 202340
202340 202340
202340 202340
202340 202340
202340 202340
202340 202340
202340 202340
202340 202340
202340 202340
202340 202340
202340 202340
202340 202340
202340 202340
202340 202340
202340 202340
202340 202340
202340 202340
202340 202340
202340 202340
202340 202340
202340 202340
202340 202340
202340 202340
202340 202340
202340 202340
202340 202340
202340 202340
202340 202340
202340 202340
202340 202340
202340 202340
202340 202340
202340 202340
202340 202340
202340 202340
202340 202340
202340 202340
202340 202340
202340 202340
202340 202340
202340 202340
