202227
159580 159580
165140 165140
165406 165406
165815 165815
167333 167333
169651 169651
171701 171701
171749 171749
172767 172767
174878 174878
175012 175012
176343 176343
176712 176712
177516 177516
179349 179349
179935 179935
181564 181564
182443 182443
182837 182837
184129 184129
186880 186880
187657 187657
188708 188708
188994 188994
190390 190390
190826 190826
190886 190886
190954 190954
191220 191220
191388 191388
192254 192254
193702 193702
193771 193771
193949 193949
194555 194555
194967 194967
195101 195101
196453 196453
196472 196472
196939 196939
197056 197056
197504 197504
197504 197504
197550 197550
197827 197827
198102 198102
198102 198102
198179 198179
198334 198334
198334 198334
198473 198473
198668 198668
198833 198833
198833 198833
198864 198864
199037 199037
199304 199304
199378 199378
199445 199445
199524 199524
199756 199756
199756 199756
199789 199789
199882 199882
199887 199887
199998 199998
200069 200069
200098 200098
200271 200271
200271 200271
200319 200319
200498 200498
200695 200695
200695 200695
200695 200695
200695 200695
200892 200892
200892 200892
200892 200892
200892 200892
200892 200892
200892 200892
200892 200892
200904 200904
200986 200986
201039 201039
201039 201039
201039 201039
201063 201063
201099 201099
201099 201099
201227 201227
201227 201227
201227 201227
201227 201227
201227 201227
201227 201227
201227 201227
201227 201227
201227 201227
201227 201227
201227 201227
201227 201227
201227 201227
201227 201227
201227 201227
201227 201227
201227 201227
201227 201227
201227 201227
201227 201227
201227 201227
201227 201227
201227 201227
201227 201227
201227 201227
201227 201227
201227 201227
201227 201227
201227 201227
201227 201227
201227 201227
201227 201227
201227 201227
201227 201227
201227 201227
201227 201227
201233 201233
201233 201233
201233 201233
201233 201233
201233 201233
201255 201255
201255 201255
201285 201285
201301 201301
201301 201301
201304 201304
201351 201351
201386 201386
201462 201462
201462 201462
201494 201494
201494 201494
201494 201494
201494 201494
201494 201494
201495 201495
201495 201495
201495 201495
201495 201495
201518 201518
201542 201542
201581 201581
201581 201581
201581 201581
201641 201641
201641 201641
201688 201688
201727 201727
201727 201727
201727 201727
201727 201727
201735 201735
201760 201760
201760 201760
201760 201760
201790 201790
201790 201790
201807 201807
201807 201807
201816 201816
201816 201816
201816 201816
201816 201816
201852 201852
201960 201960
201960 201960
201960 201960
201960 201960
202012 202012
202012 202012
202012 202012
202012 202012
202012 202012
202012 202012
202012 202012
202012 202012
202012 202012
202012 202012
202012 202012
202012 202012
202012 202012
202012 202012
202012 202012
202012 202012
202012 202012
202012 202012
202012 202012
202012 202012
202012 202012
202012 202012
202012 202012
202012 202012
202012 202012
202012 202012
202012 202012
202012 202012
202012 202012
202012 202012
202012 202012
202012 202012
202012 202012
202012 202012
202012 202012
202012 202012
202012 202012
202012 202012
202012 202012
202012 202012
202012 202012
202012 202012
202012 202012
202012 202012
202012 202012
202012 202012
202012 202012
202012 202012
202012 202012
202012 202012
202012 202012
202012 202012
202012 202012
202012 202012
202012 202012
202012 202012
202012 202012
202012 202012
202012 202012
202012 202012
202012 202012
202012 202012
202012 202012
202012 202012
202012 202012
202012 202012
202012 202012
202012 202012
202012 202012
202012 202012
202012 202012
202012 202012
202012 202012
202012 202012
202012 202012
202012 202012
202012 202012
202025 202025
202059 202059
202059 202059
202065 202065
202065 202065
202065 202065
202065 202065
202065 202065
202065 202065
202065 202065
202065 202065
202065 202065
202065 202065
202065 202065
202078 202078
202078 202078
202078 202078
202227 202227
202227 202227
202227 202227
202227 202227
202227 202227
202227 202227
202227 202227
202227 202227
202227 202227
202227 202227
202227 202227
202227 202227
202227 202227
202227 202227
202227 202227
202227 202227
202227 202227
202227 202227
202227 202227
202227 202227
202227 202227
202227 202227
202227 202227
202227 202227
202227 202227
202227 202227
202227 202227
202227 202227
202227 202227
202227 202227
202227 202227
202227 202227
202227 202227
202227 202227
202227 202227
202227 202227
202227 202227
202227 202227
202227 202227
202227 202227
202227 202227
202227 202227
202227 202227
202227 202227
202227 202227
202227 202227
202227 202227
202227 202227
202227 202227
202227 202227
202227 202227
202227 202227
202227 202227
202227 202227
202227 202227
202227 202227
202227 202227
202227 202227
202227 202227
202227 202227
202227 202227
202227 202227
202227 202227
202227 202227
202227 202227
202227 202227
202227 202227
202227 202227
202227 202227
202227 202227
202227 202227
202227 202227
202227 202227
202227 202227
202227 202227
202227 202227
202227 202227
202227 202227
202227 202227
202227 202227
202227 202227
202227 202227
202227 202227
202227 202227
202227 202227
202227 202227
202227 202227
202227 202227
202227 202227
202227 202227
202227 202227
202227 202227
202227 202227
202227 202227
202227 202227
202227 202227
202227 202227
202227 202227
202227 202227
202227 202227
202227 202227
202227 202227
202227 202227
202227 202227
202227 202227
202227 202227
202227 202227
202227 202227
202227 202227
202227 202227
202227 202227
202227 202227
202227 202227
202227 202227
202227 202227
202227 202227
202227 202227
202227 202227
202227 202227
202227 202227
202227 202227
202227 202227
202227 202227
202227 202227
202227 202227
202227 202227
202227 202227
202227 202227
202227 202227
202227 202227
202227 202227
202227 202227
202227 202227
202227 202227
202227 202227
202227 202227
202227 202227
202227 202227
202227 202227
202227 202227
202227 202227
202227 202227
202227 202227
202227 202227
202227 202227
202227 202227
202227 202227
202227 202227
202227 202227
202227 202227
202227 202227
202227 202227
202227 202227
202227 202227
202227 202227
202227 202227
202227 202227
202227 202227
202227 202227
