242608
-659024 -659024
186805 186805
193128 193128
196330 196330
201756 201756
202182 202182
204684 204684
207218 207218
210425 210425
211004 211004
211139 211139
211270 211270
211786 211786
215656 215656
215688 215688
216591 216591
217893 217893
218941 218941
222163 222163
222453 222453
222462 222462
222816 222816
223601 223601
223725 223725
224265 224265
225668 225668
226074 226074
227048 227048
227431 227431
228103 228103
228629 228629
230029 230029
230561 230561
231391 231391
231965 231965
232025 232025
232105 232105
233475 233475
233663 233663
234073 234073
234694 234694
234694 234694
235559 235559
235830 235830
235895 235895
235936 235936
236173 236173
236411 236411
236439 236439
236518 236518
236618 236618
236876 236876
236888 236888
237852 237852
238160 238160
238666 238666
238666 238666
238666 238666
238806 238806
238850 238850
239093 239093
239108 239108
239128 239128
239365 239365
239365 239365
239365 239365
239381 239381
239470 239470
239654 239654
239835 239835
239935 239935
239935 239935
240329 240329
240329 240329
240329 240329
240330 240330
240392 240392
240397 240397
240398 240398
240461 240461
240538 240538
240557 240557
240571 240571
240595 240595
240610 240610
240656 240656
240718 240718
240772 240772
241093 241093
241192 241192
241200 241200
241200 241200
241273 241273
241388 241388
241411 241411
241440 241440
241443 241443
241443 241443
241540 241540
241545 241545
241641 241641
241641 241641
241831 241831
241831 241831
241831 241831
241831 241831
241831 241831
241831 241831
241831 241831
241866 241866
241866 241866
241893 241893
241893 241893
241893 241893
241953 241953
242055 242055
242055 242055
242055 242055
242055 242055
242055 242055
242061 242061
242061 242061
242061 242061
242061 242061
242080 242080
242080 242080
242168 242168
242168 242168
242168 242168
242168 242168
242168 242168
242168 242168
242168 242168
242168 242168
242168 242168
242168 242168
242181 242181
242181 242181
242181 242181
242269 242269
242269 242269
242269 242269
242269 242269
242269 242269
242269 242269
242269 242269
242269 242269
242269 242269
242269 242269
242269 242269
242269 242269
242269 242269
242269 242269
242269 242269
242289 242289
242294 242294
242294 242294
242309 242309
242310 242310
242310 242310
242310 242310
242412 242412
242412 242412
242412 242412
242412 242412
242412 242412
242412 242412
242412 242412
242412 242412
242412 242412
242412 242412
242412 242412
242412 242412
242412 242412
242416 242416
242427 242427
242427 242427
242427 242427
242427 242427
242427 242427
242427 242427
242427 242427
242427 242427
242427 242427
242427 242427
242427 242427
242427 242427
242427 242427
242427 242427
242427 242427
242427 242427
242427 242427
242427 242427
242427 242427
242464 242464
242464 242464
242464 242464
242464 242464
242464 242464
242464 242464
242464 242464
242464 242464
242464 242464
242464 242464
242464 242464
242464 242464
242464 242464
242489 242489
242489 242489
242489 242489
242489 242489
242489 242489
242489 242489
242489 242489
242489 242489
242489 242489
242489 242489
242489 242489
242489 242489
242489 242489
242489 242489
242489 242489
242489 242489
242489 242489
242489 242489
242489 242489
242489 242489
242489 242489
242489 242489
242489 242489
242489 242489
242489 242489
242489 242489
242489 242489
242489 242489
242489 242489
242489 242489
242489 242489
242489 242489
242489 242489
242489 242489
242489 242489
242489 242489
242489 242489
242489 242489
242489 242489
242489 242489
242489 242489
242489 242489
242489 242489
242489 242489
242489 242489
242489 242489
242489 242489
242489 242489
242489 242489
242489 242489
242489 242489
242489 242489
242489 242489
242489 242489
242489 242489
242489 242489
242489 242489
242489 242489
242489 242489
242489 242489
242489 242489
242489 242489
242489 242489
242489 242489
242489 242489
242489 242489
242489 242489
242489 242489
242489 242489
242489 242489
242489 242489
242489 242489
242489 242489
242489 242489
242489 242489
242489 242489
242489 242489
242489 242489
242489 242489
242489 242489
242489 242489
242489 242489
242489 242489
242489 242489
242489 242489
242489 242489
242489 242489
242489 242489
242489 242489
242489 242489
242489 242489
242489 242489
242489 242489
242489 242489
242489 242489
242489 242489
242489 242489
242489 242489
242489 242489
242489 242489
242520 242520
242520 242520
242520 242520
242520 242520
242520 242520
242520 242520
242520 242520
242529 242529
242529 242529
242529 242529
242529 242529
242529 242529
242529 242529
242529 242529
242529 242529
242529 242529
242529 242529
242529 242529
242529 242529
242529 242529
242529 242529
242529 242529
242529 242529
242529 242529
242529 242529
242529 242529
242529 242529
242548 242548
242548 242548
242548 242548
242548 242548
242548 242548
242548 242548
242548 242548
242548 242548
242548 242548
242548 242548
242548 242548
242548 242548
242548 242548
242548 242548
242548 242548
242548 242548
242548 242548
242548 242548
242548 242548
242548 242548
242548 242548
242548 242548
242548 242548
242548 242548
242558 242558
242558 242558
242558 242558
242558 242558
242558 242558
242558 242558
242558 242558
242558 242558
242558 242558
242558 242558
242558 242558
242558 242558
242558 242558
242558 242558
242558 242558
242558 242558
242558 242558
242558 242558
242558 242558
242558 242558
242558 242558
242558 242558
242558 242558
242558 242558
242558 242558
242559 242559
242559 242559
242559 242559
242559 242559
242559 242559
242559 242559
242559 242559
242559 242559
242559 242559
242559 242559
242566 242566
242566 242566
242566 242566
242566 242566
242566 242566
242566 242566
242566 242566
242566 242566
242566 242566
242566 242566
242566 242566
242566 242566
242566 242566
242566 242566
242566 242566
242566 242566
242566 242566
242566 242566
242566 242566
242566 242566
242566 242566
242566 242566
242566 242566
242579 242579
242596 242596
242596 242596
242596 242596
242596 242596
242596 242596
242596 242596
242596 242596
242596 242596
242596 242596
242596 242596
242596 242596
242596 242596
242596 242596
242596 242596
242596 242596
242596 242596
242596 242596
242596 242596
242596 242596
242596 242596
242596 242596
242596 242596
242596 242596
242596 242596
242596 242596
242596 242596
242596 242596
242596 242596
242596 242596
242596 242596
242596 242596
242596 242596
242596 242596
242596 242596
242596 242596
242596 242596
242596 242596
242596 242596
242596 242596
242596 242596
242596 242596
242596 242596
242596 242596
242596 242596
242596 242596
242596 242596
242596 242596
242596 242596
242596 242596
242596 242596
242596 242596
242596 242596
242596 242596
242596 242596
242596 242596
242596 242596
242596 242596
242596 242596
242596 242596
242596 242596
242596 242596
242599 242599
242599 242599
242599 242599
242599 242599
242599 242599
242599 242599
242599 242599
242599 242599
242599 242599
242608 242608
242608 242608
242608 242608
242608 242608
242608 242608
242608 242608
242608 242608
242608 242608
242608 242608
242608 242608
242608 242608
242608 242608
242608 242608
242608 242608
242608 242608
242608 242608
242608 242608
242608 242608
242608 242608
242608 242608
242608 242608
242608 242608
